[2023-04-30T19:56:29.937+0000] {taskinstance.py:1084} INFO - Dependencies all met for dep_context=non-requeueable deps ti=<TaskInstance: get_todays_gamesv4.call_games manual__2023-04-30T19:56:26.486443+00:00 [queued]>
[2023-04-30T19:56:29.970+0000] {taskinstance.py:1084} INFO - Dependencies all met for dep_context=requeueable deps ti=<TaskInstance: get_todays_gamesv4.call_games manual__2023-04-30T19:56:26.486443+00:00 [queued]>
[2023-04-30T19:56:29.970+0000] {taskinstance.py:1282} INFO - 
--------------------------------------------------------------------------------
[2023-04-30T19:56:29.970+0000] {taskinstance.py:1283} INFO - Starting attempt 1 of 1
[2023-04-30T19:56:29.970+0000] {taskinstance.py:1284} INFO - 
--------------------------------------------------------------------------------
[2023-04-30T19:56:30.009+0000] {taskinstance.py:1303} INFO - Executing <Task(PythonOperator): call_games> on 2023-04-30 19:56:26.486443+00:00
[2023-04-30T19:56:30.037+0000] {standard_task_runner.py:55} INFO - Started process 665 to run task
[2023-04-30T19:56:30.050+0000] {standard_task_runner.py:82} INFO - Running: ['***', 'tasks', 'run', 'get_todays_gamesv4', 'call_games', 'manual__2023-04-30T19:56:26.486443+00:00', '--job-id', '546', '--raw', '--subdir', 'DAGS_FOLDER/todays_games.py', '--cfg-path', '/tmp/tmptmb89gn8']
[2023-04-30T19:56:30.064+0000] {standard_task_runner.py:83} INFO - Job 546: Subtask call_games
[2023-04-30T19:56:30.195+0000] {task_command.py:388} INFO - Running <TaskInstance: get_todays_gamesv4.call_games manual__2023-04-30T19:56:26.486443+00:00 [running]> on host f789e77bc70a
[2023-04-30T19:56:30.292+0000] {taskinstance.py:1511} INFO - Exporting the following env vars:
AIRFLOW_CTX_DAG_OWNER=***
AIRFLOW_CTX_DAG_ID=get_todays_gamesv4
AIRFLOW_CTX_TASK_ID=call_games
AIRFLOW_CTX_EXECUTION_DATE=2023-04-30T19:56:26.486443+00:00
AIRFLOW_CTX_TRY_NUMBER=1
AIRFLOW_CTX_DAG_RUN_ID=manual__2023-04-30T19:56:26.486443+00:00
[2023-04-30T19:56:30.521+0000] {python.py:177} INFO - Done. Returned value was: None
[2023-04-30T19:56:30.532+0000] {taskinstance.py:1326} INFO - Marking task as SUCCESS. dag_id=get_todays_gamesv4, task_id=call_games, execution_date=20230430T195626, start_date=20230430T195629, end_date=20230430T195630
[2023-04-30T19:56:30.575+0000] {local_task_job.py:212} INFO - Task exited with return code 0
[2023-04-30T19:56:30.615+0000] {taskinstance.py:2585} INFO - 1 downstream tasks scheduled from follow-on schedule check
