[2023-05-07T14:30:32.127+0000] {processor.py:153} INFO - Started process (PID=31) to work on /opt/airflow/dags/todays_gamesv2.py
[2023-05-07T14:30:32.128+0000] {processor.py:743} INFO - Processing file /opt/airflow/dags/todays_gamesv2.py for tasks to queue
[2023-05-07T14:30:32.128+0000] {logging_mixin.py:137} INFO - [2023-05-07T14:30:32.128+0000] {dagbag.py:532} INFO - Filling up the DagBag from /opt/airflow/dags/todays_gamesv2.py
[2023-05-07T14:30:32.912+0000] {processor.py:753} INFO - DAG(s) dict_keys(['get_todays_gamesv2']) retrieved from /opt/airflow/dags/todays_gamesv2.py
[2023-05-07T14:30:32.974+0000] {logging_mixin.py:137} INFO - [2023-05-07T14:30:32.974+0000] {dag.py:2693} INFO - Sync 1 DAGs
[2023-05-07T14:30:33.070+0000] {logging_mixin.py:137} INFO - [2023-05-07T14:30:33.070+0000] {dag.py:3444} INFO - Setting next_dagrun for get_todays_gamesv2 to 2023-05-06T15:00:00+00:00, run_after=2023-05-07T15:00:00+00:00
[2023-05-07T14:30:33.157+0000] {processor.py:175} INFO - Processing /opt/airflow/dags/todays_gamesv2.py took 1.033 seconds
[2023-05-07T14:31:04.061+0000] {processor.py:153} INFO - Started process (PID=82) to work on /opt/airflow/dags/todays_gamesv2.py
[2023-05-07T14:31:04.062+0000] {processor.py:743} INFO - Processing file /opt/airflow/dags/todays_gamesv2.py for tasks to queue
[2023-05-07T14:31:04.063+0000] {logging_mixin.py:137} INFO - [2023-05-07T14:31:04.063+0000] {dagbag.py:532} INFO - Filling up the DagBag from /opt/airflow/dags/todays_gamesv2.py
[2023-05-07T14:31:04.229+0000] {processor.py:753} INFO - DAG(s) dict_keys(['get_todays_gamesv2']) retrieved from /opt/airflow/dags/todays_gamesv2.py
[2023-05-07T14:31:04.264+0000] {logging_mixin.py:137} INFO - [2023-05-07T14:31:04.264+0000] {dag.py:2693} INFO - Sync 1 DAGs
[2023-05-07T14:31:04.298+0000] {logging_mixin.py:137} INFO - [2023-05-07T14:31:04.297+0000] {dag.py:3444} INFO - Setting next_dagrun for get_todays_gamesv2 to 2023-05-06T15:00:00+00:00, run_after=2023-05-07T15:00:00+00:00
[2023-05-07T14:31:04.317+0000] {processor.py:175} INFO - Processing /opt/airflow/dags/todays_gamesv2.py took 0.260 seconds
[2023-05-07T14:31:34.350+0000] {processor.py:153} INFO - Started process (PID=133) to work on /opt/airflow/dags/todays_gamesv2.py
[2023-05-07T14:31:34.351+0000] {processor.py:743} INFO - Processing file /opt/airflow/dags/todays_gamesv2.py for tasks to queue
[2023-05-07T14:31:34.352+0000] {logging_mixin.py:137} INFO - [2023-05-07T14:31:34.352+0000] {dagbag.py:532} INFO - Filling up the DagBag from /opt/airflow/dags/todays_gamesv2.py
[2023-05-07T14:31:34.515+0000] {processor.py:753} INFO - DAG(s) dict_keys(['get_todays_gamesv2']) retrieved from /opt/airflow/dags/todays_gamesv2.py
[2023-05-07T14:31:34.546+0000] {logging_mixin.py:137} INFO - [2023-05-07T14:31:34.546+0000] {dag.py:2693} INFO - Sync 1 DAGs
[2023-05-07T14:31:34.579+0000] {logging_mixin.py:137} INFO - [2023-05-07T14:31:34.579+0000] {dag.py:3444} INFO - Setting next_dagrun for get_todays_gamesv2 to 2023-05-06T15:00:00+00:00, run_after=2023-05-07T15:00:00+00:00
[2023-05-07T14:31:34.599+0000] {processor.py:175} INFO - Processing /opt/airflow/dags/todays_gamesv2.py took 0.253 seconds
[2023-05-07T14:32:04.862+0000] {processor.py:153} INFO - Started process (PID=184) to work on /opt/airflow/dags/todays_gamesv2.py
[2023-05-07T14:32:04.863+0000] {processor.py:743} INFO - Processing file /opt/airflow/dags/todays_gamesv2.py for tasks to queue
[2023-05-07T14:32:04.864+0000] {logging_mixin.py:137} INFO - [2023-05-07T14:32:04.863+0000] {dagbag.py:532} INFO - Filling up the DagBag from /opt/airflow/dags/todays_gamesv2.py
[2023-05-07T14:32:05.034+0000] {processor.py:753} INFO - DAG(s) dict_keys(['get_todays_gamesv2']) retrieved from /opt/airflow/dags/todays_gamesv2.py
[2023-05-07T14:32:05.065+0000] {logging_mixin.py:137} INFO - [2023-05-07T14:32:05.065+0000] {dag.py:2693} INFO - Sync 1 DAGs
[2023-05-07T14:32:05.099+0000] {logging_mixin.py:137} INFO - [2023-05-07T14:32:05.099+0000] {dag.py:3444} INFO - Setting next_dagrun for get_todays_gamesv2 to 2023-05-06T15:00:00+00:00, run_after=2023-05-07T15:00:00+00:00
[2023-05-07T14:32:05.122+0000] {processor.py:175} INFO - Processing /opt/airflow/dags/todays_gamesv2.py took 0.264 seconds
[2023-05-07T14:32:35.353+0000] {processor.py:153} INFO - Started process (PID=235) to work on /opt/airflow/dags/todays_gamesv2.py
[2023-05-07T14:32:35.354+0000] {processor.py:743} INFO - Processing file /opt/airflow/dags/todays_gamesv2.py for tasks to queue
[2023-05-07T14:32:35.354+0000] {logging_mixin.py:137} INFO - [2023-05-07T14:32:35.354+0000] {dagbag.py:532} INFO - Filling up the DagBag from /opt/airflow/dags/todays_gamesv2.py
[2023-05-07T14:32:35.519+0000] {processor.py:753} INFO - DAG(s) dict_keys(['get_todays_gamesv2']) retrieved from /opt/airflow/dags/todays_gamesv2.py
[2023-05-07T14:32:35.551+0000] {logging_mixin.py:137} INFO - [2023-05-07T14:32:35.551+0000] {dag.py:2693} INFO - Sync 1 DAGs
[2023-05-07T14:32:35.584+0000] {logging_mixin.py:137} INFO - [2023-05-07T14:32:35.584+0000] {dag.py:3444} INFO - Setting next_dagrun for get_todays_gamesv2 to 2023-05-06T15:00:00+00:00, run_after=2023-05-07T15:00:00+00:00
[2023-05-07T14:32:35.604+0000] {processor.py:175} INFO - Processing /opt/airflow/dags/todays_gamesv2.py took 0.255 seconds
[2023-05-07T14:33:06.054+0000] {processor.py:153} INFO - Started process (PID=286) to work on /opt/airflow/dags/todays_gamesv2.py
[2023-05-07T14:33:06.055+0000] {processor.py:743} INFO - Processing file /opt/airflow/dags/todays_gamesv2.py for tasks to queue
[2023-05-07T14:33:06.056+0000] {logging_mixin.py:137} INFO - [2023-05-07T14:33:06.055+0000] {dagbag.py:532} INFO - Filling up the DagBag from /opt/airflow/dags/todays_gamesv2.py
[2023-05-07T14:33:06.219+0000] {processor.py:753} INFO - DAG(s) dict_keys(['get_todays_gamesv2']) retrieved from /opt/airflow/dags/todays_gamesv2.py
[2023-05-07T14:33:06.250+0000] {logging_mixin.py:137} INFO - [2023-05-07T14:33:06.250+0000] {dag.py:2693} INFO - Sync 1 DAGs
[2023-05-07T14:33:06.283+0000] {logging_mixin.py:137} INFO - [2023-05-07T14:33:06.282+0000] {dag.py:3444} INFO - Setting next_dagrun for get_todays_gamesv2 to 2023-05-06T15:00:00+00:00, run_after=2023-05-07T15:00:00+00:00
[2023-05-07T14:33:06.302+0000] {processor.py:175} INFO - Processing /opt/airflow/dags/todays_gamesv2.py took 0.252 seconds
[2023-05-07T14:33:36.737+0000] {processor.py:153} INFO - Started process (PID=337) to work on /opt/airflow/dags/todays_gamesv2.py
[2023-05-07T14:33:36.737+0000] {processor.py:743} INFO - Processing file /opt/airflow/dags/todays_gamesv2.py for tasks to queue
[2023-05-07T14:33:36.738+0000] {logging_mixin.py:137} INFO - [2023-05-07T14:33:36.738+0000] {dagbag.py:532} INFO - Filling up the DagBag from /opt/airflow/dags/todays_gamesv2.py
[2023-05-07T14:33:36.911+0000] {processor.py:753} INFO - DAG(s) dict_keys(['get_todays_gamesv2']) retrieved from /opt/airflow/dags/todays_gamesv2.py
[2023-05-07T14:33:36.941+0000] {logging_mixin.py:137} INFO - [2023-05-07T14:33:36.941+0000] {dag.py:2693} INFO - Sync 1 DAGs
[2023-05-07T14:33:36.974+0000] {logging_mixin.py:137} INFO - [2023-05-07T14:33:36.974+0000] {dag.py:3444} INFO - Setting next_dagrun for get_todays_gamesv2 to 2023-05-06T15:00:00+00:00, run_after=2023-05-07T15:00:00+00:00
[2023-05-07T14:33:36.993+0000] {processor.py:175} INFO - Processing /opt/airflow/dags/todays_gamesv2.py took 0.260 seconds
[2023-05-07T14:34:07.249+0000] {processor.py:153} INFO - Started process (PID=388) to work on /opt/airflow/dags/todays_gamesv2.py
[2023-05-07T14:34:07.250+0000] {processor.py:743} INFO - Processing file /opt/airflow/dags/todays_gamesv2.py for tasks to queue
[2023-05-07T14:34:07.251+0000] {logging_mixin.py:137} INFO - [2023-05-07T14:34:07.251+0000] {dagbag.py:532} INFO - Filling up the DagBag from /opt/airflow/dags/todays_gamesv2.py
[2023-05-07T14:34:07.416+0000] {processor.py:753} INFO - DAG(s) dict_keys(['get_todays_gamesv2']) retrieved from /opt/airflow/dags/todays_gamesv2.py
[2023-05-07T14:34:07.451+0000] {logging_mixin.py:137} INFO - [2023-05-07T14:34:07.451+0000] {dag.py:2693} INFO - Sync 1 DAGs
[2023-05-07T14:34:07.496+0000] {logging_mixin.py:137} INFO - [2023-05-07T14:34:07.496+0000] {dag.py:3444} INFO - Setting next_dagrun for get_todays_gamesv2 to 2023-05-06T15:00:00+00:00, run_after=2023-05-07T15:00:00+00:00
[2023-05-07T14:34:07.519+0000] {processor.py:175} INFO - Processing /opt/airflow/dags/todays_gamesv2.py took 0.274 seconds
[2023-05-07T14:34:37.888+0000] {processor.py:153} INFO - Started process (PID=439) to work on /opt/airflow/dags/todays_gamesv2.py
[2023-05-07T14:34:37.890+0000] {processor.py:743} INFO - Processing file /opt/airflow/dags/todays_gamesv2.py for tasks to queue
[2023-05-07T14:34:37.891+0000] {logging_mixin.py:137} INFO - [2023-05-07T14:34:37.891+0000] {dagbag.py:532} INFO - Filling up the DagBag from /opt/airflow/dags/todays_gamesv2.py
[2023-05-07T14:34:38.155+0000] {processor.py:753} INFO - DAG(s) dict_keys(['get_todays_gamesv2']) retrieved from /opt/airflow/dags/todays_gamesv2.py
[2023-05-07T14:34:38.185+0000] {logging_mixin.py:137} INFO - [2023-05-07T14:34:38.185+0000] {dag.py:2693} INFO - Sync 1 DAGs
[2023-05-07T14:34:38.219+0000] {logging_mixin.py:137} INFO - [2023-05-07T14:34:38.218+0000] {dag.py:3444} INFO - Setting next_dagrun for get_todays_gamesv2 to 2023-05-06T15:00:00+00:00, run_after=2023-05-07T15:00:00+00:00
[2023-05-07T14:34:38.262+0000] {processor.py:175} INFO - Processing /opt/airflow/dags/todays_gamesv2.py took 0.379 seconds
[2023-05-07T14:35:09.173+0000] {processor.py:153} INFO - Started process (PID=490) to work on /opt/airflow/dags/todays_gamesv2.py
[2023-05-07T14:35:09.177+0000] {processor.py:743} INFO - Processing file /opt/airflow/dags/todays_gamesv2.py for tasks to queue
[2023-05-07T14:35:09.177+0000] {logging_mixin.py:137} INFO - [2023-05-07T14:35:09.177+0000] {dagbag.py:532} INFO - Filling up the DagBag from /opt/airflow/dags/todays_gamesv2.py
[2023-05-07T14:35:09.566+0000] {processor.py:753} INFO - DAG(s) dict_keys(['get_todays_gamesv2']) retrieved from /opt/airflow/dags/todays_gamesv2.py
[2023-05-07T14:35:09.639+0000] {logging_mixin.py:137} INFO - [2023-05-07T14:35:09.638+0000] {dag.py:2693} INFO - Sync 1 DAGs
[2023-05-07T14:35:09.778+0000] {logging_mixin.py:137} INFO - [2023-05-07T14:35:09.778+0000] {dag.py:3444} INFO - Setting next_dagrun for get_todays_gamesv2 to 2023-05-06T15:00:00+00:00, run_after=2023-05-07T15:00:00+00:00
[2023-05-07T14:35:09.863+0000] {processor.py:175} INFO - Processing /opt/airflow/dags/todays_gamesv2.py took 0.700 seconds
[2023-05-07T14:35:40.103+0000] {processor.py:153} INFO - Started process (PID=540) to work on /opt/airflow/dags/todays_gamesv2.py
[2023-05-07T14:35:40.104+0000] {processor.py:743} INFO - Processing file /opt/airflow/dags/todays_gamesv2.py for tasks to queue
[2023-05-07T14:35:40.104+0000] {logging_mixin.py:137} INFO - [2023-05-07T14:35:40.104+0000] {dagbag.py:532} INFO - Filling up the DagBag from /opt/airflow/dags/todays_gamesv2.py
[2023-05-07T14:35:40.269+0000] {processor.py:753} INFO - DAG(s) dict_keys(['get_todays_gamesv2']) retrieved from /opt/airflow/dags/todays_gamesv2.py
[2023-05-07T14:35:40.304+0000] {logging_mixin.py:137} INFO - [2023-05-07T14:35:40.303+0000] {dag.py:2693} INFO - Sync 1 DAGs
[2023-05-07T14:35:40.340+0000] {logging_mixin.py:137} INFO - [2023-05-07T14:35:40.340+0000] {dag.py:3444} INFO - Setting next_dagrun for get_todays_gamesv2 to 2023-05-06T15:00:00+00:00, run_after=2023-05-07T15:00:00+00:00
[2023-05-07T14:35:40.361+0000] {processor.py:175} INFO - Processing /opt/airflow/dags/todays_gamesv2.py took 0.262 seconds
[2023-05-07T14:36:10.795+0000] {processor.py:153} INFO - Started process (PID=591) to work on /opt/airflow/dags/todays_gamesv2.py
[2023-05-07T14:36:10.796+0000] {processor.py:743} INFO - Processing file /opt/airflow/dags/todays_gamesv2.py for tasks to queue
[2023-05-07T14:36:10.797+0000] {logging_mixin.py:137} INFO - [2023-05-07T14:36:10.797+0000] {dagbag.py:532} INFO - Filling up the DagBag from /opt/airflow/dags/todays_gamesv2.py
[2023-05-07T14:36:10.964+0000] {processor.py:753} INFO - DAG(s) dict_keys(['get_todays_gamesv2']) retrieved from /opt/airflow/dags/todays_gamesv2.py
[2023-05-07T14:36:10.999+0000] {logging_mixin.py:137} INFO - [2023-05-07T14:36:10.999+0000] {dag.py:2693} INFO - Sync 1 DAGs
[2023-05-07T14:36:11.034+0000] {logging_mixin.py:137} INFO - [2023-05-07T14:36:11.034+0000] {dag.py:3444} INFO - Setting next_dagrun for get_todays_gamesv2 to 2023-05-06T15:00:00+00:00, run_after=2023-05-07T15:00:00+00:00
[2023-05-07T14:36:11.057+0000] {processor.py:175} INFO - Processing /opt/airflow/dags/todays_gamesv2.py took 0.266 seconds
[2023-05-07T14:36:41.739+0000] {processor.py:153} INFO - Started process (PID=643) to work on /opt/airflow/dags/todays_gamesv2.py
[2023-05-07T14:36:41.739+0000] {processor.py:743} INFO - Processing file /opt/airflow/dags/todays_gamesv2.py for tasks to queue
[2023-05-07T14:36:41.740+0000] {logging_mixin.py:137} INFO - [2023-05-07T14:36:41.740+0000] {dagbag.py:532} INFO - Filling up the DagBag from /opt/airflow/dags/todays_gamesv2.py
[2023-05-07T14:36:41.912+0000] {processor.py:753} INFO - DAG(s) dict_keys(['get_todays_gamesv2']) retrieved from /opt/airflow/dags/todays_gamesv2.py
[2023-05-07T14:36:41.947+0000] {logging_mixin.py:137} INFO - [2023-05-07T14:36:41.947+0000] {dag.py:2693} INFO - Sync 1 DAGs
[2023-05-07T14:36:41.981+0000] {logging_mixin.py:137} INFO - [2023-05-07T14:36:41.981+0000] {dag.py:3444} INFO - Setting next_dagrun for get_todays_gamesv2 to 2023-05-06T15:00:00+00:00, run_after=2023-05-07T15:00:00+00:00
[2023-05-07T14:36:42.001+0000] {processor.py:175} INFO - Processing /opt/airflow/dags/todays_gamesv2.py took 0.266 seconds
[2023-05-07T14:37:12.047+0000] {processor.py:153} INFO - Started process (PID=694) to work on /opt/airflow/dags/todays_gamesv2.py
[2023-05-07T14:37:12.048+0000] {processor.py:743} INFO - Processing file /opt/airflow/dags/todays_gamesv2.py for tasks to queue
[2023-05-07T14:37:12.048+0000] {logging_mixin.py:137} INFO - [2023-05-07T14:37:12.048+0000] {dagbag.py:532} INFO - Filling up the DagBag from /opt/airflow/dags/todays_gamesv2.py
[2023-05-07T14:37:12.215+0000] {processor.py:753} INFO - DAG(s) dict_keys(['get_todays_gamesv2']) retrieved from /opt/airflow/dags/todays_gamesv2.py
[2023-05-07T14:37:12.257+0000] {logging_mixin.py:137} INFO - [2023-05-07T14:37:12.257+0000] {dag.py:2693} INFO - Sync 1 DAGs
[2023-05-07T14:37:12.292+0000] {logging_mixin.py:137} INFO - [2023-05-07T14:37:12.292+0000] {dag.py:3444} INFO - Setting next_dagrun for get_todays_gamesv2 to 2023-05-06T15:00:00+00:00, run_after=2023-05-07T15:00:00+00:00
[2023-05-07T14:37:12.313+0000] {processor.py:175} INFO - Processing /opt/airflow/dags/todays_gamesv2.py took 0.270 seconds
[2023-05-07T14:37:42.947+0000] {processor.py:153} INFO - Started process (PID=745) to work on /opt/airflow/dags/todays_gamesv2.py
[2023-05-07T14:37:42.948+0000] {processor.py:743} INFO - Processing file /opt/airflow/dags/todays_gamesv2.py for tasks to queue
[2023-05-07T14:37:42.949+0000] {logging_mixin.py:137} INFO - [2023-05-07T14:37:42.949+0000] {dagbag.py:532} INFO - Filling up the DagBag from /opt/airflow/dags/todays_gamesv2.py
[2023-05-07T14:37:43.115+0000] {processor.py:753} INFO - DAG(s) dict_keys(['get_todays_gamesv2']) retrieved from /opt/airflow/dags/todays_gamesv2.py
[2023-05-07T14:37:43.152+0000] {logging_mixin.py:137} INFO - [2023-05-07T14:37:43.152+0000] {dag.py:2693} INFO - Sync 1 DAGs
[2023-05-07T14:37:43.187+0000] {logging_mixin.py:137} INFO - [2023-05-07T14:37:43.186+0000] {dag.py:3444} INFO - Setting next_dagrun for get_todays_gamesv2 to 2023-05-06T15:00:00+00:00, run_after=2023-05-07T15:00:00+00:00
[2023-05-07T14:37:43.207+0000] {processor.py:175} INFO - Processing /opt/airflow/dags/todays_gamesv2.py took 0.263 seconds
[2023-05-07T14:38:13.470+0000] {processor.py:153} INFO - Started process (PID=796) to work on /opt/airflow/dags/todays_gamesv2.py
[2023-05-07T14:38:13.471+0000] {processor.py:743} INFO - Processing file /opt/airflow/dags/todays_gamesv2.py for tasks to queue
[2023-05-07T14:38:13.473+0000] {logging_mixin.py:137} INFO - [2023-05-07T14:38:13.473+0000] {dagbag.py:532} INFO - Filling up the DagBag from /opt/airflow/dags/todays_gamesv2.py
[2023-05-07T14:38:13.641+0000] {processor.py:753} INFO - DAG(s) dict_keys(['get_todays_gamesv2']) retrieved from /opt/airflow/dags/todays_gamesv2.py
[2023-05-07T14:38:13.673+0000] {logging_mixin.py:137} INFO - [2023-05-07T14:38:13.673+0000] {dag.py:2693} INFO - Sync 1 DAGs
[2023-05-07T14:38:13.706+0000] {logging_mixin.py:137} INFO - [2023-05-07T14:38:13.706+0000] {dag.py:3444} INFO - Setting next_dagrun for get_todays_gamesv2 to 2023-05-06T15:00:00+00:00, run_after=2023-05-07T15:00:00+00:00
[2023-05-07T14:38:13.730+0000] {processor.py:175} INFO - Processing /opt/airflow/dags/todays_gamesv2.py took 0.264 seconds
[2023-05-07T14:38:43.850+0000] {processor.py:153} INFO - Started process (PID=847) to work on /opt/airflow/dags/todays_gamesv2.py
[2023-05-07T14:38:43.851+0000] {processor.py:743} INFO - Processing file /opt/airflow/dags/todays_gamesv2.py for tasks to queue
[2023-05-07T14:38:43.851+0000] {logging_mixin.py:137} INFO - [2023-05-07T14:38:43.851+0000] {dagbag.py:532} INFO - Filling up the DagBag from /opt/airflow/dags/todays_gamesv2.py
[2023-05-07T14:38:44.019+0000] {processor.py:753} INFO - DAG(s) dict_keys(['get_todays_gamesv2']) retrieved from /opt/airflow/dags/todays_gamesv2.py
[2023-05-07T14:38:44.052+0000] {logging_mixin.py:137} INFO - [2023-05-07T14:38:44.052+0000] {dag.py:2693} INFO - Sync 1 DAGs
[2023-05-07T14:38:44.107+0000] {logging_mixin.py:137} INFO - [2023-05-07T14:38:44.106+0000] {dag.py:3444} INFO - Setting next_dagrun for get_todays_gamesv2 to 2023-05-06T15:00:00+00:00, run_after=2023-05-07T15:00:00+00:00
[2023-05-07T14:38:44.133+0000] {processor.py:175} INFO - Processing /opt/airflow/dags/todays_gamesv2.py took 0.292 seconds
[2023-05-07T14:39:14.301+0000] {processor.py:153} INFO - Started process (PID=898) to work on /opt/airflow/dags/todays_gamesv2.py
[2023-05-07T14:39:14.304+0000] {processor.py:743} INFO - Processing file /opt/airflow/dags/todays_gamesv2.py for tasks to queue
[2023-05-07T14:39:14.305+0000] {logging_mixin.py:137} INFO - [2023-05-07T14:39:14.304+0000] {dagbag.py:532} INFO - Filling up the DagBag from /opt/airflow/dags/todays_gamesv2.py
[2023-05-07T14:39:14.471+0000] {processor.py:753} INFO - DAG(s) dict_keys(['get_todays_gamesv2']) retrieved from /opt/airflow/dags/todays_gamesv2.py
[2023-05-07T14:39:14.503+0000] {logging_mixin.py:137} INFO - [2023-05-07T14:39:14.503+0000] {dag.py:2693} INFO - Sync 1 DAGs
[2023-05-07T14:39:14.537+0000] {logging_mixin.py:137} INFO - [2023-05-07T14:39:14.537+0000] {dag.py:3444} INFO - Setting next_dagrun for get_todays_gamesv2 to 2023-05-06T15:00:00+00:00, run_after=2023-05-07T15:00:00+00:00
[2023-05-07T14:39:14.557+0000] {processor.py:175} INFO - Processing /opt/airflow/dags/todays_gamesv2.py took 0.261 seconds
[2023-05-07T14:39:44.601+0000] {processor.py:153} INFO - Started process (PID=948) to work on /opt/airflow/dags/todays_gamesv2.py
[2023-05-07T14:39:44.602+0000] {processor.py:743} INFO - Processing file /opt/airflow/dags/todays_gamesv2.py for tasks to queue
[2023-05-07T14:39:44.603+0000] {logging_mixin.py:137} INFO - [2023-05-07T14:39:44.603+0000] {dagbag.py:532} INFO - Filling up the DagBag from /opt/airflow/dags/todays_gamesv2.py
[2023-05-07T14:39:44.771+0000] {processor.py:753} INFO - DAG(s) dict_keys(['get_todays_gamesv2']) retrieved from /opt/airflow/dags/todays_gamesv2.py
[2023-05-07T14:39:44.802+0000] {logging_mixin.py:137} INFO - [2023-05-07T14:39:44.802+0000] {dag.py:2693} INFO - Sync 1 DAGs
[2023-05-07T14:39:44.837+0000] {logging_mixin.py:137} INFO - [2023-05-07T14:39:44.836+0000] {dag.py:3444} INFO - Setting next_dagrun for get_todays_gamesv2 to 2023-05-06T15:00:00+00:00, run_after=2023-05-07T15:00:00+00:00
[2023-05-07T14:39:44.856+0000] {processor.py:175} INFO - Processing /opt/airflow/dags/todays_gamesv2.py took 0.259 seconds
[2023-05-07T14:40:15.014+0000] {processor.py:153} INFO - Started process (PID=998) to work on /opt/airflow/dags/todays_gamesv2.py
[2023-05-07T14:40:15.015+0000] {processor.py:743} INFO - Processing file /opt/airflow/dags/todays_gamesv2.py for tasks to queue
[2023-05-07T14:40:15.016+0000] {logging_mixin.py:137} INFO - [2023-05-07T14:40:15.016+0000] {dagbag.py:532} INFO - Filling up the DagBag from /opt/airflow/dags/todays_gamesv2.py
[2023-05-07T14:40:15.197+0000] {processor.py:753} INFO - DAG(s) dict_keys(['get_todays_gamesv2']) retrieved from /opt/airflow/dags/todays_gamesv2.py
[2023-05-07T14:40:15.266+0000] {logging_mixin.py:137} INFO - [2023-05-07T14:40:15.266+0000] {dag.py:2693} INFO - Sync 1 DAGs
[2023-05-07T14:40:15.311+0000] {logging_mixin.py:137} INFO - [2023-05-07T14:40:15.311+0000] {dag.py:3444} INFO - Setting next_dagrun for get_todays_gamesv2 to 2023-05-06T15:00:00+00:00, run_after=2023-05-07T15:00:00+00:00
[2023-05-07T14:40:15.331+0000] {processor.py:175} INFO - Processing /opt/airflow/dags/todays_gamesv2.py took 0.320 seconds
[2023-05-07T14:40:45.740+0000] {processor.py:153} INFO - Started process (PID=1057) to work on /opt/airflow/dags/todays_gamesv2.py
[2023-05-07T14:40:45.742+0000] {processor.py:743} INFO - Processing file /opt/airflow/dags/todays_gamesv2.py for tasks to queue
[2023-05-07T14:40:45.743+0000] {logging_mixin.py:137} INFO - [2023-05-07T14:40:45.743+0000] {dagbag.py:532} INFO - Filling up the DagBag from /opt/airflow/dags/todays_gamesv2.py
[2023-05-07T14:40:45.910+0000] {processor.py:753} INFO - DAG(s) dict_keys(['get_todays_gamesv2']) retrieved from /opt/airflow/dags/todays_gamesv2.py
[2023-05-07T14:40:45.941+0000] {logging_mixin.py:137} INFO - [2023-05-07T14:40:45.941+0000] {dag.py:2693} INFO - Sync 1 DAGs
[2023-05-07T14:40:45.974+0000] {logging_mixin.py:137} INFO - [2023-05-07T14:40:45.974+0000] {dag.py:3444} INFO - Setting next_dagrun for get_todays_gamesv2 to 2023-05-06T15:00:00+00:00, run_after=2023-05-07T15:00:00+00:00
[2023-05-07T14:40:45.998+0000] {processor.py:175} INFO - Processing /opt/airflow/dags/todays_gamesv2.py took 0.262 seconds
[2023-05-07T14:41:16.176+0000] {processor.py:153} INFO - Started process (PID=1108) to work on /opt/airflow/dags/todays_gamesv2.py
[2023-05-07T14:41:16.188+0000] {processor.py:743} INFO - Processing file /opt/airflow/dags/todays_gamesv2.py for tasks to queue
[2023-05-07T14:41:16.189+0000] {logging_mixin.py:137} INFO - [2023-05-07T14:41:16.189+0000] {dagbag.py:532} INFO - Filling up the DagBag from /opt/airflow/dags/todays_gamesv2.py
[2023-05-07T14:41:16.459+0000] {processor.py:753} INFO - DAG(s) dict_keys(['get_todays_gamesv2']) retrieved from /opt/airflow/dags/todays_gamesv2.py
[2023-05-07T14:41:16.508+0000] {logging_mixin.py:137} INFO - [2023-05-07T14:41:16.507+0000] {dag.py:2693} INFO - Sync 1 DAGs
[2023-05-07T14:41:16.543+0000] {logging_mixin.py:137} INFO - [2023-05-07T14:41:16.543+0000] {dag.py:3444} INFO - Setting next_dagrun for get_todays_gamesv2 to 2023-05-06T15:00:00+00:00, run_after=2023-05-07T15:00:00+00:00
[2023-05-07T14:41:16.574+0000] {processor.py:175} INFO - Processing /opt/airflow/dags/todays_gamesv2.py took 0.402 seconds
[2023-05-07T14:41:46.721+0000] {processor.py:153} INFO - Started process (PID=1159) to work on /opt/airflow/dags/todays_gamesv2.py
[2023-05-07T14:41:46.722+0000] {processor.py:743} INFO - Processing file /opt/airflow/dags/todays_gamesv2.py for tasks to queue
[2023-05-07T14:41:46.723+0000] {logging_mixin.py:137} INFO - [2023-05-07T14:41:46.722+0000] {dagbag.py:532} INFO - Filling up the DagBag from /opt/airflow/dags/todays_gamesv2.py
[2023-05-07T14:41:46.886+0000] {processor.py:753} INFO - DAG(s) dict_keys(['get_todays_gamesv2']) retrieved from /opt/airflow/dags/todays_gamesv2.py
[2023-05-07T14:41:46.917+0000] {logging_mixin.py:137} INFO - [2023-05-07T14:41:46.917+0000] {dag.py:2693} INFO - Sync 1 DAGs
[2023-05-07T14:41:46.951+0000] {logging_mixin.py:137} INFO - [2023-05-07T14:41:46.950+0000] {dag.py:3444} INFO - Setting next_dagrun for get_todays_gamesv2 to 2023-05-06T15:00:00+00:00, run_after=2023-05-07T15:00:00+00:00
[2023-05-07T14:41:46.971+0000] {processor.py:175} INFO - Processing /opt/airflow/dags/todays_gamesv2.py took 0.254 seconds
[2023-05-07T14:42:17.564+0000] {processor.py:153} INFO - Started process (PID=1210) to work on /opt/airflow/dags/todays_gamesv2.py
[2023-05-07T14:42:17.577+0000] {processor.py:743} INFO - Processing file /opt/airflow/dags/todays_gamesv2.py for tasks to queue
[2023-05-07T14:42:17.578+0000] {logging_mixin.py:137} INFO - [2023-05-07T14:42:17.578+0000] {dagbag.py:532} INFO - Filling up the DagBag from /opt/airflow/dags/todays_gamesv2.py
[2023-05-07T14:42:17.933+0000] {processor.py:753} INFO - DAG(s) dict_keys(['get_todays_gamesv2']) retrieved from /opt/airflow/dags/todays_gamesv2.py
[2023-05-07T14:42:17.989+0000] {logging_mixin.py:137} INFO - [2023-05-07T14:42:17.989+0000] {dag.py:2693} INFO - Sync 1 DAGs
[2023-05-07T14:42:18.056+0000] {logging_mixin.py:137} INFO - [2023-05-07T14:42:18.055+0000] {dag.py:3444} INFO - Setting next_dagrun for get_todays_gamesv2 to 2023-05-06T15:00:00+00:00, run_after=2023-05-07T15:00:00+00:00
[2023-05-07T14:42:18.099+0000] {processor.py:175} INFO - Processing /opt/airflow/dags/todays_gamesv2.py took 0.539 seconds
[2023-05-07T14:42:48.354+0000] {processor.py:153} INFO - Started process (PID=1261) to work on /opt/airflow/dags/todays_gamesv2.py
[2023-05-07T14:42:48.355+0000] {processor.py:743} INFO - Processing file /opt/airflow/dags/todays_gamesv2.py for tasks to queue
[2023-05-07T14:42:48.356+0000] {logging_mixin.py:137} INFO - [2023-05-07T14:42:48.356+0000] {dagbag.py:532} INFO - Filling up the DagBag from /opt/airflow/dags/todays_gamesv2.py
[2023-05-07T14:42:48.566+0000] {processor.py:753} INFO - DAG(s) dict_keys(['get_todays_gamesv2']) retrieved from /opt/airflow/dags/todays_gamesv2.py
[2023-05-07T14:42:48.634+0000] {logging_mixin.py:137} INFO - [2023-05-07T14:42:48.634+0000] {dag.py:2693} INFO - Sync 1 DAGs
[2023-05-07T14:42:48.711+0000] {logging_mixin.py:137} INFO - [2023-05-07T14:42:48.711+0000] {dag.py:3444} INFO - Setting next_dagrun for get_todays_gamesv2 to 2023-05-06T15:00:00+00:00, run_after=2023-05-07T15:00:00+00:00
[2023-05-07T14:42:48.753+0000] {processor.py:175} INFO - Processing /opt/airflow/dags/todays_gamesv2.py took 0.402 seconds
[2023-05-07T14:43:19.088+0000] {processor.py:153} INFO - Started process (PID=1313) to work on /opt/airflow/dags/todays_gamesv2.py
[2023-05-07T14:43:19.090+0000] {processor.py:743} INFO - Processing file /opt/airflow/dags/todays_gamesv2.py for tasks to queue
[2023-05-07T14:43:19.091+0000] {logging_mixin.py:137} INFO - [2023-05-07T14:43:19.090+0000] {dagbag.py:532} INFO - Filling up the DagBag from /opt/airflow/dags/todays_gamesv2.py
[2023-05-07T14:43:19.258+0000] {processor.py:753} INFO - DAG(s) dict_keys(['get_todays_gamesv2']) retrieved from /opt/airflow/dags/todays_gamesv2.py
[2023-05-07T14:43:19.290+0000] {logging_mixin.py:137} INFO - [2023-05-07T14:43:19.289+0000] {dag.py:2693} INFO - Sync 1 DAGs
[2023-05-07T14:43:19.325+0000] {logging_mixin.py:137} INFO - [2023-05-07T14:43:19.325+0000] {dag.py:3444} INFO - Setting next_dagrun for get_todays_gamesv2 to 2023-05-06T15:00:00+00:00, run_after=2023-05-07T15:00:00+00:00
[2023-05-07T14:43:19.345+0000] {processor.py:175} INFO - Processing /opt/airflow/dags/todays_gamesv2.py took 0.260 seconds
[2023-05-07T14:43:49.827+0000] {processor.py:153} INFO - Started process (PID=1364) to work on /opt/airflow/dags/todays_gamesv2.py
[2023-05-07T14:43:49.828+0000] {processor.py:743} INFO - Processing file /opt/airflow/dags/todays_gamesv2.py for tasks to queue
[2023-05-07T14:43:49.829+0000] {logging_mixin.py:137} INFO - [2023-05-07T14:43:49.829+0000] {dagbag.py:532} INFO - Filling up the DagBag from /opt/airflow/dags/todays_gamesv2.py
[2023-05-07T14:43:50.004+0000] {processor.py:753} INFO - DAG(s) dict_keys(['get_todays_gamesv2']) retrieved from /opt/airflow/dags/todays_gamesv2.py
[2023-05-07T14:43:50.036+0000] {logging_mixin.py:137} INFO - [2023-05-07T14:43:50.036+0000] {dag.py:2693} INFO - Sync 1 DAGs
[2023-05-07T14:43:50.069+0000] {logging_mixin.py:137} INFO - [2023-05-07T14:43:50.069+0000] {dag.py:3444} INFO - Setting next_dagrun for get_todays_gamesv2 to 2023-05-06T15:00:00+00:00, run_after=2023-05-07T15:00:00+00:00
[2023-05-07T14:43:50.089+0000] {processor.py:175} INFO - Processing /opt/airflow/dags/todays_gamesv2.py took 0.266 seconds
[2023-05-07T14:44:20.759+0000] {processor.py:153} INFO - Started process (PID=1415) to work on /opt/airflow/dags/todays_gamesv2.py
[2023-05-07T14:44:20.760+0000] {processor.py:743} INFO - Processing file /opt/airflow/dags/todays_gamesv2.py for tasks to queue
[2023-05-07T14:44:20.760+0000] {logging_mixin.py:137} INFO - [2023-05-07T14:44:20.760+0000] {dagbag.py:532} INFO - Filling up the DagBag from /opt/airflow/dags/todays_gamesv2.py
[2023-05-07T14:44:20.925+0000] {processor.py:753} INFO - DAG(s) dict_keys(['get_todays_gamesv2']) retrieved from /opt/airflow/dags/todays_gamesv2.py
[2023-05-07T14:44:20.956+0000] {logging_mixin.py:137} INFO - [2023-05-07T14:44:20.956+0000] {dag.py:2693} INFO - Sync 1 DAGs
[2023-05-07T14:44:20.988+0000] {logging_mixin.py:137} INFO - [2023-05-07T14:44:20.988+0000] {dag.py:3444} INFO - Setting next_dagrun for get_todays_gamesv2 to 2023-05-06T15:00:00+00:00, run_after=2023-05-07T15:00:00+00:00
[2023-05-07T14:44:21.007+0000] {processor.py:175} INFO - Processing /opt/airflow/dags/todays_gamesv2.py took 0.252 seconds
[2023-05-07T14:44:51.940+0000] {processor.py:153} INFO - Started process (PID=1466) to work on /opt/airflow/dags/todays_gamesv2.py
[2023-05-07T14:44:51.941+0000] {processor.py:743} INFO - Processing file /opt/airflow/dags/todays_gamesv2.py for tasks to queue
[2023-05-07T14:44:51.942+0000] {logging_mixin.py:137} INFO - [2023-05-07T14:44:51.942+0000] {dagbag.py:532} INFO - Filling up the DagBag from /opt/airflow/dags/todays_gamesv2.py
[2023-05-07T14:44:52.112+0000] {processor.py:753} INFO - DAG(s) dict_keys(['get_todays_gamesv2']) retrieved from /opt/airflow/dags/todays_gamesv2.py
[2023-05-07T14:44:52.143+0000] {logging_mixin.py:137} INFO - [2023-05-07T14:44:52.143+0000] {dag.py:2693} INFO - Sync 1 DAGs
[2023-05-07T14:44:52.178+0000] {logging_mixin.py:137} INFO - [2023-05-07T14:44:52.178+0000] {dag.py:3444} INFO - Setting next_dagrun for get_todays_gamesv2 to 2023-05-06T15:00:00+00:00, run_after=2023-05-07T15:00:00+00:00
[2023-05-07T14:44:52.199+0000] {processor.py:175} INFO - Processing /opt/airflow/dags/todays_gamesv2.py took 0.263 seconds
[2023-05-07T14:45:22.455+0000] {processor.py:153} INFO - Started process (PID=1517) to work on /opt/airflow/dags/todays_gamesv2.py
[2023-05-07T14:45:22.456+0000] {processor.py:743} INFO - Processing file /opt/airflow/dags/todays_gamesv2.py for tasks to queue
[2023-05-07T14:45:22.456+0000] {logging_mixin.py:137} INFO - [2023-05-07T14:45:22.456+0000] {dagbag.py:532} INFO - Filling up the DagBag from /opt/airflow/dags/todays_gamesv2.py
[2023-05-07T14:45:22.631+0000] {processor.py:753} INFO - DAG(s) dict_keys(['get_todays_gamesv2']) retrieved from /opt/airflow/dags/todays_gamesv2.py
[2023-05-07T14:45:22.678+0000] {logging_mixin.py:137} INFO - [2023-05-07T14:45:22.678+0000] {dag.py:2693} INFO - Sync 1 DAGs
[2023-05-07T14:45:22.714+0000] {logging_mixin.py:137} INFO - [2023-05-07T14:45:22.714+0000] {dag.py:3444} INFO - Setting next_dagrun for get_todays_gamesv2 to 2023-05-06T15:00:00+00:00, run_after=2023-05-07T15:00:00+00:00
[2023-05-07T14:45:22.735+0000] {processor.py:175} INFO - Processing /opt/airflow/dags/todays_gamesv2.py took 0.285 seconds
[2023-05-07T14:45:52.808+0000] {processor.py:153} INFO - Started process (PID=1568) to work on /opt/airflow/dags/todays_gamesv2.py
[2023-05-07T14:45:52.810+0000] {processor.py:743} INFO - Processing file /opt/airflow/dags/todays_gamesv2.py for tasks to queue
[2023-05-07T14:45:52.810+0000] {logging_mixin.py:137} INFO - [2023-05-07T14:45:52.810+0000] {dagbag.py:532} INFO - Filling up the DagBag from /opt/airflow/dags/todays_gamesv2.py
[2023-05-07T14:45:52.980+0000] {processor.py:753} INFO - DAG(s) dict_keys(['get_todays_gamesv2']) retrieved from /opt/airflow/dags/todays_gamesv2.py
[2023-05-07T14:45:53.013+0000] {logging_mixin.py:137} INFO - [2023-05-07T14:45:53.013+0000] {dag.py:2693} INFO - Sync 1 DAGs
[2023-05-07T14:45:53.047+0000] {logging_mixin.py:137} INFO - [2023-05-07T14:45:53.047+0000] {dag.py:3444} INFO - Setting next_dagrun for get_todays_gamesv2 to 2023-05-06T15:00:00+00:00, run_after=2023-05-07T15:00:00+00:00
[2023-05-07T14:45:53.068+0000] {processor.py:175} INFO - Processing /opt/airflow/dags/todays_gamesv2.py took 0.263 seconds
[2023-05-07T14:46:23.405+0000] {processor.py:153} INFO - Started process (PID=1619) to work on /opt/airflow/dags/todays_gamesv2.py
[2023-05-07T14:46:23.406+0000] {processor.py:743} INFO - Processing file /opt/airflow/dags/todays_gamesv2.py for tasks to queue
[2023-05-07T14:46:23.407+0000] {logging_mixin.py:137} INFO - [2023-05-07T14:46:23.407+0000] {dagbag.py:532} INFO - Filling up the DagBag from /opt/airflow/dags/todays_gamesv2.py
[2023-05-07T14:46:23.577+0000] {processor.py:753} INFO - DAG(s) dict_keys(['get_todays_gamesv2']) retrieved from /opt/airflow/dags/todays_gamesv2.py
[2023-05-07T14:46:23.612+0000] {logging_mixin.py:137} INFO - [2023-05-07T14:46:23.612+0000] {dag.py:2693} INFO - Sync 1 DAGs
[2023-05-07T14:46:23.647+0000] {logging_mixin.py:137} INFO - [2023-05-07T14:46:23.647+0000] {dag.py:3444} INFO - Setting next_dagrun for get_todays_gamesv2 to 2023-05-06T15:00:00+00:00, run_after=2023-05-07T15:00:00+00:00
[2023-05-07T14:46:23.666+0000] {processor.py:175} INFO - Processing /opt/airflow/dags/todays_gamesv2.py took 0.265 seconds
[2023-05-07T14:46:25.051+0000] {processor.py:153} INFO - Started process (PID=1630) to work on /opt/airflow/dags/todays_gamesv2.py
[2023-05-07T14:46:25.052+0000] {processor.py:743} INFO - Processing file /opt/airflow/dags/todays_gamesv2.py for tasks to queue
[2023-05-07T14:46:25.053+0000] {logging_mixin.py:137} INFO - [2023-05-07T14:46:25.053+0000] {dagbag.py:532} INFO - Filling up the DagBag from /opt/airflow/dags/todays_gamesv2.py
[2023-05-07T14:46:25.239+0000] {processor.py:753} INFO - DAG(s) dict_keys(['get_todays_gamesv2']) retrieved from /opt/airflow/dags/todays_gamesv2.py
[2023-05-07T14:46:25.269+0000] {logging_mixin.py:137} INFO - [2023-05-07T14:46:25.269+0000] {dag.py:2693} INFO - Sync 1 DAGs
[2023-05-07T14:46:25.302+0000] {logging_mixin.py:137} INFO - [2023-05-07T14:46:25.302+0000] {dag.py:3444} INFO - Setting next_dagrun for get_todays_gamesv2 to 2023-05-06T15:00:00+00:00, run_after=2023-05-07T15:00:00+00:00
[2023-05-07T14:46:25.326+0000] {processor.py:175} INFO - Processing /opt/airflow/dags/todays_gamesv2.py took 0.279 seconds
[2023-05-07T14:46:55.407+0000] {processor.py:153} INFO - Started process (PID=1680) to work on /opt/airflow/dags/todays_gamesv2.py
[2023-05-07T14:46:55.408+0000] {processor.py:743} INFO - Processing file /opt/airflow/dags/todays_gamesv2.py for tasks to queue
[2023-05-07T14:46:55.409+0000] {logging_mixin.py:137} INFO - [2023-05-07T14:46:55.408+0000] {dagbag.py:532} INFO - Filling up the DagBag from /opt/airflow/dags/todays_gamesv2.py
[2023-05-07T14:46:55.586+0000] {processor.py:753} INFO - DAG(s) dict_keys(['get_todays_gamesv2']) retrieved from /opt/airflow/dags/todays_gamesv2.py
[2023-05-07T14:46:55.616+0000] {logging_mixin.py:137} INFO - [2023-05-07T14:46:55.616+0000] {dag.py:2693} INFO - Sync 1 DAGs
[2023-05-07T14:46:55.651+0000] {logging_mixin.py:137} INFO - [2023-05-07T14:46:55.651+0000] {dag.py:3444} INFO - Setting next_dagrun for get_todays_gamesv2 to 2023-05-06T15:00:00+00:00, run_after=2023-05-07T15:00:00+00:00
[2023-05-07T14:46:55.675+0000] {processor.py:175} INFO - Processing /opt/airflow/dags/todays_gamesv2.py took 0.272 seconds
[2023-05-07T14:47:25.808+0000] {processor.py:153} INFO - Started process (PID=1729) to work on /opt/airflow/dags/todays_gamesv2.py
[2023-05-07T14:47:25.811+0000] {processor.py:743} INFO - Processing file /opt/airflow/dags/todays_gamesv2.py for tasks to queue
[2023-05-07T14:47:25.811+0000] {logging_mixin.py:137} INFO - [2023-05-07T14:47:25.811+0000] {dagbag.py:532} INFO - Filling up the DagBag from /opt/airflow/dags/todays_gamesv2.py
[2023-05-07T14:47:25.978+0000] {processor.py:753} INFO - DAG(s) dict_keys(['get_todays_gamesv2']) retrieved from /opt/airflow/dags/todays_gamesv2.py
[2023-05-07T14:47:26.012+0000] {logging_mixin.py:137} INFO - [2023-05-07T14:47:26.012+0000] {dag.py:2693} INFO - Sync 1 DAGs
[2023-05-07T14:47:26.059+0000] {logging_mixin.py:137} INFO - [2023-05-07T14:47:26.059+0000] {dag.py:3444} INFO - Setting next_dagrun for get_todays_gamesv2 to 2023-05-06T15:00:00+00:00, run_after=2023-05-07T15:00:00+00:00
[2023-05-07T14:47:26.079+0000] {processor.py:175} INFO - Processing /opt/airflow/dags/todays_gamesv2.py took 0.275 seconds
[2023-05-07T14:47:56.256+0000] {processor.py:153} INFO - Started process (PID=1778) to work on /opt/airflow/dags/todays_gamesv2.py
[2023-05-07T14:47:56.257+0000] {processor.py:743} INFO - Processing file /opt/airflow/dags/todays_gamesv2.py for tasks to queue
[2023-05-07T14:47:56.257+0000] {logging_mixin.py:137} INFO - [2023-05-07T14:47:56.257+0000] {dagbag.py:532} INFO - Filling up the DagBag from /opt/airflow/dags/todays_gamesv2.py
[2023-05-07T14:47:56.612+0000] {processor.py:753} INFO - DAG(s) dict_keys(['get_todays_gamesv2']) retrieved from /opt/airflow/dags/todays_gamesv2.py
[2023-05-07T14:47:56.666+0000] {logging_mixin.py:137} INFO - [2023-05-07T14:47:56.666+0000] {dag.py:2693} INFO - Sync 1 DAGs
[2023-05-07T14:47:56.728+0000] {logging_mixin.py:137} INFO - [2023-05-07T14:47:56.728+0000] {dag.py:3444} INFO - Setting next_dagrun for get_todays_gamesv2 to 2023-05-06T15:00:00+00:00, run_after=2023-05-07T15:00:00+00:00
[2023-05-07T14:47:56.779+0000] {processor.py:175} INFO - Processing /opt/airflow/dags/todays_gamesv2.py took 0.535 seconds
[2023-05-07T14:48:27.419+0000] {processor.py:153} INFO - Started process (PID=1829) to work on /opt/airflow/dags/todays_gamesv2.py
[2023-05-07T14:48:27.421+0000] {processor.py:743} INFO - Processing file /opt/airflow/dags/todays_gamesv2.py for tasks to queue
[2023-05-07T14:48:27.422+0000] {logging_mixin.py:137} INFO - [2023-05-07T14:48:27.421+0000] {dagbag.py:532} INFO - Filling up the DagBag from /opt/airflow/dags/todays_gamesv2.py
[2023-05-07T14:48:27.599+0000] {processor.py:753} INFO - DAG(s) dict_keys(['get_todays_gamesv2']) retrieved from /opt/airflow/dags/todays_gamesv2.py
[2023-05-07T14:48:27.637+0000] {logging_mixin.py:137} INFO - [2023-05-07T14:48:27.637+0000] {dag.py:2693} INFO - Sync 1 DAGs
[2023-05-07T14:48:27.675+0000] {logging_mixin.py:137} INFO - [2023-05-07T14:48:27.675+0000] {dag.py:3444} INFO - Setting next_dagrun for get_todays_gamesv2 to 2023-05-06T15:00:00+00:00, run_after=2023-05-07T15:00:00+00:00
[2023-05-07T14:48:27.695+0000] {processor.py:175} INFO - Processing /opt/airflow/dags/todays_gamesv2.py took 0.279 seconds
[2023-05-07T14:48:57.922+0000] {processor.py:153} INFO - Started process (PID=1880) to work on /opt/airflow/dags/todays_gamesv2.py
[2023-05-07T14:48:57.923+0000] {processor.py:743} INFO - Processing file /opt/airflow/dags/todays_gamesv2.py for tasks to queue
[2023-05-07T14:48:57.924+0000] {logging_mixin.py:137} INFO - [2023-05-07T14:48:57.923+0000] {dagbag.py:532} INFO - Filling up the DagBag from /opt/airflow/dags/todays_gamesv2.py
[2023-05-07T14:48:58.103+0000] {processor.py:753} INFO - DAG(s) dict_keys(['get_todays_gamesv2']) retrieved from /opt/airflow/dags/todays_gamesv2.py
[2023-05-07T14:48:58.134+0000] {logging_mixin.py:137} INFO - [2023-05-07T14:48:58.133+0000] {dag.py:2693} INFO - Sync 1 DAGs
[2023-05-07T14:48:58.166+0000] {logging_mixin.py:137} INFO - [2023-05-07T14:48:58.166+0000] {dag.py:3444} INFO - Setting next_dagrun for get_todays_gamesv2 to 2023-05-06T15:00:00+00:00, run_after=2023-05-07T15:00:00+00:00
[2023-05-07T14:48:58.186+0000] {processor.py:175} INFO - Processing /opt/airflow/dags/todays_gamesv2.py took 0.272 seconds
[2023-05-07T14:49:28.219+0000] {processor.py:153} INFO - Started process (PID=1931) to work on /opt/airflow/dags/todays_gamesv2.py
[2023-05-07T14:49:28.220+0000] {processor.py:743} INFO - Processing file /opt/airflow/dags/todays_gamesv2.py for tasks to queue
[2023-05-07T14:49:28.221+0000] {logging_mixin.py:137} INFO - [2023-05-07T14:49:28.221+0000] {dagbag.py:532} INFO - Filling up the DagBag from /opt/airflow/dags/todays_gamesv2.py
[2023-05-07T14:49:28.407+0000] {processor.py:753} INFO - DAG(s) dict_keys(['get_todays_gamesv2']) retrieved from /opt/airflow/dags/todays_gamesv2.py
[2023-05-07T14:49:28.438+0000] {logging_mixin.py:137} INFO - [2023-05-07T14:49:28.438+0000] {dag.py:2693} INFO - Sync 1 DAGs
[2023-05-07T14:49:28.474+0000] {logging_mixin.py:137} INFO - [2023-05-07T14:49:28.474+0000] {dag.py:3444} INFO - Setting next_dagrun for get_todays_gamesv2 to 2023-05-06T15:00:00+00:00, run_after=2023-05-07T15:00:00+00:00
[2023-05-07T14:49:28.494+0000] {processor.py:175} INFO - Processing /opt/airflow/dags/todays_gamesv2.py took 0.279 seconds
[2023-05-07T14:49:58.604+0000] {processor.py:153} INFO - Started process (PID=1983) to work on /opt/airflow/dags/todays_gamesv2.py
[2023-05-07T14:49:58.605+0000] {processor.py:743} INFO - Processing file /opt/airflow/dags/todays_gamesv2.py for tasks to queue
[2023-05-07T14:49:58.606+0000] {logging_mixin.py:137} INFO - [2023-05-07T14:49:58.606+0000] {dagbag.py:532} INFO - Filling up the DagBag from /opt/airflow/dags/todays_gamesv2.py
[2023-05-07T14:49:58.931+0000] {processor.py:753} INFO - DAG(s) dict_keys(['get_todays_gamesv2']) retrieved from /opt/airflow/dags/todays_gamesv2.py
[2023-05-07T14:49:58.993+0000] {logging_mixin.py:137} INFO - [2023-05-07T14:49:58.993+0000] {dag.py:2693} INFO - Sync 1 DAGs
[2023-05-07T14:49:59.054+0000] {logging_mixin.py:137} INFO - [2023-05-07T14:49:59.054+0000] {dag.py:3444} INFO - Setting next_dagrun for get_todays_gamesv2 to 2023-05-06T15:00:00+00:00, run_after=2023-05-07T15:00:00+00:00
[2023-05-07T14:49:59.107+0000] {processor.py:175} INFO - Processing /opt/airflow/dags/todays_gamesv2.py took 0.515 seconds
[2023-05-07T14:50:29.723+0000] {processor.py:153} INFO - Started process (PID=2033) to work on /opt/airflow/dags/todays_gamesv2.py
[2023-05-07T14:50:29.725+0000] {processor.py:743} INFO - Processing file /opt/airflow/dags/todays_gamesv2.py for tasks to queue
[2023-05-07T14:50:29.726+0000] {logging_mixin.py:137} INFO - [2023-05-07T14:50:29.726+0000] {dagbag.py:532} INFO - Filling up the DagBag from /opt/airflow/dags/todays_gamesv2.py
[2023-05-07T14:50:30.006+0000] {processor.py:753} INFO - DAG(s) dict_keys(['get_todays_gamesv2']) retrieved from /opt/airflow/dags/todays_gamesv2.py
[2023-05-07T14:50:30.059+0000] {logging_mixin.py:137} INFO - [2023-05-07T14:50:30.059+0000] {dag.py:2693} INFO - Sync 1 DAGs
[2023-05-07T14:50:30.126+0000] {logging_mixin.py:137} INFO - [2023-05-07T14:50:30.124+0000] {dag.py:3444} INFO - Setting next_dagrun for get_todays_gamesv2 to 2023-05-06T15:00:00+00:00, run_after=2023-05-07T15:00:00+00:00
[2023-05-07T14:50:30.164+0000] {processor.py:175} INFO - Processing /opt/airflow/dags/todays_gamesv2.py took 0.444 seconds
[2023-05-07T14:51:00.650+0000] {processor.py:153} INFO - Started process (PID=2084) to work on /opt/airflow/dags/todays_gamesv2.py
[2023-05-07T14:51:00.651+0000] {processor.py:743} INFO - Processing file /opt/airflow/dags/todays_gamesv2.py for tasks to queue
[2023-05-07T14:51:00.652+0000] {logging_mixin.py:137} INFO - [2023-05-07T14:51:00.652+0000] {dagbag.py:532} INFO - Filling up the DagBag from /opt/airflow/dags/todays_gamesv2.py
[2023-05-07T14:51:00.838+0000] {processor.py:753} INFO - DAG(s) dict_keys(['get_todays_gamesv2']) retrieved from /opt/airflow/dags/todays_gamesv2.py
[2023-05-07T14:51:00.869+0000] {logging_mixin.py:137} INFO - [2023-05-07T14:51:00.869+0000] {dag.py:2693} INFO - Sync 1 DAGs
[2023-05-07T14:51:00.907+0000] {logging_mixin.py:137} INFO - [2023-05-07T14:51:00.906+0000] {dag.py:3444} INFO - Setting next_dagrun for get_todays_gamesv2 to 2023-05-06T15:00:00+00:00, run_after=2023-05-07T15:00:00+00:00
[2023-05-07T14:51:00.927+0000] {processor.py:175} INFO - Processing /opt/airflow/dags/todays_gamesv2.py took 0.281 seconds
[2023-05-07T14:51:31.152+0000] {processor.py:153} INFO - Started process (PID=2135) to work on /opt/airflow/dags/todays_gamesv2.py
[2023-05-07T14:51:31.153+0000] {processor.py:743} INFO - Processing file /opt/airflow/dags/todays_gamesv2.py for tasks to queue
[2023-05-07T14:51:31.154+0000] {logging_mixin.py:137} INFO - [2023-05-07T14:51:31.154+0000] {dagbag.py:532} INFO - Filling up the DagBag from /opt/airflow/dags/todays_gamesv2.py
[2023-05-07T14:51:31.328+0000] {processor.py:753} INFO - DAG(s) dict_keys(['get_todays_gamesv2']) retrieved from /opt/airflow/dags/todays_gamesv2.py
[2023-05-07T14:51:31.359+0000] {logging_mixin.py:137} INFO - [2023-05-07T14:51:31.359+0000] {dag.py:2693} INFO - Sync 1 DAGs
[2023-05-07T14:51:31.392+0000] {logging_mixin.py:137} INFO - [2023-05-07T14:51:31.392+0000] {dag.py:3444} INFO - Setting next_dagrun for get_todays_gamesv2 to 2023-05-06T15:00:00+00:00, run_after=2023-05-07T15:00:00+00:00
[2023-05-07T14:51:31.412+0000] {processor.py:175} INFO - Processing /opt/airflow/dags/todays_gamesv2.py took 0.264 seconds
[2023-05-07T14:52:01.569+0000] {processor.py:153} INFO - Started process (PID=2186) to work on /opt/airflow/dags/todays_gamesv2.py
[2023-05-07T14:52:01.570+0000] {processor.py:743} INFO - Processing file /opt/airflow/dags/todays_gamesv2.py for tasks to queue
[2023-05-07T14:52:01.571+0000] {logging_mixin.py:137} INFO - [2023-05-07T14:52:01.571+0000] {dagbag.py:532} INFO - Filling up the DagBag from /opt/airflow/dags/todays_gamesv2.py
[2023-05-07T14:52:01.747+0000] {processor.py:753} INFO - DAG(s) dict_keys(['get_todays_gamesv2']) retrieved from /opt/airflow/dags/todays_gamesv2.py
[2023-05-07T14:52:01.778+0000] {logging_mixin.py:137} INFO - [2023-05-07T14:52:01.778+0000] {dag.py:2693} INFO - Sync 1 DAGs
[2023-05-07T14:52:01.814+0000] {logging_mixin.py:137} INFO - [2023-05-07T14:52:01.814+0000] {dag.py:3444} INFO - Setting next_dagrun for get_todays_gamesv2 to 2023-05-06T15:00:00+00:00, run_after=2023-05-07T15:00:00+00:00
[2023-05-07T14:52:01.835+0000] {processor.py:175} INFO - Processing /opt/airflow/dags/todays_gamesv2.py took 0.271 seconds
[2023-05-07T14:52:31.880+0000] {processor.py:153} INFO - Started process (PID=2238) to work on /opt/airflow/dags/todays_gamesv2.py
[2023-05-07T14:52:31.881+0000] {processor.py:743} INFO - Processing file /opt/airflow/dags/todays_gamesv2.py for tasks to queue
[2023-05-07T14:52:31.882+0000] {logging_mixin.py:137} INFO - [2023-05-07T14:52:31.882+0000] {dagbag.py:532} INFO - Filling up the DagBag from /opt/airflow/dags/todays_gamesv2.py
[2023-05-07T14:52:32.078+0000] {processor.py:753} INFO - DAG(s) dict_keys(['get_todays_gamesv2']) retrieved from /opt/airflow/dags/todays_gamesv2.py
[2023-05-07T14:52:32.111+0000] {logging_mixin.py:137} INFO - [2023-05-07T14:52:32.111+0000] {dag.py:2693} INFO - Sync 1 DAGs
[2023-05-07T14:52:32.147+0000] {logging_mixin.py:137} INFO - [2023-05-07T14:52:32.147+0000] {dag.py:3444} INFO - Setting next_dagrun for get_todays_gamesv2 to 2023-05-06T15:00:00+00:00, run_after=2023-05-07T15:00:00+00:00
[2023-05-07T14:52:32.168+0000] {processor.py:175} INFO - Processing /opt/airflow/dags/todays_gamesv2.py took 0.293 seconds
[2023-05-07T14:53:02.247+0000] {processor.py:153} INFO - Started process (PID=2288) to work on /opt/airflow/dags/todays_gamesv2.py
[2023-05-07T14:53:02.249+0000] {processor.py:743} INFO - Processing file /opt/airflow/dags/todays_gamesv2.py for tasks to queue
[2023-05-07T14:53:02.250+0000] {logging_mixin.py:137} INFO - [2023-05-07T14:53:02.249+0000] {dagbag.py:532} INFO - Filling up the DagBag from /opt/airflow/dags/todays_gamesv2.py
[2023-05-07T14:53:02.451+0000] {processor.py:753} INFO - DAG(s) dict_keys(['get_todays_gamesv2']) retrieved from /opt/airflow/dags/todays_gamesv2.py
[2023-05-07T14:53:02.482+0000] {logging_mixin.py:137} INFO - [2023-05-07T14:53:02.482+0000] {dag.py:2693} INFO - Sync 1 DAGs
[2023-05-07T14:53:02.522+0000] {logging_mixin.py:137} INFO - [2023-05-07T14:53:02.522+0000] {dag.py:3444} INFO - Setting next_dagrun for get_todays_gamesv2 to 2023-05-06T15:00:00+00:00, run_after=2023-05-07T15:00:00+00:00
[2023-05-07T14:53:02.544+0000] {processor.py:175} INFO - Processing /opt/airflow/dags/todays_gamesv2.py took 0.301 seconds
[2023-05-07T14:53:32.702+0000] {processor.py:153} INFO - Started process (PID=2341) to work on /opt/airflow/dags/todays_gamesv2.py
[2023-05-07T14:53:32.703+0000] {processor.py:743} INFO - Processing file /opt/airflow/dags/todays_gamesv2.py for tasks to queue
[2023-05-07T14:53:32.704+0000] {logging_mixin.py:137} INFO - [2023-05-07T14:53:32.704+0000] {dagbag.py:532} INFO - Filling up the DagBag from /opt/airflow/dags/todays_gamesv2.py
[2023-05-07T14:53:32.880+0000] {processor.py:753} INFO - DAG(s) dict_keys(['get_todays_gamesv2']) retrieved from /opt/airflow/dags/todays_gamesv2.py
[2023-05-07T14:53:32.912+0000] {logging_mixin.py:137} INFO - [2023-05-07T14:53:32.911+0000] {dag.py:2693} INFO - Sync 1 DAGs
[2023-05-07T14:53:32.948+0000] {logging_mixin.py:137} INFO - [2023-05-07T14:53:32.947+0000] {dag.py:3444} INFO - Setting next_dagrun for get_todays_gamesv2 to 2023-05-06T15:00:00+00:00, run_after=2023-05-07T15:00:00+00:00
[2023-05-07T14:53:32.971+0000] {processor.py:175} INFO - Processing /opt/airflow/dags/todays_gamesv2.py took 0.273 seconds
[2023-05-07T14:54:03.157+0000] {processor.py:153} INFO - Started process (PID=2390) to work on /opt/airflow/dags/todays_gamesv2.py
[2023-05-07T14:54:03.163+0000] {processor.py:743} INFO - Processing file /opt/airflow/dags/todays_gamesv2.py for tasks to queue
[2023-05-07T14:54:03.164+0000] {logging_mixin.py:137} INFO - [2023-05-07T14:54:03.164+0000] {dagbag.py:532} INFO - Filling up the DagBag from /opt/airflow/dags/todays_gamesv2.py
[2023-05-07T14:54:03.542+0000] {processor.py:753} INFO - DAG(s) dict_keys(['get_todays_gamesv2']) retrieved from /opt/airflow/dags/todays_gamesv2.py
[2023-05-07T14:54:03.573+0000] {logging_mixin.py:137} INFO - [2023-05-07T14:54:03.573+0000] {dag.py:2693} INFO - Sync 1 DAGs
[2023-05-07T14:54:03.616+0000] {logging_mixin.py:137} INFO - [2023-05-07T14:54:03.616+0000] {dag.py:3444} INFO - Setting next_dagrun for get_todays_gamesv2 to 2023-05-06T15:00:00+00:00, run_after=2023-05-07T15:00:00+00:00
[2023-05-07T14:54:03.650+0000] {processor.py:175} INFO - Processing /opt/airflow/dags/todays_gamesv2.py took 0.497 seconds
[2023-05-07T14:54:33.823+0000] {processor.py:153} INFO - Started process (PID=2443) to work on /opt/airflow/dags/todays_gamesv2.py
[2023-05-07T14:54:33.825+0000] {processor.py:743} INFO - Processing file /opt/airflow/dags/todays_gamesv2.py for tasks to queue
[2023-05-07T14:54:33.826+0000] {logging_mixin.py:137} INFO - [2023-05-07T14:54:33.826+0000] {dagbag.py:532} INFO - Filling up the DagBag from /opt/airflow/dags/todays_gamesv2.py
[2023-05-07T14:54:34.024+0000] {processor.py:753} INFO - DAG(s) dict_keys(['get_todays_gamesv2']) retrieved from /opt/airflow/dags/todays_gamesv2.py
[2023-05-07T14:54:34.056+0000] {logging_mixin.py:137} INFO - [2023-05-07T14:54:34.055+0000] {dag.py:2693} INFO - Sync 1 DAGs
[2023-05-07T14:54:34.091+0000] {logging_mixin.py:137} INFO - [2023-05-07T14:54:34.090+0000] {dag.py:3444} INFO - Setting next_dagrun for get_todays_gamesv2 to 2023-05-06T15:00:00+00:00, run_after=2023-05-07T15:00:00+00:00
[2023-05-07T14:54:34.113+0000] {processor.py:175} INFO - Processing /opt/airflow/dags/todays_gamesv2.py took 0.293 seconds
[2023-05-07T14:55:04.387+0000] {processor.py:153} INFO - Started process (PID=2492) to work on /opt/airflow/dags/todays_gamesv2.py
[2023-05-07T14:55:04.388+0000] {processor.py:743} INFO - Processing file /opt/airflow/dags/todays_gamesv2.py for tasks to queue
[2023-05-07T14:55:04.389+0000] {logging_mixin.py:137} INFO - [2023-05-07T14:55:04.389+0000] {dagbag.py:532} INFO - Filling up the DagBag from /opt/airflow/dags/todays_gamesv2.py
[2023-05-07T14:55:04.578+0000] {processor.py:753} INFO - DAG(s) dict_keys(['get_todays_gamesv2']) retrieved from /opt/airflow/dags/todays_gamesv2.py
[2023-05-07T14:55:04.609+0000] {logging_mixin.py:137} INFO - [2023-05-07T14:55:04.609+0000] {dag.py:2693} INFO - Sync 1 DAGs
[2023-05-07T14:55:04.644+0000] {logging_mixin.py:137} INFO - [2023-05-07T14:55:04.644+0000] {dag.py:3444} INFO - Setting next_dagrun for get_todays_gamesv2 to 2023-05-06T15:00:00+00:00, run_after=2023-05-07T15:00:00+00:00
[2023-05-07T14:55:04.669+0000] {processor.py:175} INFO - Processing /opt/airflow/dags/todays_gamesv2.py took 0.285 seconds
[2023-05-07T14:55:34.720+0000] {processor.py:153} INFO - Started process (PID=2544) to work on /opt/airflow/dags/todays_gamesv2.py
[2023-05-07T14:55:34.721+0000] {processor.py:743} INFO - Processing file /opt/airflow/dags/todays_gamesv2.py for tasks to queue
[2023-05-07T14:55:34.722+0000] {logging_mixin.py:137} INFO - [2023-05-07T14:55:34.722+0000] {dagbag.py:532} INFO - Filling up the DagBag from /opt/airflow/dags/todays_gamesv2.py
[2023-05-07T14:55:34.893+0000] {processor.py:753} INFO - DAG(s) dict_keys(['get_todays_gamesv2']) retrieved from /opt/airflow/dags/todays_gamesv2.py
[2023-05-07T14:55:34.929+0000] {logging_mixin.py:137} INFO - [2023-05-07T14:55:34.929+0000] {dag.py:2693} INFO - Sync 1 DAGs
[2023-05-07T14:55:34.967+0000] {logging_mixin.py:137} INFO - [2023-05-07T14:55:34.967+0000] {dag.py:3444} INFO - Setting next_dagrun for get_todays_gamesv2 to 2023-05-06T15:00:00+00:00, run_after=2023-05-07T15:00:00+00:00
[2023-05-07T14:55:34.989+0000] {processor.py:175} INFO - Processing /opt/airflow/dags/todays_gamesv2.py took 0.273 seconds
[2023-05-07T14:56:05.309+0000] {processor.py:153} INFO - Started process (PID=2594) to work on /opt/airflow/dags/todays_gamesv2.py
[2023-05-07T14:56:05.311+0000] {processor.py:743} INFO - Processing file /opt/airflow/dags/todays_gamesv2.py for tasks to queue
[2023-05-07T14:56:05.311+0000] {logging_mixin.py:137} INFO - [2023-05-07T14:56:05.311+0000] {dagbag.py:532} INFO - Filling up the DagBag from /opt/airflow/dags/todays_gamesv2.py
[2023-05-07T14:56:05.487+0000] {processor.py:753} INFO - DAG(s) dict_keys(['get_todays_gamesv2']) retrieved from /opt/airflow/dags/todays_gamesv2.py
[2023-05-07T14:56:05.523+0000] {logging_mixin.py:137} INFO - [2023-05-07T14:56:05.523+0000] {dag.py:2693} INFO - Sync 1 DAGs
[2023-05-07T14:56:05.557+0000] {logging_mixin.py:137} INFO - [2023-05-07T14:56:05.557+0000] {dag.py:3444} INFO - Setting next_dagrun for get_todays_gamesv2 to 2023-05-06T15:00:00+00:00, run_after=2023-05-07T15:00:00+00:00
[2023-05-07T14:56:05.579+0000] {processor.py:175} INFO - Processing /opt/airflow/dags/todays_gamesv2.py took 0.274 seconds
[2023-05-07T14:56:36.142+0000] {processor.py:153} INFO - Started process (PID=2645) to work on /opt/airflow/dags/todays_gamesv2.py
[2023-05-07T14:56:36.143+0000] {processor.py:743} INFO - Processing file /opt/airflow/dags/todays_gamesv2.py for tasks to queue
[2023-05-07T14:56:36.144+0000] {logging_mixin.py:137} INFO - [2023-05-07T14:56:36.144+0000] {dagbag.py:532} INFO - Filling up the DagBag from /opt/airflow/dags/todays_gamesv2.py
[2023-05-07T14:56:36.325+0000] {processor.py:753} INFO - DAG(s) dict_keys(['get_todays_gamesv2']) retrieved from /opt/airflow/dags/todays_gamesv2.py
[2023-05-07T14:56:36.357+0000] {logging_mixin.py:137} INFO - [2023-05-07T14:56:36.357+0000] {dag.py:2693} INFO - Sync 1 DAGs
[2023-05-07T14:56:36.392+0000] {logging_mixin.py:137} INFO - [2023-05-07T14:56:36.392+0000] {dag.py:3444} INFO - Setting next_dagrun for get_todays_gamesv2 to 2023-05-06T15:00:00+00:00, run_after=2023-05-07T15:00:00+00:00
[2023-05-07T14:56:36.414+0000] {processor.py:175} INFO - Processing /opt/airflow/dags/todays_gamesv2.py took 0.277 seconds
[2023-05-07T14:57:06.702+0000] {processor.py:153} INFO - Started process (PID=2696) to work on /opt/airflow/dags/todays_gamesv2.py
[2023-05-07T14:57:06.703+0000] {processor.py:743} INFO - Processing file /opt/airflow/dags/todays_gamesv2.py for tasks to queue
[2023-05-07T14:57:06.704+0000] {logging_mixin.py:137} INFO - [2023-05-07T14:57:06.704+0000] {dagbag.py:532} INFO - Filling up the DagBag from /opt/airflow/dags/todays_gamesv2.py
[2023-05-07T14:57:07.056+0000] {processor.py:753} INFO - DAG(s) dict_keys(['get_todays_gamesv2']) retrieved from /opt/airflow/dags/todays_gamesv2.py
[2023-05-07T14:57:07.091+0000] {logging_mixin.py:137} INFO - [2023-05-07T14:57:07.091+0000] {dag.py:2693} INFO - Sync 1 DAGs
[2023-05-07T14:57:07.125+0000] {logging_mixin.py:137} INFO - [2023-05-07T14:57:07.125+0000] {dag.py:3444} INFO - Setting next_dagrun for get_todays_gamesv2 to 2023-05-06T15:00:00+00:00, run_after=2023-05-07T15:00:00+00:00
[2023-05-07T14:57:07.152+0000] {processor.py:175} INFO - Processing /opt/airflow/dags/todays_gamesv2.py took 0.461 seconds
[2023-05-07T14:57:37.979+0000] {processor.py:153} INFO - Started process (PID=2748) to work on /opt/airflow/dags/todays_gamesv2.py
[2023-05-07T14:57:37.980+0000] {processor.py:743} INFO - Processing file /opt/airflow/dags/todays_gamesv2.py for tasks to queue
[2023-05-07T14:57:37.981+0000] {logging_mixin.py:137} INFO - [2023-05-07T14:57:37.981+0000] {dagbag.py:532} INFO - Filling up the DagBag from /opt/airflow/dags/todays_gamesv2.py
[2023-05-07T14:57:38.155+0000] {processor.py:753} INFO - DAG(s) dict_keys(['get_todays_gamesv2']) retrieved from /opt/airflow/dags/todays_gamesv2.py
[2023-05-07T14:57:38.184+0000] {logging_mixin.py:137} INFO - [2023-05-07T14:57:38.184+0000] {dag.py:2693} INFO - Sync 1 DAGs
[2023-05-07T14:57:38.221+0000] {logging_mixin.py:137} INFO - [2023-05-07T14:57:38.221+0000] {dag.py:3444} INFO - Setting next_dagrun for get_todays_gamesv2 to 2023-05-06T15:00:00+00:00, run_after=2023-05-07T15:00:00+00:00
[2023-05-07T14:57:38.240+0000] {processor.py:175} INFO - Processing /opt/airflow/dags/todays_gamesv2.py took 0.266 seconds
[2023-05-07T14:58:08.392+0000] {processor.py:153} INFO - Started process (PID=2799) to work on /opt/airflow/dags/todays_gamesv2.py
[2023-05-07T14:58:08.392+0000] {processor.py:743} INFO - Processing file /opt/airflow/dags/todays_gamesv2.py for tasks to queue
[2023-05-07T14:58:08.394+0000] {logging_mixin.py:137} INFO - [2023-05-07T14:58:08.393+0000] {dagbag.py:532} INFO - Filling up the DagBag from /opt/airflow/dags/todays_gamesv2.py
[2023-05-07T14:58:08.572+0000] {processor.py:753} INFO - DAG(s) dict_keys(['get_todays_gamesv2']) retrieved from /opt/airflow/dags/todays_gamesv2.py
[2023-05-07T14:58:08.604+0000] {logging_mixin.py:137} INFO - [2023-05-07T14:58:08.604+0000] {dag.py:2693} INFO - Sync 1 DAGs
[2023-05-07T14:58:08.637+0000] {logging_mixin.py:137} INFO - [2023-05-07T14:58:08.637+0000] {dag.py:3444} INFO - Setting next_dagrun for get_todays_gamesv2 to 2023-05-06T15:00:00+00:00, run_after=2023-05-07T15:00:00+00:00
[2023-05-07T14:58:08.659+0000] {processor.py:175} INFO - Processing /opt/airflow/dags/todays_gamesv2.py took 0.271 seconds
[2023-05-07T14:58:39.311+0000] {processor.py:153} INFO - Started process (PID=2850) to work on /opt/airflow/dags/todays_gamesv2.py
[2023-05-07T14:58:39.312+0000] {processor.py:743} INFO - Processing file /opt/airflow/dags/todays_gamesv2.py for tasks to queue
[2023-05-07T14:58:39.313+0000] {logging_mixin.py:137} INFO - [2023-05-07T14:58:39.312+0000] {dagbag.py:532} INFO - Filling up the DagBag from /opt/airflow/dags/todays_gamesv2.py
[2023-05-07T14:58:39.486+0000] {processor.py:753} INFO - DAG(s) dict_keys(['get_todays_gamesv2']) retrieved from /opt/airflow/dags/todays_gamesv2.py
[2023-05-07T14:58:39.516+0000] {logging_mixin.py:137} INFO - [2023-05-07T14:58:39.516+0000] {dag.py:2693} INFO - Sync 1 DAGs
[2023-05-07T14:58:39.556+0000] {logging_mixin.py:137} INFO - [2023-05-07T14:58:39.555+0000] {dag.py:3444} INFO - Setting next_dagrun for get_todays_gamesv2 to 2023-05-06T15:00:00+00:00, run_after=2023-05-07T15:00:00+00:00
[2023-05-07T14:58:39.585+0000] {processor.py:175} INFO - Processing /opt/airflow/dags/todays_gamesv2.py took 0.278 seconds
[2023-05-07T14:59:09.835+0000] {processor.py:153} INFO - Started process (PID=2902) to work on /opt/airflow/dags/todays_gamesv2.py
[2023-05-07T14:59:09.836+0000] {processor.py:743} INFO - Processing file /opt/airflow/dags/todays_gamesv2.py for tasks to queue
[2023-05-07T14:59:09.837+0000] {logging_mixin.py:137} INFO - [2023-05-07T14:59:09.837+0000] {dagbag.py:532} INFO - Filling up the DagBag from /opt/airflow/dags/todays_gamesv2.py
[2023-05-07T14:59:10.009+0000] {processor.py:753} INFO - DAG(s) dict_keys(['get_todays_gamesv2']) retrieved from /opt/airflow/dags/todays_gamesv2.py
[2023-05-07T14:59:10.038+0000] {logging_mixin.py:137} INFO - [2023-05-07T14:59:10.038+0000] {dag.py:2693} INFO - Sync 1 DAGs
[2023-05-07T14:59:10.072+0000] {logging_mixin.py:137} INFO - [2023-05-07T14:59:10.072+0000] {dag.py:3444} INFO - Setting next_dagrun for get_todays_gamesv2 to 2023-05-06T15:00:00+00:00, run_after=2023-05-07T15:00:00+00:00
[2023-05-07T14:59:10.092+0000] {processor.py:175} INFO - Processing /opt/airflow/dags/todays_gamesv2.py took 0.261 seconds
[2023-05-07T14:59:40.268+0000] {processor.py:153} INFO - Started process (PID=2953) to work on /opt/airflow/dags/todays_gamesv2.py
[2023-05-07T14:59:40.270+0000] {processor.py:743} INFO - Processing file /opt/airflow/dags/todays_gamesv2.py for tasks to queue
[2023-05-07T14:59:40.270+0000] {logging_mixin.py:137} INFO - [2023-05-07T14:59:40.270+0000] {dagbag.py:532} INFO - Filling up the DagBag from /opt/airflow/dags/todays_gamesv2.py
[2023-05-07T14:59:40.452+0000] {processor.py:753} INFO - DAG(s) dict_keys(['get_todays_gamesv2']) retrieved from /opt/airflow/dags/todays_gamesv2.py
[2023-05-07T14:59:40.486+0000] {logging_mixin.py:137} INFO - [2023-05-07T14:59:40.486+0000] {dag.py:2693} INFO - Sync 1 DAGs
[2023-05-07T14:59:40.525+0000] {logging_mixin.py:137} INFO - [2023-05-07T14:59:40.525+0000] {dag.py:3444} INFO - Setting next_dagrun for get_todays_gamesv2 to 2023-05-06T15:00:00+00:00, run_after=2023-05-07T15:00:00+00:00
[2023-05-07T14:59:40.546+0000] {processor.py:175} INFO - Processing /opt/airflow/dags/todays_gamesv2.py took 0.282 seconds
[2023-05-07T15:00:11.221+0000] {processor.py:153} INFO - Started process (PID=3004) to work on /opt/airflow/dags/todays_gamesv2.py
[2023-05-07T15:00:11.228+0000] {processor.py:743} INFO - Processing file /opt/airflow/dags/todays_gamesv2.py for tasks to queue
[2023-05-07T15:00:11.232+0000] {logging_mixin.py:137} INFO - [2023-05-07T15:00:11.231+0000] {dagbag.py:532} INFO - Filling up the DagBag from /opt/airflow/dags/todays_gamesv2.py
[2023-05-07T15:00:11.698+0000] {processor.py:753} INFO - DAG(s) dict_keys(['get_todays_gamesv2']) retrieved from /opt/airflow/dags/todays_gamesv2.py
[2023-05-07T15:00:11.755+0000] {logging_mixin.py:137} INFO - [2023-05-07T15:00:11.755+0000] {dag.py:2693} INFO - Sync 1 DAGs
[2023-05-07T15:00:11.820+0000] {logging_mixin.py:137} INFO - [2023-05-07T15:00:11.819+0000] {dag.py:3444} INFO - Setting next_dagrun for get_todays_gamesv2 to 2023-05-07T15:00:00+00:00, run_after=2023-05-08T15:00:00+00:00
[2023-05-07T15:00:11.883+0000] {processor.py:175} INFO - Processing /opt/airflow/dags/todays_gamesv2.py took 0.688 seconds
[2023-05-07T15:00:42.136+0000] {processor.py:153} INFO - Started process (PID=3055) to work on /opt/airflow/dags/todays_gamesv2.py
[2023-05-07T15:00:42.149+0000] {processor.py:743} INFO - Processing file /opt/airflow/dags/todays_gamesv2.py for tasks to queue
[2023-05-07T15:00:42.150+0000] {logging_mixin.py:137} INFO - [2023-05-07T15:00:42.150+0000] {dagbag.py:532} INFO - Filling up the DagBag from /opt/airflow/dags/todays_gamesv2.py
[2023-05-07T15:00:42.406+0000] {processor.py:753} INFO - DAG(s) dict_keys(['get_todays_gamesv2']) retrieved from /opt/airflow/dags/todays_gamesv2.py
[2023-05-07T15:00:42.488+0000] {logging_mixin.py:137} INFO - [2023-05-07T15:00:42.488+0000] {dag.py:2693} INFO - Sync 1 DAGs
[2023-05-07T15:00:42.566+0000] {logging_mixin.py:137} INFO - [2023-05-07T15:00:42.566+0000] {dag.py:3444} INFO - Setting next_dagrun for get_todays_gamesv2 to 2023-05-07T15:00:00+00:00, run_after=2023-05-08T15:00:00+00:00
[2023-05-07T15:00:42.610+0000] {processor.py:175} INFO - Processing /opt/airflow/dags/todays_gamesv2.py took 0.478 seconds
[2023-05-07T15:01:13.472+0000] {processor.py:153} INFO - Started process (PID=3107) to work on /opt/airflow/dags/todays_gamesv2.py
[2023-05-07T15:01:13.473+0000] {processor.py:743} INFO - Processing file /opt/airflow/dags/todays_gamesv2.py for tasks to queue
[2023-05-07T15:01:13.474+0000] {logging_mixin.py:137} INFO - [2023-05-07T15:01:13.473+0000] {dagbag.py:532} INFO - Filling up the DagBag from /opt/airflow/dags/todays_gamesv2.py
[2023-05-07T15:01:13.693+0000] {processor.py:753} INFO - DAG(s) dict_keys(['get_todays_gamesv2']) retrieved from /opt/airflow/dags/todays_gamesv2.py
[2023-05-07T15:01:13.729+0000] {logging_mixin.py:137} INFO - [2023-05-07T15:01:13.728+0000] {dag.py:2693} INFO - Sync 1 DAGs
[2023-05-07T15:01:13.763+0000] {logging_mixin.py:137} INFO - [2023-05-07T15:01:13.763+0000] {dag.py:3444} INFO - Setting next_dagrun for get_todays_gamesv2 to 2023-05-07T15:00:00+00:00, run_after=2023-05-08T15:00:00+00:00
[2023-05-07T15:01:13.783+0000] {processor.py:175} INFO - Processing /opt/airflow/dags/todays_gamesv2.py took 0.315 seconds
[2023-05-07T15:01:44.636+0000] {processor.py:153} INFO - Started process (PID=3159) to work on /opt/airflow/dags/todays_gamesv2.py
[2023-05-07T15:01:44.638+0000] {processor.py:743} INFO - Processing file /opt/airflow/dags/todays_gamesv2.py for tasks to queue
[2023-05-07T15:01:44.639+0000] {logging_mixin.py:137} INFO - [2023-05-07T15:01:44.639+0000] {dagbag.py:532} INFO - Filling up the DagBag from /opt/airflow/dags/todays_gamesv2.py
[2023-05-07T15:01:44.817+0000] {processor.py:753} INFO - DAG(s) dict_keys(['get_todays_gamesv2']) retrieved from /opt/airflow/dags/todays_gamesv2.py
[2023-05-07T15:01:44.850+0000] {logging_mixin.py:137} INFO - [2023-05-07T15:01:44.849+0000] {dag.py:2693} INFO - Sync 1 DAGs
[2023-05-07T15:01:44.883+0000] {logging_mixin.py:137} INFO - [2023-05-07T15:01:44.883+0000] {dag.py:3444} INFO - Setting next_dagrun for get_todays_gamesv2 to 2023-05-07T15:00:00+00:00, run_after=2023-05-08T15:00:00+00:00
[2023-05-07T15:01:44.909+0000] {processor.py:175} INFO - Processing /opt/airflow/dags/todays_gamesv2.py took 0.276 seconds
