[2023-05-01T15:00:04.585+0000] {taskinstance.py:1084} INFO - Dependencies all met for dep_context=non-requeueable deps ti=<TaskInstance: get_todays_gamesv4.write_insert_query_task scheduled__2023-04-30T15:00:00+00:00 [queued]>
[2023-05-01T15:00:04.596+0000] {taskinstance.py:1084} INFO - Dependencies all met for dep_context=requeueable deps ti=<TaskInstance: get_todays_gamesv4.write_insert_query_task scheduled__2023-04-30T15:00:00+00:00 [queued]>
[2023-05-01T15:00:04.596+0000] {taskinstance.py:1282} INFO - 
--------------------------------------------------------------------------------
[2023-05-01T15:00:04.597+0000] {taskinstance.py:1283} INFO - Starting attempt 1 of 1
[2023-05-01T15:00:04.597+0000] {taskinstance.py:1284} INFO - 
--------------------------------------------------------------------------------
[2023-05-01T15:00:04.622+0000] {taskinstance.py:1303} INFO - Executing <Task(PythonOperator): write_insert_query_task> on 2023-04-30 15:00:00+00:00
[2023-05-01T15:00:04.630+0000] {standard_task_runner.py:55} INFO - Started process 22001 to run task
[2023-05-01T15:00:04.637+0000] {standard_task_runner.py:82} INFO - Running: ['***', 'tasks', 'run', 'get_todays_gamesv4', 'write_insert_query_task', 'scheduled__2023-04-30T15:00:00+00:00', '--job-id', '700', '--raw', '--subdir', 'DAGS_FOLDER/todays_games.py', '--cfg-path', '/tmp/tmp5vksqpru']
[2023-05-01T15:00:04.638+0000] {standard_task_runner.py:83} INFO - Job 700: Subtask write_insert_query_task
[2023-05-01T15:00:04.717+0000] {task_command.py:388} INFO - Running <TaskInstance: get_todays_gamesv4.write_insert_query_task scheduled__2023-04-30T15:00:00+00:00 [running]> on host f789e77bc70a
[2023-05-01T15:00:04.802+0000] {taskinstance.py:1511} INFO - Exporting the following env vars:
AIRFLOW_CTX_DAG_OWNER=***
AIRFLOW_CTX_DAG_ID=get_todays_gamesv4
AIRFLOW_CTX_TASK_ID=write_insert_query_task
AIRFLOW_CTX_EXECUTION_DATE=2023-04-30T15:00:00+00:00
AIRFLOW_CTX_TRY_NUMBER=1
AIRFLOW_CTX_DAG_RUN_ID=scheduled__2023-04-30T15:00:00+00:00
[2023-05-01T15:00:04.829+0000] {python.py:177} INFO - Done. Returned value was: None
[2023-05-01T15:00:04.839+0000] {taskinstance.py:1326} INFO - Marking task as SUCCESS. dag_id=get_todays_gamesv4, task_id=write_insert_query_task, execution_date=20230430T150000, start_date=20230501T150004, end_date=20230501T150004
[2023-05-01T15:00:04.886+0000] {local_task_job.py:212} INFO - Task exited with return code 0
[2023-05-01T15:00:04.923+0000] {taskinstance.py:2585} INFO - 1 downstream tasks scheduled from follow-on schedule check
