[2023-05-07T17:33:56.682+0000] {taskinstance.py:1084} INFO - Dependencies all met for dep_context=non-requeueable deps ti=<TaskInstance: get_todays_gamesv2.call_games manual__2023-05-07T17:33:51.032772+00:00 [queued]>
[2023-05-07T17:33:56.693+0000] {taskinstance.py:1084} INFO - Dependencies all met for dep_context=requeueable deps ti=<TaskInstance: get_todays_gamesv2.call_games manual__2023-05-07T17:33:51.032772+00:00 [queued]>
[2023-05-07T17:33:56.693+0000] {taskinstance.py:1282} INFO - 
--------------------------------------------------------------------------------
[2023-05-07T17:33:56.693+0000] {taskinstance.py:1283} INFO - Starting attempt 1 of 1
[2023-05-07T17:33:56.694+0000] {taskinstance.py:1284} INFO - 
--------------------------------------------------------------------------------
[2023-05-07T17:33:56.711+0000] {taskinstance.py:1303} INFO - Executing <Task(PythonOperator): call_games> on 2023-05-07 17:33:51.032772+00:00
[2023-05-07T17:33:56.717+0000] {standard_task_runner.py:55} INFO - Started process 247 to run task
[2023-05-07T17:33:56.724+0000] {standard_task_runner.py:82} INFO - Running: ['***', 'tasks', 'run', 'get_todays_gamesv2', 'call_games', 'manual__2023-05-07T17:33:51.032772+00:00', '--job-id', '960', '--raw', '--subdir', 'DAGS_FOLDER/todays_gamesv2.py', '--cfg-path', '/tmp/tmpdbaft_gr']
[2023-05-07T17:33:56.725+0000] {standard_task_runner.py:83} INFO - Job 960: Subtask call_games
[2023-05-07T17:33:56.805+0000] {task_command.py:388} INFO - Running <TaskInstance: get_todays_gamesv2.call_games manual__2023-05-07T17:33:51.032772+00:00 [running]> on host f7ab54451666
[2023-05-07T17:33:56.893+0000] {taskinstance.py:1511} INFO - Exporting the following env vars:
AIRFLOW_CTX_DAG_OWNER=***
AIRFLOW_CTX_DAG_ID=get_todays_gamesv2
AIRFLOW_CTX_TASK_ID=call_games
AIRFLOW_CTX_EXECUTION_DATE=2023-05-07T17:33:51.032772+00:00
AIRFLOW_CTX_TRY_NUMBER=1
AIRFLOW_CTX_DAG_RUN_ID=manual__2023-05-07T17:33:51.032772+00:00
[2023-05-07T17:33:57.142+0000] {python.py:177} INFO - Done. Returned value was: None
[2023-05-07T17:33:57.156+0000] {taskinstance.py:1326} INFO - Marking task as SUCCESS. dag_id=get_todays_gamesv2, task_id=call_games, execution_date=20230507T173351, start_date=20230507T173356, end_date=20230507T173357
[2023-05-07T17:33:57.180+0000] {local_task_job.py:212} INFO - Task exited with return code 0
[2023-05-07T17:33:57.279+0000] {taskinstance.py:2585} INFO - 3 downstream tasks scheduled from follow-on schedule check
