[2023-05-02T00:41:34.817+0000] {taskinstance.py:1084} INFO - Dependencies all met for dep_context=non-requeueable deps ti=<TaskInstance: get_todays_gamesv2.print_start manual__2023-05-02T00:41:33.002817+00:00 [queued]>
[2023-05-02T00:41:34.838+0000] {taskinstance.py:1084} INFO - Dependencies all met for dep_context=requeueable deps ti=<TaskInstance: get_todays_gamesv2.print_start manual__2023-05-02T00:41:33.002817+00:00 [queued]>
[2023-05-02T00:41:34.839+0000] {taskinstance.py:1282} INFO - 
--------------------------------------------------------------------------------
[2023-05-02T00:41:34.840+0000] {taskinstance.py:1283} INFO - Starting attempt 1 of 1
[2023-05-02T00:41:34.841+0000] {taskinstance.py:1284} INFO - 
--------------------------------------------------------------------------------
[2023-05-02T00:41:34.879+0000] {taskinstance.py:1303} INFO - Executing <Task(BashOperator): print_start> on 2023-05-02 00:41:33.002817+00:00
[2023-05-02T00:41:34.909+0000] {standard_task_runner.py:82} INFO - Running: ['***', 'tasks', 'run', 'get_todays_gamesv2', 'print_start', 'manual__2023-05-02T00:41:33.002817+00:00', '--job-id', '713', '--raw', '--subdir', 'DAGS_FOLDER/todays_gamesv2.py', '--cfg-path', '/tmp/tmpi8olmw1o']
[2023-05-02T00:41:34.910+0000] {standard_task_runner.py:83} INFO - Job 713: Subtask print_start
[2023-05-02T00:41:34.893+0000] {standard_task_runner.py:55} INFO - Started process 32667 to run task
[2023-05-02T00:41:35.026+0000] {task_command.py:388} INFO - Running <TaskInstance: get_todays_gamesv2.print_start manual__2023-05-02T00:41:33.002817+00:00 [running]> on host f789e77bc70a
[2023-05-02T00:41:35.123+0000] {taskinstance.py:1511} INFO - Exporting the following env vars:
AIRFLOW_CTX_DAG_OWNER=***
AIRFLOW_CTX_DAG_ID=get_todays_gamesv2
AIRFLOW_CTX_TASK_ID=print_start
AIRFLOW_CTX_EXECUTION_DATE=2023-05-02T00:41:33.002817+00:00
AIRFLOW_CTX_TRY_NUMBER=1
AIRFLOW_CTX_DAG_RUN_ID=manual__2023-05-02T00:41:33.002817+00:00
[2023-05-02T00:41:35.125+0000] {subprocess.py:63} INFO - Tmp dir root location: 
 /tmp
[2023-05-02T00:41:35.126+0000] {subprocess.py:75} INFO - Running command: ['/bin/bash', '-c', 'echo starting dag']
[2023-05-02T00:41:35.139+0000] {subprocess.py:86} INFO - Output:
[2023-05-02T00:41:35.142+0000] {subprocess.py:93} INFO - starting dag
[2023-05-02T00:41:35.143+0000] {subprocess.py:97} INFO - Command exited with return code 0
[2023-05-02T00:41:35.161+0000] {taskinstance.py:1326} INFO - Marking task as SUCCESS. dag_id=get_todays_gamesv2, task_id=print_start, execution_date=20230502T004133, start_date=20230502T004134, end_date=20230502T004135
[2023-05-02T00:41:35.187+0000] {local_task_job.py:212} INFO - Task exited with return code 0
[2023-05-02T00:41:35.230+0000] {taskinstance.py:2585} INFO - 2 downstream tasks scheduled from follow-on schedule check
