[2023-05-15T23:08:30.592+0000] {taskinstance.py:1084} INFO - Dependencies all met for dep_context=non-requeueable deps ti=<TaskInstance: get_todays_gamesv2.postgres_to_s3_task manual__2023-05-15T23:08:11.122291+00:00 [queued]>
[2023-05-15T23:08:30.630+0000] {taskinstance.py:1084} INFO - Dependencies all met for dep_context=requeueable deps ti=<TaskInstance: get_todays_gamesv2.postgres_to_s3_task manual__2023-05-15T23:08:11.122291+00:00 [queued]>
[2023-05-15T23:08:30.631+0000] {taskinstance.py:1282} INFO - 
--------------------------------------------------------------------------------
[2023-05-15T23:08:30.631+0000] {taskinstance.py:1283} INFO - Starting attempt 1 of 1
[2023-05-15T23:08:30.632+0000] {taskinstance.py:1284} INFO - 
--------------------------------------------------------------------------------
[2023-05-15T23:08:30.669+0000] {taskinstance.py:1303} INFO - Executing <Task(PythonOperator): postgres_to_s3_task> on 2023-05-15 23:08:11.122291+00:00
[2023-05-15T23:08:30.683+0000] {standard_task_runner.py:55} INFO - Started process 518 to run task
[2023-05-15T23:08:30.688+0000] {standard_task_runner.py:82} INFO - Running: ['***', 'tasks', 'run', 'get_todays_gamesv2', 'postgres_to_s3_task', 'manual__2023-05-15T23:08:11.122291+00:00', '--job-id', '1599', '--raw', '--subdir', 'DAGS_FOLDER/todays_gamesv2.py', '--cfg-path', '/tmp/tmpwsu6n_wz']
[2023-05-15T23:08:30.690+0000] {standard_task_runner.py:83} INFO - Job 1599: Subtask postgres_to_s3_task
[2023-05-15T23:08:30.828+0000] {task_command.py:388} INFO - Running <TaskInstance: get_todays_gamesv2.postgres_to_s3_task manual__2023-05-15T23:08:11.122291+00:00 [running]> on host 79f30fa538b6
[2023-05-15T23:08:31.022+0000] {taskinstance.py:1511} INFO - Exporting the following env vars:
AIRFLOW_CTX_DAG_OWNER=***
AIRFLOW_CTX_DAG_ID=get_todays_gamesv2
AIRFLOW_CTX_TASK_ID=postgres_to_s3_task
AIRFLOW_CTX_EXECUTION_DATE=2023-05-15T23:08:11.122291+00:00
AIRFLOW_CTX_TRY_NUMBER=1
AIRFLOW_CTX_DAG_RUN_ID=manual__2023-05-15T23:08:11.122291+00:00
[2023-05-15T23:08:31.042+0000] {base.py:73} INFO - Using connection ID 'postgres_localhost' for task execution.
[2023-05-15T23:08:31.052+0000] {todays_gamesv2.py:136} INFO - Ran this on 2023-05-15. Saved postgres data in text file: games.txt
[2023-05-15T23:08:31.070+0000] {base.py:73} INFO - Using connection ID 'aws_hook' for task execution.
[2023-05-15T23:08:31.072+0000] {connection_wrapper.py:337} INFO - AWS Connection (conn_id='aws_hook', conn_type='aws') credentials retrieved from login and password.
[2023-05-15T23:08:32.318+0000] {todays_gamesv2.py:145} INFO - Test data file /tmp/tmp771rpjde has been pushed to S3
[2023-05-15T23:08:32.320+0000] {python.py:177} INFO - Done. Returned value was: None
[2023-05-15T23:08:32.331+0000] {taskinstance.py:1326} INFO - Marking task as SUCCESS. dag_id=get_todays_gamesv2, task_id=postgres_to_s3_task, execution_date=20230515T230811, start_date=20230515T230830, end_date=20230515T230832
[2023-05-15T23:08:32.380+0000] {local_task_job.py:212} INFO - Task exited with return code 0
[2023-05-15T23:08:32.414+0000] {taskinstance.py:2585} INFO - 1 downstream tasks scheduled from follow-on schedule check
