[2023-05-29T18:22:50.592+0000] {taskinstance.py:1084} INFO - Dependencies all met for dep_context=non-requeueable deps ti=<TaskInstance: game_alert.exec_insert_query_task manual__2023-05-29T18:22:39.095786+00:00 [queued]>
[2023-05-29T18:22:50.603+0000] {taskinstance.py:1084} INFO - Dependencies all met for dep_context=requeueable deps ti=<TaskInstance: game_alert.exec_insert_query_task manual__2023-05-29T18:22:39.095786+00:00 [queued]>
[2023-05-29T18:22:50.604+0000] {taskinstance.py:1282} INFO - 
--------------------------------------------------------------------------------
[2023-05-29T18:22:50.604+0000] {taskinstance.py:1283} INFO - Starting attempt 1 of 1
[2023-05-29T18:22:50.604+0000] {taskinstance.py:1284} INFO - 
--------------------------------------------------------------------------------
[2023-05-29T18:22:50.620+0000] {taskinstance.py:1303} INFO - Executing <Task(PostgresOperator): exec_insert_query_task> on 2023-05-29 18:22:39.095786+00:00
[2023-05-29T18:22:50.627+0000] {standard_task_runner.py:55} INFO - Started process 1034 to run task
[2023-05-29T18:22:50.631+0000] {standard_task_runner.py:82} INFO - Running: ['***', 'tasks', 'run', 'game_alert', 'exec_insert_query_task', 'manual__2023-05-29T18:22:39.095786+00:00', '--job-id', '832', '--raw', '--subdir', 'DAGS_FOLDER/game_alert.py', '--cfg-path', '/tmp/tmp_2mpmour']
[2023-05-29T18:22:50.632+0000] {standard_task_runner.py:83} INFO - Job 832: Subtask exec_insert_query_task
[2023-05-29T18:22:50.708+0000] {task_command.py:388} INFO - Running <TaskInstance: game_alert.exec_insert_query_task manual__2023-05-29T18:22:39.095786+00:00 [running]> on host b03c83f459ca
[2023-05-29T18:22:50.809+0000] {taskinstance.py:1511} INFO - Exporting the following env vars:
AIRFLOW_CTX_DAG_OWNER=***
AIRFLOW_CTX_DAG_ID=game_alert
AIRFLOW_CTX_TASK_ID=exec_insert_query_task
AIRFLOW_CTX_EXECUTION_DATE=2023-05-29T18:22:39.095786+00:00
AIRFLOW_CTX_TRY_NUMBER=1
AIRFLOW_CTX_DAG_RUN_ID=manual__2023-05-29T18:22:39.095786+00:00
[2023-05-29T18:22:50.811+0000] {sql.py:254} INFO - Executing: 
INSERT INTO games (away_name,home_name,away_probable_pitcher,home_probable_pitcher,venue_name,game_date,
                                                              home_wins, home_losses, home_gb, away_wins, away_losses, away_gb, team_win_prob, game_time)
                                   VALUES ('New York Yankees','Seattle Mariners','Domingo German',
                                   'Bryce Miller','T-Mobile Park','2023-05-29',
                                   '28','25','5.5','32','23','7.0','51%','9:40 PM');
[2023-05-29T18:22:50.822+0000] {base.py:73} INFO - Using connection ID 'postgres_localhost' for task execution.
[2023-05-29T18:22:51.105+0000] {base.py:73} INFO - Using connection ID 'postgres_localhost' for task execution.
[2023-05-29T18:22:51.110+0000] {sql.py:375} INFO - Running statement: 
INSERT INTO games (away_name,home_name,away_probable_pitcher,home_probable_pitcher,venue_name,game_date,
                                                              home_wins, home_losses, home_gb, away_wins, away_losses, away_gb, team_win_prob, game_time)
                                   VALUES ('New York Yankees','Seattle Mariners','Domingo German',
                                   'Bryce Miller','T-Mobile Park','2023-05-29',
                                   '28','25','5.5','32','23','7.0','51%','9:40 PM');, parameters: None
[2023-05-29T18:22:51.111+0000] {sql.py:384} INFO - Rows affected: 1
[2023-05-29T18:22:51.124+0000] {taskinstance.py:1326} INFO - Marking task as SUCCESS. dag_id=game_alert, task_id=exec_insert_query_task, execution_date=20230529T182239, start_date=20230529T182250, end_date=20230529T182251
[2023-05-29T18:22:51.163+0000] {local_task_job.py:212} INFO - Task exited with return code 0
[2023-05-29T18:22:51.208+0000] {taskinstance.py:2585} INFO - 2 downstream tasks scheduled from follow-on schedule check
