[2023-05-07T14:30:38.317+0000] {processor.py:153} INFO - Started process (PID=66) to work on /home/airflow/.local/lib/python3.7/site-packages/airflow/example_dags/example_sensor_decorator.py
[2023-05-07T14:30:38.318+0000] {processor.py:743} INFO - Processing file /home/airflow/.local/lib/python3.7/site-packages/airflow/example_dags/example_sensor_decorator.py for tasks to queue
[2023-05-07T14:30:38.319+0000] {logging_mixin.py:137} INFO - [2023-05-07T14:30:38.319+0000] {dagbag.py:532} INFO - Filling up the DagBag from /home/airflow/.local/lib/python3.7/site-packages/airflow/example_dags/example_sensor_decorator.py
[2023-05-07T14:30:38.349+0000] {processor.py:753} INFO - DAG(s) dict_keys(['example_sensor_decorator']) retrieved from /home/airflow/.local/lib/python3.7/site-packages/airflow/example_dags/example_sensor_decorator.py
[2023-05-07T14:30:38.391+0000] {logging_mixin.py:137} INFO - [2023-05-07T14:30:38.389+0000] {dag.py:2693} INFO - Sync 1 DAGs
[2023-05-07T14:30:38.442+0000] {logging_mixin.py:137} INFO - [2023-05-07T14:30:38.442+0000] {dag.py:3444} INFO - Setting next_dagrun for example_sensor_decorator to None, run_after=None
[2023-05-07T14:30:38.464+0000] {processor.py:175} INFO - Processing /home/airflow/.local/lib/python3.7/site-packages/airflow/example_dags/example_sensor_decorator.py took 0.150 seconds
[2023-05-07T14:31:08.739+0000] {processor.py:153} INFO - Started process (PID=117) to work on /home/airflow/.local/lib/python3.7/site-packages/airflow/example_dags/example_sensor_decorator.py
[2023-05-07T14:31:08.740+0000] {processor.py:743} INFO - Processing file /home/airflow/.local/lib/python3.7/site-packages/airflow/example_dags/example_sensor_decorator.py for tasks to queue
[2023-05-07T14:31:08.741+0000] {logging_mixin.py:137} INFO - [2023-05-07T14:31:08.741+0000] {dagbag.py:532} INFO - Filling up the DagBag from /home/airflow/.local/lib/python3.7/site-packages/airflow/example_dags/example_sensor_decorator.py
[2023-05-07T14:31:08.767+0000] {processor.py:753} INFO - DAG(s) dict_keys(['example_sensor_decorator']) retrieved from /home/airflow/.local/lib/python3.7/site-packages/airflow/example_dags/example_sensor_decorator.py
[2023-05-07T14:31:08.796+0000] {logging_mixin.py:137} INFO - [2023-05-07T14:31:08.795+0000] {dag.py:2693} INFO - Sync 1 DAGs
[2023-05-07T14:31:08.827+0000] {logging_mixin.py:137} INFO - [2023-05-07T14:31:08.826+0000] {dag.py:3444} INFO - Setting next_dagrun for example_sensor_decorator to None, run_after=None
[2023-05-07T14:31:08.850+0000] {processor.py:175} INFO - Processing /home/airflow/.local/lib/python3.7/site-packages/airflow/example_dags/example_sensor_decorator.py took 0.116 seconds
[2023-05-07T14:31:39.258+0000] {processor.py:153} INFO - Started process (PID=168) to work on /home/airflow/.local/lib/python3.7/site-packages/airflow/example_dags/example_sensor_decorator.py
[2023-05-07T14:31:39.259+0000] {processor.py:743} INFO - Processing file /home/airflow/.local/lib/python3.7/site-packages/airflow/example_dags/example_sensor_decorator.py for tasks to queue
[2023-05-07T14:31:39.260+0000] {logging_mixin.py:137} INFO - [2023-05-07T14:31:39.260+0000] {dagbag.py:532} INFO - Filling up the DagBag from /home/airflow/.local/lib/python3.7/site-packages/airflow/example_dags/example_sensor_decorator.py
[2023-05-07T14:31:39.288+0000] {processor.py:753} INFO - DAG(s) dict_keys(['example_sensor_decorator']) retrieved from /home/airflow/.local/lib/python3.7/site-packages/airflow/example_dags/example_sensor_decorator.py
[2023-05-07T14:31:39.318+0000] {logging_mixin.py:137} INFO - [2023-05-07T14:31:39.318+0000] {dag.py:2693} INFO - Sync 1 DAGs
[2023-05-07T14:31:39.349+0000] {logging_mixin.py:137} INFO - [2023-05-07T14:31:39.349+0000] {dag.py:3444} INFO - Setting next_dagrun for example_sensor_decorator to None, run_after=None
[2023-05-07T14:31:39.369+0000] {processor.py:175} INFO - Processing /home/airflow/.local/lib/python3.7/site-packages/airflow/example_dags/example_sensor_decorator.py took 0.116 seconds
[2023-05-07T14:32:09.747+0000] {processor.py:153} INFO - Started process (PID=219) to work on /home/airflow/.local/lib/python3.7/site-packages/airflow/example_dags/example_sensor_decorator.py
[2023-05-07T14:32:09.748+0000] {processor.py:743} INFO - Processing file /home/airflow/.local/lib/python3.7/site-packages/airflow/example_dags/example_sensor_decorator.py for tasks to queue
[2023-05-07T14:32:09.749+0000] {logging_mixin.py:137} INFO - [2023-05-07T14:32:09.749+0000] {dagbag.py:532} INFO - Filling up the DagBag from /home/airflow/.local/lib/python3.7/site-packages/airflow/example_dags/example_sensor_decorator.py
[2023-05-07T14:32:09.775+0000] {processor.py:753} INFO - DAG(s) dict_keys(['example_sensor_decorator']) retrieved from /home/airflow/.local/lib/python3.7/site-packages/airflow/example_dags/example_sensor_decorator.py
[2023-05-07T14:32:09.803+0000] {logging_mixin.py:137} INFO - [2023-05-07T14:32:09.803+0000] {dag.py:2693} INFO - Sync 1 DAGs
[2023-05-07T14:32:09.836+0000] {logging_mixin.py:137} INFO - [2023-05-07T14:32:09.835+0000] {dag.py:3444} INFO - Setting next_dagrun for example_sensor_decorator to None, run_after=None
[2023-05-07T14:32:09.856+0000] {processor.py:175} INFO - Processing /home/airflow/.local/lib/python3.7/site-packages/airflow/example_dags/example_sensor_decorator.py took 0.113 seconds
[2023-05-07T14:32:40.427+0000] {processor.py:153} INFO - Started process (PID=270) to work on /home/airflow/.local/lib/python3.7/site-packages/airflow/example_dags/example_sensor_decorator.py
[2023-05-07T14:32:40.428+0000] {processor.py:743} INFO - Processing file /home/airflow/.local/lib/python3.7/site-packages/airflow/example_dags/example_sensor_decorator.py for tasks to queue
[2023-05-07T14:32:40.428+0000] {logging_mixin.py:137} INFO - [2023-05-07T14:32:40.428+0000] {dagbag.py:532} INFO - Filling up the DagBag from /home/airflow/.local/lib/python3.7/site-packages/airflow/example_dags/example_sensor_decorator.py
[2023-05-07T14:32:40.455+0000] {processor.py:753} INFO - DAG(s) dict_keys(['example_sensor_decorator']) retrieved from /home/airflow/.local/lib/python3.7/site-packages/airflow/example_dags/example_sensor_decorator.py
[2023-05-07T14:32:40.482+0000] {logging_mixin.py:137} INFO - [2023-05-07T14:32:40.482+0000] {dag.py:2693} INFO - Sync 1 DAGs
[2023-05-07T14:32:40.513+0000] {logging_mixin.py:137} INFO - [2023-05-07T14:32:40.513+0000] {dag.py:3444} INFO - Setting next_dagrun for example_sensor_decorator to None, run_after=None
[2023-05-07T14:32:40.534+0000] {processor.py:175} INFO - Processing /home/airflow/.local/lib/python3.7/site-packages/airflow/example_dags/example_sensor_decorator.py took 0.111 seconds
[2023-05-07T14:33:11.079+0000] {processor.py:153} INFO - Started process (PID=321) to work on /home/airflow/.local/lib/python3.7/site-packages/airflow/example_dags/example_sensor_decorator.py
[2023-05-07T14:33:11.080+0000] {processor.py:743} INFO - Processing file /home/airflow/.local/lib/python3.7/site-packages/airflow/example_dags/example_sensor_decorator.py for tasks to queue
[2023-05-07T14:33:11.081+0000] {logging_mixin.py:137} INFO - [2023-05-07T14:33:11.081+0000] {dagbag.py:532} INFO - Filling up the DagBag from /home/airflow/.local/lib/python3.7/site-packages/airflow/example_dags/example_sensor_decorator.py
[2023-05-07T14:33:11.108+0000] {processor.py:753} INFO - DAG(s) dict_keys(['example_sensor_decorator']) retrieved from /home/airflow/.local/lib/python3.7/site-packages/airflow/example_dags/example_sensor_decorator.py
[2023-05-07T14:33:11.136+0000] {logging_mixin.py:137} INFO - [2023-05-07T14:33:11.136+0000] {dag.py:2693} INFO - Sync 1 DAGs
[2023-05-07T14:33:11.166+0000] {logging_mixin.py:137} INFO - [2023-05-07T14:33:11.166+0000] {dag.py:3444} INFO - Setting next_dagrun for example_sensor_decorator to None, run_after=None
[2023-05-07T14:33:11.186+0000] {processor.py:175} INFO - Processing /home/airflow/.local/lib/python3.7/site-packages/airflow/example_dags/example_sensor_decorator.py took 0.111 seconds
[2023-05-07T14:33:41.631+0000] {processor.py:153} INFO - Started process (PID=372) to work on /home/airflow/.local/lib/python3.7/site-packages/airflow/example_dags/example_sensor_decorator.py
[2023-05-07T14:33:41.632+0000] {processor.py:743} INFO - Processing file /home/airflow/.local/lib/python3.7/site-packages/airflow/example_dags/example_sensor_decorator.py for tasks to queue
[2023-05-07T14:33:41.633+0000] {logging_mixin.py:137} INFO - [2023-05-07T14:33:41.632+0000] {dagbag.py:532} INFO - Filling up the DagBag from /home/airflow/.local/lib/python3.7/site-packages/airflow/example_dags/example_sensor_decorator.py
[2023-05-07T14:33:41.659+0000] {processor.py:753} INFO - DAG(s) dict_keys(['example_sensor_decorator']) retrieved from /home/airflow/.local/lib/python3.7/site-packages/airflow/example_dags/example_sensor_decorator.py
[2023-05-07T14:33:41.685+0000] {logging_mixin.py:137} INFO - [2023-05-07T14:33:41.685+0000] {dag.py:2693} INFO - Sync 1 DAGs
[2023-05-07T14:33:41.715+0000] {logging_mixin.py:137} INFO - [2023-05-07T14:33:41.715+0000] {dag.py:3444} INFO - Setting next_dagrun for example_sensor_decorator to None, run_after=None
[2023-05-07T14:33:41.735+0000] {processor.py:175} INFO - Processing /home/airflow/.local/lib/python3.7/site-packages/airflow/example_dags/example_sensor_decorator.py took 0.108 seconds
[2023-05-07T14:34:12.257+0000] {processor.py:153} INFO - Started process (PID=423) to work on /home/airflow/.local/lib/python3.7/site-packages/airflow/example_dags/example_sensor_decorator.py
[2023-05-07T14:34:12.259+0000] {processor.py:743} INFO - Processing file /home/airflow/.local/lib/python3.7/site-packages/airflow/example_dags/example_sensor_decorator.py for tasks to queue
[2023-05-07T14:34:12.259+0000] {logging_mixin.py:137} INFO - [2023-05-07T14:34:12.259+0000] {dagbag.py:532} INFO - Filling up the DagBag from /home/airflow/.local/lib/python3.7/site-packages/airflow/example_dags/example_sensor_decorator.py
[2023-05-07T14:34:12.286+0000] {processor.py:753} INFO - DAG(s) dict_keys(['example_sensor_decorator']) retrieved from /home/airflow/.local/lib/python3.7/site-packages/airflow/example_dags/example_sensor_decorator.py
[2023-05-07T14:34:12.314+0000] {logging_mixin.py:137} INFO - [2023-05-07T14:34:12.313+0000] {dag.py:2693} INFO - Sync 1 DAGs
[2023-05-07T14:34:12.349+0000] {logging_mixin.py:137} INFO - [2023-05-07T14:34:12.349+0000] {dag.py:3444} INFO - Setting next_dagrun for example_sensor_decorator to None, run_after=None
[2023-05-07T14:34:12.370+0000] {processor.py:175} INFO - Processing /home/airflow/.local/lib/python3.7/site-packages/airflow/example_dags/example_sensor_decorator.py took 0.116 seconds
[2023-05-07T14:34:43.461+0000] {processor.py:153} INFO - Started process (PID=474) to work on /home/airflow/.local/lib/python3.7/site-packages/airflow/example_dags/example_sensor_decorator.py
[2023-05-07T14:34:43.462+0000] {processor.py:743} INFO - Processing file /home/airflow/.local/lib/python3.7/site-packages/airflow/example_dags/example_sensor_decorator.py for tasks to queue
[2023-05-07T14:34:43.463+0000] {logging_mixin.py:137} INFO - [2023-05-07T14:34:43.463+0000] {dagbag.py:532} INFO - Filling up the DagBag from /home/airflow/.local/lib/python3.7/site-packages/airflow/example_dags/example_sensor_decorator.py
[2023-05-07T14:34:43.493+0000] {processor.py:753} INFO - DAG(s) dict_keys(['example_sensor_decorator']) retrieved from /home/airflow/.local/lib/python3.7/site-packages/airflow/example_dags/example_sensor_decorator.py
[2023-05-07T14:34:43.522+0000] {logging_mixin.py:137} INFO - [2023-05-07T14:34:43.522+0000] {dag.py:2693} INFO - Sync 1 DAGs
[2023-05-07T14:34:43.552+0000] {logging_mixin.py:137} INFO - [2023-05-07T14:34:43.551+0000] {dag.py:3444} INFO - Setting next_dagrun for example_sensor_decorator to None, run_after=None
[2023-05-07T14:34:43.571+0000] {processor.py:175} INFO - Processing /home/airflow/.local/lib/python3.7/site-packages/airflow/example_dags/example_sensor_decorator.py took 0.118 seconds
[2023-05-07T14:35:14.396+0000] {processor.py:153} INFO - Started process (PID=531) to work on /home/airflow/.local/lib/python3.7/site-packages/airflow/example_dags/example_sensor_decorator.py
[2023-05-07T14:35:14.397+0000] {processor.py:743} INFO - Processing file /home/airflow/.local/lib/python3.7/site-packages/airflow/example_dags/example_sensor_decorator.py for tasks to queue
[2023-05-07T14:35:14.397+0000] {logging_mixin.py:137} INFO - [2023-05-07T14:35:14.397+0000] {dagbag.py:532} INFO - Filling up the DagBag from /home/airflow/.local/lib/python3.7/site-packages/airflow/example_dags/example_sensor_decorator.py
[2023-05-07T14:35:14.425+0000] {processor.py:753} INFO - DAG(s) dict_keys(['example_sensor_decorator']) retrieved from /home/airflow/.local/lib/python3.7/site-packages/airflow/example_dags/example_sensor_decorator.py
[2023-05-07T14:35:14.452+0000] {logging_mixin.py:137} INFO - [2023-05-07T14:35:14.452+0000] {dag.py:2693} INFO - Sync 1 DAGs
[2023-05-07T14:35:14.482+0000] {logging_mixin.py:137} INFO - [2023-05-07T14:35:14.482+0000] {dag.py:3444} INFO - Setting next_dagrun for example_sensor_decorator to None, run_after=None
[2023-05-07T14:35:14.503+0000] {processor.py:175} INFO - Processing /home/airflow/.local/lib/python3.7/site-packages/airflow/example_dags/example_sensor_decorator.py took 0.111 seconds
[2023-05-07T14:35:45.869+0000] {processor.py:153} INFO - Started process (PID=582) to work on /home/airflow/.local/lib/python3.7/site-packages/airflow/example_dags/example_sensor_decorator.py
[2023-05-07T14:35:45.877+0000] {processor.py:743} INFO - Processing file /home/airflow/.local/lib/python3.7/site-packages/airflow/example_dags/example_sensor_decorator.py for tasks to queue
[2023-05-07T14:35:45.878+0000] {logging_mixin.py:137} INFO - [2023-05-07T14:35:45.878+0000] {dagbag.py:532} INFO - Filling up the DagBag from /home/airflow/.local/lib/python3.7/site-packages/airflow/example_dags/example_sensor_decorator.py
[2023-05-07T14:35:45.940+0000] {processor.py:753} INFO - DAG(s) dict_keys(['example_sensor_decorator']) retrieved from /home/airflow/.local/lib/python3.7/site-packages/airflow/example_dags/example_sensor_decorator.py
[2023-05-07T14:35:45.983+0000] {logging_mixin.py:137} INFO - [2023-05-07T14:35:45.983+0000] {dag.py:2693} INFO - Sync 1 DAGs
[2023-05-07T14:35:46.015+0000] {logging_mixin.py:137} INFO - [2023-05-07T14:35:46.014+0000] {dag.py:3444} INFO - Setting next_dagrun for example_sensor_decorator to None, run_after=None
[2023-05-07T14:35:46.066+0000] {processor.py:175} INFO - Processing /home/airflow/.local/lib/python3.7/site-packages/airflow/example_dags/example_sensor_decorator.py took 0.218 seconds
[2023-05-07T14:36:16.868+0000] {processor.py:153} INFO - Started process (PID=634) to work on /home/airflow/.local/lib/python3.7/site-packages/airflow/example_dags/example_sensor_decorator.py
[2023-05-07T14:36:16.869+0000] {processor.py:743} INFO - Processing file /home/airflow/.local/lib/python3.7/site-packages/airflow/example_dags/example_sensor_decorator.py for tasks to queue
[2023-05-07T14:36:16.869+0000] {logging_mixin.py:137} INFO - [2023-05-07T14:36:16.869+0000] {dagbag.py:532} INFO - Filling up the DagBag from /home/airflow/.local/lib/python3.7/site-packages/airflow/example_dags/example_sensor_decorator.py
[2023-05-07T14:36:16.895+0000] {processor.py:753} INFO - DAG(s) dict_keys(['example_sensor_decorator']) retrieved from /home/airflow/.local/lib/python3.7/site-packages/airflow/example_dags/example_sensor_decorator.py
[2023-05-07T14:36:16.927+0000] {logging_mixin.py:137} INFO - [2023-05-07T14:36:16.927+0000] {dag.py:2693} INFO - Sync 1 DAGs
[2023-05-07T14:36:16.961+0000] {logging_mixin.py:137} INFO - [2023-05-07T14:36:16.961+0000] {dag.py:3444} INFO - Setting next_dagrun for example_sensor_decorator to None, run_after=None
[2023-05-07T14:36:17.004+0000] {processor.py:175} INFO - Processing /home/airflow/.local/lib/python3.7/site-packages/airflow/example_dags/example_sensor_decorator.py took 0.140 seconds
[2023-05-07T14:36:48.098+0000] {processor.py:153} INFO - Started process (PID=685) to work on /home/airflow/.local/lib/python3.7/site-packages/airflow/example_dags/example_sensor_decorator.py
[2023-05-07T14:36:48.105+0000] {processor.py:743} INFO - Processing file /home/airflow/.local/lib/python3.7/site-packages/airflow/example_dags/example_sensor_decorator.py for tasks to queue
[2023-05-07T14:36:48.106+0000] {logging_mixin.py:137} INFO - [2023-05-07T14:36:48.106+0000] {dagbag.py:532} INFO - Filling up the DagBag from /home/airflow/.local/lib/python3.7/site-packages/airflow/example_dags/example_sensor_decorator.py
[2023-05-07T14:36:48.160+0000] {processor.py:753} INFO - DAG(s) dict_keys(['example_sensor_decorator']) retrieved from /home/airflow/.local/lib/python3.7/site-packages/airflow/example_dags/example_sensor_decorator.py
[2023-05-07T14:36:48.217+0000] {logging_mixin.py:137} INFO - [2023-05-07T14:36:48.217+0000] {dag.py:2693} INFO - Sync 1 DAGs
[2023-05-07T14:36:48.276+0000] {logging_mixin.py:137} INFO - [2023-05-07T14:36:48.276+0000] {dag.py:3444} INFO - Setting next_dagrun for example_sensor_decorator to None, run_after=None
[2023-05-07T14:36:48.318+0000] {processor.py:175} INFO - Processing /home/airflow/.local/lib/python3.7/site-packages/airflow/example_dags/example_sensor_decorator.py took 0.223 seconds
[2023-05-07T14:37:18.444+0000] {processor.py:153} INFO - Started process (PID=736) to work on /home/airflow/.local/lib/python3.7/site-packages/airflow/example_dags/example_sensor_decorator.py
[2023-05-07T14:37:18.445+0000] {processor.py:743} INFO - Processing file /home/airflow/.local/lib/python3.7/site-packages/airflow/example_dags/example_sensor_decorator.py for tasks to queue
[2023-05-07T14:37:18.446+0000] {logging_mixin.py:137} INFO - [2023-05-07T14:37:18.446+0000] {dagbag.py:532} INFO - Filling up the DagBag from /home/airflow/.local/lib/python3.7/site-packages/airflow/example_dags/example_sensor_decorator.py
[2023-05-07T14:37:18.472+0000] {processor.py:753} INFO - DAG(s) dict_keys(['example_sensor_decorator']) retrieved from /home/airflow/.local/lib/python3.7/site-packages/airflow/example_dags/example_sensor_decorator.py
[2023-05-07T14:37:18.498+0000] {logging_mixin.py:137} INFO - [2023-05-07T14:37:18.498+0000] {dag.py:2693} INFO - Sync 1 DAGs
[2023-05-07T14:37:18.528+0000] {logging_mixin.py:137} INFO - [2023-05-07T14:37:18.528+0000] {dag.py:3444} INFO - Setting next_dagrun for example_sensor_decorator to None, run_after=None
[2023-05-07T14:37:18.548+0000] {processor.py:175} INFO - Processing /home/airflow/.local/lib/python3.7/site-packages/airflow/example_dags/example_sensor_decorator.py took 0.109 seconds
[2023-05-07T14:37:48.899+0000] {processor.py:153} INFO - Started process (PID=787) to work on /home/airflow/.local/lib/python3.7/site-packages/airflow/example_dags/example_sensor_decorator.py
[2023-05-07T14:37:48.900+0000] {processor.py:743} INFO - Processing file /home/airflow/.local/lib/python3.7/site-packages/airflow/example_dags/example_sensor_decorator.py for tasks to queue
[2023-05-07T14:37:48.903+0000] {logging_mixin.py:137} INFO - [2023-05-07T14:37:48.902+0000] {dagbag.py:532} INFO - Filling up the DagBag from /home/airflow/.local/lib/python3.7/site-packages/airflow/example_dags/example_sensor_decorator.py
[2023-05-07T14:37:48.930+0000] {processor.py:753} INFO - DAG(s) dict_keys(['example_sensor_decorator']) retrieved from /home/airflow/.local/lib/python3.7/site-packages/airflow/example_dags/example_sensor_decorator.py
[2023-05-07T14:37:48.957+0000] {logging_mixin.py:137} INFO - [2023-05-07T14:37:48.957+0000] {dag.py:2693} INFO - Sync 1 DAGs
[2023-05-07T14:37:48.989+0000] {logging_mixin.py:137} INFO - [2023-05-07T14:37:48.989+0000] {dag.py:3444} INFO - Setting next_dagrun for example_sensor_decorator to None, run_after=None
[2023-05-07T14:37:49.009+0000] {processor.py:175} INFO - Processing /home/airflow/.local/lib/python3.7/site-packages/airflow/example_dags/example_sensor_decorator.py took 0.114 seconds
[2023-05-07T14:38:19.330+0000] {processor.py:153} INFO - Started process (PID=838) to work on /home/airflow/.local/lib/python3.7/site-packages/airflow/example_dags/example_sensor_decorator.py
[2023-05-07T14:38:19.331+0000] {processor.py:743} INFO - Processing file /home/airflow/.local/lib/python3.7/site-packages/airflow/example_dags/example_sensor_decorator.py for tasks to queue
[2023-05-07T14:38:19.331+0000] {logging_mixin.py:137} INFO - [2023-05-07T14:38:19.331+0000] {dagbag.py:532} INFO - Filling up the DagBag from /home/airflow/.local/lib/python3.7/site-packages/airflow/example_dags/example_sensor_decorator.py
[2023-05-07T14:38:19.362+0000] {processor.py:753} INFO - DAG(s) dict_keys(['example_sensor_decorator']) retrieved from /home/airflow/.local/lib/python3.7/site-packages/airflow/example_dags/example_sensor_decorator.py
[2023-05-07T14:38:19.392+0000] {logging_mixin.py:137} INFO - [2023-05-07T14:38:19.391+0000] {dag.py:2693} INFO - Sync 1 DAGs
[2023-05-07T14:38:19.423+0000] {logging_mixin.py:137} INFO - [2023-05-07T14:38:19.422+0000] {dag.py:3444} INFO - Setting next_dagrun for example_sensor_decorator to None, run_after=None
[2023-05-07T14:38:19.443+0000] {processor.py:175} INFO - Processing /home/airflow/.local/lib/python3.7/site-packages/airflow/example_dags/example_sensor_decorator.py took 0.117 seconds
[2023-05-07T14:38:49.713+0000] {processor.py:153} INFO - Started process (PID=889) to work on /home/airflow/.local/lib/python3.7/site-packages/airflow/example_dags/example_sensor_decorator.py
[2023-05-07T14:38:49.715+0000] {processor.py:743} INFO - Processing file /home/airflow/.local/lib/python3.7/site-packages/airflow/example_dags/example_sensor_decorator.py for tasks to queue
[2023-05-07T14:38:49.715+0000] {logging_mixin.py:137} INFO - [2023-05-07T14:38:49.715+0000] {dagbag.py:532} INFO - Filling up the DagBag from /home/airflow/.local/lib/python3.7/site-packages/airflow/example_dags/example_sensor_decorator.py
[2023-05-07T14:38:49.744+0000] {processor.py:753} INFO - DAG(s) dict_keys(['example_sensor_decorator']) retrieved from /home/airflow/.local/lib/python3.7/site-packages/airflow/example_dags/example_sensor_decorator.py
[2023-05-07T14:38:49.773+0000] {logging_mixin.py:137} INFO - [2023-05-07T14:38:49.773+0000] {dag.py:2693} INFO - Sync 1 DAGs
[2023-05-07T14:38:49.805+0000] {logging_mixin.py:137} INFO - [2023-05-07T14:38:49.805+0000] {dag.py:3444} INFO - Setting next_dagrun for example_sensor_decorator to None, run_after=None
[2023-05-07T14:38:49.827+0000] {processor.py:175} INFO - Processing /home/airflow/.local/lib/python3.7/site-packages/airflow/example_dags/example_sensor_decorator.py took 0.117 seconds
[2023-05-07T14:39:20.036+0000] {processor.py:153} INFO - Started process (PID=939) to work on /home/airflow/.local/lib/python3.7/site-packages/airflow/example_dags/example_sensor_decorator.py
[2023-05-07T14:39:20.036+0000] {processor.py:743} INFO - Processing file /home/airflow/.local/lib/python3.7/site-packages/airflow/example_dags/example_sensor_decorator.py for tasks to queue
[2023-05-07T14:39:20.037+0000] {logging_mixin.py:137} INFO - [2023-05-07T14:39:20.037+0000] {dagbag.py:532} INFO - Filling up the DagBag from /home/airflow/.local/lib/python3.7/site-packages/airflow/example_dags/example_sensor_decorator.py
[2023-05-07T14:39:20.064+0000] {processor.py:753} INFO - DAG(s) dict_keys(['example_sensor_decorator']) retrieved from /home/airflow/.local/lib/python3.7/site-packages/airflow/example_dags/example_sensor_decorator.py
[2023-05-07T14:39:20.091+0000] {logging_mixin.py:137} INFO - [2023-05-07T14:39:20.091+0000] {dag.py:2693} INFO - Sync 1 DAGs
[2023-05-07T14:39:20.122+0000] {logging_mixin.py:137} INFO - [2023-05-07T14:39:20.122+0000] {dag.py:3444} INFO - Setting next_dagrun for example_sensor_decorator to None, run_after=None
[2023-05-07T14:39:20.153+0000] {processor.py:175} INFO - Processing /home/airflow/.local/lib/python3.7/site-packages/airflow/example_dags/example_sensor_decorator.py took 0.120 seconds
[2023-05-07T14:39:50.443+0000] {processor.py:153} INFO - Started process (PID=989) to work on /home/airflow/.local/lib/python3.7/site-packages/airflow/example_dags/example_sensor_decorator.py
[2023-05-07T14:39:50.444+0000] {processor.py:743} INFO - Processing file /home/airflow/.local/lib/python3.7/site-packages/airflow/example_dags/example_sensor_decorator.py for tasks to queue
[2023-05-07T14:39:50.445+0000] {logging_mixin.py:137} INFO - [2023-05-07T14:39:50.445+0000] {dagbag.py:532} INFO - Filling up the DagBag from /home/airflow/.local/lib/python3.7/site-packages/airflow/example_dags/example_sensor_decorator.py
[2023-05-07T14:39:50.472+0000] {processor.py:753} INFO - DAG(s) dict_keys(['example_sensor_decorator']) retrieved from /home/airflow/.local/lib/python3.7/site-packages/airflow/example_dags/example_sensor_decorator.py
[2023-05-07T14:39:50.505+0000] {logging_mixin.py:137} INFO - [2023-05-07T14:39:50.505+0000] {dag.py:2693} INFO - Sync 1 DAGs
[2023-05-07T14:39:50.537+0000] {logging_mixin.py:137} INFO - [2023-05-07T14:39:50.536+0000] {dag.py:3444} INFO - Setting next_dagrun for example_sensor_decorator to None, run_after=None
[2023-05-07T14:39:50.557+0000] {processor.py:175} INFO - Processing /home/airflow/.local/lib/python3.7/site-packages/airflow/example_dags/example_sensor_decorator.py took 0.119 seconds
[2023-05-07T14:40:21.164+0000] {processor.py:153} INFO - Started process (PID=1040) to work on /home/airflow/.local/lib/python3.7/site-packages/airflow/example_dags/example_sensor_decorator.py
[2023-05-07T14:40:21.165+0000] {processor.py:743} INFO - Processing file /home/airflow/.local/lib/python3.7/site-packages/airflow/example_dags/example_sensor_decorator.py for tasks to queue
[2023-05-07T14:40:21.166+0000] {logging_mixin.py:137} INFO - [2023-05-07T14:40:21.165+0000] {dagbag.py:532} INFO - Filling up the DagBag from /home/airflow/.local/lib/python3.7/site-packages/airflow/example_dags/example_sensor_decorator.py
[2023-05-07T14:40:21.194+0000] {processor.py:753} INFO - DAG(s) dict_keys(['example_sensor_decorator']) retrieved from /home/airflow/.local/lib/python3.7/site-packages/airflow/example_dags/example_sensor_decorator.py
[2023-05-07T14:40:21.224+0000] {logging_mixin.py:137} INFO - [2023-05-07T14:40:21.224+0000] {dag.py:2693} INFO - Sync 1 DAGs
[2023-05-07T14:40:21.255+0000] {logging_mixin.py:137} INFO - [2023-05-07T14:40:21.255+0000] {dag.py:3444} INFO - Setting next_dagrun for example_sensor_decorator to None, run_after=None
[2023-05-07T14:40:21.279+0000] {processor.py:175} INFO - Processing /home/airflow/.local/lib/python3.7/site-packages/airflow/example_dags/example_sensor_decorator.py took 0.118 seconds
[2023-05-07T14:40:51.596+0000] {processor.py:153} INFO - Started process (PID=1092) to work on /home/airflow/.local/lib/python3.7/site-packages/airflow/example_dags/example_sensor_decorator.py
[2023-05-07T14:40:51.597+0000] {processor.py:743} INFO - Processing file /home/airflow/.local/lib/python3.7/site-packages/airflow/example_dags/example_sensor_decorator.py for tasks to queue
[2023-05-07T14:40:51.598+0000] {logging_mixin.py:137} INFO - [2023-05-07T14:40:51.597+0000] {dagbag.py:532} INFO - Filling up the DagBag from /home/airflow/.local/lib/python3.7/site-packages/airflow/example_dags/example_sensor_decorator.py
[2023-05-07T14:40:51.625+0000] {processor.py:753} INFO - DAG(s) dict_keys(['example_sensor_decorator']) retrieved from /home/airflow/.local/lib/python3.7/site-packages/airflow/example_dags/example_sensor_decorator.py
[2023-05-07T14:40:51.653+0000] {logging_mixin.py:137} INFO - [2023-05-07T14:40:51.653+0000] {dag.py:2693} INFO - Sync 1 DAGs
[2023-05-07T14:40:51.684+0000] {logging_mixin.py:137} INFO - [2023-05-07T14:40:51.684+0000] {dag.py:3444} INFO - Setting next_dagrun for example_sensor_decorator to None, run_after=None
[2023-05-07T14:40:51.705+0000] {processor.py:175} INFO - Processing /home/airflow/.local/lib/python3.7/site-packages/airflow/example_dags/example_sensor_decorator.py took 0.114 seconds
[2023-05-07T14:41:22.168+0000] {processor.py:153} INFO - Started process (PID=1143) to work on /home/airflow/.local/lib/python3.7/site-packages/airflow/example_dags/example_sensor_decorator.py
[2023-05-07T14:41:22.169+0000] {processor.py:743} INFO - Processing file /home/airflow/.local/lib/python3.7/site-packages/airflow/example_dags/example_sensor_decorator.py for tasks to queue
[2023-05-07T14:41:22.170+0000] {logging_mixin.py:137} INFO - [2023-05-07T14:41:22.170+0000] {dagbag.py:532} INFO - Filling up the DagBag from /home/airflow/.local/lib/python3.7/site-packages/airflow/example_dags/example_sensor_decorator.py
[2023-05-07T14:41:22.199+0000] {processor.py:753} INFO - DAG(s) dict_keys(['example_sensor_decorator']) retrieved from /home/airflow/.local/lib/python3.7/site-packages/airflow/example_dags/example_sensor_decorator.py
[2023-05-07T14:41:22.232+0000] {logging_mixin.py:137} INFO - [2023-05-07T14:41:22.232+0000] {dag.py:2693} INFO - Sync 1 DAGs
[2023-05-07T14:41:22.266+0000] {logging_mixin.py:137} INFO - [2023-05-07T14:41:22.265+0000] {dag.py:3444} INFO - Setting next_dagrun for example_sensor_decorator to None, run_after=None
[2023-05-07T14:41:22.286+0000] {processor.py:175} INFO - Processing /home/airflow/.local/lib/python3.7/site-packages/airflow/example_dags/example_sensor_decorator.py took 0.122 seconds
[2023-05-07T14:41:53.007+0000] {processor.py:153} INFO - Started process (PID=1194) to work on /home/airflow/.local/lib/python3.7/site-packages/airflow/example_dags/example_sensor_decorator.py
[2023-05-07T14:41:53.008+0000] {processor.py:743} INFO - Processing file /home/airflow/.local/lib/python3.7/site-packages/airflow/example_dags/example_sensor_decorator.py for tasks to queue
[2023-05-07T14:41:53.009+0000] {logging_mixin.py:137} INFO - [2023-05-07T14:41:53.009+0000] {dagbag.py:532} INFO - Filling up the DagBag from /home/airflow/.local/lib/python3.7/site-packages/airflow/example_dags/example_sensor_decorator.py
[2023-05-07T14:41:53.036+0000] {processor.py:753} INFO - DAG(s) dict_keys(['example_sensor_decorator']) retrieved from /home/airflow/.local/lib/python3.7/site-packages/airflow/example_dags/example_sensor_decorator.py
[2023-05-07T14:41:53.087+0000] {logging_mixin.py:137} INFO - [2023-05-07T14:41:53.087+0000] {dag.py:2693} INFO - Sync 1 DAGs
[2023-05-07T14:41:53.128+0000] {logging_mixin.py:137} INFO - [2023-05-07T14:41:53.128+0000] {dag.py:3444} INFO - Setting next_dagrun for example_sensor_decorator to None, run_after=None
[2023-05-07T14:41:53.150+0000] {processor.py:175} INFO - Processing /home/airflow/.local/lib/python3.7/site-packages/airflow/example_dags/example_sensor_decorator.py took 0.146 seconds
[2023-05-07T14:42:24.411+0000] {processor.py:153} INFO - Started process (PID=1245) to work on /home/airflow/.local/lib/python3.7/site-packages/airflow/example_dags/example_sensor_decorator.py
[2023-05-07T14:42:24.413+0000] {processor.py:743} INFO - Processing file /home/airflow/.local/lib/python3.7/site-packages/airflow/example_dags/example_sensor_decorator.py for tasks to queue
[2023-05-07T14:42:24.414+0000] {logging_mixin.py:137} INFO - [2023-05-07T14:42:24.414+0000] {dagbag.py:532} INFO - Filling up the DagBag from /home/airflow/.local/lib/python3.7/site-packages/airflow/example_dags/example_sensor_decorator.py
[2023-05-07T14:42:24.465+0000] {processor.py:753} INFO - DAG(s) dict_keys(['example_sensor_decorator']) retrieved from /home/airflow/.local/lib/python3.7/site-packages/airflow/example_dags/example_sensor_decorator.py
[2023-05-07T14:42:24.493+0000] {logging_mixin.py:137} INFO - [2023-05-07T14:42:24.493+0000] {dag.py:2693} INFO - Sync 1 DAGs
[2023-05-07T14:42:24.527+0000] {logging_mixin.py:137} INFO - [2023-05-07T14:42:24.527+0000] {dag.py:3444} INFO - Setting next_dagrun for example_sensor_decorator to None, run_after=None
[2023-05-07T14:42:24.556+0000] {processor.py:175} INFO - Processing /home/airflow/.local/lib/python3.7/site-packages/airflow/example_dags/example_sensor_decorator.py took 0.151 seconds
[2023-05-07T14:42:55.488+0000] {processor.py:153} INFO - Started process (PID=1296) to work on /home/airflow/.local/lib/python3.7/site-packages/airflow/example_dags/example_sensor_decorator.py
[2023-05-07T14:42:55.489+0000] {processor.py:743} INFO - Processing file /home/airflow/.local/lib/python3.7/site-packages/airflow/example_dags/example_sensor_decorator.py for tasks to queue
[2023-05-07T14:42:55.489+0000] {logging_mixin.py:137} INFO - [2023-05-07T14:42:55.489+0000] {dagbag.py:532} INFO - Filling up the DagBag from /home/airflow/.local/lib/python3.7/site-packages/airflow/example_dags/example_sensor_decorator.py
[2023-05-07T14:42:55.515+0000] {processor.py:753} INFO - DAG(s) dict_keys(['example_sensor_decorator']) retrieved from /home/airflow/.local/lib/python3.7/site-packages/airflow/example_dags/example_sensor_decorator.py
[2023-05-07T14:42:55.543+0000] {logging_mixin.py:137} INFO - [2023-05-07T14:42:55.543+0000] {dag.py:2693} INFO - Sync 1 DAGs
[2023-05-07T14:42:55.573+0000] {logging_mixin.py:137} INFO - [2023-05-07T14:42:55.573+0000] {dag.py:3444} INFO - Setting next_dagrun for example_sensor_decorator to None, run_after=None
[2023-05-07T14:42:55.602+0000] {processor.py:175} INFO - Processing /home/airflow/.local/lib/python3.7/site-packages/airflow/example_dags/example_sensor_decorator.py took 0.117 seconds
[2023-05-07T14:43:26.257+0000] {processor.py:153} INFO - Started process (PID=1348) to work on /home/airflow/.local/lib/python3.7/site-packages/airflow/example_dags/example_sensor_decorator.py
[2023-05-07T14:43:26.258+0000] {processor.py:743} INFO - Processing file /home/airflow/.local/lib/python3.7/site-packages/airflow/example_dags/example_sensor_decorator.py for tasks to queue
[2023-05-07T14:43:26.259+0000] {logging_mixin.py:137} INFO - [2023-05-07T14:43:26.259+0000] {dagbag.py:532} INFO - Filling up the DagBag from /home/airflow/.local/lib/python3.7/site-packages/airflow/example_dags/example_sensor_decorator.py
[2023-05-07T14:43:26.284+0000] {processor.py:753} INFO - DAG(s) dict_keys(['example_sensor_decorator']) retrieved from /home/airflow/.local/lib/python3.7/site-packages/airflow/example_dags/example_sensor_decorator.py
[2023-05-07T14:43:26.314+0000] {logging_mixin.py:137} INFO - [2023-05-07T14:43:26.314+0000] {dag.py:2693} INFO - Sync 1 DAGs
[2023-05-07T14:43:26.345+0000] {logging_mixin.py:137} INFO - [2023-05-07T14:43:26.345+0000] {dag.py:3444} INFO - Setting next_dagrun for example_sensor_decorator to None, run_after=None
[2023-05-07T14:43:26.365+0000] {processor.py:175} INFO - Processing /home/airflow/.local/lib/python3.7/site-packages/airflow/example_dags/example_sensor_decorator.py took 0.119 seconds
[2023-05-07T14:43:56.889+0000] {processor.py:153} INFO - Started process (PID=1399) to work on /home/airflow/.local/lib/python3.7/site-packages/airflow/example_dags/example_sensor_decorator.py
[2023-05-07T14:43:56.891+0000] {processor.py:743} INFO - Processing file /home/airflow/.local/lib/python3.7/site-packages/airflow/example_dags/example_sensor_decorator.py for tasks to queue
[2023-05-07T14:43:56.891+0000] {logging_mixin.py:137} INFO - [2023-05-07T14:43:56.891+0000] {dagbag.py:532} INFO - Filling up the DagBag from /home/airflow/.local/lib/python3.7/site-packages/airflow/example_dags/example_sensor_decorator.py
[2023-05-07T14:43:56.943+0000] {processor.py:753} INFO - DAG(s) dict_keys(['example_sensor_decorator']) retrieved from /home/airflow/.local/lib/python3.7/site-packages/airflow/example_dags/example_sensor_decorator.py
[2023-05-07T14:43:56.974+0000] {logging_mixin.py:137} INFO - [2023-05-07T14:43:56.974+0000] {dag.py:2693} INFO - Sync 1 DAGs
[2023-05-07T14:43:57.017+0000] {logging_mixin.py:137} INFO - [2023-05-07T14:43:57.017+0000] {dag.py:3444} INFO - Setting next_dagrun for example_sensor_decorator to None, run_after=None
[2023-05-07T14:43:57.044+0000] {processor.py:175} INFO - Processing /home/airflow/.local/lib/python3.7/site-packages/airflow/example_dags/example_sensor_decorator.py took 0.167 seconds
[2023-05-07T14:44:27.290+0000] {processor.py:153} INFO - Started process (PID=1450) to work on /home/airflow/.local/lib/python3.7/site-packages/airflow/example_dags/example_sensor_decorator.py
[2023-05-07T14:44:27.291+0000] {processor.py:743} INFO - Processing file /home/airflow/.local/lib/python3.7/site-packages/airflow/example_dags/example_sensor_decorator.py for tasks to queue
[2023-05-07T14:44:27.292+0000] {logging_mixin.py:137} INFO - [2023-05-07T14:44:27.292+0000] {dagbag.py:532} INFO - Filling up the DagBag from /home/airflow/.local/lib/python3.7/site-packages/airflow/example_dags/example_sensor_decorator.py
[2023-05-07T14:44:27.319+0000] {processor.py:753} INFO - DAG(s) dict_keys(['example_sensor_decorator']) retrieved from /home/airflow/.local/lib/python3.7/site-packages/airflow/example_dags/example_sensor_decorator.py
[2023-05-07T14:44:27.348+0000] {logging_mixin.py:137} INFO - [2023-05-07T14:44:27.348+0000] {dag.py:2693} INFO - Sync 1 DAGs
[2023-05-07T14:44:27.378+0000] {logging_mixin.py:137} INFO - [2023-05-07T14:44:27.378+0000] {dag.py:3444} INFO - Setting next_dagrun for example_sensor_decorator to None, run_after=None
[2023-05-07T14:44:27.399+0000] {processor.py:175} INFO - Processing /home/airflow/.local/lib/python3.7/site-packages/airflow/example_dags/example_sensor_decorator.py took 0.115 seconds
[2023-05-07T14:44:57.747+0000] {processor.py:153} INFO - Started process (PID=1501) to work on /home/airflow/.local/lib/python3.7/site-packages/airflow/example_dags/example_sensor_decorator.py
[2023-05-07T14:44:57.748+0000] {processor.py:743} INFO - Processing file /home/airflow/.local/lib/python3.7/site-packages/airflow/example_dags/example_sensor_decorator.py for tasks to queue
[2023-05-07T14:44:57.749+0000] {logging_mixin.py:137} INFO - [2023-05-07T14:44:57.749+0000] {dagbag.py:532} INFO - Filling up the DagBag from /home/airflow/.local/lib/python3.7/site-packages/airflow/example_dags/example_sensor_decorator.py
[2023-05-07T14:44:57.782+0000] {processor.py:753} INFO - DAG(s) dict_keys(['example_sensor_decorator']) retrieved from /home/airflow/.local/lib/python3.7/site-packages/airflow/example_dags/example_sensor_decorator.py
[2023-05-07T14:44:57.812+0000] {logging_mixin.py:137} INFO - [2023-05-07T14:44:57.811+0000] {dag.py:2693} INFO - Sync 1 DAGs
[2023-05-07T14:44:57.843+0000] {logging_mixin.py:137} INFO - [2023-05-07T14:44:57.843+0000] {dag.py:3444} INFO - Setting next_dagrun for example_sensor_decorator to None, run_after=None
[2023-05-07T14:44:57.864+0000] {processor.py:175} INFO - Processing /home/airflow/.local/lib/python3.7/site-packages/airflow/example_dags/example_sensor_decorator.py took 0.120 seconds
[2023-05-07T14:45:28.781+0000] {processor.py:153} INFO - Started process (PID=1552) to work on /home/airflow/.local/lib/python3.7/site-packages/airflow/example_dags/example_sensor_decorator.py
[2023-05-07T14:45:28.786+0000] {processor.py:743} INFO - Processing file /home/airflow/.local/lib/python3.7/site-packages/airflow/example_dags/example_sensor_decorator.py for tasks to queue
[2023-05-07T14:45:28.787+0000] {logging_mixin.py:137} INFO - [2023-05-07T14:45:28.787+0000] {dagbag.py:532} INFO - Filling up the DagBag from /home/airflow/.local/lib/python3.7/site-packages/airflow/example_dags/example_sensor_decorator.py
[2023-05-07T14:45:28.841+0000] {processor.py:753} INFO - DAG(s) dict_keys(['example_sensor_decorator']) retrieved from /home/airflow/.local/lib/python3.7/site-packages/airflow/example_dags/example_sensor_decorator.py
[2023-05-07T14:45:28.895+0000] {logging_mixin.py:137} INFO - [2023-05-07T14:45:28.895+0000] {dag.py:2693} INFO - Sync 1 DAGs
[2023-05-07T14:45:28.961+0000] {logging_mixin.py:137} INFO - [2023-05-07T14:45:28.961+0000] {dag.py:3444} INFO - Setting next_dagrun for example_sensor_decorator to None, run_after=None
[2023-05-07T14:45:29.006+0000] {processor.py:175} INFO - Processing /home/airflow/.local/lib/python3.7/site-packages/airflow/example_dags/example_sensor_decorator.py took 0.234 seconds
[2023-05-07T14:45:59.698+0000] {processor.py:153} INFO - Started process (PID=1603) to work on /home/airflow/.local/lib/python3.7/site-packages/airflow/example_dags/example_sensor_decorator.py
[2023-05-07T14:45:59.699+0000] {processor.py:743} INFO - Processing file /home/airflow/.local/lib/python3.7/site-packages/airflow/example_dags/example_sensor_decorator.py for tasks to queue
[2023-05-07T14:45:59.700+0000] {logging_mixin.py:137} INFO - [2023-05-07T14:45:59.700+0000] {dagbag.py:532} INFO - Filling up the DagBag from /home/airflow/.local/lib/python3.7/site-packages/airflow/example_dags/example_sensor_decorator.py
[2023-05-07T14:45:59.729+0000] {processor.py:753} INFO - DAG(s) dict_keys(['example_sensor_decorator']) retrieved from /home/airflow/.local/lib/python3.7/site-packages/airflow/example_dags/example_sensor_decorator.py
[2023-05-07T14:45:59.760+0000] {logging_mixin.py:137} INFO - [2023-05-07T14:45:59.760+0000] {dag.py:2693} INFO - Sync 1 DAGs
[2023-05-07T14:45:59.791+0000] {logging_mixin.py:137} INFO - [2023-05-07T14:45:59.791+0000] {dag.py:3444} INFO - Setting next_dagrun for example_sensor_decorator to None, run_after=None
[2023-05-07T14:45:59.822+0000] {processor.py:175} INFO - Processing /home/airflow/.local/lib/python3.7/site-packages/airflow/example_dags/example_sensor_decorator.py took 0.130 seconds
[2023-05-07T14:46:30.140+0000] {processor.py:153} INFO - Started process (PID=1655) to work on /home/airflow/.local/lib/python3.7/site-packages/airflow/example_dags/example_sensor_decorator.py
[2023-05-07T14:46:30.141+0000] {processor.py:743} INFO - Processing file /home/airflow/.local/lib/python3.7/site-packages/airflow/example_dags/example_sensor_decorator.py for tasks to queue
[2023-05-07T14:46:30.142+0000] {logging_mixin.py:137} INFO - [2023-05-07T14:46:30.141+0000] {dagbag.py:532} INFO - Filling up the DagBag from /home/airflow/.local/lib/python3.7/site-packages/airflow/example_dags/example_sensor_decorator.py
[2023-05-07T14:46:30.170+0000] {processor.py:753} INFO - DAG(s) dict_keys(['example_sensor_decorator']) retrieved from /home/airflow/.local/lib/python3.7/site-packages/airflow/example_dags/example_sensor_decorator.py
[2023-05-07T14:46:30.200+0000] {logging_mixin.py:137} INFO - [2023-05-07T14:46:30.200+0000] {dag.py:2693} INFO - Sync 1 DAGs
[2023-05-07T14:46:30.248+0000] {logging_mixin.py:137} INFO - [2023-05-07T14:46:30.247+0000] {dag.py:3444} INFO - Setting next_dagrun for example_sensor_decorator to None, run_after=None
[2023-05-07T14:46:30.273+0000] {processor.py:175} INFO - Processing /home/airflow/.local/lib/python3.7/site-packages/airflow/example_dags/example_sensor_decorator.py took 0.137 seconds
[2023-05-07T14:47:00.583+0000] {processor.py:153} INFO - Started process (PID=1706) to work on /home/airflow/.local/lib/python3.7/site-packages/airflow/example_dags/example_sensor_decorator.py
[2023-05-07T14:47:00.584+0000] {processor.py:743} INFO - Processing file /home/airflow/.local/lib/python3.7/site-packages/airflow/example_dags/example_sensor_decorator.py for tasks to queue
[2023-05-07T14:47:00.585+0000] {logging_mixin.py:137} INFO - [2023-05-07T14:47:00.585+0000] {dagbag.py:532} INFO - Filling up the DagBag from /home/airflow/.local/lib/python3.7/site-packages/airflow/example_dags/example_sensor_decorator.py
[2023-05-07T14:47:00.611+0000] {processor.py:753} INFO - DAG(s) dict_keys(['example_sensor_decorator']) retrieved from /home/airflow/.local/lib/python3.7/site-packages/airflow/example_dags/example_sensor_decorator.py
[2023-05-07T14:47:00.639+0000] {logging_mixin.py:137} INFO - [2023-05-07T14:47:00.639+0000] {dag.py:2693} INFO - Sync 1 DAGs
[2023-05-07T14:47:00.671+0000] {logging_mixin.py:137} INFO - [2023-05-07T14:47:00.671+0000] {dag.py:3444} INFO - Setting next_dagrun for example_sensor_decorator to None, run_after=None
[2023-05-07T14:47:00.694+0000] {processor.py:175} INFO - Processing /home/airflow/.local/lib/python3.7/site-packages/airflow/example_dags/example_sensor_decorator.py took 0.115 seconds
[2023-05-07T14:47:31.091+0000] {processor.py:153} INFO - Started process (PID=1757) to work on /home/airflow/.local/lib/python3.7/site-packages/airflow/example_dags/example_sensor_decorator.py
[2023-05-07T14:47:31.092+0000] {processor.py:743} INFO - Processing file /home/airflow/.local/lib/python3.7/site-packages/airflow/example_dags/example_sensor_decorator.py for tasks to queue
[2023-05-07T14:47:31.093+0000] {logging_mixin.py:137} INFO - [2023-05-07T14:47:31.093+0000] {dagbag.py:532} INFO - Filling up the DagBag from /home/airflow/.local/lib/python3.7/site-packages/airflow/example_dags/example_sensor_decorator.py
[2023-05-07T14:47:31.125+0000] {processor.py:753} INFO - DAG(s) dict_keys(['example_sensor_decorator']) retrieved from /home/airflow/.local/lib/python3.7/site-packages/airflow/example_dags/example_sensor_decorator.py
[2023-05-07T14:47:31.155+0000] {logging_mixin.py:137} INFO - [2023-05-07T14:47:31.154+0000] {dag.py:2693} INFO - Sync 1 DAGs
[2023-05-07T14:47:31.185+0000] {logging_mixin.py:137} INFO - [2023-05-07T14:47:31.185+0000] {dag.py:3444} INFO - Setting next_dagrun for example_sensor_decorator to None, run_after=None
[2023-05-07T14:47:31.207+0000] {processor.py:175} INFO - Processing /home/airflow/.local/lib/python3.7/site-packages/airflow/example_dags/example_sensor_decorator.py took 0.121 seconds
[2023-05-07T14:48:01.323+0000] {processor.py:153} INFO - Started process (PID=1808) to work on /home/airflow/.local/lib/python3.7/site-packages/airflow/example_dags/example_sensor_decorator.py
[2023-05-07T14:48:01.324+0000] {processor.py:743} INFO - Processing file /home/airflow/.local/lib/python3.7/site-packages/airflow/example_dags/example_sensor_decorator.py for tasks to queue
[2023-05-07T14:48:01.325+0000] {logging_mixin.py:137} INFO - [2023-05-07T14:48:01.325+0000] {dagbag.py:532} INFO - Filling up the DagBag from /home/airflow/.local/lib/python3.7/site-packages/airflow/example_dags/example_sensor_decorator.py
[2023-05-07T14:48:01.352+0000] {processor.py:753} INFO - DAG(s) dict_keys(['example_sensor_decorator']) retrieved from /home/airflow/.local/lib/python3.7/site-packages/airflow/example_dags/example_sensor_decorator.py
[2023-05-07T14:48:01.381+0000] {logging_mixin.py:137} INFO - [2023-05-07T14:48:01.381+0000] {dag.py:2693} INFO - Sync 1 DAGs
[2023-05-07T14:48:01.413+0000] {logging_mixin.py:137} INFO - [2023-05-07T14:48:01.413+0000] {dag.py:3444} INFO - Setting next_dagrun for example_sensor_decorator to None, run_after=None
[2023-05-07T14:48:01.433+0000] {processor.py:175} INFO - Processing /home/airflow/.local/lib/python3.7/site-packages/airflow/example_dags/example_sensor_decorator.py took 0.113 seconds
[2023-05-07T14:48:32.005+0000] {processor.py:153} INFO - Started process (PID=1859) to work on /home/airflow/.local/lib/python3.7/site-packages/airflow/example_dags/example_sensor_decorator.py
[2023-05-07T14:48:32.007+0000] {processor.py:743} INFO - Processing file /home/airflow/.local/lib/python3.7/site-packages/airflow/example_dags/example_sensor_decorator.py for tasks to queue
[2023-05-07T14:48:32.011+0000] {logging_mixin.py:137} INFO - [2023-05-07T14:48:32.010+0000] {dagbag.py:532} INFO - Filling up the DagBag from /home/airflow/.local/lib/python3.7/site-packages/airflow/example_dags/example_sensor_decorator.py
[2023-05-07T14:48:32.039+0000] {processor.py:753} INFO - DAG(s) dict_keys(['example_sensor_decorator']) retrieved from /home/airflow/.local/lib/python3.7/site-packages/airflow/example_dags/example_sensor_decorator.py
[2023-05-07T14:48:32.067+0000] {logging_mixin.py:137} INFO - [2023-05-07T14:48:32.066+0000] {dag.py:2693} INFO - Sync 1 DAGs
[2023-05-07T14:48:32.099+0000] {logging_mixin.py:137} INFO - [2023-05-07T14:48:32.098+0000] {dag.py:3444} INFO - Setting next_dagrun for example_sensor_decorator to None, run_after=None
[2023-05-07T14:48:32.119+0000] {processor.py:175} INFO - Processing /home/airflow/.local/lib/python3.7/site-packages/airflow/example_dags/example_sensor_decorator.py took 0.118 seconds
[2023-05-07T14:49:02.720+0000] {processor.py:153} INFO - Started process (PID=1910) to work on /home/airflow/.local/lib/python3.7/site-packages/airflow/example_dags/example_sensor_decorator.py
[2023-05-07T14:49:02.725+0000] {processor.py:743} INFO - Processing file /home/airflow/.local/lib/python3.7/site-packages/airflow/example_dags/example_sensor_decorator.py for tasks to queue
[2023-05-07T14:49:02.726+0000] {logging_mixin.py:137} INFO - [2023-05-07T14:49:02.726+0000] {dagbag.py:532} INFO - Filling up the DagBag from /home/airflow/.local/lib/python3.7/site-packages/airflow/example_dags/example_sensor_decorator.py
[2023-05-07T14:49:02.789+0000] {processor.py:753} INFO - DAG(s) dict_keys(['example_sensor_decorator']) retrieved from /home/airflow/.local/lib/python3.7/site-packages/airflow/example_dags/example_sensor_decorator.py
[2023-05-07T14:49:02.817+0000] {logging_mixin.py:137} INFO - [2023-05-07T14:49:02.817+0000] {dag.py:2693} INFO - Sync 1 DAGs
[2023-05-07T14:49:02.878+0000] {logging_mixin.py:137} INFO - [2023-05-07T14:49:02.877+0000] {dag.py:3444} INFO - Setting next_dagrun for example_sensor_decorator to None, run_after=None
[2023-05-07T14:49:02.922+0000] {processor.py:175} INFO - Processing /home/airflow/.local/lib/python3.7/site-packages/airflow/example_dags/example_sensor_decorator.py took 0.205 seconds
[2023-05-07T14:49:32.981+0000] {processor.py:153} INFO - Started process (PID=1961) to work on /home/airflow/.local/lib/python3.7/site-packages/airflow/example_dags/example_sensor_decorator.py
[2023-05-07T14:49:32.982+0000] {processor.py:743} INFO - Processing file /home/airflow/.local/lib/python3.7/site-packages/airflow/example_dags/example_sensor_decorator.py for tasks to queue
[2023-05-07T14:49:32.983+0000] {logging_mixin.py:137} INFO - [2023-05-07T14:49:32.983+0000] {dagbag.py:532} INFO - Filling up the DagBag from /home/airflow/.local/lib/python3.7/site-packages/airflow/example_dags/example_sensor_decorator.py
[2023-05-07T14:49:33.010+0000] {processor.py:753} INFO - DAG(s) dict_keys(['example_sensor_decorator']) retrieved from /home/airflow/.local/lib/python3.7/site-packages/airflow/example_dags/example_sensor_decorator.py
[2023-05-07T14:49:33.038+0000] {logging_mixin.py:137} INFO - [2023-05-07T14:49:33.038+0000] {dag.py:2693} INFO - Sync 1 DAGs
[2023-05-07T14:49:33.069+0000] {logging_mixin.py:137} INFO - [2023-05-07T14:49:33.068+0000] {dag.py:3444} INFO - Setting next_dagrun for example_sensor_decorator to None, run_after=None
[2023-05-07T14:49:33.090+0000] {processor.py:175} INFO - Processing /home/airflow/.local/lib/python3.7/site-packages/airflow/example_dags/example_sensor_decorator.py took 0.113 seconds
[2023-05-07T14:50:03.391+0000] {processor.py:153} INFO - Started process (PID=2012) to work on /home/airflow/.local/lib/python3.7/site-packages/airflow/example_dags/example_sensor_decorator.py
[2023-05-07T14:50:03.392+0000] {processor.py:743} INFO - Processing file /home/airflow/.local/lib/python3.7/site-packages/airflow/example_dags/example_sensor_decorator.py for tasks to queue
[2023-05-07T14:50:03.392+0000] {logging_mixin.py:137} INFO - [2023-05-07T14:50:03.392+0000] {dagbag.py:532} INFO - Filling up the DagBag from /home/airflow/.local/lib/python3.7/site-packages/airflow/example_dags/example_sensor_decorator.py
[2023-05-07T14:50:03.420+0000] {processor.py:753} INFO - DAG(s) dict_keys(['example_sensor_decorator']) retrieved from /home/airflow/.local/lib/python3.7/site-packages/airflow/example_dags/example_sensor_decorator.py
[2023-05-07T14:50:03.448+0000] {logging_mixin.py:137} INFO - [2023-05-07T14:50:03.448+0000] {dag.py:2693} INFO - Sync 1 DAGs
[2023-05-07T14:50:03.478+0000] {logging_mixin.py:137} INFO - [2023-05-07T14:50:03.478+0000] {dag.py:3444} INFO - Setting next_dagrun for example_sensor_decorator to None, run_after=None
[2023-05-07T14:50:03.501+0000] {processor.py:175} INFO - Processing /home/airflow/.local/lib/python3.7/site-packages/airflow/example_dags/example_sensor_decorator.py took 0.114 seconds
[2023-05-07T14:50:33.609+0000] {processor.py:153} INFO - Started process (PID=2062) to work on /home/airflow/.local/lib/python3.7/site-packages/airflow/example_dags/example_sensor_decorator.py
[2023-05-07T14:50:33.611+0000] {processor.py:743} INFO - Processing file /home/airflow/.local/lib/python3.7/site-packages/airflow/example_dags/example_sensor_decorator.py for tasks to queue
[2023-05-07T14:50:33.611+0000] {logging_mixin.py:137} INFO - [2023-05-07T14:50:33.611+0000] {dagbag.py:532} INFO - Filling up the DagBag from /home/airflow/.local/lib/python3.7/site-packages/airflow/example_dags/example_sensor_decorator.py
[2023-05-07T14:50:33.642+0000] {processor.py:753} INFO - DAG(s) dict_keys(['example_sensor_decorator']) retrieved from /home/airflow/.local/lib/python3.7/site-packages/airflow/example_dags/example_sensor_decorator.py
[2023-05-07T14:50:33.669+0000] {logging_mixin.py:137} INFO - [2023-05-07T14:50:33.669+0000] {dag.py:2693} INFO - Sync 1 DAGs
[2023-05-07T14:50:33.701+0000] {logging_mixin.py:137} INFO - [2023-05-07T14:50:33.700+0000] {dag.py:3444} INFO - Setting next_dagrun for example_sensor_decorator to None, run_after=None
[2023-05-07T14:50:33.722+0000] {processor.py:175} INFO - Processing /home/airflow/.local/lib/python3.7/site-packages/airflow/example_dags/example_sensor_decorator.py took 0.116 seconds
[2023-05-07T14:51:04.680+0000] {processor.py:153} INFO - Started process (PID=2113) to work on /home/airflow/.local/lib/python3.7/site-packages/airflow/example_dags/example_sensor_decorator.py
[2023-05-07T14:51:04.681+0000] {processor.py:743} INFO - Processing file /home/airflow/.local/lib/python3.7/site-packages/airflow/example_dags/example_sensor_decorator.py for tasks to queue
[2023-05-07T14:51:04.682+0000] {logging_mixin.py:137} INFO - [2023-05-07T14:51:04.682+0000] {dagbag.py:532} INFO - Filling up the DagBag from /home/airflow/.local/lib/python3.7/site-packages/airflow/example_dags/example_sensor_decorator.py
[2023-05-07T14:51:04.709+0000] {processor.py:753} INFO - DAG(s) dict_keys(['example_sensor_decorator']) retrieved from /home/airflow/.local/lib/python3.7/site-packages/airflow/example_dags/example_sensor_decorator.py
[2023-05-07T14:51:04.740+0000] {logging_mixin.py:137} INFO - [2023-05-07T14:51:04.740+0000] {dag.py:2693} INFO - Sync 1 DAGs
[2023-05-07T14:51:04.772+0000] {logging_mixin.py:137} INFO - [2023-05-07T14:51:04.772+0000] {dag.py:3444} INFO - Setting next_dagrun for example_sensor_decorator to None, run_after=None
[2023-05-07T14:51:04.793+0000] {processor.py:175} INFO - Processing /home/airflow/.local/lib/python3.7/site-packages/airflow/example_dags/example_sensor_decorator.py took 0.117 seconds
[2023-05-07T14:51:35.479+0000] {processor.py:153} INFO - Started process (PID=2164) to work on /home/airflow/.local/lib/python3.7/site-packages/airflow/example_dags/example_sensor_decorator.py
[2023-05-07T14:51:35.480+0000] {processor.py:743} INFO - Processing file /home/airflow/.local/lib/python3.7/site-packages/airflow/example_dags/example_sensor_decorator.py for tasks to queue
[2023-05-07T14:51:35.481+0000] {logging_mixin.py:137} INFO - [2023-05-07T14:51:35.481+0000] {dagbag.py:532} INFO - Filling up the DagBag from /home/airflow/.local/lib/python3.7/site-packages/airflow/example_dags/example_sensor_decorator.py
[2023-05-07T14:51:35.511+0000] {processor.py:753} INFO - DAG(s) dict_keys(['example_sensor_decorator']) retrieved from /home/airflow/.local/lib/python3.7/site-packages/airflow/example_dags/example_sensor_decorator.py
[2023-05-07T14:51:35.539+0000] {logging_mixin.py:137} INFO - [2023-05-07T14:51:35.539+0000] {dag.py:2693} INFO - Sync 1 DAGs
[2023-05-07T14:51:35.586+0000] {logging_mixin.py:137} INFO - [2023-05-07T14:51:35.586+0000] {dag.py:3444} INFO - Setting next_dagrun for example_sensor_decorator to None, run_after=None
[2023-05-07T14:51:35.610+0000] {processor.py:175} INFO - Processing /home/airflow/.local/lib/python3.7/site-packages/airflow/example_dags/example_sensor_decorator.py took 0.135 seconds
[2023-05-07T14:52:05.759+0000] {processor.py:153} INFO - Started process (PID=2215) to work on /home/airflow/.local/lib/python3.7/site-packages/airflow/example_dags/example_sensor_decorator.py
[2023-05-07T14:52:05.760+0000] {processor.py:743} INFO - Processing file /home/airflow/.local/lib/python3.7/site-packages/airflow/example_dags/example_sensor_decorator.py for tasks to queue
[2023-05-07T14:52:05.761+0000] {logging_mixin.py:137} INFO - [2023-05-07T14:52:05.761+0000] {dagbag.py:532} INFO - Filling up the DagBag from /home/airflow/.local/lib/python3.7/site-packages/airflow/example_dags/example_sensor_decorator.py
[2023-05-07T14:52:05.788+0000] {processor.py:753} INFO - DAG(s) dict_keys(['example_sensor_decorator']) retrieved from /home/airflow/.local/lib/python3.7/site-packages/airflow/example_dags/example_sensor_decorator.py
[2023-05-07T14:52:05.816+0000] {logging_mixin.py:137} INFO - [2023-05-07T14:52:05.816+0000] {dag.py:2693} INFO - Sync 1 DAGs
[2023-05-07T14:52:05.853+0000] {logging_mixin.py:137} INFO - [2023-05-07T14:52:05.853+0000] {dag.py:3444} INFO - Setting next_dagrun for example_sensor_decorator to None, run_after=None
[2023-05-07T14:52:05.874+0000] {processor.py:175} INFO - Processing /home/airflow/.local/lib/python3.7/site-packages/airflow/example_dags/example_sensor_decorator.py took 0.119 seconds
[2023-05-07T14:52:36.157+0000] {processor.py:153} INFO - Started process (PID=2266) to work on /home/airflow/.local/lib/python3.7/site-packages/airflow/example_dags/example_sensor_decorator.py
[2023-05-07T14:52:36.158+0000] {processor.py:743} INFO - Processing file /home/airflow/.local/lib/python3.7/site-packages/airflow/example_dags/example_sensor_decorator.py for tasks to queue
[2023-05-07T14:52:36.158+0000] {logging_mixin.py:137} INFO - [2023-05-07T14:52:36.158+0000] {dagbag.py:532} INFO - Filling up the DagBag from /home/airflow/.local/lib/python3.7/site-packages/airflow/example_dags/example_sensor_decorator.py
[2023-05-07T14:52:36.185+0000] {processor.py:753} INFO - DAG(s) dict_keys(['example_sensor_decorator']) retrieved from /home/airflow/.local/lib/python3.7/site-packages/airflow/example_dags/example_sensor_decorator.py
[2023-05-07T14:52:36.213+0000] {logging_mixin.py:137} INFO - [2023-05-07T14:52:36.213+0000] {dag.py:2693} INFO - Sync 1 DAGs
[2023-05-07T14:52:36.246+0000] {logging_mixin.py:137} INFO - [2023-05-07T14:52:36.246+0000] {dag.py:3444} INFO - Setting next_dagrun for example_sensor_decorator to None, run_after=None
[2023-05-07T14:52:36.267+0000] {processor.py:175} INFO - Processing /home/airflow/.local/lib/python3.7/site-packages/airflow/example_dags/example_sensor_decorator.py took 0.114 seconds
[2023-05-07T14:53:06.417+0000] {processor.py:153} INFO - Started process (PID=2317) to work on /home/airflow/.local/lib/python3.7/site-packages/airflow/example_dags/example_sensor_decorator.py
[2023-05-07T14:53:06.418+0000] {processor.py:743} INFO - Processing file /home/airflow/.local/lib/python3.7/site-packages/airflow/example_dags/example_sensor_decorator.py for tasks to queue
[2023-05-07T14:53:06.418+0000] {logging_mixin.py:137} INFO - [2023-05-07T14:53:06.418+0000] {dagbag.py:532} INFO - Filling up the DagBag from /home/airflow/.local/lib/python3.7/site-packages/airflow/example_dags/example_sensor_decorator.py
[2023-05-07T14:53:06.446+0000] {processor.py:753} INFO - DAG(s) dict_keys(['example_sensor_decorator']) retrieved from /home/airflow/.local/lib/python3.7/site-packages/airflow/example_dags/example_sensor_decorator.py
[2023-05-07T14:53:06.474+0000] {logging_mixin.py:137} INFO - [2023-05-07T14:53:06.474+0000] {dag.py:2693} INFO - Sync 1 DAGs
[2023-05-07T14:53:06.508+0000] {logging_mixin.py:137} INFO - [2023-05-07T14:53:06.508+0000] {dag.py:3444} INFO - Setting next_dagrun for example_sensor_decorator to None, run_after=None
[2023-05-07T14:53:06.530+0000] {processor.py:175} INFO - Processing /home/airflow/.local/lib/python3.7/site-packages/airflow/example_dags/example_sensor_decorator.py took 0.117 seconds
[2023-05-07T14:53:36.712+0000] {processor.py:153} INFO - Started process (PID=2368) to work on /home/airflow/.local/lib/python3.7/site-packages/airflow/example_dags/example_sensor_decorator.py
[2023-05-07T14:53:36.713+0000] {processor.py:743} INFO - Processing file /home/airflow/.local/lib/python3.7/site-packages/airflow/example_dags/example_sensor_decorator.py for tasks to queue
[2023-05-07T14:53:36.714+0000] {logging_mixin.py:137} INFO - [2023-05-07T14:53:36.714+0000] {dagbag.py:532} INFO - Filling up the DagBag from /home/airflow/.local/lib/python3.7/site-packages/airflow/example_dags/example_sensor_decorator.py
[2023-05-07T14:53:36.742+0000] {processor.py:753} INFO - DAG(s) dict_keys(['example_sensor_decorator']) retrieved from /home/airflow/.local/lib/python3.7/site-packages/airflow/example_dags/example_sensor_decorator.py
[2023-05-07T14:53:36.771+0000] {logging_mixin.py:137} INFO - [2023-05-07T14:53:36.770+0000] {dag.py:2693} INFO - Sync 1 DAGs
[2023-05-07T14:53:36.803+0000] {logging_mixin.py:137} INFO - [2023-05-07T14:53:36.803+0000] {dag.py:3444} INFO - Setting next_dagrun for example_sensor_decorator to None, run_after=None
[2023-05-07T14:53:36.825+0000] {processor.py:175} INFO - Processing /home/airflow/.local/lib/python3.7/site-packages/airflow/example_dags/example_sensor_decorator.py took 0.117 seconds
[2023-05-07T14:54:07.599+0000] {processor.py:153} INFO - Started process (PID=2419) to work on /home/airflow/.local/lib/python3.7/site-packages/airflow/example_dags/example_sensor_decorator.py
[2023-05-07T14:54:07.600+0000] {processor.py:743} INFO - Processing file /home/airflow/.local/lib/python3.7/site-packages/airflow/example_dags/example_sensor_decorator.py for tasks to queue
[2023-05-07T14:54:07.601+0000] {logging_mixin.py:137} INFO - [2023-05-07T14:54:07.601+0000] {dagbag.py:532} INFO - Filling up the DagBag from /home/airflow/.local/lib/python3.7/site-packages/airflow/example_dags/example_sensor_decorator.py
[2023-05-07T14:54:07.628+0000] {processor.py:753} INFO - DAG(s) dict_keys(['example_sensor_decorator']) retrieved from /home/airflow/.local/lib/python3.7/site-packages/airflow/example_dags/example_sensor_decorator.py
[2023-05-07T14:54:07.657+0000] {logging_mixin.py:137} INFO - [2023-05-07T14:54:07.657+0000] {dag.py:2693} INFO - Sync 1 DAGs
[2023-05-07T14:54:07.692+0000] {logging_mixin.py:137} INFO - [2023-05-07T14:54:07.692+0000] {dag.py:3444} INFO - Setting next_dagrun for example_sensor_decorator to None, run_after=None
[2023-05-07T14:54:07.714+0000] {processor.py:175} INFO - Processing /home/airflow/.local/lib/python3.7/site-packages/airflow/example_dags/example_sensor_decorator.py took 0.118 seconds
[2023-05-07T14:54:38.291+0000] {processor.py:153} INFO - Started process (PID=2470) to work on /home/airflow/.local/lib/python3.7/site-packages/airflow/example_dags/example_sensor_decorator.py
[2023-05-07T14:54:38.293+0000] {processor.py:743} INFO - Processing file /home/airflow/.local/lib/python3.7/site-packages/airflow/example_dags/example_sensor_decorator.py for tasks to queue
[2023-05-07T14:54:38.294+0000] {logging_mixin.py:137} INFO - [2023-05-07T14:54:38.293+0000] {dagbag.py:532} INFO - Filling up the DagBag from /home/airflow/.local/lib/python3.7/site-packages/airflow/example_dags/example_sensor_decorator.py
[2023-05-07T14:54:38.322+0000] {processor.py:753} INFO - DAG(s) dict_keys(['example_sensor_decorator']) retrieved from /home/airflow/.local/lib/python3.7/site-packages/airflow/example_dags/example_sensor_decorator.py
[2023-05-07T14:54:38.354+0000] {logging_mixin.py:137} INFO - [2023-05-07T14:54:38.354+0000] {dag.py:2693} INFO - Sync 1 DAGs
[2023-05-07T14:54:38.390+0000] {logging_mixin.py:137} INFO - [2023-05-07T14:54:38.390+0000] {dag.py:3444} INFO - Setting next_dagrun for example_sensor_decorator to None, run_after=None
[2023-05-07T14:54:38.411+0000] {processor.py:175} INFO - Processing /home/airflow/.local/lib/python3.7/site-packages/airflow/example_dags/example_sensor_decorator.py took 0.125 seconds
[2023-05-07T14:55:09.014+0000] {processor.py:153} INFO - Started process (PID=2521) to work on /home/airflow/.local/lib/python3.7/site-packages/airflow/example_dags/example_sensor_decorator.py
[2023-05-07T14:55:09.021+0000] {processor.py:743} INFO - Processing file /home/airflow/.local/lib/python3.7/site-packages/airflow/example_dags/example_sensor_decorator.py for tasks to queue
[2023-05-07T14:55:09.026+0000] {logging_mixin.py:137} INFO - [2023-05-07T14:55:09.026+0000] {dagbag.py:532} INFO - Filling up the DagBag from /home/airflow/.local/lib/python3.7/site-packages/airflow/example_dags/example_sensor_decorator.py
[2023-05-07T14:55:09.081+0000] {processor.py:753} INFO - DAG(s) dict_keys(['example_sensor_decorator']) retrieved from /home/airflow/.local/lib/python3.7/site-packages/airflow/example_dags/example_sensor_decorator.py
[2023-05-07T14:55:09.132+0000] {logging_mixin.py:137} INFO - [2023-05-07T14:55:09.132+0000] {dag.py:2693} INFO - Sync 1 DAGs
[2023-05-07T14:55:09.198+0000] {logging_mixin.py:137} INFO - [2023-05-07T14:55:09.197+0000] {dag.py:3444} INFO - Setting next_dagrun for example_sensor_decorator to None, run_after=None
[2023-05-07T14:55:09.238+0000] {processor.py:175} INFO - Processing /home/airflow/.local/lib/python3.7/site-packages/airflow/example_dags/example_sensor_decorator.py took 0.236 seconds
[2023-05-07T14:55:40.192+0000] {processor.py:153} INFO - Started process (PID=2572) to work on /home/airflow/.local/lib/python3.7/site-packages/airflow/example_dags/example_sensor_decorator.py
[2023-05-07T14:55:40.194+0000] {processor.py:743} INFO - Processing file /home/airflow/.local/lib/python3.7/site-packages/airflow/example_dags/example_sensor_decorator.py for tasks to queue
[2023-05-07T14:55:40.195+0000] {logging_mixin.py:137} INFO - [2023-05-07T14:55:40.195+0000] {dagbag.py:532} INFO - Filling up the DagBag from /home/airflow/.local/lib/python3.7/site-packages/airflow/example_dags/example_sensor_decorator.py
[2023-05-07T14:55:40.234+0000] {processor.py:753} INFO - DAG(s) dict_keys(['example_sensor_decorator']) retrieved from /home/airflow/.local/lib/python3.7/site-packages/airflow/example_dags/example_sensor_decorator.py
[2023-05-07T14:55:40.266+0000] {logging_mixin.py:137} INFO - [2023-05-07T14:55:40.266+0000] {dag.py:2693} INFO - Sync 1 DAGs
[2023-05-07T14:55:40.298+0000] {logging_mixin.py:137} INFO - [2023-05-07T14:55:40.298+0000] {dag.py:3444} INFO - Setting next_dagrun for example_sensor_decorator to None, run_after=None
[2023-05-07T14:55:40.326+0000] {processor.py:175} INFO - Processing /home/airflow/.local/lib/python3.7/site-packages/airflow/example_dags/example_sensor_decorator.py took 0.137 seconds
[2023-05-07T14:56:10.618+0000] {processor.py:153} INFO - Started process (PID=2623) to work on /home/airflow/.local/lib/python3.7/site-packages/airflow/example_dags/example_sensor_decorator.py
[2023-05-07T14:56:10.619+0000] {processor.py:743} INFO - Processing file /home/airflow/.local/lib/python3.7/site-packages/airflow/example_dags/example_sensor_decorator.py for tasks to queue
[2023-05-07T14:56:10.620+0000] {logging_mixin.py:137} INFO - [2023-05-07T14:56:10.620+0000] {dagbag.py:532} INFO - Filling up the DagBag from /home/airflow/.local/lib/python3.7/site-packages/airflow/example_dags/example_sensor_decorator.py
[2023-05-07T14:56:10.658+0000] {processor.py:753} INFO - DAG(s) dict_keys(['example_sensor_decorator']) retrieved from /home/airflow/.local/lib/python3.7/site-packages/airflow/example_dags/example_sensor_decorator.py
[2023-05-07T14:56:10.686+0000] {logging_mixin.py:137} INFO - [2023-05-07T14:56:10.686+0000] {dag.py:2693} INFO - Sync 1 DAGs
[2023-05-07T14:56:10.717+0000] {logging_mixin.py:137} INFO - [2023-05-07T14:56:10.717+0000] {dag.py:3444} INFO - Setting next_dagrun for example_sensor_decorator to None, run_after=None
[2023-05-07T14:56:10.738+0000] {processor.py:175} INFO - Processing /home/airflow/.local/lib/python3.7/site-packages/airflow/example_dags/example_sensor_decorator.py took 0.123 seconds
[2023-05-07T14:56:41.378+0000] {processor.py:153} INFO - Started process (PID=2674) to work on /home/airflow/.local/lib/python3.7/site-packages/airflow/example_dags/example_sensor_decorator.py
[2023-05-07T14:56:41.380+0000] {processor.py:743} INFO - Processing file /home/airflow/.local/lib/python3.7/site-packages/airflow/example_dags/example_sensor_decorator.py for tasks to queue
[2023-05-07T14:56:41.380+0000] {logging_mixin.py:137} INFO - [2023-05-07T14:56:41.380+0000] {dagbag.py:532} INFO - Filling up the DagBag from /home/airflow/.local/lib/python3.7/site-packages/airflow/example_dags/example_sensor_decorator.py
[2023-05-07T14:56:41.409+0000] {processor.py:753} INFO - DAG(s) dict_keys(['example_sensor_decorator']) retrieved from /home/airflow/.local/lib/python3.7/site-packages/airflow/example_dags/example_sensor_decorator.py
[2023-05-07T14:56:41.436+0000] {logging_mixin.py:137} INFO - [2023-05-07T14:56:41.435+0000] {dag.py:2693} INFO - Sync 1 DAGs
[2023-05-07T14:56:41.467+0000] {logging_mixin.py:137} INFO - [2023-05-07T14:56:41.467+0000] {dag.py:3444} INFO - Setting next_dagrun for example_sensor_decorator to None, run_after=None
[2023-05-07T14:56:41.488+0000] {processor.py:175} INFO - Processing /home/airflow/.local/lib/python3.7/site-packages/airflow/example_dags/example_sensor_decorator.py took 0.114 seconds
[2023-05-07T14:57:11.743+0000] {processor.py:153} INFO - Started process (PID=2725) to work on /home/airflow/.local/lib/python3.7/site-packages/airflow/example_dags/example_sensor_decorator.py
[2023-05-07T14:57:11.744+0000] {processor.py:743} INFO - Processing file /home/airflow/.local/lib/python3.7/site-packages/airflow/example_dags/example_sensor_decorator.py for tasks to queue
[2023-05-07T14:57:11.745+0000] {logging_mixin.py:137} INFO - [2023-05-07T14:57:11.745+0000] {dagbag.py:532} INFO - Filling up the DagBag from /home/airflow/.local/lib/python3.7/site-packages/airflow/example_dags/example_sensor_decorator.py
[2023-05-07T14:57:11.771+0000] {processor.py:753} INFO - DAG(s) dict_keys(['example_sensor_decorator']) retrieved from /home/airflow/.local/lib/python3.7/site-packages/airflow/example_dags/example_sensor_decorator.py
[2023-05-07T14:57:11.798+0000] {logging_mixin.py:137} INFO - [2023-05-07T14:57:11.798+0000] {dag.py:2693} INFO - Sync 1 DAGs
[2023-05-07T14:57:11.828+0000] {logging_mixin.py:137} INFO - [2023-05-07T14:57:11.828+0000] {dag.py:3444} INFO - Setting next_dagrun for example_sensor_decorator to None, run_after=None
[2023-05-07T14:57:11.850+0000] {processor.py:175} INFO - Processing /home/airflow/.local/lib/python3.7/site-packages/airflow/example_dags/example_sensor_decorator.py took 0.111 seconds
[2023-05-07T14:57:42.142+0000] {processor.py:153} INFO - Started process (PID=2776) to work on /home/airflow/.local/lib/python3.7/site-packages/airflow/example_dags/example_sensor_decorator.py
[2023-05-07T14:57:42.143+0000] {processor.py:743} INFO - Processing file /home/airflow/.local/lib/python3.7/site-packages/airflow/example_dags/example_sensor_decorator.py for tasks to queue
[2023-05-07T14:57:42.144+0000] {logging_mixin.py:137} INFO - [2023-05-07T14:57:42.144+0000] {dagbag.py:532} INFO - Filling up the DagBag from /home/airflow/.local/lib/python3.7/site-packages/airflow/example_dags/example_sensor_decorator.py
[2023-05-07T14:57:42.172+0000] {processor.py:753} INFO - DAG(s) dict_keys(['example_sensor_decorator']) retrieved from /home/airflow/.local/lib/python3.7/site-packages/airflow/example_dags/example_sensor_decorator.py
[2023-05-07T14:57:42.200+0000] {logging_mixin.py:137} INFO - [2023-05-07T14:57:42.199+0000] {dag.py:2693} INFO - Sync 1 DAGs
[2023-05-07T14:57:42.232+0000] {logging_mixin.py:137} INFO - [2023-05-07T14:57:42.232+0000] {dag.py:3444} INFO - Setting next_dagrun for example_sensor_decorator to None, run_after=None
[2023-05-07T14:57:42.252+0000] {processor.py:175} INFO - Processing /home/airflow/.local/lib/python3.7/site-packages/airflow/example_dags/example_sensor_decorator.py took 0.114 seconds
[2023-05-07T14:58:12.794+0000] {processor.py:153} INFO - Started process (PID=2827) to work on /home/airflow/.local/lib/python3.7/site-packages/airflow/example_dags/example_sensor_decorator.py
[2023-05-07T14:58:12.802+0000] {processor.py:743} INFO - Processing file /home/airflow/.local/lib/python3.7/site-packages/airflow/example_dags/example_sensor_decorator.py for tasks to queue
[2023-05-07T14:58:12.803+0000] {logging_mixin.py:137} INFO - [2023-05-07T14:58:12.803+0000] {dagbag.py:532} INFO - Filling up the DagBag from /home/airflow/.local/lib/python3.7/site-packages/airflow/example_dags/example_sensor_decorator.py
[2023-05-07T14:58:12.857+0000] {processor.py:753} INFO - DAG(s) dict_keys(['example_sensor_decorator']) retrieved from /home/airflow/.local/lib/python3.7/site-packages/airflow/example_dags/example_sensor_decorator.py
[2023-05-07T14:58:12.936+0000] {logging_mixin.py:137} INFO - [2023-05-07T14:58:12.936+0000] {dag.py:2693} INFO - Sync 1 DAGs
[2023-05-07T14:58:12.979+0000] {logging_mixin.py:137} INFO - [2023-05-07T14:58:12.979+0000] {dag.py:3444} INFO - Setting next_dagrun for example_sensor_decorator to None, run_after=None
[2023-05-07T14:58:13.005+0000] {processor.py:175} INFO - Processing /home/airflow/.local/lib/python3.7/site-packages/airflow/example_dags/example_sensor_decorator.py took 0.215 seconds
[2023-05-07T14:58:43.603+0000] {processor.py:153} INFO - Started process (PID=2878) to work on /home/airflow/.local/lib/python3.7/site-packages/airflow/example_dags/example_sensor_decorator.py
[2023-05-07T14:58:43.604+0000] {processor.py:743} INFO - Processing file /home/airflow/.local/lib/python3.7/site-packages/airflow/example_dags/example_sensor_decorator.py for tasks to queue
[2023-05-07T14:58:43.605+0000] {logging_mixin.py:137} INFO - [2023-05-07T14:58:43.604+0000] {dagbag.py:532} INFO - Filling up the DagBag from /home/airflow/.local/lib/python3.7/site-packages/airflow/example_dags/example_sensor_decorator.py
[2023-05-07T14:58:43.631+0000] {processor.py:753} INFO - DAG(s) dict_keys(['example_sensor_decorator']) retrieved from /home/airflow/.local/lib/python3.7/site-packages/airflow/example_dags/example_sensor_decorator.py
[2023-05-07T14:58:43.661+0000] {logging_mixin.py:137} INFO - [2023-05-07T14:58:43.661+0000] {dag.py:2693} INFO - Sync 1 DAGs
[2023-05-07T14:58:43.693+0000] {logging_mixin.py:137} INFO - [2023-05-07T14:58:43.693+0000] {dag.py:3444} INFO - Setting next_dagrun for example_sensor_decorator to None, run_after=None
[2023-05-07T14:58:43.714+0000] {processor.py:175} INFO - Processing /home/airflow/.local/lib/python3.7/site-packages/airflow/example_dags/example_sensor_decorator.py took 0.115 seconds
[2023-05-07T14:59:14.043+0000] {processor.py:153} INFO - Started process (PID=2930) to work on /home/airflow/.local/lib/python3.7/site-packages/airflow/example_dags/example_sensor_decorator.py
[2023-05-07T14:59:14.045+0000] {processor.py:743} INFO - Processing file /home/airflow/.local/lib/python3.7/site-packages/airflow/example_dags/example_sensor_decorator.py for tasks to queue
[2023-05-07T14:59:14.046+0000] {logging_mixin.py:137} INFO - [2023-05-07T14:59:14.046+0000] {dagbag.py:532} INFO - Filling up the DagBag from /home/airflow/.local/lib/python3.7/site-packages/airflow/example_dags/example_sensor_decorator.py
[2023-05-07T14:59:14.073+0000] {processor.py:753} INFO - DAG(s) dict_keys(['example_sensor_decorator']) retrieved from /home/airflow/.local/lib/python3.7/site-packages/airflow/example_dags/example_sensor_decorator.py
[2023-05-07T14:59:14.100+0000] {logging_mixin.py:137} INFO - [2023-05-07T14:59:14.100+0000] {dag.py:2693} INFO - Sync 1 DAGs
[2023-05-07T14:59:14.133+0000] {logging_mixin.py:137} INFO - [2023-05-07T14:59:14.133+0000] {dag.py:3444} INFO - Setting next_dagrun for example_sensor_decorator to None, run_after=None
[2023-05-07T14:59:14.155+0000] {processor.py:175} INFO - Processing /home/airflow/.local/lib/python3.7/site-packages/airflow/example_dags/example_sensor_decorator.py took 0.115 seconds
[2023-05-07T14:59:44.562+0000] {processor.py:153} INFO - Started process (PID=2981) to work on /home/airflow/.local/lib/python3.7/site-packages/airflow/example_dags/example_sensor_decorator.py
[2023-05-07T14:59:44.563+0000] {processor.py:743} INFO - Processing file /home/airflow/.local/lib/python3.7/site-packages/airflow/example_dags/example_sensor_decorator.py for tasks to queue
[2023-05-07T14:59:44.564+0000] {logging_mixin.py:137} INFO - [2023-05-07T14:59:44.564+0000] {dagbag.py:532} INFO - Filling up the DagBag from /home/airflow/.local/lib/python3.7/site-packages/airflow/example_dags/example_sensor_decorator.py
[2023-05-07T14:59:44.592+0000] {processor.py:753} INFO - DAG(s) dict_keys(['example_sensor_decorator']) retrieved from /home/airflow/.local/lib/python3.7/site-packages/airflow/example_dags/example_sensor_decorator.py
[2023-05-07T14:59:44.619+0000] {logging_mixin.py:137} INFO - [2023-05-07T14:59:44.619+0000] {dag.py:2693} INFO - Sync 1 DAGs
[2023-05-07T14:59:44.654+0000] {logging_mixin.py:137} INFO - [2023-05-07T14:59:44.653+0000] {dag.py:3444} INFO - Setting next_dagrun for example_sensor_decorator to None, run_after=None
[2023-05-07T14:59:44.673+0000] {processor.py:175} INFO - Processing /home/airflow/.local/lib/python3.7/site-packages/airflow/example_dags/example_sensor_decorator.py took 0.115 seconds
[2023-05-07T15:00:15.436+0000] {processor.py:153} INFO - Started process (PID=3032) to work on /home/airflow/.local/lib/python3.7/site-packages/airflow/example_dags/example_sensor_decorator.py
[2023-05-07T15:00:15.438+0000] {processor.py:743} INFO - Processing file /home/airflow/.local/lib/python3.7/site-packages/airflow/example_dags/example_sensor_decorator.py for tasks to queue
[2023-05-07T15:00:15.439+0000] {logging_mixin.py:137} INFO - [2023-05-07T15:00:15.439+0000] {dagbag.py:532} INFO - Filling up the DagBag from /home/airflow/.local/lib/python3.7/site-packages/airflow/example_dags/example_sensor_decorator.py
[2023-05-07T15:00:15.496+0000] {processor.py:753} INFO - DAG(s) dict_keys(['example_sensor_decorator']) retrieved from /home/airflow/.local/lib/python3.7/site-packages/airflow/example_dags/example_sensor_decorator.py
[2023-05-07T15:00:15.548+0000] {logging_mixin.py:137} INFO - [2023-05-07T15:00:15.548+0000] {dag.py:2693} INFO - Sync 1 DAGs
[2023-05-07T15:00:15.607+0000] {logging_mixin.py:137} INFO - [2023-05-07T15:00:15.607+0000] {dag.py:3444} INFO - Setting next_dagrun for example_sensor_decorator to None, run_after=None
[2023-05-07T15:00:15.648+0000] {processor.py:175} INFO - Processing /home/airflow/.local/lib/python3.7/site-packages/airflow/example_dags/example_sensor_decorator.py took 0.216 seconds
[2023-05-07T15:00:46.139+0000] {processor.py:153} INFO - Started process (PID=3083) to work on /home/airflow/.local/lib/python3.7/site-packages/airflow/example_dags/example_sensor_decorator.py
[2023-05-07T15:00:46.140+0000] {processor.py:743} INFO - Processing file /home/airflow/.local/lib/python3.7/site-packages/airflow/example_dags/example_sensor_decorator.py for tasks to queue
[2023-05-07T15:00:46.140+0000] {logging_mixin.py:137} INFO - [2023-05-07T15:00:46.140+0000] {dagbag.py:532} INFO - Filling up the DagBag from /home/airflow/.local/lib/python3.7/site-packages/airflow/example_dags/example_sensor_decorator.py
[2023-05-07T15:00:46.167+0000] {processor.py:753} INFO - DAG(s) dict_keys(['example_sensor_decorator']) retrieved from /home/airflow/.local/lib/python3.7/site-packages/airflow/example_dags/example_sensor_decorator.py
[2023-05-07T15:00:46.195+0000] {logging_mixin.py:137} INFO - [2023-05-07T15:00:46.195+0000] {dag.py:2693} INFO - Sync 1 DAGs
[2023-05-07T15:00:46.226+0000] {logging_mixin.py:137} INFO - [2023-05-07T15:00:46.226+0000] {dag.py:3444} INFO - Setting next_dagrun for example_sensor_decorator to None, run_after=None
[2023-05-07T15:00:46.248+0000] {processor.py:175} INFO - Processing /home/airflow/.local/lib/python3.7/site-packages/airflow/example_dags/example_sensor_decorator.py took 0.113 seconds
[2023-05-07T15:01:16.951+0000] {processor.py:153} INFO - Started process (PID=3134) to work on /home/airflow/.local/lib/python3.7/site-packages/airflow/example_dags/example_sensor_decorator.py
[2023-05-07T15:01:16.961+0000] {processor.py:743} INFO - Processing file /home/airflow/.local/lib/python3.7/site-packages/airflow/example_dags/example_sensor_decorator.py for tasks to queue
[2023-05-07T15:01:16.962+0000] {logging_mixin.py:137} INFO - [2023-05-07T15:01:16.962+0000] {dagbag.py:532} INFO - Filling up the DagBag from /home/airflow/.local/lib/python3.7/site-packages/airflow/example_dags/example_sensor_decorator.py
[2023-05-07T15:01:17.010+0000] {processor.py:753} INFO - DAG(s) dict_keys(['example_sensor_decorator']) retrieved from /home/airflow/.local/lib/python3.7/site-packages/airflow/example_dags/example_sensor_decorator.py
[2023-05-07T15:01:17.075+0000] {logging_mixin.py:137} INFO - [2023-05-07T15:01:17.075+0000] {dag.py:2693} INFO - Sync 1 DAGs
[2023-05-07T15:01:17.132+0000] {logging_mixin.py:137} INFO - [2023-05-07T15:01:17.131+0000] {dag.py:3444} INFO - Setting next_dagrun for example_sensor_decorator to None, run_after=None
[2023-05-07T15:01:17.178+0000] {processor.py:175} INFO - Processing /home/airflow/.local/lib/python3.7/site-packages/airflow/example_dags/example_sensor_decorator.py took 0.231 seconds
[2023-05-07T15:01:47.959+0000] {processor.py:153} INFO - Started process (PID=3185) to work on /home/airflow/.local/lib/python3.7/site-packages/airflow/example_dags/example_sensor_decorator.py
[2023-05-07T15:01:47.973+0000] {processor.py:743} INFO - Processing file /home/airflow/.local/lib/python3.7/site-packages/airflow/example_dags/example_sensor_decorator.py for tasks to queue
[2023-05-07T15:01:47.976+0000] {logging_mixin.py:137} INFO - [2023-05-07T15:01:47.976+0000] {dagbag.py:532} INFO - Filling up the DagBag from /home/airflow/.local/lib/python3.7/site-packages/airflow/example_dags/example_sensor_decorator.py
[2023-05-07T15:01:48.034+0000] {processor.py:753} INFO - DAG(s) dict_keys(['example_sensor_decorator']) retrieved from /home/airflow/.local/lib/python3.7/site-packages/airflow/example_dags/example_sensor_decorator.py
[2023-05-07T15:01:48.106+0000] {logging_mixin.py:137} INFO - [2023-05-07T15:01:48.106+0000] {dag.py:2693} INFO - Sync 1 DAGs
[2023-05-07T15:01:48.176+0000] {logging_mixin.py:137} INFO - [2023-05-07T15:01:48.175+0000] {dag.py:3444} INFO - Setting next_dagrun for example_sensor_decorator to None, run_after=None
[2023-05-07T15:01:48.247+0000] {processor.py:175} INFO - Processing /home/airflow/.local/lib/python3.7/site-packages/airflow/example_dags/example_sensor_decorator.py took 0.291 seconds
