[2023-05-07T14:30:35.533+0000] {processor.py:153} INFO - Started process (PID=48) to work on /home/airflow/.local/lib/python3.7/site-packages/airflow/example_dags/example_sensors.py
[2023-05-07T14:30:35.534+0000] {processor.py:743} INFO - Processing file /home/airflow/.local/lib/python3.7/site-packages/airflow/example_dags/example_sensors.py for tasks to queue
[2023-05-07T14:30:35.535+0000] {logging_mixin.py:137} INFO - [2023-05-07T14:30:35.534+0000] {dagbag.py:532} INFO - Filling up the DagBag from /home/airflow/.local/lib/python3.7/site-packages/airflow/example_dags/example_sensors.py
[2023-05-07T14:30:35.597+0000] {processor.py:753} INFO - DAG(s) dict_keys(['example_sensors']) retrieved from /home/airflow/.local/lib/python3.7/site-packages/airflow/example_dags/example_sensors.py
[2023-05-07T14:30:35.670+0000] {logging_mixin.py:137} INFO - [2023-05-07T14:30:35.670+0000] {dag.py:2693} INFO - Sync 1 DAGs
[2023-05-07T14:30:35.758+0000] {logging_mixin.py:137} INFO - [2023-05-07T14:30:35.757+0000] {dag.py:3444} INFO - Setting next_dagrun for example_sensors to None, run_after=None
[2023-05-07T14:30:35.824+0000] {processor.py:175} INFO - Processing /home/airflow/.local/lib/python3.7/site-packages/airflow/example_dags/example_sensors.py took 0.311 seconds
[2023-05-07T14:31:06.358+0000] {processor.py:153} INFO - Started process (PID=99) to work on /home/airflow/.local/lib/python3.7/site-packages/airflow/example_dags/example_sensors.py
[2023-05-07T14:31:06.359+0000] {processor.py:743} INFO - Processing file /home/airflow/.local/lib/python3.7/site-packages/airflow/example_dags/example_sensors.py for tasks to queue
[2023-05-07T14:31:06.360+0000] {logging_mixin.py:137} INFO - [2023-05-07T14:31:06.359+0000] {dagbag.py:532} INFO - Filling up the DagBag from /home/airflow/.local/lib/python3.7/site-packages/airflow/example_dags/example_sensors.py
[2023-05-07T14:31:06.383+0000] {processor.py:753} INFO - DAG(s) dict_keys(['example_sensors']) retrieved from /home/airflow/.local/lib/python3.7/site-packages/airflow/example_dags/example_sensors.py
[2023-05-07T14:31:06.422+0000] {logging_mixin.py:137} INFO - [2023-05-07T14:31:06.422+0000] {dag.py:2693} INFO - Sync 1 DAGs
[2023-05-07T14:31:06.456+0000] {logging_mixin.py:137} INFO - [2023-05-07T14:31:06.455+0000] {dag.py:3444} INFO - Setting next_dagrun for example_sensors to None, run_after=None
[2023-05-07T14:31:06.477+0000] {processor.py:175} INFO - Processing /home/airflow/.local/lib/python3.7/site-packages/airflow/example_dags/example_sensors.py took 0.123 seconds
[2023-05-07T14:31:36.818+0000] {processor.py:153} INFO - Started process (PID=150) to work on /home/airflow/.local/lib/python3.7/site-packages/airflow/example_dags/example_sensors.py
[2023-05-07T14:31:36.820+0000] {processor.py:743} INFO - Processing file /home/airflow/.local/lib/python3.7/site-packages/airflow/example_dags/example_sensors.py for tasks to queue
[2023-05-07T14:31:36.821+0000] {logging_mixin.py:137} INFO - [2023-05-07T14:31:36.820+0000] {dagbag.py:532} INFO - Filling up the DagBag from /home/airflow/.local/lib/python3.7/site-packages/airflow/example_dags/example_sensors.py
[2023-05-07T14:31:36.844+0000] {processor.py:753} INFO - DAG(s) dict_keys(['example_sensors']) retrieved from /home/airflow/.local/lib/python3.7/site-packages/airflow/example_dags/example_sensors.py
[2023-05-07T14:31:36.879+0000] {logging_mixin.py:137} INFO - [2023-05-07T14:31:36.878+0000] {dag.py:2693} INFO - Sync 1 DAGs
[2023-05-07T14:31:36.908+0000] {logging_mixin.py:137} INFO - [2023-05-07T14:31:36.908+0000] {dag.py:3444} INFO - Setting next_dagrun for example_sensors to None, run_after=None
[2023-05-07T14:31:36.930+0000] {processor.py:175} INFO - Processing /home/airflow/.local/lib/python3.7/site-packages/airflow/example_dags/example_sensors.py took 0.115 seconds
[2023-05-07T14:32:07.304+0000] {processor.py:153} INFO - Started process (PID=201) to work on /home/airflow/.local/lib/python3.7/site-packages/airflow/example_dags/example_sensors.py
[2023-05-07T14:32:07.305+0000] {processor.py:743} INFO - Processing file /home/airflow/.local/lib/python3.7/site-packages/airflow/example_dags/example_sensors.py for tasks to queue
[2023-05-07T14:32:07.306+0000] {logging_mixin.py:137} INFO - [2023-05-07T14:32:07.306+0000] {dagbag.py:532} INFO - Filling up the DagBag from /home/airflow/.local/lib/python3.7/site-packages/airflow/example_dags/example_sensors.py
[2023-05-07T14:32:07.329+0000] {processor.py:753} INFO - DAG(s) dict_keys(['example_sensors']) retrieved from /home/airflow/.local/lib/python3.7/site-packages/airflow/example_dags/example_sensors.py
[2023-05-07T14:32:07.364+0000] {logging_mixin.py:137} INFO - [2023-05-07T14:32:07.364+0000] {dag.py:2693} INFO - Sync 1 DAGs
[2023-05-07T14:32:07.394+0000] {logging_mixin.py:137} INFO - [2023-05-07T14:32:07.394+0000] {dag.py:3444} INFO - Setting next_dagrun for example_sensors to None, run_after=None
[2023-05-07T14:32:07.416+0000] {processor.py:175} INFO - Processing /home/airflow/.local/lib/python3.7/site-packages/airflow/example_dags/example_sensors.py took 0.116 seconds
[2023-05-07T14:32:37.812+0000] {processor.py:153} INFO - Started process (PID=252) to work on /home/airflow/.local/lib/python3.7/site-packages/airflow/example_dags/example_sensors.py
[2023-05-07T14:32:37.813+0000] {processor.py:743} INFO - Processing file /home/airflow/.local/lib/python3.7/site-packages/airflow/example_dags/example_sensors.py for tasks to queue
[2023-05-07T14:32:37.813+0000] {logging_mixin.py:137} INFO - [2023-05-07T14:32:37.813+0000] {dagbag.py:532} INFO - Filling up the DagBag from /home/airflow/.local/lib/python3.7/site-packages/airflow/example_dags/example_sensors.py
[2023-05-07T14:32:37.837+0000] {processor.py:753} INFO - DAG(s) dict_keys(['example_sensors']) retrieved from /home/airflow/.local/lib/python3.7/site-packages/airflow/example_dags/example_sensors.py
[2023-05-07T14:32:37.872+0000] {logging_mixin.py:137} INFO - [2023-05-07T14:32:37.872+0000] {dag.py:2693} INFO - Sync 1 DAGs
[2023-05-07T14:32:37.905+0000] {logging_mixin.py:137} INFO - [2023-05-07T14:32:37.905+0000] {dag.py:3444} INFO - Setting next_dagrun for example_sensors to None, run_after=None
[2023-05-07T14:32:37.930+0000] {processor.py:175} INFO - Processing /home/airflow/.local/lib/python3.7/site-packages/airflow/example_dags/example_sensors.py took 0.122 seconds
[2023-05-07T14:33:08.363+0000] {processor.py:153} INFO - Started process (PID=303) to work on /home/airflow/.local/lib/python3.7/site-packages/airflow/example_dags/example_sensors.py
[2023-05-07T14:33:08.365+0000] {processor.py:743} INFO - Processing file /home/airflow/.local/lib/python3.7/site-packages/airflow/example_dags/example_sensors.py for tasks to queue
[2023-05-07T14:33:08.365+0000] {logging_mixin.py:137} INFO - [2023-05-07T14:33:08.365+0000] {dagbag.py:532} INFO - Filling up the DagBag from /home/airflow/.local/lib/python3.7/site-packages/airflow/example_dags/example_sensors.py
[2023-05-07T14:33:08.389+0000] {processor.py:753} INFO - DAG(s) dict_keys(['example_sensors']) retrieved from /home/airflow/.local/lib/python3.7/site-packages/airflow/example_dags/example_sensors.py
[2023-05-07T14:33:08.425+0000] {logging_mixin.py:137} INFO - [2023-05-07T14:33:08.425+0000] {dag.py:2693} INFO - Sync 1 DAGs
[2023-05-07T14:33:08.458+0000] {logging_mixin.py:137} INFO - [2023-05-07T14:33:08.458+0000] {dag.py:3444} INFO - Setting next_dagrun for example_sensors to None, run_after=None
[2023-05-07T14:33:08.484+0000] {processor.py:175} INFO - Processing /home/airflow/.local/lib/python3.7/site-packages/airflow/example_dags/example_sensors.py took 0.124 seconds
[2023-05-07T14:33:39.142+0000] {processor.py:153} INFO - Started process (PID=354) to work on /home/airflow/.local/lib/python3.7/site-packages/airflow/example_dags/example_sensors.py
[2023-05-07T14:33:39.143+0000] {processor.py:743} INFO - Processing file /home/airflow/.local/lib/python3.7/site-packages/airflow/example_dags/example_sensors.py for tasks to queue
[2023-05-07T14:33:39.143+0000] {logging_mixin.py:137} INFO - [2023-05-07T14:33:39.143+0000] {dagbag.py:532} INFO - Filling up the DagBag from /home/airflow/.local/lib/python3.7/site-packages/airflow/example_dags/example_sensors.py
[2023-05-07T14:33:39.167+0000] {processor.py:753} INFO - DAG(s) dict_keys(['example_sensors']) retrieved from /home/airflow/.local/lib/python3.7/site-packages/airflow/example_dags/example_sensors.py
[2023-05-07T14:33:39.207+0000] {logging_mixin.py:137} INFO - [2023-05-07T14:33:39.207+0000] {dag.py:2693} INFO - Sync 1 DAGs
[2023-05-07T14:33:39.238+0000] {logging_mixin.py:137} INFO - [2023-05-07T14:33:39.238+0000] {dag.py:3444} INFO - Setting next_dagrun for example_sensors to None, run_after=None
[2023-05-07T14:33:39.259+0000] {processor.py:175} INFO - Processing /home/airflow/.local/lib/python3.7/site-packages/airflow/example_dags/example_sensors.py took 0.121 seconds
[2023-05-07T14:34:09.949+0000] {processor.py:153} INFO - Started process (PID=405) to work on /home/airflow/.local/lib/python3.7/site-packages/airflow/example_dags/example_sensors.py
[2023-05-07T14:34:09.950+0000] {processor.py:743} INFO - Processing file /home/airflow/.local/lib/python3.7/site-packages/airflow/example_dags/example_sensors.py for tasks to queue
[2023-05-07T14:34:09.951+0000] {logging_mixin.py:137} INFO - [2023-05-07T14:34:09.951+0000] {dagbag.py:532} INFO - Filling up the DagBag from /home/airflow/.local/lib/python3.7/site-packages/airflow/example_dags/example_sensors.py
[2023-05-07T14:34:09.975+0000] {processor.py:753} INFO - DAG(s) dict_keys(['example_sensors']) retrieved from /home/airflow/.local/lib/python3.7/site-packages/airflow/example_dags/example_sensors.py
[2023-05-07T14:34:10.010+0000] {logging_mixin.py:137} INFO - [2023-05-07T14:34:10.010+0000] {dag.py:2693} INFO - Sync 1 DAGs
[2023-05-07T14:34:10.041+0000] {logging_mixin.py:137} INFO - [2023-05-07T14:34:10.041+0000] {dag.py:3444} INFO - Setting next_dagrun for example_sensors to None, run_after=None
[2023-05-07T14:34:10.061+0000] {processor.py:175} INFO - Processing /home/airflow/.local/lib/python3.7/site-packages/airflow/example_dags/example_sensors.py took 0.116 seconds
[2023-05-07T14:34:40.819+0000] {processor.py:153} INFO - Started process (PID=456) to work on /home/airflow/.local/lib/python3.7/site-packages/airflow/example_dags/example_sensors.py
[2023-05-07T14:34:40.820+0000] {processor.py:743} INFO - Processing file /home/airflow/.local/lib/python3.7/site-packages/airflow/example_dags/example_sensors.py for tasks to queue
[2023-05-07T14:34:40.821+0000] {logging_mixin.py:137} INFO - [2023-05-07T14:34:40.821+0000] {dagbag.py:532} INFO - Filling up the DagBag from /home/airflow/.local/lib/python3.7/site-packages/airflow/example_dags/example_sensors.py
[2023-05-07T14:34:40.845+0000] {processor.py:753} INFO - DAG(s) dict_keys(['example_sensors']) retrieved from /home/airflow/.local/lib/python3.7/site-packages/airflow/example_dags/example_sensors.py
[2023-05-07T14:34:40.880+0000] {logging_mixin.py:137} INFO - [2023-05-07T14:34:40.880+0000] {dag.py:2693} INFO - Sync 1 DAGs
[2023-05-07T14:34:40.911+0000] {logging_mixin.py:137} INFO - [2023-05-07T14:34:40.911+0000] {dag.py:3444} INFO - Setting next_dagrun for example_sensors to None, run_after=None
[2023-05-07T14:34:40.931+0000] {processor.py:175} INFO - Processing /home/airflow/.local/lib/python3.7/site-packages/airflow/example_dags/example_sensors.py took 0.115 seconds
[2023-05-07T14:35:12.093+0000] {processor.py:153} INFO - Started process (PID=507) to work on /home/airflow/.local/lib/python3.7/site-packages/airflow/example_dags/example_sensors.py
[2023-05-07T14:35:12.097+0000] {processor.py:743} INFO - Processing file /home/airflow/.local/lib/python3.7/site-packages/airflow/example_dags/example_sensors.py for tasks to queue
[2023-05-07T14:35:12.098+0000] {logging_mixin.py:137} INFO - [2023-05-07T14:35:12.097+0000] {dagbag.py:532} INFO - Filling up the DagBag from /home/airflow/.local/lib/python3.7/site-packages/airflow/example_dags/example_sensors.py
[2023-05-07T14:35:12.143+0000] {processor.py:753} INFO - DAG(s) dict_keys(['example_sensors']) retrieved from /home/airflow/.local/lib/python3.7/site-packages/airflow/example_dags/example_sensors.py
[2023-05-07T14:35:12.208+0000] {logging_mixin.py:137} INFO - [2023-05-07T14:35:12.208+0000] {dag.py:2693} INFO - Sync 1 DAGs
[2023-05-07T14:35:12.270+0000] {logging_mixin.py:137} INFO - [2023-05-07T14:35:12.269+0000] {dag.py:3444} INFO - Setting next_dagrun for example_sensors to None, run_after=None
[2023-05-07T14:35:12.304+0000] {processor.py:175} INFO - Processing /home/airflow/.local/lib/python3.7/site-packages/airflow/example_dags/example_sensors.py took 0.215 seconds
[2023-05-07T14:35:42.352+0000] {processor.py:153} INFO - Started process (PID=557) to work on /home/airflow/.local/lib/python3.7/site-packages/airflow/example_dags/example_sensors.py
[2023-05-07T14:35:42.353+0000] {processor.py:743} INFO - Processing file /home/airflow/.local/lib/python3.7/site-packages/airflow/example_dags/example_sensors.py for tasks to queue
[2023-05-07T14:35:42.354+0000] {logging_mixin.py:137} INFO - [2023-05-07T14:35:42.354+0000] {dagbag.py:532} INFO - Filling up the DagBag from /home/airflow/.local/lib/python3.7/site-packages/airflow/example_dags/example_sensors.py
[2023-05-07T14:35:42.401+0000] {processor.py:753} INFO - DAG(s) dict_keys(['example_sensors']) retrieved from /home/airflow/.local/lib/python3.7/site-packages/airflow/example_dags/example_sensors.py
[2023-05-07T14:35:42.493+0000] {logging_mixin.py:137} INFO - [2023-05-07T14:35:42.493+0000] {dag.py:2693} INFO - Sync 1 DAGs
[2023-05-07T14:35:42.538+0000] {logging_mixin.py:137} INFO - [2023-05-07T14:35:42.538+0000] {dag.py:3444} INFO - Setting next_dagrun for example_sensors to None, run_after=None
[2023-05-07T14:35:42.560+0000] {processor.py:175} INFO - Processing /home/airflow/.local/lib/python3.7/site-packages/airflow/example_dags/example_sensors.py took 0.211 seconds
[2023-05-07T14:36:12.664+0000] {processor.py:153} INFO - Started process (PID=608) to work on /home/airflow/.local/lib/python3.7/site-packages/airflow/example_dags/example_sensors.py
[2023-05-07T14:36:12.665+0000] {processor.py:743} INFO - Processing file /home/airflow/.local/lib/python3.7/site-packages/airflow/example_dags/example_sensors.py for tasks to queue
[2023-05-07T14:36:12.666+0000] {logging_mixin.py:137} INFO - [2023-05-07T14:36:12.666+0000] {dagbag.py:532} INFO - Filling up the DagBag from /home/airflow/.local/lib/python3.7/site-packages/airflow/example_dags/example_sensors.py
[2023-05-07T14:36:12.690+0000] {processor.py:753} INFO - DAG(s) dict_keys(['example_sensors']) retrieved from /home/airflow/.local/lib/python3.7/site-packages/airflow/example_dags/example_sensors.py
[2023-05-07T14:36:12.726+0000] {logging_mixin.py:137} INFO - [2023-05-07T14:36:12.725+0000] {dag.py:2693} INFO - Sync 1 DAGs
[2023-05-07T14:36:12.756+0000] {logging_mixin.py:137} INFO - [2023-05-07T14:36:12.756+0000] {dag.py:3444} INFO - Setting next_dagrun for example_sensors to None, run_after=None
[2023-05-07T14:36:12.778+0000] {processor.py:175} INFO - Processing /home/airflow/.local/lib/python3.7/site-packages/airflow/example_dags/example_sensors.py took 0.118 seconds
[2023-05-07T14:36:43.302+0000] {processor.py:153} INFO - Started process (PID=660) to work on /home/airflow/.local/lib/python3.7/site-packages/airflow/example_dags/example_sensors.py
[2023-05-07T14:36:43.302+0000] {processor.py:743} INFO - Processing file /home/airflow/.local/lib/python3.7/site-packages/airflow/example_dags/example_sensors.py for tasks to queue
[2023-05-07T14:36:43.303+0000] {logging_mixin.py:137} INFO - [2023-05-07T14:36:43.303+0000] {dagbag.py:532} INFO - Filling up the DagBag from /home/airflow/.local/lib/python3.7/site-packages/airflow/example_dags/example_sensors.py
[2023-05-07T14:36:43.326+0000] {processor.py:753} INFO - DAG(s) dict_keys(['example_sensors']) retrieved from /home/airflow/.local/lib/python3.7/site-packages/airflow/example_dags/example_sensors.py
[2023-05-07T14:36:43.361+0000] {logging_mixin.py:137} INFO - [2023-05-07T14:36:43.361+0000] {dag.py:2693} INFO - Sync 1 DAGs
[2023-05-07T14:36:43.391+0000] {logging_mixin.py:137} INFO - [2023-05-07T14:36:43.391+0000] {dag.py:3444} INFO - Setting next_dagrun for example_sensors to None, run_after=None
[2023-05-07T14:36:43.412+0000] {processor.py:175} INFO - Processing /home/airflow/.local/lib/python3.7/site-packages/airflow/example_dags/example_sensors.py took 0.113 seconds
[2023-05-07T14:37:13.620+0000] {processor.py:153} INFO - Started process (PID=711) to work on /home/airflow/.local/lib/python3.7/site-packages/airflow/example_dags/example_sensors.py
[2023-05-07T14:37:13.621+0000] {processor.py:743} INFO - Processing file /home/airflow/.local/lib/python3.7/site-packages/airflow/example_dags/example_sensors.py for tasks to queue
[2023-05-07T14:37:13.622+0000] {logging_mixin.py:137} INFO - [2023-05-07T14:37:13.621+0000] {dagbag.py:532} INFO - Filling up the DagBag from /home/airflow/.local/lib/python3.7/site-packages/airflow/example_dags/example_sensors.py
[2023-05-07T14:37:13.647+0000] {processor.py:753} INFO - DAG(s) dict_keys(['example_sensors']) retrieved from /home/airflow/.local/lib/python3.7/site-packages/airflow/example_dags/example_sensors.py
[2023-05-07T14:37:13.683+0000] {logging_mixin.py:137} INFO - [2023-05-07T14:37:13.683+0000] {dag.py:2693} INFO - Sync 1 DAGs
[2023-05-07T14:37:13.714+0000] {logging_mixin.py:137} INFO - [2023-05-07T14:37:13.713+0000] {dag.py:3444} INFO - Setting next_dagrun for example_sensors to None, run_after=None
[2023-05-07T14:37:13.739+0000] {processor.py:175} INFO - Processing /home/airflow/.local/lib/python3.7/site-packages/airflow/example_dags/example_sensors.py took 0.123 seconds
[2023-05-07T14:37:44.547+0000] {processor.py:153} INFO - Started process (PID=762) to work on /home/airflow/.local/lib/python3.7/site-packages/airflow/example_dags/example_sensors.py
[2023-05-07T14:37:44.548+0000] {processor.py:743} INFO - Processing file /home/airflow/.local/lib/python3.7/site-packages/airflow/example_dags/example_sensors.py for tasks to queue
[2023-05-07T14:37:44.550+0000] {logging_mixin.py:137} INFO - [2023-05-07T14:37:44.549+0000] {dagbag.py:532} INFO - Filling up the DagBag from /home/airflow/.local/lib/python3.7/site-packages/airflow/example_dags/example_sensors.py
[2023-05-07T14:37:44.576+0000] {processor.py:753} INFO - DAG(s) dict_keys(['example_sensors']) retrieved from /home/airflow/.local/lib/python3.7/site-packages/airflow/example_dags/example_sensors.py
[2023-05-07T14:37:44.613+0000] {logging_mixin.py:137} INFO - [2023-05-07T14:37:44.613+0000] {dag.py:2693} INFO - Sync 1 DAGs
[2023-05-07T14:37:44.645+0000] {logging_mixin.py:137} INFO - [2023-05-07T14:37:44.645+0000] {dag.py:3444} INFO - Setting next_dagrun for example_sensors to None, run_after=None
[2023-05-07T14:37:44.666+0000] {processor.py:175} INFO - Processing /home/airflow/.local/lib/python3.7/site-packages/airflow/example_dags/example_sensors.py took 0.123 seconds
[2023-05-07T14:38:14.930+0000] {processor.py:153} INFO - Started process (PID=820) to work on /home/airflow/.local/lib/python3.7/site-packages/airflow/example_dags/example_sensors.py
[2023-05-07T14:38:14.931+0000] {processor.py:743} INFO - Processing file /home/airflow/.local/lib/python3.7/site-packages/airflow/example_dags/example_sensors.py for tasks to queue
[2023-05-07T14:38:14.932+0000] {logging_mixin.py:137} INFO - [2023-05-07T14:38:14.932+0000] {dagbag.py:532} INFO - Filling up the DagBag from /home/airflow/.local/lib/python3.7/site-packages/airflow/example_dags/example_sensors.py
[2023-05-07T14:38:14.956+0000] {processor.py:753} INFO - DAG(s) dict_keys(['example_sensors']) retrieved from /home/airflow/.local/lib/python3.7/site-packages/airflow/example_dags/example_sensors.py
[2023-05-07T14:38:14.991+0000] {logging_mixin.py:137} INFO - [2023-05-07T14:38:14.991+0000] {dag.py:2693} INFO - Sync 1 DAGs
[2023-05-07T14:38:15.047+0000] {logging_mixin.py:137} INFO - [2023-05-07T14:38:15.047+0000] {dag.py:3444} INFO - Setting next_dagrun for example_sensors to None, run_after=None
[2023-05-07T14:38:15.068+0000] {processor.py:175} INFO - Processing /home/airflow/.local/lib/python3.7/site-packages/airflow/example_dags/example_sensors.py took 0.141 seconds
[2023-05-07T14:38:45.320+0000] {processor.py:153} INFO - Started process (PID=871) to work on /home/airflow/.local/lib/python3.7/site-packages/airflow/example_dags/example_sensors.py
[2023-05-07T14:38:45.322+0000] {processor.py:743} INFO - Processing file /home/airflow/.local/lib/python3.7/site-packages/airflow/example_dags/example_sensors.py for tasks to queue
[2023-05-07T14:38:45.323+0000] {logging_mixin.py:137} INFO - [2023-05-07T14:38:45.322+0000] {dagbag.py:532} INFO - Filling up the DagBag from /home/airflow/.local/lib/python3.7/site-packages/airflow/example_dags/example_sensors.py
[2023-05-07T14:38:45.347+0000] {processor.py:753} INFO - DAG(s) dict_keys(['example_sensors']) retrieved from /home/airflow/.local/lib/python3.7/site-packages/airflow/example_dags/example_sensors.py
[2023-05-07T14:38:45.383+0000] {logging_mixin.py:137} INFO - [2023-05-07T14:38:45.383+0000] {dag.py:2693} INFO - Sync 1 DAGs
[2023-05-07T14:38:45.413+0000] {logging_mixin.py:137} INFO - [2023-05-07T14:38:45.413+0000] {dag.py:3444} INFO - Setting next_dagrun for example_sensors to None, run_after=None
[2023-05-07T14:38:45.434+0000] {processor.py:175} INFO - Processing /home/airflow/.local/lib/python3.7/site-packages/airflow/example_dags/example_sensors.py took 0.117 seconds
[2023-05-07T14:39:15.690+0000] {processor.py:153} INFO - Started process (PID=921) to work on /home/airflow/.local/lib/python3.7/site-packages/airflow/example_dags/example_sensors.py
[2023-05-07T14:39:15.691+0000] {processor.py:743} INFO - Processing file /home/airflow/.local/lib/python3.7/site-packages/airflow/example_dags/example_sensors.py for tasks to queue
[2023-05-07T14:39:15.692+0000] {logging_mixin.py:137} INFO - [2023-05-07T14:39:15.692+0000] {dagbag.py:532} INFO - Filling up the DagBag from /home/airflow/.local/lib/python3.7/site-packages/airflow/example_dags/example_sensors.py
[2023-05-07T14:39:15.716+0000] {processor.py:753} INFO - DAG(s) dict_keys(['example_sensors']) retrieved from /home/airflow/.local/lib/python3.7/site-packages/airflow/example_dags/example_sensors.py
[2023-05-07T14:39:15.751+0000] {logging_mixin.py:137} INFO - [2023-05-07T14:39:15.751+0000] {dag.py:2693} INFO - Sync 1 DAGs
[2023-05-07T14:39:15.782+0000] {logging_mixin.py:137} INFO - [2023-05-07T14:39:15.782+0000] {dag.py:3444} INFO - Setting next_dagrun for example_sensors to None, run_after=None
[2023-05-07T14:39:15.803+0000] {processor.py:175} INFO - Processing /home/airflow/.local/lib/python3.7/site-packages/airflow/example_dags/example_sensors.py took 0.117 seconds
[2023-05-07T14:39:46.105+0000] {processor.py:153} INFO - Started process (PID=971) to work on /home/airflow/.local/lib/python3.7/site-packages/airflow/example_dags/example_sensors.py
[2023-05-07T14:39:46.105+0000] {processor.py:743} INFO - Processing file /home/airflow/.local/lib/python3.7/site-packages/airflow/example_dags/example_sensors.py for tasks to queue
[2023-05-07T14:39:46.106+0000] {logging_mixin.py:137} INFO - [2023-05-07T14:39:46.106+0000] {dagbag.py:532} INFO - Filling up the DagBag from /home/airflow/.local/lib/python3.7/site-packages/airflow/example_dags/example_sensors.py
[2023-05-07T14:39:46.130+0000] {processor.py:753} INFO - DAG(s) dict_keys(['example_sensors']) retrieved from /home/airflow/.local/lib/python3.7/site-packages/airflow/example_dags/example_sensors.py
[2023-05-07T14:39:46.165+0000] {logging_mixin.py:137} INFO - [2023-05-07T14:39:46.165+0000] {dag.py:2693} INFO - Sync 1 DAGs
[2023-05-07T14:39:46.196+0000] {logging_mixin.py:137} INFO - [2023-05-07T14:39:46.196+0000] {dag.py:3444} INFO - Setting next_dagrun for example_sensors to None, run_after=None
[2023-05-07T14:39:46.218+0000] {processor.py:175} INFO - Processing /home/airflow/.local/lib/python3.7/site-packages/airflow/example_dags/example_sensors.py took 0.117 seconds
[2023-05-07T14:40:16.788+0000] {processor.py:153} INFO - Started process (PID=1022) to work on /home/airflow/.local/lib/python3.7/site-packages/airflow/example_dags/example_sensors.py
[2023-05-07T14:40:16.790+0000] {processor.py:743} INFO - Processing file /home/airflow/.local/lib/python3.7/site-packages/airflow/example_dags/example_sensors.py for tasks to queue
[2023-05-07T14:40:16.790+0000] {logging_mixin.py:137} INFO - [2023-05-07T14:40:16.790+0000] {dagbag.py:532} INFO - Filling up the DagBag from /home/airflow/.local/lib/python3.7/site-packages/airflow/example_dags/example_sensors.py
[2023-05-07T14:40:16.824+0000] {processor.py:753} INFO - DAG(s) dict_keys(['example_sensors']) retrieved from /home/airflow/.local/lib/python3.7/site-packages/airflow/example_dags/example_sensors.py
[2023-05-07T14:40:16.859+0000] {logging_mixin.py:137} INFO - [2023-05-07T14:40:16.859+0000] {dag.py:2693} INFO - Sync 1 DAGs
[2023-05-07T14:40:16.890+0000] {logging_mixin.py:137} INFO - [2023-05-07T14:40:16.890+0000] {dag.py:3444} INFO - Setting next_dagrun for example_sensors to None, run_after=None
[2023-05-07T14:40:16.910+0000] {processor.py:175} INFO - Processing /home/airflow/.local/lib/python3.7/site-packages/airflow/example_dags/example_sensors.py took 0.126 seconds
[2023-05-07T14:40:47.189+0000] {processor.py:153} INFO - Started process (PID=1074) to work on /home/airflow/.local/lib/python3.7/site-packages/airflow/example_dags/example_sensors.py
[2023-05-07T14:40:47.190+0000] {processor.py:743} INFO - Processing file /home/airflow/.local/lib/python3.7/site-packages/airflow/example_dags/example_sensors.py for tasks to queue
[2023-05-07T14:40:47.191+0000] {logging_mixin.py:137} INFO - [2023-05-07T14:40:47.190+0000] {dagbag.py:532} INFO - Filling up the DagBag from /home/airflow/.local/lib/python3.7/site-packages/airflow/example_dags/example_sensors.py
[2023-05-07T14:40:47.215+0000] {processor.py:753} INFO - DAG(s) dict_keys(['example_sensors']) retrieved from /home/airflow/.local/lib/python3.7/site-packages/airflow/example_dags/example_sensors.py
[2023-05-07T14:40:47.250+0000] {logging_mixin.py:137} INFO - [2023-05-07T14:40:47.250+0000] {dag.py:2693} INFO - Sync 1 DAGs
[2023-05-07T14:40:47.280+0000] {logging_mixin.py:137} INFO - [2023-05-07T14:40:47.280+0000] {dag.py:3444} INFO - Setting next_dagrun for example_sensors to None, run_after=None
[2023-05-07T14:40:47.301+0000] {processor.py:175} INFO - Processing /home/airflow/.local/lib/python3.7/site-packages/airflow/example_dags/example_sensors.py took 0.116 seconds
[2023-05-07T14:41:18.737+0000] {processor.py:153} INFO - Started process (PID=1125) to work on /home/airflow/.local/lib/python3.7/site-packages/airflow/example_dags/example_sensors.py
[2023-05-07T14:41:18.741+0000] {processor.py:743} INFO - Processing file /home/airflow/.local/lib/python3.7/site-packages/airflow/example_dags/example_sensors.py for tasks to queue
[2023-05-07T14:41:18.742+0000] {logging_mixin.py:137} INFO - [2023-05-07T14:41:18.742+0000] {dagbag.py:532} INFO - Filling up the DagBag from /home/airflow/.local/lib/python3.7/site-packages/airflow/example_dags/example_sensors.py
[2023-05-07T14:41:18.774+0000] {processor.py:753} INFO - DAG(s) dict_keys(['example_sensors']) retrieved from /home/airflow/.local/lib/python3.7/site-packages/airflow/example_dags/example_sensors.py
[2023-05-07T14:41:18.809+0000] {logging_mixin.py:137} INFO - [2023-05-07T14:41:18.809+0000] {dag.py:2693} INFO - Sync 1 DAGs
[2023-05-07T14:41:18.843+0000] {logging_mixin.py:137} INFO - [2023-05-07T14:41:18.843+0000] {dag.py:3444} INFO - Setting next_dagrun for example_sensors to None, run_after=None
[2023-05-07T14:41:18.865+0000] {processor.py:175} INFO - Processing /home/airflow/.local/lib/python3.7/site-packages/airflow/example_dags/example_sensors.py took 0.133 seconds
[2023-05-07T14:41:49.944+0000] {processor.py:153} INFO - Started process (PID=1176) to work on /home/airflow/.local/lib/python3.7/site-packages/airflow/example_dags/example_sensors.py
[2023-05-07T14:41:49.949+0000] {processor.py:743} INFO - Processing file /home/airflow/.local/lib/python3.7/site-packages/airflow/example_dags/example_sensors.py for tasks to queue
[2023-05-07T14:41:49.950+0000] {logging_mixin.py:137} INFO - [2023-05-07T14:41:49.949+0000] {dagbag.py:532} INFO - Filling up the DagBag from /home/airflow/.local/lib/python3.7/site-packages/airflow/example_dags/example_sensors.py
[2023-05-07T14:41:50.004+0000] {processor.py:753} INFO - DAG(s) dict_keys(['example_sensors']) retrieved from /home/airflow/.local/lib/python3.7/site-packages/airflow/example_dags/example_sensors.py
[2023-05-07T14:41:50.043+0000] {logging_mixin.py:137} INFO - [2023-05-07T14:41:50.043+0000] {dag.py:2693} INFO - Sync 1 DAGs
[2023-05-07T14:41:50.076+0000] {logging_mixin.py:137} INFO - [2023-05-07T14:41:50.075+0000] {dag.py:3444} INFO - Setting next_dagrun for example_sensors to None, run_after=None
[2023-05-07T14:41:50.128+0000] {processor.py:175} INFO - Processing /home/airflow/.local/lib/python3.7/site-packages/airflow/example_dags/example_sensors.py took 0.188 seconds
[2023-05-07T14:42:20.330+0000] {processor.py:153} INFO - Started process (PID=1227) to work on /home/airflow/.local/lib/python3.7/site-packages/airflow/example_dags/example_sensors.py
[2023-05-07T14:42:20.331+0000] {processor.py:743} INFO - Processing file /home/airflow/.local/lib/python3.7/site-packages/airflow/example_dags/example_sensors.py for tasks to queue
[2023-05-07T14:42:20.332+0000] {logging_mixin.py:137} INFO - [2023-05-07T14:42:20.332+0000] {dagbag.py:532} INFO - Filling up the DagBag from /home/airflow/.local/lib/python3.7/site-packages/airflow/example_dags/example_sensors.py
[2023-05-07T14:42:20.357+0000] {processor.py:753} INFO - DAG(s) dict_keys(['example_sensors']) retrieved from /home/airflow/.local/lib/python3.7/site-packages/airflow/example_dags/example_sensors.py
[2023-05-07T14:42:20.394+0000] {logging_mixin.py:137} INFO - [2023-05-07T14:42:20.393+0000] {dag.py:2693} INFO - Sync 1 DAGs
[2023-05-07T14:42:20.427+0000] {logging_mixin.py:137} INFO - [2023-05-07T14:42:20.427+0000] {dag.py:3444} INFO - Setting next_dagrun for example_sensors to None, run_after=None
[2023-05-07T14:42:20.449+0000] {processor.py:175} INFO - Processing /home/airflow/.local/lib/python3.7/site-packages/airflow/example_dags/example_sensors.py took 0.123 seconds
[2023-05-07T14:42:51.806+0000] {processor.py:153} INFO - Started process (PID=1278) to work on /home/airflow/.local/lib/python3.7/site-packages/airflow/example_dags/example_sensors.py
[2023-05-07T14:42:51.807+0000] {processor.py:743} INFO - Processing file /home/airflow/.local/lib/python3.7/site-packages/airflow/example_dags/example_sensors.py for tasks to queue
[2023-05-07T14:42:51.808+0000] {logging_mixin.py:137} INFO - [2023-05-07T14:42:51.808+0000] {dagbag.py:532} INFO - Filling up the DagBag from /home/airflow/.local/lib/python3.7/site-packages/airflow/example_dags/example_sensors.py
[2023-05-07T14:42:51.841+0000] {processor.py:753} INFO - DAG(s) dict_keys(['example_sensors']) retrieved from /home/airflow/.local/lib/python3.7/site-packages/airflow/example_dags/example_sensors.py
[2023-05-07T14:42:51.876+0000] {logging_mixin.py:137} INFO - [2023-05-07T14:42:51.876+0000] {dag.py:2693} INFO - Sync 1 DAGs
[2023-05-07T14:42:51.907+0000] {logging_mixin.py:137} INFO - [2023-05-07T14:42:51.907+0000] {dag.py:3444} INFO - Setting next_dagrun for example_sensors to None, run_after=None
[2023-05-07T14:42:51.928+0000] {processor.py:175} INFO - Processing /home/airflow/.local/lib/python3.7/site-packages/airflow/example_dags/example_sensors.py took 0.127 seconds
[2023-05-07T14:43:22.156+0000] {processor.py:153} INFO - Started process (PID=1330) to work on /home/airflow/.local/lib/python3.7/site-packages/airflow/example_dags/example_sensors.py
[2023-05-07T14:43:22.169+0000] {processor.py:743} INFO - Processing file /home/airflow/.local/lib/python3.7/site-packages/airflow/example_dags/example_sensors.py for tasks to queue
[2023-05-07T14:43:22.170+0000] {logging_mixin.py:137} INFO - [2023-05-07T14:43:22.169+0000] {dagbag.py:532} INFO - Filling up the DagBag from /home/airflow/.local/lib/python3.7/site-packages/airflow/example_dags/example_sensors.py
[2023-05-07T14:43:22.212+0000] {processor.py:753} INFO - DAG(s) dict_keys(['example_sensors']) retrieved from /home/airflow/.local/lib/python3.7/site-packages/airflow/example_dags/example_sensors.py
[2023-05-07T14:43:22.271+0000] {logging_mixin.py:137} INFO - [2023-05-07T14:43:22.271+0000] {dag.py:2693} INFO - Sync 1 DAGs
[2023-05-07T14:43:22.359+0000] {logging_mixin.py:137} INFO - [2023-05-07T14:43:22.359+0000] {dag.py:3444} INFO - Setting next_dagrun for example_sensors to None, run_after=None
[2023-05-07T14:43:22.405+0000] {processor.py:175} INFO - Processing /home/airflow/.local/lib/python3.7/site-packages/airflow/example_dags/example_sensors.py took 0.253 seconds
[2023-05-07T14:43:52.483+0000] {processor.py:153} INFO - Started process (PID=1381) to work on /home/airflow/.local/lib/python3.7/site-packages/airflow/example_dags/example_sensors.py
[2023-05-07T14:43:52.484+0000] {processor.py:743} INFO - Processing file /home/airflow/.local/lib/python3.7/site-packages/airflow/example_dags/example_sensors.py for tasks to queue
[2023-05-07T14:43:52.485+0000] {logging_mixin.py:137} INFO - [2023-05-07T14:43:52.485+0000] {dagbag.py:532} INFO - Filling up the DagBag from /home/airflow/.local/lib/python3.7/site-packages/airflow/example_dags/example_sensors.py
[2023-05-07T14:43:52.509+0000] {processor.py:753} INFO - DAG(s) dict_keys(['example_sensors']) retrieved from /home/airflow/.local/lib/python3.7/site-packages/airflow/example_dags/example_sensors.py
[2023-05-07T14:43:52.546+0000] {logging_mixin.py:137} INFO - [2023-05-07T14:43:52.546+0000] {dag.py:2693} INFO - Sync 1 DAGs
[2023-05-07T14:43:52.576+0000] {logging_mixin.py:137} INFO - [2023-05-07T14:43:52.576+0000] {dag.py:3444} INFO - Setting next_dagrun for example_sensors to None, run_after=None
[2023-05-07T14:43:52.596+0000] {processor.py:175} INFO - Processing /home/airflow/.local/lib/python3.7/site-packages/airflow/example_dags/example_sensors.py took 0.116 seconds
[2023-05-07T14:44:23.079+0000] {processor.py:153} INFO - Started process (PID=1432) to work on /home/airflow/.local/lib/python3.7/site-packages/airflow/example_dags/example_sensors.py
[2023-05-07T14:44:23.080+0000] {processor.py:743} INFO - Processing file /home/airflow/.local/lib/python3.7/site-packages/airflow/example_dags/example_sensors.py for tasks to queue
[2023-05-07T14:44:23.081+0000] {logging_mixin.py:137} INFO - [2023-05-07T14:44:23.081+0000] {dagbag.py:532} INFO - Filling up the DagBag from /home/airflow/.local/lib/python3.7/site-packages/airflow/example_dags/example_sensors.py
[2023-05-07T14:44:23.105+0000] {processor.py:753} INFO - DAG(s) dict_keys(['example_sensors']) retrieved from /home/airflow/.local/lib/python3.7/site-packages/airflow/example_dags/example_sensors.py
[2023-05-07T14:44:23.142+0000] {logging_mixin.py:137} INFO - [2023-05-07T14:44:23.141+0000] {dag.py:2693} INFO - Sync 1 DAGs
[2023-05-07T14:44:23.171+0000] {logging_mixin.py:137} INFO - [2023-05-07T14:44:23.171+0000] {dag.py:3444} INFO - Setting next_dagrun for example_sensors to None, run_after=None
[2023-05-07T14:44:23.192+0000] {processor.py:175} INFO - Processing /home/airflow/.local/lib/python3.7/site-packages/airflow/example_dags/example_sensors.py took 0.117 seconds
[2023-05-07T14:44:53.421+0000] {processor.py:153} INFO - Started process (PID=1483) to work on /home/airflow/.local/lib/python3.7/site-packages/airflow/example_dags/example_sensors.py
[2023-05-07T14:44:53.422+0000] {processor.py:743} INFO - Processing file /home/airflow/.local/lib/python3.7/site-packages/airflow/example_dags/example_sensors.py for tasks to queue
[2023-05-07T14:44:53.423+0000] {logging_mixin.py:137} INFO - [2023-05-07T14:44:53.423+0000] {dagbag.py:532} INFO - Filling up the DagBag from /home/airflow/.local/lib/python3.7/site-packages/airflow/example_dags/example_sensors.py
[2023-05-07T14:44:53.450+0000] {processor.py:753} INFO - DAG(s) dict_keys(['example_sensors']) retrieved from /home/airflow/.local/lib/python3.7/site-packages/airflow/example_dags/example_sensors.py
[2023-05-07T14:44:53.504+0000] {logging_mixin.py:137} INFO - [2023-05-07T14:44:53.504+0000] {dag.py:2693} INFO - Sync 1 DAGs
[2023-05-07T14:44:53.534+0000] {logging_mixin.py:137} INFO - [2023-05-07T14:44:53.534+0000] {dag.py:3444} INFO - Setting next_dagrun for example_sensors to None, run_after=None
[2023-05-07T14:44:53.557+0000] {processor.py:175} INFO - Processing /home/airflow/.local/lib/python3.7/site-packages/airflow/example_dags/example_sensors.py took 0.140 seconds
[2023-05-07T14:45:25.200+0000] {processor.py:153} INFO - Started process (PID=1534) to work on /home/airflow/.local/lib/python3.7/site-packages/airflow/example_dags/example_sensors.py
[2023-05-07T14:45:25.205+0000] {processor.py:743} INFO - Processing file /home/airflow/.local/lib/python3.7/site-packages/airflow/example_dags/example_sensors.py for tasks to queue
[2023-05-07T14:45:25.210+0000] {logging_mixin.py:137} INFO - [2023-05-07T14:45:25.206+0000] {dagbag.py:532} INFO - Filling up the DagBag from /home/airflow/.local/lib/python3.7/site-packages/airflow/example_dags/example_sensors.py
[2023-05-07T14:45:25.278+0000] {processor.py:753} INFO - DAG(s) dict_keys(['example_sensors']) retrieved from /home/airflow/.local/lib/python3.7/site-packages/airflow/example_dags/example_sensors.py
[2023-05-07T14:45:25.347+0000] {logging_mixin.py:137} INFO - [2023-05-07T14:45:25.346+0000] {dag.py:2693} INFO - Sync 1 DAGs
[2023-05-07T14:45:25.409+0000] {logging_mixin.py:137} INFO - [2023-05-07T14:45:25.409+0000] {dag.py:3444} INFO - Setting next_dagrun for example_sensors to None, run_after=None
[2023-05-07T14:45:25.462+0000] {processor.py:175} INFO - Processing /home/airflow/.local/lib/python3.7/site-packages/airflow/example_dags/example_sensors.py took 0.270 seconds
[2023-05-07T14:45:56.174+0000] {processor.py:153} INFO - Started process (PID=1585) to work on /home/airflow/.local/lib/python3.7/site-packages/airflow/example_dags/example_sensors.py
[2023-05-07T14:45:56.175+0000] {processor.py:743} INFO - Processing file /home/airflow/.local/lib/python3.7/site-packages/airflow/example_dags/example_sensors.py for tasks to queue
[2023-05-07T14:45:56.176+0000] {logging_mixin.py:137} INFO - [2023-05-07T14:45:56.176+0000] {dagbag.py:532} INFO - Filling up the DagBag from /home/airflow/.local/lib/python3.7/site-packages/airflow/example_dags/example_sensors.py
[2023-05-07T14:45:56.206+0000] {processor.py:753} INFO - DAG(s) dict_keys(['example_sensors']) retrieved from /home/airflow/.local/lib/python3.7/site-packages/airflow/example_dags/example_sensors.py
[2023-05-07T14:45:56.245+0000] {logging_mixin.py:137} INFO - [2023-05-07T14:45:56.245+0000] {dag.py:2693} INFO - Sync 1 DAGs
[2023-05-07T14:45:56.279+0000] {logging_mixin.py:137} INFO - [2023-05-07T14:45:56.278+0000] {dag.py:3444} INFO - Setting next_dagrun for example_sensors to None, run_after=None
[2023-05-07T14:45:56.300+0000] {processor.py:175} INFO - Processing /home/airflow/.local/lib/python3.7/site-packages/airflow/example_dags/example_sensors.py took 0.131 seconds
[2023-05-07T14:46:26.643+0000] {processor.py:153} INFO - Started process (PID=1637) to work on /home/airflow/.local/lib/python3.7/site-packages/airflow/example_dags/example_sensors.py
[2023-05-07T14:46:26.644+0000] {processor.py:743} INFO - Processing file /home/airflow/.local/lib/python3.7/site-packages/airflow/example_dags/example_sensors.py for tasks to queue
[2023-05-07T14:46:26.645+0000] {logging_mixin.py:137} INFO - [2023-05-07T14:46:26.645+0000] {dagbag.py:532} INFO - Filling up the DagBag from /home/airflow/.local/lib/python3.7/site-packages/airflow/example_dags/example_sensors.py
[2023-05-07T14:46:26.670+0000] {processor.py:753} INFO - DAG(s) dict_keys(['example_sensors']) retrieved from /home/airflow/.local/lib/python3.7/site-packages/airflow/example_dags/example_sensors.py
[2023-05-07T14:46:26.706+0000] {logging_mixin.py:137} INFO - [2023-05-07T14:46:26.705+0000] {dag.py:2693} INFO - Sync 1 DAGs
[2023-05-07T14:46:26.737+0000] {logging_mixin.py:137} INFO - [2023-05-07T14:46:26.736+0000] {dag.py:3444} INFO - Setting next_dagrun for example_sensors to None, run_after=None
[2023-05-07T14:46:26.764+0000] {processor.py:175} INFO - Processing /home/airflow/.local/lib/python3.7/site-packages/airflow/example_dags/example_sensors.py took 0.125 seconds
[2023-05-07T14:46:57.117+0000] {processor.py:153} INFO - Started process (PID=1688) to work on /home/airflow/.local/lib/python3.7/site-packages/airflow/example_dags/example_sensors.py
[2023-05-07T14:46:57.117+0000] {processor.py:743} INFO - Processing file /home/airflow/.local/lib/python3.7/site-packages/airflow/example_dags/example_sensors.py for tasks to queue
[2023-05-07T14:46:57.118+0000] {logging_mixin.py:137} INFO - [2023-05-07T14:46:57.118+0000] {dagbag.py:532} INFO - Filling up the DagBag from /home/airflow/.local/lib/python3.7/site-packages/airflow/example_dags/example_sensors.py
[2023-05-07T14:46:57.142+0000] {processor.py:753} INFO - DAG(s) dict_keys(['example_sensors']) retrieved from /home/airflow/.local/lib/python3.7/site-packages/airflow/example_dags/example_sensors.py
[2023-05-07T14:46:57.177+0000] {logging_mixin.py:137} INFO - [2023-05-07T14:46:57.177+0000] {dag.py:2693} INFO - Sync 1 DAGs
[2023-05-07T14:46:57.209+0000] {logging_mixin.py:137} INFO - [2023-05-07T14:46:57.208+0000] {dag.py:3444} INFO - Setting next_dagrun for example_sensors to None, run_after=None
[2023-05-07T14:46:57.230+0000] {processor.py:175} INFO - Processing /home/airflow/.local/lib/python3.7/site-packages/airflow/example_dags/example_sensors.py took 0.118 seconds
[2023-05-07T14:47:27.665+0000] {processor.py:153} INFO - Started process (PID=1739) to work on /home/airflow/.local/lib/python3.7/site-packages/airflow/example_dags/example_sensors.py
[2023-05-07T14:47:27.666+0000] {processor.py:743} INFO - Processing file /home/airflow/.local/lib/python3.7/site-packages/airflow/example_dags/example_sensors.py for tasks to queue
[2023-05-07T14:47:27.667+0000] {logging_mixin.py:137} INFO - [2023-05-07T14:47:27.667+0000] {dagbag.py:532} INFO - Filling up the DagBag from /home/airflow/.local/lib/python3.7/site-packages/airflow/example_dags/example_sensors.py
[2023-05-07T14:47:27.691+0000] {processor.py:753} INFO - DAG(s) dict_keys(['example_sensors']) retrieved from /home/airflow/.local/lib/python3.7/site-packages/airflow/example_dags/example_sensors.py
[2023-05-07T14:47:27.726+0000] {logging_mixin.py:137} INFO - [2023-05-07T14:47:27.726+0000] {dag.py:2693} INFO - Sync 1 DAGs
[2023-05-07T14:47:27.756+0000] {logging_mixin.py:137} INFO - [2023-05-07T14:47:27.756+0000] {dag.py:3444} INFO - Setting next_dagrun for example_sensors to None, run_after=None
[2023-05-07T14:47:27.776+0000] {processor.py:175} INFO - Processing /home/airflow/.local/lib/python3.7/site-packages/airflow/example_dags/example_sensors.py took 0.115 seconds
[2023-05-07T14:47:57.903+0000] {processor.py:153} INFO - Started process (PID=1790) to work on /home/airflow/.local/lib/python3.7/site-packages/airflow/example_dags/example_sensors.py
[2023-05-07T14:47:57.904+0000] {processor.py:743} INFO - Processing file /home/airflow/.local/lib/python3.7/site-packages/airflow/example_dags/example_sensors.py for tasks to queue
[2023-05-07T14:47:57.905+0000] {logging_mixin.py:137} INFO - [2023-05-07T14:47:57.905+0000] {dagbag.py:532} INFO - Filling up the DagBag from /home/airflow/.local/lib/python3.7/site-packages/airflow/example_dags/example_sensors.py
[2023-05-07T14:47:57.933+0000] {processor.py:753} INFO - DAG(s) dict_keys(['example_sensors']) retrieved from /home/airflow/.local/lib/python3.7/site-packages/airflow/example_dags/example_sensors.py
[2023-05-07T14:47:57.976+0000] {logging_mixin.py:137} INFO - [2023-05-07T14:47:57.976+0000] {dag.py:2693} INFO - Sync 1 DAGs
[2023-05-07T14:47:58.009+0000] {logging_mixin.py:137} INFO - [2023-05-07T14:47:58.009+0000] {dag.py:3444} INFO - Setting next_dagrun for example_sensors to None, run_after=None
[2023-05-07T14:47:58.030+0000] {processor.py:175} INFO - Processing /home/airflow/.local/lib/python3.7/site-packages/airflow/example_dags/example_sensors.py took 0.131 seconds
[2023-05-07T14:48:28.802+0000] {processor.py:153} INFO - Started process (PID=1841) to work on /home/airflow/.local/lib/python3.7/site-packages/airflow/example_dags/example_sensors.py
[2023-05-07T14:48:28.805+0000] {processor.py:743} INFO - Processing file /home/airflow/.local/lib/python3.7/site-packages/airflow/example_dags/example_sensors.py for tasks to queue
[2023-05-07T14:48:28.806+0000] {logging_mixin.py:137} INFO - [2023-05-07T14:48:28.806+0000] {dagbag.py:532} INFO - Filling up the DagBag from /home/airflow/.local/lib/python3.7/site-packages/airflow/example_dags/example_sensors.py
[2023-05-07T14:48:28.844+0000] {processor.py:753} INFO - DAG(s) dict_keys(['example_sensors']) retrieved from /home/airflow/.local/lib/python3.7/site-packages/airflow/example_dags/example_sensors.py
[2023-05-07T14:48:28.884+0000] {logging_mixin.py:137} INFO - [2023-05-07T14:48:28.884+0000] {dag.py:2693} INFO - Sync 1 DAGs
[2023-05-07T14:48:28.915+0000] {logging_mixin.py:137} INFO - [2023-05-07T14:48:28.914+0000] {dag.py:3444} INFO - Setting next_dagrun for example_sensors to None, run_after=None
[2023-05-07T14:48:28.962+0000] {processor.py:175} INFO - Processing /home/airflow/.local/lib/python3.7/site-packages/airflow/example_dags/example_sensors.py took 0.168 seconds
[2023-05-07T14:48:59.027+0000] {processor.py:153} INFO - Started process (PID=1892) to work on /home/airflow/.local/lib/python3.7/site-packages/airflow/example_dags/example_sensors.py
[2023-05-07T14:48:59.028+0000] {processor.py:743} INFO - Processing file /home/airflow/.local/lib/python3.7/site-packages/airflow/example_dags/example_sensors.py for tasks to queue
[2023-05-07T14:48:59.029+0000] {logging_mixin.py:137} INFO - [2023-05-07T14:48:59.029+0000] {dagbag.py:532} INFO - Filling up the DagBag from /home/airflow/.local/lib/python3.7/site-packages/airflow/example_dags/example_sensors.py
[2023-05-07T14:48:59.056+0000] {processor.py:753} INFO - DAG(s) dict_keys(['example_sensors']) retrieved from /home/airflow/.local/lib/python3.7/site-packages/airflow/example_dags/example_sensors.py
[2023-05-07T14:48:59.090+0000] {logging_mixin.py:137} INFO - [2023-05-07T14:48:59.090+0000] {dag.py:2693} INFO - Sync 1 DAGs
[2023-05-07T14:48:59.122+0000] {logging_mixin.py:137} INFO - [2023-05-07T14:48:59.122+0000] {dag.py:3444} INFO - Setting next_dagrun for example_sensors to None, run_after=None
[2023-05-07T14:48:59.144+0000] {processor.py:175} INFO - Processing /home/airflow/.local/lib/python3.7/site-packages/airflow/example_dags/example_sensors.py took 0.121 seconds
[2023-05-07T14:49:29.353+0000] {processor.py:153} INFO - Started process (PID=1943) to work on /home/airflow/.local/lib/python3.7/site-packages/airflow/example_dags/example_sensors.py
[2023-05-07T14:49:29.354+0000] {processor.py:743} INFO - Processing file /home/airflow/.local/lib/python3.7/site-packages/airflow/example_dags/example_sensors.py for tasks to queue
[2023-05-07T14:49:29.355+0000] {logging_mixin.py:137} INFO - [2023-05-07T14:49:29.355+0000] {dagbag.py:532} INFO - Filling up the DagBag from /home/airflow/.local/lib/python3.7/site-packages/airflow/example_dags/example_sensors.py
[2023-05-07T14:49:29.379+0000] {processor.py:753} INFO - DAG(s) dict_keys(['example_sensors']) retrieved from /home/airflow/.local/lib/python3.7/site-packages/airflow/example_dags/example_sensors.py
[2023-05-07T14:49:29.415+0000] {logging_mixin.py:137} INFO - [2023-05-07T14:49:29.414+0000] {dag.py:2693} INFO - Sync 1 DAGs
[2023-05-07T14:49:29.445+0000] {logging_mixin.py:137} INFO - [2023-05-07T14:49:29.445+0000] {dag.py:3444} INFO - Setting next_dagrun for example_sensors to None, run_after=None
[2023-05-07T14:49:29.466+0000] {processor.py:175} INFO - Processing /home/airflow/.local/lib/python3.7/site-packages/airflow/example_dags/example_sensors.py took 0.116 seconds
[2023-05-07T14:49:59.968+0000] {processor.py:153} INFO - Started process (PID=1994) to work on /home/airflow/.local/lib/python3.7/site-packages/airflow/example_dags/example_sensors.py
[2023-05-07T14:49:59.970+0000] {processor.py:743} INFO - Processing file /home/airflow/.local/lib/python3.7/site-packages/airflow/example_dags/example_sensors.py for tasks to queue
[2023-05-07T14:49:59.970+0000] {logging_mixin.py:137} INFO - [2023-05-07T14:49:59.970+0000] {dagbag.py:532} INFO - Filling up the DagBag from /home/airflow/.local/lib/python3.7/site-packages/airflow/example_dags/example_sensors.py
[2023-05-07T14:49:59.995+0000] {processor.py:753} INFO - DAG(s) dict_keys(['example_sensors']) retrieved from /home/airflow/.local/lib/python3.7/site-packages/airflow/example_dags/example_sensors.py
[2023-05-07T14:50:00.032+0000] {logging_mixin.py:137} INFO - [2023-05-07T14:50:00.032+0000] {dag.py:2693} INFO - Sync 1 DAGs
[2023-05-07T14:50:00.064+0000] {logging_mixin.py:137} INFO - [2023-05-07T14:50:00.064+0000] {dag.py:3444} INFO - Setting next_dagrun for example_sensors to None, run_after=None
[2023-05-07T14:50:00.086+0000] {processor.py:175} INFO - Processing /home/airflow/.local/lib/python3.7/site-packages/airflow/example_dags/example_sensors.py took 0.123 seconds
[2023-05-07T14:50:31.244+0000] {processor.py:153} INFO - Started process (PID=2044) to work on /home/airflow/.local/lib/python3.7/site-packages/airflow/example_dags/example_sensors.py
[2023-05-07T14:50:31.249+0000] {processor.py:743} INFO - Processing file /home/airflow/.local/lib/python3.7/site-packages/airflow/example_dags/example_sensors.py for tasks to queue
[2023-05-07T14:50:31.254+0000] {logging_mixin.py:137} INFO - [2023-05-07T14:50:31.253+0000] {dagbag.py:532} INFO - Filling up the DagBag from /home/airflow/.local/lib/python3.7/site-packages/airflow/example_dags/example_sensors.py
[2023-05-07T14:50:31.299+0000] {processor.py:753} INFO - DAG(s) dict_keys(['example_sensors']) retrieved from /home/airflow/.local/lib/python3.7/site-packages/airflow/example_dags/example_sensors.py
[2023-05-07T14:50:31.344+0000] {logging_mixin.py:137} INFO - [2023-05-07T14:50:31.344+0000] {dag.py:2693} INFO - Sync 1 DAGs
[2023-05-07T14:50:31.396+0000] {logging_mixin.py:137} INFO - [2023-05-07T14:50:31.395+0000] {dag.py:3444} INFO - Setting next_dagrun for example_sensors to None, run_after=None
[2023-05-07T14:50:31.430+0000] {processor.py:175} INFO - Processing /home/airflow/.local/lib/python3.7/site-packages/airflow/example_dags/example_sensors.py took 0.190 seconds
[2023-05-07T14:51:01.536+0000] {processor.py:153} INFO - Started process (PID=2095) to work on /home/airflow/.local/lib/python3.7/site-packages/airflow/example_dags/example_sensors.py
[2023-05-07T14:51:01.537+0000] {processor.py:743} INFO - Processing file /home/airflow/.local/lib/python3.7/site-packages/airflow/example_dags/example_sensors.py for tasks to queue
[2023-05-07T14:51:01.538+0000] {logging_mixin.py:137} INFO - [2023-05-07T14:51:01.538+0000] {dagbag.py:532} INFO - Filling up the DagBag from /home/airflow/.local/lib/python3.7/site-packages/airflow/example_dags/example_sensors.py
[2023-05-07T14:51:01.561+0000] {processor.py:753} INFO - DAG(s) dict_keys(['example_sensors']) retrieved from /home/airflow/.local/lib/python3.7/site-packages/airflow/example_dags/example_sensors.py
[2023-05-07T14:51:01.598+0000] {logging_mixin.py:137} INFO - [2023-05-07T14:51:01.597+0000] {dag.py:2693} INFO - Sync 1 DAGs
[2023-05-07T14:51:01.628+0000] {logging_mixin.py:137} INFO - [2023-05-07T14:51:01.628+0000] {dag.py:3444} INFO - Setting next_dagrun for example_sensors to None, run_after=None
[2023-05-07T14:51:01.649+0000] {processor.py:175} INFO - Processing /home/airflow/.local/lib/python3.7/site-packages/airflow/example_dags/example_sensors.py took 0.117 seconds
[2023-05-07T14:51:32.130+0000] {processor.py:153} INFO - Started process (PID=2146) to work on /home/airflow/.local/lib/python3.7/site-packages/airflow/example_dags/example_sensors.py
[2023-05-07T14:51:32.132+0000] {processor.py:743} INFO - Processing file /home/airflow/.local/lib/python3.7/site-packages/airflow/example_dags/example_sensors.py for tasks to queue
[2023-05-07T14:51:32.132+0000] {logging_mixin.py:137} INFO - [2023-05-07T14:51:32.132+0000] {dagbag.py:532} INFO - Filling up the DagBag from /home/airflow/.local/lib/python3.7/site-packages/airflow/example_dags/example_sensors.py
[2023-05-07T14:51:32.157+0000] {processor.py:753} INFO - DAG(s) dict_keys(['example_sensors']) retrieved from /home/airflow/.local/lib/python3.7/site-packages/airflow/example_dags/example_sensors.py
[2023-05-07T14:51:32.193+0000] {logging_mixin.py:137} INFO - [2023-05-07T14:51:32.192+0000] {dag.py:2693} INFO - Sync 1 DAGs
[2023-05-07T14:51:32.224+0000] {logging_mixin.py:137} INFO - [2023-05-07T14:51:32.224+0000] {dag.py:3444} INFO - Setting next_dagrun for example_sensors to None, run_after=None
[2023-05-07T14:51:32.246+0000] {processor.py:175} INFO - Processing /home/airflow/.local/lib/python3.7/site-packages/airflow/example_dags/example_sensors.py took 0.120 seconds
[2023-05-07T14:52:02.481+0000] {processor.py:153} INFO - Started process (PID=2197) to work on /home/airflow/.local/lib/python3.7/site-packages/airflow/example_dags/example_sensors.py
[2023-05-07T14:52:02.483+0000] {processor.py:743} INFO - Processing file /home/airflow/.local/lib/python3.7/site-packages/airflow/example_dags/example_sensors.py for tasks to queue
[2023-05-07T14:52:02.483+0000] {logging_mixin.py:137} INFO - [2023-05-07T14:52:02.483+0000] {dagbag.py:532} INFO - Filling up the DagBag from /home/airflow/.local/lib/python3.7/site-packages/airflow/example_dags/example_sensors.py
[2023-05-07T14:52:02.508+0000] {processor.py:753} INFO - DAG(s) dict_keys(['example_sensors']) retrieved from /home/airflow/.local/lib/python3.7/site-packages/airflow/example_dags/example_sensors.py
[2023-05-07T14:52:02.544+0000] {logging_mixin.py:137} INFO - [2023-05-07T14:52:02.544+0000] {dag.py:2693} INFO - Sync 1 DAGs
[2023-05-07T14:52:02.576+0000] {logging_mixin.py:137} INFO - [2023-05-07T14:52:02.575+0000] {dag.py:3444} INFO - Setting next_dagrun for example_sensors to None, run_after=None
[2023-05-07T14:52:02.598+0000] {processor.py:175} INFO - Processing /home/airflow/.local/lib/python3.7/site-packages/airflow/example_dags/example_sensors.py took 0.121 seconds
[2023-05-07T14:52:32.739+0000] {processor.py:153} INFO - Started process (PID=2248) to work on /home/airflow/.local/lib/python3.7/site-packages/airflow/example_dags/example_sensors.py
[2023-05-07T14:52:32.740+0000] {processor.py:743} INFO - Processing file /home/airflow/.local/lib/python3.7/site-packages/airflow/example_dags/example_sensors.py for tasks to queue
[2023-05-07T14:52:32.741+0000] {logging_mixin.py:137} INFO - [2023-05-07T14:52:32.741+0000] {dagbag.py:532} INFO - Filling up the DagBag from /home/airflow/.local/lib/python3.7/site-packages/airflow/example_dags/example_sensors.py
[2023-05-07T14:52:32.768+0000] {processor.py:753} INFO - DAG(s) dict_keys(['example_sensors']) retrieved from /home/airflow/.local/lib/python3.7/site-packages/airflow/example_dags/example_sensors.py
[2023-05-07T14:52:32.803+0000] {logging_mixin.py:137} INFO - [2023-05-07T14:52:32.803+0000] {dag.py:2693} INFO - Sync 1 DAGs
[2023-05-07T14:52:32.836+0000] {logging_mixin.py:137} INFO - [2023-05-07T14:52:32.836+0000] {dag.py:3444} INFO - Setting next_dagrun for example_sensors to None, run_after=None
[2023-05-07T14:52:32.858+0000] {processor.py:175} INFO - Processing /home/airflow/.local/lib/python3.7/site-packages/airflow/example_dags/example_sensors.py took 0.123 seconds
[2023-05-07T14:53:03.133+0000] {processor.py:153} INFO - Started process (PID=2299) to work on /home/airflow/.local/lib/python3.7/site-packages/airflow/example_dags/example_sensors.py
[2023-05-07T14:53:03.135+0000] {processor.py:743} INFO - Processing file /home/airflow/.local/lib/python3.7/site-packages/airflow/example_dags/example_sensors.py for tasks to queue
[2023-05-07T14:53:03.135+0000] {logging_mixin.py:137} INFO - [2023-05-07T14:53:03.135+0000] {dagbag.py:532} INFO - Filling up the DagBag from /home/airflow/.local/lib/python3.7/site-packages/airflow/example_dags/example_sensors.py
[2023-05-07T14:53:03.162+0000] {processor.py:753} INFO - DAG(s) dict_keys(['example_sensors']) retrieved from /home/airflow/.local/lib/python3.7/site-packages/airflow/example_dags/example_sensors.py
[2023-05-07T14:53:03.201+0000] {logging_mixin.py:137} INFO - [2023-05-07T14:53:03.200+0000] {dag.py:2693} INFO - Sync 1 DAGs
[2023-05-07T14:53:03.246+0000] {logging_mixin.py:137} INFO - [2023-05-07T14:53:03.246+0000] {dag.py:3444} INFO - Setting next_dagrun for example_sensors to None, run_after=None
[2023-05-07T14:53:03.278+0000] {processor.py:175} INFO - Processing /home/airflow/.local/lib/python3.7/site-packages/airflow/example_dags/example_sensors.py took 0.149 seconds
[2023-05-07T14:53:33.491+0000] {processor.py:153} INFO - Started process (PID=2350) to work on /home/airflow/.local/lib/python3.7/site-packages/airflow/example_dags/example_sensors.py
[2023-05-07T14:53:33.492+0000] {processor.py:743} INFO - Processing file /home/airflow/.local/lib/python3.7/site-packages/airflow/example_dags/example_sensors.py for tasks to queue
[2023-05-07T14:53:33.493+0000] {logging_mixin.py:137} INFO - [2023-05-07T14:53:33.493+0000] {dagbag.py:532} INFO - Filling up the DagBag from /home/airflow/.local/lib/python3.7/site-packages/airflow/example_dags/example_sensors.py
[2023-05-07T14:53:33.521+0000] {processor.py:753} INFO - DAG(s) dict_keys(['example_sensors']) retrieved from /home/airflow/.local/lib/python3.7/site-packages/airflow/example_dags/example_sensors.py
[2023-05-07T14:53:33.558+0000] {logging_mixin.py:137} INFO - [2023-05-07T14:53:33.558+0000] {dag.py:2693} INFO - Sync 1 DAGs
[2023-05-07T14:53:33.590+0000] {logging_mixin.py:137} INFO - [2023-05-07T14:53:33.590+0000] {dag.py:3444} INFO - Setting next_dagrun for example_sensors to None, run_after=None
[2023-05-07T14:53:33.612+0000] {processor.py:175} INFO - Processing /home/airflow/.local/lib/python3.7/site-packages/airflow/example_dags/example_sensors.py took 0.125 seconds
[2023-05-07T14:54:04.340+0000] {processor.py:153} INFO - Started process (PID=2401) to work on /home/airflow/.local/lib/python3.7/site-packages/airflow/example_dags/example_sensors.py
[2023-05-07T14:54:04.341+0000] {processor.py:743} INFO - Processing file /home/airflow/.local/lib/python3.7/site-packages/airflow/example_dags/example_sensors.py for tasks to queue
[2023-05-07T14:54:04.342+0000] {logging_mixin.py:137} INFO - [2023-05-07T14:54:04.342+0000] {dagbag.py:532} INFO - Filling up the DagBag from /home/airflow/.local/lib/python3.7/site-packages/airflow/example_dags/example_sensors.py
[2023-05-07T14:54:04.368+0000] {processor.py:753} INFO - DAG(s) dict_keys(['example_sensors']) retrieved from /home/airflow/.local/lib/python3.7/site-packages/airflow/example_dags/example_sensors.py
[2023-05-07T14:54:04.405+0000] {logging_mixin.py:137} INFO - [2023-05-07T14:54:04.405+0000] {dag.py:2693} INFO - Sync 1 DAGs
[2023-05-07T14:54:04.441+0000] {logging_mixin.py:137} INFO - [2023-05-07T14:54:04.441+0000] {dag.py:3444} INFO - Setting next_dagrun for example_sensors to None, run_after=None
[2023-05-07T14:54:04.464+0000] {processor.py:175} INFO - Processing /home/airflow/.local/lib/python3.7/site-packages/airflow/example_dags/example_sensors.py took 0.129 seconds
[2023-05-07T14:54:35.216+0000] {processor.py:153} INFO - Started process (PID=2452) to work on /home/airflow/.local/lib/python3.7/site-packages/airflow/example_dags/example_sensors.py
[2023-05-07T14:54:35.219+0000] {processor.py:743} INFO - Processing file /home/airflow/.local/lib/python3.7/site-packages/airflow/example_dags/example_sensors.py for tasks to queue
[2023-05-07T14:54:35.224+0000] {logging_mixin.py:137} INFO - [2023-05-07T14:54:35.224+0000] {dagbag.py:532} INFO - Filling up the DagBag from /home/airflow/.local/lib/python3.7/site-packages/airflow/example_dags/example_sensors.py
[2023-05-07T14:54:35.275+0000] {processor.py:753} INFO - DAG(s) dict_keys(['example_sensors']) retrieved from /home/airflow/.local/lib/python3.7/site-packages/airflow/example_dags/example_sensors.py
[2023-05-07T14:54:35.341+0000] {logging_mixin.py:137} INFO - [2023-05-07T14:54:35.341+0000] {dag.py:2693} INFO - Sync 1 DAGs
[2023-05-07T14:54:35.401+0000] {logging_mixin.py:137} INFO - [2023-05-07T14:54:35.401+0000] {dag.py:3444} INFO - Setting next_dagrun for example_sensors to None, run_after=None
[2023-05-07T14:54:35.442+0000] {processor.py:175} INFO - Processing /home/airflow/.local/lib/python3.7/site-packages/airflow/example_dags/example_sensors.py took 0.230 seconds
[2023-05-07T14:55:06.278+0000] {processor.py:153} INFO - Started process (PID=2503) to work on /home/airflow/.local/lib/python3.7/site-packages/airflow/example_dags/example_sensors.py
[2023-05-07T14:55:06.280+0000] {processor.py:743} INFO - Processing file /home/airflow/.local/lib/python3.7/site-packages/airflow/example_dags/example_sensors.py for tasks to queue
[2023-05-07T14:55:06.281+0000] {logging_mixin.py:137} INFO - [2023-05-07T14:55:06.281+0000] {dagbag.py:532} INFO - Filling up the DagBag from /home/airflow/.local/lib/python3.7/site-packages/airflow/example_dags/example_sensors.py
[2023-05-07T14:55:06.306+0000] {processor.py:753} INFO - DAG(s) dict_keys(['example_sensors']) retrieved from /home/airflow/.local/lib/python3.7/site-packages/airflow/example_dags/example_sensors.py
[2023-05-07T14:55:06.344+0000] {logging_mixin.py:137} INFO - [2023-05-07T14:55:06.344+0000] {dag.py:2693} INFO - Sync 1 DAGs
[2023-05-07T14:55:06.376+0000] {logging_mixin.py:137} INFO - [2023-05-07T14:55:06.376+0000] {dag.py:3444} INFO - Setting next_dagrun for example_sensors to None, run_after=None
[2023-05-07T14:55:06.398+0000] {processor.py:175} INFO - Processing /home/airflow/.local/lib/python3.7/site-packages/airflow/example_dags/example_sensors.py took 0.124 seconds
[2023-05-07T14:55:36.600+0000] {processor.py:153} INFO - Started process (PID=2554) to work on /home/airflow/.local/lib/python3.7/site-packages/airflow/example_dags/example_sensors.py
[2023-05-07T14:55:36.601+0000] {processor.py:743} INFO - Processing file /home/airflow/.local/lib/python3.7/site-packages/airflow/example_dags/example_sensors.py for tasks to queue
[2023-05-07T14:55:36.602+0000] {logging_mixin.py:137} INFO - [2023-05-07T14:55:36.601+0000] {dagbag.py:532} INFO - Filling up the DagBag from /home/airflow/.local/lib/python3.7/site-packages/airflow/example_dags/example_sensors.py
[2023-05-07T14:55:36.628+0000] {processor.py:753} INFO - DAG(s) dict_keys(['example_sensors']) retrieved from /home/airflow/.local/lib/python3.7/site-packages/airflow/example_dags/example_sensors.py
[2023-05-07T14:55:36.665+0000] {logging_mixin.py:137} INFO - [2023-05-07T14:55:36.665+0000] {dag.py:2693} INFO - Sync 1 DAGs
[2023-05-07T14:55:36.697+0000] {logging_mixin.py:137} INFO - [2023-05-07T14:55:36.697+0000] {dag.py:3444} INFO - Setting next_dagrun for example_sensors to None, run_after=None
[2023-05-07T14:55:36.722+0000] {processor.py:175} INFO - Processing /home/airflow/.local/lib/python3.7/site-packages/airflow/example_dags/example_sensors.py took 0.126 seconds
[2023-05-07T14:56:07.299+0000] {processor.py:153} INFO - Started process (PID=2605) to work on /home/airflow/.local/lib/python3.7/site-packages/airflow/example_dags/example_sensors.py
[2023-05-07T14:56:07.301+0000] {processor.py:743} INFO - Processing file /home/airflow/.local/lib/python3.7/site-packages/airflow/example_dags/example_sensors.py for tasks to queue
[2023-05-07T14:56:07.301+0000] {logging_mixin.py:137} INFO - [2023-05-07T14:56:07.301+0000] {dagbag.py:532} INFO - Filling up the DagBag from /home/airflow/.local/lib/python3.7/site-packages/airflow/example_dags/example_sensors.py
[2023-05-07T14:56:07.327+0000] {processor.py:753} INFO - DAG(s) dict_keys(['example_sensors']) retrieved from /home/airflow/.local/lib/python3.7/site-packages/airflow/example_dags/example_sensors.py
[2023-05-07T14:56:07.364+0000] {logging_mixin.py:137} INFO - [2023-05-07T14:56:07.364+0000] {dag.py:2693} INFO - Sync 1 DAGs
[2023-05-07T14:56:07.397+0000] {logging_mixin.py:137} INFO - [2023-05-07T14:56:07.397+0000] {dag.py:3444} INFO - Setting next_dagrun for example_sensors to None, run_after=None
[2023-05-07T14:56:07.417+0000] {processor.py:175} INFO - Processing /home/airflow/.local/lib/python3.7/site-packages/airflow/example_dags/example_sensors.py took 0.122 seconds
[2023-05-07T14:56:38.026+0000] {processor.py:153} INFO - Started process (PID=2656) to work on /home/airflow/.local/lib/python3.7/site-packages/airflow/example_dags/example_sensors.py
[2023-05-07T14:56:38.028+0000] {processor.py:743} INFO - Processing file /home/airflow/.local/lib/python3.7/site-packages/airflow/example_dags/example_sensors.py for tasks to queue
[2023-05-07T14:56:38.029+0000] {logging_mixin.py:137} INFO - [2023-05-07T14:56:38.029+0000] {dagbag.py:532} INFO - Filling up the DagBag from /home/airflow/.local/lib/python3.7/site-packages/airflow/example_dags/example_sensors.py
[2023-05-07T14:56:38.053+0000] {processor.py:753} INFO - DAG(s) dict_keys(['example_sensors']) retrieved from /home/airflow/.local/lib/python3.7/site-packages/airflow/example_dags/example_sensors.py
[2023-05-07T14:56:38.089+0000] {logging_mixin.py:137} INFO - [2023-05-07T14:56:38.089+0000] {dag.py:2693} INFO - Sync 1 DAGs
[2023-05-07T14:56:38.125+0000] {logging_mixin.py:137} INFO - [2023-05-07T14:56:38.124+0000] {dag.py:3444} INFO - Setting next_dagrun for example_sensors to None, run_after=None
[2023-05-07T14:56:38.145+0000] {processor.py:175} INFO - Processing /home/airflow/.local/lib/python3.7/site-packages/airflow/example_dags/example_sensors.py took 0.123 seconds
[2023-05-07T14:57:08.235+0000] {processor.py:153} INFO - Started process (PID=2707) to work on /home/airflow/.local/lib/python3.7/site-packages/airflow/example_dags/example_sensors.py
[2023-05-07T14:57:08.237+0000] {processor.py:743} INFO - Processing file /home/airflow/.local/lib/python3.7/site-packages/airflow/example_dags/example_sensors.py for tasks to queue
[2023-05-07T14:57:08.239+0000] {logging_mixin.py:137} INFO - [2023-05-07T14:57:08.238+0000] {dagbag.py:532} INFO - Filling up the DagBag from /home/airflow/.local/lib/python3.7/site-packages/airflow/example_dags/example_sensors.py
[2023-05-07T14:57:08.278+0000] {processor.py:753} INFO - DAG(s) dict_keys(['example_sensors']) retrieved from /home/airflow/.local/lib/python3.7/site-packages/airflow/example_dags/example_sensors.py
[2023-05-07T14:57:08.346+0000] {logging_mixin.py:137} INFO - [2023-05-07T14:57:08.345+0000] {dag.py:2693} INFO - Sync 1 DAGs
[2023-05-07T14:57:08.408+0000] {logging_mixin.py:137} INFO - [2023-05-07T14:57:08.408+0000] {dag.py:3444} INFO - Setting next_dagrun for example_sensors to None, run_after=None
[2023-05-07T14:57:08.449+0000] {processor.py:175} INFO - Processing /home/airflow/.local/lib/python3.7/site-packages/airflow/example_dags/example_sensors.py took 0.222 seconds
[2023-05-07T14:57:38.838+0000] {processor.py:153} INFO - Started process (PID=2758) to work on /home/airflow/.local/lib/python3.7/site-packages/airflow/example_dags/example_sensors.py
[2023-05-07T14:57:38.840+0000] {processor.py:743} INFO - Processing file /home/airflow/.local/lib/python3.7/site-packages/airflow/example_dags/example_sensors.py for tasks to queue
[2023-05-07T14:57:38.843+0000] {logging_mixin.py:137} INFO - [2023-05-07T14:57:38.842+0000] {dagbag.py:532} INFO - Filling up the DagBag from /home/airflow/.local/lib/python3.7/site-packages/airflow/example_dags/example_sensors.py
[2023-05-07T14:57:38.905+0000] {processor.py:753} INFO - DAG(s) dict_keys(['example_sensors']) retrieved from /home/airflow/.local/lib/python3.7/site-packages/airflow/example_dags/example_sensors.py
[2023-05-07T14:57:39.004+0000] {logging_mixin.py:137} INFO - [2023-05-07T14:57:39.004+0000] {dag.py:2693} INFO - Sync 1 DAGs
[2023-05-07T14:57:39.069+0000] {logging_mixin.py:137} INFO - [2023-05-07T14:57:39.069+0000] {dag.py:3444} INFO - Setting next_dagrun for example_sensors to None, run_after=None
[2023-05-07T14:57:39.103+0000] {processor.py:175} INFO - Processing /home/airflow/.local/lib/python3.7/site-packages/airflow/example_dags/example_sensors.py took 0.273 seconds
[2023-05-07T14:58:09.136+0000] {processor.py:153} INFO - Started process (PID=2809) to work on /home/airflow/.local/lib/python3.7/site-packages/airflow/example_dags/example_sensors.py
[2023-05-07T14:58:09.138+0000] {processor.py:743} INFO - Processing file /home/airflow/.local/lib/python3.7/site-packages/airflow/example_dags/example_sensors.py for tasks to queue
[2023-05-07T14:58:09.139+0000] {logging_mixin.py:137} INFO - [2023-05-07T14:58:09.138+0000] {dagbag.py:532} INFO - Filling up the DagBag from /home/airflow/.local/lib/python3.7/site-packages/airflow/example_dags/example_sensors.py
[2023-05-07T14:58:09.163+0000] {processor.py:753} INFO - DAG(s) dict_keys(['example_sensors']) retrieved from /home/airflow/.local/lib/python3.7/site-packages/airflow/example_dags/example_sensors.py
[2023-05-07T14:58:09.199+0000] {logging_mixin.py:137} INFO - [2023-05-07T14:58:09.199+0000] {dag.py:2693} INFO - Sync 1 DAGs
[2023-05-07T14:58:09.231+0000] {logging_mixin.py:137} INFO - [2023-05-07T14:58:09.231+0000] {dag.py:3444} INFO - Setting next_dagrun for example_sensors to None, run_after=None
[2023-05-07T14:58:09.261+0000] {processor.py:175} INFO - Processing /home/airflow/.local/lib/python3.7/site-packages/airflow/example_dags/example_sensors.py took 0.129 seconds
[2023-05-07T14:58:40.081+0000] {processor.py:153} INFO - Started process (PID=2860) to work on /home/airflow/.local/lib/python3.7/site-packages/airflow/example_dags/example_sensors.py
[2023-05-07T14:58:40.082+0000] {processor.py:743} INFO - Processing file /home/airflow/.local/lib/python3.7/site-packages/airflow/example_dags/example_sensors.py for tasks to queue
[2023-05-07T14:58:40.083+0000] {logging_mixin.py:137} INFO - [2023-05-07T14:58:40.082+0000] {dagbag.py:532} INFO - Filling up the DagBag from /home/airflow/.local/lib/python3.7/site-packages/airflow/example_dags/example_sensors.py
[2023-05-07T14:58:40.107+0000] {processor.py:753} INFO - DAG(s) dict_keys(['example_sensors']) retrieved from /home/airflow/.local/lib/python3.7/site-packages/airflow/example_dags/example_sensors.py
[2023-05-07T14:58:40.142+0000] {logging_mixin.py:137} INFO - [2023-05-07T14:58:40.142+0000] {dag.py:2693} INFO - Sync 1 DAGs
[2023-05-07T14:58:40.176+0000] {logging_mixin.py:137} INFO - [2023-05-07T14:58:40.176+0000] {dag.py:3444} INFO - Setting next_dagrun for example_sensors to None, run_after=None
[2023-05-07T14:58:40.197+0000] {processor.py:175} INFO - Processing /home/airflow/.local/lib/python3.7/site-packages/airflow/example_dags/example_sensors.py took 0.120 seconds
[2023-05-07T14:59:10.565+0000] {processor.py:153} INFO - Started process (PID=2912) to work on /home/airflow/.local/lib/python3.7/site-packages/airflow/example_dags/example_sensors.py
[2023-05-07T14:59:10.565+0000] {processor.py:743} INFO - Processing file /home/airflow/.local/lib/python3.7/site-packages/airflow/example_dags/example_sensors.py for tasks to queue
[2023-05-07T14:59:10.566+0000] {logging_mixin.py:137} INFO - [2023-05-07T14:59:10.566+0000] {dagbag.py:532} INFO - Filling up the DagBag from /home/airflow/.local/lib/python3.7/site-packages/airflow/example_dags/example_sensors.py
[2023-05-07T14:59:10.591+0000] {processor.py:753} INFO - DAG(s) dict_keys(['example_sensors']) retrieved from /home/airflow/.local/lib/python3.7/site-packages/airflow/example_dags/example_sensors.py
[2023-05-07T14:59:10.627+0000] {logging_mixin.py:137} INFO - [2023-05-07T14:59:10.627+0000] {dag.py:2693} INFO - Sync 1 DAGs
[2023-05-07T14:59:10.660+0000] {logging_mixin.py:137} INFO - [2023-05-07T14:59:10.660+0000] {dag.py:3444} INFO - Setting next_dagrun for example_sensors to None, run_after=None
[2023-05-07T14:59:10.683+0000] {processor.py:175} INFO - Processing /home/airflow/.local/lib/python3.7/site-packages/airflow/example_dags/example_sensors.py took 0.122 seconds
[2023-05-07T14:59:41.146+0000] {processor.py:153} INFO - Started process (PID=2963) to work on /home/airflow/.local/lib/python3.7/site-packages/airflow/example_dags/example_sensors.py
[2023-05-07T14:59:41.147+0000] {processor.py:743} INFO - Processing file /home/airflow/.local/lib/python3.7/site-packages/airflow/example_dags/example_sensors.py for tasks to queue
[2023-05-07T14:59:41.148+0000] {logging_mixin.py:137} INFO - [2023-05-07T14:59:41.148+0000] {dagbag.py:532} INFO - Filling up the DagBag from /home/airflow/.local/lib/python3.7/site-packages/airflow/example_dags/example_sensors.py
[2023-05-07T14:59:41.173+0000] {processor.py:753} INFO - DAG(s) dict_keys(['example_sensors']) retrieved from /home/airflow/.local/lib/python3.7/site-packages/airflow/example_dags/example_sensors.py
[2023-05-07T14:59:41.211+0000] {logging_mixin.py:137} INFO - [2023-05-07T14:59:41.211+0000] {dag.py:2693} INFO - Sync 1 DAGs
[2023-05-07T14:59:41.243+0000] {logging_mixin.py:137} INFO - [2023-05-07T14:59:41.243+0000] {dag.py:3444} INFO - Setting next_dagrun for example_sensors to None, run_after=None
[2023-05-07T14:59:41.264+0000] {processor.py:175} INFO - Processing /home/airflow/.local/lib/python3.7/site-packages/airflow/example_dags/example_sensors.py took 0.122 seconds
[2023-05-07T15:00:13.062+0000] {processor.py:153} INFO - Started process (PID=3014) to work on /home/airflow/.local/lib/python3.7/site-packages/airflow/example_dags/example_sensors.py
[2023-05-07T15:00:13.063+0000] {processor.py:743} INFO - Processing file /home/airflow/.local/lib/python3.7/site-packages/airflow/example_dags/example_sensors.py for tasks to queue
[2023-05-07T15:00:13.064+0000] {logging_mixin.py:137} INFO - [2023-05-07T15:00:13.064+0000] {dagbag.py:532} INFO - Filling up the DagBag from /home/airflow/.local/lib/python3.7/site-packages/airflow/example_dags/example_sensors.py
[2023-05-07T15:00:13.142+0000] {processor.py:753} INFO - DAG(s) dict_keys(['example_sensors']) retrieved from /home/airflow/.local/lib/python3.7/site-packages/airflow/example_dags/example_sensors.py
[2023-05-07T15:00:13.220+0000] {logging_mixin.py:137} INFO - [2023-05-07T15:00:13.220+0000] {dag.py:2693} INFO - Sync 1 DAGs
[2023-05-07T15:00:13.302+0000] {logging_mixin.py:137} INFO - [2023-05-07T15:00:13.302+0000] {dag.py:3444} INFO - Setting next_dagrun for example_sensors to None, run_after=None
[2023-05-07T15:00:13.358+0000] {processor.py:175} INFO - Processing /home/airflow/.local/lib/python3.7/site-packages/airflow/example_dags/example_sensors.py took 0.300 seconds
[2023-05-07T15:00:43.454+0000] {processor.py:153} INFO - Started process (PID=3065) to work on /home/airflow/.local/lib/python3.7/site-packages/airflow/example_dags/example_sensors.py
[2023-05-07T15:00:43.457+0000] {processor.py:743} INFO - Processing file /home/airflow/.local/lib/python3.7/site-packages/airflow/example_dags/example_sensors.py for tasks to queue
[2023-05-07T15:00:43.458+0000] {logging_mixin.py:137} INFO - [2023-05-07T15:00:43.458+0000] {dagbag.py:532} INFO - Filling up the DagBag from /home/airflow/.local/lib/python3.7/site-packages/airflow/example_dags/example_sensors.py
[2023-05-07T15:00:43.509+0000] {processor.py:753} INFO - DAG(s) dict_keys(['example_sensors']) retrieved from /home/airflow/.local/lib/python3.7/site-packages/airflow/example_dags/example_sensors.py
[2023-05-07T15:00:43.575+0000] {logging_mixin.py:137} INFO - [2023-05-07T15:00:43.575+0000] {dag.py:2693} INFO - Sync 1 DAGs
[2023-05-07T15:00:43.650+0000] {logging_mixin.py:137} INFO - [2023-05-07T15:00:43.650+0000] {dag.py:3444} INFO - Setting next_dagrun for example_sensors to None, run_after=None
[2023-05-07T15:00:43.673+0000] {processor.py:175} INFO - Processing /home/airflow/.local/lib/python3.7/site-packages/airflow/example_dags/example_sensors.py took 0.227 seconds
[2023-05-07T15:01:14.636+0000] {processor.py:153} INFO - Started process (PID=3116) to work on /home/airflow/.local/lib/python3.7/site-packages/airflow/example_dags/example_sensors.py
[2023-05-07T15:01:14.637+0000] {processor.py:743} INFO - Processing file /home/airflow/.local/lib/python3.7/site-packages/airflow/example_dags/example_sensors.py for tasks to queue
[2023-05-07T15:01:14.638+0000] {logging_mixin.py:137} INFO - [2023-05-07T15:01:14.638+0000] {dagbag.py:532} INFO - Filling up the DagBag from /home/airflow/.local/lib/python3.7/site-packages/airflow/example_dags/example_sensors.py
[2023-05-07T15:01:14.678+0000] {processor.py:753} INFO - DAG(s) dict_keys(['example_sensors']) retrieved from /home/airflow/.local/lib/python3.7/site-packages/airflow/example_dags/example_sensors.py
[2023-05-07T15:01:14.787+0000] {logging_mixin.py:137} INFO - [2023-05-07T15:01:14.787+0000] {dag.py:2693} INFO - Sync 1 DAGs
[2023-05-07T15:01:14.844+0000] {logging_mixin.py:137} INFO - [2023-05-07T15:01:14.844+0000] {dag.py:3444} INFO - Setting next_dagrun for example_sensors to None, run_after=None
[2023-05-07T15:01:14.882+0000] {processor.py:175} INFO - Processing /home/airflow/.local/lib/python3.7/site-packages/airflow/example_dags/example_sensors.py took 0.250 seconds
[2023-05-07T15:01:45.352+0000] {processor.py:153} INFO - Started process (PID=3167) to work on /home/airflow/.local/lib/python3.7/site-packages/airflow/example_dags/example_sensors.py
[2023-05-07T15:01:45.354+0000] {processor.py:743} INFO - Processing file /home/airflow/.local/lib/python3.7/site-packages/airflow/example_dags/example_sensors.py for tasks to queue
[2023-05-07T15:01:45.355+0000] {logging_mixin.py:137} INFO - [2023-05-07T15:01:45.354+0000] {dagbag.py:532} INFO - Filling up the DagBag from /home/airflow/.local/lib/python3.7/site-packages/airflow/example_dags/example_sensors.py
[2023-05-07T15:01:45.379+0000] {processor.py:753} INFO - DAG(s) dict_keys(['example_sensors']) retrieved from /home/airflow/.local/lib/python3.7/site-packages/airflow/example_dags/example_sensors.py
[2023-05-07T15:01:45.415+0000] {logging_mixin.py:137} INFO - [2023-05-07T15:01:45.415+0000] {dag.py:2693} INFO - Sync 1 DAGs
[2023-05-07T15:01:45.445+0000] {logging_mixin.py:137} INFO - [2023-05-07T15:01:45.445+0000] {dag.py:3444} INFO - Setting next_dagrun for example_sensors to None, run_after=None
[2023-05-07T15:01:45.466+0000] {processor.py:175} INFO - Processing /home/airflow/.local/lib/python3.7/site-packages/airflow/example_dags/example_sensors.py took 0.117 seconds
