[2023-05-17T01:56:24.360+0000] {taskinstance.py:1084} INFO - Dependencies all met for dep_context=non-requeueable deps ti=<TaskInstance: get_todays_gamesv2.write_insert_query_task manual__2023-05-17T01:56:11.484790+00:00 [queued]>
[2023-05-17T01:56:24.372+0000] {taskinstance.py:1084} INFO - Dependencies all met for dep_context=requeueable deps ti=<TaskInstance: get_todays_gamesv2.write_insert_query_task manual__2023-05-17T01:56:11.484790+00:00 [queued]>
[2023-05-17T01:56:24.372+0000] {taskinstance.py:1282} INFO - 
--------------------------------------------------------------------------------
[2023-05-17T01:56:24.373+0000] {taskinstance.py:1283} INFO - Starting attempt 1 of 1
[2023-05-17T01:56:24.373+0000] {taskinstance.py:1284} INFO - 
--------------------------------------------------------------------------------
[2023-05-17T01:56:24.393+0000] {taskinstance.py:1303} INFO - Executing <Task(PythonOperator): write_insert_query_task> on 2023-05-17 01:56:11.484790+00:00
[2023-05-17T01:56:24.400+0000] {standard_task_runner.py:55} INFO - Started process 912 to run task
[2023-05-17T01:56:24.407+0000] {standard_task_runner.py:82} INFO - Running: ['***', 'tasks', 'run', 'get_todays_gamesv2', 'write_insert_query_task', 'manual__2023-05-17T01:56:11.484790+00:00', '--job-id', '1757', '--raw', '--subdir', 'DAGS_FOLDER/todays_gamesv2.py', '--cfg-path', '/tmp/tmp1lyarwbd']
[2023-05-17T01:56:24.408+0000] {standard_task_runner.py:83} INFO - Job 1757: Subtask write_insert_query_task
[2023-05-17T01:56:24.492+0000] {task_command.py:388} INFO - Running <TaskInstance: get_todays_gamesv2.write_insert_query_task manual__2023-05-17T01:56:11.484790+00:00 [running]> on host 0dd257a6e4e7
[2023-05-17T01:56:24.604+0000] {taskinstance.py:1511} INFO - Exporting the following env vars:
AIRFLOW_CTX_DAG_OWNER=***
AIRFLOW_CTX_DAG_ID=get_todays_gamesv2
AIRFLOW_CTX_TASK_ID=write_insert_query_task
AIRFLOW_CTX_EXECUTION_DATE=2023-05-17T01:56:11.484790+00:00
AIRFLOW_CTX_TRY_NUMBER=1
AIRFLOW_CTX_DAG_RUN_ID=manual__2023-05-17T01:56:11.484790+00:00
[2023-05-17T01:56:24.659+0000] {python.py:177} INFO - Done. Returned value was: None
[2023-05-17T01:56:24.672+0000] {taskinstance.py:1326} INFO - Marking task as SUCCESS. dag_id=get_todays_gamesv2, task_id=write_insert_query_task, execution_date=20230517T015611, start_date=20230517T015624, end_date=20230517T015624
[2023-05-17T01:56:24.697+0000] {local_task_job.py:212} INFO - Task exited with return code 0
[2023-05-17T01:56:24.746+0000] {taskinstance.py:2585} INFO - 1 downstream tasks scheduled from follow-on schedule check
