[2023-05-05T14:46:05.093+0000] {processor.py:153} INFO - Started process (PID=39) to work on /home/airflow/.local/lib/python3.7/site-packages/airflow/example_dags/example_sla_dag.py
[2023-05-05T14:46:05.094+0000] {processor.py:743} INFO - Processing file /home/airflow/.local/lib/python3.7/site-packages/airflow/example_dags/example_sla_dag.py for tasks to queue
[2023-05-05T14:46:05.094+0000] {logging_mixin.py:137} INFO - [2023-05-05T14:46:05.094+0000] {dagbag.py:532} INFO - Filling up the DagBag from /home/airflow/.local/lib/python3.7/site-packages/airflow/example_dags/example_sla_dag.py
[2023-05-05T14:46:05.125+0000] {processor.py:753} INFO - DAG(s) dict_keys(['example_sla_dag']) retrieved from /home/airflow/.local/lib/python3.7/site-packages/airflow/example_dags/example_sla_dag.py
[2023-05-05T14:46:05.160+0000] {logging_mixin.py:137} INFO - [2023-05-05T14:46:05.159+0000] {dag.py:2693} INFO - Sync 1 DAGs
[2023-05-05T14:46:05.199+0000] {logging_mixin.py:137} INFO - [2023-05-05T14:46:05.199+0000] {dag.py:3444} INFO - Setting next_dagrun for example_sla_dag to 2023-05-05T14:44:00+00:00, run_after=2023-05-05T14:46:00+00:00
[2023-05-05T14:46:05.230+0000] {processor.py:175} INFO - Processing /home/airflow/.local/lib/python3.7/site-packages/airflow/example_dags/example_sla_dag.py took 0.142 seconds
[2023-05-05T14:46:35.930+0000] {processor.py:153} INFO - Started process (PID=90) to work on /home/airflow/.local/lib/python3.7/site-packages/airflow/example_dags/example_sla_dag.py
[2023-05-05T14:46:35.931+0000] {processor.py:743} INFO - Processing file /home/airflow/.local/lib/python3.7/site-packages/airflow/example_dags/example_sla_dag.py for tasks to queue
[2023-05-05T14:46:35.932+0000] {logging_mixin.py:137} INFO - [2023-05-05T14:46:35.932+0000] {dagbag.py:532} INFO - Filling up the DagBag from /home/airflow/.local/lib/python3.7/site-packages/airflow/example_dags/example_sla_dag.py
[2023-05-05T14:46:35.964+0000] {processor.py:753} INFO - DAG(s) dict_keys(['example_sla_dag']) retrieved from /home/airflow/.local/lib/python3.7/site-packages/airflow/example_dags/example_sla_dag.py
[2023-05-05T14:46:35.998+0000] {logging_mixin.py:137} INFO - [2023-05-05T14:46:35.998+0000] {dag.py:2693} INFO - Sync 1 DAGs
[2023-05-05T14:46:36.037+0000] {logging_mixin.py:137} INFO - [2023-05-05T14:46:36.037+0000] {dag.py:3444} INFO - Setting next_dagrun for example_sla_dag to 2023-05-05T14:44:00+00:00, run_after=2023-05-05T14:46:00+00:00
[2023-05-05T14:46:36.059+0000] {processor.py:175} INFO - Processing /home/airflow/.local/lib/python3.7/site-packages/airflow/example_dags/example_sla_dag.py took 0.134 seconds
[2023-05-05T14:47:06.848+0000] {processor.py:153} INFO - Started process (PID=141) to work on /home/airflow/.local/lib/python3.7/site-packages/airflow/example_dags/example_sla_dag.py
[2023-05-05T14:47:06.849+0000] {processor.py:743} INFO - Processing file /home/airflow/.local/lib/python3.7/site-packages/airflow/example_dags/example_sla_dag.py for tasks to queue
[2023-05-05T14:47:06.850+0000] {logging_mixin.py:137} INFO - [2023-05-05T14:47:06.850+0000] {dagbag.py:532} INFO - Filling up the DagBag from /home/airflow/.local/lib/python3.7/site-packages/airflow/example_dags/example_sla_dag.py
[2023-05-05T14:47:06.881+0000] {processor.py:753} INFO - DAG(s) dict_keys(['example_sla_dag']) retrieved from /home/airflow/.local/lib/python3.7/site-packages/airflow/example_dags/example_sla_dag.py
[2023-05-05T14:47:06.914+0000] {logging_mixin.py:137} INFO - [2023-05-05T14:47:06.914+0000] {dag.py:2693} INFO - Sync 1 DAGs
[2023-05-05T14:47:06.954+0000] {logging_mixin.py:137} INFO - [2023-05-05T14:47:06.954+0000] {dag.py:3444} INFO - Setting next_dagrun for example_sla_dag to 2023-05-05T14:44:00+00:00, run_after=2023-05-05T14:46:00+00:00
[2023-05-05T14:47:06.975+0000] {processor.py:175} INFO - Processing /home/airflow/.local/lib/python3.7/site-packages/airflow/example_dags/example_sla_dag.py took 0.131 seconds
[2023-05-05T14:47:37.496+0000] {processor.py:153} INFO - Started process (PID=191) to work on /home/airflow/.local/lib/python3.7/site-packages/airflow/example_dags/example_sla_dag.py
[2023-05-05T14:47:37.498+0000] {processor.py:743} INFO - Processing file /home/airflow/.local/lib/python3.7/site-packages/airflow/example_dags/example_sla_dag.py for tasks to queue
[2023-05-05T14:47:37.500+0000] {logging_mixin.py:137} INFO - [2023-05-05T14:47:37.500+0000] {dagbag.py:532} INFO - Filling up the DagBag from /home/airflow/.local/lib/python3.7/site-packages/airflow/example_dags/example_sla_dag.py
[2023-05-05T14:47:37.533+0000] {processor.py:753} INFO - DAG(s) dict_keys(['example_sla_dag']) retrieved from /home/airflow/.local/lib/python3.7/site-packages/airflow/example_dags/example_sla_dag.py
[2023-05-05T14:47:37.572+0000] {logging_mixin.py:137} INFO - [2023-05-05T14:47:37.571+0000] {dag.py:2693} INFO - Sync 1 DAGs
[2023-05-05T14:47:37.616+0000] {logging_mixin.py:137} INFO - [2023-05-05T14:47:37.616+0000] {dag.py:3444} INFO - Setting next_dagrun for example_sla_dag to 2023-05-05T14:44:00+00:00, run_after=2023-05-05T14:46:00+00:00
[2023-05-05T14:47:37.640+0000] {processor.py:175} INFO - Processing /home/airflow/.local/lib/python3.7/site-packages/airflow/example_dags/example_sla_dag.py took 0.149 seconds
[2023-05-05T14:48:07.769+0000] {processor.py:153} INFO - Started process (PID=243) to work on /home/airflow/.local/lib/python3.7/site-packages/airflow/example_dags/example_sla_dag.py
[2023-05-05T14:48:07.770+0000] {processor.py:743} INFO - Processing file /home/airflow/.local/lib/python3.7/site-packages/airflow/example_dags/example_sla_dag.py for tasks to queue
[2023-05-05T14:48:07.770+0000] {logging_mixin.py:137} INFO - [2023-05-05T14:48:07.770+0000] {dagbag.py:532} INFO - Filling up the DagBag from /home/airflow/.local/lib/python3.7/site-packages/airflow/example_dags/example_sla_dag.py
[2023-05-05T14:48:07.800+0000] {processor.py:753} INFO - DAG(s) dict_keys(['example_sla_dag']) retrieved from /home/airflow/.local/lib/python3.7/site-packages/airflow/example_dags/example_sla_dag.py
[2023-05-05T14:48:07.838+0000] {logging_mixin.py:137} INFO - [2023-05-05T14:48:07.837+0000] {dag.py:2693} INFO - Sync 1 DAGs
[2023-05-05T14:48:07.879+0000] {logging_mixin.py:137} INFO - [2023-05-05T14:48:07.879+0000] {dag.py:3444} INFO - Setting next_dagrun for example_sla_dag to 2023-05-05T14:46:00+00:00, run_after=2023-05-05T14:48:00+00:00
[2023-05-05T14:48:07.904+0000] {processor.py:175} INFO - Processing /home/airflow/.local/lib/python3.7/site-packages/airflow/example_dags/example_sla_dag.py took 0.140 seconds
[2023-05-05T14:48:38.645+0000] {processor.py:153} INFO - Started process (PID=294) to work on /home/airflow/.local/lib/python3.7/site-packages/airflow/example_dags/example_sla_dag.py
[2023-05-05T14:48:38.647+0000] {processor.py:743} INFO - Processing file /home/airflow/.local/lib/python3.7/site-packages/airflow/example_dags/example_sla_dag.py for tasks to queue
[2023-05-05T14:48:38.647+0000] {logging_mixin.py:137} INFO - [2023-05-05T14:48:38.647+0000] {dagbag.py:532} INFO - Filling up the DagBag from /home/airflow/.local/lib/python3.7/site-packages/airflow/example_dags/example_sla_dag.py
[2023-05-05T14:48:38.686+0000] {processor.py:753} INFO - DAG(s) dict_keys(['example_sla_dag']) retrieved from /home/airflow/.local/lib/python3.7/site-packages/airflow/example_dags/example_sla_dag.py
[2023-05-05T14:48:38.731+0000] {logging_mixin.py:137} INFO - [2023-05-05T14:48:38.731+0000] {dag.py:2693} INFO - Sync 1 DAGs
[2023-05-05T14:48:38.771+0000] {logging_mixin.py:137} INFO - [2023-05-05T14:48:38.771+0000] {dag.py:3444} INFO - Setting next_dagrun for example_sla_dag to 2023-05-05T14:46:00+00:00, run_after=2023-05-05T14:48:00+00:00
[2023-05-05T14:48:38.795+0000] {processor.py:175} INFO - Processing /home/airflow/.local/lib/python3.7/site-packages/airflow/example_dags/example_sla_dag.py took 0.154 seconds
[2023-05-05T14:49:09.441+0000] {processor.py:153} INFO - Started process (PID=345) to work on /home/airflow/.local/lib/python3.7/site-packages/airflow/example_dags/example_sla_dag.py
[2023-05-05T14:49:09.443+0000] {processor.py:743} INFO - Processing file /home/airflow/.local/lib/python3.7/site-packages/airflow/example_dags/example_sla_dag.py for tasks to queue
[2023-05-05T14:49:09.444+0000] {logging_mixin.py:137} INFO - [2023-05-05T14:49:09.444+0000] {dagbag.py:532} INFO - Filling up the DagBag from /home/airflow/.local/lib/python3.7/site-packages/airflow/example_dags/example_sla_dag.py
[2023-05-05T14:49:09.484+0000] {processor.py:753} INFO - DAG(s) dict_keys(['example_sla_dag']) retrieved from /home/airflow/.local/lib/python3.7/site-packages/airflow/example_dags/example_sla_dag.py
[2023-05-05T14:49:09.517+0000] {logging_mixin.py:137} INFO - [2023-05-05T14:49:09.516+0000] {dag.py:2693} INFO - Sync 1 DAGs
[2023-05-05T14:49:09.557+0000] {logging_mixin.py:137} INFO - [2023-05-05T14:49:09.556+0000] {dag.py:3444} INFO - Setting next_dagrun for example_sla_dag to 2023-05-05T14:46:00+00:00, run_after=2023-05-05T14:48:00+00:00
[2023-05-05T14:49:09.578+0000] {processor.py:175} INFO - Processing /home/airflow/.local/lib/python3.7/site-packages/airflow/example_dags/example_sla_dag.py took 0.145 seconds
[2023-05-05T14:49:39.745+0000] {processor.py:153} INFO - Started process (PID=396) to work on /home/airflow/.local/lib/python3.7/site-packages/airflow/example_dags/example_sla_dag.py
[2023-05-05T14:49:39.747+0000] {processor.py:743} INFO - Processing file /home/airflow/.local/lib/python3.7/site-packages/airflow/example_dags/example_sla_dag.py for tasks to queue
[2023-05-05T14:49:39.748+0000] {logging_mixin.py:137} INFO - [2023-05-05T14:49:39.747+0000] {dagbag.py:532} INFO - Filling up the DagBag from /home/airflow/.local/lib/python3.7/site-packages/airflow/example_dags/example_sla_dag.py
[2023-05-05T14:49:39.780+0000] {processor.py:753} INFO - DAG(s) dict_keys(['example_sla_dag']) retrieved from /home/airflow/.local/lib/python3.7/site-packages/airflow/example_dags/example_sla_dag.py
[2023-05-05T14:49:39.814+0000] {logging_mixin.py:137} INFO - [2023-05-05T14:49:39.814+0000] {dag.py:2693} INFO - Sync 1 DAGs
[2023-05-05T14:49:39.857+0000] {logging_mixin.py:137} INFO - [2023-05-05T14:49:39.857+0000] {dag.py:3444} INFO - Setting next_dagrun for example_sla_dag to 2023-05-05T14:46:00+00:00, run_after=2023-05-05T14:48:00+00:00
[2023-05-05T14:49:39.880+0000] {processor.py:175} INFO - Processing /home/airflow/.local/lib/python3.7/site-packages/airflow/example_dags/example_sla_dag.py took 0.139 seconds
[2023-05-05T14:50:10.328+0000] {processor.py:153} INFO - Started process (PID=447) to work on /home/airflow/.local/lib/python3.7/site-packages/airflow/example_dags/example_sla_dag.py
[2023-05-05T14:50:10.329+0000] {processor.py:743} INFO - Processing file /home/airflow/.local/lib/python3.7/site-packages/airflow/example_dags/example_sla_dag.py for tasks to queue
[2023-05-05T14:50:10.330+0000] {logging_mixin.py:137} INFO - [2023-05-05T14:50:10.330+0000] {dagbag.py:532} INFO - Filling up the DagBag from /home/airflow/.local/lib/python3.7/site-packages/airflow/example_dags/example_sla_dag.py
[2023-05-05T14:50:10.404+0000] {processor.py:753} INFO - DAG(s) dict_keys(['example_sla_dag']) retrieved from /home/airflow/.local/lib/python3.7/site-packages/airflow/example_dags/example_sla_dag.py
[2023-05-05T14:50:10.480+0000] {logging_mixin.py:137} INFO - [2023-05-05T14:50:10.480+0000] {dag.py:2693} INFO - Sync 1 DAGs
[2023-05-05T14:50:10.565+0000] {logging_mixin.py:137} INFO - [2023-05-05T14:50:10.564+0000] {dag.py:3444} INFO - Setting next_dagrun for example_sla_dag to 2023-05-05T14:48:00+00:00, run_after=2023-05-05T14:50:00+00:00
[2023-05-05T14:50:10.609+0000] {processor.py:175} INFO - Processing /home/airflow/.local/lib/python3.7/site-packages/airflow/example_dags/example_sla_dag.py took 0.286 seconds
[2023-05-05T14:50:41.679+0000] {processor.py:153} INFO - Started process (PID=498) to work on /home/airflow/.local/lib/python3.7/site-packages/airflow/example_dags/example_sla_dag.py
[2023-05-05T14:50:41.683+0000] {processor.py:743} INFO - Processing file /home/airflow/.local/lib/python3.7/site-packages/airflow/example_dags/example_sla_dag.py for tasks to queue
[2023-05-05T14:50:41.684+0000] {logging_mixin.py:137} INFO - [2023-05-05T14:50:41.683+0000] {dagbag.py:532} INFO - Filling up the DagBag from /home/airflow/.local/lib/python3.7/site-packages/airflow/example_dags/example_sla_dag.py
[2023-05-05T14:50:41.737+0000] {processor.py:753} INFO - DAG(s) dict_keys(['example_sla_dag']) retrieved from /home/airflow/.local/lib/python3.7/site-packages/airflow/example_dags/example_sla_dag.py
[2023-05-05T14:50:41.773+0000] {logging_mixin.py:137} INFO - [2023-05-05T14:50:41.772+0000] {dag.py:2693} INFO - Sync 1 DAGs
[2023-05-05T14:50:41.815+0000] {logging_mixin.py:137} INFO - [2023-05-05T14:50:41.815+0000] {dag.py:3444} INFO - Setting next_dagrun for example_sla_dag to 2023-05-05T14:48:00+00:00, run_after=2023-05-05T14:50:00+00:00
[2023-05-05T14:50:41.859+0000] {processor.py:175} INFO - Processing /home/airflow/.local/lib/python3.7/site-packages/airflow/example_dags/example_sla_dag.py took 0.196 seconds
[2023-05-05T14:51:12.156+0000] {processor.py:153} INFO - Started process (PID=549) to work on /home/airflow/.local/lib/python3.7/site-packages/airflow/example_dags/example_sla_dag.py
[2023-05-05T14:51:12.157+0000] {processor.py:743} INFO - Processing file /home/airflow/.local/lib/python3.7/site-packages/airflow/example_dags/example_sla_dag.py for tasks to queue
[2023-05-05T14:51:12.157+0000] {logging_mixin.py:137} INFO - [2023-05-05T14:51:12.157+0000] {dagbag.py:532} INFO - Filling up the DagBag from /home/airflow/.local/lib/python3.7/site-packages/airflow/example_dags/example_sla_dag.py
[2023-05-05T14:51:12.187+0000] {processor.py:753} INFO - DAG(s) dict_keys(['example_sla_dag']) retrieved from /home/airflow/.local/lib/python3.7/site-packages/airflow/example_dags/example_sla_dag.py
[2023-05-05T14:51:12.220+0000] {logging_mixin.py:137} INFO - [2023-05-05T14:51:12.220+0000] {dag.py:2693} INFO - Sync 1 DAGs
[2023-05-05T14:51:12.259+0000] {logging_mixin.py:137} INFO - [2023-05-05T14:51:12.258+0000] {dag.py:3444} INFO - Setting next_dagrun for example_sla_dag to 2023-05-05T14:48:00+00:00, run_after=2023-05-05T14:50:00+00:00
[2023-05-05T14:51:12.283+0000] {processor.py:175} INFO - Processing /home/airflow/.local/lib/python3.7/site-packages/airflow/example_dags/example_sla_dag.py took 0.132 seconds
[2023-05-05T14:51:42.990+0000] {processor.py:153} INFO - Started process (PID=607) to work on /home/airflow/.local/lib/python3.7/site-packages/airflow/example_dags/example_sla_dag.py
[2023-05-05T14:51:42.991+0000] {processor.py:743} INFO - Processing file /home/airflow/.local/lib/python3.7/site-packages/airflow/example_dags/example_sla_dag.py for tasks to queue
[2023-05-05T14:51:42.992+0000] {logging_mixin.py:137} INFO - [2023-05-05T14:51:42.992+0000] {dagbag.py:532} INFO - Filling up the DagBag from /home/airflow/.local/lib/python3.7/site-packages/airflow/example_dags/example_sla_dag.py
[2023-05-05T14:51:43.025+0000] {processor.py:753} INFO - DAG(s) dict_keys(['example_sla_dag']) retrieved from /home/airflow/.local/lib/python3.7/site-packages/airflow/example_dags/example_sla_dag.py
[2023-05-05T14:51:43.059+0000] {logging_mixin.py:137} INFO - [2023-05-05T14:51:43.058+0000] {dag.py:2693} INFO - Sync 1 DAGs
[2023-05-05T14:51:43.111+0000] {logging_mixin.py:137} INFO - [2023-05-05T14:51:43.111+0000] {dag.py:3444} INFO - Setting next_dagrun for example_sla_dag to 2023-05-05T14:48:00+00:00, run_after=2023-05-05T14:50:00+00:00
[2023-05-05T14:51:43.133+0000] {processor.py:175} INFO - Processing /home/airflow/.local/lib/python3.7/site-packages/airflow/example_dags/example_sla_dag.py took 0.147 seconds
[2023-05-05T14:52:13.314+0000] {processor.py:153} INFO - Started process (PID=658) to work on /home/airflow/.local/lib/python3.7/site-packages/airflow/example_dags/example_sla_dag.py
[2023-05-05T14:52:13.316+0000] {processor.py:743} INFO - Processing file /home/airflow/.local/lib/python3.7/site-packages/airflow/example_dags/example_sla_dag.py for tasks to queue
[2023-05-05T14:52:13.316+0000] {logging_mixin.py:137} INFO - [2023-05-05T14:52:13.316+0000] {dagbag.py:532} INFO - Filling up the DagBag from /home/airflow/.local/lib/python3.7/site-packages/airflow/example_dags/example_sla_dag.py
[2023-05-05T14:52:13.347+0000] {processor.py:753} INFO - DAG(s) dict_keys(['example_sla_dag']) retrieved from /home/airflow/.local/lib/python3.7/site-packages/airflow/example_dags/example_sla_dag.py
[2023-05-05T14:52:13.380+0000] {logging_mixin.py:137} INFO - [2023-05-05T14:52:13.379+0000] {dag.py:2693} INFO - Sync 1 DAGs
[2023-05-05T14:52:13.416+0000] {logging_mixin.py:137} INFO - [2023-05-05T14:52:13.416+0000] {dag.py:3444} INFO - Setting next_dagrun for example_sla_dag to 2023-05-05T14:50:00+00:00, run_after=2023-05-05T14:52:00+00:00
[2023-05-05T14:52:13.443+0000] {processor.py:175} INFO - Processing /home/airflow/.local/lib/python3.7/site-packages/airflow/example_dags/example_sla_dag.py took 0.132 seconds
[2023-05-05T14:52:44.329+0000] {processor.py:153} INFO - Started process (PID=709) to work on /home/airflow/.local/lib/python3.7/site-packages/airflow/example_dags/example_sla_dag.py
[2023-05-05T14:52:44.329+0000] {processor.py:743} INFO - Processing file /home/airflow/.local/lib/python3.7/site-packages/airflow/example_dags/example_sla_dag.py for tasks to queue
[2023-05-05T14:52:44.330+0000] {logging_mixin.py:137} INFO - [2023-05-05T14:52:44.330+0000] {dagbag.py:532} INFO - Filling up the DagBag from /home/airflow/.local/lib/python3.7/site-packages/airflow/example_dags/example_sla_dag.py
[2023-05-05T14:52:44.363+0000] {processor.py:753} INFO - DAG(s) dict_keys(['example_sla_dag']) retrieved from /home/airflow/.local/lib/python3.7/site-packages/airflow/example_dags/example_sla_dag.py
[2023-05-05T14:52:44.397+0000] {logging_mixin.py:137} INFO - [2023-05-05T14:52:44.397+0000] {dag.py:2693} INFO - Sync 1 DAGs
[2023-05-05T14:52:44.434+0000] {logging_mixin.py:137} INFO - [2023-05-05T14:52:44.434+0000] {dag.py:3444} INFO - Setting next_dagrun for example_sla_dag to 2023-05-05T14:50:00+00:00, run_after=2023-05-05T14:52:00+00:00
[2023-05-05T14:52:44.455+0000] {processor.py:175} INFO - Processing /home/airflow/.local/lib/python3.7/site-packages/airflow/example_dags/example_sla_dag.py took 0.131 seconds
[2023-05-05T14:53:15.928+0000] {processor.py:153} INFO - Started process (PID=760) to work on /home/airflow/.local/lib/python3.7/site-packages/airflow/example_dags/example_sla_dag.py
[2023-05-05T14:53:15.939+0000] {processor.py:743} INFO - Processing file /home/airflow/.local/lib/python3.7/site-packages/airflow/example_dags/example_sla_dag.py for tasks to queue
[2023-05-05T14:53:15.939+0000] {logging_mixin.py:137} INFO - [2023-05-05T14:53:15.939+0000] {dagbag.py:532} INFO - Filling up the DagBag from /home/airflow/.local/lib/python3.7/site-packages/airflow/example_dags/example_sla_dag.py
[2023-05-05T14:53:15.997+0000] {processor.py:753} INFO - DAG(s) dict_keys(['example_sla_dag']) retrieved from /home/airflow/.local/lib/python3.7/site-packages/airflow/example_dags/example_sla_dag.py
[2023-05-05T14:53:16.050+0000] {logging_mixin.py:137} INFO - [2023-05-05T14:53:16.049+0000] {dag.py:2693} INFO - Sync 1 DAGs
[2023-05-05T14:53:16.124+0000] {logging_mixin.py:137} INFO - [2023-05-05T14:53:16.124+0000] {dag.py:3444} INFO - Setting next_dagrun for example_sla_dag to 2023-05-05T14:50:00+00:00, run_after=2023-05-05T14:52:00+00:00
[2023-05-05T14:53:16.178+0000] {processor.py:175} INFO - Processing /home/airflow/.local/lib/python3.7/site-packages/airflow/example_dags/example_sla_dag.py took 0.255 seconds
[2023-05-05T14:53:46.319+0000] {processor.py:153} INFO - Started process (PID=811) to work on /home/airflow/.local/lib/python3.7/site-packages/airflow/example_dags/example_sla_dag.py
[2023-05-05T14:53:46.320+0000] {processor.py:743} INFO - Processing file /home/airflow/.local/lib/python3.7/site-packages/airflow/example_dags/example_sla_dag.py for tasks to queue
[2023-05-05T14:53:46.321+0000] {logging_mixin.py:137} INFO - [2023-05-05T14:53:46.321+0000] {dagbag.py:532} INFO - Filling up the DagBag from /home/airflow/.local/lib/python3.7/site-packages/airflow/example_dags/example_sla_dag.py
[2023-05-05T14:53:46.351+0000] {processor.py:753} INFO - DAG(s) dict_keys(['example_sla_dag']) retrieved from /home/airflow/.local/lib/python3.7/site-packages/airflow/example_dags/example_sla_dag.py
[2023-05-05T14:53:46.385+0000] {logging_mixin.py:137} INFO - [2023-05-05T14:53:46.385+0000] {dag.py:2693} INFO - Sync 1 DAGs
[2023-05-05T14:53:46.422+0000] {logging_mixin.py:137} INFO - [2023-05-05T14:53:46.422+0000] {dag.py:3444} INFO - Setting next_dagrun for example_sla_dag to 2023-05-05T14:50:00+00:00, run_after=2023-05-05T14:52:00+00:00
[2023-05-05T14:53:46.442+0000] {processor.py:175} INFO - Processing /home/airflow/.local/lib/python3.7/site-packages/airflow/example_dags/example_sla_dag.py took 0.128 seconds
[2023-05-05T14:54:16.493+0000] {processor.py:153} INFO - Started process (PID=862) to work on /home/airflow/.local/lib/python3.7/site-packages/airflow/example_dags/example_sla_dag.py
[2023-05-05T14:54:16.494+0000] {processor.py:743} INFO - Processing file /home/airflow/.local/lib/python3.7/site-packages/airflow/example_dags/example_sla_dag.py for tasks to queue
[2023-05-05T14:54:16.495+0000] {logging_mixin.py:137} INFO - [2023-05-05T14:54:16.495+0000] {dagbag.py:532} INFO - Filling up the DagBag from /home/airflow/.local/lib/python3.7/site-packages/airflow/example_dags/example_sla_dag.py
[2023-05-05T14:54:16.523+0000] {processor.py:753} INFO - DAG(s) dict_keys(['example_sla_dag']) retrieved from /home/airflow/.local/lib/python3.7/site-packages/airflow/example_dags/example_sla_dag.py
[2023-05-05T14:54:16.559+0000] {logging_mixin.py:137} INFO - [2023-05-05T14:54:16.558+0000] {dag.py:2693} INFO - Sync 1 DAGs
[2023-05-05T14:54:16.595+0000] {logging_mixin.py:137} INFO - [2023-05-05T14:54:16.595+0000] {dag.py:3444} INFO - Setting next_dagrun for example_sla_dag to 2023-05-05T14:52:00+00:00, run_after=2023-05-05T14:54:00+00:00
[2023-05-05T14:54:16.620+0000] {processor.py:175} INFO - Processing /home/airflow/.local/lib/python3.7/site-packages/airflow/example_dags/example_sla_dag.py took 0.131 seconds
[2023-05-05T14:54:47.831+0000] {processor.py:153} INFO - Started process (PID=913) to work on /home/airflow/.local/lib/python3.7/site-packages/airflow/example_dags/example_sla_dag.py
[2023-05-05T14:54:47.832+0000] {processor.py:743} INFO - Processing file /home/airflow/.local/lib/python3.7/site-packages/airflow/example_dags/example_sla_dag.py for tasks to queue
[2023-05-05T14:54:47.833+0000] {logging_mixin.py:137} INFO - [2023-05-05T14:54:47.833+0000] {dagbag.py:532} INFO - Filling up the DagBag from /home/airflow/.local/lib/python3.7/site-packages/airflow/example_dags/example_sla_dag.py
[2023-05-05T14:54:47.872+0000] {processor.py:753} INFO - DAG(s) dict_keys(['example_sla_dag']) retrieved from /home/airflow/.local/lib/python3.7/site-packages/airflow/example_dags/example_sla_dag.py
[2023-05-05T14:54:47.906+0000] {logging_mixin.py:137} INFO - [2023-05-05T14:54:47.906+0000] {dag.py:2693} INFO - Sync 1 DAGs
[2023-05-05T14:54:47.944+0000] {logging_mixin.py:137} INFO - [2023-05-05T14:54:47.944+0000] {dag.py:3444} INFO - Setting next_dagrun for example_sla_dag to 2023-05-05T14:52:00+00:00, run_after=2023-05-05T14:54:00+00:00
[2023-05-05T14:54:47.965+0000] {processor.py:175} INFO - Processing /home/airflow/.local/lib/python3.7/site-packages/airflow/example_dags/example_sla_dag.py took 0.140 seconds
[2023-05-05T14:55:19.071+0000] {processor.py:153} INFO - Started process (PID=964) to work on /home/airflow/.local/lib/python3.7/site-packages/airflow/example_dags/example_sla_dag.py
[2023-05-05T14:55:19.072+0000] {processor.py:743} INFO - Processing file /home/airflow/.local/lib/python3.7/site-packages/airflow/example_dags/example_sla_dag.py for tasks to queue
[2023-05-05T14:55:19.073+0000] {logging_mixin.py:137} INFO - [2023-05-05T14:55:19.073+0000] {dagbag.py:532} INFO - Filling up the DagBag from /home/airflow/.local/lib/python3.7/site-packages/airflow/example_dags/example_sla_dag.py
[2023-05-05T14:55:19.106+0000] {processor.py:753} INFO - DAG(s) dict_keys(['example_sla_dag']) retrieved from /home/airflow/.local/lib/python3.7/site-packages/airflow/example_dags/example_sla_dag.py
[2023-05-05T14:55:19.140+0000] {logging_mixin.py:137} INFO - [2023-05-05T14:55:19.139+0000] {dag.py:2693} INFO - Sync 1 DAGs
[2023-05-05T14:55:19.181+0000] {logging_mixin.py:137} INFO - [2023-05-05T14:55:19.180+0000] {dag.py:3444} INFO - Setting next_dagrun for example_sla_dag to 2023-05-05T14:52:00+00:00, run_after=2023-05-05T14:54:00+00:00
[2023-05-05T14:55:19.202+0000] {processor.py:175} INFO - Processing /home/airflow/.local/lib/python3.7/site-packages/airflow/example_dags/example_sla_dag.py took 0.137 seconds
[2023-05-05T14:55:49.780+0000] {processor.py:153} INFO - Started process (PID=1015) to work on /home/airflow/.local/lib/python3.7/site-packages/airflow/example_dags/example_sla_dag.py
[2023-05-05T14:55:49.781+0000] {processor.py:743} INFO - Processing file /home/airflow/.local/lib/python3.7/site-packages/airflow/example_dags/example_sla_dag.py for tasks to queue
[2023-05-05T14:55:49.782+0000] {logging_mixin.py:137} INFO - [2023-05-05T14:55:49.781+0000] {dagbag.py:532} INFO - Filling up the DagBag from /home/airflow/.local/lib/python3.7/site-packages/airflow/example_dags/example_sla_dag.py
[2023-05-05T14:55:49.820+0000] {processor.py:753} INFO - DAG(s) dict_keys(['example_sla_dag']) retrieved from /home/airflow/.local/lib/python3.7/site-packages/airflow/example_dags/example_sla_dag.py
[2023-05-05T14:55:49.870+0000] {logging_mixin.py:137} INFO - [2023-05-05T14:55:49.870+0000] {dag.py:2693} INFO - Sync 1 DAGs
[2023-05-05T14:55:49.907+0000] {logging_mixin.py:137} INFO - [2023-05-05T14:55:49.907+0000] {dag.py:3444} INFO - Setting next_dagrun for example_sla_dag to 2023-05-05T14:52:00+00:00, run_after=2023-05-05T14:54:00+00:00
[2023-05-05T14:55:49.930+0000] {processor.py:175} INFO - Processing /home/airflow/.local/lib/python3.7/site-packages/airflow/example_dags/example_sla_dag.py took 0.155 seconds
[2023-05-05T14:56:21.458+0000] {processor.py:153} INFO - Started process (PID=1066) to work on /home/airflow/.local/lib/python3.7/site-packages/airflow/example_dags/example_sla_dag.py
[2023-05-05T14:56:21.459+0000] {processor.py:743} INFO - Processing file /home/airflow/.local/lib/python3.7/site-packages/airflow/example_dags/example_sla_dag.py for tasks to queue
[2023-05-05T14:56:21.460+0000] {logging_mixin.py:137} INFO - [2023-05-05T14:56:21.460+0000] {dagbag.py:532} INFO - Filling up the DagBag from /home/airflow/.local/lib/python3.7/site-packages/airflow/example_dags/example_sla_dag.py
[2023-05-05T14:56:21.491+0000] {processor.py:753} INFO - DAG(s) dict_keys(['example_sla_dag']) retrieved from /home/airflow/.local/lib/python3.7/site-packages/airflow/example_dags/example_sla_dag.py
[2023-05-05T14:56:21.525+0000] {logging_mixin.py:137} INFO - [2023-05-05T14:56:21.524+0000] {dag.py:2693} INFO - Sync 1 DAGs
[2023-05-05T14:56:21.560+0000] {logging_mixin.py:137} INFO - [2023-05-05T14:56:21.560+0000] {dag.py:3444} INFO - Setting next_dagrun for example_sla_dag to 2023-05-05T14:54:00+00:00, run_after=2023-05-05T14:56:00+00:00
[2023-05-05T14:56:21.580+0000] {processor.py:175} INFO - Processing /home/airflow/.local/lib/python3.7/site-packages/airflow/example_dags/example_sla_dag.py took 0.127 seconds
[2023-05-05T14:56:52.722+0000] {processor.py:153} INFO - Started process (PID=1117) to work on /home/airflow/.local/lib/python3.7/site-packages/airflow/example_dags/example_sla_dag.py
[2023-05-05T14:56:52.729+0000] {processor.py:743} INFO - Processing file /home/airflow/.local/lib/python3.7/site-packages/airflow/example_dags/example_sla_dag.py for tasks to queue
[2023-05-05T14:56:52.730+0000] {logging_mixin.py:137} INFO - [2023-05-05T14:56:52.730+0000] {dagbag.py:532} INFO - Filling up the DagBag from /home/airflow/.local/lib/python3.7/site-packages/airflow/example_dags/example_sla_dag.py
[2023-05-05T14:56:52.795+0000] {processor.py:753} INFO - DAG(s) dict_keys(['example_sla_dag']) retrieved from /home/airflow/.local/lib/python3.7/site-packages/airflow/example_dags/example_sla_dag.py
[2023-05-05T14:56:52.863+0000] {logging_mixin.py:137} INFO - [2023-05-05T14:56:52.863+0000] {dag.py:2693} INFO - Sync 1 DAGs
[2023-05-05T14:56:52.928+0000] {logging_mixin.py:137} INFO - [2023-05-05T14:56:52.928+0000] {dag.py:3444} INFO - Setting next_dagrun for example_sla_dag to 2023-05-05T14:54:00+00:00, run_after=2023-05-05T14:56:00+00:00
[2023-05-05T14:56:52.976+0000] {processor.py:175} INFO - Processing /home/airflow/.local/lib/python3.7/site-packages/airflow/example_dags/example_sla_dag.py took 0.261 seconds
[2023-05-05T14:57:23.007+0000] {processor.py:153} INFO - Started process (PID=1168) to work on /home/airflow/.local/lib/python3.7/site-packages/airflow/example_dags/example_sla_dag.py
[2023-05-05T14:57:23.009+0000] {processor.py:743} INFO - Processing file /home/airflow/.local/lib/python3.7/site-packages/airflow/example_dags/example_sla_dag.py for tasks to queue
[2023-05-05T14:57:23.009+0000] {logging_mixin.py:137} INFO - [2023-05-05T14:57:23.009+0000] {dagbag.py:532} INFO - Filling up the DagBag from /home/airflow/.local/lib/python3.7/site-packages/airflow/example_dags/example_sla_dag.py
[2023-05-05T14:57:23.039+0000] {processor.py:753} INFO - DAG(s) dict_keys(['example_sla_dag']) retrieved from /home/airflow/.local/lib/python3.7/site-packages/airflow/example_dags/example_sla_dag.py
[2023-05-05T14:57:23.074+0000] {logging_mixin.py:137} INFO - [2023-05-05T14:57:23.074+0000] {dag.py:2693} INFO - Sync 1 DAGs
[2023-05-05T14:57:23.113+0000] {logging_mixin.py:137} INFO - [2023-05-05T14:57:23.112+0000] {dag.py:3444} INFO - Setting next_dagrun for example_sla_dag to 2023-05-05T14:54:00+00:00, run_after=2023-05-05T14:56:00+00:00
[2023-05-05T14:57:23.133+0000] {processor.py:175} INFO - Processing /home/airflow/.local/lib/python3.7/site-packages/airflow/example_dags/example_sla_dag.py took 0.130 seconds
[2023-05-05T14:57:54.165+0000] {processor.py:153} INFO - Started process (PID=1219) to work on /home/airflow/.local/lib/python3.7/site-packages/airflow/example_dags/example_sla_dag.py
[2023-05-05T14:57:54.171+0000] {processor.py:743} INFO - Processing file /home/airflow/.local/lib/python3.7/site-packages/airflow/example_dags/example_sla_dag.py for tasks to queue
[2023-05-05T14:57:54.171+0000] {logging_mixin.py:137} INFO - [2023-05-05T14:57:54.171+0000] {dagbag.py:532} INFO - Filling up the DagBag from /home/airflow/.local/lib/python3.7/site-packages/airflow/example_dags/example_sla_dag.py
[2023-05-05T14:57:54.228+0000] {processor.py:753} INFO - DAG(s) dict_keys(['example_sla_dag']) retrieved from /home/airflow/.local/lib/python3.7/site-packages/airflow/example_dags/example_sla_dag.py
[2023-05-05T14:57:54.269+0000] {logging_mixin.py:137} INFO - [2023-05-05T14:57:54.269+0000] {dag.py:2693} INFO - Sync 1 DAGs
[2023-05-05T14:57:54.315+0000] {logging_mixin.py:137} INFO - [2023-05-05T14:57:54.315+0000] {dag.py:3444} INFO - Setting next_dagrun for example_sla_dag to 2023-05-05T14:54:00+00:00, run_after=2023-05-05T14:56:00+00:00
[2023-05-05T14:57:54.347+0000] {processor.py:175} INFO - Processing /home/airflow/.local/lib/python3.7/site-packages/airflow/example_dags/example_sla_dag.py took 0.187 seconds
[2023-05-05T14:58:24.660+0000] {processor.py:153} INFO - Started process (PID=1270) to work on /home/airflow/.local/lib/python3.7/site-packages/airflow/example_dags/example_sla_dag.py
[2023-05-05T14:58:24.661+0000] {processor.py:743} INFO - Processing file /home/airflow/.local/lib/python3.7/site-packages/airflow/example_dags/example_sla_dag.py for tasks to queue
[2023-05-05T14:58:24.662+0000] {logging_mixin.py:137} INFO - [2023-05-05T14:58:24.661+0000] {dagbag.py:532} INFO - Filling up the DagBag from /home/airflow/.local/lib/python3.7/site-packages/airflow/example_dags/example_sla_dag.py
[2023-05-05T14:58:24.692+0000] {processor.py:753} INFO - DAG(s) dict_keys(['example_sla_dag']) retrieved from /home/airflow/.local/lib/python3.7/site-packages/airflow/example_dags/example_sla_dag.py
[2023-05-05T14:58:24.725+0000] {logging_mixin.py:137} INFO - [2023-05-05T14:58:24.724+0000] {dag.py:2693} INFO - Sync 1 DAGs
[2023-05-05T14:58:24.765+0000] {logging_mixin.py:137} INFO - [2023-05-05T14:58:24.764+0000] {dag.py:3444} INFO - Setting next_dagrun for example_sla_dag to 2023-05-05T14:56:00+00:00, run_after=2023-05-05T14:58:00+00:00
[2023-05-05T14:58:24.792+0000] {processor.py:175} INFO - Processing /home/airflow/.local/lib/python3.7/site-packages/airflow/example_dags/example_sla_dag.py took 0.139 seconds
[2023-05-05T14:58:55.529+0000] {processor.py:153} INFO - Started process (PID=1322) to work on /home/airflow/.local/lib/python3.7/site-packages/airflow/example_dags/example_sla_dag.py
[2023-05-05T14:58:55.531+0000] {processor.py:743} INFO - Processing file /home/airflow/.local/lib/python3.7/site-packages/airflow/example_dags/example_sla_dag.py for tasks to queue
[2023-05-05T14:58:55.534+0000] {logging_mixin.py:137} INFO - [2023-05-05T14:58:55.531+0000] {dagbag.py:532} INFO - Filling up the DagBag from /home/airflow/.local/lib/python3.7/site-packages/airflow/example_dags/example_sla_dag.py
[2023-05-05T14:58:55.565+0000] {processor.py:753} INFO - DAG(s) dict_keys(['example_sla_dag']) retrieved from /home/airflow/.local/lib/python3.7/site-packages/airflow/example_dags/example_sla_dag.py
[2023-05-05T14:58:55.599+0000] {logging_mixin.py:137} INFO - [2023-05-05T14:58:55.599+0000] {dag.py:2693} INFO - Sync 1 DAGs
[2023-05-05T14:58:55.638+0000] {logging_mixin.py:137} INFO - [2023-05-05T14:58:55.638+0000] {dag.py:3444} INFO - Setting next_dagrun for example_sla_dag to 2023-05-05T14:56:00+00:00, run_after=2023-05-05T14:58:00+00:00
[2023-05-05T14:58:55.659+0000] {processor.py:175} INFO - Processing /home/airflow/.local/lib/python3.7/site-packages/airflow/example_dags/example_sla_dag.py took 0.135 seconds
[2023-05-05T14:59:26.529+0000] {processor.py:153} INFO - Started process (PID=1373) to work on /home/airflow/.local/lib/python3.7/site-packages/airflow/example_dags/example_sla_dag.py
[2023-05-05T14:59:26.531+0000] {processor.py:743} INFO - Processing file /home/airflow/.local/lib/python3.7/site-packages/airflow/example_dags/example_sla_dag.py for tasks to queue
[2023-05-05T14:59:26.532+0000] {logging_mixin.py:137} INFO - [2023-05-05T14:59:26.532+0000] {dagbag.py:532} INFO - Filling up the DagBag from /home/airflow/.local/lib/python3.7/site-packages/airflow/example_dags/example_sla_dag.py
[2023-05-05T14:59:26.566+0000] {processor.py:753} INFO - DAG(s) dict_keys(['example_sla_dag']) retrieved from /home/airflow/.local/lib/python3.7/site-packages/airflow/example_dags/example_sla_dag.py
[2023-05-05T14:59:26.603+0000] {logging_mixin.py:137} INFO - [2023-05-05T14:59:26.603+0000] {dag.py:2693} INFO - Sync 1 DAGs
[2023-05-05T14:59:26.640+0000] {logging_mixin.py:137} INFO - [2023-05-05T14:59:26.640+0000] {dag.py:3444} INFO - Setting next_dagrun for example_sla_dag to 2023-05-05T14:56:00+00:00, run_after=2023-05-05T14:58:00+00:00
[2023-05-05T14:59:26.662+0000] {processor.py:175} INFO - Processing /home/airflow/.local/lib/python3.7/site-packages/airflow/example_dags/example_sla_dag.py took 0.138 seconds
[2023-05-05T14:59:56.829+0000] {processor.py:153} INFO - Started process (PID=1424) to work on /home/airflow/.local/lib/python3.7/site-packages/airflow/example_dags/example_sla_dag.py
[2023-05-05T14:59:56.830+0000] {processor.py:743} INFO - Processing file /home/airflow/.local/lib/python3.7/site-packages/airflow/example_dags/example_sla_dag.py for tasks to queue
[2023-05-05T14:59:56.831+0000] {logging_mixin.py:137} INFO - [2023-05-05T14:59:56.831+0000] {dagbag.py:532} INFO - Filling up the DagBag from /home/airflow/.local/lib/python3.7/site-packages/airflow/example_dags/example_sla_dag.py
[2023-05-05T14:59:56.862+0000] {processor.py:753} INFO - DAG(s) dict_keys(['example_sla_dag']) retrieved from /home/airflow/.local/lib/python3.7/site-packages/airflow/example_dags/example_sla_dag.py
[2023-05-05T14:59:56.897+0000] {logging_mixin.py:137} INFO - [2023-05-05T14:59:56.896+0000] {dag.py:2693} INFO - Sync 1 DAGs
[2023-05-05T14:59:56.940+0000] {logging_mixin.py:137} INFO - [2023-05-05T14:59:56.939+0000] {dag.py:3444} INFO - Setting next_dagrun for example_sla_dag to 2023-05-05T14:56:00+00:00, run_after=2023-05-05T14:58:00+00:00
[2023-05-05T14:59:56.964+0000] {processor.py:175} INFO - Processing /home/airflow/.local/lib/python3.7/site-packages/airflow/example_dags/example_sla_dag.py took 0.139 seconds
[2023-05-05T15:00:27.424+0000] {processor.py:153} INFO - Started process (PID=1476) to work on /home/airflow/.local/lib/python3.7/site-packages/airflow/example_dags/example_sla_dag.py
[2023-05-05T15:00:27.426+0000] {processor.py:743} INFO - Processing file /home/airflow/.local/lib/python3.7/site-packages/airflow/example_dags/example_sla_dag.py for tasks to queue
[2023-05-05T15:00:27.427+0000] {logging_mixin.py:137} INFO - [2023-05-05T15:00:27.426+0000] {dagbag.py:532} INFO - Filling up the DagBag from /home/airflow/.local/lib/python3.7/site-packages/airflow/example_dags/example_sla_dag.py
[2023-05-05T15:00:27.457+0000] {processor.py:753} INFO - DAG(s) dict_keys(['example_sla_dag']) retrieved from /home/airflow/.local/lib/python3.7/site-packages/airflow/example_dags/example_sla_dag.py
[2023-05-05T15:00:27.489+0000] {logging_mixin.py:137} INFO - [2023-05-05T15:00:27.488+0000] {dag.py:2693} INFO - Sync 1 DAGs
[2023-05-05T15:00:27.524+0000] {logging_mixin.py:137} INFO - [2023-05-05T15:00:27.524+0000] {dag.py:3444} INFO - Setting next_dagrun for example_sla_dag to 2023-05-05T14:58:00+00:00, run_after=2023-05-05T15:00:00+00:00
[2023-05-05T15:00:27.549+0000] {processor.py:175} INFO - Processing /home/airflow/.local/lib/python3.7/site-packages/airflow/example_dags/example_sla_dag.py took 0.129 seconds
[2023-05-05T15:00:58.165+0000] {processor.py:153} INFO - Started process (PID=1528) to work on /home/airflow/.local/lib/python3.7/site-packages/airflow/example_dags/example_sla_dag.py
[2023-05-05T15:00:58.167+0000] {processor.py:743} INFO - Processing file /home/airflow/.local/lib/python3.7/site-packages/airflow/example_dags/example_sla_dag.py for tasks to queue
[2023-05-05T15:00:58.167+0000] {logging_mixin.py:137} INFO - [2023-05-05T15:00:58.167+0000] {dagbag.py:532} INFO - Filling up the DagBag from /home/airflow/.local/lib/python3.7/site-packages/airflow/example_dags/example_sla_dag.py
[2023-05-05T15:00:58.198+0000] {processor.py:753} INFO - DAG(s) dict_keys(['example_sla_dag']) retrieved from /home/airflow/.local/lib/python3.7/site-packages/airflow/example_dags/example_sla_dag.py
[2023-05-05T15:00:58.231+0000] {logging_mixin.py:137} INFO - [2023-05-05T15:00:58.231+0000] {dag.py:2693} INFO - Sync 1 DAGs
[2023-05-05T15:00:58.275+0000] {logging_mixin.py:137} INFO - [2023-05-05T15:00:58.275+0000] {dag.py:3444} INFO - Setting next_dagrun for example_sla_dag to 2023-05-05T14:58:00+00:00, run_after=2023-05-05T15:00:00+00:00
[2023-05-05T15:00:58.298+0000] {processor.py:175} INFO - Processing /home/airflow/.local/lib/python3.7/site-packages/airflow/example_dags/example_sla_dag.py took 0.137 seconds
[2023-05-05T15:01:29.024+0000] {processor.py:153} INFO - Started process (PID=1580) to work on /home/airflow/.local/lib/python3.7/site-packages/airflow/example_dags/example_sla_dag.py
[2023-05-05T15:01:29.025+0000] {processor.py:743} INFO - Processing file /home/airflow/.local/lib/python3.7/site-packages/airflow/example_dags/example_sla_dag.py for tasks to queue
[2023-05-05T15:01:29.026+0000] {logging_mixin.py:137} INFO - [2023-05-05T15:01:29.026+0000] {dagbag.py:532} INFO - Filling up the DagBag from /home/airflow/.local/lib/python3.7/site-packages/airflow/example_dags/example_sla_dag.py
[2023-05-05T15:01:29.055+0000] {processor.py:753} INFO - DAG(s) dict_keys(['example_sla_dag']) retrieved from /home/airflow/.local/lib/python3.7/site-packages/airflow/example_dags/example_sla_dag.py
[2023-05-05T15:01:29.094+0000] {logging_mixin.py:137} INFO - [2023-05-05T15:01:29.094+0000] {dag.py:2693} INFO - Sync 1 DAGs
[2023-05-05T15:01:29.131+0000] {logging_mixin.py:137} INFO - [2023-05-05T15:01:29.131+0000] {dag.py:3444} INFO - Setting next_dagrun for example_sla_dag to 2023-05-05T14:58:00+00:00, run_after=2023-05-05T15:00:00+00:00
[2023-05-05T15:01:29.153+0000] {processor.py:175} INFO - Processing /home/airflow/.local/lib/python3.7/site-packages/airflow/example_dags/example_sla_dag.py took 0.133 seconds
[2023-05-05T15:02:00.234+0000] {processor.py:153} INFO - Started process (PID=1631) to work on /home/airflow/.local/lib/python3.7/site-packages/airflow/example_dags/example_sla_dag.py
[2023-05-05T15:02:00.235+0000] {processor.py:743} INFO - Processing file /home/airflow/.local/lib/python3.7/site-packages/airflow/example_dags/example_sla_dag.py for tasks to queue
[2023-05-05T15:02:00.236+0000] {logging_mixin.py:137} INFO - [2023-05-05T15:02:00.236+0000] {dagbag.py:532} INFO - Filling up the DagBag from /home/airflow/.local/lib/python3.7/site-packages/airflow/example_dags/example_sla_dag.py
[2023-05-05T15:02:00.269+0000] {processor.py:753} INFO - DAG(s) dict_keys(['example_sla_dag']) retrieved from /home/airflow/.local/lib/python3.7/site-packages/airflow/example_dags/example_sla_dag.py
[2023-05-05T15:02:00.307+0000] {logging_mixin.py:137} INFO - [2023-05-05T15:02:00.307+0000] {dag.py:2693} INFO - Sync 1 DAGs
[2023-05-05T15:02:00.343+0000] {logging_mixin.py:137} INFO - [2023-05-05T15:02:00.342+0000] {dag.py:3444} INFO - Setting next_dagrun for example_sla_dag to 2023-05-05T15:00:00+00:00, run_after=2023-05-05T15:02:00+00:00
[2023-05-05T15:02:00.365+0000] {processor.py:175} INFO - Processing /home/airflow/.local/lib/python3.7/site-packages/airflow/example_dags/example_sla_dag.py took 0.139 seconds
[2023-05-05T15:02:31.335+0000] {processor.py:153} INFO - Started process (PID=1682) to work on /home/airflow/.local/lib/python3.7/site-packages/airflow/example_dags/example_sla_dag.py
[2023-05-05T15:02:31.335+0000] {processor.py:743} INFO - Processing file /home/airflow/.local/lib/python3.7/site-packages/airflow/example_dags/example_sla_dag.py for tasks to queue
[2023-05-05T15:02:31.336+0000] {logging_mixin.py:137} INFO - [2023-05-05T15:02:31.336+0000] {dagbag.py:532} INFO - Filling up the DagBag from /home/airflow/.local/lib/python3.7/site-packages/airflow/example_dags/example_sla_dag.py
[2023-05-05T15:02:31.395+0000] {processor.py:753} INFO - DAG(s) dict_keys(['example_sla_dag']) retrieved from /home/airflow/.local/lib/python3.7/site-packages/airflow/example_dags/example_sla_dag.py
[2023-05-05T15:02:31.442+0000] {logging_mixin.py:137} INFO - [2023-05-05T15:02:31.442+0000] {dag.py:2693} INFO - Sync 1 DAGs
[2023-05-05T15:02:31.486+0000] {logging_mixin.py:137} INFO - [2023-05-05T15:02:31.485+0000] {dag.py:3444} INFO - Setting next_dagrun for example_sla_dag to 2023-05-05T15:00:00+00:00, run_after=2023-05-05T15:02:00+00:00
[2023-05-05T15:02:31.520+0000] {processor.py:175} INFO - Processing /home/airflow/.local/lib/python3.7/site-packages/airflow/example_dags/example_sla_dag.py took 0.189 seconds
[2023-05-05T15:03:02.667+0000] {processor.py:153} INFO - Started process (PID=1733) to work on /home/airflow/.local/lib/python3.7/site-packages/airflow/example_dags/example_sla_dag.py
[2023-05-05T15:03:02.679+0000] {processor.py:743} INFO - Processing file /home/airflow/.local/lib/python3.7/site-packages/airflow/example_dags/example_sla_dag.py for tasks to queue
[2023-05-05T15:03:02.680+0000] {logging_mixin.py:137} INFO - [2023-05-05T15:03:02.679+0000] {dagbag.py:532} INFO - Filling up the DagBag from /home/airflow/.local/lib/python3.7/site-packages/airflow/example_dags/example_sla_dag.py
[2023-05-05T15:03:02.776+0000] {processor.py:753} INFO - DAG(s) dict_keys(['example_sla_dag']) retrieved from /home/airflow/.local/lib/python3.7/site-packages/airflow/example_dags/example_sla_dag.py
[2023-05-05T15:03:02.811+0000] {logging_mixin.py:137} INFO - [2023-05-05T15:03:02.810+0000] {dag.py:2693} INFO - Sync 1 DAGs
[2023-05-05T15:03:02.860+0000] {logging_mixin.py:137} INFO - [2023-05-05T15:03:02.860+0000] {dag.py:3444} INFO - Setting next_dagrun for example_sla_dag to 2023-05-05T15:00:00+00:00, run_after=2023-05-05T15:02:00+00:00
[2023-05-05T15:03:02.895+0000] {processor.py:175} INFO - Processing /home/airflow/.local/lib/python3.7/site-packages/airflow/example_dags/example_sla_dag.py took 0.233 seconds
[2023-05-05T15:03:33.411+0000] {processor.py:153} INFO - Started process (PID=1784) to work on /home/airflow/.local/lib/python3.7/site-packages/airflow/example_dags/example_sla_dag.py
[2023-05-05T15:03:33.414+0000] {processor.py:743} INFO - Processing file /home/airflow/.local/lib/python3.7/site-packages/airflow/example_dags/example_sla_dag.py for tasks to queue
[2023-05-05T15:03:33.415+0000] {logging_mixin.py:137} INFO - [2023-05-05T15:03:33.415+0000] {dagbag.py:532} INFO - Filling up the DagBag from /home/airflow/.local/lib/python3.7/site-packages/airflow/example_dags/example_sla_dag.py
[2023-05-05T15:03:33.463+0000] {processor.py:753} INFO - DAG(s) dict_keys(['example_sla_dag']) retrieved from /home/airflow/.local/lib/python3.7/site-packages/airflow/example_dags/example_sla_dag.py
[2023-05-05T15:03:33.496+0000] {logging_mixin.py:137} INFO - [2023-05-05T15:03:33.496+0000] {dag.py:2693} INFO - Sync 1 DAGs
[2023-05-05T15:03:33.537+0000] {logging_mixin.py:137} INFO - [2023-05-05T15:03:33.537+0000] {dag.py:3444} INFO - Setting next_dagrun for example_sla_dag to 2023-05-05T15:00:00+00:00, run_after=2023-05-05T15:02:00+00:00
[2023-05-05T15:03:33.557+0000] {processor.py:175} INFO - Processing /home/airflow/.local/lib/python3.7/site-packages/airflow/example_dags/example_sla_dag.py took 0.158 seconds
[2023-05-05T15:04:04.420+0000] {processor.py:153} INFO - Started process (PID=1835) to work on /home/airflow/.local/lib/python3.7/site-packages/airflow/example_dags/example_sla_dag.py
[2023-05-05T15:04:04.421+0000] {processor.py:743} INFO - Processing file /home/airflow/.local/lib/python3.7/site-packages/airflow/example_dags/example_sla_dag.py for tasks to queue
[2023-05-05T15:04:04.422+0000] {logging_mixin.py:137} INFO - [2023-05-05T15:04:04.422+0000] {dagbag.py:532} INFO - Filling up the DagBag from /home/airflow/.local/lib/python3.7/site-packages/airflow/example_dags/example_sla_dag.py
[2023-05-05T15:04:04.452+0000] {processor.py:753} INFO - DAG(s) dict_keys(['example_sla_dag']) retrieved from /home/airflow/.local/lib/python3.7/site-packages/airflow/example_dags/example_sla_dag.py
[2023-05-05T15:04:04.491+0000] {logging_mixin.py:137} INFO - [2023-05-05T15:04:04.491+0000] {dag.py:2693} INFO - Sync 1 DAGs
[2023-05-05T15:04:04.528+0000] {logging_mixin.py:137} INFO - [2023-05-05T15:04:04.528+0000] {dag.py:3444} INFO - Setting next_dagrun for example_sla_dag to 2023-05-05T15:02:00+00:00, run_after=2023-05-05T15:04:00+00:00
[2023-05-05T15:04:04.555+0000] {processor.py:175} INFO - Processing /home/airflow/.local/lib/python3.7/site-packages/airflow/example_dags/example_sla_dag.py took 0.140 seconds
[2023-05-05T15:04:34.855+0000] {processor.py:153} INFO - Started process (PID=1886) to work on /home/airflow/.local/lib/python3.7/site-packages/airflow/example_dags/example_sla_dag.py
[2023-05-05T15:04:34.858+0000] {processor.py:743} INFO - Processing file /home/airflow/.local/lib/python3.7/site-packages/airflow/example_dags/example_sla_dag.py for tasks to queue
[2023-05-05T15:04:34.859+0000] {logging_mixin.py:137} INFO - [2023-05-05T15:04:34.859+0000] {dagbag.py:532} INFO - Filling up the DagBag from /home/airflow/.local/lib/python3.7/site-packages/airflow/example_dags/example_sla_dag.py
[2023-05-05T15:04:34.897+0000] {processor.py:753} INFO - DAG(s) dict_keys(['example_sla_dag']) retrieved from /home/airflow/.local/lib/python3.7/site-packages/airflow/example_dags/example_sla_dag.py
[2023-05-05T15:04:34.930+0000] {logging_mixin.py:137} INFO - [2023-05-05T15:04:34.929+0000] {dag.py:2693} INFO - Sync 1 DAGs
[2023-05-05T15:04:34.970+0000] {logging_mixin.py:137} INFO - [2023-05-05T15:04:34.969+0000] {dag.py:3444} INFO - Setting next_dagrun for example_sla_dag to 2023-05-05T15:02:00+00:00, run_after=2023-05-05T15:04:00+00:00
[2023-05-05T15:04:34.991+0000] {processor.py:175} INFO - Processing /home/airflow/.local/lib/python3.7/site-packages/airflow/example_dags/example_sla_dag.py took 0.150 seconds
[2023-05-05T15:05:06.470+0000] {processor.py:153} INFO - Started process (PID=1937) to work on /home/airflow/.local/lib/python3.7/site-packages/airflow/example_dags/example_sla_dag.py
[2023-05-05T15:05:06.480+0000] {processor.py:743} INFO - Processing file /home/airflow/.local/lib/python3.7/site-packages/airflow/example_dags/example_sla_dag.py for tasks to queue
[2023-05-05T15:05:06.481+0000] {logging_mixin.py:137} INFO - [2023-05-05T15:05:06.481+0000] {dagbag.py:532} INFO - Filling up the DagBag from /home/airflow/.local/lib/python3.7/site-packages/airflow/example_dags/example_sla_dag.py
[2023-05-05T15:05:06.531+0000] {processor.py:753} INFO - DAG(s) dict_keys(['example_sla_dag']) retrieved from /home/airflow/.local/lib/python3.7/site-packages/airflow/example_dags/example_sla_dag.py
[2023-05-05T15:05:06.601+0000] {logging_mixin.py:137} INFO - [2023-05-05T15:05:06.600+0000] {dag.py:2693} INFO - Sync 1 DAGs
[2023-05-05T15:05:06.660+0000] {logging_mixin.py:137} INFO - [2023-05-05T15:05:06.660+0000] {dag.py:3444} INFO - Setting next_dagrun for example_sla_dag to 2023-05-05T15:02:00+00:00, run_after=2023-05-05T15:04:00+00:00
[2023-05-05T15:05:06.693+0000] {processor.py:175} INFO - Processing /home/airflow/.local/lib/python3.7/site-packages/airflow/example_dags/example_sla_dag.py took 0.228 seconds
[2023-05-05T15:05:37.702+0000] {processor.py:153} INFO - Started process (PID=1988) to work on /home/airflow/.local/lib/python3.7/site-packages/airflow/example_dags/example_sla_dag.py
[2023-05-05T15:05:37.707+0000] {processor.py:743} INFO - Processing file /home/airflow/.local/lib/python3.7/site-packages/airflow/example_dags/example_sla_dag.py for tasks to queue
[2023-05-05T15:05:37.707+0000] {logging_mixin.py:137} INFO - [2023-05-05T15:05:37.707+0000] {dagbag.py:532} INFO - Filling up the DagBag from /home/airflow/.local/lib/python3.7/site-packages/airflow/example_dags/example_sla_dag.py
[2023-05-05T15:05:37.774+0000] {processor.py:753} INFO - DAG(s) dict_keys(['example_sla_dag']) retrieved from /home/airflow/.local/lib/python3.7/site-packages/airflow/example_dags/example_sla_dag.py
[2023-05-05T15:05:37.859+0000] {logging_mixin.py:137} INFO - [2023-05-05T15:05:37.859+0000] {dag.py:2693} INFO - Sync 1 DAGs
[2023-05-05T15:05:37.925+0000] {logging_mixin.py:137} INFO - [2023-05-05T15:05:37.925+0000] {dag.py:3444} INFO - Setting next_dagrun for example_sla_dag to 2023-05-05T15:02:00+00:00, run_after=2023-05-05T15:04:00+00:00
[2023-05-05T15:05:37.972+0000] {processor.py:175} INFO - Processing /home/airflow/.local/lib/python3.7/site-packages/airflow/example_dags/example_sla_dag.py took 0.274 seconds
[2023-05-05T15:06:08.144+0000] {processor.py:153} INFO - Started process (PID=2038) to work on /home/airflow/.local/lib/python3.7/site-packages/airflow/example_dags/example_sla_dag.py
[2023-05-05T15:06:08.145+0000] {processor.py:743} INFO - Processing file /home/airflow/.local/lib/python3.7/site-packages/airflow/example_dags/example_sla_dag.py for tasks to queue
[2023-05-05T15:06:08.146+0000] {logging_mixin.py:137} INFO - [2023-05-05T15:06:08.146+0000] {dagbag.py:532} INFO - Filling up the DagBag from /home/airflow/.local/lib/python3.7/site-packages/airflow/example_dags/example_sla_dag.py
[2023-05-05T15:06:08.177+0000] {processor.py:753} INFO - DAG(s) dict_keys(['example_sla_dag']) retrieved from /home/airflow/.local/lib/python3.7/site-packages/airflow/example_dags/example_sla_dag.py
[2023-05-05T15:06:08.210+0000] {logging_mixin.py:137} INFO - [2023-05-05T15:06:08.210+0000] {dag.py:2693} INFO - Sync 1 DAGs
[2023-05-05T15:06:08.248+0000] {logging_mixin.py:137} INFO - [2023-05-05T15:06:08.247+0000] {dag.py:3444} INFO - Setting next_dagrun for example_sla_dag to 2023-05-05T15:04:00+00:00, run_after=2023-05-05T15:06:00+00:00
[2023-05-05T15:06:08.269+0000] {processor.py:175} INFO - Processing /home/airflow/.local/lib/python3.7/site-packages/airflow/example_dags/example_sla_dag.py took 0.130 seconds
[2023-05-05T15:06:39.135+0000] {processor.py:153} INFO - Started process (PID=2090) to work on /home/airflow/.local/lib/python3.7/site-packages/airflow/example_dags/example_sla_dag.py
[2023-05-05T15:06:39.136+0000] {processor.py:743} INFO - Processing file /home/airflow/.local/lib/python3.7/site-packages/airflow/example_dags/example_sla_dag.py for tasks to queue
[2023-05-05T15:06:39.137+0000] {logging_mixin.py:137} INFO - [2023-05-05T15:06:39.137+0000] {dagbag.py:532} INFO - Filling up the DagBag from /home/airflow/.local/lib/python3.7/site-packages/airflow/example_dags/example_sla_dag.py
[2023-05-05T15:06:39.171+0000] {processor.py:753} INFO - DAG(s) dict_keys(['example_sla_dag']) retrieved from /home/airflow/.local/lib/python3.7/site-packages/airflow/example_dags/example_sla_dag.py
[2023-05-05T15:06:39.205+0000] {logging_mixin.py:137} INFO - [2023-05-05T15:06:39.205+0000] {dag.py:2693} INFO - Sync 1 DAGs
[2023-05-05T15:06:39.253+0000] {logging_mixin.py:137} INFO - [2023-05-05T15:06:39.253+0000] {dag.py:3444} INFO - Setting next_dagrun for example_sla_dag to 2023-05-05T15:04:00+00:00, run_after=2023-05-05T15:06:00+00:00
[2023-05-05T15:06:39.274+0000] {processor.py:175} INFO - Processing /home/airflow/.local/lib/python3.7/site-packages/airflow/example_dags/example_sla_dag.py took 0.143 seconds
[2023-05-05T15:07:10.016+0000] {processor.py:153} INFO - Started process (PID=2141) to work on /home/airflow/.local/lib/python3.7/site-packages/airflow/example_dags/example_sla_dag.py
[2023-05-05T15:07:10.017+0000] {processor.py:743} INFO - Processing file /home/airflow/.local/lib/python3.7/site-packages/airflow/example_dags/example_sla_dag.py for tasks to queue
[2023-05-05T15:07:10.018+0000] {logging_mixin.py:137} INFO - [2023-05-05T15:07:10.018+0000] {dagbag.py:532} INFO - Filling up the DagBag from /home/airflow/.local/lib/python3.7/site-packages/airflow/example_dags/example_sla_dag.py
[2023-05-05T15:07:10.050+0000] {processor.py:753} INFO - DAG(s) dict_keys(['example_sla_dag']) retrieved from /home/airflow/.local/lib/python3.7/site-packages/airflow/example_dags/example_sla_dag.py
[2023-05-05T15:07:10.092+0000] {logging_mixin.py:137} INFO - [2023-05-05T15:07:10.092+0000] {dag.py:2693} INFO - Sync 1 DAGs
[2023-05-05T15:07:10.137+0000] {logging_mixin.py:137} INFO - [2023-05-05T15:07:10.137+0000] {dag.py:3444} INFO - Setting next_dagrun for example_sla_dag to 2023-05-05T15:04:00+00:00, run_after=2023-05-05T15:06:00+00:00
[2023-05-05T15:07:10.181+0000] {processor.py:175} INFO - Processing /home/airflow/.local/lib/python3.7/site-packages/airflow/example_dags/example_sla_dag.py took 0.169 seconds
[2023-05-05T15:07:40.778+0000] {processor.py:153} INFO - Started process (PID=2192) to work on /home/airflow/.local/lib/python3.7/site-packages/airflow/example_dags/example_sla_dag.py
[2023-05-05T15:07:40.779+0000] {processor.py:743} INFO - Processing file /home/airflow/.local/lib/python3.7/site-packages/airflow/example_dags/example_sla_dag.py for tasks to queue
[2023-05-05T15:07:40.780+0000] {logging_mixin.py:137} INFO - [2023-05-05T15:07:40.780+0000] {dagbag.py:532} INFO - Filling up the DagBag from /home/airflow/.local/lib/python3.7/site-packages/airflow/example_dags/example_sla_dag.py
[2023-05-05T15:07:40.812+0000] {processor.py:753} INFO - DAG(s) dict_keys(['example_sla_dag']) retrieved from /home/airflow/.local/lib/python3.7/site-packages/airflow/example_dags/example_sla_dag.py
[2023-05-05T15:07:40.844+0000] {logging_mixin.py:137} INFO - [2023-05-05T15:07:40.844+0000] {dag.py:2693} INFO - Sync 1 DAGs
[2023-05-05T15:07:40.880+0000] {logging_mixin.py:137} INFO - [2023-05-05T15:07:40.880+0000] {dag.py:3444} INFO - Setting next_dagrun for example_sla_dag to 2023-05-05T15:04:00+00:00, run_after=2023-05-05T15:06:00+00:00
[2023-05-05T15:07:40.903+0000] {processor.py:175} INFO - Processing /home/airflow/.local/lib/python3.7/site-packages/airflow/example_dags/example_sla_dag.py took 0.129 seconds
[2023-05-05T15:08:11.922+0000] {processor.py:153} INFO - Started process (PID=2243) to work on /home/airflow/.local/lib/python3.7/site-packages/airflow/example_dags/example_sla_dag.py
[2023-05-05T15:08:11.923+0000] {processor.py:743} INFO - Processing file /home/airflow/.local/lib/python3.7/site-packages/airflow/example_dags/example_sla_dag.py for tasks to queue
[2023-05-05T15:08:11.924+0000] {logging_mixin.py:137} INFO - [2023-05-05T15:08:11.924+0000] {dagbag.py:532} INFO - Filling up the DagBag from /home/airflow/.local/lib/python3.7/site-packages/airflow/example_dags/example_sla_dag.py
[2023-05-05T15:08:11.955+0000] {processor.py:753} INFO - DAG(s) dict_keys(['example_sla_dag']) retrieved from /home/airflow/.local/lib/python3.7/site-packages/airflow/example_dags/example_sla_dag.py
[2023-05-05T15:08:11.987+0000] {logging_mixin.py:137} INFO - [2023-05-05T15:08:11.987+0000] {dag.py:2693} INFO - Sync 1 DAGs
[2023-05-05T15:08:12.026+0000] {logging_mixin.py:137} INFO - [2023-05-05T15:08:12.026+0000] {dag.py:3444} INFO - Setting next_dagrun for example_sla_dag to 2023-05-05T15:06:00+00:00, run_after=2023-05-05T15:08:00+00:00
[2023-05-05T15:08:12.050+0000] {processor.py:175} INFO - Processing /home/airflow/.local/lib/python3.7/site-packages/airflow/example_dags/example_sla_dag.py took 0.132 seconds
[2023-05-05T15:08:43.126+0000] {processor.py:153} INFO - Started process (PID=2294) to work on /home/airflow/.local/lib/python3.7/site-packages/airflow/example_dags/example_sla_dag.py
[2023-05-05T15:08:43.128+0000] {processor.py:743} INFO - Processing file /home/airflow/.local/lib/python3.7/site-packages/airflow/example_dags/example_sla_dag.py for tasks to queue
[2023-05-05T15:08:43.128+0000] {logging_mixin.py:137} INFO - [2023-05-05T15:08:43.128+0000] {dagbag.py:532} INFO - Filling up the DagBag from /home/airflow/.local/lib/python3.7/site-packages/airflow/example_dags/example_sla_dag.py
[2023-05-05T15:08:43.159+0000] {processor.py:753} INFO - DAG(s) dict_keys(['example_sla_dag']) retrieved from /home/airflow/.local/lib/python3.7/site-packages/airflow/example_dags/example_sla_dag.py
[2023-05-05T15:08:43.195+0000] {logging_mixin.py:137} INFO - [2023-05-05T15:08:43.194+0000] {dag.py:2693} INFO - Sync 1 DAGs
[2023-05-05T15:08:43.231+0000] {logging_mixin.py:137} INFO - [2023-05-05T15:08:43.231+0000] {dag.py:3444} INFO - Setting next_dagrun for example_sla_dag to 2023-05-05T15:06:00+00:00, run_after=2023-05-05T15:08:00+00:00
[2023-05-05T15:08:43.251+0000] {processor.py:175} INFO - Processing /home/airflow/.local/lib/python3.7/site-packages/airflow/example_dags/example_sla_dag.py took 0.129 seconds
[2023-05-05T15:09:14.066+0000] {processor.py:153} INFO - Started process (PID=2345) to work on /home/airflow/.local/lib/python3.7/site-packages/airflow/example_dags/example_sla_dag.py
[2023-05-05T15:09:14.068+0000] {processor.py:743} INFO - Processing file /home/airflow/.local/lib/python3.7/site-packages/airflow/example_dags/example_sla_dag.py for tasks to queue
[2023-05-05T15:09:14.068+0000] {logging_mixin.py:137} INFO - [2023-05-05T15:09:14.068+0000] {dagbag.py:532} INFO - Filling up the DagBag from /home/airflow/.local/lib/python3.7/site-packages/airflow/example_dags/example_sla_dag.py
[2023-05-05T15:09:14.104+0000] {processor.py:753} INFO - DAG(s) dict_keys(['example_sla_dag']) retrieved from /home/airflow/.local/lib/python3.7/site-packages/airflow/example_dags/example_sla_dag.py
[2023-05-05T15:09:14.137+0000] {logging_mixin.py:137} INFO - [2023-05-05T15:09:14.136+0000] {dag.py:2693} INFO - Sync 1 DAGs
[2023-05-05T15:09:14.174+0000] {logging_mixin.py:137} INFO - [2023-05-05T15:09:14.174+0000] {dag.py:3444} INFO - Setting next_dagrun for example_sla_dag to 2023-05-05T15:06:00+00:00, run_after=2023-05-05T15:08:00+00:00
[2023-05-05T15:09:14.195+0000] {processor.py:175} INFO - Processing /home/airflow/.local/lib/python3.7/site-packages/airflow/example_dags/example_sla_dag.py took 0.133 seconds
[2023-05-05T15:09:45.728+0000] {processor.py:153} INFO - Started process (PID=2395) to work on /home/airflow/.local/lib/python3.7/site-packages/airflow/example_dags/example_sla_dag.py
[2023-05-05T15:09:45.735+0000] {processor.py:743} INFO - Processing file /home/airflow/.local/lib/python3.7/site-packages/airflow/example_dags/example_sla_dag.py for tasks to queue
[2023-05-05T15:09:45.736+0000] {logging_mixin.py:137} INFO - [2023-05-05T15:09:45.736+0000] {dagbag.py:532} INFO - Filling up the DagBag from /home/airflow/.local/lib/python3.7/site-packages/airflow/example_dags/example_sla_dag.py
[2023-05-05T15:09:45.793+0000] {processor.py:753} INFO - DAG(s) dict_keys(['example_sla_dag']) retrieved from /home/airflow/.local/lib/python3.7/site-packages/airflow/example_dags/example_sla_dag.py
[2023-05-05T15:09:45.840+0000] {logging_mixin.py:137} INFO - [2023-05-05T15:09:45.840+0000] {dag.py:2693} INFO - Sync 1 DAGs
[2023-05-05T15:09:45.938+0000] {logging_mixin.py:137} INFO - [2023-05-05T15:09:45.938+0000] {dag.py:3444} INFO - Setting next_dagrun for example_sla_dag to 2023-05-05T15:06:00+00:00, run_after=2023-05-05T15:08:00+00:00
[2023-05-05T15:09:46.035+0000] {processor.py:175} INFO - Processing /home/airflow/.local/lib/python3.7/site-packages/airflow/example_dags/example_sla_dag.py took 0.315 seconds
[2023-05-05T15:10:16.185+0000] {processor.py:153} INFO - Started process (PID=2446) to work on /home/airflow/.local/lib/python3.7/site-packages/airflow/example_dags/example_sla_dag.py
[2023-05-05T15:10:16.186+0000] {processor.py:743} INFO - Processing file /home/airflow/.local/lib/python3.7/site-packages/airflow/example_dags/example_sla_dag.py for tasks to queue
[2023-05-05T15:10:16.186+0000] {logging_mixin.py:137} INFO - [2023-05-05T15:10:16.186+0000] {dagbag.py:532} INFO - Filling up the DagBag from /home/airflow/.local/lib/python3.7/site-packages/airflow/example_dags/example_sla_dag.py
[2023-05-05T15:10:16.217+0000] {processor.py:753} INFO - DAG(s) dict_keys(['example_sla_dag']) retrieved from /home/airflow/.local/lib/python3.7/site-packages/airflow/example_dags/example_sla_dag.py
[2023-05-05T15:10:16.255+0000] {logging_mixin.py:137} INFO - [2023-05-05T15:10:16.255+0000] {dag.py:2693} INFO - Sync 1 DAGs
[2023-05-05T15:10:16.294+0000] {logging_mixin.py:137} INFO - [2023-05-05T15:10:16.293+0000] {dag.py:3444} INFO - Setting next_dagrun for example_sla_dag to 2023-05-05T15:08:00+00:00, run_after=2023-05-05T15:10:00+00:00
[2023-05-05T15:10:16.317+0000] {processor.py:175} INFO - Processing /home/airflow/.local/lib/python3.7/site-packages/airflow/example_dags/example_sla_dag.py took 0.138 seconds
[2023-05-05T15:10:47.035+0000] {processor.py:153} INFO - Started process (PID=2504) to work on /home/airflow/.local/lib/python3.7/site-packages/airflow/example_dags/example_sla_dag.py
[2023-05-05T15:10:47.036+0000] {processor.py:743} INFO - Processing file /home/airflow/.local/lib/python3.7/site-packages/airflow/example_dags/example_sla_dag.py for tasks to queue
[2023-05-05T15:10:47.037+0000] {logging_mixin.py:137} INFO - [2023-05-05T15:10:47.037+0000] {dagbag.py:532} INFO - Filling up the DagBag from /home/airflow/.local/lib/python3.7/site-packages/airflow/example_dags/example_sla_dag.py
[2023-05-05T15:10:47.067+0000] {processor.py:753} INFO - DAG(s) dict_keys(['example_sla_dag']) retrieved from /home/airflow/.local/lib/python3.7/site-packages/airflow/example_dags/example_sla_dag.py
[2023-05-05T15:10:47.100+0000] {logging_mixin.py:137} INFO - [2023-05-05T15:10:47.100+0000] {dag.py:2693} INFO - Sync 1 DAGs
[2023-05-05T15:10:47.137+0000] {logging_mixin.py:137} INFO - [2023-05-05T15:10:47.136+0000] {dag.py:3444} INFO - Setting next_dagrun for example_sla_dag to 2023-05-05T15:08:00+00:00, run_after=2023-05-05T15:10:00+00:00
[2023-05-05T15:10:47.158+0000] {processor.py:175} INFO - Processing /home/airflow/.local/lib/python3.7/site-packages/airflow/example_dags/example_sla_dag.py took 0.127 seconds
[2023-05-05T15:11:18.231+0000] {processor.py:153} INFO - Started process (PID=2556) to work on /home/airflow/.local/lib/python3.7/site-packages/airflow/example_dags/example_sla_dag.py
[2023-05-05T15:11:18.232+0000] {processor.py:743} INFO - Processing file /home/airflow/.local/lib/python3.7/site-packages/airflow/example_dags/example_sla_dag.py for tasks to queue
[2023-05-05T15:11:18.232+0000] {logging_mixin.py:137} INFO - [2023-05-05T15:11:18.232+0000] {dagbag.py:532} INFO - Filling up the DagBag from /home/airflow/.local/lib/python3.7/site-packages/airflow/example_dags/example_sla_dag.py
[2023-05-05T15:11:18.261+0000] {processor.py:753} INFO - DAG(s) dict_keys(['example_sla_dag']) retrieved from /home/airflow/.local/lib/python3.7/site-packages/airflow/example_dags/example_sla_dag.py
[2023-05-05T15:11:18.293+0000] {logging_mixin.py:137} INFO - [2023-05-05T15:11:18.293+0000] {dag.py:2693} INFO - Sync 1 DAGs
[2023-05-05T15:11:18.329+0000] {logging_mixin.py:137} INFO - [2023-05-05T15:11:18.329+0000] {dag.py:3444} INFO - Setting next_dagrun for example_sla_dag to 2023-05-05T15:08:00+00:00, run_after=2023-05-05T15:10:00+00:00
[2023-05-05T15:11:18.352+0000] {processor.py:175} INFO - Processing /home/airflow/.local/lib/python3.7/site-packages/airflow/example_dags/example_sla_dag.py took 0.125 seconds
[2023-05-05T15:11:49.358+0000] {processor.py:153} INFO - Started process (PID=2607) to work on /home/airflow/.local/lib/python3.7/site-packages/airflow/example_dags/example_sla_dag.py
[2023-05-05T15:11:49.359+0000] {processor.py:743} INFO - Processing file /home/airflow/.local/lib/python3.7/site-packages/airflow/example_dags/example_sla_dag.py for tasks to queue
[2023-05-05T15:11:49.360+0000] {logging_mixin.py:137} INFO - [2023-05-05T15:11:49.360+0000] {dagbag.py:532} INFO - Filling up the DagBag from /home/airflow/.local/lib/python3.7/site-packages/airflow/example_dags/example_sla_dag.py
[2023-05-05T15:11:49.389+0000] {processor.py:753} INFO - DAG(s) dict_keys(['example_sla_dag']) retrieved from /home/airflow/.local/lib/python3.7/site-packages/airflow/example_dags/example_sla_dag.py
[2023-05-05T15:11:49.423+0000] {logging_mixin.py:137} INFO - [2023-05-05T15:11:49.423+0000] {dag.py:2693} INFO - Sync 1 DAGs
[2023-05-05T15:11:49.460+0000] {logging_mixin.py:137} INFO - [2023-05-05T15:11:49.460+0000] {dag.py:3444} INFO - Setting next_dagrun for example_sla_dag to 2023-05-05T15:08:00+00:00, run_after=2023-05-05T15:10:00+00:00
[2023-05-05T15:11:49.481+0000] {processor.py:175} INFO - Processing /home/airflow/.local/lib/python3.7/site-packages/airflow/example_dags/example_sla_dag.py took 0.127 seconds
[2023-05-05T15:12:20.254+0000] {processor.py:153} INFO - Started process (PID=2656) to work on /home/airflow/.local/lib/python3.7/site-packages/airflow/example_dags/example_sla_dag.py
[2023-05-05T15:12:20.255+0000] {processor.py:743} INFO - Processing file /home/airflow/.local/lib/python3.7/site-packages/airflow/example_dags/example_sla_dag.py for tasks to queue
[2023-05-05T15:12:20.255+0000] {logging_mixin.py:137} INFO - [2023-05-05T15:12:20.255+0000] {dagbag.py:532} INFO - Filling up the DagBag from /home/airflow/.local/lib/python3.7/site-packages/airflow/example_dags/example_sla_dag.py
[2023-05-05T15:12:20.287+0000] {processor.py:753} INFO - DAG(s) dict_keys(['example_sla_dag']) retrieved from /home/airflow/.local/lib/python3.7/site-packages/airflow/example_dags/example_sla_dag.py
[2023-05-05T15:12:20.321+0000] {logging_mixin.py:137} INFO - [2023-05-05T15:12:20.321+0000] {dag.py:2693} INFO - Sync 1 DAGs
[2023-05-05T15:12:20.358+0000] {logging_mixin.py:137} INFO - [2023-05-05T15:12:20.358+0000] {dag.py:3444} INFO - Setting next_dagrun for example_sla_dag to 2023-05-05T15:10:00+00:00, run_after=2023-05-05T15:12:00+00:00
[2023-05-05T15:12:20.380+0000] {processor.py:175} INFO - Processing /home/airflow/.local/lib/python3.7/site-packages/airflow/example_dags/example_sla_dag.py took 0.133 seconds
[2023-05-05T15:12:51.738+0000] {processor.py:153} INFO - Started process (PID=2708) to work on /home/airflow/.local/lib/python3.7/site-packages/airflow/example_dags/example_sla_dag.py
[2023-05-05T15:12:51.739+0000] {processor.py:743} INFO - Processing file /home/airflow/.local/lib/python3.7/site-packages/airflow/example_dags/example_sla_dag.py for tasks to queue
[2023-05-05T15:12:51.740+0000] {logging_mixin.py:137} INFO - [2023-05-05T15:12:51.740+0000] {dagbag.py:532} INFO - Filling up the DagBag from /home/airflow/.local/lib/python3.7/site-packages/airflow/example_dags/example_sla_dag.py
[2023-05-05T15:12:51.772+0000] {processor.py:753} INFO - DAG(s) dict_keys(['example_sla_dag']) retrieved from /home/airflow/.local/lib/python3.7/site-packages/airflow/example_dags/example_sla_dag.py
[2023-05-05T15:12:51.805+0000] {logging_mixin.py:137} INFO - [2023-05-05T15:12:51.805+0000] {dag.py:2693} INFO - Sync 1 DAGs
[2023-05-05T15:12:51.844+0000] {logging_mixin.py:137} INFO - [2023-05-05T15:12:51.844+0000] {dag.py:3444} INFO - Setting next_dagrun for example_sla_dag to 2023-05-05T15:10:00+00:00, run_after=2023-05-05T15:12:00+00:00
[2023-05-05T15:12:51.866+0000] {processor.py:175} INFO - Processing /home/airflow/.local/lib/python3.7/site-packages/airflow/example_dags/example_sla_dag.py took 0.132 seconds
[2023-05-05T15:13:23.004+0000] {processor.py:153} INFO - Started process (PID=2759) to work on /home/airflow/.local/lib/python3.7/site-packages/airflow/example_dags/example_sla_dag.py
[2023-05-05T15:13:23.005+0000] {processor.py:743} INFO - Processing file /home/airflow/.local/lib/python3.7/site-packages/airflow/example_dags/example_sla_dag.py for tasks to queue
[2023-05-05T15:13:23.005+0000] {logging_mixin.py:137} INFO - [2023-05-05T15:13:23.005+0000] {dagbag.py:532} INFO - Filling up the DagBag from /home/airflow/.local/lib/python3.7/site-packages/airflow/example_dags/example_sla_dag.py
[2023-05-05T15:13:23.053+0000] {processor.py:753} INFO - DAG(s) dict_keys(['example_sla_dag']) retrieved from /home/airflow/.local/lib/python3.7/site-packages/airflow/example_dags/example_sla_dag.py
[2023-05-05T15:13:23.086+0000] {logging_mixin.py:137} INFO - [2023-05-05T15:13:23.086+0000] {dag.py:2693} INFO - Sync 1 DAGs
[2023-05-05T15:13:23.125+0000] {logging_mixin.py:137} INFO - [2023-05-05T15:13:23.125+0000] {dag.py:3444} INFO - Setting next_dagrun for example_sla_dag to 2023-05-05T15:10:00+00:00, run_after=2023-05-05T15:12:00+00:00
[2023-05-05T15:13:23.174+0000] {processor.py:175} INFO - Processing /home/airflow/.local/lib/python3.7/site-packages/airflow/example_dags/example_sla_dag.py took 0.175 seconds
[2023-05-05T15:13:53.687+0000] {processor.py:153} INFO - Started process (PID=2810) to work on /home/airflow/.local/lib/python3.7/site-packages/airflow/example_dags/example_sla_dag.py
[2023-05-05T15:13:53.688+0000] {processor.py:743} INFO - Processing file /home/airflow/.local/lib/python3.7/site-packages/airflow/example_dags/example_sla_dag.py for tasks to queue
[2023-05-05T15:13:53.689+0000] {logging_mixin.py:137} INFO - [2023-05-05T15:13:53.689+0000] {dagbag.py:532} INFO - Filling up the DagBag from /home/airflow/.local/lib/python3.7/site-packages/airflow/example_dags/example_sla_dag.py
[2023-05-05T15:13:53.719+0000] {processor.py:753} INFO - DAG(s) dict_keys(['example_sla_dag']) retrieved from /home/airflow/.local/lib/python3.7/site-packages/airflow/example_dags/example_sla_dag.py
[2023-05-05T15:13:53.753+0000] {logging_mixin.py:137} INFO - [2023-05-05T15:13:53.753+0000] {dag.py:2693} INFO - Sync 1 DAGs
[2023-05-05T15:13:53.814+0000] {logging_mixin.py:137} INFO - [2023-05-05T15:13:53.813+0000] {dag.py:3444} INFO - Setting next_dagrun for example_sla_dag to 2023-05-05T15:10:00+00:00, run_after=2023-05-05T15:12:00+00:00
[2023-05-05T15:13:53.843+0000] {processor.py:175} INFO - Processing /home/airflow/.local/lib/python3.7/site-packages/airflow/example_dags/example_sla_dag.py took 0.160 seconds
[2023-05-05T15:14:24.353+0000] {processor.py:153} INFO - Started process (PID=2861) to work on /home/airflow/.local/lib/python3.7/site-packages/airflow/example_dags/example_sla_dag.py
[2023-05-05T15:14:24.354+0000] {processor.py:743} INFO - Processing file /home/airflow/.local/lib/python3.7/site-packages/airflow/example_dags/example_sla_dag.py for tasks to queue
[2023-05-05T15:14:24.355+0000] {logging_mixin.py:137} INFO - [2023-05-05T15:14:24.355+0000] {dagbag.py:532} INFO - Filling up the DagBag from /home/airflow/.local/lib/python3.7/site-packages/airflow/example_dags/example_sla_dag.py
[2023-05-05T15:14:24.385+0000] {processor.py:753} INFO - DAG(s) dict_keys(['example_sla_dag']) retrieved from /home/airflow/.local/lib/python3.7/site-packages/airflow/example_dags/example_sla_dag.py
[2023-05-05T15:14:24.425+0000] {logging_mixin.py:137} INFO - [2023-05-05T15:14:24.425+0000] {dag.py:2693} INFO - Sync 1 DAGs
[2023-05-05T15:14:24.462+0000] {logging_mixin.py:137} INFO - [2023-05-05T15:14:24.462+0000] {dag.py:3444} INFO - Setting next_dagrun for example_sla_dag to 2023-05-05T15:12:00+00:00, run_after=2023-05-05T15:14:00+00:00
[2023-05-05T15:14:24.483+0000] {processor.py:175} INFO - Processing /home/airflow/.local/lib/python3.7/site-packages/airflow/example_dags/example_sla_dag.py took 0.134 seconds
[2023-05-05T15:14:55.223+0000] {processor.py:153} INFO - Started process (PID=2911) to work on /home/airflow/.local/lib/python3.7/site-packages/airflow/example_dags/example_sla_dag.py
[2023-05-05T15:14:55.224+0000] {processor.py:743} INFO - Processing file /home/airflow/.local/lib/python3.7/site-packages/airflow/example_dags/example_sla_dag.py for tasks to queue
[2023-05-05T15:14:55.225+0000] {logging_mixin.py:137} INFO - [2023-05-05T15:14:55.225+0000] {dagbag.py:532} INFO - Filling up the DagBag from /home/airflow/.local/lib/python3.7/site-packages/airflow/example_dags/example_sla_dag.py
[2023-05-05T15:14:55.256+0000] {processor.py:753} INFO - DAG(s) dict_keys(['example_sla_dag']) retrieved from /home/airflow/.local/lib/python3.7/site-packages/airflow/example_dags/example_sla_dag.py
[2023-05-05T15:14:55.291+0000] {logging_mixin.py:137} INFO - [2023-05-05T15:14:55.291+0000] {dag.py:2693} INFO - Sync 1 DAGs
[2023-05-05T15:14:55.328+0000] {logging_mixin.py:137} INFO - [2023-05-05T15:14:55.328+0000] {dag.py:3444} INFO - Setting next_dagrun for example_sla_dag to 2023-05-05T15:12:00+00:00, run_after=2023-05-05T15:14:00+00:00
[2023-05-05T15:14:55.350+0000] {processor.py:175} INFO - Processing /home/airflow/.local/lib/python3.7/site-packages/airflow/example_dags/example_sla_dag.py took 0.135 seconds
[2023-05-05T15:15:26.021+0000] {processor.py:153} INFO - Started process (PID=2962) to work on /home/airflow/.local/lib/python3.7/site-packages/airflow/example_dags/example_sla_dag.py
[2023-05-05T15:15:26.022+0000] {processor.py:743} INFO - Processing file /home/airflow/.local/lib/python3.7/site-packages/airflow/example_dags/example_sla_dag.py for tasks to queue
[2023-05-05T15:15:26.024+0000] {logging_mixin.py:137} INFO - [2023-05-05T15:15:26.024+0000] {dagbag.py:532} INFO - Filling up the DagBag from /home/airflow/.local/lib/python3.7/site-packages/airflow/example_dags/example_sla_dag.py
[2023-05-05T15:15:26.053+0000] {processor.py:753} INFO - DAG(s) dict_keys(['example_sla_dag']) retrieved from /home/airflow/.local/lib/python3.7/site-packages/airflow/example_dags/example_sla_dag.py
[2023-05-05T15:15:26.087+0000] {logging_mixin.py:137} INFO - [2023-05-05T15:15:26.087+0000] {dag.py:2693} INFO - Sync 1 DAGs
[2023-05-05T15:15:26.126+0000] {logging_mixin.py:137} INFO - [2023-05-05T15:15:26.126+0000] {dag.py:3444} INFO - Setting next_dagrun for example_sla_dag to 2023-05-05T15:12:00+00:00, run_after=2023-05-05T15:14:00+00:00
[2023-05-05T15:15:26.146+0000] {processor.py:175} INFO - Processing /home/airflow/.local/lib/python3.7/site-packages/airflow/example_dags/example_sla_dag.py took 0.129 seconds
