[2023-05-05T14:46:08.016+0000] {processor.py:153} INFO - Started process (PID=54) to work on /home/airflow/.local/lib/python3.7/site-packages/airflow/example_dags/example_branch_python_dop_operator_3.py
[2023-05-05T14:46:08.019+0000] {processor.py:743} INFO - Processing file /home/airflow/.local/lib/python3.7/site-packages/airflow/example_dags/example_branch_python_dop_operator_3.py for tasks to queue
[2023-05-05T14:46:08.024+0000] {logging_mixin.py:137} INFO - [2023-05-05T14:46:08.024+0000] {dagbag.py:532} INFO - Filling up the DagBag from /home/airflow/.local/lib/python3.7/site-packages/airflow/example_dags/example_branch_python_dop_operator_3.py
[2023-05-05T14:46:08.107+0000] {processor.py:753} INFO - DAG(s) dict_keys(['example_branch_dop_operator_v3']) retrieved from /home/airflow/.local/lib/python3.7/site-packages/airflow/example_dags/example_branch_python_dop_operator_3.py
[2023-05-05T14:46:08.207+0000] {logging_mixin.py:137} INFO - [2023-05-05T14:46:08.207+0000] {dag.py:2693} INFO - Sync 1 DAGs
[2023-05-05T14:46:08.330+0000] {logging_mixin.py:137} INFO - [2023-05-05T14:46:08.329+0000] {dag.py:3444} INFO - Setting next_dagrun for example_branch_dop_operator_v3 to 2023-05-05T14:45:00+00:00, run_after=2023-05-05T14:46:00+00:00
[2023-05-05T14:46:08.407+0000] {processor.py:175} INFO - Processing /home/airflow/.local/lib/python3.7/site-packages/airflow/example_dags/example_branch_python_dop_operator_3.py took 0.421 seconds
[2023-05-05T14:46:39.207+0000] {processor.py:153} INFO - Started process (PID=105) to work on /home/airflow/.local/lib/python3.7/site-packages/airflow/example_dags/example_branch_python_dop_operator_3.py
[2023-05-05T14:46:39.209+0000] {processor.py:743} INFO - Processing file /home/airflow/.local/lib/python3.7/site-packages/airflow/example_dags/example_branch_python_dop_operator_3.py for tasks to queue
[2023-05-05T14:46:39.210+0000] {logging_mixin.py:137} INFO - [2023-05-05T14:46:39.209+0000] {dagbag.py:532} INFO - Filling up the DagBag from /home/airflow/.local/lib/python3.7/site-packages/airflow/example_dags/example_branch_python_dop_operator_3.py
[2023-05-05T14:46:39.250+0000] {processor.py:753} INFO - DAG(s) dict_keys(['example_branch_dop_operator_v3']) retrieved from /home/airflow/.local/lib/python3.7/site-packages/airflow/example_dags/example_branch_python_dop_operator_3.py
[2023-05-05T14:46:39.288+0000] {logging_mixin.py:137} INFO - [2023-05-05T14:46:39.288+0000] {dag.py:2693} INFO - Sync 1 DAGs
[2023-05-05T14:46:39.333+0000] {logging_mixin.py:137} INFO - [2023-05-05T14:46:39.332+0000] {dag.py:3444} INFO - Setting next_dagrun for example_branch_dop_operator_v3 to 2023-05-05T14:45:00+00:00, run_after=2023-05-05T14:46:00+00:00
[2023-05-05T14:46:39.355+0000] {processor.py:175} INFO - Processing /home/airflow/.local/lib/python3.7/site-packages/airflow/example_dags/example_branch_python_dop_operator_3.py took 0.152 seconds
[2023-05-05T14:47:10.003+0000] {processor.py:153} INFO - Started process (PID=156) to work on /home/airflow/.local/lib/python3.7/site-packages/airflow/example_dags/example_branch_python_dop_operator_3.py
[2023-05-05T14:47:10.004+0000] {processor.py:743} INFO - Processing file /home/airflow/.local/lib/python3.7/site-packages/airflow/example_dags/example_branch_python_dop_operator_3.py for tasks to queue
[2023-05-05T14:47:10.004+0000] {logging_mixin.py:137} INFO - [2023-05-05T14:47:10.004+0000] {dagbag.py:532} INFO - Filling up the DagBag from /home/airflow/.local/lib/python3.7/site-packages/airflow/example_dags/example_branch_python_dop_operator_3.py
[2023-05-05T14:47:10.036+0000] {processor.py:753} INFO - DAG(s) dict_keys(['example_branch_dop_operator_v3']) retrieved from /home/airflow/.local/lib/python3.7/site-packages/airflow/example_dags/example_branch_python_dop_operator_3.py
[2023-05-05T14:47:10.069+0000] {logging_mixin.py:137} INFO - [2023-05-05T14:47:10.069+0000] {dag.py:2693} INFO - Sync 1 DAGs
[2023-05-05T14:47:10.112+0000] {logging_mixin.py:137} INFO - [2023-05-05T14:47:10.111+0000] {dag.py:3444} INFO - Setting next_dagrun for example_branch_dop_operator_v3 to 2023-05-05T14:46:00+00:00, run_after=2023-05-05T14:47:00+00:00
[2023-05-05T14:47:10.134+0000] {processor.py:175} INFO - Processing /home/airflow/.local/lib/python3.7/site-packages/airflow/example_dags/example_branch_python_dop_operator_3.py took 0.135 seconds
[2023-05-05T14:47:40.655+0000] {processor.py:153} INFO - Started process (PID=206) to work on /home/airflow/.local/lib/python3.7/site-packages/airflow/example_dags/example_branch_python_dop_operator_3.py
[2023-05-05T14:47:40.656+0000] {processor.py:743} INFO - Processing file /home/airflow/.local/lib/python3.7/site-packages/airflow/example_dags/example_branch_python_dop_operator_3.py for tasks to queue
[2023-05-05T14:47:40.657+0000] {logging_mixin.py:137} INFO - [2023-05-05T14:47:40.657+0000] {dagbag.py:532} INFO - Filling up the DagBag from /home/airflow/.local/lib/python3.7/site-packages/airflow/example_dags/example_branch_python_dop_operator_3.py
[2023-05-05T14:47:40.688+0000] {processor.py:753} INFO - DAG(s) dict_keys(['example_branch_dop_operator_v3']) retrieved from /home/airflow/.local/lib/python3.7/site-packages/airflow/example_dags/example_branch_python_dop_operator_3.py
[2023-05-05T14:47:40.723+0000] {logging_mixin.py:137} INFO - [2023-05-05T14:47:40.723+0000] {dag.py:2693} INFO - Sync 1 DAGs
[2023-05-05T14:47:40.763+0000] {logging_mixin.py:137} INFO - [2023-05-05T14:47:40.763+0000] {dag.py:3444} INFO - Setting next_dagrun for example_branch_dop_operator_v3 to 2023-05-05T14:46:00+00:00, run_after=2023-05-05T14:47:00+00:00
[2023-05-05T14:47:40.785+0000] {processor.py:175} INFO - Processing /home/airflow/.local/lib/python3.7/site-packages/airflow/example_dags/example_branch_python_dop_operator_3.py took 0.135 seconds
[2023-05-05T14:48:11.020+0000] {processor.py:153} INFO - Started process (PID=258) to work on /home/airflow/.local/lib/python3.7/site-packages/airflow/example_dags/example_branch_python_dop_operator_3.py
[2023-05-05T14:48:11.021+0000] {processor.py:743} INFO - Processing file /home/airflow/.local/lib/python3.7/site-packages/airflow/example_dags/example_branch_python_dop_operator_3.py for tasks to queue
[2023-05-05T14:48:11.022+0000] {logging_mixin.py:137} INFO - [2023-05-05T14:48:11.022+0000] {dagbag.py:532} INFO - Filling up the DagBag from /home/airflow/.local/lib/python3.7/site-packages/airflow/example_dags/example_branch_python_dop_operator_3.py
[2023-05-05T14:48:11.053+0000] {processor.py:753} INFO - DAG(s) dict_keys(['example_branch_dop_operator_v3']) retrieved from /home/airflow/.local/lib/python3.7/site-packages/airflow/example_dags/example_branch_python_dop_operator_3.py
[2023-05-05T14:48:11.086+0000] {logging_mixin.py:137} INFO - [2023-05-05T14:48:11.086+0000] {dag.py:2693} INFO - Sync 1 DAGs
[2023-05-05T14:48:11.126+0000] {logging_mixin.py:137} INFO - [2023-05-05T14:48:11.126+0000] {dag.py:3444} INFO - Setting next_dagrun for example_branch_dop_operator_v3 to 2023-05-05T14:47:00+00:00, run_after=2023-05-05T14:48:00+00:00
[2023-05-05T14:48:11.148+0000] {processor.py:175} INFO - Processing /home/airflow/.local/lib/python3.7/site-packages/airflow/example_dags/example_branch_python_dop_operator_3.py took 0.133 seconds
[2023-05-05T14:48:41.853+0000] {processor.py:153} INFO - Started process (PID=316) to work on /home/airflow/.local/lib/python3.7/site-packages/airflow/example_dags/example_branch_python_dop_operator_3.py
[2023-05-05T14:48:41.854+0000] {processor.py:743} INFO - Processing file /home/airflow/.local/lib/python3.7/site-packages/airflow/example_dags/example_branch_python_dop_operator_3.py for tasks to queue
[2023-05-05T14:48:41.855+0000] {logging_mixin.py:137} INFO - [2023-05-05T14:48:41.855+0000] {dagbag.py:532} INFO - Filling up the DagBag from /home/airflow/.local/lib/python3.7/site-packages/airflow/example_dags/example_branch_python_dop_operator_3.py
[2023-05-05T14:48:41.886+0000] {processor.py:753} INFO - DAG(s) dict_keys(['example_branch_dop_operator_v3']) retrieved from /home/airflow/.local/lib/python3.7/site-packages/airflow/example_dags/example_branch_python_dop_operator_3.py
[2023-05-05T14:48:41.923+0000] {logging_mixin.py:137} INFO - [2023-05-05T14:48:41.923+0000] {dag.py:2693} INFO - Sync 1 DAGs
[2023-05-05T14:48:41.969+0000] {logging_mixin.py:137} INFO - [2023-05-05T14:48:41.968+0000] {dag.py:3444} INFO - Setting next_dagrun for example_branch_dop_operator_v3 to 2023-05-05T14:47:00+00:00, run_after=2023-05-05T14:48:00+00:00
[2023-05-05T14:48:41.993+0000] {processor.py:175} INFO - Processing /home/airflow/.local/lib/python3.7/site-packages/airflow/example_dags/example_branch_python_dop_operator_3.py took 0.146 seconds
[2023-05-05T14:49:12.589+0000] {processor.py:153} INFO - Started process (PID=367) to work on /home/airflow/.local/lib/python3.7/site-packages/airflow/example_dags/example_branch_python_dop_operator_3.py
[2023-05-05T14:49:12.590+0000] {processor.py:743} INFO - Processing file /home/airflow/.local/lib/python3.7/site-packages/airflow/example_dags/example_branch_python_dop_operator_3.py for tasks to queue
[2023-05-05T14:49:12.591+0000] {logging_mixin.py:137} INFO - [2023-05-05T14:49:12.591+0000] {dagbag.py:532} INFO - Filling up the DagBag from /home/airflow/.local/lib/python3.7/site-packages/airflow/example_dags/example_branch_python_dop_operator_3.py
[2023-05-05T14:49:12.624+0000] {processor.py:753} INFO - DAG(s) dict_keys(['example_branch_dop_operator_v3']) retrieved from /home/airflow/.local/lib/python3.7/site-packages/airflow/example_dags/example_branch_python_dop_operator_3.py
[2023-05-05T14:49:12.661+0000] {logging_mixin.py:137} INFO - [2023-05-05T14:49:12.661+0000] {dag.py:2693} INFO - Sync 1 DAGs
[2023-05-05T14:49:12.705+0000] {logging_mixin.py:137} INFO - [2023-05-05T14:49:12.705+0000] {dag.py:3444} INFO - Setting next_dagrun for example_branch_dop_operator_v3 to 2023-05-05T14:48:00+00:00, run_after=2023-05-05T14:49:00+00:00
[2023-05-05T14:49:12.727+0000] {processor.py:175} INFO - Processing /home/airflow/.local/lib/python3.7/site-packages/airflow/example_dags/example_branch_python_dop_operator_3.py took 0.143 seconds
[2023-05-05T14:49:42.937+0000] {processor.py:153} INFO - Started process (PID=418) to work on /home/airflow/.local/lib/python3.7/site-packages/airflow/example_dags/example_branch_python_dop_operator_3.py
[2023-05-05T14:49:42.939+0000] {processor.py:743} INFO - Processing file /home/airflow/.local/lib/python3.7/site-packages/airflow/example_dags/example_branch_python_dop_operator_3.py for tasks to queue
[2023-05-05T14:49:42.939+0000] {logging_mixin.py:137} INFO - [2023-05-05T14:49:42.939+0000] {dagbag.py:532} INFO - Filling up the DagBag from /home/airflow/.local/lib/python3.7/site-packages/airflow/example_dags/example_branch_python_dop_operator_3.py
[2023-05-05T14:49:42.970+0000] {processor.py:753} INFO - DAG(s) dict_keys(['example_branch_dop_operator_v3']) retrieved from /home/airflow/.local/lib/python3.7/site-packages/airflow/example_dags/example_branch_python_dop_operator_3.py
[2023-05-05T14:49:43.004+0000] {logging_mixin.py:137} INFO - [2023-05-05T14:49:43.004+0000] {dag.py:2693} INFO - Sync 1 DAGs
[2023-05-05T14:49:43.044+0000] {logging_mixin.py:137} INFO - [2023-05-05T14:49:43.044+0000] {dag.py:3444} INFO - Setting next_dagrun for example_branch_dop_operator_v3 to 2023-05-05T14:48:00+00:00, run_after=2023-05-05T14:49:00+00:00
[2023-05-05T14:49:43.066+0000] {processor.py:175} INFO - Processing /home/airflow/.local/lib/python3.7/site-packages/airflow/example_dags/example_branch_python_dop_operator_3.py took 0.133 seconds
[2023-05-05T14:50:13.694+0000] {processor.py:153} INFO - Started process (PID=469) to work on /home/airflow/.local/lib/python3.7/site-packages/airflow/example_dags/example_branch_python_dop_operator_3.py
[2023-05-05T14:50:13.695+0000] {processor.py:743} INFO - Processing file /home/airflow/.local/lib/python3.7/site-packages/airflow/example_dags/example_branch_python_dop_operator_3.py for tasks to queue
[2023-05-05T14:50:13.695+0000] {logging_mixin.py:137} INFO - [2023-05-05T14:50:13.695+0000] {dagbag.py:532} INFO - Filling up the DagBag from /home/airflow/.local/lib/python3.7/site-packages/airflow/example_dags/example_branch_python_dop_operator_3.py
[2023-05-05T14:50:13.728+0000] {processor.py:753} INFO - DAG(s) dict_keys(['example_branch_dop_operator_v3']) retrieved from /home/airflow/.local/lib/python3.7/site-packages/airflow/example_dags/example_branch_python_dop_operator_3.py
[2023-05-05T14:50:13.763+0000] {logging_mixin.py:137} INFO - [2023-05-05T14:50:13.762+0000] {dag.py:2693} INFO - Sync 1 DAGs
[2023-05-05T14:50:13.805+0000] {logging_mixin.py:137} INFO - [2023-05-05T14:50:13.805+0000] {dag.py:3444} INFO - Setting next_dagrun for example_branch_dop_operator_v3 to 2023-05-05T14:49:00+00:00, run_after=2023-05-05T14:50:00+00:00
[2023-05-05T14:50:13.827+0000] {processor.py:175} INFO - Processing /home/airflow/.local/lib/python3.7/site-packages/airflow/example_dags/example_branch_python_dop_operator_3.py took 0.138 seconds
[2023-05-05T14:50:44.324+0000] {processor.py:153} INFO - Started process (PID=520) to work on /home/airflow/.local/lib/python3.7/site-packages/airflow/example_dags/example_branch_python_dop_operator_3.py
[2023-05-05T14:50:44.332+0000] {processor.py:743} INFO - Processing file /home/airflow/.local/lib/python3.7/site-packages/airflow/example_dags/example_branch_python_dop_operator_3.py for tasks to queue
[2023-05-05T14:50:44.333+0000] {logging_mixin.py:137} INFO - [2023-05-05T14:50:44.333+0000] {dagbag.py:532} INFO - Filling up the DagBag from /home/airflow/.local/lib/python3.7/site-packages/airflow/example_dags/example_branch_python_dop_operator_3.py
[2023-05-05T14:50:44.393+0000] {processor.py:753} INFO - DAG(s) dict_keys(['example_branch_dop_operator_v3']) retrieved from /home/airflow/.local/lib/python3.7/site-packages/airflow/example_dags/example_branch_python_dop_operator_3.py
[2023-05-05T14:50:44.463+0000] {logging_mixin.py:137} INFO - [2023-05-05T14:50:44.462+0000] {dag.py:2693} INFO - Sync 1 DAGs
[2023-05-05T14:50:44.519+0000] {logging_mixin.py:137} INFO - [2023-05-05T14:50:44.518+0000] {dag.py:3444} INFO - Setting next_dagrun for example_branch_dop_operator_v3 to 2023-05-05T14:49:00+00:00, run_after=2023-05-05T14:50:00+00:00
[2023-05-05T14:50:44.542+0000] {processor.py:175} INFO - Processing /home/airflow/.local/lib/python3.7/site-packages/airflow/example_dags/example_branch_python_dop_operator_3.py took 0.222 seconds
[2023-05-05T14:51:15.277+0000] {processor.py:153} INFO - Started process (PID=571) to work on /home/airflow/.local/lib/python3.7/site-packages/airflow/example_dags/example_branch_python_dop_operator_3.py
[2023-05-05T14:51:15.280+0000] {processor.py:743} INFO - Processing file /home/airflow/.local/lib/python3.7/site-packages/airflow/example_dags/example_branch_python_dop_operator_3.py for tasks to queue
[2023-05-05T14:51:15.282+0000] {logging_mixin.py:137} INFO - [2023-05-05T14:51:15.282+0000] {dagbag.py:532} INFO - Filling up the DagBag from /home/airflow/.local/lib/python3.7/site-packages/airflow/example_dags/example_branch_python_dop_operator_3.py
[2023-05-05T14:51:15.344+0000] {processor.py:753} INFO - DAG(s) dict_keys(['example_branch_dop_operator_v3']) retrieved from /home/airflow/.local/lib/python3.7/site-packages/airflow/example_dags/example_branch_python_dop_operator_3.py
[2023-05-05T14:51:15.377+0000] {logging_mixin.py:137} INFO - [2023-05-05T14:51:15.377+0000] {dag.py:2693} INFO - Sync 1 DAGs
[2023-05-05T14:51:15.416+0000] {logging_mixin.py:137} INFO - [2023-05-05T14:51:15.416+0000] {dag.py:3444} INFO - Setting next_dagrun for example_branch_dop_operator_v3 to 2023-05-05T14:50:00+00:00, run_after=2023-05-05T14:51:00+00:00
[2023-05-05T14:51:15.467+0000] {processor.py:175} INFO - Processing /home/airflow/.local/lib/python3.7/site-packages/airflow/example_dags/example_branch_python_dop_operator_3.py took 0.206 seconds
[2023-05-05T14:51:46.148+0000] {processor.py:153} INFO - Started process (PID=622) to work on /home/airflow/.local/lib/python3.7/site-packages/airflow/example_dags/example_branch_python_dop_operator_3.py
[2023-05-05T14:51:46.149+0000] {processor.py:743} INFO - Processing file /home/airflow/.local/lib/python3.7/site-packages/airflow/example_dags/example_branch_python_dop_operator_3.py for tasks to queue
[2023-05-05T14:51:46.149+0000] {logging_mixin.py:137} INFO - [2023-05-05T14:51:46.149+0000] {dagbag.py:532} INFO - Filling up the DagBag from /home/airflow/.local/lib/python3.7/site-packages/airflow/example_dags/example_branch_python_dop_operator_3.py
[2023-05-05T14:51:46.180+0000] {processor.py:753} INFO - DAG(s) dict_keys(['example_branch_dop_operator_v3']) retrieved from /home/airflow/.local/lib/python3.7/site-packages/airflow/example_dags/example_branch_python_dop_operator_3.py
[2023-05-05T14:51:46.213+0000] {logging_mixin.py:137} INFO - [2023-05-05T14:51:46.213+0000] {dag.py:2693} INFO - Sync 1 DAGs
[2023-05-05T14:51:46.256+0000] {logging_mixin.py:137} INFO - [2023-05-05T14:51:46.256+0000] {dag.py:3444} INFO - Setting next_dagrun for example_branch_dop_operator_v3 to 2023-05-05T14:50:00+00:00, run_after=2023-05-05T14:51:00+00:00
[2023-05-05T14:51:46.277+0000] {processor.py:175} INFO - Processing /home/airflow/.local/lib/python3.7/site-packages/airflow/example_dags/example_branch_python_dop_operator_3.py took 0.140 seconds
[2023-05-05T14:52:16.676+0000] {processor.py:153} INFO - Started process (PID=673) to work on /home/airflow/.local/lib/python3.7/site-packages/airflow/example_dags/example_branch_python_dop_operator_3.py
[2023-05-05T14:52:16.678+0000] {processor.py:743} INFO - Processing file /home/airflow/.local/lib/python3.7/site-packages/airflow/example_dags/example_branch_python_dop_operator_3.py for tasks to queue
[2023-05-05T14:52:16.679+0000] {logging_mixin.py:137} INFO - [2023-05-05T14:52:16.679+0000] {dagbag.py:532} INFO - Filling up the DagBag from /home/airflow/.local/lib/python3.7/site-packages/airflow/example_dags/example_branch_python_dop_operator_3.py
[2023-05-05T14:52:16.709+0000] {processor.py:753} INFO - DAG(s) dict_keys(['example_branch_dop_operator_v3']) retrieved from /home/airflow/.local/lib/python3.7/site-packages/airflow/example_dags/example_branch_python_dop_operator_3.py
[2023-05-05T14:52:16.740+0000] {logging_mixin.py:137} INFO - [2023-05-05T14:52:16.740+0000] {dag.py:2693} INFO - Sync 1 DAGs
[2023-05-05T14:52:16.777+0000] {logging_mixin.py:137} INFO - [2023-05-05T14:52:16.777+0000] {dag.py:3444} INFO - Setting next_dagrun for example_branch_dop_operator_v3 to 2023-05-05T14:51:00+00:00, run_after=2023-05-05T14:52:00+00:00
[2023-05-05T14:52:16.799+0000] {processor.py:175} INFO - Processing /home/airflow/.local/lib/python3.7/site-packages/airflow/example_dags/example_branch_python_dop_operator_3.py took 0.127 seconds
[2023-05-05T14:52:47.724+0000] {processor.py:153} INFO - Started process (PID=724) to work on /home/airflow/.local/lib/python3.7/site-packages/airflow/example_dags/example_branch_python_dop_operator_3.py
[2023-05-05T14:52:47.725+0000] {processor.py:743} INFO - Processing file /home/airflow/.local/lib/python3.7/site-packages/airflow/example_dags/example_branch_python_dop_operator_3.py for tasks to queue
[2023-05-05T14:52:47.725+0000] {logging_mixin.py:137} INFO - [2023-05-05T14:52:47.725+0000] {dagbag.py:532} INFO - Filling up the DagBag from /home/airflow/.local/lib/python3.7/site-packages/airflow/example_dags/example_branch_python_dop_operator_3.py
[2023-05-05T14:52:47.757+0000] {processor.py:753} INFO - DAG(s) dict_keys(['example_branch_dop_operator_v3']) retrieved from /home/airflow/.local/lib/python3.7/site-packages/airflow/example_dags/example_branch_python_dop_operator_3.py
[2023-05-05T14:52:47.790+0000] {logging_mixin.py:137} INFO - [2023-05-05T14:52:47.790+0000] {dag.py:2693} INFO - Sync 1 DAGs
[2023-05-05T14:52:47.832+0000] {logging_mixin.py:137} INFO - [2023-05-05T14:52:47.831+0000] {dag.py:3444} INFO - Setting next_dagrun for example_branch_dop_operator_v3 to 2023-05-05T14:51:00+00:00, run_after=2023-05-05T14:52:00+00:00
[2023-05-05T14:52:47.854+0000] {processor.py:175} INFO - Processing /home/airflow/.local/lib/python3.7/site-packages/airflow/example_dags/example_branch_python_dop_operator_3.py took 0.134 seconds
[2023-05-05T14:53:18.411+0000] {processor.py:153} INFO - Started process (PID=775) to work on /home/airflow/.local/lib/python3.7/site-packages/airflow/example_dags/example_branch_python_dop_operator_3.py
[2023-05-05T14:53:18.412+0000] {processor.py:743} INFO - Processing file /home/airflow/.local/lib/python3.7/site-packages/airflow/example_dags/example_branch_python_dop_operator_3.py for tasks to queue
[2023-05-05T14:53:18.413+0000] {logging_mixin.py:137} INFO - [2023-05-05T14:53:18.413+0000] {dagbag.py:532} INFO - Filling up the DagBag from /home/airflow/.local/lib/python3.7/site-packages/airflow/example_dags/example_branch_python_dop_operator_3.py
[2023-05-05T14:53:18.444+0000] {processor.py:753} INFO - DAG(s) dict_keys(['example_branch_dop_operator_v3']) retrieved from /home/airflow/.local/lib/python3.7/site-packages/airflow/example_dags/example_branch_python_dop_operator_3.py
[2023-05-05T14:53:18.477+0000] {logging_mixin.py:137} INFO - [2023-05-05T14:53:18.477+0000] {dag.py:2693} INFO - Sync 1 DAGs
[2023-05-05T14:53:18.519+0000] {logging_mixin.py:137} INFO - [2023-05-05T14:53:18.518+0000] {dag.py:3444} INFO - Setting next_dagrun for example_branch_dop_operator_v3 to 2023-05-05T14:52:00+00:00, run_after=2023-05-05T14:53:00+00:00
[2023-05-05T14:53:18.544+0000] {processor.py:175} INFO - Processing /home/airflow/.local/lib/python3.7/site-packages/airflow/example_dags/example_branch_python_dop_operator_3.py took 0.138 seconds
[2023-05-05T14:53:48.647+0000] {processor.py:153} INFO - Started process (PID=826) to work on /home/airflow/.local/lib/python3.7/site-packages/airflow/example_dags/example_branch_python_dop_operator_3.py
[2023-05-05T14:53:48.648+0000] {processor.py:743} INFO - Processing file /home/airflow/.local/lib/python3.7/site-packages/airflow/example_dags/example_branch_python_dop_operator_3.py for tasks to queue
[2023-05-05T14:53:48.649+0000] {logging_mixin.py:137} INFO - [2023-05-05T14:53:48.648+0000] {dagbag.py:532} INFO - Filling up the DagBag from /home/airflow/.local/lib/python3.7/site-packages/airflow/example_dags/example_branch_python_dop_operator_3.py
[2023-05-05T14:53:48.679+0000] {processor.py:753} INFO - DAG(s) dict_keys(['example_branch_dop_operator_v3']) retrieved from /home/airflow/.local/lib/python3.7/site-packages/airflow/example_dags/example_branch_python_dop_operator_3.py
[2023-05-05T14:53:48.711+0000] {logging_mixin.py:137} INFO - [2023-05-05T14:53:48.711+0000] {dag.py:2693} INFO - Sync 1 DAGs
[2023-05-05T14:53:48.751+0000] {logging_mixin.py:137} INFO - [2023-05-05T14:53:48.750+0000] {dag.py:3444} INFO - Setting next_dagrun for example_branch_dop_operator_v3 to 2023-05-05T14:52:00+00:00, run_after=2023-05-05T14:53:00+00:00
[2023-05-05T14:53:48.773+0000] {processor.py:175} INFO - Processing /home/airflow/.local/lib/python3.7/site-packages/airflow/example_dags/example_branch_python_dop_operator_3.py took 0.131 seconds
[2023-05-05T14:54:18.843+0000] {processor.py:153} INFO - Started process (PID=877) to work on /home/airflow/.local/lib/python3.7/site-packages/airflow/example_dags/example_branch_python_dop_operator_3.py
[2023-05-05T14:54:18.845+0000] {processor.py:743} INFO - Processing file /home/airflow/.local/lib/python3.7/site-packages/airflow/example_dags/example_branch_python_dop_operator_3.py for tasks to queue
[2023-05-05T14:54:18.845+0000] {logging_mixin.py:137} INFO - [2023-05-05T14:54:18.845+0000] {dagbag.py:532} INFO - Filling up the DagBag from /home/airflow/.local/lib/python3.7/site-packages/airflow/example_dags/example_branch_python_dop_operator_3.py
[2023-05-05T14:54:18.876+0000] {processor.py:753} INFO - DAG(s) dict_keys(['example_branch_dop_operator_v3']) retrieved from /home/airflow/.local/lib/python3.7/site-packages/airflow/example_dags/example_branch_python_dop_operator_3.py
[2023-05-05T14:54:18.910+0000] {logging_mixin.py:137} INFO - [2023-05-05T14:54:18.909+0000] {dag.py:2693} INFO - Sync 1 DAGs
[2023-05-05T14:54:18.949+0000] {logging_mixin.py:137} INFO - [2023-05-05T14:54:18.948+0000] {dag.py:3444} INFO - Setting next_dagrun for example_branch_dop_operator_v3 to 2023-05-05T14:53:00+00:00, run_after=2023-05-05T14:54:00+00:00
[2023-05-05T14:54:18.972+0000] {processor.py:175} INFO - Processing /home/airflow/.local/lib/python3.7/site-packages/airflow/example_dags/example_branch_python_dop_operator_3.py took 0.133 seconds
[2023-05-05T14:54:49.070+0000] {processor.py:153} INFO - Started process (PID=928) to work on /home/airflow/.local/lib/python3.7/site-packages/airflow/example_dags/example_branch_python_dop_operator_3.py
[2023-05-05T14:54:49.071+0000] {processor.py:743} INFO - Processing file /home/airflow/.local/lib/python3.7/site-packages/airflow/example_dags/example_branch_python_dop_operator_3.py for tasks to queue
[2023-05-05T14:54:49.072+0000] {logging_mixin.py:137} INFO - [2023-05-05T14:54:49.072+0000] {dagbag.py:532} INFO - Filling up the DagBag from /home/airflow/.local/lib/python3.7/site-packages/airflow/example_dags/example_branch_python_dop_operator_3.py
[2023-05-05T14:54:49.103+0000] {processor.py:753} INFO - DAG(s) dict_keys(['example_branch_dop_operator_v3']) retrieved from /home/airflow/.local/lib/python3.7/site-packages/airflow/example_dags/example_branch_python_dop_operator_3.py
[2023-05-05T14:54:49.136+0000] {logging_mixin.py:137} INFO - [2023-05-05T14:54:49.136+0000] {dag.py:2693} INFO - Sync 1 DAGs
[2023-05-05T14:54:49.176+0000] {logging_mixin.py:137} INFO - [2023-05-05T14:54:49.176+0000] {dag.py:3444} INFO - Setting next_dagrun for example_branch_dop_operator_v3 to 2023-05-05T14:53:00+00:00, run_after=2023-05-05T14:54:00+00:00
[2023-05-05T14:54:49.199+0000] {processor.py:175} INFO - Processing /home/airflow/.local/lib/python3.7/site-packages/airflow/example_dags/example_branch_python_dop_operator_3.py took 0.134 seconds
[2023-05-05T14:55:20.223+0000] {processor.py:153} INFO - Started process (PID=979) to work on /home/airflow/.local/lib/python3.7/site-packages/airflow/example_dags/example_branch_python_dop_operator_3.py
[2023-05-05T14:55:20.225+0000] {processor.py:743} INFO - Processing file /home/airflow/.local/lib/python3.7/site-packages/airflow/example_dags/example_branch_python_dop_operator_3.py for tasks to queue
[2023-05-05T14:55:20.226+0000] {logging_mixin.py:137} INFO - [2023-05-05T14:55:20.226+0000] {dagbag.py:532} INFO - Filling up the DagBag from /home/airflow/.local/lib/python3.7/site-packages/airflow/example_dags/example_branch_python_dop_operator_3.py
[2023-05-05T14:55:20.258+0000] {processor.py:753} INFO - DAG(s) dict_keys(['example_branch_dop_operator_v3']) retrieved from /home/airflow/.local/lib/python3.7/site-packages/airflow/example_dags/example_branch_python_dop_operator_3.py
[2023-05-05T14:55:20.290+0000] {logging_mixin.py:137} INFO - [2023-05-05T14:55:20.290+0000] {dag.py:2693} INFO - Sync 1 DAGs
[2023-05-05T14:55:20.331+0000] {logging_mixin.py:137} INFO - [2023-05-05T14:55:20.330+0000] {dag.py:3444} INFO - Setting next_dagrun for example_branch_dop_operator_v3 to 2023-05-05T14:54:00+00:00, run_after=2023-05-05T14:55:00+00:00
[2023-05-05T14:55:20.353+0000] {processor.py:175} INFO - Processing /home/airflow/.local/lib/python3.7/site-packages/airflow/example_dags/example_branch_python_dop_operator_3.py took 0.134 seconds
[2023-05-05T14:55:51.018+0000] {processor.py:153} INFO - Started process (PID=1030) to work on /home/airflow/.local/lib/python3.7/site-packages/airflow/example_dags/example_branch_python_dop_operator_3.py
[2023-05-05T14:55:51.020+0000] {processor.py:743} INFO - Processing file /home/airflow/.local/lib/python3.7/site-packages/airflow/example_dags/example_branch_python_dop_operator_3.py for tasks to queue
[2023-05-05T14:55:51.020+0000] {logging_mixin.py:137} INFO - [2023-05-05T14:55:51.020+0000] {dagbag.py:532} INFO - Filling up the DagBag from /home/airflow/.local/lib/python3.7/site-packages/airflow/example_dags/example_branch_python_dop_operator_3.py
[2023-05-05T14:55:51.053+0000] {processor.py:753} INFO - DAG(s) dict_keys(['example_branch_dop_operator_v3']) retrieved from /home/airflow/.local/lib/python3.7/site-packages/airflow/example_dags/example_branch_python_dop_operator_3.py
[2023-05-05T14:55:51.092+0000] {logging_mixin.py:137} INFO - [2023-05-05T14:55:51.092+0000] {dag.py:2693} INFO - Sync 1 DAGs
[2023-05-05T14:55:51.131+0000] {logging_mixin.py:137} INFO - [2023-05-05T14:55:51.131+0000] {dag.py:3444} INFO - Setting next_dagrun for example_branch_dop_operator_v3 to 2023-05-05T14:54:00+00:00, run_after=2023-05-05T14:55:00+00:00
[2023-05-05T14:55:51.153+0000] {processor.py:175} INFO - Processing /home/airflow/.local/lib/python3.7/site-packages/airflow/example_dags/example_branch_python_dop_operator_3.py took 0.139 seconds
[2023-05-05T14:56:22.956+0000] {processor.py:153} INFO - Started process (PID=1081) to work on /home/airflow/.local/lib/python3.7/site-packages/airflow/example_dags/example_branch_python_dop_operator_3.py
[2023-05-05T14:56:22.957+0000] {processor.py:743} INFO - Processing file /home/airflow/.local/lib/python3.7/site-packages/airflow/example_dags/example_branch_python_dop_operator_3.py for tasks to queue
[2023-05-05T14:56:22.958+0000] {logging_mixin.py:137} INFO - [2023-05-05T14:56:22.958+0000] {dagbag.py:532} INFO - Filling up the DagBag from /home/airflow/.local/lib/python3.7/site-packages/airflow/example_dags/example_branch_python_dop_operator_3.py
[2023-05-05T14:56:22.989+0000] {processor.py:753} INFO - DAG(s) dict_keys(['example_branch_dop_operator_v3']) retrieved from /home/airflow/.local/lib/python3.7/site-packages/airflow/example_dags/example_branch_python_dop_operator_3.py
[2023-05-05T14:56:23.023+0000] {logging_mixin.py:137} INFO - [2023-05-05T14:56:23.022+0000] {dag.py:2693} INFO - Sync 1 DAGs
[2023-05-05T14:56:23.061+0000] {logging_mixin.py:137} INFO - [2023-05-05T14:56:23.061+0000] {dag.py:3444} INFO - Setting next_dagrun for example_branch_dop_operator_v3 to 2023-05-05T14:55:00+00:00, run_after=2023-05-05T14:56:00+00:00
[2023-05-05T14:56:23.094+0000] {processor.py:175} INFO - Processing /home/airflow/.local/lib/python3.7/site-packages/airflow/example_dags/example_branch_python_dop_operator_3.py took 0.143 seconds
[2023-05-05T14:56:54.744+0000] {processor.py:153} INFO - Started process (PID=1132) to work on /home/airflow/.local/lib/python3.7/site-packages/airflow/example_dags/example_branch_python_dop_operator_3.py
[2023-05-05T14:56:54.751+0000] {processor.py:743} INFO - Processing file /home/airflow/.local/lib/python3.7/site-packages/airflow/example_dags/example_branch_python_dop_operator_3.py for tasks to queue
[2023-05-05T14:56:54.751+0000] {logging_mixin.py:137} INFO - [2023-05-05T14:56:54.751+0000] {dagbag.py:532} INFO - Filling up the DagBag from /home/airflow/.local/lib/python3.7/site-packages/airflow/example_dags/example_branch_python_dop_operator_3.py
[2023-05-05T14:56:54.803+0000] {processor.py:753} INFO - DAG(s) dict_keys(['example_branch_dop_operator_v3']) retrieved from /home/airflow/.local/lib/python3.7/site-packages/airflow/example_dags/example_branch_python_dop_operator_3.py
[2023-05-05T14:56:54.906+0000] {logging_mixin.py:137} INFO - [2023-05-05T14:56:54.905+0000] {dag.py:2693} INFO - Sync 1 DAGs
[2023-05-05T14:56:54.980+0000] {logging_mixin.py:137} INFO - [2023-05-05T14:56:54.980+0000] {dag.py:3444} INFO - Setting next_dagrun for example_branch_dop_operator_v3 to 2023-05-05T14:55:00+00:00, run_after=2023-05-05T14:56:00+00:00
[2023-05-05T14:56:55.027+0000] {processor.py:175} INFO - Processing /home/airflow/.local/lib/python3.7/site-packages/airflow/example_dags/example_branch_python_dop_operator_3.py took 0.290 seconds
[2023-05-05T14:57:25.972+0000] {processor.py:153} INFO - Started process (PID=1183) to work on /home/airflow/.local/lib/python3.7/site-packages/airflow/example_dags/example_branch_python_dop_operator_3.py
[2023-05-05T14:57:25.973+0000] {processor.py:743} INFO - Processing file /home/airflow/.local/lib/python3.7/site-packages/airflow/example_dags/example_branch_python_dop_operator_3.py for tasks to queue
[2023-05-05T14:57:25.974+0000] {logging_mixin.py:137} INFO - [2023-05-05T14:57:25.974+0000] {dagbag.py:532} INFO - Filling up the DagBag from /home/airflow/.local/lib/python3.7/site-packages/airflow/example_dags/example_branch_python_dop_operator_3.py
[2023-05-05T14:57:26.013+0000] {processor.py:753} INFO - DAG(s) dict_keys(['example_branch_dop_operator_v3']) retrieved from /home/airflow/.local/lib/python3.7/site-packages/airflow/example_dags/example_branch_python_dop_operator_3.py
[2023-05-05T14:57:26.046+0000] {logging_mixin.py:137} INFO - [2023-05-05T14:57:26.046+0000] {dag.py:2693} INFO - Sync 1 DAGs
[2023-05-05T14:57:26.089+0000] {logging_mixin.py:137} INFO - [2023-05-05T14:57:26.089+0000] {dag.py:3444} INFO - Setting next_dagrun for example_branch_dop_operator_v3 to 2023-05-05T14:56:00+00:00, run_after=2023-05-05T14:57:00+00:00
[2023-05-05T14:57:26.115+0000] {processor.py:175} INFO - Processing /home/airflow/.local/lib/python3.7/site-packages/airflow/example_dags/example_branch_python_dop_operator_3.py took 0.147 seconds
[2023-05-05T14:57:56.556+0000] {processor.py:153} INFO - Started process (PID=1234) to work on /home/airflow/.local/lib/python3.7/site-packages/airflow/example_dags/example_branch_python_dop_operator_3.py
[2023-05-05T14:57:56.557+0000] {processor.py:743} INFO - Processing file /home/airflow/.local/lib/python3.7/site-packages/airflow/example_dags/example_branch_python_dop_operator_3.py for tasks to queue
[2023-05-05T14:57:56.557+0000] {logging_mixin.py:137} INFO - [2023-05-05T14:57:56.557+0000] {dagbag.py:532} INFO - Filling up the DagBag from /home/airflow/.local/lib/python3.7/site-packages/airflow/example_dags/example_branch_python_dop_operator_3.py
[2023-05-05T14:57:56.594+0000] {processor.py:753} INFO - DAG(s) dict_keys(['example_branch_dop_operator_v3']) retrieved from /home/airflow/.local/lib/python3.7/site-packages/airflow/example_dags/example_branch_python_dop_operator_3.py
[2023-05-05T14:57:56.627+0000] {logging_mixin.py:137} INFO - [2023-05-05T14:57:56.627+0000] {dag.py:2693} INFO - Sync 1 DAGs
[2023-05-05T14:57:56.668+0000] {logging_mixin.py:137} INFO - [2023-05-05T14:57:56.668+0000] {dag.py:3444} INFO - Setting next_dagrun for example_branch_dop_operator_v3 to 2023-05-05T14:56:00+00:00, run_after=2023-05-05T14:57:00+00:00
[2023-05-05T14:57:56.690+0000] {processor.py:175} INFO - Processing /home/airflow/.local/lib/python3.7/site-packages/airflow/example_dags/example_branch_python_dop_operator_3.py took 0.140 seconds
[2023-05-05T14:58:27.417+0000] {processor.py:153} INFO - Started process (PID=1285) to work on /home/airflow/.local/lib/python3.7/site-packages/airflow/example_dags/example_branch_python_dop_operator_3.py
[2023-05-05T14:58:27.422+0000] {processor.py:743} INFO - Processing file /home/airflow/.local/lib/python3.7/site-packages/airflow/example_dags/example_branch_python_dop_operator_3.py for tasks to queue
[2023-05-05T14:58:27.427+0000] {logging_mixin.py:137} INFO - [2023-05-05T14:58:27.427+0000] {dagbag.py:532} INFO - Filling up the DagBag from /home/airflow/.local/lib/python3.7/site-packages/airflow/example_dags/example_branch_python_dop_operator_3.py
[2023-05-05T14:58:27.481+0000] {processor.py:753} INFO - DAG(s) dict_keys(['example_branch_dop_operator_v3']) retrieved from /home/airflow/.local/lib/python3.7/site-packages/airflow/example_dags/example_branch_python_dop_operator_3.py
[2023-05-05T14:58:27.551+0000] {logging_mixin.py:137} INFO - [2023-05-05T14:58:27.551+0000] {dag.py:2693} INFO - Sync 1 DAGs
[2023-05-05T14:58:27.657+0000] {logging_mixin.py:137} INFO - [2023-05-05T14:58:27.657+0000] {dag.py:3444} INFO - Setting next_dagrun for example_branch_dop_operator_v3 to 2023-05-05T14:57:00+00:00, run_after=2023-05-05T14:58:00+00:00
[2023-05-05T14:58:27.707+0000] {processor.py:175} INFO - Processing /home/airflow/.local/lib/python3.7/site-packages/airflow/example_dags/example_branch_python_dop_operator_3.py took 0.294 seconds
[2023-05-05T14:58:57.762+0000] {processor.py:153} INFO - Started process (PID=1337) to work on /home/airflow/.local/lib/python3.7/site-packages/airflow/example_dags/example_branch_python_dop_operator_3.py
[2023-05-05T14:58:57.763+0000] {processor.py:743} INFO - Processing file /home/airflow/.local/lib/python3.7/site-packages/airflow/example_dags/example_branch_python_dop_operator_3.py for tasks to queue
[2023-05-05T14:58:57.764+0000] {logging_mixin.py:137} INFO - [2023-05-05T14:58:57.764+0000] {dagbag.py:532} INFO - Filling up the DagBag from /home/airflow/.local/lib/python3.7/site-packages/airflow/example_dags/example_branch_python_dop_operator_3.py
[2023-05-05T14:58:57.795+0000] {processor.py:753} INFO - DAG(s) dict_keys(['example_branch_dop_operator_v3']) retrieved from /home/airflow/.local/lib/python3.7/site-packages/airflow/example_dags/example_branch_python_dop_operator_3.py
[2023-05-05T14:58:57.830+0000] {logging_mixin.py:137} INFO - [2023-05-05T14:58:57.829+0000] {dag.py:2693} INFO - Sync 1 DAGs
[2023-05-05T14:58:57.870+0000] {logging_mixin.py:137} INFO - [2023-05-05T14:58:57.870+0000] {dag.py:3444} INFO - Setting next_dagrun for example_branch_dop_operator_v3 to 2023-05-05T14:57:00+00:00, run_after=2023-05-05T14:58:00+00:00
[2023-05-05T14:58:57.893+0000] {processor.py:175} INFO - Processing /home/airflow/.local/lib/python3.7/site-packages/airflow/example_dags/example_branch_python_dop_operator_3.py took 0.135 seconds
[2023-05-05T14:59:28.681+0000] {processor.py:153} INFO - Started process (PID=1388) to work on /home/airflow/.local/lib/python3.7/site-packages/airflow/example_dags/example_branch_python_dop_operator_3.py
[2023-05-05T14:59:28.682+0000] {processor.py:743} INFO - Processing file /home/airflow/.local/lib/python3.7/site-packages/airflow/example_dags/example_branch_python_dop_operator_3.py for tasks to queue
[2023-05-05T14:59:28.683+0000] {logging_mixin.py:137} INFO - [2023-05-05T14:59:28.683+0000] {dagbag.py:532} INFO - Filling up the DagBag from /home/airflow/.local/lib/python3.7/site-packages/airflow/example_dags/example_branch_python_dop_operator_3.py
[2023-05-05T14:59:28.721+0000] {processor.py:753} INFO - DAG(s) dict_keys(['example_branch_dop_operator_v3']) retrieved from /home/airflow/.local/lib/python3.7/site-packages/airflow/example_dags/example_branch_python_dop_operator_3.py
[2023-05-05T14:59:28.756+0000] {logging_mixin.py:137} INFO - [2023-05-05T14:59:28.755+0000] {dag.py:2693} INFO - Sync 1 DAGs
[2023-05-05T14:59:28.795+0000] {logging_mixin.py:137} INFO - [2023-05-05T14:59:28.794+0000] {dag.py:3444} INFO - Setting next_dagrun for example_branch_dop_operator_v3 to 2023-05-05T14:58:00+00:00, run_after=2023-05-05T14:59:00+00:00
[2023-05-05T14:59:28.817+0000] {processor.py:175} INFO - Processing /home/airflow/.local/lib/python3.7/site-packages/airflow/example_dags/example_branch_python_dop_operator_3.py took 0.142 seconds
[2023-05-05T14:59:59.059+0000] {processor.py:153} INFO - Started process (PID=1439) to work on /home/airflow/.local/lib/python3.7/site-packages/airflow/example_dags/example_branch_python_dop_operator_3.py
[2023-05-05T14:59:59.060+0000] {processor.py:743} INFO - Processing file /home/airflow/.local/lib/python3.7/site-packages/airflow/example_dags/example_branch_python_dop_operator_3.py for tasks to queue
[2023-05-05T14:59:59.060+0000] {logging_mixin.py:137} INFO - [2023-05-05T14:59:59.060+0000] {dagbag.py:532} INFO - Filling up the DagBag from /home/airflow/.local/lib/python3.7/site-packages/airflow/example_dags/example_branch_python_dop_operator_3.py
[2023-05-05T14:59:59.097+0000] {processor.py:753} INFO - DAG(s) dict_keys(['example_branch_dop_operator_v3']) retrieved from /home/airflow/.local/lib/python3.7/site-packages/airflow/example_dags/example_branch_python_dop_operator_3.py
[2023-05-05T14:59:59.130+0000] {logging_mixin.py:137} INFO - [2023-05-05T14:59:59.130+0000] {dag.py:2693} INFO - Sync 1 DAGs
[2023-05-05T14:59:59.168+0000] {logging_mixin.py:137} INFO - [2023-05-05T14:59:59.168+0000] {dag.py:3444} INFO - Setting next_dagrun for example_branch_dop_operator_v3 to 2023-05-05T14:58:00+00:00, run_after=2023-05-05T14:59:00+00:00
[2023-05-05T14:59:59.191+0000] {processor.py:175} INFO - Processing /home/airflow/.local/lib/python3.7/site-packages/airflow/example_dags/example_branch_python_dop_operator_3.py took 0.136 seconds
[2023-05-05T15:00:29.671+0000] {processor.py:153} INFO - Started process (PID=1491) to work on /home/airflow/.local/lib/python3.7/site-packages/airflow/example_dags/example_branch_python_dop_operator_3.py
[2023-05-05T15:00:29.673+0000] {processor.py:743} INFO - Processing file /home/airflow/.local/lib/python3.7/site-packages/airflow/example_dags/example_branch_python_dop_operator_3.py for tasks to queue
[2023-05-05T15:00:29.673+0000] {logging_mixin.py:137} INFO - [2023-05-05T15:00:29.673+0000] {dagbag.py:532} INFO - Filling up the DagBag from /home/airflow/.local/lib/python3.7/site-packages/airflow/example_dags/example_branch_python_dop_operator_3.py
[2023-05-05T15:00:29.706+0000] {processor.py:753} INFO - DAG(s) dict_keys(['example_branch_dop_operator_v3']) retrieved from /home/airflow/.local/lib/python3.7/site-packages/airflow/example_dags/example_branch_python_dop_operator_3.py
[2023-05-05T15:00:29.738+0000] {logging_mixin.py:137} INFO - [2023-05-05T15:00:29.738+0000] {dag.py:2693} INFO - Sync 1 DAGs
[2023-05-05T15:00:29.777+0000] {logging_mixin.py:137} INFO - [2023-05-05T15:00:29.777+0000] {dag.py:3444} INFO - Setting next_dagrun for example_branch_dop_operator_v3 to 2023-05-05T14:59:00+00:00, run_after=2023-05-05T15:00:00+00:00
[2023-05-05T15:00:29.800+0000] {processor.py:175} INFO - Processing /home/airflow/.local/lib/python3.7/site-packages/airflow/example_dags/example_branch_python_dop_operator_3.py took 0.133 seconds
[2023-05-05T15:01:00.328+0000] {processor.py:153} INFO - Started process (PID=1543) to work on /home/airflow/.local/lib/python3.7/site-packages/airflow/example_dags/example_branch_python_dop_operator_3.py
[2023-05-05T15:01:00.329+0000] {processor.py:743} INFO - Processing file /home/airflow/.local/lib/python3.7/site-packages/airflow/example_dags/example_branch_python_dop_operator_3.py for tasks to queue
[2023-05-05T15:01:00.329+0000] {logging_mixin.py:137} INFO - [2023-05-05T15:01:00.329+0000] {dagbag.py:532} INFO - Filling up the DagBag from /home/airflow/.local/lib/python3.7/site-packages/airflow/example_dags/example_branch_python_dop_operator_3.py
[2023-05-05T15:01:00.363+0000] {processor.py:753} INFO - DAG(s) dict_keys(['example_branch_dop_operator_v3']) retrieved from /home/airflow/.local/lib/python3.7/site-packages/airflow/example_dags/example_branch_python_dop_operator_3.py
[2023-05-05T15:01:00.396+0000] {logging_mixin.py:137} INFO - [2023-05-05T15:01:00.396+0000] {dag.py:2693} INFO - Sync 1 DAGs
[2023-05-05T15:01:00.436+0000] {logging_mixin.py:137} INFO - [2023-05-05T15:01:00.436+0000] {dag.py:3444} INFO - Setting next_dagrun for example_branch_dop_operator_v3 to 2023-05-05T15:00:00+00:00, run_after=2023-05-05T15:01:00+00:00
[2023-05-05T15:01:00.458+0000] {processor.py:175} INFO - Processing /home/airflow/.local/lib/python3.7/site-packages/airflow/example_dags/example_branch_python_dop_operator_3.py took 0.134 seconds
[2023-05-05T15:01:31.355+0000] {processor.py:153} INFO - Started process (PID=1595) to work on /home/airflow/.local/lib/python3.7/site-packages/airflow/example_dags/example_branch_python_dop_operator_3.py
[2023-05-05T15:01:31.356+0000] {processor.py:743} INFO - Processing file /home/airflow/.local/lib/python3.7/site-packages/airflow/example_dags/example_branch_python_dop_operator_3.py for tasks to queue
[2023-05-05T15:01:31.357+0000] {logging_mixin.py:137} INFO - [2023-05-05T15:01:31.357+0000] {dagbag.py:532} INFO - Filling up the DagBag from /home/airflow/.local/lib/python3.7/site-packages/airflow/example_dags/example_branch_python_dop_operator_3.py
[2023-05-05T15:01:31.395+0000] {processor.py:753} INFO - DAG(s) dict_keys(['example_branch_dop_operator_v3']) retrieved from /home/airflow/.local/lib/python3.7/site-packages/airflow/example_dags/example_branch_python_dop_operator_3.py
[2023-05-05T15:01:31.427+0000] {logging_mixin.py:137} INFO - [2023-05-05T15:01:31.427+0000] {dag.py:2693} INFO - Sync 1 DAGs
[2023-05-05T15:01:31.466+0000] {logging_mixin.py:137} INFO - [2023-05-05T15:01:31.466+0000] {dag.py:3444} INFO - Setting next_dagrun for example_branch_dop_operator_v3 to 2023-05-05T15:00:00+00:00, run_after=2023-05-05T15:01:00+00:00
[2023-05-05T15:01:31.489+0000] {processor.py:175} INFO - Processing /home/airflow/.local/lib/python3.7/site-packages/airflow/example_dags/example_branch_python_dop_operator_3.py took 0.139 seconds
[2023-05-05T15:02:02.320+0000] {processor.py:153} INFO - Started process (PID=1646) to work on /home/airflow/.local/lib/python3.7/site-packages/airflow/example_dags/example_branch_python_dop_operator_3.py
[2023-05-05T15:02:02.320+0000] {processor.py:743} INFO - Processing file /home/airflow/.local/lib/python3.7/site-packages/airflow/example_dags/example_branch_python_dop_operator_3.py for tasks to queue
[2023-05-05T15:02:02.321+0000] {logging_mixin.py:137} INFO - [2023-05-05T15:02:02.321+0000] {dagbag.py:532} INFO - Filling up the DagBag from /home/airflow/.local/lib/python3.7/site-packages/airflow/example_dags/example_branch_python_dop_operator_3.py
[2023-05-05T15:02:02.357+0000] {processor.py:753} INFO - DAG(s) dict_keys(['example_branch_dop_operator_v3']) retrieved from /home/airflow/.local/lib/python3.7/site-packages/airflow/example_dags/example_branch_python_dop_operator_3.py
[2023-05-05T15:02:02.389+0000] {logging_mixin.py:137} INFO - [2023-05-05T15:02:02.388+0000] {dag.py:2693} INFO - Sync 1 DAGs
[2023-05-05T15:02:02.427+0000] {logging_mixin.py:137} INFO - [2023-05-05T15:02:02.427+0000] {dag.py:3444} INFO - Setting next_dagrun for example_branch_dop_operator_v3 to 2023-05-05T15:01:00+00:00, run_after=2023-05-05T15:02:00+00:00
[2023-05-05T15:02:02.453+0000] {processor.py:175} INFO - Processing /home/airflow/.local/lib/python3.7/site-packages/airflow/example_dags/example_branch_python_dop_operator_3.py took 0.138 seconds
[2023-05-05T15:02:32.608+0000] {processor.py:153} INFO - Started process (PID=1697) to work on /home/airflow/.local/lib/python3.7/site-packages/airflow/example_dags/example_branch_python_dop_operator_3.py
[2023-05-05T15:02:32.610+0000] {processor.py:743} INFO - Processing file /home/airflow/.local/lib/python3.7/site-packages/airflow/example_dags/example_branch_python_dop_operator_3.py for tasks to queue
[2023-05-05T15:02:32.611+0000] {logging_mixin.py:137} INFO - [2023-05-05T15:02:32.611+0000] {dagbag.py:532} INFO - Filling up the DagBag from /home/airflow/.local/lib/python3.7/site-packages/airflow/example_dags/example_branch_python_dop_operator_3.py
[2023-05-05T15:02:32.642+0000] {processor.py:753} INFO - DAG(s) dict_keys(['example_branch_dop_operator_v3']) retrieved from /home/airflow/.local/lib/python3.7/site-packages/airflow/example_dags/example_branch_python_dop_operator_3.py
[2023-05-05T15:02:32.673+0000] {logging_mixin.py:137} INFO - [2023-05-05T15:02:32.673+0000] {dag.py:2693} INFO - Sync 1 DAGs
[2023-05-05T15:02:32.713+0000] {logging_mixin.py:137} INFO - [2023-05-05T15:02:32.712+0000] {dag.py:3444} INFO - Setting next_dagrun for example_branch_dop_operator_v3 to 2023-05-05T15:01:00+00:00, run_after=2023-05-05T15:02:00+00:00
[2023-05-05T15:02:32.734+0000] {processor.py:175} INFO - Processing /home/airflow/.local/lib/python3.7/site-packages/airflow/example_dags/example_branch_python_dop_operator_3.py took 0.130 seconds
[2023-05-05T15:03:04.934+0000] {processor.py:153} INFO - Started process (PID=1748) to work on /home/airflow/.local/lib/python3.7/site-packages/airflow/example_dags/example_branch_python_dop_operator_3.py
[2023-05-05T15:03:04.947+0000] {processor.py:743} INFO - Processing file /home/airflow/.local/lib/python3.7/site-packages/airflow/example_dags/example_branch_python_dop_operator_3.py for tasks to queue
[2023-05-05T15:03:04.948+0000] {logging_mixin.py:137} INFO - [2023-05-05T15:03:04.948+0000] {dagbag.py:532} INFO - Filling up the DagBag from /home/airflow/.local/lib/python3.7/site-packages/airflow/example_dags/example_branch_python_dop_operator_3.py
[2023-05-05T15:03:05.009+0000] {processor.py:753} INFO - DAG(s) dict_keys(['example_branch_dop_operator_v3']) retrieved from /home/airflow/.local/lib/python3.7/site-packages/airflow/example_dags/example_branch_python_dop_operator_3.py
[2023-05-05T15:03:05.087+0000] {logging_mixin.py:137} INFO - [2023-05-05T15:03:05.087+0000] {dag.py:2693} INFO - Sync 1 DAGs
[2023-05-05T15:03:05.179+0000] {logging_mixin.py:137} INFO - [2023-05-05T15:03:05.178+0000] {dag.py:3444} INFO - Setting next_dagrun for example_branch_dop_operator_v3 to 2023-05-05T15:02:00+00:00, run_after=2023-05-05T15:03:00+00:00
[2023-05-05T15:03:05.235+0000] {processor.py:175} INFO - Processing /home/airflow/.local/lib/python3.7/site-packages/airflow/example_dags/example_branch_python_dop_operator_3.py took 0.317 seconds
[2023-05-05T15:03:35.855+0000] {processor.py:153} INFO - Started process (PID=1799) to work on /home/airflow/.local/lib/python3.7/site-packages/airflow/example_dags/example_branch_python_dop_operator_3.py
[2023-05-05T15:03:35.856+0000] {processor.py:743} INFO - Processing file /home/airflow/.local/lib/python3.7/site-packages/airflow/example_dags/example_branch_python_dop_operator_3.py for tasks to queue
[2023-05-05T15:03:35.857+0000] {logging_mixin.py:137} INFO - [2023-05-05T15:03:35.857+0000] {dagbag.py:532} INFO - Filling up the DagBag from /home/airflow/.local/lib/python3.7/site-packages/airflow/example_dags/example_branch_python_dop_operator_3.py
[2023-05-05T15:03:35.925+0000] {processor.py:753} INFO - DAG(s) dict_keys(['example_branch_dop_operator_v3']) retrieved from /home/airflow/.local/lib/python3.7/site-packages/airflow/example_dags/example_branch_python_dop_operator_3.py
[2023-05-05T15:03:35.990+0000] {logging_mixin.py:137} INFO - [2023-05-05T15:03:35.990+0000] {dag.py:2693} INFO - Sync 1 DAGs
[2023-05-05T15:03:36.060+0000] {logging_mixin.py:137} INFO - [2023-05-05T15:03:36.060+0000] {dag.py:3444} INFO - Setting next_dagrun for example_branch_dop_operator_v3 to 2023-05-05T15:02:00+00:00, run_after=2023-05-05T15:03:00+00:00
[2023-05-05T15:03:36.123+0000] {processor.py:175} INFO - Processing /home/airflow/.local/lib/python3.7/site-packages/airflow/example_dags/example_branch_python_dop_operator_3.py took 0.272 seconds
[2023-05-05T15:04:06.678+0000] {processor.py:153} INFO - Started process (PID=1850) to work on /home/airflow/.local/lib/python3.7/site-packages/airflow/example_dags/example_branch_python_dop_operator_3.py
[2023-05-05T15:04:06.680+0000] {processor.py:743} INFO - Processing file /home/airflow/.local/lib/python3.7/site-packages/airflow/example_dags/example_branch_python_dop_operator_3.py for tasks to queue
[2023-05-05T15:04:06.681+0000] {logging_mixin.py:137} INFO - [2023-05-05T15:04:06.681+0000] {dagbag.py:532} INFO - Filling up the DagBag from /home/airflow/.local/lib/python3.7/site-packages/airflow/example_dags/example_branch_python_dop_operator_3.py
[2023-05-05T15:04:06.717+0000] {processor.py:753} INFO - DAG(s) dict_keys(['example_branch_dop_operator_v3']) retrieved from /home/airflow/.local/lib/python3.7/site-packages/airflow/example_dags/example_branch_python_dop_operator_3.py
[2023-05-05T15:04:06.749+0000] {logging_mixin.py:137} INFO - [2023-05-05T15:04:06.749+0000] {dag.py:2693} INFO - Sync 1 DAGs
[2023-05-05T15:04:06.787+0000] {logging_mixin.py:137} INFO - [2023-05-05T15:04:06.787+0000] {dag.py:3444} INFO - Setting next_dagrun for example_branch_dop_operator_v3 to 2023-05-05T15:03:00+00:00, run_after=2023-05-05T15:04:00+00:00
[2023-05-05T15:04:06.811+0000] {processor.py:175} INFO - Processing /home/airflow/.local/lib/python3.7/site-packages/airflow/example_dags/example_branch_python_dop_operator_3.py took 0.138 seconds
[2023-05-05T15:04:37.123+0000] {processor.py:153} INFO - Started process (PID=1901) to work on /home/airflow/.local/lib/python3.7/site-packages/airflow/example_dags/example_branch_python_dop_operator_3.py
[2023-05-05T15:04:37.125+0000] {processor.py:743} INFO - Processing file /home/airflow/.local/lib/python3.7/site-packages/airflow/example_dags/example_branch_python_dop_operator_3.py for tasks to queue
[2023-05-05T15:04:37.125+0000] {logging_mixin.py:137} INFO - [2023-05-05T15:04:37.125+0000] {dagbag.py:532} INFO - Filling up the DagBag from /home/airflow/.local/lib/python3.7/site-packages/airflow/example_dags/example_branch_python_dop_operator_3.py
[2023-05-05T15:04:37.157+0000] {processor.py:753} INFO - DAG(s) dict_keys(['example_branch_dop_operator_v3']) retrieved from /home/airflow/.local/lib/python3.7/site-packages/airflow/example_dags/example_branch_python_dop_operator_3.py
[2023-05-05T15:04:37.194+0000] {logging_mixin.py:137} INFO - [2023-05-05T15:04:37.194+0000] {dag.py:2693} INFO - Sync 1 DAGs
[2023-05-05T15:04:37.233+0000] {logging_mixin.py:137} INFO - [2023-05-05T15:04:37.233+0000] {dag.py:3444} INFO - Setting next_dagrun for example_branch_dop_operator_v3 to 2023-05-05T15:03:00+00:00, run_after=2023-05-05T15:04:00+00:00
[2023-05-05T15:04:37.255+0000] {processor.py:175} INFO - Processing /home/airflow/.local/lib/python3.7/site-packages/airflow/example_dags/example_branch_python_dop_operator_3.py took 0.136 seconds
[2023-05-05T15:05:07.834+0000] {processor.py:153} INFO - Started process (PID=1952) to work on /home/airflow/.local/lib/python3.7/site-packages/airflow/example_dags/example_branch_python_dop_operator_3.py
[2023-05-05T15:05:07.836+0000] {processor.py:743} INFO - Processing file /home/airflow/.local/lib/python3.7/site-packages/airflow/example_dags/example_branch_python_dop_operator_3.py for tasks to queue
[2023-05-05T15:05:07.836+0000] {logging_mixin.py:137} INFO - [2023-05-05T15:05:07.836+0000] {dagbag.py:532} INFO - Filling up the DagBag from /home/airflow/.local/lib/python3.7/site-packages/airflow/example_dags/example_branch_python_dop_operator_3.py
[2023-05-05T15:05:07.870+0000] {processor.py:753} INFO - DAG(s) dict_keys(['example_branch_dop_operator_v3']) retrieved from /home/airflow/.local/lib/python3.7/site-packages/airflow/example_dags/example_branch_python_dop_operator_3.py
[2023-05-05T15:05:07.913+0000] {logging_mixin.py:137} INFO - [2023-05-05T15:05:07.913+0000] {dag.py:2693} INFO - Sync 1 DAGs
[2023-05-05T15:05:07.975+0000] {logging_mixin.py:137} INFO - [2023-05-05T15:05:07.974+0000] {dag.py:3444} INFO - Setting next_dagrun for example_branch_dop_operator_v3 to 2023-05-05T15:04:00+00:00, run_after=2023-05-05T15:05:00+00:00
[2023-05-05T15:05:07.997+0000] {processor.py:175} INFO - Processing /home/airflow/.local/lib/python3.7/site-packages/airflow/example_dags/example_branch_python_dop_operator_3.py took 0.167 seconds
[2023-05-05T15:05:40.053+0000] {processor.py:153} INFO - Started process (PID=2003) to work on /home/airflow/.local/lib/python3.7/site-packages/airflow/example_dags/example_branch_python_dop_operator_3.py
[2023-05-05T15:05:40.076+0000] {processor.py:743} INFO - Processing file /home/airflow/.local/lib/python3.7/site-packages/airflow/example_dags/example_branch_python_dop_operator_3.py for tasks to queue
[2023-05-05T15:05:40.077+0000] {logging_mixin.py:137} INFO - [2023-05-05T15:05:40.077+0000] {dagbag.py:532} INFO - Filling up the DagBag from /home/airflow/.local/lib/python3.7/site-packages/airflow/example_dags/example_branch_python_dop_operator_3.py
[2023-05-05T15:05:40.117+0000] {processor.py:753} INFO - DAG(s) dict_keys(['example_branch_dop_operator_v3']) retrieved from /home/airflow/.local/lib/python3.7/site-packages/airflow/example_dags/example_branch_python_dop_operator_3.py
[2023-05-05T15:05:40.149+0000] {logging_mixin.py:137} INFO - [2023-05-05T15:05:40.149+0000] {dag.py:2693} INFO - Sync 1 DAGs
[2023-05-05T15:05:40.188+0000] {logging_mixin.py:137} INFO - [2023-05-05T15:05:40.188+0000] {dag.py:3444} INFO - Setting next_dagrun for example_branch_dop_operator_v3 to 2023-05-05T15:04:00+00:00, run_after=2023-05-05T15:05:00+00:00
[2023-05-05T15:05:40.220+0000] {processor.py:175} INFO - Processing /home/airflow/.local/lib/python3.7/site-packages/airflow/example_dags/example_branch_python_dop_operator_3.py took 0.191 seconds
[2023-05-05T15:06:10.404+0000] {processor.py:153} INFO - Started process (PID=2053) to work on /home/airflow/.local/lib/python3.7/site-packages/airflow/example_dags/example_branch_python_dop_operator_3.py
[2023-05-05T15:06:10.406+0000] {processor.py:743} INFO - Processing file /home/airflow/.local/lib/python3.7/site-packages/airflow/example_dags/example_branch_python_dop_operator_3.py for tasks to queue
[2023-05-05T15:06:10.407+0000] {logging_mixin.py:137} INFO - [2023-05-05T15:06:10.406+0000] {dagbag.py:532} INFO - Filling up the DagBag from /home/airflow/.local/lib/python3.7/site-packages/airflow/example_dags/example_branch_python_dop_operator_3.py
[2023-05-05T15:06:10.437+0000] {processor.py:753} INFO - DAG(s) dict_keys(['example_branch_dop_operator_v3']) retrieved from /home/airflow/.local/lib/python3.7/site-packages/airflow/example_dags/example_branch_python_dop_operator_3.py
[2023-05-05T15:06:10.471+0000] {logging_mixin.py:137} INFO - [2023-05-05T15:06:10.470+0000] {dag.py:2693} INFO - Sync 1 DAGs
[2023-05-05T15:06:10.510+0000] {logging_mixin.py:137} INFO - [2023-05-05T15:06:10.510+0000] {dag.py:3444} INFO - Setting next_dagrun for example_branch_dop_operator_v3 to 2023-05-05T15:05:00+00:00, run_after=2023-05-05T15:06:00+00:00
[2023-05-05T15:06:10.534+0000] {processor.py:175} INFO - Processing /home/airflow/.local/lib/python3.7/site-packages/airflow/example_dags/example_branch_python_dop_operator_3.py took 0.133 seconds
[2023-05-05T15:06:41.424+0000] {processor.py:153} INFO - Started process (PID=2105) to work on /home/airflow/.local/lib/python3.7/site-packages/airflow/example_dags/example_branch_python_dop_operator_3.py
[2023-05-05T15:06:41.425+0000] {processor.py:743} INFO - Processing file /home/airflow/.local/lib/python3.7/site-packages/airflow/example_dags/example_branch_python_dop_operator_3.py for tasks to queue
[2023-05-05T15:06:41.425+0000] {logging_mixin.py:137} INFO - [2023-05-05T15:06:41.425+0000] {dagbag.py:532} INFO - Filling up the DagBag from /home/airflow/.local/lib/python3.7/site-packages/airflow/example_dags/example_branch_python_dop_operator_3.py
[2023-05-05T15:06:41.456+0000] {processor.py:753} INFO - DAG(s) dict_keys(['example_branch_dop_operator_v3']) retrieved from /home/airflow/.local/lib/python3.7/site-packages/airflow/example_dags/example_branch_python_dop_operator_3.py
[2023-05-05T15:06:41.492+0000] {logging_mixin.py:137} INFO - [2023-05-05T15:06:41.492+0000] {dag.py:2693} INFO - Sync 1 DAGs
[2023-05-05T15:06:41.532+0000] {logging_mixin.py:137} INFO - [2023-05-05T15:06:41.532+0000] {dag.py:3444} INFO - Setting next_dagrun for example_branch_dop_operator_v3 to 2023-05-05T15:05:00+00:00, run_after=2023-05-05T15:06:00+00:00
[2023-05-05T15:06:41.555+0000] {processor.py:175} INFO - Processing /home/airflow/.local/lib/python3.7/site-packages/airflow/example_dags/example_branch_python_dop_operator_3.py took 0.136 seconds
[2023-05-05T15:07:12.269+0000] {processor.py:153} INFO - Started process (PID=2156) to work on /home/airflow/.local/lib/python3.7/site-packages/airflow/example_dags/example_branch_python_dop_operator_3.py
[2023-05-05T15:07:12.270+0000] {processor.py:743} INFO - Processing file /home/airflow/.local/lib/python3.7/site-packages/airflow/example_dags/example_branch_python_dop_operator_3.py for tasks to queue
[2023-05-05T15:07:12.271+0000] {logging_mixin.py:137} INFO - [2023-05-05T15:07:12.271+0000] {dagbag.py:532} INFO - Filling up the DagBag from /home/airflow/.local/lib/python3.7/site-packages/airflow/example_dags/example_branch_python_dop_operator_3.py
[2023-05-05T15:07:12.304+0000] {processor.py:753} INFO - DAG(s) dict_keys(['example_branch_dop_operator_v3']) retrieved from /home/airflow/.local/lib/python3.7/site-packages/airflow/example_dags/example_branch_python_dop_operator_3.py
[2023-05-05T15:07:12.339+0000] {logging_mixin.py:137} INFO - [2023-05-05T15:07:12.339+0000] {dag.py:2693} INFO - Sync 1 DAGs
[2023-05-05T15:07:12.381+0000] {logging_mixin.py:137} INFO - [2023-05-05T15:07:12.381+0000] {dag.py:3444} INFO - Setting next_dagrun for example_branch_dop_operator_v3 to 2023-05-05T15:06:00+00:00, run_after=2023-05-05T15:07:00+00:00
[2023-05-05T15:07:12.406+0000] {processor.py:175} INFO - Processing /home/airflow/.local/lib/python3.7/site-packages/airflow/example_dags/example_branch_python_dop_operator_3.py took 0.141 seconds
[2023-05-05T15:07:43.045+0000] {processor.py:153} INFO - Started process (PID=2207) to work on /home/airflow/.local/lib/python3.7/site-packages/airflow/example_dags/example_branch_python_dop_operator_3.py
[2023-05-05T15:07:43.045+0000] {processor.py:743} INFO - Processing file /home/airflow/.local/lib/python3.7/site-packages/airflow/example_dags/example_branch_python_dop_operator_3.py for tasks to queue
[2023-05-05T15:07:43.046+0000] {logging_mixin.py:137} INFO - [2023-05-05T15:07:43.046+0000] {dagbag.py:532} INFO - Filling up the DagBag from /home/airflow/.local/lib/python3.7/site-packages/airflow/example_dags/example_branch_python_dop_operator_3.py
[2023-05-05T15:07:43.077+0000] {processor.py:753} INFO - DAG(s) dict_keys(['example_branch_dop_operator_v3']) retrieved from /home/airflow/.local/lib/python3.7/site-packages/airflow/example_dags/example_branch_python_dop_operator_3.py
[2023-05-05T15:07:43.107+0000] {logging_mixin.py:137} INFO - [2023-05-05T15:07:43.107+0000] {dag.py:2693} INFO - Sync 1 DAGs
[2023-05-05T15:07:43.144+0000] {logging_mixin.py:137} INFO - [2023-05-05T15:07:43.144+0000] {dag.py:3444} INFO - Setting next_dagrun for example_branch_dop_operator_v3 to 2023-05-05T15:06:00+00:00, run_after=2023-05-05T15:07:00+00:00
[2023-05-05T15:07:43.166+0000] {processor.py:175} INFO - Processing /home/airflow/.local/lib/python3.7/site-packages/airflow/example_dags/example_branch_python_dop_operator_3.py took 0.126 seconds
[2023-05-05T15:08:13.401+0000] {processor.py:153} INFO - Started process (PID=2258) to work on /home/airflow/.local/lib/python3.7/site-packages/airflow/example_dags/example_branch_python_dop_operator_3.py
[2023-05-05T15:08:13.403+0000] {processor.py:743} INFO - Processing file /home/airflow/.local/lib/python3.7/site-packages/airflow/example_dags/example_branch_python_dop_operator_3.py for tasks to queue
[2023-05-05T15:08:13.403+0000] {logging_mixin.py:137} INFO - [2023-05-05T15:08:13.403+0000] {dagbag.py:532} INFO - Filling up the DagBag from /home/airflow/.local/lib/python3.7/site-packages/airflow/example_dags/example_branch_python_dop_operator_3.py
[2023-05-05T15:08:13.437+0000] {processor.py:753} INFO - DAG(s) dict_keys(['example_branch_dop_operator_v3']) retrieved from /home/airflow/.local/lib/python3.7/site-packages/airflow/example_dags/example_branch_python_dop_operator_3.py
[2023-05-05T15:08:13.471+0000] {logging_mixin.py:137} INFO - [2023-05-05T15:08:13.471+0000] {dag.py:2693} INFO - Sync 1 DAGs
[2023-05-05T15:08:13.513+0000] {logging_mixin.py:137} INFO - [2023-05-05T15:08:13.513+0000] {dag.py:3444} INFO - Setting next_dagrun for example_branch_dop_operator_v3 to 2023-05-05T15:07:00+00:00, run_after=2023-05-05T15:08:00+00:00
[2023-05-05T15:08:13.540+0000] {processor.py:175} INFO - Processing /home/airflow/.local/lib/python3.7/site-packages/airflow/example_dags/example_branch_python_dop_operator_3.py took 0.144 seconds
[2023-05-05T15:08:44.350+0000] {processor.py:153} INFO - Started process (PID=2309) to work on /home/airflow/.local/lib/python3.7/site-packages/airflow/example_dags/example_branch_python_dop_operator_3.py
[2023-05-05T15:08:44.351+0000] {processor.py:743} INFO - Processing file /home/airflow/.local/lib/python3.7/site-packages/airflow/example_dags/example_branch_python_dop_operator_3.py for tasks to queue
[2023-05-05T15:08:44.352+0000] {logging_mixin.py:137} INFO - [2023-05-05T15:08:44.352+0000] {dagbag.py:532} INFO - Filling up the DagBag from /home/airflow/.local/lib/python3.7/site-packages/airflow/example_dags/example_branch_python_dop_operator_3.py
[2023-05-05T15:08:44.384+0000] {processor.py:753} INFO - DAG(s) dict_keys(['example_branch_dop_operator_v3']) retrieved from /home/airflow/.local/lib/python3.7/site-packages/airflow/example_dags/example_branch_python_dop_operator_3.py
[2023-05-05T15:08:44.417+0000] {logging_mixin.py:137} INFO - [2023-05-05T15:08:44.417+0000] {dag.py:2693} INFO - Sync 1 DAGs
[2023-05-05T15:08:44.455+0000] {logging_mixin.py:137} INFO - [2023-05-05T15:08:44.455+0000] {dag.py:3444} INFO - Setting next_dagrun for example_branch_dop_operator_v3 to 2023-05-05T15:07:00+00:00, run_after=2023-05-05T15:08:00+00:00
[2023-05-05T15:08:44.479+0000] {processor.py:175} INFO - Processing /home/airflow/.local/lib/python3.7/site-packages/airflow/example_dags/example_branch_python_dop_operator_3.py took 0.133 seconds
[2023-05-05T15:09:15.308+0000] {processor.py:153} INFO - Started process (PID=2360) to work on /home/airflow/.local/lib/python3.7/site-packages/airflow/example_dags/example_branch_python_dop_operator_3.py
[2023-05-05T15:09:15.310+0000] {processor.py:743} INFO - Processing file /home/airflow/.local/lib/python3.7/site-packages/airflow/example_dags/example_branch_python_dop_operator_3.py for tasks to queue
[2023-05-05T15:09:15.310+0000] {logging_mixin.py:137} INFO - [2023-05-05T15:09:15.310+0000] {dagbag.py:532} INFO - Filling up the DagBag from /home/airflow/.local/lib/python3.7/site-packages/airflow/example_dags/example_branch_python_dop_operator_3.py
[2023-05-05T15:09:15.341+0000] {processor.py:753} INFO - DAG(s) dict_keys(['example_branch_dop_operator_v3']) retrieved from /home/airflow/.local/lib/python3.7/site-packages/airflow/example_dags/example_branch_python_dop_operator_3.py
[2023-05-05T15:09:15.373+0000] {logging_mixin.py:137} INFO - [2023-05-05T15:09:15.373+0000] {dag.py:2693} INFO - Sync 1 DAGs
[2023-05-05T15:09:15.410+0000] {logging_mixin.py:137} INFO - [2023-05-05T15:09:15.410+0000] {dag.py:3444} INFO - Setting next_dagrun for example_branch_dop_operator_v3 to 2023-05-05T15:08:00+00:00, run_after=2023-05-05T15:09:00+00:00
[2023-05-05T15:09:15.433+0000] {processor.py:175} INFO - Processing /home/airflow/.local/lib/python3.7/site-packages/airflow/example_dags/example_branch_python_dop_operator_3.py took 0.129 seconds
[2023-05-05T15:09:47.653+0000] {processor.py:153} INFO - Started process (PID=2417) to work on /home/airflow/.local/lib/python3.7/site-packages/airflow/example_dags/example_branch_python_dop_operator_3.py
[2023-05-05T15:09:47.654+0000] {processor.py:743} INFO - Processing file /home/airflow/.local/lib/python3.7/site-packages/airflow/example_dags/example_branch_python_dop_operator_3.py for tasks to queue
[2023-05-05T15:09:47.655+0000] {logging_mixin.py:137} INFO - [2023-05-05T15:09:47.655+0000] {dagbag.py:532} INFO - Filling up the DagBag from /home/airflow/.local/lib/python3.7/site-packages/airflow/example_dags/example_branch_python_dop_operator_3.py
[2023-05-05T15:09:47.688+0000] {processor.py:753} INFO - DAG(s) dict_keys(['example_branch_dop_operator_v3']) retrieved from /home/airflow/.local/lib/python3.7/site-packages/airflow/example_dags/example_branch_python_dop_operator_3.py
[2023-05-05T15:09:47.721+0000] {logging_mixin.py:137} INFO - [2023-05-05T15:09:47.720+0000] {dag.py:2693} INFO - Sync 1 DAGs
[2023-05-05T15:09:47.759+0000] {logging_mixin.py:137} INFO - [2023-05-05T15:09:47.759+0000] {dag.py:3444} INFO - Setting next_dagrun for example_branch_dop_operator_v3 to 2023-05-05T15:08:00+00:00, run_after=2023-05-05T15:09:00+00:00
[2023-05-05T15:09:47.803+0000] {processor.py:175} INFO - Processing /home/airflow/.local/lib/python3.7/site-packages/airflow/example_dags/example_branch_python_dop_operator_3.py took 0.154 seconds
[2023-05-05T15:10:18.330+0000] {processor.py:153} INFO - Started process (PID=2468) to work on /home/airflow/.local/lib/python3.7/site-packages/airflow/example_dags/example_branch_python_dop_operator_3.py
[2023-05-05T15:10:18.331+0000] {processor.py:743} INFO - Processing file /home/airflow/.local/lib/python3.7/site-packages/airflow/example_dags/example_branch_python_dop_operator_3.py for tasks to queue
[2023-05-05T15:10:18.332+0000] {logging_mixin.py:137} INFO - [2023-05-05T15:10:18.332+0000] {dagbag.py:532} INFO - Filling up the DagBag from /home/airflow/.local/lib/python3.7/site-packages/airflow/example_dags/example_branch_python_dop_operator_3.py
[2023-05-05T15:10:18.364+0000] {processor.py:753} INFO - DAG(s) dict_keys(['example_branch_dop_operator_v3']) retrieved from /home/airflow/.local/lib/python3.7/site-packages/airflow/example_dags/example_branch_python_dop_operator_3.py
[2023-05-05T15:10:18.415+0000] {logging_mixin.py:137} INFO - [2023-05-05T15:10:18.415+0000] {dag.py:2693} INFO - Sync 1 DAGs
[2023-05-05T15:10:18.476+0000] {logging_mixin.py:137} INFO - [2023-05-05T15:10:18.475+0000] {dag.py:3444} INFO - Setting next_dagrun for example_branch_dop_operator_v3 to 2023-05-05T15:09:00+00:00, run_after=2023-05-05T15:10:00+00:00
[2023-05-05T15:10:18.510+0000] {processor.py:175} INFO - Processing /home/airflow/.local/lib/python3.7/site-packages/airflow/example_dags/example_branch_python_dop_operator_3.py took 0.184 seconds
[2023-05-05T15:10:49.367+0000] {processor.py:153} INFO - Started process (PID=2519) to work on /home/airflow/.local/lib/python3.7/site-packages/airflow/example_dags/example_branch_python_dop_operator_3.py
[2023-05-05T15:10:49.368+0000] {processor.py:743} INFO - Processing file /home/airflow/.local/lib/python3.7/site-packages/airflow/example_dags/example_branch_python_dop_operator_3.py for tasks to queue
[2023-05-05T15:10:49.369+0000] {logging_mixin.py:137} INFO - [2023-05-05T15:10:49.369+0000] {dagbag.py:532} INFO - Filling up the DagBag from /home/airflow/.local/lib/python3.7/site-packages/airflow/example_dags/example_branch_python_dop_operator_3.py
[2023-05-05T15:10:49.400+0000] {processor.py:753} INFO - DAG(s) dict_keys(['example_branch_dop_operator_v3']) retrieved from /home/airflow/.local/lib/python3.7/site-packages/airflow/example_dags/example_branch_python_dop_operator_3.py
[2023-05-05T15:10:49.432+0000] {logging_mixin.py:137} INFO - [2023-05-05T15:10:49.432+0000] {dag.py:2693} INFO - Sync 1 DAGs
[2023-05-05T15:10:49.470+0000] {logging_mixin.py:137} INFO - [2023-05-05T15:10:49.470+0000] {dag.py:3444} INFO - Setting next_dagrun for example_branch_dop_operator_v3 to 2023-05-05T15:09:00+00:00, run_after=2023-05-05T15:10:00+00:00
[2023-05-05T15:10:49.495+0000] {processor.py:175} INFO - Processing /home/airflow/.local/lib/python3.7/site-packages/airflow/example_dags/example_branch_python_dop_operator_3.py took 0.132 seconds
[2023-05-05T15:11:19.631+0000] {processor.py:153} INFO - Started process (PID=2571) to work on /home/airflow/.local/lib/python3.7/site-packages/airflow/example_dags/example_branch_python_dop_operator_3.py
[2023-05-05T15:11:19.632+0000] {processor.py:743} INFO - Processing file /home/airflow/.local/lib/python3.7/site-packages/airflow/example_dags/example_branch_python_dop_operator_3.py for tasks to queue
[2023-05-05T15:11:19.633+0000] {logging_mixin.py:137} INFO - [2023-05-05T15:11:19.633+0000] {dagbag.py:532} INFO - Filling up the DagBag from /home/airflow/.local/lib/python3.7/site-packages/airflow/example_dags/example_branch_python_dop_operator_3.py
[2023-05-05T15:11:19.665+0000] {processor.py:753} INFO - DAG(s) dict_keys(['example_branch_dop_operator_v3']) retrieved from /home/airflow/.local/lib/python3.7/site-packages/airflow/example_dags/example_branch_python_dop_operator_3.py
[2023-05-05T15:11:19.697+0000] {logging_mixin.py:137} INFO - [2023-05-05T15:11:19.697+0000] {dag.py:2693} INFO - Sync 1 DAGs
[2023-05-05T15:11:19.735+0000] {logging_mixin.py:137} INFO - [2023-05-05T15:11:19.735+0000] {dag.py:3444} INFO - Setting next_dagrun for example_branch_dop_operator_v3 to 2023-05-05T15:10:00+00:00, run_after=2023-05-05T15:11:00+00:00
[2023-05-05T15:11:19.763+0000] {processor.py:175} INFO - Processing /home/airflow/.local/lib/python3.7/site-packages/airflow/example_dags/example_branch_python_dop_operator_3.py took 0.137 seconds
[2023-05-05T15:11:50.615+0000] {processor.py:153} INFO - Started process (PID=2622) to work on /home/airflow/.local/lib/python3.7/site-packages/airflow/example_dags/example_branch_python_dop_operator_3.py
[2023-05-05T15:11:50.617+0000] {processor.py:743} INFO - Processing file /home/airflow/.local/lib/python3.7/site-packages/airflow/example_dags/example_branch_python_dop_operator_3.py for tasks to queue
[2023-05-05T15:11:50.618+0000] {logging_mixin.py:137} INFO - [2023-05-05T15:11:50.617+0000] {dagbag.py:532} INFO - Filling up the DagBag from /home/airflow/.local/lib/python3.7/site-packages/airflow/example_dags/example_branch_python_dop_operator_3.py
[2023-05-05T15:11:50.650+0000] {processor.py:753} INFO - DAG(s) dict_keys(['example_branch_dop_operator_v3']) retrieved from /home/airflow/.local/lib/python3.7/site-packages/airflow/example_dags/example_branch_python_dop_operator_3.py
[2023-05-05T15:11:50.685+0000] {logging_mixin.py:137} INFO - [2023-05-05T15:11:50.684+0000] {dag.py:2693} INFO - Sync 1 DAGs
[2023-05-05T15:11:50.726+0000] {logging_mixin.py:137} INFO - [2023-05-05T15:11:50.726+0000] {dag.py:3444} INFO - Setting next_dagrun for example_branch_dop_operator_v3 to 2023-05-05T15:10:00+00:00, run_after=2023-05-05T15:11:00+00:00
[2023-05-05T15:11:50.749+0000] {processor.py:175} INFO - Processing /home/airflow/.local/lib/python3.7/site-packages/airflow/example_dags/example_branch_python_dop_operator_3.py took 0.139 seconds
[2023-05-05T15:12:21.781+0000] {processor.py:153} INFO - Started process (PID=2672) to work on /home/airflow/.local/lib/python3.7/site-packages/airflow/example_dags/example_branch_python_dop_operator_3.py
[2023-05-05T15:12:21.782+0000] {processor.py:743} INFO - Processing file /home/airflow/.local/lib/python3.7/site-packages/airflow/example_dags/example_branch_python_dop_operator_3.py for tasks to queue
[2023-05-05T15:12:21.783+0000] {logging_mixin.py:137} INFO - [2023-05-05T15:12:21.783+0000] {dagbag.py:532} INFO - Filling up the DagBag from /home/airflow/.local/lib/python3.7/site-packages/airflow/example_dags/example_branch_python_dop_operator_3.py
[2023-05-05T15:12:21.814+0000] {processor.py:753} INFO - DAG(s) dict_keys(['example_branch_dop_operator_v3']) retrieved from /home/airflow/.local/lib/python3.7/site-packages/airflow/example_dags/example_branch_python_dop_operator_3.py
[2023-05-05T15:12:21.850+0000] {logging_mixin.py:137} INFO - [2023-05-05T15:12:21.849+0000] {dag.py:2693} INFO - Sync 1 DAGs
[2023-05-05T15:12:21.888+0000] {logging_mixin.py:137} INFO - [2023-05-05T15:12:21.888+0000] {dag.py:3444} INFO - Setting next_dagrun for example_branch_dop_operator_v3 to 2023-05-05T15:11:00+00:00, run_after=2023-05-05T15:12:00+00:00
[2023-05-05T15:12:21.910+0000] {processor.py:175} INFO - Processing /home/airflow/.local/lib/python3.7/site-packages/airflow/example_dags/example_branch_python_dop_operator_3.py took 0.133 seconds
[2023-05-05T15:12:52.940+0000] {processor.py:153} INFO - Started process (PID=2723) to work on /home/airflow/.local/lib/python3.7/site-packages/airflow/example_dags/example_branch_python_dop_operator_3.py
[2023-05-05T15:12:52.942+0000] {processor.py:743} INFO - Processing file /home/airflow/.local/lib/python3.7/site-packages/airflow/example_dags/example_branch_python_dop_operator_3.py for tasks to queue
[2023-05-05T15:12:52.943+0000] {logging_mixin.py:137} INFO - [2023-05-05T15:12:52.943+0000] {dagbag.py:532} INFO - Filling up the DagBag from /home/airflow/.local/lib/python3.7/site-packages/airflow/example_dags/example_branch_python_dop_operator_3.py
[2023-05-05T15:12:52.983+0000] {processor.py:753} INFO - DAG(s) dict_keys(['example_branch_dop_operator_v3']) retrieved from /home/airflow/.local/lib/python3.7/site-packages/airflow/example_dags/example_branch_python_dop_operator_3.py
[2023-05-05T15:12:53.018+0000] {logging_mixin.py:137} INFO - [2023-05-05T15:12:53.018+0000] {dag.py:2693} INFO - Sync 1 DAGs
[2023-05-05T15:12:53.060+0000] {logging_mixin.py:137} INFO - [2023-05-05T15:12:53.060+0000] {dag.py:3444} INFO - Setting next_dagrun for example_branch_dop_operator_v3 to 2023-05-05T15:11:00+00:00, run_after=2023-05-05T15:12:00+00:00
[2023-05-05T15:12:53.083+0000] {processor.py:175} INFO - Processing /home/airflow/.local/lib/python3.7/site-packages/airflow/example_dags/example_branch_python_dop_operator_3.py took 0.148 seconds
[2023-05-05T15:13:25.072+0000] {processor.py:153} INFO - Started process (PID=2774) to work on /home/airflow/.local/lib/python3.7/site-packages/airflow/example_dags/example_branch_python_dop_operator_3.py
[2023-05-05T15:13:25.073+0000] {processor.py:743} INFO - Processing file /home/airflow/.local/lib/python3.7/site-packages/airflow/example_dags/example_branch_python_dop_operator_3.py for tasks to queue
[2023-05-05T15:13:25.074+0000] {logging_mixin.py:137} INFO - [2023-05-05T15:13:25.074+0000] {dagbag.py:532} INFO - Filling up the DagBag from /home/airflow/.local/lib/python3.7/site-packages/airflow/example_dags/example_branch_python_dop_operator_3.py
[2023-05-05T15:13:25.127+0000] {processor.py:753} INFO - DAG(s) dict_keys(['example_branch_dop_operator_v3']) retrieved from /home/airflow/.local/lib/python3.7/site-packages/airflow/example_dags/example_branch_python_dop_operator_3.py
[2023-05-05T15:13:25.184+0000] {logging_mixin.py:137} INFO - [2023-05-05T15:13:25.183+0000] {dag.py:2693} INFO - Sync 1 DAGs
[2023-05-05T15:13:25.225+0000] {logging_mixin.py:137} INFO - [2023-05-05T15:13:25.225+0000] {dag.py:3444} INFO - Setting next_dagrun for example_branch_dop_operator_v3 to 2023-05-05T15:12:00+00:00, run_after=2023-05-05T15:13:00+00:00
[2023-05-05T15:13:25.267+0000] {processor.py:175} INFO - Processing /home/airflow/.local/lib/python3.7/site-packages/airflow/example_dags/example_branch_python_dop_operator_3.py took 0.213 seconds
[2023-05-05T15:13:55.351+0000] {processor.py:153} INFO - Started process (PID=2825) to work on /home/airflow/.local/lib/python3.7/site-packages/airflow/example_dags/example_branch_python_dop_operator_3.py
[2023-05-05T15:13:55.359+0000] {processor.py:743} INFO - Processing file /home/airflow/.local/lib/python3.7/site-packages/airflow/example_dags/example_branch_python_dop_operator_3.py for tasks to queue
[2023-05-05T15:13:55.360+0000] {logging_mixin.py:137} INFO - [2023-05-05T15:13:55.360+0000] {dagbag.py:532} INFO - Filling up the DagBag from /home/airflow/.local/lib/python3.7/site-packages/airflow/example_dags/example_branch_python_dop_operator_3.py
[2023-05-05T15:13:55.414+0000] {processor.py:753} INFO - DAG(s) dict_keys(['example_branch_dop_operator_v3']) retrieved from /home/airflow/.local/lib/python3.7/site-packages/airflow/example_dags/example_branch_python_dop_operator_3.py
[2023-05-05T15:13:55.510+0000] {logging_mixin.py:137} INFO - [2023-05-05T15:13:55.508+0000] {dag.py:2693} INFO - Sync 1 DAGs
[2023-05-05T15:13:55.597+0000] {logging_mixin.py:137} INFO - [2023-05-05T15:13:55.597+0000] {dag.py:3444} INFO - Setting next_dagrun for example_branch_dop_operator_v3 to 2023-05-05T15:12:00+00:00, run_after=2023-05-05T15:13:00+00:00
[2023-05-05T15:13:55.632+0000] {processor.py:175} INFO - Processing /home/airflow/.local/lib/python3.7/site-packages/airflow/example_dags/example_branch_python_dop_operator_3.py took 0.290 seconds
[2023-05-05T15:14:26.463+0000] {processor.py:153} INFO - Started process (PID=2876) to work on /home/airflow/.local/lib/python3.7/site-packages/airflow/example_dags/example_branch_python_dop_operator_3.py
[2023-05-05T15:14:26.464+0000] {processor.py:743} INFO - Processing file /home/airflow/.local/lib/python3.7/site-packages/airflow/example_dags/example_branch_python_dop_operator_3.py for tasks to queue
[2023-05-05T15:14:26.465+0000] {logging_mixin.py:137} INFO - [2023-05-05T15:14:26.465+0000] {dagbag.py:532} INFO - Filling up the DagBag from /home/airflow/.local/lib/python3.7/site-packages/airflow/example_dags/example_branch_python_dop_operator_3.py
[2023-05-05T15:14:26.496+0000] {processor.py:753} INFO - DAG(s) dict_keys(['example_branch_dop_operator_v3']) retrieved from /home/airflow/.local/lib/python3.7/site-packages/airflow/example_dags/example_branch_python_dop_operator_3.py
[2023-05-05T15:14:26.530+0000] {logging_mixin.py:137} INFO - [2023-05-05T15:14:26.530+0000] {dag.py:2693} INFO - Sync 1 DAGs
[2023-05-05T15:14:26.573+0000] {logging_mixin.py:137} INFO - [2023-05-05T15:14:26.573+0000] {dag.py:3444} INFO - Setting next_dagrun for example_branch_dop_operator_v3 to 2023-05-05T15:13:00+00:00, run_after=2023-05-05T15:14:00+00:00
[2023-05-05T15:14:26.600+0000] {processor.py:175} INFO - Processing /home/airflow/.local/lib/python3.7/site-packages/airflow/example_dags/example_branch_python_dop_operator_3.py took 0.141 seconds
[2023-05-05T15:14:57.349+0000] {processor.py:153} INFO - Started process (PID=2926) to work on /home/airflow/.local/lib/python3.7/site-packages/airflow/example_dags/example_branch_python_dop_operator_3.py
[2023-05-05T15:14:57.350+0000] {processor.py:743} INFO - Processing file /home/airflow/.local/lib/python3.7/site-packages/airflow/example_dags/example_branch_python_dop_operator_3.py for tasks to queue
[2023-05-05T15:14:57.351+0000] {logging_mixin.py:137} INFO - [2023-05-05T15:14:57.351+0000] {dagbag.py:532} INFO - Filling up the DagBag from /home/airflow/.local/lib/python3.7/site-packages/airflow/example_dags/example_branch_python_dop_operator_3.py
[2023-05-05T15:14:57.421+0000] {processor.py:753} INFO - DAG(s) dict_keys(['example_branch_dop_operator_v3']) retrieved from /home/airflow/.local/lib/python3.7/site-packages/airflow/example_dags/example_branch_python_dop_operator_3.py
[2023-05-05T15:14:57.457+0000] {logging_mixin.py:137} INFO - [2023-05-05T15:14:57.457+0000] {dag.py:2693} INFO - Sync 1 DAGs
[2023-05-05T15:14:57.507+0000] {logging_mixin.py:137} INFO - [2023-05-05T15:14:57.507+0000] {dag.py:3444} INFO - Setting next_dagrun for example_branch_dop_operator_v3 to 2023-05-05T15:13:00+00:00, run_after=2023-05-05T15:14:00+00:00
[2023-05-05T15:14:57.530+0000] {processor.py:175} INFO - Processing /home/airflow/.local/lib/python3.7/site-packages/airflow/example_dags/example_branch_python_dop_operator_3.py took 0.186 seconds
[2023-05-05T15:15:28.274+0000] {processor.py:153} INFO - Started process (PID=2977) to work on /home/airflow/.local/lib/python3.7/site-packages/airflow/example_dags/example_branch_python_dop_operator_3.py
[2023-05-05T15:15:28.276+0000] {processor.py:743} INFO - Processing file /home/airflow/.local/lib/python3.7/site-packages/airflow/example_dags/example_branch_python_dop_operator_3.py for tasks to queue
[2023-05-05T15:15:28.277+0000] {logging_mixin.py:137} INFO - [2023-05-05T15:15:28.277+0000] {dagbag.py:532} INFO - Filling up the DagBag from /home/airflow/.local/lib/python3.7/site-packages/airflow/example_dags/example_branch_python_dop_operator_3.py
[2023-05-05T15:15:28.308+0000] {processor.py:753} INFO - DAG(s) dict_keys(['example_branch_dop_operator_v3']) retrieved from /home/airflow/.local/lib/python3.7/site-packages/airflow/example_dags/example_branch_python_dop_operator_3.py
[2023-05-05T15:15:28.338+0000] {logging_mixin.py:137} INFO - [2023-05-05T15:15:28.338+0000] {dag.py:2693} INFO - Sync 1 DAGs
[2023-05-05T15:15:28.377+0000] {logging_mixin.py:137} INFO - [2023-05-05T15:15:28.377+0000] {dag.py:3444} INFO - Setting next_dagrun for example_branch_dop_operator_v3 to 2023-05-05T15:14:00+00:00, run_after=2023-05-05T15:15:00+00:00
[2023-05-05T15:15:28.399+0000] {processor.py:175} INFO - Processing /home/airflow/.local/lib/python3.7/site-packages/airflow/example_dags/example_branch_python_dop_operator_3.py took 0.129 seconds
