[2023-05-17T01:19:57.806+0000] {taskinstance.py:1084} INFO - Dependencies all met for dep_context=non-requeueable deps ti=<TaskInstance: get_todays_games.create_sql_table_task manual__2023-05-17T01:19:51.459608+00:00 [queued]>
[2023-05-17T01:19:57.848+0000] {taskinstance.py:1084} INFO - Dependencies all met for dep_context=requeueable deps ti=<TaskInstance: get_todays_games.create_sql_table_task manual__2023-05-17T01:19:51.459608+00:00 [queued]>
[2023-05-17T01:19:57.849+0000] {taskinstance.py:1282} INFO - 
--------------------------------------------------------------------------------
[2023-05-17T01:19:57.849+0000] {taskinstance.py:1283} INFO - Starting attempt 1 of 1
[2023-05-17T01:19:57.849+0000] {taskinstance.py:1284} INFO - 
--------------------------------------------------------------------------------
[2023-05-17T01:19:57.899+0000] {taskinstance.py:1303} INFO - Executing <Task(PostgresOperator): create_sql_table_task> on 2023-05-17 01:19:51.459608+00:00
[2023-05-17T01:19:57.906+0000] {standard_task_runner.py:55} INFO - Started process 91 to run task
[2023-05-17T01:19:57.920+0000] {standard_task_runner.py:82} INFO - Running: ['***', 'tasks', 'run', 'get_todays_games', 'create_sql_table_task', 'manual__2023-05-17T01:19:51.459608+00:00', '--job-id', '1690', '--raw', '--subdir', 'DAGS_FOLDER/todays_games.py', '--cfg-path', '/tmp/tmpggz3g6f0']
[2023-05-17T01:19:57.921+0000] {standard_task_runner.py:83} INFO - Job 1690: Subtask create_sql_table_task
[2023-05-17T01:19:58.089+0000] {task_command.py:388} INFO - Running <TaskInstance: get_todays_games.create_sql_table_task manual__2023-05-17T01:19:51.459608+00:00 [running]> on host 0dd257a6e4e7
[2023-05-17T01:19:58.298+0000] {taskinstance.py:1511} INFO - Exporting the following env vars:
AIRFLOW_CTX_DAG_OWNER=***
AIRFLOW_CTX_DAG_ID=get_todays_games
AIRFLOW_CTX_TASK_ID=create_sql_table_task
AIRFLOW_CTX_EXECUTION_DATE=2023-05-17T01:19:51.459608+00:00
AIRFLOW_CTX_TRY_NUMBER=1
AIRFLOW_CTX_DAG_RUN_ID=manual__2023-05-17T01:19:51.459608+00:00
[2023-05-17T01:19:58.339+0000] {sql.py:254} INFO - Executing: 
        drop table if exists games;
        create table games (
            away_name VARCHAR(40),
            home_name VARCHAR(40),
            away_probable_pitcher VARCHAR(40),
            home_probable_pitcher VARCHAR(40),
            venue_name VARCHAR(40)
            );
    
[2023-05-17T01:19:58.398+0000] {base.py:73} INFO - Using connection ID 'postgres_localhost' for task execution.
[2023-05-17T01:19:59.851+0000] {base.py:73} INFO - Using connection ID 'postgres_localhost' for task execution.
[2023-05-17T01:19:59.857+0000] {sql.py:375} INFO - Running statement: 
        drop table if exists games;
        create table games (
            away_name VARCHAR(40),
            home_name VARCHAR(40),
            away_probable_pitcher VARCHAR(40),
            home_probable_pitcher VARCHAR(40),
            venue_name VARCHAR(40)
            );
    , parameters: None
[2023-05-17T01:19:59.931+0000] {taskinstance.py:1326} INFO - Marking task as SUCCESS. dag_id=get_todays_games, task_id=create_sql_table_task, execution_date=20230517T011951, start_date=20230517T011957, end_date=20230517T011959
[2023-05-17T01:20:00.058+0000] {local_task_job.py:212} INFO - Task exited with return code 0
[2023-05-17T01:20:00.271+0000] {taskinstance.py:2585} INFO - 0 downstream tasks scheduled from follow-on schedule check
