[2023-03-30T00:32:56.447+0000] {taskinstance.py:1084} INFO - Dependencies all met for dep_context=non-requeueable deps ti=<TaskInstance: get_todays_gamesv4.read manual__2023-03-30T00:32:45.297235+00:00 [queued]>
[2023-03-30T00:32:56.459+0000] {taskinstance.py:1084} INFO - Dependencies all met for dep_context=requeueable deps ti=<TaskInstance: get_todays_gamesv4.read manual__2023-03-30T00:32:45.297235+00:00 [queued]>
[2023-03-30T00:32:56.460+0000] {taskinstance.py:1282} INFO - 
--------------------------------------------------------------------------------
[2023-03-30T00:32:56.461+0000] {taskinstance.py:1283} INFO - Starting attempt 1 of 1
[2023-03-30T00:32:56.461+0000] {taskinstance.py:1284} INFO - 
--------------------------------------------------------------------------------
[2023-03-30T00:32:56.480+0000] {taskinstance.py:1303} INFO - Executing <Task(PostgresOperator): read> on 2023-03-30 00:32:45.297235+00:00
[2023-03-30T00:32:56.487+0000] {standard_task_runner.py:55} INFO - Started process 754 to run task
[2023-03-30T00:32:56.491+0000] {standard_task_runner.py:82} INFO - Running: ['***', 'tasks', 'run', 'get_todays_gamesv4', 'read', 'manual__2023-03-30T00:32:45.297235+00:00', '--job-id', '32', '--raw', '--subdir', 'DAGS_FOLDER/todays_games.py', '--cfg-path', '/tmp/tmpirv15fhm']
[2023-03-30T00:32:56.492+0000] {standard_task_runner.py:83} INFO - Job 32: Subtask read
[2023-03-30T00:32:56.584+0000] {task_command.py:388} INFO - Running <TaskInstance: get_todays_gamesv4.read manual__2023-03-30T00:32:45.297235+00:00 [running]> on host 853f67d509ed
[2023-03-30T00:32:56.682+0000] {taskinstance.py:1511} INFO - Exporting the following env vars:
AIRFLOW_CTX_DAG_OWNER=***
AIRFLOW_CTX_DAG_ID=get_todays_gamesv4
AIRFLOW_CTX_TASK_ID=read
AIRFLOW_CTX_EXECUTION_DATE=2023-03-30T00:32:45.297235+00:00
AIRFLOW_CTX_TRY_NUMBER=1
AIRFLOW_CTX_DAG_RUN_ID=manual__2023-03-30T00:32:45.297235+00:00
[2023-03-30T00:32:56.683+0000] {sql.py:254} INFO - Executing: 
        select colA,colB from test_table;
    
[2023-03-30T00:32:56.695+0000] {base.py:73} INFO - Using connection ID 'postgres_localhost' for task execution.
[2023-03-30T00:32:56.986+0000] {base.py:73} INFO - Using connection ID 'postgres_localhost' for task execution.
[2023-03-30T00:32:56.991+0000] {sql.py:375} INFO - Running statement: 
        select colA,colB from test_table;
    , parameters: None
[2023-03-30T00:32:56.992+0000] {sql.py:384} INFO - Rows affected: 6
[2023-03-30T00:32:57.027+0000] {taskinstance.py:1326} INFO - Marking task as SUCCESS. dag_id=get_todays_gamesv4, task_id=read, execution_date=20230330T003245, start_date=20230330T003256, end_date=20230330T003257
[2023-03-30T00:32:57.065+0000] {local_task_job.py:212} INFO - Task exited with return code 0
[2023-03-30T00:32:57.104+0000] {taskinstance.py:2585} INFO - 1 downstream tasks scheduled from follow-on schedule check
