[2023-05-07T15:00:15.889+0000] {taskinstance.py:1084} INFO - Dependencies all met for dep_context=non-requeueable deps ti=<TaskInstance: get_todays_gamesv2.print_end scheduled__2023-05-06T15:00:00+00:00 [queued]>
[2023-05-07T15:00:15.903+0000] {taskinstance.py:1084} INFO - Dependencies all met for dep_context=requeueable deps ti=<TaskInstance: get_todays_gamesv2.print_end scheduled__2023-05-06T15:00:00+00:00 [queued]>
[2023-05-07T15:00:15.903+0000] {taskinstance.py:1282} INFO - 
--------------------------------------------------------------------------------
[2023-05-07T15:00:15.903+0000] {taskinstance.py:1283} INFO - Starting attempt 1 of 1
[2023-05-07T15:00:15.904+0000] {taskinstance.py:1284} INFO - 
--------------------------------------------------------------------------------
[2023-05-07T15:00:15.927+0000] {taskinstance.py:1303} INFO - Executing <Task(BashOperator): print_end> on 2023-05-06 15:00:00+00:00
[2023-05-07T15:00:15.933+0000] {standard_task_runner.py:55} INFO - Started process 639 to run task
[2023-05-07T15:00:15.938+0000] {standard_task_runner.py:82} INFO - Running: ['***', 'tasks', 'run', 'get_todays_gamesv2', 'print_end', 'scheduled__2023-05-06T15:00:00+00:00', '--job-id', '914', '--raw', '--subdir', 'DAGS_FOLDER/todays_gamesv2.py', '--cfg-path', '/tmp/tmp371_wwml']
[2023-05-07T15:00:15.939+0000] {standard_task_runner.py:83} INFO - Job 914: Subtask print_end
[2023-05-07T15:00:16.047+0000] {task_command.py:388} INFO - Running <TaskInstance: get_todays_gamesv2.print_end scheduled__2023-05-06T15:00:00+00:00 [running]> on host f789e77bc70a
[2023-05-07T15:00:16.156+0000] {taskinstance.py:1511} INFO - Exporting the following env vars:
AIRFLOW_CTX_DAG_OWNER=***
AIRFLOW_CTX_DAG_ID=get_todays_gamesv2
AIRFLOW_CTX_TASK_ID=print_end
AIRFLOW_CTX_EXECUTION_DATE=2023-05-06T15:00:00+00:00
AIRFLOW_CTX_TRY_NUMBER=1
AIRFLOW_CTX_DAG_RUN_ID=scheduled__2023-05-06T15:00:00+00:00
[2023-05-07T15:00:16.157+0000] {subprocess.py:63} INFO - Tmp dir root location: 
 /tmp
[2023-05-07T15:00:16.158+0000] {subprocess.py:75} INFO - Running command: ['/bin/bash', '-c', 'echo end dag!']
[2023-05-07T15:00:16.175+0000] {subprocess.py:86} INFO - Output:
[2023-05-07T15:00:16.179+0000] {subprocess.py:93} INFO - end dag!
[2023-05-07T15:00:16.180+0000] {subprocess.py:97} INFO - Command exited with return code 0
[2023-05-07T15:00:16.204+0000] {taskinstance.py:1326} INFO - Marking task as SUCCESS. dag_id=get_todays_gamesv2, task_id=print_end, execution_date=20230506T150000, start_date=20230507T150015, end_date=20230507T150016
[2023-05-07T15:00:16.235+0000] {local_task_job.py:212} INFO - Task exited with return code 0
[2023-05-07T15:00:16.262+0000] {taskinstance.py:2585} INFO - 0 downstream tasks scheduled from follow-on schedule check
