[2023-05-28T14:56:01.503+0000] {processor.py:153} INFO - Started process (PID=52) to work on /home/airflow/.local/lib/python3.7/site-packages/airflow/example_dags/example_branch_operator_decorator.py
[2023-05-28T14:56:01.504+0000] {processor.py:743} INFO - Processing file /home/airflow/.local/lib/python3.7/site-packages/airflow/example_dags/example_branch_operator_decorator.py for tasks to queue
[2023-05-28T14:56:01.504+0000] {logging_mixin.py:137} INFO - [2023-05-28T14:56:01.504+0000] {dagbag.py:532} INFO - Filling up the DagBag from /home/airflow/.local/lib/python3.7/site-packages/airflow/example_dags/example_branch_operator_decorator.py
[2023-05-28T14:56:01.642+0000] {processor.py:753} INFO - DAG(s) dict_keys(['example_branch_python_operator_decorator']) retrieved from /home/airflow/.local/lib/python3.7/site-packages/airflow/example_dags/example_branch_operator_decorator.py
[2023-05-28T14:56:01.735+0000] {logging_mixin.py:137} INFO - [2023-05-28T14:56:01.733+0000] {dag.py:2693} INFO - Sync 1 DAGs
[2023-05-28T14:56:01.837+0000] {logging_mixin.py:137} INFO - [2023-05-28T14:56:01.837+0000] {dag.py:3444} INFO - Setting next_dagrun for example_branch_python_operator_decorator to 2023-05-27T00:00:00+00:00, run_after=2023-05-28T00:00:00+00:00
[2023-05-28T14:56:01.900+0000] {processor.py:175} INFO - Processing /home/airflow/.local/lib/python3.7/site-packages/airflow/example_dags/example_branch_operator_decorator.py took 0.424 seconds
[2023-05-28T14:56:31.956+0000] {processor.py:153} INFO - Started process (PID=102) to work on /home/airflow/.local/lib/python3.7/site-packages/airflow/example_dags/example_branch_operator_decorator.py
[2023-05-28T14:56:31.958+0000] {processor.py:743} INFO - Processing file /home/airflow/.local/lib/python3.7/site-packages/airflow/example_dags/example_branch_operator_decorator.py for tasks to queue
[2023-05-28T14:56:31.959+0000] {logging_mixin.py:137} INFO - [2023-05-28T14:56:31.959+0000] {dagbag.py:532} INFO - Filling up the DagBag from /home/airflow/.local/lib/python3.7/site-packages/airflow/example_dags/example_branch_operator_decorator.py
[2023-05-28T14:56:31.993+0000] {processor.py:753} INFO - DAG(s) dict_keys(['example_branch_python_operator_decorator']) retrieved from /home/airflow/.local/lib/python3.7/site-packages/airflow/example_dags/example_branch_operator_decorator.py
[2023-05-28T14:56:32.047+0000] {logging_mixin.py:137} INFO - [2023-05-28T14:56:32.047+0000] {dag.py:2693} INFO - Sync 1 DAGs
[2023-05-28T14:56:32.081+0000] {logging_mixin.py:137} INFO - [2023-05-28T14:56:32.081+0000] {dag.py:3444} INFO - Setting next_dagrun for example_branch_python_operator_decorator to 2023-05-27T00:00:00+00:00, run_after=2023-05-28T00:00:00+00:00
[2023-05-28T14:56:32.102+0000] {processor.py:175} INFO - Processing /home/airflow/.local/lib/python3.7/site-packages/airflow/example_dags/example_branch_operator_decorator.py took 0.152 seconds
[2023-05-28T14:57:02.576+0000] {processor.py:153} INFO - Started process (PID=153) to work on /home/airflow/.local/lib/python3.7/site-packages/airflow/example_dags/example_branch_operator_decorator.py
[2023-05-28T14:57:02.577+0000] {processor.py:743} INFO - Processing file /home/airflow/.local/lib/python3.7/site-packages/airflow/example_dags/example_branch_operator_decorator.py for tasks to queue
[2023-05-28T14:57:02.578+0000] {logging_mixin.py:137} INFO - [2023-05-28T14:57:02.577+0000] {dagbag.py:532} INFO - Filling up the DagBag from /home/airflow/.local/lib/python3.7/site-packages/airflow/example_dags/example_branch_operator_decorator.py
[2023-05-28T14:57:02.610+0000] {processor.py:753} INFO - DAG(s) dict_keys(['example_branch_python_operator_decorator']) retrieved from /home/airflow/.local/lib/python3.7/site-packages/airflow/example_dags/example_branch_operator_decorator.py
[2023-05-28T14:57:02.644+0000] {logging_mixin.py:137} INFO - [2023-05-28T14:57:02.644+0000] {dag.py:2693} INFO - Sync 1 DAGs
[2023-05-28T14:57:02.679+0000] {logging_mixin.py:137} INFO - [2023-05-28T14:57:02.678+0000] {dag.py:3444} INFO - Setting next_dagrun for example_branch_python_operator_decorator to 2023-05-27T00:00:00+00:00, run_after=2023-05-28T00:00:00+00:00
[2023-05-28T14:57:02.707+0000] {processor.py:175} INFO - Processing /home/airflow/.local/lib/python3.7/site-packages/airflow/example_dags/example_branch_operator_decorator.py took 0.136 seconds
[2023-05-28T14:57:33.366+0000] {processor.py:153} INFO - Started process (PID=203) to work on /home/airflow/.local/lib/python3.7/site-packages/airflow/example_dags/example_branch_operator_decorator.py
[2023-05-28T14:57:33.367+0000] {processor.py:743} INFO - Processing file /home/airflow/.local/lib/python3.7/site-packages/airflow/example_dags/example_branch_operator_decorator.py for tasks to queue
[2023-05-28T14:57:33.368+0000] {logging_mixin.py:137} INFO - [2023-05-28T14:57:33.368+0000] {dagbag.py:532} INFO - Filling up the DagBag from /home/airflow/.local/lib/python3.7/site-packages/airflow/example_dags/example_branch_operator_decorator.py
[2023-05-28T14:57:33.400+0000] {processor.py:753} INFO - DAG(s) dict_keys(['example_branch_python_operator_decorator']) retrieved from /home/airflow/.local/lib/python3.7/site-packages/airflow/example_dags/example_branch_operator_decorator.py
[2023-05-28T14:57:33.434+0000] {logging_mixin.py:137} INFO - [2023-05-28T14:57:33.434+0000] {dag.py:2693} INFO - Sync 1 DAGs
[2023-05-28T14:57:33.471+0000] {logging_mixin.py:137} INFO - [2023-05-28T14:57:33.471+0000] {dag.py:3444} INFO - Setting next_dagrun for example_branch_python_operator_decorator to 2023-05-27T00:00:00+00:00, run_after=2023-05-28T00:00:00+00:00
[2023-05-28T14:57:33.499+0000] {processor.py:175} INFO - Processing /home/airflow/.local/lib/python3.7/site-packages/airflow/example_dags/example_branch_operator_decorator.py took 0.136 seconds
[2023-05-28T14:58:04.027+0000] {processor.py:153} INFO - Started process (PID=254) to work on /home/airflow/.local/lib/python3.7/site-packages/airflow/example_dags/example_branch_operator_decorator.py
[2023-05-28T14:58:04.028+0000] {processor.py:743} INFO - Processing file /home/airflow/.local/lib/python3.7/site-packages/airflow/example_dags/example_branch_operator_decorator.py for tasks to queue
[2023-05-28T14:58:04.029+0000] {logging_mixin.py:137} INFO - [2023-05-28T14:58:04.029+0000] {dagbag.py:532} INFO - Filling up the DagBag from /home/airflow/.local/lib/python3.7/site-packages/airflow/example_dags/example_branch_operator_decorator.py
[2023-05-28T14:58:04.065+0000] {processor.py:753} INFO - DAG(s) dict_keys(['example_branch_python_operator_decorator']) retrieved from /home/airflow/.local/lib/python3.7/site-packages/airflow/example_dags/example_branch_operator_decorator.py
[2023-05-28T14:58:04.097+0000] {logging_mixin.py:137} INFO - [2023-05-28T14:58:04.097+0000] {dag.py:2693} INFO - Sync 1 DAGs
[2023-05-28T14:58:04.132+0000] {logging_mixin.py:137} INFO - [2023-05-28T14:58:04.132+0000] {dag.py:3444} INFO - Setting next_dagrun for example_branch_python_operator_decorator to 2023-05-27T00:00:00+00:00, run_after=2023-05-28T00:00:00+00:00
[2023-05-28T14:58:04.152+0000] {processor.py:175} INFO - Processing /home/airflow/.local/lib/python3.7/site-packages/airflow/example_dags/example_branch_operator_decorator.py took 0.129 seconds
[2023-05-28T14:58:34.292+0000] {processor.py:153} INFO - Started process (PID=305) to work on /home/airflow/.local/lib/python3.7/site-packages/airflow/example_dags/example_branch_operator_decorator.py
[2023-05-28T14:58:34.293+0000] {processor.py:743} INFO - Processing file /home/airflow/.local/lib/python3.7/site-packages/airflow/example_dags/example_branch_operator_decorator.py for tasks to queue
[2023-05-28T14:58:34.294+0000] {logging_mixin.py:137} INFO - [2023-05-28T14:58:34.294+0000] {dagbag.py:532} INFO - Filling up the DagBag from /home/airflow/.local/lib/python3.7/site-packages/airflow/example_dags/example_branch_operator_decorator.py
[2023-05-28T14:58:34.325+0000] {processor.py:753} INFO - DAG(s) dict_keys(['example_branch_python_operator_decorator']) retrieved from /home/airflow/.local/lib/python3.7/site-packages/airflow/example_dags/example_branch_operator_decorator.py
[2023-05-28T14:58:34.358+0000] {logging_mixin.py:137} INFO - [2023-05-28T14:58:34.358+0000] {dag.py:2693} INFO - Sync 1 DAGs
[2023-05-28T14:58:34.392+0000] {logging_mixin.py:137} INFO - [2023-05-28T14:58:34.391+0000] {dag.py:3444} INFO - Setting next_dagrun for example_branch_python_operator_decorator to 2023-05-27T00:00:00+00:00, run_after=2023-05-28T00:00:00+00:00
[2023-05-28T14:58:34.412+0000] {processor.py:175} INFO - Processing /home/airflow/.local/lib/python3.7/site-packages/airflow/example_dags/example_branch_operator_decorator.py took 0.124 seconds
[2023-05-28T14:59:04.699+0000] {processor.py:153} INFO - Started process (PID=356) to work on /home/airflow/.local/lib/python3.7/site-packages/airflow/example_dags/example_branch_operator_decorator.py
[2023-05-28T14:59:04.700+0000] {processor.py:743} INFO - Processing file /home/airflow/.local/lib/python3.7/site-packages/airflow/example_dags/example_branch_operator_decorator.py for tasks to queue
[2023-05-28T14:59:04.701+0000] {logging_mixin.py:137} INFO - [2023-05-28T14:59:04.701+0000] {dagbag.py:532} INFO - Filling up the DagBag from /home/airflow/.local/lib/python3.7/site-packages/airflow/example_dags/example_branch_operator_decorator.py
[2023-05-28T14:59:04.733+0000] {processor.py:753} INFO - DAG(s) dict_keys(['example_branch_python_operator_decorator']) retrieved from /home/airflow/.local/lib/python3.7/site-packages/airflow/example_dags/example_branch_operator_decorator.py
[2023-05-28T14:59:04.766+0000] {logging_mixin.py:137} INFO - [2023-05-28T14:59:04.766+0000] {dag.py:2693} INFO - Sync 1 DAGs
[2023-05-28T14:59:04.800+0000] {logging_mixin.py:137} INFO - [2023-05-28T14:59:04.800+0000] {dag.py:3444} INFO - Setting next_dagrun for example_branch_python_operator_decorator to 2023-05-27T00:00:00+00:00, run_after=2023-05-28T00:00:00+00:00
[2023-05-28T14:59:04.824+0000] {processor.py:175} INFO - Processing /home/airflow/.local/lib/python3.7/site-packages/airflow/example_dags/example_branch_operator_decorator.py took 0.129 seconds
[2023-05-28T14:59:35.292+0000] {processor.py:153} INFO - Started process (PID=407) to work on /home/airflow/.local/lib/python3.7/site-packages/airflow/example_dags/example_branch_operator_decorator.py
[2023-05-28T14:59:35.293+0000] {processor.py:743} INFO - Processing file /home/airflow/.local/lib/python3.7/site-packages/airflow/example_dags/example_branch_operator_decorator.py for tasks to queue
[2023-05-28T14:59:35.293+0000] {logging_mixin.py:137} INFO - [2023-05-28T14:59:35.293+0000] {dagbag.py:532} INFO - Filling up the DagBag from /home/airflow/.local/lib/python3.7/site-packages/airflow/example_dags/example_branch_operator_decorator.py
[2023-05-28T14:59:35.325+0000] {processor.py:753} INFO - DAG(s) dict_keys(['example_branch_python_operator_decorator']) retrieved from /home/airflow/.local/lib/python3.7/site-packages/airflow/example_dags/example_branch_operator_decorator.py
[2023-05-28T14:59:35.369+0000] {logging_mixin.py:137} INFO - [2023-05-28T14:59:35.368+0000] {dag.py:2693} INFO - Sync 1 DAGs
[2023-05-28T14:59:35.405+0000] {logging_mixin.py:137} INFO - [2023-05-28T14:59:35.404+0000] {dag.py:3444} INFO - Setting next_dagrun for example_branch_python_operator_decorator to 2023-05-27T00:00:00+00:00, run_after=2023-05-28T00:00:00+00:00
[2023-05-28T14:59:35.426+0000] {processor.py:175} INFO - Processing /home/airflow/.local/lib/python3.7/site-packages/airflow/example_dags/example_branch_operator_decorator.py took 0.139 seconds
[2023-05-28T15:00:05.492+0000] {processor.py:153} INFO - Started process (PID=458) to work on /home/airflow/.local/lib/python3.7/site-packages/airflow/example_dags/example_branch_operator_decorator.py
[2023-05-28T15:00:05.493+0000] {processor.py:743} INFO - Processing file /home/airflow/.local/lib/python3.7/site-packages/airflow/example_dags/example_branch_operator_decorator.py for tasks to queue
[2023-05-28T15:00:05.493+0000] {logging_mixin.py:137} INFO - [2023-05-28T15:00:05.493+0000] {dagbag.py:532} INFO - Filling up the DagBag from /home/airflow/.local/lib/python3.7/site-packages/airflow/example_dags/example_branch_operator_decorator.py
[2023-05-28T15:00:05.525+0000] {processor.py:753} INFO - DAG(s) dict_keys(['example_branch_python_operator_decorator']) retrieved from /home/airflow/.local/lib/python3.7/site-packages/airflow/example_dags/example_branch_operator_decorator.py
[2023-05-28T15:00:05.563+0000] {logging_mixin.py:137} INFO - [2023-05-28T15:00:05.562+0000] {dag.py:2693} INFO - Sync 1 DAGs
[2023-05-28T15:00:05.604+0000] {logging_mixin.py:137} INFO - [2023-05-28T15:00:05.604+0000] {dag.py:3444} INFO - Setting next_dagrun for example_branch_python_operator_decorator to 2023-05-27T00:00:00+00:00, run_after=2023-05-28T00:00:00+00:00
[2023-05-28T15:00:05.624+0000] {processor.py:175} INFO - Processing /home/airflow/.local/lib/python3.7/site-packages/airflow/example_dags/example_branch_operator_decorator.py took 0.137 seconds
[2023-05-28T15:00:37.922+0000] {processor.py:153} INFO - Started process (PID=508) to work on /home/airflow/.local/lib/python3.7/site-packages/airflow/example_dags/example_branch_operator_decorator.py
[2023-05-28T15:00:37.923+0000] {processor.py:743} INFO - Processing file /home/airflow/.local/lib/python3.7/site-packages/airflow/example_dags/example_branch_operator_decorator.py for tasks to queue
[2023-05-28T15:00:37.923+0000] {logging_mixin.py:137} INFO - [2023-05-28T15:00:37.923+0000] {dagbag.py:532} INFO - Filling up the DagBag from /home/airflow/.local/lib/python3.7/site-packages/airflow/example_dags/example_branch_operator_decorator.py
[2023-05-28T15:00:38.000+0000] {processor.py:753} INFO - DAG(s) dict_keys(['example_branch_python_operator_decorator']) retrieved from /home/airflow/.local/lib/python3.7/site-packages/airflow/example_dags/example_branch_operator_decorator.py
[2023-05-28T15:00:38.080+0000] {logging_mixin.py:137} INFO - [2023-05-28T15:00:38.079+0000] {dag.py:2693} INFO - Sync 1 DAGs
[2023-05-28T15:00:38.197+0000] {logging_mixin.py:137} INFO - [2023-05-28T15:00:38.196+0000] {dag.py:3444} INFO - Setting next_dagrun for example_branch_python_operator_decorator to 2023-05-27T00:00:00+00:00, run_after=2023-05-28T00:00:00+00:00
[2023-05-28T15:00:38.255+0000] {processor.py:175} INFO - Processing /home/airflow/.local/lib/python3.7/site-packages/airflow/example_dags/example_branch_operator_decorator.py took 0.340 seconds
[2023-05-28T15:01:09.426+0000] {processor.py:153} INFO - Started process (PID=565) to work on /home/airflow/.local/lib/python3.7/site-packages/airflow/example_dags/example_branch_operator_decorator.py
[2023-05-28T15:01:09.433+0000] {processor.py:743} INFO - Processing file /home/airflow/.local/lib/python3.7/site-packages/airflow/example_dags/example_branch_operator_decorator.py for tasks to queue
[2023-05-28T15:01:09.434+0000] {logging_mixin.py:137} INFO - [2023-05-28T15:01:09.434+0000] {dagbag.py:532} INFO - Filling up the DagBag from /home/airflow/.local/lib/python3.7/site-packages/airflow/example_dags/example_branch_operator_decorator.py
[2023-05-28T15:01:09.511+0000] {processor.py:753} INFO - DAG(s) dict_keys(['example_branch_python_operator_decorator']) retrieved from /home/airflow/.local/lib/python3.7/site-packages/airflow/example_dags/example_branch_operator_decorator.py
[2023-05-28T15:01:09.583+0000] {logging_mixin.py:137} INFO - [2023-05-28T15:01:09.583+0000] {dag.py:2693} INFO - Sync 1 DAGs
[2023-05-28T15:01:09.652+0000] {logging_mixin.py:137} INFO - [2023-05-28T15:01:09.652+0000] {dag.py:3444} INFO - Setting next_dagrun for example_branch_python_operator_decorator to 2023-05-27T00:00:00+00:00, run_after=2023-05-28T00:00:00+00:00
[2023-05-28T15:01:09.680+0000] {processor.py:175} INFO - Processing /home/airflow/.local/lib/python3.7/site-packages/airflow/example_dags/example_branch_operator_decorator.py took 0.259 seconds
[2023-05-28T15:01:40.183+0000] {processor.py:153} INFO - Started process (PID=616) to work on /home/airflow/.local/lib/python3.7/site-packages/airflow/example_dags/example_branch_operator_decorator.py
[2023-05-28T15:01:40.187+0000] {processor.py:743} INFO - Processing file /home/airflow/.local/lib/python3.7/site-packages/airflow/example_dags/example_branch_operator_decorator.py for tasks to queue
[2023-05-28T15:01:40.188+0000] {logging_mixin.py:137} INFO - [2023-05-28T15:01:40.188+0000] {dagbag.py:532} INFO - Filling up the DagBag from /home/airflow/.local/lib/python3.7/site-packages/airflow/example_dags/example_branch_operator_decorator.py
[2023-05-28T15:01:40.242+0000] {processor.py:753} INFO - DAG(s) dict_keys(['example_branch_python_operator_decorator']) retrieved from /home/airflow/.local/lib/python3.7/site-packages/airflow/example_dags/example_branch_operator_decorator.py
[2023-05-28T15:01:40.293+0000] {logging_mixin.py:137} INFO - [2023-05-28T15:01:40.293+0000] {dag.py:2693} INFO - Sync 1 DAGs
[2023-05-28T15:01:40.370+0000] {logging_mixin.py:137} INFO - [2023-05-28T15:01:40.370+0000] {dag.py:3444} INFO - Setting next_dagrun for example_branch_python_operator_decorator to 2023-05-27T00:00:00+00:00, run_after=2023-05-28T00:00:00+00:00
[2023-05-28T15:01:40.407+0000] {processor.py:175} INFO - Processing /home/airflow/.local/lib/python3.7/site-packages/airflow/example_dags/example_branch_operator_decorator.py took 0.236 seconds
[2023-05-28T15:02:11.143+0000] {processor.py:153} INFO - Started process (PID=667) to work on /home/airflow/.local/lib/python3.7/site-packages/airflow/example_dags/example_branch_operator_decorator.py
[2023-05-28T15:02:11.143+0000] {processor.py:743} INFO - Processing file /home/airflow/.local/lib/python3.7/site-packages/airflow/example_dags/example_branch_operator_decorator.py for tasks to queue
[2023-05-28T15:02:11.144+0000] {logging_mixin.py:137} INFO - [2023-05-28T15:02:11.144+0000] {dagbag.py:532} INFO - Filling up the DagBag from /home/airflow/.local/lib/python3.7/site-packages/airflow/example_dags/example_branch_operator_decorator.py
[2023-05-28T15:02:11.182+0000] {processor.py:753} INFO - DAG(s) dict_keys(['example_branch_python_operator_decorator']) retrieved from /home/airflow/.local/lib/python3.7/site-packages/airflow/example_dags/example_branch_operator_decorator.py
[2023-05-28T15:02:11.220+0000] {logging_mixin.py:137} INFO - [2023-05-28T15:02:11.219+0000] {dag.py:2693} INFO - Sync 1 DAGs
[2023-05-28T15:02:11.255+0000] {logging_mixin.py:137} INFO - [2023-05-28T15:02:11.255+0000] {dag.py:3444} INFO - Setting next_dagrun for example_branch_python_operator_decorator to 2023-05-27T00:00:00+00:00, run_after=2023-05-28T00:00:00+00:00
[2023-05-28T15:02:11.277+0000] {processor.py:175} INFO - Processing /home/airflow/.local/lib/python3.7/site-packages/airflow/example_dags/example_branch_operator_decorator.py took 0.139 seconds
[2023-05-28T15:02:41.636+0000] {processor.py:153} INFO - Started process (PID=719) to work on /home/airflow/.local/lib/python3.7/site-packages/airflow/example_dags/example_branch_operator_decorator.py
[2023-05-28T15:02:41.637+0000] {processor.py:743} INFO - Processing file /home/airflow/.local/lib/python3.7/site-packages/airflow/example_dags/example_branch_operator_decorator.py for tasks to queue
[2023-05-28T15:02:41.638+0000] {logging_mixin.py:137} INFO - [2023-05-28T15:02:41.638+0000] {dagbag.py:532} INFO - Filling up the DagBag from /home/airflow/.local/lib/python3.7/site-packages/airflow/example_dags/example_branch_operator_decorator.py
[2023-05-28T15:02:41.670+0000] {processor.py:753} INFO - DAG(s) dict_keys(['example_branch_python_operator_decorator']) retrieved from /home/airflow/.local/lib/python3.7/site-packages/airflow/example_dags/example_branch_operator_decorator.py
[2023-05-28T15:02:41.704+0000] {logging_mixin.py:137} INFO - [2023-05-28T15:02:41.704+0000] {dag.py:2693} INFO - Sync 1 DAGs
[2023-05-28T15:02:41.740+0000] {logging_mixin.py:137} INFO - [2023-05-28T15:02:41.739+0000] {dag.py:3444} INFO - Setting next_dagrun for example_branch_python_operator_decorator to 2023-05-27T00:00:00+00:00, run_after=2023-05-28T00:00:00+00:00
[2023-05-28T15:02:41.763+0000] {processor.py:175} INFO - Processing /home/airflow/.local/lib/python3.7/site-packages/airflow/example_dags/example_branch_operator_decorator.py took 0.131 seconds
[2023-05-28T15:03:12.281+0000] {processor.py:153} INFO - Started process (PID=770) to work on /home/airflow/.local/lib/python3.7/site-packages/airflow/example_dags/example_branch_operator_decorator.py
[2023-05-28T15:03:12.281+0000] {processor.py:743} INFO - Processing file /home/airflow/.local/lib/python3.7/site-packages/airflow/example_dags/example_branch_operator_decorator.py for tasks to queue
[2023-05-28T15:03:12.282+0000] {logging_mixin.py:137} INFO - [2023-05-28T15:03:12.282+0000] {dagbag.py:532} INFO - Filling up the DagBag from /home/airflow/.local/lib/python3.7/site-packages/airflow/example_dags/example_branch_operator_decorator.py
[2023-05-28T15:03:12.315+0000] {processor.py:753} INFO - DAG(s) dict_keys(['example_branch_python_operator_decorator']) retrieved from /home/airflow/.local/lib/python3.7/site-packages/airflow/example_dags/example_branch_operator_decorator.py
[2023-05-28T15:03:12.349+0000] {logging_mixin.py:137} INFO - [2023-05-28T15:03:12.349+0000] {dag.py:2693} INFO - Sync 1 DAGs
[2023-05-28T15:03:12.387+0000] {logging_mixin.py:137} INFO - [2023-05-28T15:03:12.387+0000] {dag.py:3444} INFO - Setting next_dagrun for example_branch_python_operator_decorator to 2023-05-27T00:00:00+00:00, run_after=2023-05-28T00:00:00+00:00
[2023-05-28T15:03:12.408+0000] {processor.py:175} INFO - Processing /home/airflow/.local/lib/python3.7/site-packages/airflow/example_dags/example_branch_operator_decorator.py took 0.132 seconds
[2023-05-28T15:03:43.124+0000] {processor.py:153} INFO - Started process (PID=821) to work on /home/airflow/.local/lib/python3.7/site-packages/airflow/example_dags/example_branch_operator_decorator.py
[2023-05-28T15:03:43.125+0000] {processor.py:743} INFO - Processing file /home/airflow/.local/lib/python3.7/site-packages/airflow/example_dags/example_branch_operator_decorator.py for tasks to queue
[2023-05-28T15:03:43.126+0000] {logging_mixin.py:137} INFO - [2023-05-28T15:03:43.126+0000] {dagbag.py:532} INFO - Filling up the DagBag from /home/airflow/.local/lib/python3.7/site-packages/airflow/example_dags/example_branch_operator_decorator.py
[2023-05-28T15:03:43.157+0000] {processor.py:753} INFO - DAG(s) dict_keys(['example_branch_python_operator_decorator']) retrieved from /home/airflow/.local/lib/python3.7/site-packages/airflow/example_dags/example_branch_operator_decorator.py
[2023-05-28T15:03:43.209+0000] {logging_mixin.py:137} INFO - [2023-05-28T15:03:43.209+0000] {dag.py:2693} INFO - Sync 1 DAGs
[2023-05-28T15:03:43.247+0000] {logging_mixin.py:137} INFO - [2023-05-28T15:03:43.247+0000] {dag.py:3444} INFO - Setting next_dagrun for example_branch_python_operator_decorator to 2023-05-27T00:00:00+00:00, run_after=2023-05-28T00:00:00+00:00
[2023-05-28T15:03:43.271+0000] {processor.py:175} INFO - Processing /home/airflow/.local/lib/python3.7/site-packages/airflow/example_dags/example_branch_operator_decorator.py took 0.152 seconds
[2023-05-28T15:04:13.660+0000] {processor.py:153} INFO - Started process (PID=873) to work on /home/airflow/.local/lib/python3.7/site-packages/airflow/example_dags/example_branch_operator_decorator.py
[2023-05-28T15:04:13.661+0000] {processor.py:743} INFO - Processing file /home/airflow/.local/lib/python3.7/site-packages/airflow/example_dags/example_branch_operator_decorator.py for tasks to queue
[2023-05-28T15:04:13.661+0000] {logging_mixin.py:137} INFO - [2023-05-28T15:04:13.661+0000] {dagbag.py:532} INFO - Filling up the DagBag from /home/airflow/.local/lib/python3.7/site-packages/airflow/example_dags/example_branch_operator_decorator.py
[2023-05-28T15:04:13.695+0000] {processor.py:753} INFO - DAG(s) dict_keys(['example_branch_python_operator_decorator']) retrieved from /home/airflow/.local/lib/python3.7/site-packages/airflow/example_dags/example_branch_operator_decorator.py
[2023-05-28T15:04:13.729+0000] {logging_mixin.py:137} INFO - [2023-05-28T15:04:13.729+0000] {dag.py:2693} INFO - Sync 1 DAGs
[2023-05-28T15:04:13.765+0000] {logging_mixin.py:137} INFO - [2023-05-28T15:04:13.764+0000] {dag.py:3444} INFO - Setting next_dagrun for example_branch_python_operator_decorator to 2023-05-27T00:00:00+00:00, run_after=2023-05-28T00:00:00+00:00
[2023-05-28T15:04:13.786+0000] {processor.py:175} INFO - Processing /home/airflow/.local/lib/python3.7/site-packages/airflow/example_dags/example_branch_operator_decorator.py took 0.130 seconds
[2023-05-28T15:04:44.412+0000] {processor.py:153} INFO - Started process (PID=924) to work on /home/airflow/.local/lib/python3.7/site-packages/airflow/example_dags/example_branch_operator_decorator.py
[2023-05-28T15:04:44.413+0000] {processor.py:743} INFO - Processing file /home/airflow/.local/lib/python3.7/site-packages/airflow/example_dags/example_branch_operator_decorator.py for tasks to queue
[2023-05-28T15:04:44.414+0000] {logging_mixin.py:137} INFO - [2023-05-28T15:04:44.414+0000] {dagbag.py:532} INFO - Filling up the DagBag from /home/airflow/.local/lib/python3.7/site-packages/airflow/example_dags/example_branch_operator_decorator.py
[2023-05-28T15:04:44.447+0000] {processor.py:753} INFO - DAG(s) dict_keys(['example_branch_python_operator_decorator']) retrieved from /home/airflow/.local/lib/python3.7/site-packages/airflow/example_dags/example_branch_operator_decorator.py
[2023-05-28T15:04:44.481+0000] {logging_mixin.py:137} INFO - [2023-05-28T15:04:44.481+0000] {dag.py:2693} INFO - Sync 1 DAGs
[2023-05-28T15:04:44.523+0000] {logging_mixin.py:137} INFO - [2023-05-28T15:04:44.523+0000] {dag.py:3444} INFO - Setting next_dagrun for example_branch_python_operator_decorator to 2023-05-27T00:00:00+00:00, run_after=2023-05-28T00:00:00+00:00
[2023-05-28T15:04:44.545+0000] {processor.py:175} INFO - Processing /home/airflow/.local/lib/python3.7/site-packages/airflow/example_dags/example_branch_operator_decorator.py took 0.137 seconds
[2023-05-28T15:05:14.980+0000] {processor.py:153} INFO - Started process (PID=975) to work on /home/airflow/.local/lib/python3.7/site-packages/airflow/example_dags/example_branch_operator_decorator.py
[2023-05-28T15:05:14.981+0000] {processor.py:743} INFO - Processing file /home/airflow/.local/lib/python3.7/site-packages/airflow/example_dags/example_branch_operator_decorator.py for tasks to queue
[2023-05-28T15:05:14.982+0000] {logging_mixin.py:137} INFO - [2023-05-28T15:05:14.982+0000] {dagbag.py:532} INFO - Filling up the DagBag from /home/airflow/.local/lib/python3.7/site-packages/airflow/example_dags/example_branch_operator_decorator.py
[2023-05-28T15:05:15.015+0000] {processor.py:753} INFO - DAG(s) dict_keys(['example_branch_python_operator_decorator']) retrieved from /home/airflow/.local/lib/python3.7/site-packages/airflow/example_dags/example_branch_operator_decorator.py
[2023-05-28T15:05:15.051+0000] {logging_mixin.py:137} INFO - [2023-05-28T15:05:15.050+0000] {dag.py:2693} INFO - Sync 1 DAGs
[2023-05-28T15:05:15.087+0000] {logging_mixin.py:137} INFO - [2023-05-28T15:05:15.087+0000] {dag.py:3444} INFO - Setting next_dagrun for example_branch_python_operator_decorator to 2023-05-27T00:00:00+00:00, run_after=2023-05-28T00:00:00+00:00
[2023-05-28T15:05:15.110+0000] {processor.py:175} INFO - Processing /home/airflow/.local/lib/python3.7/site-packages/airflow/example_dags/example_branch_operator_decorator.py took 0.135 seconds
[2023-05-28T15:05:45.534+0000] {processor.py:153} INFO - Started process (PID=1026) to work on /home/airflow/.local/lib/python3.7/site-packages/airflow/example_dags/example_branch_operator_decorator.py
[2023-05-28T15:05:45.535+0000] {processor.py:743} INFO - Processing file /home/airflow/.local/lib/python3.7/site-packages/airflow/example_dags/example_branch_operator_decorator.py for tasks to queue
[2023-05-28T15:05:45.535+0000] {logging_mixin.py:137} INFO - [2023-05-28T15:05:45.535+0000] {dagbag.py:532} INFO - Filling up the DagBag from /home/airflow/.local/lib/python3.7/site-packages/airflow/example_dags/example_branch_operator_decorator.py
[2023-05-28T15:05:45.569+0000] {processor.py:753} INFO - DAG(s) dict_keys(['example_branch_python_operator_decorator']) retrieved from /home/airflow/.local/lib/python3.7/site-packages/airflow/example_dags/example_branch_operator_decorator.py
[2023-05-28T15:05:45.602+0000] {logging_mixin.py:137} INFO - [2023-05-28T15:05:45.602+0000] {dag.py:2693} INFO - Sync 1 DAGs
[2023-05-28T15:05:45.644+0000] {logging_mixin.py:137} INFO - [2023-05-28T15:05:45.643+0000] {dag.py:3444} INFO - Setting next_dagrun for example_branch_python_operator_decorator to 2023-05-27T00:00:00+00:00, run_after=2023-05-28T00:00:00+00:00
[2023-05-28T15:05:45.668+0000] {processor.py:175} INFO - Processing /home/airflow/.local/lib/python3.7/site-packages/airflow/example_dags/example_branch_operator_decorator.py took 0.138 seconds
[2023-05-28T15:06:16.344+0000] {processor.py:153} INFO - Started process (PID=1077) to work on /home/airflow/.local/lib/python3.7/site-packages/airflow/example_dags/example_branch_operator_decorator.py
[2023-05-28T15:06:16.345+0000] {processor.py:743} INFO - Processing file /home/airflow/.local/lib/python3.7/site-packages/airflow/example_dags/example_branch_operator_decorator.py for tasks to queue
[2023-05-28T15:06:16.345+0000] {logging_mixin.py:137} INFO - [2023-05-28T15:06:16.345+0000] {dagbag.py:532} INFO - Filling up the DagBag from /home/airflow/.local/lib/python3.7/site-packages/airflow/example_dags/example_branch_operator_decorator.py
[2023-05-28T15:06:16.378+0000] {processor.py:753} INFO - DAG(s) dict_keys(['example_branch_python_operator_decorator']) retrieved from /home/airflow/.local/lib/python3.7/site-packages/airflow/example_dags/example_branch_operator_decorator.py
[2023-05-28T15:06:16.414+0000] {logging_mixin.py:137} INFO - [2023-05-28T15:06:16.414+0000] {dag.py:2693} INFO - Sync 1 DAGs
[2023-05-28T15:06:16.448+0000] {logging_mixin.py:137} INFO - [2023-05-28T15:06:16.448+0000] {dag.py:3444} INFO - Setting next_dagrun for example_branch_python_operator_decorator to 2023-05-27T00:00:00+00:00, run_after=2023-05-28T00:00:00+00:00
[2023-05-28T15:06:16.478+0000] {processor.py:175} INFO - Processing /home/airflow/.local/lib/python3.7/site-packages/airflow/example_dags/example_branch_operator_decorator.py took 0.139 seconds
[2023-05-28T15:06:46.612+0000] {processor.py:153} INFO - Started process (PID=1128) to work on /home/airflow/.local/lib/python3.7/site-packages/airflow/example_dags/example_branch_operator_decorator.py
[2023-05-28T15:06:46.612+0000] {processor.py:743} INFO - Processing file /home/airflow/.local/lib/python3.7/site-packages/airflow/example_dags/example_branch_operator_decorator.py for tasks to queue
[2023-05-28T15:06:46.613+0000] {logging_mixin.py:137} INFO - [2023-05-28T15:06:46.613+0000] {dagbag.py:532} INFO - Filling up the DagBag from /home/airflow/.local/lib/python3.7/site-packages/airflow/example_dags/example_branch_operator_decorator.py
[2023-05-28T15:06:46.646+0000] {processor.py:753} INFO - DAG(s) dict_keys(['example_branch_python_operator_decorator']) retrieved from /home/airflow/.local/lib/python3.7/site-packages/airflow/example_dags/example_branch_operator_decorator.py
[2023-05-28T15:06:46.680+0000] {logging_mixin.py:137} INFO - [2023-05-28T15:06:46.680+0000] {dag.py:2693} INFO - Sync 1 DAGs
[2023-05-28T15:06:46.717+0000] {logging_mixin.py:137} INFO - [2023-05-28T15:06:46.717+0000] {dag.py:3444} INFO - Setting next_dagrun for example_branch_python_operator_decorator to 2023-05-27T00:00:00+00:00, run_after=2023-05-28T00:00:00+00:00
[2023-05-28T15:06:46.740+0000] {processor.py:175} INFO - Processing /home/airflow/.local/lib/python3.7/site-packages/airflow/example_dags/example_branch_operator_decorator.py took 0.133 seconds
[2023-05-28T15:07:18.406+0000] {processor.py:153} INFO - Started process (PID=1180) to work on /home/airflow/.local/lib/python3.7/site-packages/airflow/example_dags/example_branch_operator_decorator.py
[2023-05-28T15:07:18.418+0000] {processor.py:743} INFO - Processing file /home/airflow/.local/lib/python3.7/site-packages/airflow/example_dags/example_branch_operator_decorator.py for tasks to queue
[2023-05-28T15:07:18.419+0000] {logging_mixin.py:137} INFO - [2023-05-28T15:07:18.419+0000] {dagbag.py:532} INFO - Filling up the DagBag from /home/airflow/.local/lib/python3.7/site-packages/airflow/example_dags/example_branch_operator_decorator.py
[2023-05-28T15:07:18.481+0000] {processor.py:753} INFO - DAG(s) dict_keys(['example_branch_python_operator_decorator']) retrieved from /home/airflow/.local/lib/python3.7/site-packages/airflow/example_dags/example_branch_operator_decorator.py
[2023-05-28T15:07:18.553+0000] {logging_mixin.py:137} INFO - [2023-05-28T15:07:18.552+0000] {dag.py:2693} INFO - Sync 1 DAGs
[2023-05-28T15:07:18.625+0000] {logging_mixin.py:137} INFO - [2023-05-28T15:07:18.625+0000] {dag.py:3444} INFO - Setting next_dagrun for example_branch_python_operator_decorator to 2023-05-27T00:00:00+00:00, run_after=2023-05-28T00:00:00+00:00
[2023-05-28T15:07:18.661+0000] {processor.py:175} INFO - Processing /home/airflow/.local/lib/python3.7/site-packages/airflow/example_dags/example_branch_operator_decorator.py took 0.272 seconds
[2023-05-28T15:07:49.557+0000] {processor.py:153} INFO - Started process (PID=1231) to work on /home/airflow/.local/lib/python3.7/site-packages/airflow/example_dags/example_branch_operator_decorator.py
[2023-05-28T15:07:49.566+0000] {processor.py:743} INFO - Processing file /home/airflow/.local/lib/python3.7/site-packages/airflow/example_dags/example_branch_operator_decorator.py for tasks to queue
[2023-05-28T15:07:49.567+0000] {logging_mixin.py:137} INFO - [2023-05-28T15:07:49.567+0000] {dagbag.py:532} INFO - Filling up the DagBag from /home/airflow/.local/lib/python3.7/site-packages/airflow/example_dags/example_branch_operator_decorator.py
[2023-05-28T15:07:49.643+0000] {processor.py:753} INFO - DAG(s) dict_keys(['example_branch_python_operator_decorator']) retrieved from /home/airflow/.local/lib/python3.7/site-packages/airflow/example_dags/example_branch_operator_decorator.py
[2023-05-28T15:07:49.712+0000] {logging_mixin.py:137} INFO - [2023-05-28T15:07:49.712+0000] {dag.py:2693} INFO - Sync 1 DAGs
[2023-05-28T15:07:49.780+0000] {logging_mixin.py:137} INFO - [2023-05-28T15:07:49.780+0000] {dag.py:3444} INFO - Setting next_dagrun for example_branch_python_operator_decorator to 2023-05-27T00:00:00+00:00, run_after=2023-05-28T00:00:00+00:00
[2023-05-28T15:07:49.835+0000] {processor.py:175} INFO - Processing /home/airflow/.local/lib/python3.7/site-packages/airflow/example_dags/example_branch_operator_decorator.py took 0.282 seconds
[2023-05-28T15:08:20.520+0000] {processor.py:153} INFO - Started process (PID=1282) to work on /home/airflow/.local/lib/python3.7/site-packages/airflow/example_dags/example_branch_operator_decorator.py
[2023-05-28T15:08:20.520+0000] {processor.py:743} INFO - Processing file /home/airflow/.local/lib/python3.7/site-packages/airflow/example_dags/example_branch_operator_decorator.py for tasks to queue
[2023-05-28T15:08:20.521+0000] {logging_mixin.py:137} INFO - [2023-05-28T15:08:20.521+0000] {dagbag.py:532} INFO - Filling up the DagBag from /home/airflow/.local/lib/python3.7/site-packages/airflow/example_dags/example_branch_operator_decorator.py
[2023-05-28T15:08:20.554+0000] {processor.py:753} INFO - DAG(s) dict_keys(['example_branch_python_operator_decorator']) retrieved from /home/airflow/.local/lib/python3.7/site-packages/airflow/example_dags/example_branch_operator_decorator.py
[2023-05-28T15:08:20.586+0000] {logging_mixin.py:137} INFO - [2023-05-28T15:08:20.586+0000] {dag.py:2693} INFO - Sync 1 DAGs
[2023-05-28T15:08:20.620+0000] {logging_mixin.py:137} INFO - [2023-05-28T15:08:20.620+0000] {dag.py:3444} INFO - Setting next_dagrun for example_branch_python_operator_decorator to 2023-05-27T00:00:00+00:00, run_after=2023-05-28T00:00:00+00:00
[2023-05-28T15:08:20.643+0000] {processor.py:175} INFO - Processing /home/airflow/.local/lib/python3.7/site-packages/airflow/example_dags/example_branch_operator_decorator.py took 0.128 seconds
[2023-05-28T15:08:51.572+0000] {processor.py:153} INFO - Started process (PID=1334) to work on /home/airflow/.local/lib/python3.7/site-packages/airflow/example_dags/example_branch_operator_decorator.py
[2023-05-28T15:08:51.573+0000] {processor.py:743} INFO - Processing file /home/airflow/.local/lib/python3.7/site-packages/airflow/example_dags/example_branch_operator_decorator.py for tasks to queue
[2023-05-28T15:08:51.573+0000] {logging_mixin.py:137} INFO - [2023-05-28T15:08:51.573+0000] {dagbag.py:532} INFO - Filling up the DagBag from /home/airflow/.local/lib/python3.7/site-packages/airflow/example_dags/example_branch_operator_decorator.py
[2023-05-28T15:08:51.606+0000] {processor.py:753} INFO - DAG(s) dict_keys(['example_branch_python_operator_decorator']) retrieved from /home/airflow/.local/lib/python3.7/site-packages/airflow/example_dags/example_branch_operator_decorator.py
[2023-05-28T15:08:51.641+0000] {logging_mixin.py:137} INFO - [2023-05-28T15:08:51.641+0000] {dag.py:2693} INFO - Sync 1 DAGs
[2023-05-28T15:08:51.677+0000] {logging_mixin.py:137} INFO - [2023-05-28T15:08:51.677+0000] {dag.py:3444} INFO - Setting next_dagrun for example_branch_python_operator_decorator to 2023-05-27T00:00:00+00:00, run_after=2023-05-28T00:00:00+00:00
[2023-05-28T15:08:51.699+0000] {processor.py:175} INFO - Processing /home/airflow/.local/lib/python3.7/site-packages/airflow/example_dags/example_branch_operator_decorator.py took 0.132 seconds
[2023-05-28T15:09:22.384+0000] {processor.py:153} INFO - Started process (PID=1385) to work on /home/airflow/.local/lib/python3.7/site-packages/airflow/example_dags/example_branch_operator_decorator.py
[2023-05-28T15:09:22.388+0000] {processor.py:743} INFO - Processing file /home/airflow/.local/lib/python3.7/site-packages/airflow/example_dags/example_branch_operator_decorator.py for tasks to queue
[2023-05-28T15:09:22.388+0000] {logging_mixin.py:137} INFO - [2023-05-28T15:09:22.388+0000] {dagbag.py:532} INFO - Filling up the DagBag from /home/airflow/.local/lib/python3.7/site-packages/airflow/example_dags/example_branch_operator_decorator.py
[2023-05-28T15:09:22.464+0000] {processor.py:753} INFO - DAG(s) dict_keys(['example_branch_python_operator_decorator']) retrieved from /home/airflow/.local/lib/python3.7/site-packages/airflow/example_dags/example_branch_operator_decorator.py
[2023-05-28T15:09:22.518+0000] {logging_mixin.py:137} INFO - [2023-05-28T15:09:22.518+0000] {dag.py:2693} INFO - Sync 1 DAGs
[2023-05-28T15:09:22.562+0000] {logging_mixin.py:137} INFO - [2023-05-28T15:09:22.562+0000] {dag.py:3444} INFO - Setting next_dagrun for example_branch_python_operator_decorator to 2023-05-27T00:00:00+00:00, run_after=2023-05-28T00:00:00+00:00
[2023-05-28T15:09:22.603+0000] {processor.py:175} INFO - Processing /home/airflow/.local/lib/python3.7/site-packages/airflow/example_dags/example_branch_operator_decorator.py took 0.231 seconds
[2023-05-28T15:09:52.843+0000] {processor.py:153} INFO - Started process (PID=1437) to work on /home/airflow/.local/lib/python3.7/site-packages/airflow/example_dags/example_branch_operator_decorator.py
[2023-05-28T15:09:52.844+0000] {processor.py:743} INFO - Processing file /home/airflow/.local/lib/python3.7/site-packages/airflow/example_dags/example_branch_operator_decorator.py for tasks to queue
[2023-05-28T15:09:52.845+0000] {logging_mixin.py:137} INFO - [2023-05-28T15:09:52.845+0000] {dagbag.py:532} INFO - Filling up the DagBag from /home/airflow/.local/lib/python3.7/site-packages/airflow/example_dags/example_branch_operator_decorator.py
[2023-05-28T15:09:52.877+0000] {processor.py:753} INFO - DAG(s) dict_keys(['example_branch_python_operator_decorator']) retrieved from /home/airflow/.local/lib/python3.7/site-packages/airflow/example_dags/example_branch_operator_decorator.py
[2023-05-28T15:09:52.911+0000] {logging_mixin.py:137} INFO - [2023-05-28T15:09:52.911+0000] {dag.py:2693} INFO - Sync 1 DAGs
[2023-05-28T15:09:52.952+0000] {logging_mixin.py:137} INFO - [2023-05-28T15:09:52.951+0000] {dag.py:3444} INFO - Setting next_dagrun for example_branch_python_operator_decorator to 2023-05-27T00:00:00+00:00, run_after=2023-05-28T00:00:00+00:00
[2023-05-28T15:09:52.973+0000] {processor.py:175} INFO - Processing /home/airflow/.local/lib/python3.7/site-packages/airflow/example_dags/example_branch_operator_decorator.py took 0.135 seconds
[2023-05-28T15:10:23.059+0000] {processor.py:153} INFO - Started process (PID=1488) to work on /home/airflow/.local/lib/python3.7/site-packages/airflow/example_dags/example_branch_operator_decorator.py
[2023-05-28T15:10:23.060+0000] {processor.py:743} INFO - Processing file /home/airflow/.local/lib/python3.7/site-packages/airflow/example_dags/example_branch_operator_decorator.py for tasks to queue
[2023-05-28T15:10:23.061+0000] {logging_mixin.py:137} INFO - [2023-05-28T15:10:23.060+0000] {dagbag.py:532} INFO - Filling up the DagBag from /home/airflow/.local/lib/python3.7/site-packages/airflow/example_dags/example_branch_operator_decorator.py
[2023-05-28T15:10:23.093+0000] {processor.py:753} INFO - DAG(s) dict_keys(['example_branch_python_operator_decorator']) retrieved from /home/airflow/.local/lib/python3.7/site-packages/airflow/example_dags/example_branch_operator_decorator.py
[2023-05-28T15:10:23.127+0000] {logging_mixin.py:137} INFO - [2023-05-28T15:10:23.127+0000] {dag.py:2693} INFO - Sync 1 DAGs
[2023-05-28T15:10:23.164+0000] {logging_mixin.py:137} INFO - [2023-05-28T15:10:23.164+0000] {dag.py:3444} INFO - Setting next_dagrun for example_branch_python_operator_decorator to 2023-05-27T00:00:00+00:00, run_after=2023-05-28T00:00:00+00:00
[2023-05-28T15:10:23.187+0000] {processor.py:175} INFO - Processing /home/airflow/.local/lib/python3.7/site-packages/airflow/example_dags/example_branch_operator_decorator.py took 0.132 seconds
[2023-05-28T16:05:08.209+0000] {processor.py:153} INFO - Started process (PID=52) to work on /home/airflow/.local/lib/python3.7/site-packages/airflow/example_dags/example_branch_operator_decorator.py
[2023-05-28T16:05:08.214+0000] {processor.py:743} INFO - Processing file /home/airflow/.local/lib/python3.7/site-packages/airflow/example_dags/example_branch_operator_decorator.py for tasks to queue
[2023-05-28T16:05:08.215+0000] {logging_mixin.py:137} INFO - [2023-05-28T16:05:08.215+0000] {dagbag.py:532} INFO - Filling up the DagBag from /home/airflow/.local/lib/python3.7/site-packages/airflow/example_dags/example_branch_operator_decorator.py
[2023-05-28T16:05:08.310+0000] {processor.py:753} INFO - DAG(s) dict_keys(['example_branch_python_operator_decorator']) retrieved from /home/airflow/.local/lib/python3.7/site-packages/airflow/example_dags/example_branch_operator_decorator.py
[2023-05-28T16:05:08.429+0000] {logging_mixin.py:137} INFO - [2023-05-28T16:05:08.428+0000] {dag.py:2693} INFO - Sync 1 DAGs
[2023-05-28T16:05:08.575+0000] {logging_mixin.py:137} INFO - [2023-05-28T16:05:08.575+0000] {dag.py:3444} INFO - Setting next_dagrun for example_branch_python_operator_decorator to 2023-05-27T00:00:00+00:00, run_after=2023-05-28T00:00:00+00:00
[2023-05-28T16:05:08.698+0000] {processor.py:175} INFO - Processing /home/airflow/.local/lib/python3.7/site-packages/airflow/example_dags/example_branch_operator_decorator.py took 0.497 seconds
[2023-05-28T16:05:39.199+0000] {processor.py:153} INFO - Started process (PID=104) to work on /home/airflow/.local/lib/python3.7/site-packages/airflow/example_dags/example_branch_operator_decorator.py
[2023-05-28T16:05:39.200+0000] {processor.py:743} INFO - Processing file /home/airflow/.local/lib/python3.7/site-packages/airflow/example_dags/example_branch_operator_decorator.py for tasks to queue
[2023-05-28T16:05:39.201+0000] {logging_mixin.py:137} INFO - [2023-05-28T16:05:39.201+0000] {dagbag.py:532} INFO - Filling up the DagBag from /home/airflow/.local/lib/python3.7/site-packages/airflow/example_dags/example_branch_operator_decorator.py
[2023-05-28T16:05:39.240+0000] {processor.py:753} INFO - DAG(s) dict_keys(['example_branch_python_operator_decorator']) retrieved from /home/airflow/.local/lib/python3.7/site-packages/airflow/example_dags/example_branch_operator_decorator.py
[2023-05-28T16:05:39.277+0000] {logging_mixin.py:137} INFO - [2023-05-28T16:05:39.277+0000] {dag.py:2693} INFO - Sync 1 DAGs
[2023-05-28T16:05:39.319+0000] {logging_mixin.py:137} INFO - [2023-05-28T16:05:39.319+0000] {dag.py:3444} INFO - Setting next_dagrun for example_branch_python_operator_decorator to 2023-05-27T00:00:00+00:00, run_after=2023-05-28T00:00:00+00:00
[2023-05-28T16:05:39.342+0000] {processor.py:175} INFO - Processing /home/airflow/.local/lib/python3.7/site-packages/airflow/example_dags/example_branch_operator_decorator.py took 0.146 seconds
[2023-05-28T16:06:10.050+0000] {processor.py:153} INFO - Started process (PID=156) to work on /home/airflow/.local/lib/python3.7/site-packages/airflow/example_dags/example_branch_operator_decorator.py
[2023-05-28T16:06:10.052+0000] {processor.py:743} INFO - Processing file /home/airflow/.local/lib/python3.7/site-packages/airflow/example_dags/example_branch_operator_decorator.py for tasks to queue
[2023-05-28T16:06:10.052+0000] {logging_mixin.py:137} INFO - [2023-05-28T16:06:10.052+0000] {dagbag.py:532} INFO - Filling up the DagBag from /home/airflow/.local/lib/python3.7/site-packages/airflow/example_dags/example_branch_operator_decorator.py
[2023-05-28T16:06:10.085+0000] {processor.py:753} INFO - DAG(s) dict_keys(['example_branch_python_operator_decorator']) retrieved from /home/airflow/.local/lib/python3.7/site-packages/airflow/example_dags/example_branch_operator_decorator.py
[2023-05-28T16:06:10.118+0000] {logging_mixin.py:137} INFO - [2023-05-28T16:06:10.118+0000] {dag.py:2693} INFO - Sync 1 DAGs
[2023-05-28T16:06:10.159+0000] {logging_mixin.py:137} INFO - [2023-05-28T16:06:10.158+0000] {dag.py:3444} INFO - Setting next_dagrun for example_branch_python_operator_decorator to 2023-05-27T00:00:00+00:00, run_after=2023-05-28T00:00:00+00:00
[2023-05-28T16:06:10.179+0000] {processor.py:175} INFO - Processing /home/airflow/.local/lib/python3.7/site-packages/airflow/example_dags/example_branch_operator_decorator.py took 0.132 seconds
[2023-05-28T16:06:40.558+0000] {processor.py:153} INFO - Started process (PID=207) to work on /home/airflow/.local/lib/python3.7/site-packages/airflow/example_dags/example_branch_operator_decorator.py
[2023-05-28T16:06:40.558+0000] {processor.py:743} INFO - Processing file /home/airflow/.local/lib/python3.7/site-packages/airflow/example_dags/example_branch_operator_decorator.py for tasks to queue
[2023-05-28T16:06:40.559+0000] {logging_mixin.py:137} INFO - [2023-05-28T16:06:40.559+0000] {dagbag.py:532} INFO - Filling up the DagBag from /home/airflow/.local/lib/python3.7/site-packages/airflow/example_dags/example_branch_operator_decorator.py
[2023-05-28T16:06:40.591+0000] {processor.py:753} INFO - DAG(s) dict_keys(['example_branch_python_operator_decorator']) retrieved from /home/airflow/.local/lib/python3.7/site-packages/airflow/example_dags/example_branch_operator_decorator.py
[2023-05-28T16:06:40.625+0000] {logging_mixin.py:137} INFO - [2023-05-28T16:06:40.625+0000] {dag.py:2693} INFO - Sync 1 DAGs
[2023-05-28T16:06:40.661+0000] {logging_mixin.py:137} INFO - [2023-05-28T16:06:40.661+0000] {dag.py:3444} INFO - Setting next_dagrun for example_branch_python_operator_decorator to 2023-05-27T00:00:00+00:00, run_after=2023-05-28T00:00:00+00:00
[2023-05-28T16:06:40.684+0000] {processor.py:175} INFO - Processing /home/airflow/.local/lib/python3.7/site-packages/airflow/example_dags/example_branch_operator_decorator.py took 0.130 seconds
[2023-05-28T16:07:11.380+0000] {processor.py:153} INFO - Started process (PID=258) to work on /home/airflow/.local/lib/python3.7/site-packages/airflow/example_dags/example_branch_operator_decorator.py
[2023-05-28T16:07:11.381+0000] {processor.py:743} INFO - Processing file /home/airflow/.local/lib/python3.7/site-packages/airflow/example_dags/example_branch_operator_decorator.py for tasks to queue
[2023-05-28T16:07:11.382+0000] {logging_mixin.py:137} INFO - [2023-05-28T16:07:11.382+0000] {dagbag.py:532} INFO - Filling up the DagBag from /home/airflow/.local/lib/python3.7/site-packages/airflow/example_dags/example_branch_operator_decorator.py
[2023-05-28T16:07:11.414+0000] {processor.py:753} INFO - DAG(s) dict_keys(['example_branch_python_operator_decorator']) retrieved from /home/airflow/.local/lib/python3.7/site-packages/airflow/example_dags/example_branch_operator_decorator.py
[2023-05-28T16:07:11.458+0000] {logging_mixin.py:137} INFO - [2023-05-28T16:07:11.458+0000] {dag.py:2693} INFO - Sync 1 DAGs
[2023-05-28T16:07:11.493+0000] {logging_mixin.py:137} INFO - [2023-05-28T16:07:11.493+0000] {dag.py:3444} INFO - Setting next_dagrun for example_branch_python_operator_decorator to 2023-05-27T00:00:00+00:00, run_after=2023-05-28T00:00:00+00:00
[2023-05-28T16:07:11.515+0000] {processor.py:175} INFO - Processing /home/airflow/.local/lib/python3.7/site-packages/airflow/example_dags/example_branch_operator_decorator.py took 0.139 seconds
[2023-05-28T16:07:42.398+0000] {processor.py:153} INFO - Started process (PID=309) to work on /home/airflow/.local/lib/python3.7/site-packages/airflow/example_dags/example_branch_operator_decorator.py
[2023-05-28T16:07:42.399+0000] {processor.py:743} INFO - Processing file /home/airflow/.local/lib/python3.7/site-packages/airflow/example_dags/example_branch_operator_decorator.py for tasks to queue
[2023-05-28T16:07:42.400+0000] {logging_mixin.py:137} INFO - [2023-05-28T16:07:42.399+0000] {dagbag.py:532} INFO - Filling up the DagBag from /home/airflow/.local/lib/python3.7/site-packages/airflow/example_dags/example_branch_operator_decorator.py
[2023-05-28T16:07:42.431+0000] {processor.py:753} INFO - DAG(s) dict_keys(['example_branch_python_operator_decorator']) retrieved from /home/airflow/.local/lib/python3.7/site-packages/airflow/example_dags/example_branch_operator_decorator.py
[2023-05-28T16:07:42.465+0000] {logging_mixin.py:137} INFO - [2023-05-28T16:07:42.465+0000] {dag.py:2693} INFO - Sync 1 DAGs
[2023-05-28T16:07:42.500+0000] {logging_mixin.py:137} INFO - [2023-05-28T16:07:42.500+0000] {dag.py:3444} INFO - Setting next_dagrun for example_branch_python_operator_decorator to 2023-05-27T00:00:00+00:00, run_after=2023-05-28T00:00:00+00:00
[2023-05-28T16:07:42.521+0000] {processor.py:175} INFO - Processing /home/airflow/.local/lib/python3.7/site-packages/airflow/example_dags/example_branch_operator_decorator.py took 0.127 seconds
[2023-05-28T16:08:13.050+0000] {processor.py:153} INFO - Started process (PID=360) to work on /home/airflow/.local/lib/python3.7/site-packages/airflow/example_dags/example_branch_operator_decorator.py
[2023-05-28T16:08:13.051+0000] {processor.py:743} INFO - Processing file /home/airflow/.local/lib/python3.7/site-packages/airflow/example_dags/example_branch_operator_decorator.py for tasks to queue
[2023-05-28T16:08:13.052+0000] {logging_mixin.py:137} INFO - [2023-05-28T16:08:13.051+0000] {dagbag.py:532} INFO - Filling up the DagBag from /home/airflow/.local/lib/python3.7/site-packages/airflow/example_dags/example_branch_operator_decorator.py
[2023-05-28T16:08:13.083+0000] {processor.py:753} INFO - DAG(s) dict_keys(['example_branch_python_operator_decorator']) retrieved from /home/airflow/.local/lib/python3.7/site-packages/airflow/example_dags/example_branch_operator_decorator.py
[2023-05-28T16:08:13.117+0000] {logging_mixin.py:137} INFO - [2023-05-28T16:08:13.117+0000] {dag.py:2693} INFO - Sync 1 DAGs
[2023-05-28T16:08:13.153+0000] {logging_mixin.py:137} INFO - [2023-05-28T16:08:13.153+0000] {dag.py:3444} INFO - Setting next_dagrun for example_branch_python_operator_decorator to 2023-05-27T00:00:00+00:00, run_after=2023-05-28T00:00:00+00:00
[2023-05-28T16:08:13.175+0000] {processor.py:175} INFO - Processing /home/airflow/.local/lib/python3.7/site-packages/airflow/example_dags/example_branch_operator_decorator.py took 0.130 seconds
[2023-05-28T16:08:43.627+0000] {processor.py:153} INFO - Started process (PID=411) to work on /home/airflow/.local/lib/python3.7/site-packages/airflow/example_dags/example_branch_operator_decorator.py
[2023-05-28T16:08:43.629+0000] {processor.py:743} INFO - Processing file /home/airflow/.local/lib/python3.7/site-packages/airflow/example_dags/example_branch_operator_decorator.py for tasks to queue
[2023-05-28T16:08:43.630+0000] {logging_mixin.py:137} INFO - [2023-05-28T16:08:43.630+0000] {dagbag.py:532} INFO - Filling up the DagBag from /home/airflow/.local/lib/python3.7/site-packages/airflow/example_dags/example_branch_operator_decorator.py
[2023-05-28T16:08:43.671+0000] {processor.py:753} INFO - DAG(s) dict_keys(['example_branch_python_operator_decorator']) retrieved from /home/airflow/.local/lib/python3.7/site-packages/airflow/example_dags/example_branch_operator_decorator.py
[2023-05-28T16:08:43.709+0000] {logging_mixin.py:137} INFO - [2023-05-28T16:08:43.709+0000] {dag.py:2693} INFO - Sync 1 DAGs
[2023-05-28T16:08:43.745+0000] {logging_mixin.py:137} INFO - [2023-05-28T16:08:43.745+0000] {dag.py:3444} INFO - Setting next_dagrun for example_branch_python_operator_decorator to 2023-05-27T00:00:00+00:00, run_after=2023-05-28T00:00:00+00:00
[2023-05-28T16:08:43.769+0000] {processor.py:175} INFO - Processing /home/airflow/.local/lib/python3.7/site-packages/airflow/example_dags/example_branch_operator_decorator.py took 0.146 seconds
[2023-05-28T16:09:14.270+0000] {processor.py:153} INFO - Started process (PID=462) to work on /home/airflow/.local/lib/python3.7/site-packages/airflow/example_dags/example_branch_operator_decorator.py
[2023-05-28T16:09:14.271+0000] {processor.py:743} INFO - Processing file /home/airflow/.local/lib/python3.7/site-packages/airflow/example_dags/example_branch_operator_decorator.py for tasks to queue
[2023-05-28T16:09:14.272+0000] {logging_mixin.py:137} INFO - [2023-05-28T16:09:14.272+0000] {dagbag.py:532} INFO - Filling up the DagBag from /home/airflow/.local/lib/python3.7/site-packages/airflow/example_dags/example_branch_operator_decorator.py
[2023-05-28T16:09:14.306+0000] {processor.py:753} INFO - DAG(s) dict_keys(['example_branch_python_operator_decorator']) retrieved from /home/airflow/.local/lib/python3.7/site-packages/airflow/example_dags/example_branch_operator_decorator.py
[2023-05-28T16:09:14.340+0000] {logging_mixin.py:137} INFO - [2023-05-28T16:09:14.340+0000] {dag.py:2693} INFO - Sync 1 DAGs
[2023-05-28T16:09:14.373+0000] {logging_mixin.py:137} INFO - [2023-05-28T16:09:14.373+0000] {dag.py:3444} INFO - Setting next_dagrun for example_branch_python_operator_decorator to 2023-05-27T00:00:00+00:00, run_after=2023-05-28T00:00:00+00:00
[2023-05-28T16:09:14.394+0000] {processor.py:175} INFO - Processing /home/airflow/.local/lib/python3.7/site-packages/airflow/example_dags/example_branch_operator_decorator.py took 0.129 seconds
[2023-05-28T16:09:47.045+0000] {processor.py:153} INFO - Started process (PID=520) to work on /home/airflow/.local/lib/python3.7/site-packages/airflow/example_dags/example_branch_operator_decorator.py
[2023-05-28T16:09:47.046+0000] {processor.py:743} INFO - Processing file /home/airflow/.local/lib/python3.7/site-packages/airflow/example_dags/example_branch_operator_decorator.py for tasks to queue
[2023-05-28T16:09:47.047+0000] {logging_mixin.py:137} INFO - [2023-05-28T16:09:47.047+0000] {dagbag.py:532} INFO - Filling up the DagBag from /home/airflow/.local/lib/python3.7/site-packages/airflow/example_dags/example_branch_operator_decorator.py
[2023-05-28T16:09:47.104+0000] {processor.py:753} INFO - DAG(s) dict_keys(['example_branch_python_operator_decorator']) retrieved from /home/airflow/.local/lib/python3.7/site-packages/airflow/example_dags/example_branch_operator_decorator.py
[2023-05-28T16:09:47.160+0000] {logging_mixin.py:137} INFO - [2023-05-28T16:09:47.160+0000] {dag.py:2693} INFO - Sync 1 DAGs
[2023-05-28T16:09:47.225+0000] {logging_mixin.py:137} INFO - [2023-05-28T16:09:47.224+0000] {dag.py:3444} INFO - Setting next_dagrun for example_branch_python_operator_decorator to 2023-05-27T00:00:00+00:00, run_after=2023-05-28T00:00:00+00:00
[2023-05-28T16:09:47.267+0000] {processor.py:175} INFO - Processing /home/airflow/.local/lib/python3.7/site-packages/airflow/example_dags/example_branch_operator_decorator.py took 0.226 seconds
[2023-05-28T16:10:17.485+0000] {processor.py:153} INFO - Started process (PID=571) to work on /home/airflow/.local/lib/python3.7/site-packages/airflow/example_dags/example_branch_operator_decorator.py
[2023-05-28T16:10:17.485+0000] {processor.py:743} INFO - Processing file /home/airflow/.local/lib/python3.7/site-packages/airflow/example_dags/example_branch_operator_decorator.py for tasks to queue
[2023-05-28T16:10:17.486+0000] {logging_mixin.py:137} INFO - [2023-05-28T16:10:17.486+0000] {dagbag.py:532} INFO - Filling up the DagBag from /home/airflow/.local/lib/python3.7/site-packages/airflow/example_dags/example_branch_operator_decorator.py
[2023-05-28T16:10:17.518+0000] {processor.py:753} INFO - DAG(s) dict_keys(['example_branch_python_operator_decorator']) retrieved from /home/airflow/.local/lib/python3.7/site-packages/airflow/example_dags/example_branch_operator_decorator.py
[2023-05-28T16:10:17.554+0000] {logging_mixin.py:137} INFO - [2023-05-28T16:10:17.554+0000] {dag.py:2693} INFO - Sync 1 DAGs
[2023-05-28T16:10:17.589+0000] {logging_mixin.py:137} INFO - [2023-05-28T16:10:17.589+0000] {dag.py:3444} INFO - Setting next_dagrun for example_branch_python_operator_decorator to 2023-05-27T00:00:00+00:00, run_after=2023-05-28T00:00:00+00:00
[2023-05-28T16:10:17.631+0000] {processor.py:175} INFO - Processing /home/airflow/.local/lib/python3.7/site-packages/airflow/example_dags/example_branch_operator_decorator.py took 0.150 seconds
[2023-05-28T16:10:47.892+0000] {processor.py:153} INFO - Started process (PID=622) to work on /home/airflow/.local/lib/python3.7/site-packages/airflow/example_dags/example_branch_operator_decorator.py
[2023-05-28T16:10:47.893+0000] {processor.py:743} INFO - Processing file /home/airflow/.local/lib/python3.7/site-packages/airflow/example_dags/example_branch_operator_decorator.py for tasks to queue
[2023-05-28T16:10:47.894+0000] {logging_mixin.py:137} INFO - [2023-05-28T16:10:47.894+0000] {dagbag.py:532} INFO - Filling up the DagBag from /home/airflow/.local/lib/python3.7/site-packages/airflow/example_dags/example_branch_operator_decorator.py
[2023-05-28T16:10:47.929+0000] {processor.py:753} INFO - DAG(s) dict_keys(['example_branch_python_operator_decorator']) retrieved from /home/airflow/.local/lib/python3.7/site-packages/airflow/example_dags/example_branch_operator_decorator.py
[2023-05-28T16:10:47.963+0000] {logging_mixin.py:137} INFO - [2023-05-28T16:10:47.963+0000] {dag.py:2693} INFO - Sync 1 DAGs
[2023-05-28T16:10:47.999+0000] {logging_mixin.py:137} INFO - [2023-05-28T16:10:47.999+0000] {dag.py:3444} INFO - Setting next_dagrun for example_branch_python_operator_decorator to 2023-05-27T00:00:00+00:00, run_after=2023-05-28T00:00:00+00:00
[2023-05-28T16:10:48.022+0000] {processor.py:175} INFO - Processing /home/airflow/.local/lib/python3.7/site-packages/airflow/example_dags/example_branch_operator_decorator.py took 0.134 seconds
[2023-05-28T16:11:18.741+0000] {processor.py:153} INFO - Started process (PID=673) to work on /home/airflow/.local/lib/python3.7/site-packages/airflow/example_dags/example_branch_operator_decorator.py
[2023-05-28T16:11:18.741+0000] {processor.py:743} INFO - Processing file /home/airflow/.local/lib/python3.7/site-packages/airflow/example_dags/example_branch_operator_decorator.py for tasks to queue
[2023-05-28T16:11:18.742+0000] {logging_mixin.py:137} INFO - [2023-05-28T16:11:18.742+0000] {dagbag.py:532} INFO - Filling up the DagBag from /home/airflow/.local/lib/python3.7/site-packages/airflow/example_dags/example_branch_operator_decorator.py
[2023-05-28T16:11:18.802+0000] {processor.py:753} INFO - DAG(s) dict_keys(['example_branch_python_operator_decorator']) retrieved from /home/airflow/.local/lib/python3.7/site-packages/airflow/example_dags/example_branch_operator_decorator.py
[2023-05-28T16:11:18.836+0000] {logging_mixin.py:137} INFO - [2023-05-28T16:11:18.835+0000] {dag.py:2693} INFO - Sync 1 DAGs
[2023-05-28T16:11:18.872+0000] {logging_mixin.py:137} INFO - [2023-05-28T16:11:18.872+0000] {dag.py:3444} INFO - Setting next_dagrun for example_branch_python_operator_decorator to 2023-05-27T00:00:00+00:00, run_after=2023-05-28T00:00:00+00:00
[2023-05-28T16:11:18.903+0000] {processor.py:175} INFO - Processing /home/airflow/.local/lib/python3.7/site-packages/airflow/example_dags/example_branch_operator_decorator.py took 0.167 seconds
[2023-05-28T16:11:49.046+0000] {processor.py:153} INFO - Started process (PID=725) to work on /home/airflow/.local/lib/python3.7/site-packages/airflow/example_dags/example_branch_operator_decorator.py
[2023-05-28T16:11:49.047+0000] {processor.py:743} INFO - Processing file /home/airflow/.local/lib/python3.7/site-packages/airflow/example_dags/example_branch_operator_decorator.py for tasks to queue
[2023-05-28T16:11:49.048+0000] {logging_mixin.py:137} INFO - [2023-05-28T16:11:49.047+0000] {dagbag.py:532} INFO - Filling up the DagBag from /home/airflow/.local/lib/python3.7/site-packages/airflow/example_dags/example_branch_operator_decorator.py
[2023-05-28T16:11:49.082+0000] {processor.py:753} INFO - DAG(s) dict_keys(['example_branch_python_operator_decorator']) retrieved from /home/airflow/.local/lib/python3.7/site-packages/airflow/example_dags/example_branch_operator_decorator.py
[2023-05-28T16:11:49.116+0000] {logging_mixin.py:137} INFO - [2023-05-28T16:11:49.116+0000] {dag.py:2693} INFO - Sync 1 DAGs
[2023-05-28T16:11:49.159+0000] {logging_mixin.py:137} INFO - [2023-05-28T16:11:49.158+0000] {dag.py:3444} INFO - Setting next_dagrun for example_branch_python_operator_decorator to 2023-05-27T00:00:00+00:00, run_after=2023-05-28T00:00:00+00:00
[2023-05-28T16:11:49.207+0000] {processor.py:175} INFO - Processing /home/airflow/.local/lib/python3.7/site-packages/airflow/example_dags/example_branch_operator_decorator.py took 0.165 seconds
[2023-05-28T16:12:19.701+0000] {processor.py:153} INFO - Started process (PID=776) to work on /home/airflow/.local/lib/python3.7/site-packages/airflow/example_dags/example_branch_operator_decorator.py
[2023-05-28T16:12:19.704+0000] {processor.py:743} INFO - Processing file /home/airflow/.local/lib/python3.7/site-packages/airflow/example_dags/example_branch_operator_decorator.py for tasks to queue
[2023-05-28T16:12:19.705+0000] {logging_mixin.py:137} INFO - [2023-05-28T16:12:19.705+0000] {dagbag.py:532} INFO - Filling up the DagBag from /home/airflow/.local/lib/python3.7/site-packages/airflow/example_dags/example_branch_operator_decorator.py
[2023-05-28T16:12:19.737+0000] {processor.py:753} INFO - DAG(s) dict_keys(['example_branch_python_operator_decorator']) retrieved from /home/airflow/.local/lib/python3.7/site-packages/airflow/example_dags/example_branch_operator_decorator.py
[2023-05-28T16:12:19.770+0000] {logging_mixin.py:137} INFO - [2023-05-28T16:12:19.770+0000] {dag.py:2693} INFO - Sync 1 DAGs
[2023-05-28T16:12:19.805+0000] {logging_mixin.py:137} INFO - [2023-05-28T16:12:19.805+0000] {dag.py:3444} INFO - Setting next_dagrun for example_branch_python_operator_decorator to 2023-05-27T00:00:00+00:00, run_after=2023-05-28T00:00:00+00:00
[2023-05-28T16:12:19.826+0000] {processor.py:175} INFO - Processing /home/airflow/.local/lib/python3.7/site-packages/airflow/example_dags/example_branch_operator_decorator.py took 0.130 seconds
[2023-05-28T16:12:50.229+0000] {processor.py:153} INFO - Started process (PID=827) to work on /home/airflow/.local/lib/python3.7/site-packages/airflow/example_dags/example_branch_operator_decorator.py
[2023-05-28T16:12:50.229+0000] {processor.py:743} INFO - Processing file /home/airflow/.local/lib/python3.7/site-packages/airflow/example_dags/example_branch_operator_decorator.py for tasks to queue
[2023-05-28T16:12:50.230+0000] {logging_mixin.py:137} INFO - [2023-05-28T16:12:50.230+0000] {dagbag.py:532} INFO - Filling up the DagBag from /home/airflow/.local/lib/python3.7/site-packages/airflow/example_dags/example_branch_operator_decorator.py
[2023-05-28T16:12:50.262+0000] {processor.py:753} INFO - DAG(s) dict_keys(['example_branch_python_operator_decorator']) retrieved from /home/airflow/.local/lib/python3.7/site-packages/airflow/example_dags/example_branch_operator_decorator.py
[2023-05-28T16:12:50.296+0000] {logging_mixin.py:137} INFO - [2023-05-28T16:12:50.296+0000] {dag.py:2693} INFO - Sync 1 DAGs
[2023-05-28T16:12:50.341+0000] {logging_mixin.py:137} INFO - [2023-05-28T16:12:50.341+0000] {dag.py:3444} INFO - Setting next_dagrun for example_branch_python_operator_decorator to 2023-05-27T00:00:00+00:00, run_after=2023-05-28T00:00:00+00:00
[2023-05-28T16:12:50.362+0000] {processor.py:175} INFO - Processing /home/airflow/.local/lib/python3.7/site-packages/airflow/example_dags/example_branch_operator_decorator.py took 0.138 seconds
[2023-05-28T16:13:20.607+0000] {processor.py:153} INFO - Started process (PID=878) to work on /home/airflow/.local/lib/python3.7/site-packages/airflow/example_dags/example_branch_operator_decorator.py
[2023-05-28T16:13:20.608+0000] {processor.py:743} INFO - Processing file /home/airflow/.local/lib/python3.7/site-packages/airflow/example_dags/example_branch_operator_decorator.py for tasks to queue
[2023-05-28T16:13:20.609+0000] {logging_mixin.py:137} INFO - [2023-05-28T16:13:20.609+0000] {dagbag.py:532} INFO - Filling up the DagBag from /home/airflow/.local/lib/python3.7/site-packages/airflow/example_dags/example_branch_operator_decorator.py
[2023-05-28T16:13:20.642+0000] {processor.py:753} INFO - DAG(s) dict_keys(['example_branch_python_operator_decorator']) retrieved from /home/airflow/.local/lib/python3.7/site-packages/airflow/example_dags/example_branch_operator_decorator.py
[2023-05-28T16:13:20.677+0000] {logging_mixin.py:137} INFO - [2023-05-28T16:13:20.677+0000] {dag.py:2693} INFO - Sync 1 DAGs
[2023-05-28T16:13:20.716+0000] {logging_mixin.py:137} INFO - [2023-05-28T16:13:20.715+0000] {dag.py:3444} INFO - Setting next_dagrun for example_branch_python_operator_decorator to 2023-05-27T00:00:00+00:00, run_after=2023-05-28T00:00:00+00:00
[2023-05-28T16:13:20.737+0000] {processor.py:175} INFO - Processing /home/airflow/.local/lib/python3.7/site-packages/airflow/example_dags/example_branch_operator_decorator.py took 0.134 seconds
[2023-05-28T16:13:51.248+0000] {processor.py:153} INFO - Started process (PID=929) to work on /home/airflow/.local/lib/python3.7/site-packages/airflow/example_dags/example_branch_operator_decorator.py
[2023-05-28T16:13:51.249+0000] {processor.py:743} INFO - Processing file /home/airflow/.local/lib/python3.7/site-packages/airflow/example_dags/example_branch_operator_decorator.py for tasks to queue
[2023-05-28T16:13:51.250+0000] {logging_mixin.py:137} INFO - [2023-05-28T16:13:51.249+0000] {dagbag.py:532} INFO - Filling up the DagBag from /home/airflow/.local/lib/python3.7/site-packages/airflow/example_dags/example_branch_operator_decorator.py
[2023-05-28T16:13:51.282+0000] {processor.py:753} INFO - DAG(s) dict_keys(['example_branch_python_operator_decorator']) retrieved from /home/airflow/.local/lib/python3.7/site-packages/airflow/example_dags/example_branch_operator_decorator.py
[2023-05-28T16:13:51.318+0000] {logging_mixin.py:137} INFO - [2023-05-28T16:13:51.318+0000] {dag.py:2693} INFO - Sync 1 DAGs
[2023-05-28T16:13:51.359+0000] {logging_mixin.py:137} INFO - [2023-05-28T16:13:51.359+0000] {dag.py:3444} INFO - Setting next_dagrun for example_branch_python_operator_decorator to 2023-05-27T00:00:00+00:00, run_after=2023-05-28T00:00:00+00:00
[2023-05-28T16:13:51.383+0000] {processor.py:175} INFO - Processing /home/airflow/.local/lib/python3.7/site-packages/airflow/example_dags/example_branch_operator_decorator.py took 0.139 seconds
[2023-05-28T16:14:21.719+0000] {processor.py:153} INFO - Started process (PID=980) to work on /home/airflow/.local/lib/python3.7/site-packages/airflow/example_dags/example_branch_operator_decorator.py
[2023-05-28T16:14:21.720+0000] {processor.py:743} INFO - Processing file /home/airflow/.local/lib/python3.7/site-packages/airflow/example_dags/example_branch_operator_decorator.py for tasks to queue
[2023-05-28T16:14:21.721+0000] {logging_mixin.py:137} INFO - [2023-05-28T16:14:21.721+0000] {dagbag.py:532} INFO - Filling up the DagBag from /home/airflow/.local/lib/python3.7/site-packages/airflow/example_dags/example_branch_operator_decorator.py
[2023-05-28T16:14:21.754+0000] {processor.py:753} INFO - DAG(s) dict_keys(['example_branch_python_operator_decorator']) retrieved from /home/airflow/.local/lib/python3.7/site-packages/airflow/example_dags/example_branch_operator_decorator.py
[2023-05-28T16:14:21.787+0000] {logging_mixin.py:137} INFO - [2023-05-28T16:14:21.787+0000] {dag.py:2693} INFO - Sync 1 DAGs
[2023-05-28T16:14:21.823+0000] {logging_mixin.py:137} INFO - [2023-05-28T16:14:21.823+0000] {dag.py:3444} INFO - Setting next_dagrun for example_branch_python_operator_decorator to 2023-05-27T00:00:00+00:00, run_after=2023-05-28T00:00:00+00:00
[2023-05-28T16:14:21.844+0000] {processor.py:175} INFO - Processing /home/airflow/.local/lib/python3.7/site-packages/airflow/example_dags/example_branch_operator_decorator.py took 0.130 seconds
[2023-05-28T16:14:52.171+0000] {processor.py:153} INFO - Started process (PID=1031) to work on /home/airflow/.local/lib/python3.7/site-packages/airflow/example_dags/example_branch_operator_decorator.py
[2023-05-28T16:14:52.172+0000] {processor.py:743} INFO - Processing file /home/airflow/.local/lib/python3.7/site-packages/airflow/example_dags/example_branch_operator_decorator.py for tasks to queue
[2023-05-28T16:14:52.173+0000] {logging_mixin.py:137} INFO - [2023-05-28T16:14:52.173+0000] {dagbag.py:532} INFO - Filling up the DagBag from /home/airflow/.local/lib/python3.7/site-packages/airflow/example_dags/example_branch_operator_decorator.py
[2023-05-28T16:14:52.204+0000] {processor.py:753} INFO - DAG(s) dict_keys(['example_branch_python_operator_decorator']) retrieved from /home/airflow/.local/lib/python3.7/site-packages/airflow/example_dags/example_branch_operator_decorator.py
[2023-05-28T16:14:52.239+0000] {logging_mixin.py:137} INFO - [2023-05-28T16:14:52.239+0000] {dag.py:2693} INFO - Sync 1 DAGs
[2023-05-28T16:14:52.273+0000] {logging_mixin.py:137} INFO - [2023-05-28T16:14:52.273+0000] {dag.py:3444} INFO - Setting next_dagrun for example_branch_python_operator_decorator to 2023-05-27T00:00:00+00:00, run_after=2023-05-28T00:00:00+00:00
[2023-05-28T16:14:52.294+0000] {processor.py:175} INFO - Processing /home/airflow/.local/lib/python3.7/site-packages/airflow/example_dags/example_branch_operator_decorator.py took 0.127 seconds
[2023-05-28T16:15:23.398+0000] {processor.py:153} INFO - Started process (PID=1082) to work on /home/airflow/.local/lib/python3.7/site-packages/airflow/example_dags/example_branch_operator_decorator.py
[2023-05-28T16:15:23.399+0000] {processor.py:743} INFO - Processing file /home/airflow/.local/lib/python3.7/site-packages/airflow/example_dags/example_branch_operator_decorator.py for tasks to queue
[2023-05-28T16:15:23.400+0000] {logging_mixin.py:137} INFO - [2023-05-28T16:15:23.400+0000] {dagbag.py:532} INFO - Filling up the DagBag from /home/airflow/.local/lib/python3.7/site-packages/airflow/example_dags/example_branch_operator_decorator.py
[2023-05-28T16:15:23.444+0000] {processor.py:753} INFO - DAG(s) dict_keys(['example_branch_python_operator_decorator']) retrieved from /home/airflow/.local/lib/python3.7/site-packages/airflow/example_dags/example_branch_operator_decorator.py
[2023-05-28T16:15:23.482+0000] {logging_mixin.py:137} INFO - [2023-05-28T16:15:23.482+0000] {dag.py:2693} INFO - Sync 1 DAGs
[2023-05-28T16:15:23.528+0000] {logging_mixin.py:137} INFO - [2023-05-28T16:15:23.527+0000] {dag.py:3444} INFO - Setting next_dagrun for example_branch_python_operator_decorator to 2023-05-27T00:00:00+00:00, run_after=2023-05-28T00:00:00+00:00
[2023-05-28T16:15:23.564+0000] {processor.py:175} INFO - Processing /home/airflow/.local/lib/python3.7/site-packages/airflow/example_dags/example_branch_operator_decorator.py took 0.170 seconds
[2023-05-28T16:15:53.793+0000] {processor.py:153} INFO - Started process (PID=1133) to work on /home/airflow/.local/lib/python3.7/site-packages/airflow/example_dags/example_branch_operator_decorator.py
[2023-05-28T16:15:53.807+0000] {processor.py:743} INFO - Processing file /home/airflow/.local/lib/python3.7/site-packages/airflow/example_dags/example_branch_operator_decorator.py for tasks to queue
[2023-05-28T16:15:53.807+0000] {logging_mixin.py:137} INFO - [2023-05-28T16:15:53.807+0000] {dagbag.py:532} INFO - Filling up the DagBag from /home/airflow/.local/lib/python3.7/site-packages/airflow/example_dags/example_branch_operator_decorator.py
[2023-05-28T16:15:53.839+0000] {processor.py:753} INFO - DAG(s) dict_keys(['example_branch_python_operator_decorator']) retrieved from /home/airflow/.local/lib/python3.7/site-packages/airflow/example_dags/example_branch_operator_decorator.py
[2023-05-28T16:15:53.883+0000] {logging_mixin.py:137} INFO - [2023-05-28T16:15:53.883+0000] {dag.py:2693} INFO - Sync 1 DAGs
[2023-05-28T16:15:53.917+0000] {logging_mixin.py:137} INFO - [2023-05-28T16:15:53.917+0000] {dag.py:3444} INFO - Setting next_dagrun for example_branch_python_operator_decorator to 2023-05-27T00:00:00+00:00, run_after=2023-05-28T00:00:00+00:00
[2023-05-28T16:15:53.949+0000] {processor.py:175} INFO - Processing /home/airflow/.local/lib/python3.7/site-packages/airflow/example_dags/example_branch_operator_decorator.py took 0.172 seconds
[2023-05-28T16:16:24.545+0000] {processor.py:153} INFO - Started process (PID=1184) to work on /home/airflow/.local/lib/python3.7/site-packages/airflow/example_dags/example_branch_operator_decorator.py
[2023-05-28T16:16:24.546+0000] {processor.py:743} INFO - Processing file /home/airflow/.local/lib/python3.7/site-packages/airflow/example_dags/example_branch_operator_decorator.py for tasks to queue
[2023-05-28T16:16:24.547+0000] {logging_mixin.py:137} INFO - [2023-05-28T16:16:24.547+0000] {dagbag.py:532} INFO - Filling up the DagBag from /home/airflow/.local/lib/python3.7/site-packages/airflow/example_dags/example_branch_operator_decorator.py
[2023-05-28T16:16:24.609+0000] {processor.py:753} INFO - DAG(s) dict_keys(['example_branch_python_operator_decorator']) retrieved from /home/airflow/.local/lib/python3.7/site-packages/airflow/example_dags/example_branch_operator_decorator.py
[2023-05-28T16:16:24.671+0000] {logging_mixin.py:137} INFO - [2023-05-28T16:16:24.670+0000] {dag.py:2693} INFO - Sync 1 DAGs
[2023-05-28T16:16:24.738+0000] {logging_mixin.py:137} INFO - [2023-05-28T16:16:24.737+0000] {dag.py:3444} INFO - Setting next_dagrun for example_branch_python_operator_decorator to 2023-05-27T00:00:00+00:00, run_after=2023-05-28T00:00:00+00:00
[2023-05-28T16:16:24.777+0000] {processor.py:175} INFO - Processing /home/airflow/.local/lib/python3.7/site-packages/airflow/example_dags/example_branch_operator_decorator.py took 0.242 seconds
[2023-05-28T16:16:54.949+0000] {processor.py:153} INFO - Started process (PID=1235) to work on /home/airflow/.local/lib/python3.7/site-packages/airflow/example_dags/example_branch_operator_decorator.py
[2023-05-28T16:16:54.950+0000] {processor.py:743} INFO - Processing file /home/airflow/.local/lib/python3.7/site-packages/airflow/example_dags/example_branch_operator_decorator.py for tasks to queue
[2023-05-28T16:16:54.951+0000] {logging_mixin.py:137} INFO - [2023-05-28T16:16:54.951+0000] {dagbag.py:532} INFO - Filling up the DagBag from /home/airflow/.local/lib/python3.7/site-packages/airflow/example_dags/example_branch_operator_decorator.py
[2023-05-28T16:16:54.986+0000] {processor.py:753} INFO - DAG(s) dict_keys(['example_branch_python_operator_decorator']) retrieved from /home/airflow/.local/lib/python3.7/site-packages/airflow/example_dags/example_branch_operator_decorator.py
[2023-05-28T16:16:55.022+0000] {logging_mixin.py:137} INFO - [2023-05-28T16:16:55.022+0000] {dag.py:2693} INFO - Sync 1 DAGs
[2023-05-28T16:16:55.057+0000] {logging_mixin.py:137} INFO - [2023-05-28T16:16:55.057+0000] {dag.py:3444} INFO - Setting next_dagrun for example_branch_python_operator_decorator to 2023-05-27T00:00:00+00:00, run_after=2023-05-28T00:00:00+00:00
[2023-05-28T16:16:55.079+0000] {processor.py:175} INFO - Processing /home/airflow/.local/lib/python3.7/site-packages/airflow/example_dags/example_branch_operator_decorator.py took 0.136 seconds
[2023-05-28T16:17:25.396+0000] {processor.py:153} INFO - Started process (PID=1286) to work on /home/airflow/.local/lib/python3.7/site-packages/airflow/example_dags/example_branch_operator_decorator.py
[2023-05-28T16:17:25.397+0000] {processor.py:743} INFO - Processing file /home/airflow/.local/lib/python3.7/site-packages/airflow/example_dags/example_branch_operator_decorator.py for tasks to queue
[2023-05-28T16:17:25.397+0000] {logging_mixin.py:137} INFO - [2023-05-28T16:17:25.397+0000] {dagbag.py:532} INFO - Filling up the DagBag from /home/airflow/.local/lib/python3.7/site-packages/airflow/example_dags/example_branch_operator_decorator.py
[2023-05-28T16:17:25.431+0000] {processor.py:753} INFO - DAG(s) dict_keys(['example_branch_python_operator_decorator']) retrieved from /home/airflow/.local/lib/python3.7/site-packages/airflow/example_dags/example_branch_operator_decorator.py
[2023-05-28T16:17:25.467+0000] {logging_mixin.py:137} INFO - [2023-05-28T16:17:25.466+0000] {dag.py:2693} INFO - Sync 1 DAGs
[2023-05-28T16:17:25.502+0000] {logging_mixin.py:137} INFO - [2023-05-28T16:17:25.502+0000] {dag.py:3444} INFO - Setting next_dagrun for example_branch_python_operator_decorator to 2023-05-27T00:00:00+00:00, run_after=2023-05-28T00:00:00+00:00
[2023-05-28T16:17:25.527+0000] {processor.py:175} INFO - Processing /home/airflow/.local/lib/python3.7/site-packages/airflow/example_dags/example_branch_operator_decorator.py took 0.137 seconds
[2023-05-28T16:17:55.676+0000] {processor.py:153} INFO - Started process (PID=1336) to work on /home/airflow/.local/lib/python3.7/site-packages/airflow/example_dags/example_branch_operator_decorator.py
[2023-05-28T16:17:55.677+0000] {processor.py:743} INFO - Processing file /home/airflow/.local/lib/python3.7/site-packages/airflow/example_dags/example_branch_operator_decorator.py for tasks to queue
[2023-05-28T16:17:55.678+0000] {logging_mixin.py:137} INFO - [2023-05-28T16:17:55.678+0000] {dagbag.py:532} INFO - Filling up the DagBag from /home/airflow/.local/lib/python3.7/site-packages/airflow/example_dags/example_branch_operator_decorator.py
[2023-05-28T16:17:55.713+0000] {processor.py:753} INFO - DAG(s) dict_keys(['example_branch_python_operator_decorator']) retrieved from /home/airflow/.local/lib/python3.7/site-packages/airflow/example_dags/example_branch_operator_decorator.py
[2023-05-28T16:17:55.747+0000] {logging_mixin.py:137} INFO - [2023-05-28T16:17:55.746+0000] {dag.py:2693} INFO - Sync 1 DAGs
[2023-05-28T16:17:55.782+0000] {logging_mixin.py:137} INFO - [2023-05-28T16:17:55.782+0000] {dag.py:3444} INFO - Setting next_dagrun for example_branch_python_operator_decorator to 2023-05-27T00:00:00+00:00, run_after=2023-05-28T00:00:00+00:00
[2023-05-28T16:17:55.803+0000] {processor.py:175} INFO - Processing /home/airflow/.local/lib/python3.7/site-packages/airflow/example_dags/example_branch_operator_decorator.py took 0.131 seconds
[2023-05-28T16:18:25.978+0000] {processor.py:153} INFO - Started process (PID=1386) to work on /home/airflow/.local/lib/python3.7/site-packages/airflow/example_dags/example_branch_operator_decorator.py
[2023-05-28T16:18:25.979+0000] {processor.py:743} INFO - Processing file /home/airflow/.local/lib/python3.7/site-packages/airflow/example_dags/example_branch_operator_decorator.py for tasks to queue
[2023-05-28T16:18:25.979+0000] {logging_mixin.py:137} INFO - [2023-05-28T16:18:25.979+0000] {dagbag.py:532} INFO - Filling up the DagBag from /home/airflow/.local/lib/python3.7/site-packages/airflow/example_dags/example_branch_operator_decorator.py
[2023-05-28T16:18:26.011+0000] {processor.py:753} INFO - DAG(s) dict_keys(['example_branch_python_operator_decorator']) retrieved from /home/airflow/.local/lib/python3.7/site-packages/airflow/example_dags/example_branch_operator_decorator.py
[2023-05-28T16:18:26.045+0000] {logging_mixin.py:137} INFO - [2023-05-28T16:18:26.045+0000] {dag.py:2693} INFO - Sync 1 DAGs
[2023-05-28T16:18:26.080+0000] {logging_mixin.py:137} INFO - [2023-05-28T16:18:26.080+0000] {dag.py:3444} INFO - Setting next_dagrun for example_branch_python_operator_decorator to 2023-05-27T00:00:00+00:00, run_after=2023-05-28T00:00:00+00:00
[2023-05-28T16:18:26.101+0000] {processor.py:175} INFO - Processing /home/airflow/.local/lib/python3.7/site-packages/airflow/example_dags/example_branch_operator_decorator.py took 0.127 seconds
[2023-05-28T16:18:56.362+0000] {processor.py:153} INFO - Started process (PID=1437) to work on /home/airflow/.local/lib/python3.7/site-packages/airflow/example_dags/example_branch_operator_decorator.py
[2023-05-28T16:18:56.363+0000] {processor.py:743} INFO - Processing file /home/airflow/.local/lib/python3.7/site-packages/airflow/example_dags/example_branch_operator_decorator.py for tasks to queue
[2023-05-28T16:18:56.364+0000] {logging_mixin.py:137} INFO - [2023-05-28T16:18:56.364+0000] {dagbag.py:532} INFO - Filling up the DagBag from /home/airflow/.local/lib/python3.7/site-packages/airflow/example_dags/example_branch_operator_decorator.py
[2023-05-28T16:18:56.395+0000] {processor.py:753} INFO - DAG(s) dict_keys(['example_branch_python_operator_decorator']) retrieved from /home/airflow/.local/lib/python3.7/site-packages/airflow/example_dags/example_branch_operator_decorator.py
[2023-05-28T16:18:56.428+0000] {logging_mixin.py:137} INFO - [2023-05-28T16:18:56.428+0000] {dag.py:2693} INFO - Sync 1 DAGs
[2023-05-28T16:18:56.461+0000] {logging_mixin.py:137} INFO - [2023-05-28T16:18:56.461+0000] {dag.py:3444} INFO - Setting next_dagrun for example_branch_python_operator_decorator to 2023-05-27T00:00:00+00:00, run_after=2023-05-28T00:00:00+00:00
[2023-05-28T16:18:56.482+0000] {processor.py:175} INFO - Processing /home/airflow/.local/lib/python3.7/site-packages/airflow/example_dags/example_branch_operator_decorator.py took 0.124 seconds
[2023-05-28T16:19:26.926+0000] {processor.py:153} INFO - Started process (PID=1487) to work on /home/airflow/.local/lib/python3.7/site-packages/airflow/example_dags/example_branch_operator_decorator.py
[2023-05-28T16:19:26.927+0000] {processor.py:743} INFO - Processing file /home/airflow/.local/lib/python3.7/site-packages/airflow/example_dags/example_branch_operator_decorator.py for tasks to queue
[2023-05-28T16:19:26.930+0000] {logging_mixin.py:137} INFO - [2023-05-28T16:19:26.930+0000] {dagbag.py:532} INFO - Filling up the DagBag from /home/airflow/.local/lib/python3.7/site-packages/airflow/example_dags/example_branch_operator_decorator.py
[2023-05-28T16:19:26.964+0000] {processor.py:753} INFO - DAG(s) dict_keys(['example_branch_python_operator_decorator']) retrieved from /home/airflow/.local/lib/python3.7/site-packages/airflow/example_dags/example_branch_operator_decorator.py
[2023-05-28T16:19:26.999+0000] {logging_mixin.py:137} INFO - [2023-05-28T16:19:26.999+0000] {dag.py:2693} INFO - Sync 1 DAGs
[2023-05-28T16:19:27.034+0000] {logging_mixin.py:137} INFO - [2023-05-28T16:19:27.034+0000] {dag.py:3444} INFO - Setting next_dagrun for example_branch_python_operator_decorator to 2023-05-27T00:00:00+00:00, run_after=2023-05-28T00:00:00+00:00
[2023-05-28T16:19:27.055+0000] {processor.py:175} INFO - Processing /home/airflow/.local/lib/python3.7/site-packages/airflow/example_dags/example_branch_operator_decorator.py took 0.134 seconds
[2023-05-28T16:19:57.773+0000] {processor.py:153} INFO - Started process (PID=1538) to work on /home/airflow/.local/lib/python3.7/site-packages/airflow/example_dags/example_branch_operator_decorator.py
[2023-05-28T16:19:57.775+0000] {processor.py:743} INFO - Processing file /home/airflow/.local/lib/python3.7/site-packages/airflow/example_dags/example_branch_operator_decorator.py for tasks to queue
[2023-05-28T16:19:57.775+0000] {logging_mixin.py:137} INFO - [2023-05-28T16:19:57.775+0000] {dagbag.py:532} INFO - Filling up the DagBag from /home/airflow/.local/lib/python3.7/site-packages/airflow/example_dags/example_branch_operator_decorator.py
[2023-05-28T16:19:57.806+0000] {processor.py:753} INFO - DAG(s) dict_keys(['example_branch_python_operator_decorator']) retrieved from /home/airflow/.local/lib/python3.7/site-packages/airflow/example_dags/example_branch_operator_decorator.py
[2023-05-28T16:19:57.840+0000] {logging_mixin.py:137} INFO - [2023-05-28T16:19:57.840+0000] {dag.py:2693} INFO - Sync 1 DAGs
[2023-05-28T16:19:57.874+0000] {logging_mixin.py:137} INFO - [2023-05-28T16:19:57.874+0000] {dag.py:3444} INFO - Setting next_dagrun for example_branch_python_operator_decorator to 2023-05-27T00:00:00+00:00, run_after=2023-05-28T00:00:00+00:00
[2023-05-28T16:19:57.895+0000] {processor.py:175} INFO - Processing /home/airflow/.local/lib/python3.7/site-packages/airflow/example_dags/example_branch_operator_decorator.py took 0.126 seconds
[2023-05-28T16:20:28.222+0000] {processor.py:153} INFO - Started process (PID=1590) to work on /home/airflow/.local/lib/python3.7/site-packages/airflow/example_dags/example_branch_operator_decorator.py
[2023-05-28T16:20:28.223+0000] {processor.py:743} INFO - Processing file /home/airflow/.local/lib/python3.7/site-packages/airflow/example_dags/example_branch_operator_decorator.py for tasks to queue
[2023-05-28T16:20:28.224+0000] {logging_mixin.py:137} INFO - [2023-05-28T16:20:28.224+0000] {dagbag.py:532} INFO - Filling up the DagBag from /home/airflow/.local/lib/python3.7/site-packages/airflow/example_dags/example_branch_operator_decorator.py
[2023-05-28T16:20:28.261+0000] {processor.py:753} INFO - DAG(s) dict_keys(['example_branch_python_operator_decorator']) retrieved from /home/airflow/.local/lib/python3.7/site-packages/airflow/example_dags/example_branch_operator_decorator.py
[2023-05-28T16:20:28.311+0000] {logging_mixin.py:137} INFO - [2023-05-28T16:20:28.311+0000] {dag.py:2693} INFO - Sync 1 DAGs
[2023-05-28T16:20:28.349+0000] {logging_mixin.py:137} INFO - [2023-05-28T16:20:28.349+0000] {dag.py:3444} INFO - Setting next_dagrun for example_branch_python_operator_decorator to 2023-05-27T00:00:00+00:00, run_after=2023-05-28T00:00:00+00:00
[2023-05-28T16:20:28.369+0000] {processor.py:175} INFO - Processing /home/airflow/.local/lib/python3.7/site-packages/airflow/example_dags/example_branch_operator_decorator.py took 0.153 seconds
[2023-05-28T16:20:58.434+0000] {processor.py:153} INFO - Started process (PID=1640) to work on /home/airflow/.local/lib/python3.7/site-packages/airflow/example_dags/example_branch_operator_decorator.py
[2023-05-28T16:20:58.435+0000] {processor.py:743} INFO - Processing file /home/airflow/.local/lib/python3.7/site-packages/airflow/example_dags/example_branch_operator_decorator.py for tasks to queue
[2023-05-28T16:20:58.436+0000] {logging_mixin.py:137} INFO - [2023-05-28T16:20:58.436+0000] {dagbag.py:532} INFO - Filling up the DagBag from /home/airflow/.local/lib/python3.7/site-packages/airflow/example_dags/example_branch_operator_decorator.py
[2023-05-28T16:20:58.467+0000] {processor.py:753} INFO - DAG(s) dict_keys(['example_branch_python_operator_decorator']) retrieved from /home/airflow/.local/lib/python3.7/site-packages/airflow/example_dags/example_branch_operator_decorator.py
[2023-05-28T16:20:58.500+0000] {logging_mixin.py:137} INFO - [2023-05-28T16:20:58.500+0000] {dag.py:2693} INFO - Sync 1 DAGs
[2023-05-28T16:20:58.537+0000] {logging_mixin.py:137} INFO - [2023-05-28T16:20:58.536+0000] {dag.py:3444} INFO - Setting next_dagrun for example_branch_python_operator_decorator to 2023-05-27T00:00:00+00:00, run_after=2023-05-28T00:00:00+00:00
[2023-05-28T16:20:58.577+0000] {processor.py:175} INFO - Processing /home/airflow/.local/lib/python3.7/site-packages/airflow/example_dags/example_branch_operator_decorator.py took 0.148 seconds
[2023-05-28T16:21:29.572+0000] {processor.py:153} INFO - Started process (PID=1691) to work on /home/airflow/.local/lib/python3.7/site-packages/airflow/example_dags/example_branch_operator_decorator.py
[2023-05-28T16:21:29.574+0000] {processor.py:743} INFO - Processing file /home/airflow/.local/lib/python3.7/site-packages/airflow/example_dags/example_branch_operator_decorator.py for tasks to queue
[2023-05-28T16:21:29.575+0000] {logging_mixin.py:137} INFO - [2023-05-28T16:21:29.574+0000] {dagbag.py:532} INFO - Filling up the DagBag from /home/airflow/.local/lib/python3.7/site-packages/airflow/example_dags/example_branch_operator_decorator.py
[2023-05-28T16:21:29.606+0000] {processor.py:753} INFO - DAG(s) dict_keys(['example_branch_python_operator_decorator']) retrieved from /home/airflow/.local/lib/python3.7/site-packages/airflow/example_dags/example_branch_operator_decorator.py
[2023-05-28T16:21:29.640+0000] {logging_mixin.py:137} INFO - [2023-05-28T16:21:29.639+0000] {dag.py:2693} INFO - Sync 1 DAGs
[2023-05-28T16:21:29.674+0000] {logging_mixin.py:137} INFO - [2023-05-28T16:21:29.674+0000] {dag.py:3444} INFO - Setting next_dagrun for example_branch_python_operator_decorator to 2023-05-27T00:00:00+00:00, run_after=2023-05-28T00:00:00+00:00
[2023-05-28T16:21:29.695+0000] {processor.py:175} INFO - Processing /home/airflow/.local/lib/python3.7/site-packages/airflow/example_dags/example_branch_operator_decorator.py took 0.127 seconds
[2023-05-28T16:22:00.350+0000] {processor.py:153} INFO - Started process (PID=1742) to work on /home/airflow/.local/lib/python3.7/site-packages/airflow/example_dags/example_branch_operator_decorator.py
[2023-05-28T16:22:00.352+0000] {processor.py:743} INFO - Processing file /home/airflow/.local/lib/python3.7/site-packages/airflow/example_dags/example_branch_operator_decorator.py for tasks to queue
[2023-05-28T16:22:00.362+0000] {logging_mixin.py:137} INFO - [2023-05-28T16:22:00.362+0000] {dagbag.py:532} INFO - Filling up the DagBag from /home/airflow/.local/lib/python3.7/site-packages/airflow/example_dags/example_branch_operator_decorator.py
[2023-05-28T16:22:00.418+0000] {processor.py:753} INFO - DAG(s) dict_keys(['example_branch_python_operator_decorator']) retrieved from /home/airflow/.local/lib/python3.7/site-packages/airflow/example_dags/example_branch_operator_decorator.py
[2023-05-28T16:22:00.506+0000] {logging_mixin.py:137} INFO - [2023-05-28T16:22:00.506+0000] {dag.py:2693} INFO - Sync 1 DAGs
[2023-05-28T16:22:00.565+0000] {logging_mixin.py:137} INFO - [2023-05-28T16:22:00.564+0000] {dag.py:3444} INFO - Setting next_dagrun for example_branch_python_operator_decorator to 2023-05-27T00:00:00+00:00, run_after=2023-05-28T00:00:00+00:00
[2023-05-28T16:22:00.635+0000] {processor.py:175} INFO - Processing /home/airflow/.local/lib/python3.7/site-packages/airflow/example_dags/example_branch_operator_decorator.py took 0.290 seconds
[2023-05-28T16:22:30.940+0000] {processor.py:153} INFO - Started process (PID=1793) to work on /home/airflow/.local/lib/python3.7/site-packages/airflow/example_dags/example_branch_operator_decorator.py
[2023-05-28T16:22:30.941+0000] {processor.py:743} INFO - Processing file /home/airflow/.local/lib/python3.7/site-packages/airflow/example_dags/example_branch_operator_decorator.py for tasks to queue
[2023-05-28T16:22:30.942+0000] {logging_mixin.py:137} INFO - [2023-05-28T16:22:30.942+0000] {dagbag.py:532} INFO - Filling up the DagBag from /home/airflow/.local/lib/python3.7/site-packages/airflow/example_dags/example_branch_operator_decorator.py
[2023-05-28T16:22:30.973+0000] {processor.py:753} INFO - DAG(s) dict_keys(['example_branch_python_operator_decorator']) retrieved from /home/airflow/.local/lib/python3.7/site-packages/airflow/example_dags/example_branch_operator_decorator.py
[2023-05-28T16:22:31.006+0000] {logging_mixin.py:137} INFO - [2023-05-28T16:22:31.006+0000] {dag.py:2693} INFO - Sync 1 DAGs
[2023-05-28T16:22:31.039+0000] {logging_mixin.py:137} INFO - [2023-05-28T16:22:31.039+0000] {dag.py:3444} INFO - Setting next_dagrun for example_branch_python_operator_decorator to 2023-05-27T00:00:00+00:00, run_after=2023-05-28T00:00:00+00:00
[2023-05-28T16:22:31.062+0000] {processor.py:175} INFO - Processing /home/airflow/.local/lib/python3.7/site-packages/airflow/example_dags/example_branch_operator_decorator.py took 0.126 seconds
[2023-05-28T16:23:01.258+0000] {processor.py:153} INFO - Started process (PID=1844) to work on /home/airflow/.local/lib/python3.7/site-packages/airflow/example_dags/example_branch_operator_decorator.py
[2023-05-28T16:23:01.258+0000] {processor.py:743} INFO - Processing file /home/airflow/.local/lib/python3.7/site-packages/airflow/example_dags/example_branch_operator_decorator.py for tasks to queue
[2023-05-28T16:23:01.259+0000] {logging_mixin.py:137} INFO - [2023-05-28T16:23:01.259+0000] {dagbag.py:532} INFO - Filling up the DagBag from /home/airflow/.local/lib/python3.7/site-packages/airflow/example_dags/example_branch_operator_decorator.py
[2023-05-28T16:23:01.290+0000] {processor.py:753} INFO - DAG(s) dict_keys(['example_branch_python_operator_decorator']) retrieved from /home/airflow/.local/lib/python3.7/site-packages/airflow/example_dags/example_branch_operator_decorator.py
[2023-05-28T16:23:01.323+0000] {logging_mixin.py:137} INFO - [2023-05-28T16:23:01.323+0000] {dag.py:2693} INFO - Sync 1 DAGs
[2023-05-28T16:23:01.358+0000] {logging_mixin.py:137} INFO - [2023-05-28T16:23:01.357+0000] {dag.py:3444} INFO - Setting next_dagrun for example_branch_python_operator_decorator to 2023-05-27T00:00:00+00:00, run_after=2023-05-28T00:00:00+00:00
[2023-05-28T16:23:01.382+0000] {processor.py:175} INFO - Processing /home/airflow/.local/lib/python3.7/site-packages/airflow/example_dags/example_branch_operator_decorator.py took 0.128 seconds
