[2023-05-21T22:04:59.605+0000] {taskinstance.py:1084} INFO - Dependencies all met for dep_context=non-requeueable deps ti=<TaskInstance: get_todays_gamesv3.check_game_today_task manual__2023-05-21T22:04:50.345400+00:00 [queued]>
[2023-05-21T22:04:59.616+0000] {taskinstance.py:1084} INFO - Dependencies all met for dep_context=requeueable deps ti=<TaskInstance: get_todays_gamesv3.check_game_today_task manual__2023-05-21T22:04:50.345400+00:00 [queued]>
[2023-05-21T22:04:59.617+0000] {taskinstance.py:1282} INFO - 
--------------------------------------------------------------------------------
[2023-05-21T22:04:59.617+0000] {taskinstance.py:1283} INFO - Starting attempt 1 of 1
[2023-05-21T22:04:59.617+0000] {taskinstance.py:1284} INFO - 
--------------------------------------------------------------------------------
[2023-05-21T22:04:59.633+0000] {taskinstance.py:1303} INFO - Executing <Task(BranchPythonOperator): check_game_today_task> on 2023-05-21 22:04:50.345400+00:00
[2023-05-21T22:04:59.639+0000] {standard_task_runner.py:55} INFO - Started process 1364 to run task
[2023-05-21T22:04:59.644+0000] {standard_task_runner.py:82} INFO - Running: ['***', 'tasks', 'run', 'get_todays_gamesv3', 'check_game_today_task', 'manual__2023-05-21T22:04:50.345400+00:00', '--job-id', '286', '--raw', '--subdir', 'DAGS_FOLDER/todays_gamesv3.py', '--cfg-path', '/tmp/tmpz13msa6o']
[2023-05-21T22:04:59.644+0000] {standard_task_runner.py:83} INFO - Job 286: Subtask check_game_today_task
[2023-05-21T22:04:59.717+0000] {task_command.py:388} INFO - Running <TaskInstance: get_todays_gamesv3.check_game_today_task manual__2023-05-21T22:04:50.345400+00:00 [running]> on host b03c83f459ca
[2023-05-21T22:04:59.813+0000] {taskinstance.py:1511} INFO - Exporting the following env vars:
AIRFLOW_CTX_DAG_OWNER=***
AIRFLOW_CTX_DAG_ID=get_todays_gamesv3
AIRFLOW_CTX_TASK_ID=check_game_today_task
AIRFLOW_CTX_EXECUTION_DATE=2023-05-21T22:04:50.345400+00:00
AIRFLOW_CTX_TRY_NUMBER=1
AIRFLOW_CTX_DAG_RUN_ID=manual__2023-05-21T22:04:50.345400+00:00
[2023-05-21T22:04:59.815+0000] {warnings.py:110} WARNING - /home/***/.local/lib/python3.7/site-packages/***/utils/context.py:313: AirflowContextDeprecationWarning: Accessing 'execution_date' from the template is deprecated and will be removed in a future version. Please use 'data_interval_start' or 'logical_date' instead.
  warnings.warn(_create_deprecation_warning(k, replacements))

[2023-05-21T22:04:59.815+0000] {logging_mixin.py:137} INFO - 2023-05-21
[2023-05-21T22:04:59.831+0000] {logging_mixin.py:137} INFO - There is a game today.
[2023-05-21T22:04:59.831+0000] {python.py:177} INFO - Done. Returned value was: print_game_today
[2023-05-21T22:04:59.831+0000] {python.py:211} INFO - Branch callable return print_game_today
[2023-05-21T22:04:59.831+0000] {skipmixin.py:155} INFO - Following branch print_game_today
[2023-05-21T22:04:59.831+0000] {skipmixin.py:211} INFO - Skipping tasks []
[2023-05-21T22:04:59.886+0000] {taskinstance.py:1326} INFO - Marking task as SUCCESS. dag_id=get_todays_gamesv3, task_id=check_game_today_task, execution_date=20230521T220450, start_date=20230521T220459, end_date=20230521T220459
[2023-05-21T22:04:59.935+0000] {local_task_job.py:212} INFO - Task exited with return code 0
[2023-05-21T22:05:00.002+0000] {taskinstance.py:2585} INFO - 1 downstream tasks scheduled from follow-on schedule check
