[2023-05-23T23:24:39.470+0000] {taskinstance.py:1084} INFO - Dependencies all met for dep_context=non-requeueable deps ti=<TaskInstance: get_todays_gamesv3.print_start manual__2023-05-23T23:24:37.453865+00:00 [queued]>
[2023-05-23T23:24:39.481+0000] {taskinstance.py:1084} INFO - Dependencies all met for dep_context=requeueable deps ti=<TaskInstance: get_todays_gamesv3.print_start manual__2023-05-23T23:24:37.453865+00:00 [queued]>
[2023-05-23T23:24:39.482+0000] {taskinstance.py:1282} INFO - 
--------------------------------------------------------------------------------
[2023-05-23T23:24:39.482+0000] {taskinstance.py:1283} INFO - Starting attempt 1 of 1
[2023-05-23T23:24:39.483+0000] {taskinstance.py:1284} INFO - 
--------------------------------------------------------------------------------
[2023-05-23T23:24:39.500+0000] {taskinstance.py:1303} INFO - Executing <Task(BashOperator): print_start> on 2023-05-23 23:24:37.453865+00:00
[2023-05-23T23:24:39.506+0000] {standard_task_runner.py:55} INFO - Started process 627 to run task
[2023-05-23T23:24:39.510+0000] {standard_task_runner.py:82} INFO - Running: ['***', 'tasks', 'run', 'get_todays_gamesv3', 'print_start', 'manual__2023-05-23T23:24:37.453865+00:00', '--job-id', '564', '--raw', '--subdir', 'DAGS_FOLDER/todays_gamesv3.py', '--cfg-path', '/tmp/tmpth2o8dro']
[2023-05-23T23:24:39.511+0000] {standard_task_runner.py:83} INFO - Job 564: Subtask print_start
[2023-05-23T23:24:39.596+0000] {task_command.py:388} INFO - Running <TaskInstance: get_todays_gamesv3.print_start manual__2023-05-23T23:24:37.453865+00:00 [running]> on host b03c83f459ca
[2023-05-23T23:24:39.725+0000] {taskinstance.py:1511} INFO - Exporting the following env vars:
AIRFLOW_CTX_DAG_OWNER=***
AIRFLOW_CTX_DAG_ID=get_todays_gamesv3
AIRFLOW_CTX_TASK_ID=print_start
AIRFLOW_CTX_EXECUTION_DATE=2023-05-23T23:24:37.453865+00:00
AIRFLOW_CTX_TRY_NUMBER=1
AIRFLOW_CTX_DAG_RUN_ID=manual__2023-05-23T23:24:37.453865+00:00
[2023-05-23T23:24:39.728+0000] {subprocess.py:63} INFO - Tmp dir root location: 
 /tmp
[2023-05-23T23:24:39.729+0000] {subprocess.py:75} INFO - Running command: ['/bin/bash', '-c', 'echo starting dag']
[2023-05-23T23:24:39.740+0000] {subprocess.py:86} INFO - Output:
[2023-05-23T23:24:39.742+0000] {subprocess.py:93} INFO - starting dag
[2023-05-23T23:24:39.743+0000] {subprocess.py:97} INFO - Command exited with return code 0
[2023-05-23T23:24:39.757+0000] {taskinstance.py:1326} INFO - Marking task as SUCCESS. dag_id=get_todays_gamesv3, task_id=print_start, execution_date=20230523T232437, start_date=20230523T232439, end_date=20230523T232439
[2023-05-23T23:24:39.803+0000] {local_task_job.py:212} INFO - Task exited with return code 0
[2023-05-23T23:24:39.844+0000] {taskinstance.py:2585} INFO - 1 downstream tasks scheduled from follow-on schedule check
