[2023-05-27T18:44:06.260+0000] {taskinstance.py:1084} INFO - Dependencies all met for dep_context=non-requeueable deps ti=<TaskInstance: game_alert.postgres_to_s3_task manual__2023-05-27T18:43:48.533175+00:00 [queued]>
[2023-05-27T18:44:06.272+0000] {taskinstance.py:1084} INFO - Dependencies all met for dep_context=requeueable deps ti=<TaskInstance: game_alert.postgres_to_s3_task manual__2023-05-27T18:43:48.533175+00:00 [queued]>
[2023-05-27T18:44:06.272+0000] {taskinstance.py:1282} INFO - 
--------------------------------------------------------------------------------
[2023-05-27T18:44:06.273+0000] {taskinstance.py:1283} INFO - Starting attempt 1 of 1
[2023-05-27T18:44:06.273+0000] {taskinstance.py:1284} INFO - 
--------------------------------------------------------------------------------
[2023-05-27T18:44:06.292+0000] {taskinstance.py:1303} INFO - Executing <Task(PythonOperator): postgres_to_s3_task> on 2023-05-27 18:43:48.533175+00:00
[2023-05-27T18:44:06.299+0000] {standard_task_runner.py:55} INFO - Started process 2793 to run task
[2023-05-27T18:44:06.309+0000] {standard_task_runner.py:82} INFO - Running: ['***', 'tasks', 'run', 'game_alert', 'postgres_to_s3_task', 'manual__2023-05-27T18:43:48.533175+00:00', '--job-id', '781', '--raw', '--subdir', 'DAGS_FOLDER/game_alert.py', '--cfg-path', '/tmp/tmpv4wl7j_e']
[2023-05-27T18:44:06.310+0000] {standard_task_runner.py:83} INFO - Job 781: Subtask postgres_to_s3_task
[2023-05-27T18:44:06.400+0000] {task_command.py:388} INFO - Running <TaskInstance: game_alert.postgres_to_s3_task manual__2023-05-27T18:43:48.533175+00:00 [running]> on host b03c83f459ca
[2023-05-27T18:44:06.511+0000] {taskinstance.py:1511} INFO - Exporting the following env vars:
AIRFLOW_CTX_DAG_OWNER=***
AIRFLOW_CTX_DAG_ID=game_alert
AIRFLOW_CTX_TASK_ID=postgres_to_s3_task
AIRFLOW_CTX_EXECUTION_DATE=2023-05-27T18:43:48.533175+00:00
AIRFLOW_CTX_TRY_NUMBER=1
AIRFLOW_CTX_DAG_RUN_ID=manual__2023-05-27T18:43:48.533175+00:00
[2023-05-27T18:44:06.521+0000] {base.py:73} INFO - Using connection ID 'postgres_localhost' for task execution.
[2023-05-27T18:44:06.525+0000] {postgres_to_s3.py:23} INFO - Saved postgres data in text file: games.txt
[2023-05-27T18:44:06.532+0000] {base.py:73} INFO - Using connection ID 'aws_hook' for task execution.
[2023-05-27T18:44:06.533+0000] {connection_wrapper.py:337} INFO - AWS Connection (conn_id='aws_hook', conn_type='aws') credentials retrieved from login and password.
[2023-05-27T18:44:07.541+0000] {postgres_to_s3.py:32} INFO -  /tmp/tmp2xp4o8br has been pushed to S3
[2023-05-27T18:44:07.543+0000] {python.py:177} INFO - Done. Returned value was: None
[2023-05-27T18:44:07.554+0000] {taskinstance.py:1326} INFO - Marking task as SUCCESS. dag_id=game_alert, task_id=postgres_to_s3_task, execution_date=20230527T184348, start_date=20230527T184406, end_date=20230527T184407
[2023-05-27T18:44:07.600+0000] {local_task_job.py:212} INFO - Task exited with return code 0
[2023-05-27T18:44:07.636+0000] {taskinstance.py:2585} INFO - 1 downstream tasks scheduled from follow-on schedule check
