[2023-05-22T14:55:57.901+0000] {processor.py:153} INFO - Started process (PID=32) to work on /opt/airflow/dags/todays_gamesv3.py
[2023-05-22T14:55:57.902+0000] {processor.py:743} INFO - Processing file /opt/airflow/dags/todays_gamesv3.py for tasks to queue
[2023-05-22T14:55:57.902+0000] {logging_mixin.py:137} INFO - [2023-05-22T14:55:57.902+0000] {dagbag.py:532} INFO - Filling up the DagBag from /opt/airflow/dags/todays_gamesv3.py
[2023-05-22T14:55:58.958+0000] {processor.py:753} INFO - DAG(s) dict_keys(['get_todays_gamesv3']) retrieved from /opt/airflow/dags/todays_gamesv3.py
[2023-05-22T14:55:59.024+0000] {logging_mixin.py:137} INFO - [2023-05-22T14:55:59.023+0000] {dag.py:2693} INFO - Sync 1 DAGs
[2023-05-22T14:55:59.084+0000] {logging_mixin.py:137} INFO - [2023-05-22T14:55:59.084+0000] {dag.py:3444} INFO - Setting next_dagrun for get_todays_gamesv3 to 2023-05-21T15:00:00+00:00, run_after=2023-05-22T15:00:00+00:00
[2023-05-22T14:55:59.121+0000] {processor.py:175} INFO - Processing /opt/airflow/dags/todays_gamesv3.py took 1.228 seconds
[2023-05-22T14:56:29.856+0000] {processor.py:153} INFO - Started process (PID=84) to work on /opt/airflow/dags/todays_gamesv3.py
[2023-05-22T14:56:29.860+0000] {processor.py:743} INFO - Processing file /opt/airflow/dags/todays_gamesv3.py for tasks to queue
[2023-05-22T14:56:29.861+0000] {logging_mixin.py:137} INFO - [2023-05-22T14:56:29.861+0000] {dagbag.py:532} INFO - Filling up the DagBag from /opt/airflow/dags/todays_gamesv3.py
[2023-05-22T14:56:30.132+0000] {processor.py:753} INFO - DAG(s) dict_keys(['get_todays_gamesv3']) retrieved from /opt/airflow/dags/todays_gamesv3.py
[2023-05-22T14:56:30.167+0000] {logging_mixin.py:137} INFO - [2023-05-22T14:56:30.167+0000] {dag.py:2693} INFO - Sync 1 DAGs
[2023-05-22T14:56:30.200+0000] {logging_mixin.py:137} INFO - [2023-05-22T14:56:30.200+0000] {dag.py:3444} INFO - Setting next_dagrun for get_todays_gamesv3 to 2023-05-21T15:00:00+00:00, run_after=2023-05-22T15:00:00+00:00
[2023-05-22T14:56:30.222+0000] {processor.py:175} INFO - Processing /opt/airflow/dags/todays_gamesv3.py took 0.370 seconds
[2023-05-22T14:57:01.059+0000] {processor.py:153} INFO - Started process (PID=137) to work on /opt/airflow/dags/todays_gamesv3.py
[2023-05-22T14:57:01.061+0000] {processor.py:743} INFO - Processing file /opt/airflow/dags/todays_gamesv3.py for tasks to queue
[2023-05-22T14:57:01.061+0000] {logging_mixin.py:137} INFO - [2023-05-22T14:57:01.061+0000] {dagbag.py:532} INFO - Filling up the DagBag from /opt/airflow/dags/todays_gamesv3.py
[2023-05-22T14:57:01.335+0000] {processor.py:753} INFO - DAG(s) dict_keys(['get_todays_gamesv3']) retrieved from /opt/airflow/dags/todays_gamesv3.py
[2023-05-22T14:57:01.373+0000] {logging_mixin.py:137} INFO - [2023-05-22T14:57:01.372+0000] {dag.py:2693} INFO - Sync 1 DAGs
[2023-05-22T14:57:01.407+0000] {logging_mixin.py:137} INFO - [2023-05-22T14:57:01.407+0000] {dag.py:3444} INFO - Setting next_dagrun for get_todays_gamesv3 to 2023-05-21T15:00:00+00:00, run_after=2023-05-22T15:00:00+00:00
[2023-05-22T14:57:01.652+0000] {processor.py:175} INFO - Processing /opt/airflow/dags/todays_gamesv3.py took 0.597 seconds
[2023-05-22T14:57:31.887+0000] {processor.py:153} INFO - Started process (PID=190) to work on /opt/airflow/dags/todays_gamesv3.py
[2023-05-22T14:57:31.888+0000] {processor.py:743} INFO - Processing file /opt/airflow/dags/todays_gamesv3.py for tasks to queue
[2023-05-22T14:57:31.889+0000] {logging_mixin.py:137} INFO - [2023-05-22T14:57:31.889+0000] {dagbag.py:532} INFO - Filling up the DagBag from /opt/airflow/dags/todays_gamesv3.py
[2023-05-22T14:57:32.160+0000] {processor.py:753} INFO - DAG(s) dict_keys(['get_todays_gamesv3']) retrieved from /opt/airflow/dags/todays_gamesv3.py
[2023-05-22T14:57:32.195+0000] {logging_mixin.py:137} INFO - [2023-05-22T14:57:32.195+0000] {dag.py:2693} INFO - Sync 1 DAGs
[2023-05-22T14:57:32.234+0000] {logging_mixin.py:137} INFO - [2023-05-22T14:57:32.234+0000] {dag.py:3444} INFO - Setting next_dagrun for get_todays_gamesv3 to 2023-05-21T15:00:00+00:00, run_after=2023-05-22T15:00:00+00:00
[2023-05-22T14:57:32.258+0000] {processor.py:175} INFO - Processing /opt/airflow/dags/todays_gamesv3.py took 0.375 seconds
[2023-05-22T14:58:02.987+0000] {processor.py:153} INFO - Started process (PID=242) to work on /opt/airflow/dags/todays_gamesv3.py
[2023-05-22T14:58:02.988+0000] {processor.py:743} INFO - Processing file /opt/airflow/dags/todays_gamesv3.py for tasks to queue
[2023-05-22T14:58:02.989+0000] {logging_mixin.py:137} INFO - [2023-05-22T14:58:02.989+0000] {dagbag.py:532} INFO - Filling up the DagBag from /opt/airflow/dags/todays_gamesv3.py
[2023-05-22T14:58:03.274+0000] {processor.py:753} INFO - DAG(s) dict_keys(['get_todays_gamesv3']) retrieved from /opt/airflow/dags/todays_gamesv3.py
[2023-05-22T14:58:03.518+0000] {logging_mixin.py:137} INFO - [2023-05-22T14:58:03.517+0000] {dag.py:2693} INFO - Sync 1 DAGs
[2023-05-22T14:58:03.550+0000] {logging_mixin.py:137} INFO - [2023-05-22T14:58:03.550+0000] {dag.py:3444} INFO - Setting next_dagrun for get_todays_gamesv3 to 2023-05-21T15:00:00+00:00, run_after=2023-05-22T15:00:00+00:00
[2023-05-22T14:58:03.569+0000] {processor.py:175} INFO - Processing /opt/airflow/dags/todays_gamesv3.py took 0.587 seconds
[2023-05-22T14:58:34.165+0000] {processor.py:153} INFO - Started process (PID=293) to work on /opt/airflow/dags/todays_gamesv3.py
[2023-05-22T14:58:34.166+0000] {processor.py:743} INFO - Processing file /opt/airflow/dags/todays_gamesv3.py for tasks to queue
[2023-05-22T14:58:34.167+0000] {logging_mixin.py:137} INFO - [2023-05-22T14:58:34.167+0000] {dagbag.py:532} INFO - Filling up the DagBag from /opt/airflow/dags/todays_gamesv3.py
[2023-05-22T14:58:34.506+0000] {processor.py:753} INFO - DAG(s) dict_keys(['get_todays_gamesv3']) retrieved from /opt/airflow/dags/todays_gamesv3.py
[2023-05-22T14:58:34.548+0000] {logging_mixin.py:137} INFO - [2023-05-22T14:58:34.547+0000] {dag.py:2693} INFO - Sync 1 DAGs
[2023-05-22T14:58:34.585+0000] {logging_mixin.py:137} INFO - [2023-05-22T14:58:34.585+0000] {dag.py:3444} INFO - Setting next_dagrun for get_todays_gamesv3 to 2023-05-21T15:00:00+00:00, run_after=2023-05-22T15:00:00+00:00
[2023-05-22T14:58:34.606+0000] {processor.py:175} INFO - Processing /opt/airflow/dags/todays_gamesv3.py took 0.446 seconds
[2023-05-22T14:59:05.181+0000] {processor.py:153} INFO - Started process (PID=345) to work on /opt/airflow/dags/todays_gamesv3.py
[2023-05-22T14:59:05.182+0000] {processor.py:743} INFO - Processing file /opt/airflow/dags/todays_gamesv3.py for tasks to queue
[2023-05-22T14:59:05.182+0000] {logging_mixin.py:137} INFO - [2023-05-22T14:59:05.182+0000] {dagbag.py:532} INFO - Filling up the DagBag from /opt/airflow/dags/todays_gamesv3.py
[2023-05-22T14:59:05.454+0000] {processor.py:753} INFO - DAG(s) dict_keys(['get_todays_gamesv3']) retrieved from /opt/airflow/dags/todays_gamesv3.py
[2023-05-22T14:59:05.491+0000] {logging_mixin.py:137} INFO - [2023-05-22T14:59:05.490+0000] {dag.py:2693} INFO - Sync 1 DAGs
[2023-05-22T14:59:05.526+0000] {logging_mixin.py:137} INFO - [2023-05-22T14:59:05.526+0000] {dag.py:3444} INFO - Setting next_dagrun for get_todays_gamesv3 to 2023-05-21T15:00:00+00:00, run_after=2023-05-22T15:00:00+00:00
[2023-05-22T14:59:05.780+0000] {processor.py:175} INFO - Processing /opt/airflow/dags/todays_gamesv3.py took 0.603 seconds
[2023-05-22T14:59:36.306+0000] {processor.py:153} INFO - Started process (PID=397) to work on /opt/airflow/dags/todays_gamesv3.py
[2023-05-22T14:59:36.307+0000] {processor.py:743} INFO - Processing file /opt/airflow/dags/todays_gamesv3.py for tasks to queue
[2023-05-22T14:59:36.308+0000] {logging_mixin.py:137} INFO - [2023-05-22T14:59:36.308+0000] {dagbag.py:532} INFO - Filling up the DagBag from /opt/airflow/dags/todays_gamesv3.py
[2023-05-22T14:59:36.596+0000] {processor.py:753} INFO - DAG(s) dict_keys(['get_todays_gamesv3']) retrieved from /opt/airflow/dags/todays_gamesv3.py
[2023-05-22T14:59:36.634+0000] {logging_mixin.py:137} INFO - [2023-05-22T14:59:36.633+0000] {dag.py:2693} INFO - Sync 1 DAGs
[2023-05-22T14:59:36.877+0000] {logging_mixin.py:137} INFO - [2023-05-22T14:59:36.877+0000] {dag.py:3444} INFO - Setting next_dagrun for get_todays_gamesv3 to 2023-05-21T15:00:00+00:00, run_after=2023-05-22T15:00:00+00:00
[2023-05-22T14:59:36.903+0000] {processor.py:175} INFO - Processing /opt/airflow/dags/todays_gamesv3.py took 0.601 seconds
[2023-05-22T15:00:07.553+0000] {processor.py:153} INFO - Started process (PID=448) to work on /opt/airflow/dags/todays_gamesv3.py
[2023-05-22T15:00:07.555+0000] {processor.py:743} INFO - Processing file /opt/airflow/dags/todays_gamesv3.py for tasks to queue
[2023-05-22T15:00:07.556+0000] {logging_mixin.py:137} INFO - [2023-05-22T15:00:07.556+0000] {dagbag.py:532} INFO - Filling up the DagBag from /opt/airflow/dags/todays_gamesv3.py
[2023-05-22T15:00:07.971+0000] {processor.py:753} INFO - DAG(s) dict_keys(['get_todays_gamesv3']) retrieved from /opt/airflow/dags/todays_gamesv3.py
[2023-05-22T15:00:08.211+0000] {logging_mixin.py:137} INFO - [2023-05-22T15:00:08.210+0000] {dag.py:2693} INFO - Sync 1 DAGs
[2023-05-22T15:00:08.244+0000] {logging_mixin.py:137} INFO - [2023-05-22T15:00:08.243+0000] {dag.py:3444} INFO - Setting next_dagrun for get_todays_gamesv3 to 2023-05-22T15:00:00+00:00, run_after=2023-05-23T15:00:00+00:00
[2023-05-22T15:00:08.265+0000] {processor.py:175} INFO - Processing /opt/airflow/dags/todays_gamesv3.py took 0.725 seconds
[2023-05-22T15:00:39.028+0000] {processor.py:153} INFO - Started process (PID=500) to work on /opt/airflow/dags/todays_gamesv3.py
[2023-05-22T15:00:39.032+0000] {processor.py:743} INFO - Processing file /opt/airflow/dags/todays_gamesv3.py for tasks to queue
[2023-05-22T15:00:39.081+0000] {logging_mixin.py:137} INFO - [2023-05-22T15:00:39.080+0000] {dagbag.py:532} INFO - Filling up the DagBag from /opt/airflow/dags/todays_gamesv3.py
[2023-05-22T15:00:40.134+0000] {processor.py:753} INFO - DAG(s) dict_keys(['get_todays_gamesv3']) retrieved from /opt/airflow/dags/todays_gamesv3.py
[2023-05-22T15:00:40.260+0000] {logging_mixin.py:137} INFO - [2023-05-22T15:00:40.260+0000] {dag.py:2693} INFO - Sync 1 DAGs
[2023-05-22T15:00:40.380+0000] {logging_mixin.py:137} INFO - [2023-05-22T15:00:40.369+0000] {dag.py:3444} INFO - Setting next_dagrun for get_todays_gamesv3 to 2023-05-22T15:00:00+00:00, run_after=2023-05-23T15:00:00+00:00
[2023-05-22T15:00:40.465+0000] {processor.py:175} INFO - Processing /opt/airflow/dags/todays_gamesv3.py took 1.454 seconds
[2023-05-22T15:01:10.722+0000] {processor.py:153} INFO - Started process (PID=559) to work on /opt/airflow/dags/todays_gamesv3.py
[2023-05-22T15:01:10.723+0000] {processor.py:743} INFO - Processing file /opt/airflow/dags/todays_gamesv3.py for tasks to queue
[2023-05-22T15:01:10.724+0000] {logging_mixin.py:137} INFO - [2023-05-22T15:01:10.724+0000] {dagbag.py:532} INFO - Filling up the DagBag from /opt/airflow/dags/todays_gamesv3.py
[2023-05-22T15:01:11.333+0000] {processor.py:753} INFO - DAG(s) dict_keys(['get_todays_gamesv3']) retrieved from /opt/airflow/dags/todays_gamesv3.py
[2023-05-22T15:01:11.407+0000] {logging_mixin.py:137} INFO - [2023-05-22T15:01:11.406+0000] {dag.py:2693} INFO - Sync 1 DAGs
[2023-05-22T15:01:11.472+0000] {logging_mixin.py:137} INFO - [2023-05-22T15:01:11.471+0000] {dag.py:3444} INFO - Setting next_dagrun for get_todays_gamesv3 to 2023-05-22T15:00:00+00:00, run_after=2023-05-23T15:00:00+00:00
[2023-05-22T15:01:11.517+0000] {processor.py:175} INFO - Processing /opt/airflow/dags/todays_gamesv3.py took 0.814 seconds
[2023-05-22T15:01:41.921+0000] {processor.py:153} INFO - Started process (PID=612) to work on /opt/airflow/dags/todays_gamesv3.py
[2023-05-22T15:01:41.922+0000] {processor.py:743} INFO - Processing file /opt/airflow/dags/todays_gamesv3.py for tasks to queue
[2023-05-22T15:01:41.923+0000] {logging_mixin.py:137} INFO - [2023-05-22T15:01:41.923+0000] {dagbag.py:532} INFO - Filling up the DagBag from /opt/airflow/dags/todays_gamesv3.py
[2023-05-22T15:01:42.270+0000] {processor.py:753} INFO - DAG(s) dict_keys(['get_todays_gamesv3']) retrieved from /opt/airflow/dags/todays_gamesv3.py
[2023-05-22T15:01:42.518+0000] {logging_mixin.py:137} INFO - [2023-05-22T15:01:42.517+0000] {dag.py:2693} INFO - Sync 1 DAGs
[2023-05-22T15:01:42.549+0000] {logging_mixin.py:137} INFO - [2023-05-22T15:01:42.549+0000] {dag.py:3444} INFO - Setting next_dagrun for get_todays_gamesv3 to 2023-05-22T15:00:00+00:00, run_after=2023-05-23T15:00:00+00:00
[2023-05-22T15:01:42.569+0000] {processor.py:175} INFO - Processing /opt/airflow/dags/todays_gamesv3.py took 0.653 seconds
[2023-05-22T15:02:13.588+0000] {processor.py:153} INFO - Started process (PID=664) to work on /opt/airflow/dags/todays_gamesv3.py
[2023-05-22T15:02:13.590+0000] {processor.py:743} INFO - Processing file /opt/airflow/dags/todays_gamesv3.py for tasks to queue
[2023-05-22T15:02:13.590+0000] {logging_mixin.py:137} INFO - [2023-05-22T15:02:13.590+0000] {dagbag.py:532} INFO - Filling up the DagBag from /opt/airflow/dags/todays_gamesv3.py
[2023-05-22T15:02:13.910+0000] {processor.py:753} INFO - DAG(s) dict_keys(['get_todays_gamesv3']) retrieved from /opt/airflow/dags/todays_gamesv3.py
[2023-05-22T15:02:13.942+0000] {logging_mixin.py:137} INFO - [2023-05-22T15:02:13.942+0000] {dag.py:2693} INFO - Sync 1 DAGs
[2023-05-22T15:02:13.978+0000] {logging_mixin.py:137} INFO - [2023-05-22T15:02:13.978+0000] {dag.py:3444} INFO - Setting next_dagrun for get_todays_gamesv3 to 2023-05-22T15:00:00+00:00, run_after=2023-05-23T15:00:00+00:00
[2023-05-22T15:02:14.000+0000] {processor.py:175} INFO - Processing /opt/airflow/dags/todays_gamesv3.py took 0.416 seconds
[2023-05-22T15:02:44.989+0000] {processor.py:153} INFO - Started process (PID=716) to work on /opt/airflow/dags/todays_gamesv3.py
[2023-05-22T15:02:44.990+0000] {processor.py:743} INFO - Processing file /opt/airflow/dags/todays_gamesv3.py for tasks to queue
[2023-05-22T15:02:44.990+0000] {logging_mixin.py:137} INFO - [2023-05-22T15:02:44.990+0000] {dagbag.py:532} INFO - Filling up the DagBag from /opt/airflow/dags/todays_gamesv3.py
[2023-05-22T15:02:45.265+0000] {processor.py:753} INFO - DAG(s) dict_keys(['get_todays_gamesv3']) retrieved from /opt/airflow/dags/todays_gamesv3.py
[2023-05-22T15:02:45.297+0000] {logging_mixin.py:137} INFO - [2023-05-22T15:02:45.297+0000] {dag.py:2693} INFO - Sync 1 DAGs
[2023-05-22T15:02:45.329+0000] {logging_mixin.py:137} INFO - [2023-05-22T15:02:45.329+0000] {dag.py:3444} INFO - Setting next_dagrun for get_todays_gamesv3 to 2023-05-22T15:00:00+00:00, run_after=2023-05-23T15:00:00+00:00
[2023-05-22T15:02:45.546+0000] {processor.py:175} INFO - Processing /opt/airflow/dags/todays_gamesv3.py took 0.566 seconds
[2023-05-22T15:03:15.915+0000] {processor.py:153} INFO - Started process (PID=769) to work on /opt/airflow/dags/todays_gamesv3.py
[2023-05-22T15:03:15.917+0000] {processor.py:743} INFO - Processing file /opt/airflow/dags/todays_gamesv3.py for tasks to queue
[2023-05-22T15:03:15.917+0000] {logging_mixin.py:137} INFO - [2023-05-22T15:03:15.917+0000] {dagbag.py:532} INFO - Filling up the DagBag from /opt/airflow/dags/todays_gamesv3.py
[2023-05-22T15:03:16.220+0000] {processor.py:753} INFO - DAG(s) dict_keys(['get_todays_gamesv3']) retrieved from /opt/airflow/dags/todays_gamesv3.py
[2023-05-22T15:03:16.253+0000] {logging_mixin.py:137} INFO - [2023-05-22T15:03:16.253+0000] {dag.py:2693} INFO - Sync 1 DAGs
[2023-05-22T15:03:16.480+0000] {logging_mixin.py:137} INFO - [2023-05-22T15:03:16.480+0000] {dag.py:3444} INFO - Setting next_dagrun for get_todays_gamesv3 to 2023-05-22T15:00:00+00:00, run_after=2023-05-23T15:00:00+00:00
[2023-05-22T15:03:16.500+0000] {processor.py:175} INFO - Processing /opt/airflow/dags/todays_gamesv3.py took 0.590 seconds
[2023-05-22T15:03:46.948+0000] {processor.py:153} INFO - Started process (PID=821) to work on /opt/airflow/dags/todays_gamesv3.py
[2023-05-22T15:03:46.950+0000] {processor.py:743} INFO - Processing file /opt/airflow/dags/todays_gamesv3.py for tasks to queue
[2023-05-22T15:03:46.951+0000] {logging_mixin.py:137} INFO - [2023-05-22T15:03:46.951+0000] {dagbag.py:532} INFO - Filling up the DagBag from /opt/airflow/dags/todays_gamesv3.py
[2023-05-22T15:03:47.252+0000] {processor.py:753} INFO - DAG(s) dict_keys(['get_todays_gamesv3']) retrieved from /opt/airflow/dags/todays_gamesv3.py
[2023-05-22T15:03:47.482+0000] {logging_mixin.py:137} INFO - [2023-05-22T15:03:47.482+0000] {dag.py:2693} INFO - Sync 1 DAGs
[2023-05-22T15:03:47.514+0000] {logging_mixin.py:137} INFO - [2023-05-22T15:03:47.514+0000] {dag.py:3444} INFO - Setting next_dagrun for get_todays_gamesv3 to 2023-05-22T15:00:00+00:00, run_after=2023-05-23T15:00:00+00:00
[2023-05-22T15:03:47.534+0000] {processor.py:175} INFO - Processing /opt/airflow/dags/todays_gamesv3.py took 0.590 seconds
[2023-05-22T15:04:18.033+0000] {processor.py:153} INFO - Started process (PID=874) to work on /opt/airflow/dags/todays_gamesv3.py
[2023-05-22T15:04:18.035+0000] {processor.py:743} INFO - Processing file /opt/airflow/dags/todays_gamesv3.py for tasks to queue
[2023-05-22T15:04:18.036+0000] {logging_mixin.py:137} INFO - [2023-05-22T15:04:18.035+0000] {dagbag.py:532} INFO - Filling up the DagBag from /opt/airflow/dags/todays_gamesv3.py
[2023-05-22T15:04:18.311+0000] {processor.py:753} INFO - DAG(s) dict_keys(['get_todays_gamesv3']) retrieved from /opt/airflow/dags/todays_gamesv3.py
[2023-05-22T15:04:18.351+0000] {logging_mixin.py:137} INFO - [2023-05-22T15:04:18.351+0000] {dag.py:2693} INFO - Sync 1 DAGs
[2023-05-22T15:04:18.388+0000] {logging_mixin.py:137} INFO - [2023-05-22T15:04:18.387+0000] {dag.py:3444} INFO - Setting next_dagrun for get_todays_gamesv3 to 2023-05-22T15:00:00+00:00, run_after=2023-05-23T15:00:00+00:00
[2023-05-22T15:04:18.414+0000] {processor.py:175} INFO - Processing /opt/airflow/dags/todays_gamesv3.py took 0.383 seconds
[2023-05-22T15:04:48.968+0000] {processor.py:153} INFO - Started process (PID=927) to work on /opt/airflow/dags/todays_gamesv3.py
[2023-05-22T15:04:48.971+0000] {processor.py:743} INFO - Processing file /opt/airflow/dags/todays_gamesv3.py for tasks to queue
[2023-05-22T15:04:48.972+0000] {logging_mixin.py:137} INFO - [2023-05-22T15:04:48.972+0000] {dagbag.py:532} INFO - Filling up the DagBag from /opt/airflow/dags/todays_gamesv3.py
[2023-05-22T15:04:49.240+0000] {processor.py:753} INFO - DAG(s) dict_keys(['get_todays_gamesv3']) retrieved from /opt/airflow/dags/todays_gamesv3.py
[2023-05-22T15:04:49.279+0000] {logging_mixin.py:137} INFO - [2023-05-22T15:04:49.278+0000] {dag.py:2693} INFO - Sync 1 DAGs
[2023-05-22T15:04:49.320+0000] {logging_mixin.py:137} INFO - [2023-05-22T15:04:49.320+0000] {dag.py:3444} INFO - Setting next_dagrun for get_todays_gamesv3 to 2023-05-22T15:00:00+00:00, run_after=2023-05-23T15:00:00+00:00
[2023-05-22T15:04:49.553+0000] {processor.py:175} INFO - Processing /opt/airflow/dags/todays_gamesv3.py took 0.589 seconds
[2023-05-22T15:05:19.765+0000] {processor.py:153} INFO - Started process (PID=978) to work on /opt/airflow/dags/todays_gamesv3.py
[2023-05-22T15:05:19.770+0000] {processor.py:743} INFO - Processing file /opt/airflow/dags/todays_gamesv3.py for tasks to queue
[2023-05-22T15:05:19.770+0000] {logging_mixin.py:137} INFO - [2023-05-22T15:05:19.770+0000] {dagbag.py:532} INFO - Filling up the DagBag from /opt/airflow/dags/todays_gamesv3.py
[2023-05-22T15:05:20.062+0000] {processor.py:753} INFO - DAG(s) dict_keys(['get_todays_gamesv3']) retrieved from /opt/airflow/dags/todays_gamesv3.py
[2023-05-22T15:05:20.094+0000] {logging_mixin.py:137} INFO - [2023-05-22T15:05:20.094+0000] {dag.py:2693} INFO - Sync 1 DAGs
[2023-05-22T15:05:20.312+0000] {logging_mixin.py:137} INFO - [2023-05-22T15:05:20.312+0000] {dag.py:3444} INFO - Setting next_dagrun for get_todays_gamesv3 to 2023-05-22T15:00:00+00:00, run_after=2023-05-23T15:00:00+00:00
[2023-05-22T15:05:20.345+0000] {processor.py:175} INFO - Processing /opt/airflow/dags/todays_gamesv3.py took 0.584 seconds
[2023-05-22T15:05:50.773+0000] {processor.py:153} INFO - Started process (PID=1030) to work on /opt/airflow/dags/todays_gamesv3.py
[2023-05-22T15:05:50.774+0000] {processor.py:743} INFO - Processing file /opt/airflow/dags/todays_gamesv3.py for tasks to queue
[2023-05-22T15:05:50.775+0000] {logging_mixin.py:137} INFO - [2023-05-22T15:05:50.775+0000] {dagbag.py:532} INFO - Filling up the DagBag from /opt/airflow/dags/todays_gamesv3.py
[2023-05-22T15:05:51.044+0000] {processor.py:753} INFO - DAG(s) dict_keys(['get_todays_gamesv3']) retrieved from /opt/airflow/dags/todays_gamesv3.py
[2023-05-22T15:05:51.264+0000] {logging_mixin.py:137} INFO - [2023-05-22T15:05:51.263+0000] {dag.py:2693} INFO - Sync 1 DAGs
[2023-05-22T15:05:51.295+0000] {logging_mixin.py:137} INFO - [2023-05-22T15:05:51.295+0000] {dag.py:3444} INFO - Setting next_dagrun for get_todays_gamesv3 to 2023-05-22T15:00:00+00:00, run_after=2023-05-23T15:00:00+00:00
[2023-05-22T15:05:51.314+0000] {processor.py:175} INFO - Processing /opt/airflow/dags/todays_gamesv3.py took 0.547 seconds
[2023-05-22T15:06:21.477+0000] {processor.py:153} INFO - Started process (PID=1083) to work on /opt/airflow/dags/todays_gamesv3.py
[2023-05-22T15:06:21.478+0000] {processor.py:743} INFO - Processing file /opt/airflow/dags/todays_gamesv3.py for tasks to queue
[2023-05-22T15:06:21.479+0000] {logging_mixin.py:137} INFO - [2023-05-22T15:06:21.479+0000] {dagbag.py:532} INFO - Filling up the DagBag from /opt/airflow/dags/todays_gamesv3.py
[2023-05-22T15:06:21.746+0000] {processor.py:753} INFO - DAG(s) dict_keys(['get_todays_gamesv3']) retrieved from /opt/airflow/dags/todays_gamesv3.py
[2023-05-22T15:06:21.781+0000] {logging_mixin.py:137} INFO - [2023-05-22T15:06:21.780+0000] {dag.py:2693} INFO - Sync 1 DAGs
[2023-05-22T15:06:21.815+0000] {logging_mixin.py:137} INFO - [2023-05-22T15:06:21.814+0000] {dag.py:3444} INFO - Setting next_dagrun for get_todays_gamesv3 to 2023-05-22T15:00:00+00:00, run_after=2023-05-23T15:00:00+00:00
[2023-05-22T15:06:22.095+0000] {processor.py:175} INFO - Processing /opt/airflow/dags/todays_gamesv3.py took 0.622 seconds
[2023-05-22T15:06:52.624+0000] {processor.py:153} INFO - Started process (PID=1135) to work on /opt/airflow/dags/todays_gamesv3.py
[2023-05-22T15:06:52.625+0000] {processor.py:743} INFO - Processing file /opt/airflow/dags/todays_gamesv3.py for tasks to queue
[2023-05-22T15:06:52.626+0000] {logging_mixin.py:137} INFO - [2023-05-22T15:06:52.626+0000] {dagbag.py:532} INFO - Filling up the DagBag from /opt/airflow/dags/todays_gamesv3.py
[2023-05-22T15:06:52.896+0000] {processor.py:753} INFO - DAG(s) dict_keys(['get_todays_gamesv3']) retrieved from /opt/airflow/dags/todays_gamesv3.py
[2023-05-22T15:06:52.930+0000] {logging_mixin.py:137} INFO - [2023-05-22T15:06:52.930+0000] {dag.py:2693} INFO - Sync 1 DAGs
[2023-05-22T15:06:52.965+0000] {logging_mixin.py:137} INFO - [2023-05-22T15:06:52.965+0000] {dag.py:3444} INFO - Setting next_dagrun for get_todays_gamesv3 to 2023-05-22T15:00:00+00:00, run_after=2023-05-23T15:00:00+00:00
[2023-05-22T15:06:52.985+0000] {processor.py:175} INFO - Processing /opt/airflow/dags/todays_gamesv3.py took 0.365 seconds
[2023-05-22T15:07:23.382+0000] {processor.py:153} INFO - Started process (PID=1187) to work on /opt/airflow/dags/todays_gamesv3.py
[2023-05-22T15:07:23.382+0000] {processor.py:743} INFO - Processing file /opt/airflow/dags/todays_gamesv3.py for tasks to queue
[2023-05-22T15:07:23.391+0000] {logging_mixin.py:137} INFO - [2023-05-22T15:07:23.383+0000] {dagbag.py:532} INFO - Filling up the DagBag from /opt/airflow/dags/todays_gamesv3.py
[2023-05-22T15:07:23.934+0000] {processor.py:753} INFO - DAG(s) dict_keys(['get_todays_gamesv3']) retrieved from /opt/airflow/dags/todays_gamesv3.py
[2023-05-22T15:07:24.268+0000] {logging_mixin.py:137} INFO - [2023-05-22T15:07:24.268+0000] {dag.py:2693} INFO - Sync 1 DAGs
[2023-05-22T15:07:24.334+0000] {logging_mixin.py:137} INFO - [2023-05-22T15:07:24.334+0000] {dag.py:3444} INFO - Setting next_dagrun for get_todays_gamesv3 to 2023-05-22T15:00:00+00:00, run_after=2023-05-23T15:00:00+00:00
[2023-05-22T15:07:24.370+0000] {processor.py:175} INFO - Processing /opt/airflow/dags/todays_gamesv3.py took 0.993 seconds
[2023-05-22T15:07:55.208+0000] {processor.py:153} INFO - Started process (PID=1239) to work on /opt/airflow/dags/todays_gamesv3.py
[2023-05-22T15:07:55.209+0000] {processor.py:743} INFO - Processing file /opt/airflow/dags/todays_gamesv3.py for tasks to queue
[2023-05-22T15:07:55.210+0000] {logging_mixin.py:137} INFO - [2023-05-22T15:07:55.210+0000] {dagbag.py:532} INFO - Filling up the DagBag from /opt/airflow/dags/todays_gamesv3.py
[2023-05-22T15:07:55.506+0000] {processor.py:753} INFO - DAG(s) dict_keys(['get_todays_gamesv3']) retrieved from /opt/airflow/dags/todays_gamesv3.py
[2023-05-22T15:07:55.539+0000] {logging_mixin.py:137} INFO - [2023-05-22T15:07:55.538+0000] {dag.py:2693} INFO - Sync 1 DAGs
[2023-05-22T15:07:55.605+0000] {logging_mixin.py:137} INFO - [2023-05-22T15:07:55.605+0000] {dag.py:3444} INFO - Setting next_dagrun for get_todays_gamesv3 to 2023-05-22T15:00:00+00:00, run_after=2023-05-23T15:00:00+00:00
[2023-05-22T15:07:55.642+0000] {processor.py:175} INFO - Processing /opt/airflow/dags/todays_gamesv3.py took 0.439 seconds
[2023-05-22T15:08:25.730+0000] {processor.py:153} INFO - Started process (PID=1291) to work on /opt/airflow/dags/todays_gamesv3.py
[2023-05-22T15:08:25.731+0000] {processor.py:743} INFO - Processing file /opt/airflow/dags/todays_gamesv3.py for tasks to queue
[2023-05-22T15:08:25.732+0000] {logging_mixin.py:137} INFO - [2023-05-22T15:08:25.731+0000] {dagbag.py:532} INFO - Filling up the DagBag from /opt/airflow/dags/todays_gamesv3.py
[2023-05-22T15:08:26.003+0000] {processor.py:753} INFO - DAG(s) dict_keys(['get_todays_gamesv3']) retrieved from /opt/airflow/dags/todays_gamesv3.py
[2023-05-22T15:08:26.037+0000] {logging_mixin.py:137} INFO - [2023-05-22T15:08:26.036+0000] {dag.py:2693} INFO - Sync 1 DAGs
[2023-05-22T15:08:26.077+0000] {logging_mixin.py:137} INFO - [2023-05-22T15:08:26.077+0000] {dag.py:3444} INFO - Setting next_dagrun for get_todays_gamesv3 to 2023-05-22T15:00:00+00:00, run_after=2023-05-23T15:00:00+00:00
[2023-05-22T15:08:26.098+0000] {processor.py:175} INFO - Processing /opt/airflow/dags/todays_gamesv3.py took 0.372 seconds
[2023-05-22T15:08:56.738+0000] {processor.py:153} INFO - Started process (PID=1342) to work on /opt/airflow/dags/todays_gamesv3.py
[2023-05-22T15:08:56.739+0000] {processor.py:743} INFO - Processing file /opt/airflow/dags/todays_gamesv3.py for tasks to queue
[2023-05-22T15:08:56.739+0000] {logging_mixin.py:137} INFO - [2023-05-22T15:08:56.739+0000] {dagbag.py:532} INFO - Filling up the DagBag from /opt/airflow/dags/todays_gamesv3.py
[2023-05-22T15:08:57.451+0000] {processor.py:753} INFO - DAG(s) dict_keys(['get_todays_gamesv3']) retrieved from /opt/airflow/dags/todays_gamesv3.py
[2023-05-22T15:08:57.528+0000] {logging_mixin.py:137} INFO - [2023-05-22T15:08:57.528+0000] {dag.py:2693} INFO - Sync 1 DAGs
[2023-05-22T15:08:57.952+0000] {logging_mixin.py:137} INFO - [2023-05-22T15:08:57.952+0000] {dag.py:3444} INFO - Setting next_dagrun for get_todays_gamesv3 to 2023-05-22T15:00:00+00:00, run_after=2023-05-23T15:00:00+00:00
[2023-05-22T15:08:57.994+0000] {processor.py:175} INFO - Processing /opt/airflow/dags/todays_gamesv3.py took 1.268 seconds
[2023-05-22T15:09:28.039+0000] {processor.py:153} INFO - Started process (PID=1394) to work on /opt/airflow/dags/todays_gamesv3.py
[2023-05-22T15:09:28.040+0000] {processor.py:743} INFO - Processing file /opt/airflow/dags/todays_gamesv3.py for tasks to queue
[2023-05-22T15:09:28.041+0000] {logging_mixin.py:137} INFO - [2023-05-22T15:09:28.041+0000] {dagbag.py:532} INFO - Filling up the DagBag from /opt/airflow/dags/todays_gamesv3.py
[2023-05-22T15:09:28.313+0000] {processor.py:753} INFO - DAG(s) dict_keys(['get_todays_gamesv3']) retrieved from /opt/airflow/dags/todays_gamesv3.py
[2023-05-22T15:09:28.535+0000] {logging_mixin.py:137} INFO - [2023-05-22T15:09:28.534+0000] {dag.py:2693} INFO - Sync 1 DAGs
[2023-05-22T15:09:28.584+0000] {logging_mixin.py:137} INFO - [2023-05-22T15:09:28.583+0000] {dag.py:3444} INFO - Setting next_dagrun for get_todays_gamesv3 to 2023-05-22T15:00:00+00:00, run_after=2023-05-23T15:00:00+00:00
[2023-05-22T15:09:28.609+0000] {processor.py:175} INFO - Processing /opt/airflow/dags/todays_gamesv3.py took 0.575 seconds
[2023-05-22T15:09:58.699+0000] {processor.py:153} INFO - Started process (PID=1446) to work on /opt/airflow/dags/todays_gamesv3.py
[2023-05-22T15:09:58.700+0000] {processor.py:743} INFO - Processing file /opt/airflow/dags/todays_gamesv3.py for tasks to queue
[2023-05-22T15:09:58.701+0000] {logging_mixin.py:137} INFO - [2023-05-22T15:09:58.701+0000] {dagbag.py:532} INFO - Filling up the DagBag from /opt/airflow/dags/todays_gamesv3.py
[2023-05-22T15:09:58.978+0000] {processor.py:753} INFO - DAG(s) dict_keys(['get_todays_gamesv3']) retrieved from /opt/airflow/dags/todays_gamesv3.py
[2023-05-22T15:09:59.016+0000] {logging_mixin.py:137} INFO - [2023-05-22T15:09:59.016+0000] {dag.py:2693} INFO - Sync 1 DAGs
[2023-05-22T15:09:59.055+0000] {logging_mixin.py:137} INFO - [2023-05-22T15:09:59.055+0000] {dag.py:3444} INFO - Setting next_dagrun for get_todays_gamesv3 to 2023-05-22T15:00:00+00:00, run_after=2023-05-23T15:00:00+00:00
[2023-05-22T15:09:59.079+0000] {processor.py:175} INFO - Processing /opt/airflow/dags/todays_gamesv3.py took 0.384 seconds
[2023-05-22T15:10:29.908+0000] {processor.py:153} INFO - Started process (PID=1498) to work on /opt/airflow/dags/todays_gamesv3.py
[2023-05-22T15:10:29.909+0000] {processor.py:743} INFO - Processing file /opt/airflow/dags/todays_gamesv3.py for tasks to queue
[2023-05-22T15:10:29.910+0000] {logging_mixin.py:137} INFO - [2023-05-22T15:10:29.910+0000] {dagbag.py:532} INFO - Filling up the DagBag from /opt/airflow/dags/todays_gamesv3.py
[2023-05-22T15:10:30.198+0000] {processor.py:753} INFO - DAG(s) dict_keys(['get_todays_gamesv3']) retrieved from /opt/airflow/dags/todays_gamesv3.py
[2023-05-22T15:10:30.241+0000] {logging_mixin.py:137} INFO - [2023-05-22T15:10:30.241+0000] {dag.py:2693} INFO - Sync 1 DAGs
[2023-05-22T15:10:30.277+0000] {logging_mixin.py:137} INFO - [2023-05-22T15:10:30.277+0000] {dag.py:3444} INFO - Setting next_dagrun for get_todays_gamesv3 to 2023-05-22T15:00:00+00:00, run_after=2023-05-23T15:00:00+00:00
[2023-05-22T15:10:30.298+0000] {processor.py:175} INFO - Processing /opt/airflow/dags/todays_gamesv3.py took 0.395 seconds
