[2023-04-03T01:55:32.890+0000] {taskinstance.py:1084} INFO - Dependencies all met for dep_context=non-requeueable deps ti=<TaskInstance: get_todays_gamesv4.print_start manual__2023-04-03T01:55:30.424049+00:00 [queued]>
[2023-04-03T01:55:32.913+0000] {taskinstance.py:1084} INFO - Dependencies all met for dep_context=requeueable deps ti=<TaskInstance: get_todays_gamesv4.print_start manual__2023-04-03T01:55:30.424049+00:00 [queued]>
[2023-04-03T01:55:32.913+0000] {taskinstance.py:1282} INFO - 
--------------------------------------------------------------------------------
[2023-04-03T01:55:32.914+0000] {taskinstance.py:1283} INFO - Starting attempt 1 of 1
[2023-04-03T01:55:32.914+0000] {taskinstance.py:1284} INFO - 
--------------------------------------------------------------------------------
[2023-04-03T01:55:32.957+0000] {taskinstance.py:1303} INFO - Executing <Task(BashOperator): print_start> on 2023-04-03 01:55:30.424049+00:00
[2023-04-03T01:55:32.963+0000] {standard_task_runner.py:55} INFO - Started process 400 to run task
[2023-04-03T01:55:32.973+0000] {standard_task_runner.py:82} INFO - Running: ['***', 'tasks', 'run', 'get_todays_gamesv4', 'print_start', 'manual__2023-04-03T01:55:30.424049+00:00', '--job-id', '53', '--raw', '--subdir', 'DAGS_FOLDER/todays_games.py', '--cfg-path', '/tmp/tmpl9zaelji']
[2023-04-03T01:55:32.988+0000] {standard_task_runner.py:83} INFO - Job 53: Subtask print_start
[2023-04-03T01:55:33.133+0000] {task_command.py:388} INFO - Running <TaskInstance: get_todays_gamesv4.print_start manual__2023-04-03T01:55:30.424049+00:00 [running]> on host bb4d827b1601
[2023-04-03T01:55:33.297+0000] {taskinstance.py:1511} INFO - Exporting the following env vars:
AIRFLOW_CTX_DAG_OWNER=***
AIRFLOW_CTX_DAG_ID=get_todays_gamesv4
AIRFLOW_CTX_TASK_ID=print_start
AIRFLOW_CTX_EXECUTION_DATE=2023-04-03T01:55:30.424049+00:00
AIRFLOW_CTX_TRY_NUMBER=1
AIRFLOW_CTX_DAG_RUN_ID=manual__2023-04-03T01:55:30.424049+00:00
[2023-04-03T01:55:33.301+0000] {subprocess.py:63} INFO - Tmp dir root location: 
 /tmp
[2023-04-03T01:55:33.301+0000] {subprocess.py:75} INFO - Running command: ['/bin/bash', '-c', 'echo starting dag']
[2023-04-03T01:55:33.315+0000] {subprocess.py:86} INFO - Output:
[2023-04-03T01:55:33.320+0000] {subprocess.py:93} INFO - starting dag
[2023-04-03T01:55:33.321+0000] {subprocess.py:97} INFO - Command exited with return code 0
[2023-04-03T01:55:33.346+0000] {taskinstance.py:1326} INFO - Marking task as SUCCESS. dag_id=get_todays_gamesv4, task_id=print_start, execution_date=20230403T015530, start_date=20230403T015532, end_date=20230403T015533
[2023-04-03T01:55:33.402+0000] {local_task_job.py:212} INFO - Task exited with return code 0
[2023-04-03T01:55:33.441+0000] {taskinstance.py:2585} INFO - 1 downstream tasks scheduled from follow-on schedule check
