[2023-05-20T14:55:53.699+0000] {processor.py:153} INFO - Started process (PID=33) to work on /opt/airflow/dags/todays_games.py
[2023-05-20T14:55:53.700+0000] {processor.py:743} INFO - Processing file /opt/airflow/dags/todays_games.py for tasks to queue
[2023-05-20T14:55:53.700+0000] {logging_mixin.py:137} INFO - [2023-05-20T14:55:53.700+0000] {dagbag.py:532} INFO - Filling up the DagBag from /opt/airflow/dags/todays_games.py
[2023-05-20T14:55:54.261+0000] {processor.py:753} INFO - DAG(s) dict_keys(['get_todays_games']) retrieved from /opt/airflow/dags/todays_games.py
[2023-05-20T14:55:54.348+0000] {logging_mixin.py:137} INFO - [2023-05-20T14:55:54.348+0000] {dag.py:2693} INFO - Sync 1 DAGs
[2023-05-20T14:55:54.443+0000] {logging_mixin.py:137} INFO - [2023-05-20T14:55:54.443+0000] {dag.py:3444} INFO - Setting next_dagrun for get_todays_games to 2023-05-18T15:00:00+00:00, run_after=2023-05-19T15:00:00+00:00
[2023-05-20T14:55:54.489+0000] {processor.py:175} INFO - Processing /opt/airflow/dags/todays_games.py took 0.794 seconds
[2023-05-20T14:56:24.732+0000] {processor.py:153} INFO - Started process (PID=84) to work on /opt/airflow/dags/todays_games.py
[2023-05-20T14:56:24.734+0000] {processor.py:743} INFO - Processing file /opt/airflow/dags/todays_games.py for tasks to queue
[2023-05-20T14:56:24.734+0000] {logging_mixin.py:137} INFO - [2023-05-20T14:56:24.734+0000] {dagbag.py:532} INFO - Filling up the DagBag from /opt/airflow/dags/todays_games.py
[2023-05-20T14:56:24.903+0000] {processor.py:753} INFO - DAG(s) dict_keys(['get_todays_games']) retrieved from /opt/airflow/dags/todays_games.py
[2023-05-20T14:56:24.939+0000] {logging_mixin.py:137} INFO - [2023-05-20T14:56:24.939+0000] {dag.py:2693} INFO - Sync 1 DAGs
[2023-05-20T14:56:24.972+0000] {logging_mixin.py:137} INFO - [2023-05-20T14:56:24.971+0000] {dag.py:3444} INFO - Setting next_dagrun for get_todays_games to 2023-05-18T15:00:00+00:00, run_after=2023-05-19T15:00:00+00:00
[2023-05-20T14:56:24.992+0000] {processor.py:175} INFO - Processing /opt/airflow/dags/todays_games.py took 0.263 seconds
[2023-05-20T14:56:55.401+0000] {processor.py:153} INFO - Started process (PID=137) to work on /opt/airflow/dags/todays_games.py
[2023-05-20T14:56:55.402+0000] {processor.py:743} INFO - Processing file /opt/airflow/dags/todays_games.py for tasks to queue
[2023-05-20T14:56:55.403+0000] {logging_mixin.py:137} INFO - [2023-05-20T14:56:55.402+0000] {dagbag.py:532} INFO - Filling up the DagBag from /opt/airflow/dags/todays_games.py
[2023-05-20T14:56:55.603+0000] {processor.py:753} INFO - DAG(s) dict_keys(['get_todays_games']) retrieved from /opt/airflow/dags/todays_games.py
[2023-05-20T14:56:55.643+0000] {logging_mixin.py:137} INFO - [2023-05-20T14:56:55.643+0000] {dag.py:2693} INFO - Sync 1 DAGs
[2023-05-20T14:56:55.686+0000] {logging_mixin.py:137} INFO - [2023-05-20T14:56:55.686+0000] {dag.py:3444} INFO - Setting next_dagrun for get_todays_games to 2023-05-18T15:00:00+00:00, run_after=2023-05-19T15:00:00+00:00
[2023-05-20T14:56:55.712+0000] {processor.py:175} INFO - Processing /opt/airflow/dags/todays_games.py took 0.314 seconds
[2023-05-20T14:57:26.008+0000] {processor.py:153} INFO - Started process (PID=189) to work on /opt/airflow/dags/todays_games.py
[2023-05-20T14:57:26.009+0000] {processor.py:743} INFO - Processing file /opt/airflow/dags/todays_games.py for tasks to queue
[2023-05-20T14:57:26.009+0000] {logging_mixin.py:137} INFO - [2023-05-20T14:57:26.009+0000] {dagbag.py:532} INFO - Filling up the DagBag from /opt/airflow/dags/todays_games.py
[2023-05-20T14:57:26.174+0000] {processor.py:753} INFO - DAG(s) dict_keys(['get_todays_games']) retrieved from /opt/airflow/dags/todays_games.py
[2023-05-20T14:57:26.203+0000] {logging_mixin.py:137} INFO - [2023-05-20T14:57:26.203+0000] {dag.py:2693} INFO - Sync 1 DAGs
[2023-05-20T14:57:26.237+0000] {logging_mixin.py:137} INFO - [2023-05-20T14:57:26.237+0000] {dag.py:3444} INFO - Setting next_dagrun for get_todays_games to 2023-05-18T15:00:00+00:00, run_after=2023-05-19T15:00:00+00:00
[2023-05-20T14:57:26.257+0000] {processor.py:175} INFO - Processing /opt/airflow/dags/todays_games.py took 0.258 seconds
[2023-05-20T14:57:56.302+0000] {processor.py:153} INFO - Started process (PID=240) to work on /opt/airflow/dags/todays_games.py
[2023-05-20T14:57:56.303+0000] {processor.py:743} INFO - Processing file /opt/airflow/dags/todays_games.py for tasks to queue
[2023-05-20T14:57:56.304+0000] {logging_mixin.py:137} INFO - [2023-05-20T14:57:56.303+0000] {dagbag.py:532} INFO - Filling up the DagBag from /opt/airflow/dags/todays_games.py
[2023-05-20T14:57:56.473+0000] {processor.py:753} INFO - DAG(s) dict_keys(['get_todays_games']) retrieved from /opt/airflow/dags/todays_games.py
[2023-05-20T14:57:56.505+0000] {logging_mixin.py:137} INFO - [2023-05-20T14:57:56.505+0000] {dag.py:2693} INFO - Sync 1 DAGs
[2023-05-20T14:57:56.538+0000] {logging_mixin.py:137} INFO - [2023-05-20T14:57:56.537+0000] {dag.py:3444} INFO - Setting next_dagrun for get_todays_games to 2023-05-18T15:00:00+00:00, run_after=2023-05-19T15:00:00+00:00
[2023-05-20T14:57:56.558+0000] {processor.py:175} INFO - Processing /opt/airflow/dags/todays_games.py took 0.261 seconds
[2023-05-20T14:58:26.904+0000] {processor.py:153} INFO - Started process (PID=293) to work on /opt/airflow/dags/todays_games.py
[2023-05-20T14:58:26.906+0000] {processor.py:743} INFO - Processing file /opt/airflow/dags/todays_games.py for tasks to queue
[2023-05-20T14:58:26.906+0000] {logging_mixin.py:137} INFO - [2023-05-20T14:58:26.906+0000] {dagbag.py:532} INFO - Filling up the DagBag from /opt/airflow/dags/todays_games.py
[2023-05-20T14:58:27.082+0000] {processor.py:753} INFO - DAG(s) dict_keys(['get_todays_games']) retrieved from /opt/airflow/dags/todays_games.py
[2023-05-20T14:58:27.112+0000] {logging_mixin.py:137} INFO - [2023-05-20T14:58:27.112+0000] {dag.py:2693} INFO - Sync 1 DAGs
[2023-05-20T14:58:27.146+0000] {logging_mixin.py:137} INFO - [2023-05-20T14:58:27.146+0000] {dag.py:3444} INFO - Setting next_dagrun for get_todays_games to 2023-05-18T15:00:00+00:00, run_after=2023-05-19T15:00:00+00:00
[2023-05-20T14:58:27.176+0000] {processor.py:175} INFO - Processing /opt/airflow/dags/todays_games.py took 0.276 seconds
[2023-05-20T14:58:57.218+0000] {processor.py:153} INFO - Started process (PID=346) to work on /opt/airflow/dags/todays_games.py
[2023-05-20T14:58:57.219+0000] {processor.py:743} INFO - Processing file /opt/airflow/dags/todays_games.py for tasks to queue
[2023-05-20T14:58:57.220+0000] {logging_mixin.py:137} INFO - [2023-05-20T14:58:57.220+0000] {dagbag.py:532} INFO - Filling up the DagBag from /opt/airflow/dags/todays_games.py
[2023-05-20T14:58:57.416+0000] {processor.py:753} INFO - DAG(s) dict_keys(['get_todays_games']) retrieved from /opt/airflow/dags/todays_games.py
[2023-05-20T14:58:57.446+0000] {logging_mixin.py:137} INFO - [2023-05-20T14:58:57.445+0000] {dag.py:2693} INFO - Sync 1 DAGs
[2023-05-20T14:58:57.478+0000] {logging_mixin.py:137} INFO - [2023-05-20T14:58:57.478+0000] {dag.py:3444} INFO - Setting next_dagrun for get_todays_games to 2023-05-18T15:00:00+00:00, run_after=2023-05-19T15:00:00+00:00
[2023-05-20T14:58:57.498+0000] {processor.py:175} INFO - Processing /opt/airflow/dags/todays_games.py took 0.283 seconds
[2023-05-20T14:59:27.724+0000] {processor.py:153} INFO - Started process (PID=397) to work on /opt/airflow/dags/todays_games.py
[2023-05-20T14:59:27.726+0000] {processor.py:743} INFO - Processing file /opt/airflow/dags/todays_games.py for tasks to queue
[2023-05-20T14:59:27.726+0000] {logging_mixin.py:137} INFO - [2023-05-20T14:59:27.726+0000] {dagbag.py:532} INFO - Filling up the DagBag from /opt/airflow/dags/todays_games.py
[2023-05-20T14:59:27.893+0000] {processor.py:753} INFO - DAG(s) dict_keys(['get_todays_games']) retrieved from /opt/airflow/dags/todays_games.py
[2023-05-20T14:59:27.924+0000] {logging_mixin.py:137} INFO - [2023-05-20T14:59:27.924+0000] {dag.py:2693} INFO - Sync 1 DAGs
[2023-05-20T14:59:27.956+0000] {logging_mixin.py:137} INFO - [2023-05-20T14:59:27.956+0000] {dag.py:3444} INFO - Setting next_dagrun for get_todays_games to 2023-05-18T15:00:00+00:00, run_after=2023-05-19T15:00:00+00:00
[2023-05-20T14:59:27.976+0000] {processor.py:175} INFO - Processing /opt/airflow/dags/todays_games.py took 0.255 seconds
[2023-05-20T14:59:58.044+0000] {processor.py:153} INFO - Started process (PID=449) to work on /opt/airflow/dags/todays_games.py
[2023-05-20T14:59:58.054+0000] {processor.py:743} INFO - Processing file /opt/airflow/dags/todays_games.py for tasks to queue
[2023-05-20T14:59:58.055+0000] {logging_mixin.py:137} INFO - [2023-05-20T14:59:58.055+0000] {dagbag.py:532} INFO - Filling up the DagBag from /opt/airflow/dags/todays_games.py
[2023-05-20T14:59:58.565+0000] {processor.py:753} INFO - DAG(s) dict_keys(['get_todays_games']) retrieved from /opt/airflow/dags/todays_games.py
[2023-05-20T14:59:58.618+0000] {logging_mixin.py:137} INFO - [2023-05-20T14:59:58.618+0000] {dag.py:2693} INFO - Sync 1 DAGs
[2023-05-20T14:59:58.661+0000] {logging_mixin.py:137} INFO - [2023-05-20T14:59:58.661+0000] {dag.py:3444} INFO - Setting next_dagrun for get_todays_games to 2023-05-18T15:00:00+00:00, run_after=2023-05-19T15:00:00+00:00
[2023-05-20T14:59:58.699+0000] {processor.py:175} INFO - Processing /opt/airflow/dags/todays_games.py took 0.659 seconds
[2023-05-20T15:00:28.964+0000] {processor.py:153} INFO - Started process (PID=500) to work on /opt/airflow/dags/todays_games.py
[2023-05-20T15:00:28.966+0000] {processor.py:743} INFO - Processing file /opt/airflow/dags/todays_games.py for tasks to queue
[2023-05-20T15:00:28.966+0000] {logging_mixin.py:137} INFO - [2023-05-20T15:00:28.966+0000] {dagbag.py:532} INFO - Filling up the DagBag from /opt/airflow/dags/todays_games.py
[2023-05-20T15:00:29.340+0000] {processor.py:753} INFO - DAG(s) dict_keys(['get_todays_games']) retrieved from /opt/airflow/dags/todays_games.py
[2023-05-20T15:00:29.377+0000] {logging_mixin.py:137} INFO - [2023-05-20T15:00:29.377+0000] {dag.py:2693} INFO - Sync 1 DAGs
[2023-05-20T15:00:29.410+0000] {logging_mixin.py:137} INFO - [2023-05-20T15:00:29.410+0000] {dag.py:3444} INFO - Setting next_dagrun for get_todays_games to 2023-05-19T15:00:00+00:00, run_after=2023-05-20T15:00:00+00:00
[2023-05-20T15:00:29.447+0000] {processor.py:175} INFO - Processing /opt/airflow/dags/todays_games.py took 0.494 seconds
[2023-05-20T15:00:59.972+0000] {processor.py:153} INFO - Started process (PID=552) to work on /opt/airflow/dags/todays_games.py
[2023-05-20T15:00:59.973+0000] {processor.py:743} INFO - Processing file /opt/airflow/dags/todays_games.py for tasks to queue
[2023-05-20T15:00:59.974+0000] {logging_mixin.py:137} INFO - [2023-05-20T15:00:59.974+0000] {dagbag.py:532} INFO - Filling up the DagBag from /opt/airflow/dags/todays_games.py
[2023-05-20T15:01:00.156+0000] {processor.py:753} INFO - DAG(s) dict_keys(['get_todays_games']) retrieved from /opt/airflow/dags/todays_games.py
[2023-05-20T15:01:00.189+0000] {logging_mixin.py:137} INFO - [2023-05-20T15:01:00.189+0000] {dag.py:2693} INFO - Sync 1 DAGs
[2023-05-20T15:01:00.224+0000] {logging_mixin.py:137} INFO - [2023-05-20T15:01:00.223+0000] {dag.py:3444} INFO - Setting next_dagrun for get_todays_games to 2023-05-19T15:00:00+00:00, run_after=2023-05-20T15:00:00+00:00
[2023-05-20T15:01:00.244+0000] {processor.py:175} INFO - Processing /opt/airflow/dags/todays_games.py took 0.276 seconds
[2023-05-20T15:01:30.457+0000] {processor.py:153} INFO - Started process (PID=604) to work on /opt/airflow/dags/todays_games.py
[2023-05-20T15:01:30.458+0000] {processor.py:743} INFO - Processing file /opt/airflow/dags/todays_games.py for tasks to queue
[2023-05-20T15:01:30.458+0000] {logging_mixin.py:137} INFO - [2023-05-20T15:01:30.458+0000] {dagbag.py:532} INFO - Filling up the DagBag from /opt/airflow/dags/todays_games.py
[2023-05-20T15:01:30.629+0000] {processor.py:753} INFO - DAG(s) dict_keys(['get_todays_games']) retrieved from /opt/airflow/dags/todays_games.py
[2023-05-20T15:01:30.660+0000] {logging_mixin.py:137} INFO - [2023-05-20T15:01:30.660+0000] {dag.py:2693} INFO - Sync 1 DAGs
[2023-05-20T15:01:30.693+0000] {logging_mixin.py:137} INFO - [2023-05-20T15:01:30.693+0000] {dag.py:3444} INFO - Setting next_dagrun for get_todays_games to 2023-05-19T15:00:00+00:00, run_after=2023-05-20T15:00:00+00:00
[2023-05-20T15:01:30.714+0000] {processor.py:175} INFO - Processing /opt/airflow/dags/todays_games.py took 0.261 seconds
[2023-05-20T15:02:00.923+0000] {processor.py:153} INFO - Started process (PID=656) to work on /opt/airflow/dags/todays_games.py
[2023-05-20T15:02:00.924+0000] {processor.py:743} INFO - Processing file /opt/airflow/dags/todays_games.py for tasks to queue
[2023-05-20T15:02:00.925+0000] {logging_mixin.py:137} INFO - [2023-05-20T15:02:00.925+0000] {dagbag.py:532} INFO - Filling up the DagBag from /opt/airflow/dags/todays_games.py
[2023-05-20T15:02:01.100+0000] {processor.py:753} INFO - DAG(s) dict_keys(['get_todays_games']) retrieved from /opt/airflow/dags/todays_games.py
[2023-05-20T15:02:01.132+0000] {logging_mixin.py:137} INFO - [2023-05-20T15:02:01.132+0000] {dag.py:2693} INFO - Sync 1 DAGs
[2023-05-20T15:02:01.166+0000] {logging_mixin.py:137} INFO - [2023-05-20T15:02:01.166+0000] {dag.py:3444} INFO - Setting next_dagrun for get_todays_games to 2023-05-19T15:00:00+00:00, run_after=2023-05-20T15:00:00+00:00
[2023-05-20T15:02:01.187+0000] {processor.py:175} INFO - Processing /opt/airflow/dags/todays_games.py took 0.268 seconds
[2023-05-20T15:02:31.741+0000] {processor.py:153} INFO - Started process (PID=708) to work on /opt/airflow/dags/todays_games.py
[2023-05-20T15:02:31.743+0000] {processor.py:743} INFO - Processing file /opt/airflow/dags/todays_games.py for tasks to queue
[2023-05-20T15:02:31.743+0000] {logging_mixin.py:137} INFO - [2023-05-20T15:02:31.743+0000] {dagbag.py:532} INFO - Filling up the DagBag from /opt/airflow/dags/todays_games.py
[2023-05-20T15:02:31.923+0000] {processor.py:753} INFO - DAG(s) dict_keys(['get_todays_games']) retrieved from /opt/airflow/dags/todays_games.py
[2023-05-20T15:02:31.953+0000] {logging_mixin.py:137} INFO - [2023-05-20T15:02:31.953+0000] {dag.py:2693} INFO - Sync 1 DAGs
[2023-05-20T15:02:31.993+0000] {logging_mixin.py:137} INFO - [2023-05-20T15:02:31.993+0000] {dag.py:3444} INFO - Setting next_dagrun for get_todays_games to 2023-05-19T15:00:00+00:00, run_after=2023-05-20T15:00:00+00:00
[2023-05-20T15:02:32.014+0000] {processor.py:175} INFO - Processing /opt/airflow/dags/todays_games.py took 0.277 seconds
[2023-05-20T15:03:02.137+0000] {processor.py:153} INFO - Started process (PID=760) to work on /opt/airflow/dags/todays_games.py
[2023-05-20T15:03:02.138+0000] {processor.py:743} INFO - Processing file /opt/airflow/dags/todays_games.py for tasks to queue
[2023-05-20T15:03:02.139+0000] {logging_mixin.py:137} INFO - [2023-05-20T15:03:02.139+0000] {dagbag.py:532} INFO - Filling up the DagBag from /opt/airflow/dags/todays_games.py
[2023-05-20T15:03:02.336+0000] {processor.py:753} INFO - DAG(s) dict_keys(['get_todays_games']) retrieved from /opt/airflow/dags/todays_games.py
[2023-05-20T15:03:02.368+0000] {logging_mixin.py:137} INFO - [2023-05-20T15:03:02.368+0000] {dag.py:2693} INFO - Sync 1 DAGs
[2023-05-20T15:03:02.403+0000] {logging_mixin.py:137} INFO - [2023-05-20T15:03:02.402+0000] {dag.py:3444} INFO - Setting next_dagrun for get_todays_games to 2023-05-19T15:00:00+00:00, run_after=2023-05-20T15:00:00+00:00
[2023-05-20T15:03:02.425+0000] {processor.py:175} INFO - Processing /opt/airflow/dags/todays_games.py took 0.292 seconds
[2023-05-20T15:03:32.846+0000] {processor.py:153} INFO - Started process (PID=812) to work on /opt/airflow/dags/todays_games.py
[2023-05-20T15:03:32.847+0000] {processor.py:743} INFO - Processing file /opt/airflow/dags/todays_games.py for tasks to queue
[2023-05-20T15:03:32.848+0000] {logging_mixin.py:137} INFO - [2023-05-20T15:03:32.848+0000] {dagbag.py:532} INFO - Filling up the DagBag from /opt/airflow/dags/todays_games.py
[2023-05-20T15:03:33.021+0000] {processor.py:753} INFO - DAG(s) dict_keys(['get_todays_games']) retrieved from /opt/airflow/dags/todays_games.py
[2023-05-20T15:03:33.052+0000] {logging_mixin.py:137} INFO - [2023-05-20T15:03:33.052+0000] {dag.py:2693} INFO - Sync 1 DAGs
[2023-05-20T15:03:33.085+0000] {logging_mixin.py:137} INFO - [2023-05-20T15:03:33.084+0000] {dag.py:3444} INFO - Setting next_dagrun for get_todays_games to 2023-05-19T15:00:00+00:00, run_after=2023-05-20T15:00:00+00:00
[2023-05-20T15:03:33.106+0000] {processor.py:175} INFO - Processing /opt/airflow/dags/todays_games.py took 0.264 seconds
[2023-05-20T15:04:03.296+0000] {processor.py:153} INFO - Started process (PID=864) to work on /opt/airflow/dags/todays_games.py
[2023-05-20T15:04:03.297+0000] {processor.py:743} INFO - Processing file /opt/airflow/dags/todays_games.py for tasks to queue
[2023-05-20T15:04:03.298+0000] {logging_mixin.py:137} INFO - [2023-05-20T15:04:03.298+0000] {dagbag.py:532} INFO - Filling up the DagBag from /opt/airflow/dags/todays_games.py
[2023-05-20T15:04:03.468+0000] {processor.py:753} INFO - DAG(s) dict_keys(['get_todays_games']) retrieved from /opt/airflow/dags/todays_games.py
[2023-05-20T15:04:03.499+0000] {logging_mixin.py:137} INFO - [2023-05-20T15:04:03.499+0000] {dag.py:2693} INFO - Sync 1 DAGs
[2023-05-20T15:04:03.533+0000] {logging_mixin.py:137} INFO - [2023-05-20T15:04:03.533+0000] {dag.py:3444} INFO - Setting next_dagrun for get_todays_games to 2023-05-19T15:00:00+00:00, run_after=2023-05-20T15:00:00+00:00
[2023-05-20T15:04:03.555+0000] {processor.py:175} INFO - Processing /opt/airflow/dags/todays_games.py took 0.262 seconds
[2023-05-20T15:04:33.685+0000] {processor.py:153} INFO - Started process (PID=917) to work on /opt/airflow/dags/todays_games.py
[2023-05-20T15:04:33.686+0000] {processor.py:743} INFO - Processing file /opt/airflow/dags/todays_games.py for tasks to queue
[2023-05-20T15:04:33.687+0000] {logging_mixin.py:137} INFO - [2023-05-20T15:04:33.687+0000] {dagbag.py:532} INFO - Filling up the DagBag from /opt/airflow/dags/todays_games.py
[2023-05-20T15:04:33.858+0000] {processor.py:753} INFO - DAG(s) dict_keys(['get_todays_games']) retrieved from /opt/airflow/dags/todays_games.py
[2023-05-20T15:04:33.888+0000] {logging_mixin.py:137} INFO - [2023-05-20T15:04:33.888+0000] {dag.py:2693} INFO - Sync 1 DAGs
[2023-05-20T15:04:33.921+0000] {logging_mixin.py:137} INFO - [2023-05-20T15:04:33.921+0000] {dag.py:3444} INFO - Setting next_dagrun for get_todays_games to 2023-05-19T15:00:00+00:00, run_after=2023-05-20T15:00:00+00:00
[2023-05-20T15:04:33.941+0000] {processor.py:175} INFO - Processing /opt/airflow/dags/todays_games.py took 0.259 seconds
[2023-05-20T15:05:03.988+0000] {processor.py:153} INFO - Started process (PID=969) to work on /opt/airflow/dags/todays_games.py
[2023-05-20T15:05:03.989+0000] {processor.py:743} INFO - Processing file /opt/airflow/dags/todays_games.py for tasks to queue
[2023-05-20T15:05:03.989+0000] {logging_mixin.py:137} INFO - [2023-05-20T15:05:03.989+0000] {dagbag.py:532} INFO - Filling up the DagBag from /opt/airflow/dags/todays_games.py
[2023-05-20T15:05:04.161+0000] {processor.py:753} INFO - DAG(s) dict_keys(['get_todays_games']) retrieved from /opt/airflow/dags/todays_games.py
[2023-05-20T15:05:04.199+0000] {logging_mixin.py:137} INFO - [2023-05-20T15:05:04.199+0000] {dag.py:2693} INFO - Sync 1 DAGs
[2023-05-20T15:05:04.239+0000] {logging_mixin.py:137} INFO - [2023-05-20T15:05:04.231+0000] {dag.py:3444} INFO - Setting next_dagrun for get_todays_games to 2023-05-19T15:00:00+00:00, run_after=2023-05-20T15:00:00+00:00
[2023-05-20T15:05:04.276+0000] {processor.py:175} INFO - Processing /opt/airflow/dags/todays_games.py took 0.292 seconds
[2023-05-20T15:05:34.580+0000] {processor.py:153} INFO - Started process (PID=1021) to work on /opt/airflow/dags/todays_games.py
[2023-05-20T15:05:34.582+0000] {processor.py:743} INFO - Processing file /opt/airflow/dags/todays_games.py for tasks to queue
[2023-05-20T15:05:34.583+0000] {logging_mixin.py:137} INFO - [2023-05-20T15:05:34.583+0000] {dagbag.py:532} INFO - Filling up the DagBag from /opt/airflow/dags/todays_games.py
[2023-05-20T15:05:34.771+0000] {processor.py:753} INFO - DAG(s) dict_keys(['get_todays_games']) retrieved from /opt/airflow/dags/todays_games.py
[2023-05-20T15:05:34.802+0000] {logging_mixin.py:137} INFO - [2023-05-20T15:05:34.802+0000] {dag.py:2693} INFO - Sync 1 DAGs
[2023-05-20T15:05:34.835+0000] {logging_mixin.py:137} INFO - [2023-05-20T15:05:34.834+0000] {dag.py:3444} INFO - Setting next_dagrun for get_todays_games to 2023-05-19T15:00:00+00:00, run_after=2023-05-20T15:00:00+00:00
[2023-05-20T15:05:34.857+0000] {processor.py:175} INFO - Processing /opt/airflow/dags/todays_games.py took 0.281 seconds
[2023-05-20T15:06:05.073+0000] {processor.py:153} INFO - Started process (PID=1073) to work on /opt/airflow/dags/todays_games.py
[2023-05-20T15:06:05.074+0000] {processor.py:743} INFO - Processing file /opt/airflow/dags/todays_games.py for tasks to queue
[2023-05-20T15:06:05.074+0000] {logging_mixin.py:137} INFO - [2023-05-20T15:06:05.074+0000] {dagbag.py:532} INFO - Filling up the DagBag from /opt/airflow/dags/todays_games.py
[2023-05-20T15:06:05.432+0000] {processor.py:753} INFO - DAG(s) dict_keys(['get_todays_games']) retrieved from /opt/airflow/dags/todays_games.py
[2023-05-20T15:06:05.487+0000] {logging_mixin.py:137} INFO - [2023-05-20T15:06:05.486+0000] {dag.py:2693} INFO - Sync 1 DAGs
[2023-05-20T15:06:05.547+0000] {logging_mixin.py:137} INFO - [2023-05-20T15:06:05.547+0000] {dag.py:3444} INFO - Setting next_dagrun for get_todays_games to 2023-05-19T15:00:00+00:00, run_after=2023-05-20T15:00:00+00:00
[2023-05-20T15:06:05.592+0000] {processor.py:175} INFO - Processing /opt/airflow/dags/todays_games.py took 0.531 seconds
[2023-05-20T15:06:35.668+0000] {processor.py:153} INFO - Started process (PID=1125) to work on /opt/airflow/dags/todays_games.py
[2023-05-20T15:06:35.670+0000] {processor.py:743} INFO - Processing file /opt/airflow/dags/todays_games.py for tasks to queue
[2023-05-20T15:06:35.670+0000] {logging_mixin.py:137} INFO - [2023-05-20T15:06:35.670+0000] {dagbag.py:532} INFO - Filling up the DagBag from /opt/airflow/dags/todays_games.py
[2023-05-20T15:06:35.850+0000] {processor.py:753} INFO - DAG(s) dict_keys(['get_todays_games']) retrieved from /opt/airflow/dags/todays_games.py
[2023-05-20T15:06:35.885+0000] {logging_mixin.py:137} INFO - [2023-05-20T15:06:35.885+0000] {dag.py:2693} INFO - Sync 1 DAGs
[2023-05-20T15:06:35.919+0000] {logging_mixin.py:137} INFO - [2023-05-20T15:06:35.919+0000] {dag.py:3444} INFO - Setting next_dagrun for get_todays_games to 2023-05-19T15:00:00+00:00, run_after=2023-05-20T15:00:00+00:00
[2023-05-20T15:06:35.940+0000] {processor.py:175} INFO - Processing /opt/airflow/dags/todays_games.py took 0.275 seconds
[2023-05-20T15:07:06.110+0000] {processor.py:153} INFO - Started process (PID=1178) to work on /opt/airflow/dags/todays_games.py
[2023-05-20T15:07:06.118+0000] {processor.py:743} INFO - Processing file /opt/airflow/dags/todays_games.py for tasks to queue
[2023-05-20T15:07:06.119+0000] {logging_mixin.py:137} INFO - [2023-05-20T15:07:06.119+0000] {dagbag.py:532} INFO - Filling up the DagBag from /opt/airflow/dags/todays_games.py
[2023-05-20T15:07:06.460+0000] {processor.py:753} INFO - DAG(s) dict_keys(['get_todays_games']) retrieved from /opt/airflow/dags/todays_games.py
[2023-05-20T15:07:06.584+0000] {logging_mixin.py:137} INFO - [2023-05-20T15:07:06.583+0000] {dag.py:2693} INFO - Sync 1 DAGs
[2023-05-20T15:07:06.679+0000] {logging_mixin.py:137} INFO - [2023-05-20T15:07:06.678+0000] {dag.py:3444} INFO - Setting next_dagrun for get_todays_games to 2023-05-19T15:00:00+00:00, run_after=2023-05-20T15:00:00+00:00
[2023-05-20T15:07:06.717+0000] {processor.py:175} INFO - Processing /opt/airflow/dags/todays_games.py took 0.611 seconds
[2023-05-20T15:07:37.148+0000] {processor.py:153} INFO - Started process (PID=1237) to work on /opt/airflow/dags/todays_games.py
[2023-05-20T15:07:37.149+0000] {processor.py:743} INFO - Processing file /opt/airflow/dags/todays_games.py for tasks to queue
[2023-05-20T15:07:37.150+0000] {logging_mixin.py:137} INFO - [2023-05-20T15:07:37.150+0000] {dagbag.py:532} INFO - Filling up the DagBag from /opt/airflow/dags/todays_games.py
[2023-05-20T15:07:37.328+0000] {processor.py:753} INFO - DAG(s) dict_keys(['get_todays_games']) retrieved from /opt/airflow/dags/todays_games.py
[2023-05-20T15:07:37.363+0000] {logging_mixin.py:137} INFO - [2023-05-20T15:07:37.363+0000] {dag.py:2693} INFO - Sync 1 DAGs
[2023-05-20T15:07:37.397+0000] {logging_mixin.py:137} INFO - [2023-05-20T15:07:37.396+0000] {dag.py:3444} INFO - Setting next_dagrun for get_todays_games to 2023-05-19T15:00:00+00:00, run_after=2023-05-20T15:00:00+00:00
[2023-05-20T15:07:37.417+0000] {processor.py:175} INFO - Processing /opt/airflow/dags/todays_games.py took 0.273 seconds
[2023-05-20T15:08:07.740+0000] {processor.py:153} INFO - Started process (PID=1289) to work on /opt/airflow/dags/todays_games.py
[2023-05-20T15:08:07.742+0000] {processor.py:743} INFO - Processing file /opt/airflow/dags/todays_games.py for tasks to queue
[2023-05-20T15:08:07.743+0000] {logging_mixin.py:137} INFO - [2023-05-20T15:08:07.742+0000] {dagbag.py:532} INFO - Filling up the DagBag from /opt/airflow/dags/todays_games.py
[2023-05-20T15:08:07.916+0000] {processor.py:753} INFO - DAG(s) dict_keys(['get_todays_games']) retrieved from /opt/airflow/dags/todays_games.py
[2023-05-20T15:08:07.946+0000] {logging_mixin.py:137} INFO - [2023-05-20T15:08:07.945+0000] {dag.py:2693} INFO - Sync 1 DAGs
[2023-05-20T15:08:07.978+0000] {logging_mixin.py:137} INFO - [2023-05-20T15:08:07.978+0000] {dag.py:3444} INFO - Setting next_dagrun for get_todays_games to 2023-05-19T15:00:00+00:00, run_after=2023-05-20T15:00:00+00:00
[2023-05-20T15:08:07.998+0000] {processor.py:175} INFO - Processing /opt/airflow/dags/todays_games.py took 0.262 seconds
[2023-05-20T15:08:38.566+0000] {processor.py:153} INFO - Started process (PID=1341) to work on /opt/airflow/dags/todays_games.py
[2023-05-20T15:08:38.567+0000] {processor.py:743} INFO - Processing file /opt/airflow/dags/todays_games.py for tasks to queue
[2023-05-20T15:08:38.568+0000] {logging_mixin.py:137} INFO - [2023-05-20T15:08:38.567+0000] {dagbag.py:532} INFO - Filling up the DagBag from /opt/airflow/dags/todays_games.py
[2023-05-20T15:08:38.751+0000] {processor.py:753} INFO - DAG(s) dict_keys(['get_todays_games']) retrieved from /opt/airflow/dags/todays_games.py
[2023-05-20T15:08:38.782+0000] {logging_mixin.py:137} INFO - [2023-05-20T15:08:38.782+0000] {dag.py:2693} INFO - Sync 1 DAGs
[2023-05-20T15:08:38.814+0000] {logging_mixin.py:137} INFO - [2023-05-20T15:08:38.814+0000] {dag.py:3444} INFO - Setting next_dagrun for get_todays_games to 2023-05-19T15:00:00+00:00, run_after=2023-05-20T15:00:00+00:00
[2023-05-20T15:08:38.833+0000] {processor.py:175} INFO - Processing /opt/airflow/dags/todays_games.py took 0.271 seconds
[2023-05-20T15:09:09.540+0000] {processor.py:153} INFO - Started process (PID=1392) to work on /opt/airflow/dags/todays_games.py
[2023-05-20T15:09:09.541+0000] {processor.py:743} INFO - Processing file /opt/airflow/dags/todays_games.py for tasks to queue
[2023-05-20T15:09:09.541+0000] {logging_mixin.py:137} INFO - [2023-05-20T15:09:09.541+0000] {dagbag.py:532} INFO - Filling up the DagBag from /opt/airflow/dags/todays_games.py
[2023-05-20T15:09:09.718+0000] {processor.py:753} INFO - DAG(s) dict_keys(['get_todays_games']) retrieved from /opt/airflow/dags/todays_games.py
[2023-05-20T15:09:09.749+0000] {logging_mixin.py:137} INFO - [2023-05-20T15:09:09.748+0000] {dag.py:2693} INFO - Sync 1 DAGs
[2023-05-20T15:09:09.781+0000] {logging_mixin.py:137} INFO - [2023-05-20T15:09:09.780+0000] {dag.py:3444} INFO - Setting next_dagrun for get_todays_games to 2023-05-19T15:00:00+00:00, run_after=2023-05-20T15:00:00+00:00
[2023-05-20T15:09:09.800+0000] {processor.py:175} INFO - Processing /opt/airflow/dags/todays_games.py took 0.265 seconds
[2023-05-20T15:09:39.979+0000] {processor.py:153} INFO - Started process (PID=1444) to work on /opt/airflow/dags/todays_games.py
[2023-05-20T15:09:39.980+0000] {processor.py:743} INFO - Processing file /opt/airflow/dags/todays_games.py for tasks to queue
[2023-05-20T15:09:39.981+0000] {logging_mixin.py:137} INFO - [2023-05-20T15:09:39.980+0000] {dagbag.py:532} INFO - Filling up the DagBag from /opt/airflow/dags/todays_games.py
[2023-05-20T15:09:40.147+0000] {processor.py:753} INFO - DAG(s) dict_keys(['get_todays_games']) retrieved from /opt/airflow/dags/todays_games.py
[2023-05-20T15:09:40.177+0000] {logging_mixin.py:137} INFO - [2023-05-20T15:09:40.177+0000] {dag.py:2693} INFO - Sync 1 DAGs
[2023-05-20T15:09:40.209+0000] {logging_mixin.py:137} INFO - [2023-05-20T15:09:40.209+0000] {dag.py:3444} INFO - Setting next_dagrun for get_todays_games to 2023-05-19T15:00:00+00:00, run_after=2023-05-20T15:00:00+00:00
[2023-05-20T15:09:40.235+0000] {processor.py:175} INFO - Processing /opt/airflow/dags/todays_games.py took 0.263 seconds
[2023-05-20T15:10:10.520+0000] {processor.py:153} INFO - Started process (PID=1496) to work on /opt/airflow/dags/todays_games.py
[2023-05-20T15:10:10.522+0000] {processor.py:743} INFO - Processing file /opt/airflow/dags/todays_games.py for tasks to queue
[2023-05-20T15:10:10.523+0000] {logging_mixin.py:137} INFO - [2023-05-20T15:10:10.522+0000] {dagbag.py:532} INFO - Filling up the DagBag from /opt/airflow/dags/todays_games.py
[2023-05-20T15:10:10.721+0000] {processor.py:753} INFO - DAG(s) dict_keys(['get_todays_games']) retrieved from /opt/airflow/dags/todays_games.py
[2023-05-20T15:10:10.751+0000] {logging_mixin.py:137} INFO - [2023-05-20T15:10:10.750+0000] {dag.py:2693} INFO - Sync 1 DAGs
[2023-05-20T15:10:10.785+0000] {logging_mixin.py:137} INFO - [2023-05-20T15:10:10.785+0000] {dag.py:3444} INFO - Setting next_dagrun for get_todays_games to 2023-05-19T15:00:00+00:00, run_after=2023-05-20T15:00:00+00:00
[2023-05-20T15:10:10.805+0000] {processor.py:175} INFO - Processing /opt/airflow/dags/todays_games.py took 0.289 seconds
[2023-05-20T15:24:12.918+0000] {processor.py:153} INFO - Started process (PID=34) to work on /opt/airflow/dags/todays_games.py
[2023-05-20T15:24:12.931+0000] {processor.py:743} INFO - Processing file /opt/airflow/dags/todays_games.py for tasks to queue
[2023-05-20T15:24:12.931+0000] {logging_mixin.py:137} INFO - [2023-05-20T15:24:12.931+0000] {dagbag.py:532} INFO - Filling up the DagBag from /opt/airflow/dags/todays_games.py
[2023-05-20T15:24:13.300+0000] {processor.py:753} INFO - DAG(s) dict_keys(['get_todays_games']) retrieved from /opt/airflow/dags/todays_games.py
[2023-05-20T15:24:13.362+0000] {logging_mixin.py:137} INFO - [2023-05-20T15:24:13.362+0000] {dag.py:2693} INFO - Sync 1 DAGs
[2023-05-20T15:24:13.394+0000] {logging_mixin.py:137} INFO - [2023-05-20T15:24:13.394+0000] {dag.py:3444} INFO - Setting next_dagrun for get_todays_games to 2023-05-19T15:00:00+00:00, run_after=2023-05-20T15:00:00+00:00
[2023-05-20T15:24:13.433+0000] {processor.py:175} INFO - Processing /opt/airflow/dags/todays_games.py took 0.520 seconds
[2023-05-20T15:24:43.900+0000] {processor.py:153} INFO - Started process (PID=86) to work on /opt/airflow/dags/todays_games.py
[2023-05-20T15:24:43.901+0000] {processor.py:743} INFO - Processing file /opt/airflow/dags/todays_games.py for tasks to queue
[2023-05-20T15:24:43.902+0000] {logging_mixin.py:137} INFO - [2023-05-20T15:24:43.902+0000] {dagbag.py:532} INFO - Filling up the DagBag from /opt/airflow/dags/todays_games.py
[2023-05-20T15:24:44.067+0000] {processor.py:753} INFO - DAG(s) dict_keys(['get_todays_games']) retrieved from /opt/airflow/dags/todays_games.py
[2023-05-20T15:24:44.100+0000] {logging_mixin.py:137} INFO - [2023-05-20T15:24:44.099+0000] {dag.py:2693} INFO - Sync 1 DAGs
[2023-05-20T15:24:44.139+0000] {logging_mixin.py:137} INFO - [2023-05-20T15:24:44.138+0000] {dag.py:3444} INFO - Setting next_dagrun for get_todays_games to 2023-05-19T15:00:00+00:00, run_after=2023-05-20T15:00:00+00:00
[2023-05-20T15:24:44.167+0000] {processor.py:175} INFO - Processing /opt/airflow/dags/todays_games.py took 0.270 seconds
[2023-05-20T15:25:14.299+0000] {processor.py:153} INFO - Started process (PID=138) to work on /opt/airflow/dags/todays_games.py
[2023-05-20T15:25:14.300+0000] {processor.py:743} INFO - Processing file /opt/airflow/dags/todays_games.py for tasks to queue
[2023-05-20T15:25:14.301+0000] {logging_mixin.py:137} INFO - [2023-05-20T15:25:14.301+0000] {dagbag.py:532} INFO - Filling up the DagBag from /opt/airflow/dags/todays_games.py
[2023-05-20T15:25:14.468+0000] {processor.py:753} INFO - DAG(s) dict_keys(['get_todays_games']) retrieved from /opt/airflow/dags/todays_games.py
[2023-05-20T15:25:14.509+0000] {logging_mixin.py:137} INFO - [2023-05-20T15:25:14.509+0000] {dag.py:2693} INFO - Sync 1 DAGs
[2023-05-20T15:25:14.543+0000] {logging_mixin.py:137} INFO - [2023-05-20T15:25:14.542+0000] {dag.py:3444} INFO - Setting next_dagrun for get_todays_games to 2023-05-19T15:00:00+00:00, run_after=2023-05-20T15:00:00+00:00
[2023-05-20T15:25:14.563+0000] {processor.py:175} INFO - Processing /opt/airflow/dags/todays_games.py took 0.268 seconds
[2023-05-20T15:25:44.849+0000] {processor.py:153} INFO - Started process (PID=190) to work on /opt/airflow/dags/todays_games.py
[2023-05-20T15:25:44.853+0000] {processor.py:743} INFO - Processing file /opt/airflow/dags/todays_games.py for tasks to queue
[2023-05-20T15:25:44.853+0000] {logging_mixin.py:137} INFO - [2023-05-20T15:25:44.853+0000] {dagbag.py:532} INFO - Filling up the DagBag from /opt/airflow/dags/todays_games.py
[2023-05-20T15:25:45.201+0000] {processor.py:753} INFO - DAG(s) dict_keys(['get_todays_games']) retrieved from /opt/airflow/dags/todays_games.py
[2023-05-20T15:25:45.254+0000] {logging_mixin.py:137} INFO - [2023-05-20T15:25:45.253+0000] {dag.py:2693} INFO - Sync 1 DAGs
[2023-05-20T15:25:45.306+0000] {logging_mixin.py:137} INFO - [2023-05-20T15:25:45.305+0000] {dag.py:3444} INFO - Setting next_dagrun for get_todays_games to 2023-05-19T15:00:00+00:00, run_after=2023-05-20T15:00:00+00:00
[2023-05-20T15:25:45.361+0000] {processor.py:175} INFO - Processing /opt/airflow/dags/todays_games.py took 0.516 seconds
[2023-05-20T15:26:15.415+0000] {processor.py:153} INFO - Started process (PID=242) to work on /opt/airflow/dags/todays_games.py
[2023-05-20T15:26:15.427+0000] {processor.py:743} INFO - Processing file /opt/airflow/dags/todays_games.py for tasks to queue
[2023-05-20T15:26:15.428+0000] {logging_mixin.py:137} INFO - [2023-05-20T15:26:15.428+0000] {dagbag.py:532} INFO - Filling up the DagBag from /opt/airflow/dags/todays_games.py
[2023-05-20T15:26:15.612+0000] {processor.py:753} INFO - DAG(s) dict_keys(['get_todays_games']) retrieved from /opt/airflow/dags/todays_games.py
[2023-05-20T15:26:15.648+0000] {logging_mixin.py:137} INFO - [2023-05-20T15:26:15.648+0000] {dag.py:2693} INFO - Sync 1 DAGs
[2023-05-20T15:26:15.686+0000] {logging_mixin.py:137} INFO - [2023-05-20T15:26:15.686+0000] {dag.py:3444} INFO - Setting next_dagrun for get_todays_games to 2023-05-19T15:00:00+00:00, run_after=2023-05-20T15:00:00+00:00
[2023-05-20T15:26:15.717+0000] {processor.py:175} INFO - Processing /opt/airflow/dags/todays_games.py took 0.306 seconds
[2023-05-20T15:26:45.894+0000] {processor.py:153} INFO - Started process (PID=295) to work on /opt/airflow/dags/todays_games.py
[2023-05-20T15:26:45.896+0000] {processor.py:743} INFO - Processing file /opt/airflow/dags/todays_games.py for tasks to queue
[2023-05-20T15:26:45.896+0000] {logging_mixin.py:137} INFO - [2023-05-20T15:26:45.896+0000] {dagbag.py:532} INFO - Filling up the DagBag from /opt/airflow/dags/todays_games.py
[2023-05-20T15:26:46.065+0000] {processor.py:753} INFO - DAG(s) dict_keys(['get_todays_games']) retrieved from /opt/airflow/dags/todays_games.py
[2023-05-20T15:26:46.100+0000] {logging_mixin.py:137} INFO - [2023-05-20T15:26:46.099+0000] {dag.py:2693} INFO - Sync 1 DAGs
[2023-05-20T15:26:46.133+0000] {logging_mixin.py:137} INFO - [2023-05-20T15:26:46.133+0000] {dag.py:3444} INFO - Setting next_dagrun for get_todays_games to 2023-05-19T15:00:00+00:00, run_after=2023-05-20T15:00:00+00:00
[2023-05-20T15:26:46.154+0000] {processor.py:175} INFO - Processing /opt/airflow/dags/todays_games.py took 0.264 seconds
[2023-05-20T15:27:16.325+0000] {processor.py:153} INFO - Started process (PID=347) to work on /opt/airflow/dags/todays_games.py
[2023-05-20T15:27:16.326+0000] {processor.py:743} INFO - Processing file /opt/airflow/dags/todays_games.py for tasks to queue
[2023-05-20T15:27:16.327+0000] {logging_mixin.py:137} INFO - [2023-05-20T15:27:16.327+0000] {dagbag.py:532} INFO - Filling up the DagBag from /opt/airflow/dags/todays_games.py
[2023-05-20T15:27:16.774+0000] {processor.py:753} INFO - DAG(s) dict_keys(['get_todays_games']) retrieved from /opt/airflow/dags/todays_games.py
[2023-05-20T15:27:16.825+0000] {logging_mixin.py:137} INFO - [2023-05-20T15:27:16.825+0000] {dag.py:2693} INFO - Sync 1 DAGs
[2023-05-20T15:27:16.875+0000] {logging_mixin.py:137} INFO - [2023-05-20T15:27:16.875+0000] {dag.py:3444} INFO - Setting next_dagrun for get_todays_games to 2023-05-19T15:00:00+00:00, run_after=2023-05-20T15:00:00+00:00
[2023-05-20T15:27:16.907+0000] {processor.py:175} INFO - Processing /opt/airflow/dags/todays_games.py took 0.598 seconds
[2023-05-20T15:27:47.150+0000] {processor.py:153} INFO - Started process (PID=398) to work on /opt/airflow/dags/todays_games.py
[2023-05-20T15:27:47.151+0000] {processor.py:743} INFO - Processing file /opt/airflow/dags/todays_games.py for tasks to queue
[2023-05-20T15:27:47.152+0000] {logging_mixin.py:137} INFO - [2023-05-20T15:27:47.152+0000] {dagbag.py:532} INFO - Filling up the DagBag from /opt/airflow/dags/todays_games.py
[2023-05-20T15:27:47.466+0000] {processor.py:753} INFO - DAG(s) dict_keys(['get_todays_games']) retrieved from /opt/airflow/dags/todays_games.py
[2023-05-20T15:27:47.537+0000] {logging_mixin.py:137} INFO - [2023-05-20T15:27:47.537+0000] {dag.py:2693} INFO - Sync 1 DAGs
[2023-05-20T15:27:47.619+0000] {logging_mixin.py:137} INFO - [2023-05-20T15:27:47.619+0000] {dag.py:3444} INFO - Setting next_dagrun for get_todays_games to 2023-05-19T15:00:00+00:00, run_after=2023-05-20T15:00:00+00:00
[2023-05-20T15:27:47.688+0000] {processor.py:175} INFO - Processing /opt/airflow/dags/todays_games.py took 0.542 seconds
[2023-05-20T15:28:18.504+0000] {processor.py:153} INFO - Started process (PID=451) to work on /opt/airflow/dags/todays_games.py
[2023-05-20T15:28:18.513+0000] {processor.py:743} INFO - Processing file /opt/airflow/dags/todays_games.py for tasks to queue
[2023-05-20T15:28:18.514+0000] {logging_mixin.py:137} INFO - [2023-05-20T15:28:18.514+0000] {dagbag.py:532} INFO - Filling up the DagBag from /opt/airflow/dags/todays_games.py
[2023-05-20T15:28:19.057+0000] {processor.py:753} INFO - DAG(s) dict_keys(['get_todays_games']) retrieved from /opt/airflow/dags/todays_games.py
[2023-05-20T15:28:19.153+0000] {logging_mixin.py:137} INFO - [2023-05-20T15:28:19.153+0000] {dag.py:2693} INFO - Sync 1 DAGs
[2023-05-20T15:28:19.239+0000] {logging_mixin.py:137} INFO - [2023-05-20T15:28:19.239+0000] {dag.py:3444} INFO - Setting next_dagrun for get_todays_games to 2023-05-19T15:00:00+00:00, run_after=2023-05-20T15:00:00+00:00
[2023-05-20T15:28:19.313+0000] {processor.py:175} INFO - Processing /opt/airflow/dags/todays_games.py took 0.813 seconds
[2023-05-20T15:28:49.390+0000] {processor.py:153} INFO - Started process (PID=502) to work on /opt/airflow/dags/todays_games.py
[2023-05-20T15:28:49.390+0000] {processor.py:743} INFO - Processing file /opt/airflow/dags/todays_games.py for tasks to queue
[2023-05-20T15:28:49.391+0000] {logging_mixin.py:137} INFO - [2023-05-20T15:28:49.391+0000] {dagbag.py:532} INFO - Filling up the DagBag from /opt/airflow/dags/todays_games.py
[2023-05-20T15:28:49.555+0000] {processor.py:753} INFO - DAG(s) dict_keys(['get_todays_games']) retrieved from /opt/airflow/dags/todays_games.py
[2023-05-20T15:28:49.584+0000] {logging_mixin.py:137} INFO - [2023-05-20T15:28:49.584+0000] {dag.py:2693} INFO - Sync 1 DAGs
[2023-05-20T15:28:49.616+0000] {logging_mixin.py:137} INFO - [2023-05-20T15:28:49.616+0000] {dag.py:3444} INFO - Setting next_dagrun for get_todays_games to 2023-05-19T15:00:00+00:00, run_after=2023-05-20T15:00:00+00:00
[2023-05-20T15:28:49.637+0000] {processor.py:175} INFO - Processing /opt/airflow/dags/todays_games.py took 0.251 seconds
[2023-05-20T15:29:19.669+0000] {processor.py:153} INFO - Started process (PID=554) to work on /opt/airflow/dags/todays_games.py
[2023-05-20T15:29:19.671+0000] {processor.py:743} INFO - Processing file /opt/airflow/dags/todays_games.py for tasks to queue
[2023-05-20T15:29:19.671+0000] {logging_mixin.py:137} INFO - [2023-05-20T15:29:19.671+0000] {dagbag.py:532} INFO - Filling up the DagBag from /opt/airflow/dags/todays_games.py
[2023-05-20T15:29:19.836+0000] {processor.py:753} INFO - DAG(s) dict_keys(['get_todays_games']) retrieved from /opt/airflow/dags/todays_games.py
[2023-05-20T15:29:19.866+0000] {logging_mixin.py:137} INFO - [2023-05-20T15:29:19.865+0000] {dag.py:2693} INFO - Sync 1 DAGs
[2023-05-20T15:29:19.899+0000] {logging_mixin.py:137} INFO - [2023-05-20T15:29:19.899+0000] {dag.py:3444} INFO - Setting next_dagrun for get_todays_games to 2023-05-19T15:00:00+00:00, run_after=2023-05-20T15:00:00+00:00
[2023-05-20T15:29:19.920+0000] {processor.py:175} INFO - Processing /opt/airflow/dags/todays_games.py took 0.254 seconds
[2023-05-20T15:29:49.954+0000] {processor.py:153} INFO - Started process (PID=607) to work on /opt/airflow/dags/todays_games.py
[2023-05-20T15:29:49.955+0000] {processor.py:743} INFO - Processing file /opt/airflow/dags/todays_games.py for tasks to queue
[2023-05-20T15:29:49.956+0000] {logging_mixin.py:137} INFO - [2023-05-20T15:29:49.955+0000] {dagbag.py:532} INFO - Filling up the DagBag from /opt/airflow/dags/todays_games.py
[2023-05-20T15:29:50.121+0000] {processor.py:753} INFO - DAG(s) dict_keys(['get_todays_games']) retrieved from /opt/airflow/dags/todays_games.py
[2023-05-20T15:29:50.154+0000] {logging_mixin.py:137} INFO - [2023-05-20T15:29:50.154+0000] {dag.py:2693} INFO - Sync 1 DAGs
[2023-05-20T15:29:50.187+0000] {logging_mixin.py:137} INFO - [2023-05-20T15:29:50.187+0000] {dag.py:3444} INFO - Setting next_dagrun for get_todays_games to 2023-05-19T15:00:00+00:00, run_after=2023-05-20T15:00:00+00:00
[2023-05-20T15:29:50.207+0000] {processor.py:175} INFO - Processing /opt/airflow/dags/todays_games.py took 0.256 seconds
[2023-05-20T15:30:20.957+0000] {processor.py:153} INFO - Started process (PID=658) to work on /opt/airflow/dags/todays_games.py
[2023-05-20T15:30:20.958+0000] {processor.py:743} INFO - Processing file /opt/airflow/dags/todays_games.py for tasks to queue
[2023-05-20T15:30:20.959+0000] {logging_mixin.py:137} INFO - [2023-05-20T15:30:20.959+0000] {dagbag.py:532} INFO - Filling up the DagBag from /opt/airflow/dags/todays_games.py
[2023-05-20T15:30:21.128+0000] {processor.py:753} INFO - DAG(s) dict_keys(['get_todays_games']) retrieved from /opt/airflow/dags/todays_games.py
[2023-05-20T15:30:21.158+0000] {logging_mixin.py:137} INFO - [2023-05-20T15:30:21.157+0000] {dag.py:2693} INFO - Sync 1 DAGs
[2023-05-20T15:30:21.189+0000] {logging_mixin.py:137} INFO - [2023-05-20T15:30:21.189+0000] {dag.py:3444} INFO - Setting next_dagrun for get_todays_games to 2023-05-19T15:00:00+00:00, run_after=2023-05-20T15:00:00+00:00
[2023-05-20T15:30:21.210+0000] {processor.py:175} INFO - Processing /opt/airflow/dags/todays_games.py took 0.257 seconds
[2023-05-20T15:30:52.159+0000] {processor.py:153} INFO - Started process (PID=711) to work on /opt/airflow/dags/todays_games.py
[2023-05-20T15:30:52.160+0000] {processor.py:743} INFO - Processing file /opt/airflow/dags/todays_games.py for tasks to queue
[2023-05-20T15:30:52.161+0000] {logging_mixin.py:137} INFO - [2023-05-20T15:30:52.161+0000] {dagbag.py:532} INFO - Filling up the DagBag from /opt/airflow/dags/todays_games.py
[2023-05-20T15:30:52.327+0000] {processor.py:753} INFO - DAG(s) dict_keys(['get_todays_games']) retrieved from /opt/airflow/dags/todays_games.py
[2023-05-20T15:30:52.357+0000] {logging_mixin.py:137} INFO - [2023-05-20T15:30:52.357+0000] {dag.py:2693} INFO - Sync 1 DAGs
[2023-05-20T15:30:52.391+0000] {logging_mixin.py:137} INFO - [2023-05-20T15:30:52.390+0000] {dag.py:3444} INFO - Setting next_dagrun for get_todays_games to 2023-05-19T15:00:00+00:00, run_after=2023-05-20T15:00:00+00:00
[2023-05-20T15:30:52.413+0000] {processor.py:175} INFO - Processing /opt/airflow/dags/todays_games.py took 0.258 seconds
[2023-05-20T15:31:23.154+0000] {processor.py:153} INFO - Started process (PID=763) to work on /opt/airflow/dags/todays_games.py
[2023-05-20T15:31:23.156+0000] {processor.py:743} INFO - Processing file /opt/airflow/dags/todays_games.py for tasks to queue
[2023-05-20T15:31:23.157+0000] {logging_mixin.py:137} INFO - [2023-05-20T15:31:23.157+0000] {dagbag.py:532} INFO - Filling up the DagBag from /opt/airflow/dags/todays_games.py
[2023-05-20T15:31:23.333+0000] {processor.py:753} INFO - DAG(s) dict_keys(['get_todays_games']) retrieved from /opt/airflow/dags/todays_games.py
[2023-05-20T15:31:23.363+0000] {logging_mixin.py:137} INFO - [2023-05-20T15:31:23.363+0000] {dag.py:2693} INFO - Sync 1 DAGs
[2023-05-20T15:31:23.395+0000] {logging_mixin.py:137} INFO - [2023-05-20T15:31:23.395+0000] {dag.py:3444} INFO - Setting next_dagrun for get_todays_games to 2023-05-19T15:00:00+00:00, run_after=2023-05-20T15:00:00+00:00
[2023-05-20T15:31:23.417+0000] {processor.py:175} INFO - Processing /opt/airflow/dags/todays_games.py took 0.267 seconds
[2023-05-20T15:31:53.464+0000] {processor.py:153} INFO - Started process (PID=817) to work on /opt/airflow/dags/todays_games.py
[2023-05-20T15:31:53.465+0000] {processor.py:743} INFO - Processing file /opt/airflow/dags/todays_games.py for tasks to queue
[2023-05-20T15:31:53.466+0000] {logging_mixin.py:137} INFO - [2023-05-20T15:31:53.466+0000] {dagbag.py:532} INFO - Filling up the DagBag from /opt/airflow/dags/todays_games.py
[2023-05-20T15:31:53.632+0000] {processor.py:753} INFO - DAG(s) dict_keys(['get_todays_games']) retrieved from /opt/airflow/dags/todays_games.py
[2023-05-20T15:31:53.663+0000] {logging_mixin.py:137} INFO - [2023-05-20T15:31:53.663+0000] {dag.py:2693} INFO - Sync 1 DAGs
[2023-05-20T15:31:53.698+0000] {logging_mixin.py:137} INFO - [2023-05-20T15:31:53.698+0000] {dag.py:3444} INFO - Setting next_dagrun for get_todays_games to 2023-05-19T15:00:00+00:00, run_after=2023-05-20T15:00:00+00:00
[2023-05-20T15:31:53.718+0000] {processor.py:175} INFO - Processing /opt/airflow/dags/todays_games.py took 0.258 seconds
[2023-05-20T15:32:23.848+0000] {processor.py:153} INFO - Started process (PID=867) to work on /opt/airflow/dags/todays_games.py
[2023-05-20T15:32:23.849+0000] {processor.py:743} INFO - Processing file /opt/airflow/dags/todays_games.py for tasks to queue
[2023-05-20T15:32:23.850+0000] {logging_mixin.py:137} INFO - [2023-05-20T15:32:23.850+0000] {dagbag.py:532} INFO - Filling up the DagBag from /opt/airflow/dags/todays_games.py
[2023-05-20T15:32:24.017+0000] {processor.py:753} INFO - DAG(s) dict_keys(['get_todays_games']) retrieved from /opt/airflow/dags/todays_games.py
[2023-05-20T15:32:24.047+0000] {logging_mixin.py:137} INFO - [2023-05-20T15:32:24.047+0000] {dag.py:2693} INFO - Sync 1 DAGs
[2023-05-20T15:32:24.079+0000] {logging_mixin.py:137} INFO - [2023-05-20T15:32:24.079+0000] {dag.py:3444} INFO - Setting next_dagrun for get_todays_games to 2023-05-19T15:00:00+00:00, run_after=2023-05-20T15:00:00+00:00
[2023-05-20T15:32:24.117+0000] {processor.py:175} INFO - Processing /opt/airflow/dags/todays_games.py took 0.272 seconds
[2023-05-20T15:32:54.247+0000] {processor.py:153} INFO - Started process (PID=921) to work on /opt/airflow/dags/todays_games.py
[2023-05-20T15:32:54.265+0000] {processor.py:743} INFO - Processing file /opt/airflow/dags/todays_games.py for tasks to queue
[2023-05-20T15:32:54.266+0000] {logging_mixin.py:137} INFO - [2023-05-20T15:32:54.266+0000] {dagbag.py:532} INFO - Filling up the DagBag from /opt/airflow/dags/todays_games.py
[2023-05-20T15:32:54.609+0000] {processor.py:753} INFO - DAG(s) dict_keys(['get_todays_games']) retrieved from /opt/airflow/dags/todays_games.py
[2023-05-20T15:32:54.653+0000] {logging_mixin.py:137} INFO - [2023-05-20T15:32:54.653+0000] {dag.py:2693} INFO - Sync 1 DAGs
[2023-05-20T15:32:54.692+0000] {logging_mixin.py:137} INFO - [2023-05-20T15:32:54.692+0000] {dag.py:3444} INFO - Setting next_dagrun for get_todays_games to 2023-05-19T15:00:00+00:00, run_after=2023-05-20T15:00:00+00:00
[2023-05-20T15:32:54.713+0000] {processor.py:175} INFO - Processing /opt/airflow/dags/todays_games.py took 0.469 seconds
[2023-05-20T15:33:24.830+0000] {processor.py:153} INFO - Started process (PID=978) to work on /opt/airflow/dags/todays_games.py
[2023-05-20T15:33:24.831+0000] {processor.py:743} INFO - Processing file /opt/airflow/dags/todays_games.py for tasks to queue
[2023-05-20T15:33:24.831+0000] {logging_mixin.py:137} INFO - [2023-05-20T15:33:24.831+0000] {dagbag.py:532} INFO - Filling up the DagBag from /opt/airflow/dags/todays_games.py
[2023-05-20T15:33:25.005+0000] {processor.py:753} INFO - DAG(s) dict_keys(['get_todays_games']) retrieved from /opt/airflow/dags/todays_games.py
[2023-05-20T15:33:25.037+0000] {logging_mixin.py:137} INFO - [2023-05-20T15:33:25.037+0000] {dag.py:2693} INFO - Sync 1 DAGs
[2023-05-20T15:33:25.070+0000] {logging_mixin.py:137} INFO - [2023-05-20T15:33:25.070+0000] {dag.py:3444} INFO - Setting next_dagrun for get_todays_games to 2023-05-19T15:00:00+00:00, run_after=2023-05-20T15:00:00+00:00
[2023-05-20T15:33:25.095+0000] {processor.py:175} INFO - Processing /opt/airflow/dags/todays_games.py took 0.269 seconds
[2023-05-20T15:33:55.264+0000] {processor.py:153} INFO - Started process (PID=1033) to work on /opt/airflow/dags/todays_games.py
[2023-05-20T15:33:55.269+0000] {processor.py:743} INFO - Processing file /opt/airflow/dags/todays_games.py for tasks to queue
[2023-05-20T15:33:55.270+0000] {logging_mixin.py:137} INFO - [2023-05-20T15:33:55.270+0000] {dagbag.py:532} INFO - Filling up the DagBag from /opt/airflow/dags/todays_games.py
[2023-05-20T15:33:55.585+0000] {processor.py:753} INFO - DAG(s) dict_keys(['get_todays_games']) retrieved from /opt/airflow/dags/todays_games.py
[2023-05-20T15:33:55.637+0000] {logging_mixin.py:137} INFO - [2023-05-20T15:33:55.637+0000] {dag.py:2693} INFO - Sync 1 DAGs
[2023-05-20T15:33:55.707+0000] {logging_mixin.py:137} INFO - [2023-05-20T15:33:55.707+0000] {dag.py:3444} INFO - Setting next_dagrun for get_todays_games to 2023-05-19T15:00:00+00:00, run_after=2023-05-20T15:00:00+00:00
[2023-05-20T15:33:55.747+0000] {processor.py:175} INFO - Processing /opt/airflow/dags/todays_games.py took 0.490 seconds
[2023-05-20T15:34:26.100+0000] {processor.py:153} INFO - Started process (PID=1084) to work on /opt/airflow/dags/todays_games.py
[2023-05-20T15:34:26.103+0000] {processor.py:743} INFO - Processing file /opt/airflow/dags/todays_games.py for tasks to queue
[2023-05-20T15:34:26.104+0000] {logging_mixin.py:137} INFO - [2023-05-20T15:34:26.104+0000] {dagbag.py:532} INFO - Filling up the DagBag from /opt/airflow/dags/todays_games.py
[2023-05-20T15:34:26.433+0000] {processor.py:753} INFO - DAG(s) dict_keys(['get_todays_games']) retrieved from /opt/airflow/dags/todays_games.py
[2023-05-20T15:34:26.507+0000] {logging_mixin.py:137} INFO - [2023-05-20T15:34:26.506+0000] {dag.py:2693} INFO - Sync 1 DAGs
[2023-05-20T15:34:26.579+0000] {logging_mixin.py:137} INFO - [2023-05-20T15:34:26.579+0000] {dag.py:3444} INFO - Setting next_dagrun for get_todays_games to 2023-05-19T15:00:00+00:00, run_after=2023-05-20T15:00:00+00:00
[2023-05-20T15:34:26.624+0000] {processor.py:175} INFO - Processing /opt/airflow/dags/todays_games.py took 0.528 seconds
[2023-05-20T15:34:56.766+0000] {processor.py:153} INFO - Started process (PID=1137) to work on /opt/airflow/dags/todays_games.py
[2023-05-20T15:34:56.766+0000] {processor.py:743} INFO - Processing file /opt/airflow/dags/todays_games.py for tasks to queue
[2023-05-20T15:34:56.767+0000] {logging_mixin.py:137} INFO - [2023-05-20T15:34:56.767+0000] {dagbag.py:532} INFO - Filling up the DagBag from /opt/airflow/dags/todays_games.py
[2023-05-20T15:34:56.944+0000] {processor.py:753} INFO - DAG(s) dict_keys(['get_todays_games']) retrieved from /opt/airflow/dags/todays_games.py
[2023-05-20T15:34:56.977+0000] {logging_mixin.py:137} INFO - [2023-05-20T15:34:56.977+0000] {dag.py:2693} INFO - Sync 1 DAGs
[2023-05-20T15:34:57.011+0000] {logging_mixin.py:137} INFO - [2023-05-20T15:34:57.011+0000] {dag.py:3444} INFO - Setting next_dagrun for get_todays_games to 2023-05-19T15:00:00+00:00, run_after=2023-05-20T15:00:00+00:00
[2023-05-20T15:34:57.031+0000] {processor.py:175} INFO - Processing /opt/airflow/dags/todays_games.py took 0.269 seconds
[2023-05-20T15:35:27.651+0000] {processor.py:153} INFO - Started process (PID=1188) to work on /opt/airflow/dags/todays_games.py
[2023-05-20T15:35:27.659+0000] {processor.py:743} INFO - Processing file /opt/airflow/dags/todays_games.py for tasks to queue
[2023-05-20T15:35:27.661+0000] {logging_mixin.py:137} INFO - [2023-05-20T15:35:27.660+0000] {dagbag.py:532} INFO - Filling up the DagBag from /opt/airflow/dags/todays_games.py
[2023-05-20T15:35:28.047+0000] {processor.py:753} INFO - DAG(s) dict_keys(['get_todays_games']) retrieved from /opt/airflow/dags/todays_games.py
[2023-05-20T15:35:28.117+0000] {logging_mixin.py:137} INFO - [2023-05-20T15:35:28.117+0000] {dag.py:2693} INFO - Sync 1 DAGs
[2023-05-20T15:35:28.181+0000] {logging_mixin.py:137} INFO - [2023-05-20T15:35:28.181+0000] {dag.py:3444} INFO - Setting next_dagrun for get_todays_games to 2023-05-19T15:00:00+00:00, run_after=2023-05-20T15:00:00+00:00
[2023-05-20T15:35:28.217+0000] {processor.py:175} INFO - Processing /opt/airflow/dags/todays_games.py took 0.569 seconds
[2023-05-20T15:35:58.303+0000] {processor.py:153} INFO - Started process (PID=1240) to work on /opt/airflow/dags/todays_games.py
[2023-05-20T15:35:58.304+0000] {processor.py:743} INFO - Processing file /opt/airflow/dags/todays_games.py for tasks to queue
[2023-05-20T15:35:58.305+0000] {logging_mixin.py:137} INFO - [2023-05-20T15:35:58.305+0000] {dagbag.py:532} INFO - Filling up the DagBag from /opt/airflow/dags/todays_games.py
[2023-05-20T15:35:58.481+0000] {processor.py:753} INFO - DAG(s) dict_keys(['get_todays_games']) retrieved from /opt/airflow/dags/todays_games.py
[2023-05-20T15:35:58.516+0000] {logging_mixin.py:137} INFO - [2023-05-20T15:35:58.516+0000] {dag.py:2693} INFO - Sync 1 DAGs
[2023-05-20T15:35:58.548+0000] {logging_mixin.py:137} INFO - [2023-05-20T15:35:58.548+0000] {dag.py:3444} INFO - Setting next_dagrun for get_todays_games to 2023-05-19T15:00:00+00:00, run_after=2023-05-20T15:00:00+00:00
[2023-05-20T15:35:58.569+0000] {processor.py:175} INFO - Processing /opt/airflow/dags/todays_games.py took 0.269 seconds
[2023-05-20T15:36:29.434+0000] {processor.py:153} INFO - Started process (PID=1292) to work on /opt/airflow/dags/todays_games.py
[2023-05-20T15:36:29.435+0000] {processor.py:743} INFO - Processing file /opt/airflow/dags/todays_games.py for tasks to queue
[2023-05-20T15:36:29.436+0000] {logging_mixin.py:137} INFO - [2023-05-20T15:36:29.436+0000] {dagbag.py:532} INFO - Filling up the DagBag from /opt/airflow/dags/todays_games.py
[2023-05-20T15:36:29.606+0000] {processor.py:753} INFO - DAG(s) dict_keys(['get_todays_games']) retrieved from /opt/airflow/dags/todays_games.py
[2023-05-20T15:36:29.640+0000] {logging_mixin.py:137} INFO - [2023-05-20T15:36:29.640+0000] {dag.py:2693} INFO - Sync 1 DAGs
[2023-05-20T15:36:29.674+0000] {logging_mixin.py:137} INFO - [2023-05-20T15:36:29.674+0000] {dag.py:3444} INFO - Setting next_dagrun for get_todays_games to 2023-05-19T15:00:00+00:00, run_after=2023-05-20T15:00:00+00:00
[2023-05-20T15:36:29.694+0000] {processor.py:175} INFO - Processing /opt/airflow/dags/todays_games.py took 0.264 seconds
[2023-05-20T15:37:00.313+0000] {processor.py:153} INFO - Started process (PID=1344) to work on /opt/airflow/dags/todays_games.py
[2023-05-20T15:37:00.314+0000] {processor.py:743} INFO - Processing file /opt/airflow/dags/todays_games.py for tasks to queue
[2023-05-20T15:37:00.315+0000] {logging_mixin.py:137} INFO - [2023-05-20T15:37:00.315+0000] {dagbag.py:532} INFO - Filling up the DagBag from /opt/airflow/dags/todays_games.py
[2023-05-20T15:37:00.488+0000] {processor.py:753} INFO - DAG(s) dict_keys(['get_todays_games']) retrieved from /opt/airflow/dags/todays_games.py
[2023-05-20T15:37:00.521+0000] {logging_mixin.py:137} INFO - [2023-05-20T15:37:00.521+0000] {dag.py:2693} INFO - Sync 1 DAGs
[2023-05-20T15:37:00.554+0000] {logging_mixin.py:137} INFO - [2023-05-20T15:37:00.553+0000] {dag.py:3444} INFO - Setting next_dagrun for get_todays_games to 2023-05-19T15:00:00+00:00, run_after=2023-05-20T15:00:00+00:00
[2023-05-20T15:37:00.579+0000] {processor.py:175} INFO - Processing /opt/airflow/dags/todays_games.py took 0.269 seconds
[2023-05-20T15:37:31.234+0000] {processor.py:153} INFO - Started process (PID=1398) to work on /opt/airflow/dags/todays_games.py
[2023-05-20T15:37:31.237+0000] {processor.py:743} INFO - Processing file /opt/airflow/dags/todays_games.py for tasks to queue
[2023-05-20T15:37:31.238+0000] {logging_mixin.py:137} INFO - [2023-05-20T15:37:31.238+0000] {dagbag.py:532} INFO - Filling up the DagBag from /opt/airflow/dags/todays_games.py
[2023-05-20T15:37:31.405+0000] {processor.py:753} INFO - DAG(s) dict_keys(['get_todays_games']) retrieved from /opt/airflow/dags/todays_games.py
[2023-05-20T15:37:31.438+0000] {logging_mixin.py:137} INFO - [2023-05-20T15:37:31.438+0000] {dag.py:2693} INFO - Sync 1 DAGs
[2023-05-20T15:37:31.480+0000] {logging_mixin.py:137} INFO - [2023-05-20T15:37:31.479+0000] {dag.py:3444} INFO - Setting next_dagrun for get_todays_games to 2023-05-19T15:00:00+00:00, run_after=2023-05-20T15:00:00+00:00
[2023-05-20T15:37:31.504+0000] {processor.py:175} INFO - Processing /opt/airflow/dags/todays_games.py took 0.274 seconds
[2023-05-20T15:38:01.830+0000] {processor.py:153} INFO - Started process (PID=1450) to work on /opt/airflow/dags/todays_games.py
[2023-05-20T15:38:01.831+0000] {processor.py:743} INFO - Processing file /opt/airflow/dags/todays_games.py for tasks to queue
[2023-05-20T15:38:01.832+0000] {logging_mixin.py:137} INFO - [2023-05-20T15:38:01.832+0000] {dagbag.py:532} INFO - Filling up the DagBag from /opt/airflow/dags/todays_games.py
[2023-05-20T15:38:02.013+0000] {processor.py:753} INFO - DAG(s) dict_keys(['get_todays_games']) retrieved from /opt/airflow/dags/todays_games.py
[2023-05-20T15:38:02.048+0000] {logging_mixin.py:137} INFO - [2023-05-20T15:38:02.048+0000] {dag.py:2693} INFO - Sync 1 DAGs
[2023-05-20T15:38:02.081+0000] {logging_mixin.py:137} INFO - [2023-05-20T15:38:02.081+0000] {dag.py:3444} INFO - Setting next_dagrun for get_todays_games to 2023-05-19T15:00:00+00:00, run_after=2023-05-20T15:00:00+00:00
[2023-05-20T15:38:02.104+0000] {processor.py:175} INFO - Processing /opt/airflow/dags/todays_games.py took 0.277 seconds
[2023-05-20T16:20:07.072+0000] {processor.py:153} INFO - Started process (PID=35) to work on /opt/airflow/dags/todays_games.py
[2023-05-20T16:20:07.075+0000] {processor.py:743} INFO - Processing file /opt/airflow/dags/todays_games.py for tasks to queue
[2023-05-20T16:20:07.079+0000] {logging_mixin.py:137} INFO - [2023-05-20T16:20:07.079+0000] {dagbag.py:532} INFO - Filling up the DagBag from /opt/airflow/dags/todays_games.py
[2023-05-20T16:20:07.697+0000] {processor.py:753} INFO - DAG(s) dict_keys(['get_todays_games']) retrieved from /opt/airflow/dags/todays_games.py
[2023-05-20T16:20:07.927+0000] {logging_mixin.py:137} INFO - [2023-05-20T16:20:07.926+0000] {dag.py:2693} INFO - Sync 1 DAGs
[2023-05-20T16:20:08.015+0000] {logging_mixin.py:137} INFO - [2023-05-20T16:20:08.015+0000] {dag.py:3444} INFO - Setting next_dagrun for get_todays_games to 2023-05-19T15:00:00+00:00, run_after=2023-05-20T15:00:00+00:00
[2023-05-20T16:20:08.097+0000] {processor.py:175} INFO - Processing /opt/airflow/dags/todays_games.py took 1.034 seconds
[2023-05-20T16:20:39.013+0000] {processor.py:153} INFO - Started process (PID=87) to work on /opt/airflow/dags/todays_games.py
[2023-05-20T16:20:39.014+0000] {processor.py:743} INFO - Processing file /opt/airflow/dags/todays_games.py for tasks to queue
[2023-05-20T16:20:39.015+0000] {logging_mixin.py:137} INFO - [2023-05-20T16:20:39.015+0000] {dagbag.py:532} INFO - Filling up the DagBag from /opt/airflow/dags/todays_games.py
[2023-05-20T16:20:39.195+0000] {processor.py:753} INFO - DAG(s) dict_keys(['get_todays_games']) retrieved from /opt/airflow/dags/todays_games.py
[2023-05-20T16:20:39.263+0000] {logging_mixin.py:137} INFO - [2023-05-20T16:20:39.263+0000] {dag.py:2693} INFO - Sync 1 DAGs
[2023-05-20T16:20:39.324+0000] {logging_mixin.py:137} INFO - [2023-05-20T16:20:39.323+0000] {dag.py:3444} INFO - Setting next_dagrun for get_todays_games to 2023-05-19T15:00:00+00:00, run_after=2023-05-20T15:00:00+00:00
[2023-05-20T16:20:39.359+0000] {processor.py:175} INFO - Processing /opt/airflow/dags/todays_games.py took 0.351 seconds
[2023-05-20T16:21:10.115+0000] {processor.py:153} INFO - Started process (PID=138) to work on /opt/airflow/dags/todays_games.py
[2023-05-20T16:21:10.120+0000] {processor.py:743} INFO - Processing file /opt/airflow/dags/todays_games.py for tasks to queue
[2023-05-20T16:21:10.121+0000] {logging_mixin.py:137} INFO - [2023-05-20T16:21:10.121+0000] {dagbag.py:532} INFO - Filling up the DagBag from /opt/airflow/dags/todays_games.py
[2023-05-20T16:21:10.325+0000] {processor.py:753} INFO - DAG(s) dict_keys(['get_todays_games']) retrieved from /opt/airflow/dags/todays_games.py
[2023-05-20T16:21:10.356+0000] {logging_mixin.py:137} INFO - [2023-05-20T16:21:10.356+0000] {dag.py:2693} INFO - Sync 1 DAGs
[2023-05-20T16:21:10.387+0000] {logging_mixin.py:137} INFO - [2023-05-20T16:21:10.387+0000] {dag.py:3444} INFO - Setting next_dagrun for get_todays_games to 2023-05-19T15:00:00+00:00, run_after=2023-05-20T15:00:00+00:00
[2023-05-20T16:21:10.406+0000] {processor.py:175} INFO - Processing /opt/airflow/dags/todays_games.py took 0.295 seconds
[2023-05-20T16:21:41.269+0000] {processor.py:153} INFO - Started process (PID=197) to work on /opt/airflow/dags/todays_games.py
[2023-05-20T16:21:41.276+0000] {processor.py:743} INFO - Processing file /opt/airflow/dags/todays_games.py for tasks to queue
[2023-05-20T16:21:41.278+0000] {logging_mixin.py:137} INFO - [2023-05-20T16:21:41.278+0000] {dagbag.py:532} INFO - Filling up the DagBag from /opt/airflow/dags/todays_games.py
[2023-05-20T16:21:41.511+0000] {processor.py:753} INFO - DAG(s) dict_keys(['get_todays_games']) retrieved from /opt/airflow/dags/todays_games.py
[2023-05-20T16:21:41.542+0000] {logging_mixin.py:137} INFO - [2023-05-20T16:21:41.542+0000] {dag.py:2693} INFO - Sync 1 DAGs
[2023-05-20T16:21:41.575+0000] {logging_mixin.py:137} INFO - [2023-05-20T16:21:41.575+0000] {dag.py:3444} INFO - Setting next_dagrun for get_todays_games to 2023-05-19T15:00:00+00:00, run_after=2023-05-20T15:00:00+00:00
[2023-05-20T16:21:41.595+0000] {processor.py:175} INFO - Processing /opt/airflow/dags/todays_games.py took 0.329 seconds
[2023-05-20T16:22:11.629+0000] {processor.py:153} INFO - Started process (PID=249) to work on /opt/airflow/dags/todays_games.py
[2023-05-20T16:22:11.631+0000] {processor.py:743} INFO - Processing file /opt/airflow/dags/todays_games.py for tasks to queue
[2023-05-20T16:22:11.632+0000] {logging_mixin.py:137} INFO - [2023-05-20T16:22:11.632+0000] {dagbag.py:532} INFO - Filling up the DagBag from /opt/airflow/dags/todays_games.py
[2023-05-20T16:22:11.806+0000] {processor.py:753} INFO - DAG(s) dict_keys(['get_todays_games']) retrieved from /opt/airflow/dags/todays_games.py
[2023-05-20T16:22:11.837+0000] {logging_mixin.py:137} INFO - [2023-05-20T16:22:11.837+0000] {dag.py:2693} INFO - Sync 1 DAGs
[2023-05-20T16:22:11.869+0000] {logging_mixin.py:137} INFO - [2023-05-20T16:22:11.869+0000] {dag.py:3444} INFO - Setting next_dagrun for get_todays_games to 2023-05-19T15:00:00+00:00, run_after=2023-05-20T15:00:00+00:00
[2023-05-20T16:22:11.889+0000] {processor.py:175} INFO - Processing /opt/airflow/dags/todays_games.py took 0.265 seconds
[2023-05-20T16:22:42.076+0000] {processor.py:153} INFO - Started process (PID=301) to work on /opt/airflow/dags/todays_games.py
[2023-05-20T16:22:42.077+0000] {processor.py:743} INFO - Processing file /opt/airflow/dags/todays_games.py for tasks to queue
[2023-05-20T16:22:42.078+0000] {logging_mixin.py:137} INFO - [2023-05-20T16:22:42.078+0000] {dagbag.py:532} INFO - Filling up the DagBag from /opt/airflow/dags/todays_games.py
[2023-05-20T16:22:42.251+0000] {processor.py:753} INFO - DAG(s) dict_keys(['get_todays_games']) retrieved from /opt/airflow/dags/todays_games.py
[2023-05-20T16:22:42.281+0000] {logging_mixin.py:137} INFO - [2023-05-20T16:22:42.280+0000] {dag.py:2693} INFO - Sync 1 DAGs
[2023-05-20T16:22:42.314+0000] {logging_mixin.py:137} INFO - [2023-05-20T16:22:42.314+0000] {dag.py:3444} INFO - Setting next_dagrun for get_todays_games to 2023-05-19T15:00:00+00:00, run_after=2023-05-20T15:00:00+00:00
[2023-05-20T16:22:42.333+0000] {processor.py:175} INFO - Processing /opt/airflow/dags/todays_games.py took 0.261 seconds
