[2023-05-14T18:23:22.269+0000] {taskinstance.py:1084} INFO - Dependencies all met for dep_context=non-requeueable deps ti=<TaskInstance: get_todays_gamesv2.write_insert_query_task manual__2023-05-14T18:23:06.566268+00:00 [queued]>
[2023-05-14T18:23:22.280+0000] {taskinstance.py:1084} INFO - Dependencies all met for dep_context=requeueable deps ti=<TaskInstance: get_todays_gamesv2.write_insert_query_task manual__2023-05-14T18:23:06.566268+00:00 [queued]>
[2023-05-14T18:23:22.280+0000] {taskinstance.py:1282} INFO - 
--------------------------------------------------------------------------------
[2023-05-14T18:23:22.280+0000] {taskinstance.py:1283} INFO - Starting attempt 1 of 1
[2023-05-14T18:23:22.281+0000] {taskinstance.py:1284} INFO - 
--------------------------------------------------------------------------------
[2023-05-14T18:23:22.298+0000] {taskinstance.py:1303} INFO - Executing <Task(PythonOperator): write_insert_query_task> on 2023-05-14 18:23:06.566268+00:00
[2023-05-14T18:23:22.304+0000] {standard_task_runner.py:55} INFO - Started process 3707 to run task
[2023-05-14T18:23:22.308+0000] {standard_task_runner.py:82} INFO - Running: ['***', 'tasks', 'run', 'get_todays_gamesv2', 'write_insert_query_task', 'manual__2023-05-14T18:23:06.566268+00:00', '--job-id', '1531', '--raw', '--subdir', 'DAGS_FOLDER/todays_gamesv2.py', '--cfg-path', '/tmp/tmp8lgz4bk0']
[2023-05-14T18:23:22.309+0000] {standard_task_runner.py:83} INFO - Job 1531: Subtask write_insert_query_task
[2023-05-14T18:23:22.385+0000] {task_command.py:388} INFO - Running <TaskInstance: get_todays_gamesv2.write_insert_query_task manual__2023-05-14T18:23:06.566268+00:00 [running]> on host f7ab54451666
[2023-05-14T18:23:22.475+0000] {taskinstance.py:1511} INFO - Exporting the following env vars:
AIRFLOW_CTX_DAG_OWNER=***
AIRFLOW_CTX_DAG_ID=get_todays_gamesv2
AIRFLOW_CTX_TASK_ID=write_insert_query_task
AIRFLOW_CTX_EXECUTION_DATE=2023-05-14T18:23:06.566268+00:00
AIRFLOW_CTX_TRY_NUMBER=1
AIRFLOW_CTX_DAG_RUN_ID=manual__2023-05-14T18:23:06.566268+00:00
[2023-05-14T18:23:22.515+0000] {python.py:177} INFO - Done. Returned value was: None
[2023-05-14T18:23:22.529+0000] {taskinstance.py:1326} INFO - Marking task as SUCCESS. dag_id=get_todays_gamesv2, task_id=write_insert_query_task, execution_date=20230514T182306, start_date=20230514T182322, end_date=20230514T182322
[2023-05-14T18:23:22.559+0000] {local_task_job.py:212} INFO - Task exited with return code 0
[2023-05-14T18:23:22.672+0000] {taskinstance.py:2585} INFO - 0 downstream tasks scheduled from follow-on schedule check
