[2023-03-28T02:14:51.331+0000] {processor.py:153} INFO - Started process (PID=62) to work on /home/airflow/.local/lib/python3.7/site-packages/airflow/example_dags/example_params_ui_tutorial.py
[2023-03-28T02:14:51.344+0000] {processor.py:743} INFO - Processing file /home/airflow/.local/lib/python3.7/site-packages/airflow/example_dags/example_params_ui_tutorial.py for tasks to queue
[2023-03-28T02:14:51.345+0000] {logging_mixin.py:137} INFO - [2023-03-28T02:14:51.345+0000] {dagbag.py:532} INFO - Filling up the DagBag from /home/airflow/.local/lib/python3.7/site-packages/airflow/example_dags/example_params_ui_tutorial.py
[2023-03-28T02:14:51.686+0000] {processor.py:753} INFO - DAG(s) dict_keys(['example_params_ui_tutorial']) retrieved from /home/airflow/.local/lib/python3.7/site-packages/airflow/example_dags/example_params_ui_tutorial.py
[2023-03-28T02:14:52.081+0000] {logging_mixin.py:137} INFO - [2023-03-28T02:14:52.081+0000] {dag.py:2693} INFO - Sync 1 DAGs
[2023-03-28T02:14:52.252+0000] {logging_mixin.py:137} INFO - [2023-03-28T02:14:52.252+0000] {dag.py:3444} INFO - Setting next_dagrun for example_params_ui_tutorial to None, run_after=None
[2023-03-28T02:14:52.336+0000] {processor.py:175} INFO - Processing /home/airflow/.local/lib/python3.7/site-packages/airflow/example_dags/example_params_ui_tutorial.py took 1.021 seconds
[2023-03-28T02:15:22.905+0000] {processor.py:153} INFO - Started process (PID=110) to work on /home/airflow/.local/lib/python3.7/site-packages/airflow/example_dags/example_params_ui_tutorial.py
[2023-03-28T02:15:22.907+0000] {processor.py:743} INFO - Processing file /home/airflow/.local/lib/python3.7/site-packages/airflow/example_dags/example_params_ui_tutorial.py for tasks to queue
[2023-03-28T02:15:22.907+0000] {logging_mixin.py:137} INFO - [2023-03-28T02:15:22.907+0000] {dagbag.py:532} INFO - Filling up the DagBag from /home/airflow/.local/lib/python3.7/site-packages/airflow/example_dags/example_params_ui_tutorial.py
[2023-03-28T02:15:22.978+0000] {processor.py:753} INFO - DAG(s) dict_keys(['example_params_ui_tutorial']) retrieved from /home/airflow/.local/lib/python3.7/site-packages/airflow/example_dags/example_params_ui_tutorial.py
[2023-03-28T02:15:23.065+0000] {logging_mixin.py:137} INFO - [2023-03-28T02:15:23.065+0000] {dag.py:2693} INFO - Sync 1 DAGs
[2023-03-28T02:15:23.098+0000] {logging_mixin.py:137} INFO - [2023-03-28T02:15:23.098+0000] {dag.py:3444} INFO - Setting next_dagrun for example_params_ui_tutorial to None, run_after=None
[2023-03-28T02:15:23.131+0000] {processor.py:175} INFO - Processing /home/airflow/.local/lib/python3.7/site-packages/airflow/example_dags/example_params_ui_tutorial.py took 0.229 seconds
[2023-03-28T02:15:53.483+0000] {processor.py:153} INFO - Started process (PID=159) to work on /home/airflow/.local/lib/python3.7/site-packages/airflow/example_dags/example_params_ui_tutorial.py
[2023-03-28T02:15:53.484+0000] {processor.py:743} INFO - Processing file /home/airflow/.local/lib/python3.7/site-packages/airflow/example_dags/example_params_ui_tutorial.py for tasks to queue
[2023-03-28T02:15:53.486+0000] {logging_mixin.py:137} INFO - [2023-03-28T02:15:53.486+0000] {dagbag.py:532} INFO - Filling up the DagBag from /home/airflow/.local/lib/python3.7/site-packages/airflow/example_dags/example_params_ui_tutorial.py
[2023-03-28T02:15:53.557+0000] {processor.py:753} INFO - DAG(s) dict_keys(['example_params_ui_tutorial']) retrieved from /home/airflow/.local/lib/python3.7/site-packages/airflow/example_dags/example_params_ui_tutorial.py
[2023-03-28T02:15:53.640+0000] {logging_mixin.py:137} INFO - [2023-03-28T02:15:53.640+0000] {dag.py:2693} INFO - Sync 1 DAGs
[2023-03-28T02:15:53.671+0000] {logging_mixin.py:137} INFO - [2023-03-28T02:15:53.671+0000] {dag.py:3444} INFO - Setting next_dagrun for example_params_ui_tutorial to None, run_after=None
[2023-03-28T02:15:53.699+0000] {processor.py:175} INFO - Processing /home/airflow/.local/lib/python3.7/site-packages/airflow/example_dags/example_params_ui_tutorial.py took 0.220 seconds
[2023-03-28T02:16:23.776+0000] {processor.py:153} INFO - Started process (PID=209) to work on /home/airflow/.local/lib/python3.7/site-packages/airflow/example_dags/example_params_ui_tutorial.py
[2023-03-28T02:16:23.778+0000] {processor.py:743} INFO - Processing file /home/airflow/.local/lib/python3.7/site-packages/airflow/example_dags/example_params_ui_tutorial.py for tasks to queue
[2023-03-28T02:16:23.778+0000] {logging_mixin.py:137} INFO - [2023-03-28T02:16:23.778+0000] {dagbag.py:532} INFO - Filling up the DagBag from /home/airflow/.local/lib/python3.7/site-packages/airflow/example_dags/example_params_ui_tutorial.py
[2023-03-28T02:16:23.851+0000] {processor.py:753} INFO - DAG(s) dict_keys(['example_params_ui_tutorial']) retrieved from /home/airflow/.local/lib/python3.7/site-packages/airflow/example_dags/example_params_ui_tutorial.py
[2023-03-28T02:16:23.937+0000] {logging_mixin.py:137} INFO - [2023-03-28T02:16:23.937+0000] {dag.py:2693} INFO - Sync 1 DAGs
[2023-03-28T02:16:23.975+0000] {logging_mixin.py:137} INFO - [2023-03-28T02:16:23.974+0000] {dag.py:3444} INFO - Setting next_dagrun for example_params_ui_tutorial to None, run_after=None
[2023-03-28T02:16:23.996+0000] {processor.py:175} INFO - Processing /home/airflow/.local/lib/python3.7/site-packages/airflow/example_dags/example_params_ui_tutorial.py took 0.224 seconds
[2023-03-28T02:16:54.021+0000] {processor.py:153} INFO - Started process (PID=259) to work on /home/airflow/.local/lib/python3.7/site-packages/airflow/example_dags/example_params_ui_tutorial.py
[2023-03-28T02:16:54.023+0000] {processor.py:743} INFO - Processing file /home/airflow/.local/lib/python3.7/site-packages/airflow/example_dags/example_params_ui_tutorial.py for tasks to queue
[2023-03-28T02:16:54.023+0000] {logging_mixin.py:137} INFO - [2023-03-28T02:16:54.023+0000] {dagbag.py:532} INFO - Filling up the DagBag from /home/airflow/.local/lib/python3.7/site-packages/airflow/example_dags/example_params_ui_tutorial.py
[2023-03-28T02:16:54.094+0000] {processor.py:753} INFO - DAG(s) dict_keys(['example_params_ui_tutorial']) retrieved from /home/airflow/.local/lib/python3.7/site-packages/airflow/example_dags/example_params_ui_tutorial.py
[2023-03-28T02:16:54.182+0000] {logging_mixin.py:137} INFO - [2023-03-28T02:16:54.182+0000] {dag.py:2693} INFO - Sync 1 DAGs
[2023-03-28T02:16:54.215+0000] {logging_mixin.py:137} INFO - [2023-03-28T02:16:54.215+0000] {dag.py:3444} INFO - Setting next_dagrun for example_params_ui_tutorial to None, run_after=None
[2023-03-28T02:16:54.237+0000] {processor.py:175} INFO - Processing /home/airflow/.local/lib/python3.7/site-packages/airflow/example_dags/example_params_ui_tutorial.py took 0.221 seconds
[2023-03-28T02:17:24.311+0000] {processor.py:153} INFO - Started process (PID=309) to work on /home/airflow/.local/lib/python3.7/site-packages/airflow/example_dags/example_params_ui_tutorial.py
[2023-03-28T02:17:24.312+0000] {processor.py:743} INFO - Processing file /home/airflow/.local/lib/python3.7/site-packages/airflow/example_dags/example_params_ui_tutorial.py for tasks to queue
[2023-03-28T02:17:24.312+0000] {logging_mixin.py:137} INFO - [2023-03-28T02:17:24.312+0000] {dagbag.py:532} INFO - Filling up the DagBag from /home/airflow/.local/lib/python3.7/site-packages/airflow/example_dags/example_params_ui_tutorial.py
[2023-03-28T02:17:24.382+0000] {processor.py:753} INFO - DAG(s) dict_keys(['example_params_ui_tutorial']) retrieved from /home/airflow/.local/lib/python3.7/site-packages/airflow/example_dags/example_params_ui_tutorial.py
[2023-03-28T02:17:24.468+0000] {logging_mixin.py:137} INFO - [2023-03-28T02:17:24.468+0000] {dag.py:2693} INFO - Sync 1 DAGs
[2023-03-28T02:17:24.506+0000] {logging_mixin.py:137} INFO - [2023-03-28T02:17:24.506+0000] {dag.py:3444} INFO - Setting next_dagrun for example_params_ui_tutorial to None, run_after=None
[2023-03-28T02:17:24.527+0000] {processor.py:175} INFO - Processing /home/airflow/.local/lib/python3.7/site-packages/airflow/example_dags/example_params_ui_tutorial.py took 0.224 seconds
[2023-03-28T02:17:54.555+0000] {processor.py:153} INFO - Started process (PID=359) to work on /home/airflow/.local/lib/python3.7/site-packages/airflow/example_dags/example_params_ui_tutorial.py
[2023-03-28T02:17:54.556+0000] {processor.py:743} INFO - Processing file /home/airflow/.local/lib/python3.7/site-packages/airflow/example_dags/example_params_ui_tutorial.py for tasks to queue
[2023-03-28T02:17:54.557+0000] {logging_mixin.py:137} INFO - [2023-03-28T02:17:54.557+0000] {dagbag.py:532} INFO - Filling up the DagBag from /home/airflow/.local/lib/python3.7/site-packages/airflow/example_dags/example_params_ui_tutorial.py
[2023-03-28T02:17:54.627+0000] {processor.py:753} INFO - DAG(s) dict_keys(['example_params_ui_tutorial']) retrieved from /home/airflow/.local/lib/python3.7/site-packages/airflow/example_dags/example_params_ui_tutorial.py
[2023-03-28T02:17:54.711+0000] {logging_mixin.py:137} INFO - [2023-03-28T02:17:54.711+0000] {dag.py:2693} INFO - Sync 1 DAGs
[2023-03-28T02:17:54.743+0000] {logging_mixin.py:137} INFO - [2023-03-28T02:17:54.743+0000] {dag.py:3444} INFO - Setting next_dagrun for example_params_ui_tutorial to None, run_after=None
[2023-03-28T02:17:54.765+0000] {processor.py:175} INFO - Processing /home/airflow/.local/lib/python3.7/site-packages/airflow/example_dags/example_params_ui_tutorial.py took 0.214 seconds
[2023-03-28T02:18:25.711+0000] {processor.py:153} INFO - Started process (PID=408) to work on /home/airflow/.local/lib/python3.7/site-packages/airflow/example_dags/example_params_ui_tutorial.py
[2023-03-28T02:18:25.712+0000] {processor.py:743} INFO - Processing file /home/airflow/.local/lib/python3.7/site-packages/airflow/example_dags/example_params_ui_tutorial.py for tasks to queue
[2023-03-28T02:18:25.713+0000] {logging_mixin.py:137} INFO - [2023-03-28T02:18:25.713+0000] {dagbag.py:532} INFO - Filling up the DagBag from /home/airflow/.local/lib/python3.7/site-packages/airflow/example_dags/example_params_ui_tutorial.py
[2023-03-28T02:18:25.786+0000] {processor.py:753} INFO - DAG(s) dict_keys(['example_params_ui_tutorial']) retrieved from /home/airflow/.local/lib/python3.7/site-packages/airflow/example_dags/example_params_ui_tutorial.py
[2023-03-28T02:18:25.872+0000] {logging_mixin.py:137} INFO - [2023-03-28T02:18:25.872+0000] {dag.py:2693} INFO - Sync 1 DAGs
[2023-03-28T02:18:25.916+0000] {logging_mixin.py:137} INFO - [2023-03-28T02:18:25.916+0000] {dag.py:3444} INFO - Setting next_dagrun for example_params_ui_tutorial to None, run_after=None
[2023-03-28T02:18:25.952+0000] {processor.py:175} INFO - Processing /home/airflow/.local/lib/python3.7/site-packages/airflow/example_dags/example_params_ui_tutorial.py took 0.246 seconds
[2023-03-28T02:18:56.071+0000] {processor.py:153} INFO - Started process (PID=457) to work on /home/airflow/.local/lib/python3.7/site-packages/airflow/example_dags/example_params_ui_tutorial.py
[2023-03-28T02:18:56.080+0000] {processor.py:743} INFO - Processing file /home/airflow/.local/lib/python3.7/site-packages/airflow/example_dags/example_params_ui_tutorial.py for tasks to queue
[2023-03-28T02:18:56.082+0000] {logging_mixin.py:137} INFO - [2023-03-28T02:18:56.081+0000] {dagbag.py:532} INFO - Filling up the DagBag from /home/airflow/.local/lib/python3.7/site-packages/airflow/example_dags/example_params_ui_tutorial.py
[2023-03-28T02:18:56.155+0000] {processor.py:753} INFO - DAG(s) dict_keys(['example_params_ui_tutorial']) retrieved from /home/airflow/.local/lib/python3.7/site-packages/airflow/example_dags/example_params_ui_tutorial.py
[2023-03-28T02:18:56.244+0000] {logging_mixin.py:137} INFO - [2023-03-28T02:18:56.244+0000] {dag.py:2693} INFO - Sync 1 DAGs
[2023-03-28T02:18:56.277+0000] {logging_mixin.py:137} INFO - [2023-03-28T02:18:56.277+0000] {dag.py:3444} INFO - Setting next_dagrun for example_params_ui_tutorial to None, run_after=None
[2023-03-28T02:18:56.299+0000] {processor.py:175} INFO - Processing /home/airflow/.local/lib/python3.7/site-packages/airflow/example_dags/example_params_ui_tutorial.py took 0.233 seconds
[2023-03-28T02:19:26.481+0000] {processor.py:153} INFO - Started process (PID=506) to work on /home/airflow/.local/lib/python3.7/site-packages/airflow/example_dags/example_params_ui_tutorial.py
[2023-03-28T02:19:26.482+0000] {processor.py:743} INFO - Processing file /home/airflow/.local/lib/python3.7/site-packages/airflow/example_dags/example_params_ui_tutorial.py for tasks to queue
[2023-03-28T02:19:26.482+0000] {logging_mixin.py:137} INFO - [2023-03-28T02:19:26.482+0000] {dagbag.py:532} INFO - Filling up the DagBag from /home/airflow/.local/lib/python3.7/site-packages/airflow/example_dags/example_params_ui_tutorial.py
[2023-03-28T02:19:26.561+0000] {processor.py:753} INFO - DAG(s) dict_keys(['example_params_ui_tutorial']) retrieved from /home/airflow/.local/lib/python3.7/site-packages/airflow/example_dags/example_params_ui_tutorial.py
[2023-03-28T02:19:26.647+0000] {logging_mixin.py:137} INFO - [2023-03-28T02:19:26.647+0000] {dag.py:2693} INFO - Sync 1 DAGs
[2023-03-28T02:19:26.678+0000] {logging_mixin.py:137} INFO - [2023-03-28T02:19:26.678+0000] {dag.py:3444} INFO - Setting next_dagrun for example_params_ui_tutorial to None, run_after=None
[2023-03-28T02:19:26.700+0000] {processor.py:175} INFO - Processing /home/airflow/.local/lib/python3.7/site-packages/airflow/example_dags/example_params_ui_tutorial.py took 0.223 seconds
[2023-03-28T02:19:56.930+0000] {processor.py:153} INFO - Started process (PID=556) to work on /home/airflow/.local/lib/python3.7/site-packages/airflow/example_dags/example_params_ui_tutorial.py
[2023-03-28T02:19:56.940+0000] {processor.py:743} INFO - Processing file /home/airflow/.local/lib/python3.7/site-packages/airflow/example_dags/example_params_ui_tutorial.py for tasks to queue
[2023-03-28T02:19:56.941+0000] {logging_mixin.py:137} INFO - [2023-03-28T02:19:56.941+0000] {dagbag.py:532} INFO - Filling up the DagBag from /home/airflow/.local/lib/python3.7/site-packages/airflow/example_dags/example_params_ui_tutorial.py
[2023-03-28T02:19:57.185+0000] {processor.py:753} INFO - DAG(s) dict_keys(['example_params_ui_tutorial']) retrieved from /home/airflow/.local/lib/python3.7/site-packages/airflow/example_dags/example_params_ui_tutorial.py
[2023-03-28T02:19:57.501+0000] {logging_mixin.py:137} INFO - [2023-03-28T02:19:57.501+0000] {dag.py:2693} INFO - Sync 1 DAGs
[2023-03-28T02:19:57.597+0000] {logging_mixin.py:137} INFO - [2023-03-28T02:19:57.596+0000] {dag.py:3444} INFO - Setting next_dagrun for example_params_ui_tutorial to None, run_after=None
[2023-03-28T02:19:57.665+0000] {processor.py:175} INFO - Processing /home/airflow/.local/lib/python3.7/site-packages/airflow/example_dags/example_params_ui_tutorial.py took 0.739 seconds
[2023-03-28T02:20:28.176+0000] {processor.py:153} INFO - Started process (PID=605) to work on /home/airflow/.local/lib/python3.7/site-packages/airflow/example_dags/example_params_ui_tutorial.py
[2023-03-28T02:20:28.178+0000] {processor.py:743} INFO - Processing file /home/airflow/.local/lib/python3.7/site-packages/airflow/example_dags/example_params_ui_tutorial.py for tasks to queue
[2023-03-28T02:20:28.178+0000] {logging_mixin.py:137} INFO - [2023-03-28T02:20:28.178+0000] {dagbag.py:532} INFO - Filling up the DagBag from /home/airflow/.local/lib/python3.7/site-packages/airflow/example_dags/example_params_ui_tutorial.py
[2023-03-28T02:20:28.348+0000] {processor.py:753} INFO - DAG(s) dict_keys(['example_params_ui_tutorial']) retrieved from /home/airflow/.local/lib/python3.7/site-packages/airflow/example_dags/example_params_ui_tutorial.py
[2023-03-28T02:20:28.525+0000] {logging_mixin.py:137} INFO - [2023-03-28T02:20:28.525+0000] {dag.py:2693} INFO - Sync 1 DAGs
[2023-03-28T02:20:28.565+0000] {logging_mixin.py:137} INFO - [2023-03-28T02:20:28.565+0000] {dag.py:3444} INFO - Setting next_dagrun for example_params_ui_tutorial to None, run_after=None
[2023-03-28T02:20:28.597+0000] {processor.py:175} INFO - Processing /home/airflow/.local/lib/python3.7/site-packages/airflow/example_dags/example_params_ui_tutorial.py took 0.436 seconds
[2023-03-28T02:20:59.370+0000] {processor.py:153} INFO - Started process (PID=654) to work on /home/airflow/.local/lib/python3.7/site-packages/airflow/example_dags/example_params_ui_tutorial.py
[2023-03-28T02:20:59.371+0000] {processor.py:743} INFO - Processing file /home/airflow/.local/lib/python3.7/site-packages/airflow/example_dags/example_params_ui_tutorial.py for tasks to queue
[2023-03-28T02:20:59.372+0000] {logging_mixin.py:137} INFO - [2023-03-28T02:20:59.372+0000] {dagbag.py:532} INFO - Filling up the DagBag from /home/airflow/.local/lib/python3.7/site-packages/airflow/example_dags/example_params_ui_tutorial.py
[2023-03-28T02:20:59.442+0000] {processor.py:753} INFO - DAG(s) dict_keys(['example_params_ui_tutorial']) retrieved from /home/airflow/.local/lib/python3.7/site-packages/airflow/example_dags/example_params_ui_tutorial.py
[2023-03-28T02:20:59.531+0000] {logging_mixin.py:137} INFO - [2023-03-28T02:20:59.531+0000] {dag.py:2693} INFO - Sync 1 DAGs
[2023-03-28T02:20:59.567+0000] {logging_mixin.py:137} INFO - [2023-03-28T02:20:59.566+0000] {dag.py:3444} INFO - Setting next_dagrun for example_params_ui_tutorial to None, run_after=None
[2023-03-28T02:20:59.590+0000] {processor.py:175} INFO - Processing /home/airflow/.local/lib/python3.7/site-packages/airflow/example_dags/example_params_ui_tutorial.py took 0.225 seconds
[2023-03-28T02:21:29.808+0000] {processor.py:153} INFO - Started process (PID=703) to work on /home/airflow/.local/lib/python3.7/site-packages/airflow/example_dags/example_params_ui_tutorial.py
[2023-03-28T02:21:29.810+0000] {processor.py:743} INFO - Processing file /home/airflow/.local/lib/python3.7/site-packages/airflow/example_dags/example_params_ui_tutorial.py for tasks to queue
[2023-03-28T02:21:29.810+0000] {logging_mixin.py:137} INFO - [2023-03-28T02:21:29.810+0000] {dagbag.py:532} INFO - Filling up the DagBag from /home/airflow/.local/lib/python3.7/site-packages/airflow/example_dags/example_params_ui_tutorial.py
[2023-03-28T02:21:29.882+0000] {processor.py:753} INFO - DAG(s) dict_keys(['example_params_ui_tutorial']) retrieved from /home/airflow/.local/lib/python3.7/site-packages/airflow/example_dags/example_params_ui_tutorial.py
[2023-03-28T02:21:29.984+0000] {logging_mixin.py:137} INFO - [2023-03-28T02:21:29.983+0000] {dag.py:2693} INFO - Sync 1 DAGs
[2023-03-28T02:21:30.023+0000] {logging_mixin.py:137} INFO - [2023-03-28T02:21:30.022+0000] {dag.py:3444} INFO - Setting next_dagrun for example_params_ui_tutorial to None, run_after=None
[2023-03-28T02:21:30.047+0000] {processor.py:175} INFO - Processing /home/airflow/.local/lib/python3.7/site-packages/airflow/example_dags/example_params_ui_tutorial.py took 0.242 seconds
[2023-03-28T02:22:00.117+0000] {processor.py:153} INFO - Started process (PID=751) to work on /home/airflow/.local/lib/python3.7/site-packages/airflow/example_dags/example_params_ui_tutorial.py
[2023-03-28T02:22:00.118+0000] {processor.py:743} INFO - Processing file /home/airflow/.local/lib/python3.7/site-packages/airflow/example_dags/example_params_ui_tutorial.py for tasks to queue
[2023-03-28T02:22:00.119+0000] {logging_mixin.py:137} INFO - [2023-03-28T02:22:00.119+0000] {dagbag.py:532} INFO - Filling up the DagBag from /home/airflow/.local/lib/python3.7/site-packages/airflow/example_dags/example_params_ui_tutorial.py
[2023-03-28T02:22:00.192+0000] {processor.py:753} INFO - DAG(s) dict_keys(['example_params_ui_tutorial']) retrieved from /home/airflow/.local/lib/python3.7/site-packages/airflow/example_dags/example_params_ui_tutorial.py
[2023-03-28T02:22:00.281+0000] {logging_mixin.py:137} INFO - [2023-03-28T02:22:00.280+0000] {dag.py:2693} INFO - Sync 1 DAGs
[2023-03-28T02:22:00.322+0000] {logging_mixin.py:137} INFO - [2023-03-28T02:22:00.321+0000] {dag.py:3444} INFO - Setting next_dagrun for example_params_ui_tutorial to None, run_after=None
[2023-03-28T02:22:00.345+0000] {processor.py:175} INFO - Processing /home/airflow/.local/lib/python3.7/site-packages/airflow/example_dags/example_params_ui_tutorial.py took 0.232 seconds
[2023-03-28T02:22:30.420+0000] {processor.py:153} INFO - Started process (PID=801) to work on /home/airflow/.local/lib/python3.7/site-packages/airflow/example_dags/example_params_ui_tutorial.py
[2023-03-28T02:22:30.421+0000] {processor.py:743} INFO - Processing file /home/airflow/.local/lib/python3.7/site-packages/airflow/example_dags/example_params_ui_tutorial.py for tasks to queue
[2023-03-28T02:22:30.422+0000] {logging_mixin.py:137} INFO - [2023-03-28T02:22:30.422+0000] {dagbag.py:532} INFO - Filling up the DagBag from /home/airflow/.local/lib/python3.7/site-packages/airflow/example_dags/example_params_ui_tutorial.py
[2023-03-28T02:22:30.499+0000] {processor.py:753} INFO - DAG(s) dict_keys(['example_params_ui_tutorial']) retrieved from /home/airflow/.local/lib/python3.7/site-packages/airflow/example_dags/example_params_ui_tutorial.py
[2023-03-28T02:22:30.604+0000] {logging_mixin.py:137} INFO - [2023-03-28T02:22:30.604+0000] {dag.py:2693} INFO - Sync 1 DAGs
[2023-03-28T02:22:30.636+0000] {logging_mixin.py:137} INFO - [2023-03-28T02:22:30.636+0000] {dag.py:3444} INFO - Setting next_dagrun for example_params_ui_tutorial to None, run_after=None
[2023-03-28T02:22:30.659+0000] {processor.py:175} INFO - Processing /home/airflow/.local/lib/python3.7/site-packages/airflow/example_dags/example_params_ui_tutorial.py took 0.242 seconds
[2023-03-28T02:23:00.697+0000] {processor.py:153} INFO - Started process (PID=849) to work on /home/airflow/.local/lib/python3.7/site-packages/airflow/example_dags/example_params_ui_tutorial.py
[2023-03-28T02:23:00.699+0000] {processor.py:743} INFO - Processing file /home/airflow/.local/lib/python3.7/site-packages/airflow/example_dags/example_params_ui_tutorial.py for tasks to queue
[2023-03-28T02:23:00.699+0000] {logging_mixin.py:137} INFO - [2023-03-28T02:23:00.699+0000] {dagbag.py:532} INFO - Filling up the DagBag from /home/airflow/.local/lib/python3.7/site-packages/airflow/example_dags/example_params_ui_tutorial.py
[2023-03-28T02:23:00.779+0000] {processor.py:753} INFO - DAG(s) dict_keys(['example_params_ui_tutorial']) retrieved from /home/airflow/.local/lib/python3.7/site-packages/airflow/example_dags/example_params_ui_tutorial.py
[2023-03-28T02:23:00.884+0000] {logging_mixin.py:137} INFO - [2023-03-28T02:23:00.884+0000] {dag.py:2693} INFO - Sync 1 DAGs
[2023-03-28T02:23:00.918+0000] {logging_mixin.py:137} INFO - [2023-03-28T02:23:00.917+0000] {dag.py:3444} INFO - Setting next_dagrun for example_params_ui_tutorial to None, run_after=None
[2023-03-28T02:23:00.941+0000] {processor.py:175} INFO - Processing /home/airflow/.local/lib/python3.7/site-packages/airflow/example_dags/example_params_ui_tutorial.py took 0.247 seconds
[2023-03-28T02:23:31.100+0000] {processor.py:153} INFO - Started process (PID=898) to work on /home/airflow/.local/lib/python3.7/site-packages/airflow/example_dags/example_params_ui_tutorial.py
[2023-03-28T02:23:31.101+0000] {processor.py:743} INFO - Processing file /home/airflow/.local/lib/python3.7/site-packages/airflow/example_dags/example_params_ui_tutorial.py for tasks to queue
[2023-03-28T02:23:31.102+0000] {logging_mixin.py:137} INFO - [2023-03-28T02:23:31.102+0000] {dagbag.py:532} INFO - Filling up the DagBag from /home/airflow/.local/lib/python3.7/site-packages/airflow/example_dags/example_params_ui_tutorial.py
[2023-03-28T02:23:31.181+0000] {processor.py:753} INFO - DAG(s) dict_keys(['example_params_ui_tutorial']) retrieved from /home/airflow/.local/lib/python3.7/site-packages/airflow/example_dags/example_params_ui_tutorial.py
[2023-03-28T02:23:31.265+0000] {logging_mixin.py:137} INFO - [2023-03-28T02:23:31.265+0000] {dag.py:2693} INFO - Sync 1 DAGs
[2023-03-28T02:23:31.298+0000] {logging_mixin.py:137} INFO - [2023-03-28T02:23:31.297+0000] {dag.py:3444} INFO - Setting next_dagrun for example_params_ui_tutorial to None, run_after=None
[2023-03-28T02:23:31.321+0000] {processor.py:175} INFO - Processing /home/airflow/.local/lib/python3.7/site-packages/airflow/example_dags/example_params_ui_tutorial.py took 0.225 seconds
[2023-03-28T02:24:01.488+0000] {processor.py:153} INFO - Started process (PID=947) to work on /home/airflow/.local/lib/python3.7/site-packages/airflow/example_dags/example_params_ui_tutorial.py
[2023-03-28T02:24:01.490+0000] {processor.py:743} INFO - Processing file /home/airflow/.local/lib/python3.7/site-packages/airflow/example_dags/example_params_ui_tutorial.py for tasks to queue
[2023-03-28T02:24:01.490+0000] {logging_mixin.py:137} INFO - [2023-03-28T02:24:01.490+0000] {dagbag.py:532} INFO - Filling up the DagBag from /home/airflow/.local/lib/python3.7/site-packages/airflow/example_dags/example_params_ui_tutorial.py
[2023-03-28T02:24:01.562+0000] {processor.py:753} INFO - DAG(s) dict_keys(['example_params_ui_tutorial']) retrieved from /home/airflow/.local/lib/python3.7/site-packages/airflow/example_dags/example_params_ui_tutorial.py
[2023-03-28T02:24:01.661+0000] {logging_mixin.py:137} INFO - [2023-03-28T02:24:01.661+0000] {dag.py:2693} INFO - Sync 1 DAGs
[2023-03-28T02:24:01.693+0000] {logging_mixin.py:137} INFO - [2023-03-28T02:24:01.693+0000] {dag.py:3444} INFO - Setting next_dagrun for example_params_ui_tutorial to None, run_after=None
[2023-03-28T02:24:01.715+0000] {processor.py:175} INFO - Processing /home/airflow/.local/lib/python3.7/site-packages/airflow/example_dags/example_params_ui_tutorial.py took 0.230 seconds
[2023-03-28T02:24:32.111+0000] {processor.py:153} INFO - Started process (PID=995) to work on /home/airflow/.local/lib/python3.7/site-packages/airflow/example_dags/example_params_ui_tutorial.py
[2023-03-28T02:24:32.112+0000] {processor.py:743} INFO - Processing file /home/airflow/.local/lib/python3.7/site-packages/airflow/example_dags/example_params_ui_tutorial.py for tasks to queue
[2023-03-28T02:24:32.112+0000] {logging_mixin.py:137} INFO - [2023-03-28T02:24:32.112+0000] {dagbag.py:532} INFO - Filling up the DagBag from /home/airflow/.local/lib/python3.7/site-packages/airflow/example_dags/example_params_ui_tutorial.py
[2023-03-28T02:24:32.185+0000] {processor.py:753} INFO - DAG(s) dict_keys(['example_params_ui_tutorial']) retrieved from /home/airflow/.local/lib/python3.7/site-packages/airflow/example_dags/example_params_ui_tutorial.py
[2023-03-28T02:24:32.272+0000] {logging_mixin.py:137} INFO - [2023-03-28T02:24:32.272+0000] {dag.py:2693} INFO - Sync 1 DAGs
[2023-03-28T02:24:32.305+0000] {logging_mixin.py:137} INFO - [2023-03-28T02:24:32.305+0000] {dag.py:3444} INFO - Setting next_dagrun for example_params_ui_tutorial to None, run_after=None
[2023-03-28T02:24:32.326+0000] {processor.py:175} INFO - Processing /home/airflow/.local/lib/python3.7/site-packages/airflow/example_dags/example_params_ui_tutorial.py took 0.220 seconds
[2023-03-28T02:25:02.456+0000] {processor.py:153} INFO - Started process (PID=1044) to work on /home/airflow/.local/lib/python3.7/site-packages/airflow/example_dags/example_params_ui_tutorial.py
[2023-03-28T02:25:02.457+0000] {processor.py:743} INFO - Processing file /home/airflow/.local/lib/python3.7/site-packages/airflow/example_dags/example_params_ui_tutorial.py for tasks to queue
[2023-03-28T02:25:02.458+0000] {logging_mixin.py:137} INFO - [2023-03-28T02:25:02.458+0000] {dagbag.py:532} INFO - Filling up the DagBag from /home/airflow/.local/lib/python3.7/site-packages/airflow/example_dags/example_params_ui_tutorial.py
[2023-03-28T02:25:02.534+0000] {processor.py:753} INFO - DAG(s) dict_keys(['example_params_ui_tutorial']) retrieved from /home/airflow/.local/lib/python3.7/site-packages/airflow/example_dags/example_params_ui_tutorial.py
[2023-03-28T02:25:02.634+0000] {logging_mixin.py:137} INFO - [2023-03-28T02:25:02.634+0000] {dag.py:2693} INFO - Sync 1 DAGs
[2023-03-28T02:25:02.680+0000] {logging_mixin.py:137} INFO - [2023-03-28T02:25:02.678+0000] {dag.py:3444} INFO - Setting next_dagrun for example_params_ui_tutorial to None, run_after=None
[2023-03-28T02:25:02.705+0000] {processor.py:175} INFO - Processing /home/airflow/.local/lib/python3.7/site-packages/airflow/example_dags/example_params_ui_tutorial.py took 0.254 seconds
[2023-03-28T02:25:32.801+0000] {processor.py:153} INFO - Started process (PID=1094) to work on /home/airflow/.local/lib/python3.7/site-packages/airflow/example_dags/example_params_ui_tutorial.py
[2023-03-28T02:25:32.802+0000] {processor.py:743} INFO - Processing file /home/airflow/.local/lib/python3.7/site-packages/airflow/example_dags/example_params_ui_tutorial.py for tasks to queue
[2023-03-28T02:25:32.803+0000] {logging_mixin.py:137} INFO - [2023-03-28T02:25:32.803+0000] {dagbag.py:532} INFO - Filling up the DagBag from /home/airflow/.local/lib/python3.7/site-packages/airflow/example_dags/example_params_ui_tutorial.py
[2023-03-28T02:25:32.966+0000] {processor.py:753} INFO - DAG(s) dict_keys(['example_params_ui_tutorial']) retrieved from /home/airflow/.local/lib/python3.7/site-packages/airflow/example_dags/example_params_ui_tutorial.py
[2023-03-28T02:25:33.061+0000] {logging_mixin.py:137} INFO - [2023-03-28T02:25:33.061+0000] {dag.py:2693} INFO - Sync 1 DAGs
[2023-03-28T02:25:33.100+0000] {logging_mixin.py:137} INFO - [2023-03-28T02:25:33.100+0000] {dag.py:3444} INFO - Setting next_dagrun for example_params_ui_tutorial to None, run_after=None
[2023-03-28T02:25:33.121+0000] {processor.py:175} INFO - Processing /home/airflow/.local/lib/python3.7/site-packages/airflow/example_dags/example_params_ui_tutorial.py took 0.323 seconds
[2023-03-28T02:26:03.174+0000] {processor.py:153} INFO - Started process (PID=1143) to work on /home/airflow/.local/lib/python3.7/site-packages/airflow/example_dags/example_params_ui_tutorial.py
[2023-03-28T02:26:03.175+0000] {processor.py:743} INFO - Processing file /home/airflow/.local/lib/python3.7/site-packages/airflow/example_dags/example_params_ui_tutorial.py for tasks to queue
[2023-03-28T02:26:03.176+0000] {logging_mixin.py:137} INFO - [2023-03-28T02:26:03.176+0000] {dagbag.py:532} INFO - Filling up the DagBag from /home/airflow/.local/lib/python3.7/site-packages/airflow/example_dags/example_params_ui_tutorial.py
[2023-03-28T02:26:03.248+0000] {processor.py:753} INFO - DAG(s) dict_keys(['example_params_ui_tutorial']) retrieved from /home/airflow/.local/lib/python3.7/site-packages/airflow/example_dags/example_params_ui_tutorial.py
[2023-03-28T02:26:03.344+0000] {logging_mixin.py:137} INFO - [2023-03-28T02:26:03.343+0000] {dag.py:2693} INFO - Sync 1 DAGs
[2023-03-28T02:26:03.379+0000] {logging_mixin.py:137} INFO - [2023-03-28T02:26:03.379+0000] {dag.py:3444} INFO - Setting next_dagrun for example_params_ui_tutorial to None, run_after=None
[2023-03-28T02:26:03.401+0000] {processor.py:175} INFO - Processing /home/airflow/.local/lib/python3.7/site-packages/airflow/example_dags/example_params_ui_tutorial.py took 0.232 seconds
[2023-03-28T02:26:33.472+0000] {processor.py:153} INFO - Started process (PID=1191) to work on /home/airflow/.local/lib/python3.7/site-packages/airflow/example_dags/example_params_ui_tutorial.py
[2023-03-28T02:26:33.473+0000] {processor.py:743} INFO - Processing file /home/airflow/.local/lib/python3.7/site-packages/airflow/example_dags/example_params_ui_tutorial.py for tasks to queue
[2023-03-28T02:26:33.481+0000] {logging_mixin.py:137} INFO - [2023-03-28T02:26:33.481+0000] {dagbag.py:532} INFO - Filling up the DagBag from /home/airflow/.local/lib/python3.7/site-packages/airflow/example_dags/example_params_ui_tutorial.py
[2023-03-28T02:26:33.654+0000] {processor.py:753} INFO - DAG(s) dict_keys(['example_params_ui_tutorial']) retrieved from /home/airflow/.local/lib/python3.7/site-packages/airflow/example_dags/example_params_ui_tutorial.py
[2023-03-28T02:26:33.827+0000] {logging_mixin.py:137} INFO - [2023-03-28T02:26:33.827+0000] {dag.py:2693} INFO - Sync 1 DAGs
[2023-03-28T02:26:33.895+0000] {logging_mixin.py:137} INFO - [2023-03-28T02:26:33.895+0000] {dag.py:3444} INFO - Setting next_dagrun for example_params_ui_tutorial to None, run_after=None
[2023-03-28T02:26:33.916+0000] {processor.py:175} INFO - Processing /home/airflow/.local/lib/python3.7/site-packages/airflow/example_dags/example_params_ui_tutorial.py took 0.453 seconds
[2023-03-28T02:27:04.415+0000] {processor.py:153} INFO - Started process (PID=1240) to work on /home/airflow/.local/lib/python3.7/site-packages/airflow/example_dags/example_params_ui_tutorial.py
[2023-03-28T02:27:04.417+0000] {processor.py:743} INFO - Processing file /home/airflow/.local/lib/python3.7/site-packages/airflow/example_dags/example_params_ui_tutorial.py for tasks to queue
[2023-03-28T02:27:04.418+0000] {logging_mixin.py:137} INFO - [2023-03-28T02:27:04.418+0000] {dagbag.py:532} INFO - Filling up the DagBag from /home/airflow/.local/lib/python3.7/site-packages/airflow/example_dags/example_params_ui_tutorial.py
[2023-03-28T02:27:04.491+0000] {processor.py:753} INFO - DAG(s) dict_keys(['example_params_ui_tutorial']) retrieved from /home/airflow/.local/lib/python3.7/site-packages/airflow/example_dags/example_params_ui_tutorial.py
[2023-03-28T02:27:04.579+0000] {logging_mixin.py:137} INFO - [2023-03-28T02:27:04.579+0000] {dag.py:2693} INFO - Sync 1 DAGs
[2023-03-28T02:27:04.615+0000] {logging_mixin.py:137} INFO - [2023-03-28T02:27:04.615+0000] {dag.py:3444} INFO - Setting next_dagrun for example_params_ui_tutorial to None, run_after=None
[2023-03-28T02:27:04.638+0000] {processor.py:175} INFO - Processing /home/airflow/.local/lib/python3.7/site-packages/airflow/example_dags/example_params_ui_tutorial.py took 0.230 seconds
[2023-03-28T02:27:34.938+0000] {processor.py:153} INFO - Started process (PID=1288) to work on /home/airflow/.local/lib/python3.7/site-packages/airflow/example_dags/example_params_ui_tutorial.py
[2023-03-28T02:27:34.939+0000] {processor.py:743} INFO - Processing file /home/airflow/.local/lib/python3.7/site-packages/airflow/example_dags/example_params_ui_tutorial.py for tasks to queue
[2023-03-28T02:27:34.940+0000] {logging_mixin.py:137} INFO - [2023-03-28T02:27:34.940+0000] {dagbag.py:532} INFO - Filling up the DagBag from /home/airflow/.local/lib/python3.7/site-packages/airflow/example_dags/example_params_ui_tutorial.py
[2023-03-28T02:27:35.012+0000] {processor.py:753} INFO - DAG(s) dict_keys(['example_params_ui_tutorial']) retrieved from /home/airflow/.local/lib/python3.7/site-packages/airflow/example_dags/example_params_ui_tutorial.py
[2023-03-28T02:27:35.124+0000] {logging_mixin.py:137} INFO - [2023-03-28T02:27:35.124+0000] {dag.py:2693} INFO - Sync 1 DAGs
[2023-03-28T02:27:35.159+0000] {logging_mixin.py:137} INFO - [2023-03-28T02:27:35.158+0000] {dag.py:3444} INFO - Setting next_dagrun for example_params_ui_tutorial to None, run_after=None
[2023-03-28T02:27:35.183+0000] {processor.py:175} INFO - Processing /home/airflow/.local/lib/python3.7/site-packages/airflow/example_dags/example_params_ui_tutorial.py took 0.249 seconds
[2023-03-28T02:28:05.519+0000] {processor.py:153} INFO - Started process (PID=1337) to work on /home/airflow/.local/lib/python3.7/site-packages/airflow/example_dags/example_params_ui_tutorial.py
[2023-03-28T02:28:05.520+0000] {processor.py:743} INFO - Processing file /home/airflow/.local/lib/python3.7/site-packages/airflow/example_dags/example_params_ui_tutorial.py for tasks to queue
[2023-03-28T02:28:05.521+0000] {logging_mixin.py:137} INFO - [2023-03-28T02:28:05.520+0000] {dagbag.py:532} INFO - Filling up the DagBag from /home/airflow/.local/lib/python3.7/site-packages/airflow/example_dags/example_params_ui_tutorial.py
[2023-03-28T02:28:05.593+0000] {processor.py:753} INFO - DAG(s) dict_keys(['example_params_ui_tutorial']) retrieved from /home/airflow/.local/lib/python3.7/site-packages/airflow/example_dags/example_params_ui_tutorial.py
[2023-03-28T02:28:05.680+0000] {logging_mixin.py:137} INFO - [2023-03-28T02:28:05.680+0000] {dag.py:2693} INFO - Sync 1 DAGs
[2023-03-28T02:28:05.714+0000] {logging_mixin.py:137} INFO - [2023-03-28T02:28:05.714+0000] {dag.py:3444} INFO - Setting next_dagrun for example_params_ui_tutorial to None, run_after=None
[2023-03-28T02:28:05.736+0000] {processor.py:175} INFO - Processing /home/airflow/.local/lib/python3.7/site-packages/airflow/example_dags/example_params_ui_tutorial.py took 0.221 seconds
[2023-03-28T02:28:35.779+0000] {processor.py:153} INFO - Started process (PID=1387) to work on /home/airflow/.local/lib/python3.7/site-packages/airflow/example_dags/example_params_ui_tutorial.py
[2023-03-28T02:28:35.780+0000] {processor.py:743} INFO - Processing file /home/airflow/.local/lib/python3.7/site-packages/airflow/example_dags/example_params_ui_tutorial.py for tasks to queue
[2023-03-28T02:28:35.781+0000] {logging_mixin.py:137} INFO - [2023-03-28T02:28:35.781+0000] {dagbag.py:532} INFO - Filling up the DagBag from /home/airflow/.local/lib/python3.7/site-packages/airflow/example_dags/example_params_ui_tutorial.py
[2023-03-28T02:28:35.864+0000] {processor.py:753} INFO - DAG(s) dict_keys(['example_params_ui_tutorial']) retrieved from /home/airflow/.local/lib/python3.7/site-packages/airflow/example_dags/example_params_ui_tutorial.py
[2023-03-28T02:28:35.955+0000] {logging_mixin.py:137} INFO - [2023-03-28T02:28:35.955+0000] {dag.py:2693} INFO - Sync 1 DAGs
[2023-03-28T02:28:35.987+0000] {logging_mixin.py:137} INFO - [2023-03-28T02:28:35.987+0000] {dag.py:3444} INFO - Setting next_dagrun for example_params_ui_tutorial to None, run_after=None
[2023-03-28T02:28:36.013+0000] {processor.py:175} INFO - Processing /home/airflow/.local/lib/python3.7/site-packages/airflow/example_dags/example_params_ui_tutorial.py took 0.238 seconds
[2023-03-28T02:29:06.156+0000] {processor.py:153} INFO - Started process (PID=1437) to work on /home/airflow/.local/lib/python3.7/site-packages/airflow/example_dags/example_params_ui_tutorial.py
[2023-03-28T02:29:06.156+0000] {processor.py:743} INFO - Processing file /home/airflow/.local/lib/python3.7/site-packages/airflow/example_dags/example_params_ui_tutorial.py for tasks to queue
[2023-03-28T02:29:06.157+0000] {logging_mixin.py:137} INFO - [2023-03-28T02:29:06.157+0000] {dagbag.py:532} INFO - Filling up the DagBag from /home/airflow/.local/lib/python3.7/site-packages/airflow/example_dags/example_params_ui_tutorial.py
[2023-03-28T02:29:06.226+0000] {processor.py:753} INFO - DAG(s) dict_keys(['example_params_ui_tutorial']) retrieved from /home/airflow/.local/lib/python3.7/site-packages/airflow/example_dags/example_params_ui_tutorial.py
[2023-03-28T02:29:06.310+0000] {logging_mixin.py:137} INFO - [2023-03-28T02:29:06.310+0000] {dag.py:2693} INFO - Sync 1 DAGs
[2023-03-28T02:29:06.343+0000] {logging_mixin.py:137} INFO - [2023-03-28T02:29:06.343+0000] {dag.py:3444} INFO - Setting next_dagrun for example_params_ui_tutorial to None, run_after=None
[2023-03-28T02:29:06.366+0000] {processor.py:175} INFO - Processing /home/airflow/.local/lib/python3.7/site-packages/airflow/example_dags/example_params_ui_tutorial.py took 0.216 seconds
[2023-03-28T02:29:36.517+0000] {processor.py:153} INFO - Started process (PID=1487) to work on /home/airflow/.local/lib/python3.7/site-packages/airflow/example_dags/example_params_ui_tutorial.py
[2023-03-28T02:29:36.518+0000] {processor.py:743} INFO - Processing file /home/airflow/.local/lib/python3.7/site-packages/airflow/example_dags/example_params_ui_tutorial.py for tasks to queue
[2023-03-28T02:29:36.519+0000] {logging_mixin.py:137} INFO - [2023-03-28T02:29:36.519+0000] {dagbag.py:532} INFO - Filling up the DagBag from /home/airflow/.local/lib/python3.7/site-packages/airflow/example_dags/example_params_ui_tutorial.py
[2023-03-28T02:29:36.588+0000] {processor.py:753} INFO - DAG(s) dict_keys(['example_params_ui_tutorial']) retrieved from /home/airflow/.local/lib/python3.7/site-packages/airflow/example_dags/example_params_ui_tutorial.py
[2023-03-28T02:29:36.673+0000] {logging_mixin.py:137} INFO - [2023-03-28T02:29:36.673+0000] {dag.py:2693} INFO - Sync 1 DAGs
[2023-03-28T02:29:36.705+0000] {logging_mixin.py:137} INFO - [2023-03-28T02:29:36.705+0000] {dag.py:3444} INFO - Setting next_dagrun for example_params_ui_tutorial to None, run_after=None
[2023-03-28T02:29:36.727+0000] {processor.py:175} INFO - Processing /home/airflow/.local/lib/python3.7/site-packages/airflow/example_dags/example_params_ui_tutorial.py took 0.214 seconds
[2023-03-28T02:30:06.745+0000] {processor.py:153} INFO - Started process (PID=1535) to work on /home/airflow/.local/lib/python3.7/site-packages/airflow/example_dags/example_params_ui_tutorial.py
[2023-03-28T02:30:06.746+0000] {processor.py:743} INFO - Processing file /home/airflow/.local/lib/python3.7/site-packages/airflow/example_dags/example_params_ui_tutorial.py for tasks to queue
[2023-03-28T02:30:06.747+0000] {logging_mixin.py:137} INFO - [2023-03-28T02:30:06.747+0000] {dagbag.py:532} INFO - Filling up the DagBag from /home/airflow/.local/lib/python3.7/site-packages/airflow/example_dags/example_params_ui_tutorial.py
[2023-03-28T02:30:06.820+0000] {processor.py:753} INFO - DAG(s) dict_keys(['example_params_ui_tutorial']) retrieved from /home/airflow/.local/lib/python3.7/site-packages/airflow/example_dags/example_params_ui_tutorial.py
[2023-03-28T02:30:06.905+0000] {logging_mixin.py:137} INFO - [2023-03-28T02:30:06.905+0000] {dag.py:2693} INFO - Sync 1 DAGs
[2023-03-28T02:30:06.937+0000] {logging_mixin.py:137} INFO - [2023-03-28T02:30:06.937+0000] {dag.py:3444} INFO - Setting next_dagrun for example_params_ui_tutorial to None, run_after=None
[2023-03-28T02:30:06.962+0000] {processor.py:175} INFO - Processing /home/airflow/.local/lib/python3.7/site-packages/airflow/example_dags/example_params_ui_tutorial.py took 0.220 seconds
[2023-03-28T02:30:37.214+0000] {processor.py:153} INFO - Started process (PID=1582) to work on /home/airflow/.local/lib/python3.7/site-packages/airflow/example_dags/example_params_ui_tutorial.py
[2023-03-28T02:30:37.216+0000] {processor.py:743} INFO - Processing file /home/airflow/.local/lib/python3.7/site-packages/airflow/example_dags/example_params_ui_tutorial.py for tasks to queue
[2023-03-28T02:30:37.216+0000] {logging_mixin.py:137} INFO - [2023-03-28T02:30:37.216+0000] {dagbag.py:532} INFO - Filling up the DagBag from /home/airflow/.local/lib/python3.7/site-packages/airflow/example_dags/example_params_ui_tutorial.py
[2023-03-28T02:30:37.318+0000] {processor.py:753} INFO - DAG(s) dict_keys(['example_params_ui_tutorial']) retrieved from /home/airflow/.local/lib/python3.7/site-packages/airflow/example_dags/example_params_ui_tutorial.py
[2023-03-28T02:30:37.404+0000] {logging_mixin.py:137} INFO - [2023-03-28T02:30:37.403+0000] {dag.py:2693} INFO - Sync 1 DAGs
[2023-03-28T02:30:37.437+0000] {logging_mixin.py:137} INFO - [2023-03-28T02:30:37.437+0000] {dag.py:3444} INFO - Setting next_dagrun for example_params_ui_tutorial to None, run_after=None
[2023-03-28T02:30:37.459+0000] {processor.py:175} INFO - Processing /home/airflow/.local/lib/python3.7/site-packages/airflow/example_dags/example_params_ui_tutorial.py took 0.249 seconds
[2023-03-28T02:31:08.321+0000] {processor.py:153} INFO - Started process (PID=1631) to work on /home/airflow/.local/lib/python3.7/site-packages/airflow/example_dags/example_params_ui_tutorial.py
[2023-03-28T02:31:08.322+0000] {processor.py:743} INFO - Processing file /home/airflow/.local/lib/python3.7/site-packages/airflow/example_dags/example_params_ui_tutorial.py for tasks to queue
[2023-03-28T02:31:08.323+0000] {logging_mixin.py:137} INFO - [2023-03-28T02:31:08.323+0000] {dagbag.py:532} INFO - Filling up the DagBag from /home/airflow/.local/lib/python3.7/site-packages/airflow/example_dags/example_params_ui_tutorial.py
[2023-03-28T02:31:08.395+0000] {processor.py:753} INFO - DAG(s) dict_keys(['example_params_ui_tutorial']) retrieved from /home/airflow/.local/lib/python3.7/site-packages/airflow/example_dags/example_params_ui_tutorial.py
[2023-03-28T02:31:08.484+0000] {logging_mixin.py:137} INFO - [2023-03-28T02:31:08.484+0000] {dag.py:2693} INFO - Sync 1 DAGs
[2023-03-28T02:31:08.520+0000] {logging_mixin.py:137} INFO - [2023-03-28T02:31:08.520+0000] {dag.py:3444} INFO - Setting next_dagrun for example_params_ui_tutorial to None, run_after=None
[2023-03-28T02:31:08.544+0000] {processor.py:175} INFO - Processing /home/airflow/.local/lib/python3.7/site-packages/airflow/example_dags/example_params_ui_tutorial.py took 0.227 seconds
[2023-03-28T02:31:38.918+0000] {processor.py:153} INFO - Started process (PID=1680) to work on /home/airflow/.local/lib/python3.7/site-packages/airflow/example_dags/example_params_ui_tutorial.py
[2023-03-28T02:31:38.920+0000] {processor.py:743} INFO - Processing file /home/airflow/.local/lib/python3.7/site-packages/airflow/example_dags/example_params_ui_tutorial.py for tasks to queue
[2023-03-28T02:31:38.921+0000] {logging_mixin.py:137} INFO - [2023-03-28T02:31:38.921+0000] {dagbag.py:532} INFO - Filling up the DagBag from /home/airflow/.local/lib/python3.7/site-packages/airflow/example_dags/example_params_ui_tutorial.py
[2023-03-28T02:31:39.142+0000] {processor.py:753} INFO - DAG(s) dict_keys(['example_params_ui_tutorial']) retrieved from /home/airflow/.local/lib/python3.7/site-packages/airflow/example_dags/example_params_ui_tutorial.py
[2023-03-28T02:31:39.309+0000] {logging_mixin.py:137} INFO - [2023-03-28T02:31:39.309+0000] {dag.py:2693} INFO - Sync 1 DAGs
[2023-03-28T02:31:39.380+0000] {logging_mixin.py:137} INFO - [2023-03-28T02:31:39.380+0000] {dag.py:3444} INFO - Setting next_dagrun for example_params_ui_tutorial to None, run_after=None
[2023-03-28T02:31:39.417+0000] {processor.py:175} INFO - Processing /home/airflow/.local/lib/python3.7/site-packages/airflow/example_dags/example_params_ui_tutorial.py took 0.502 seconds
[2023-03-28T02:32:09.499+0000] {processor.py:153} INFO - Started process (PID=1729) to work on /home/airflow/.local/lib/python3.7/site-packages/airflow/example_dags/example_params_ui_tutorial.py
[2023-03-28T02:32:09.500+0000] {processor.py:743} INFO - Processing file /home/airflow/.local/lib/python3.7/site-packages/airflow/example_dags/example_params_ui_tutorial.py for tasks to queue
[2023-03-28T02:32:09.500+0000] {logging_mixin.py:137} INFO - [2023-03-28T02:32:09.500+0000] {dagbag.py:532} INFO - Filling up the DagBag from /home/airflow/.local/lib/python3.7/site-packages/airflow/example_dags/example_params_ui_tutorial.py
[2023-03-28T02:32:09.580+0000] {processor.py:753} INFO - DAG(s) dict_keys(['example_params_ui_tutorial']) retrieved from /home/airflow/.local/lib/python3.7/site-packages/airflow/example_dags/example_params_ui_tutorial.py
[2023-03-28T02:32:09.671+0000] {logging_mixin.py:137} INFO - [2023-03-28T02:32:09.670+0000] {dag.py:2693} INFO - Sync 1 DAGs
[2023-03-28T02:32:09.702+0000] {logging_mixin.py:137} INFO - [2023-03-28T02:32:09.702+0000] {dag.py:3444} INFO - Setting next_dagrun for example_params_ui_tutorial to None, run_after=None
[2023-03-28T02:32:09.724+0000] {processor.py:175} INFO - Processing /home/airflow/.local/lib/python3.7/site-packages/airflow/example_dags/example_params_ui_tutorial.py took 0.229 seconds
[2023-03-28T02:32:40.497+0000] {processor.py:153} INFO - Started process (PID=1778) to work on /home/airflow/.local/lib/python3.7/site-packages/airflow/example_dags/example_params_ui_tutorial.py
[2023-03-28T02:32:40.498+0000] {processor.py:743} INFO - Processing file /home/airflow/.local/lib/python3.7/site-packages/airflow/example_dags/example_params_ui_tutorial.py for tasks to queue
[2023-03-28T02:32:40.499+0000] {logging_mixin.py:137} INFO - [2023-03-28T02:32:40.499+0000] {dagbag.py:532} INFO - Filling up the DagBag from /home/airflow/.local/lib/python3.7/site-packages/airflow/example_dags/example_params_ui_tutorial.py
[2023-03-28T02:32:40.590+0000] {processor.py:753} INFO - DAG(s) dict_keys(['example_params_ui_tutorial']) retrieved from /home/airflow/.local/lib/python3.7/site-packages/airflow/example_dags/example_params_ui_tutorial.py
[2023-03-28T02:32:40.724+0000] {logging_mixin.py:137} INFO - [2023-03-28T02:32:40.724+0000] {dag.py:2693} INFO - Sync 1 DAGs
[2023-03-28T02:32:40.758+0000] {logging_mixin.py:137} INFO - [2023-03-28T02:32:40.758+0000] {dag.py:3444} INFO - Setting next_dagrun for example_params_ui_tutorial to None, run_after=None
[2023-03-28T02:32:40.782+0000] {processor.py:175} INFO - Processing /home/airflow/.local/lib/python3.7/site-packages/airflow/example_dags/example_params_ui_tutorial.py took 0.290 seconds
[2023-03-28T02:33:11.286+0000] {processor.py:153} INFO - Started process (PID=1827) to work on /home/airflow/.local/lib/python3.7/site-packages/airflow/example_dags/example_params_ui_tutorial.py
[2023-03-28T02:33:11.287+0000] {processor.py:743} INFO - Processing file /home/airflow/.local/lib/python3.7/site-packages/airflow/example_dags/example_params_ui_tutorial.py for tasks to queue
[2023-03-28T02:33:11.287+0000] {logging_mixin.py:137} INFO - [2023-03-28T02:33:11.287+0000] {dagbag.py:532} INFO - Filling up the DagBag from /home/airflow/.local/lib/python3.7/site-packages/airflow/example_dags/example_params_ui_tutorial.py
[2023-03-28T02:33:11.357+0000] {processor.py:753} INFO - DAG(s) dict_keys(['example_params_ui_tutorial']) retrieved from /home/airflow/.local/lib/python3.7/site-packages/airflow/example_dags/example_params_ui_tutorial.py
[2023-03-28T02:33:11.451+0000] {logging_mixin.py:137} INFO - [2023-03-28T02:33:11.451+0000] {dag.py:2693} INFO - Sync 1 DAGs
[2023-03-28T02:33:11.482+0000] {logging_mixin.py:137} INFO - [2023-03-28T02:33:11.482+0000] {dag.py:3444} INFO - Setting next_dagrun for example_params_ui_tutorial to None, run_after=None
[2023-03-28T02:33:11.503+0000] {processor.py:175} INFO - Processing /home/airflow/.local/lib/python3.7/site-packages/airflow/example_dags/example_params_ui_tutorial.py took 0.221 seconds
[2023-03-28T02:33:41.664+0000] {processor.py:153} INFO - Started process (PID=1875) to work on /home/airflow/.local/lib/python3.7/site-packages/airflow/example_dags/example_params_ui_tutorial.py
[2023-03-28T02:33:41.666+0000] {processor.py:743} INFO - Processing file /home/airflow/.local/lib/python3.7/site-packages/airflow/example_dags/example_params_ui_tutorial.py for tasks to queue
[2023-03-28T02:33:41.667+0000] {logging_mixin.py:137} INFO - [2023-03-28T02:33:41.666+0000] {dagbag.py:532} INFO - Filling up the DagBag from /home/airflow/.local/lib/python3.7/site-packages/airflow/example_dags/example_params_ui_tutorial.py
[2023-03-28T02:33:41.769+0000] {processor.py:753} INFO - DAG(s) dict_keys(['example_params_ui_tutorial']) retrieved from /home/airflow/.local/lib/python3.7/site-packages/airflow/example_dags/example_params_ui_tutorial.py
[2023-03-28T02:33:41.859+0000] {logging_mixin.py:137} INFO - [2023-03-28T02:33:41.858+0000] {dag.py:2693} INFO - Sync 1 DAGs
[2023-03-28T02:33:41.917+0000] {logging_mixin.py:137} INFO - [2023-03-28T02:33:41.917+0000] {dag.py:3444} INFO - Setting next_dagrun for example_params_ui_tutorial to None, run_after=None
[2023-03-28T02:33:41.958+0000] {processor.py:175} INFO - Processing /home/airflow/.local/lib/python3.7/site-packages/airflow/example_dags/example_params_ui_tutorial.py took 0.307 seconds
[2023-03-28T02:34:12.133+0000] {processor.py:153} INFO - Started process (PID=1924) to work on /home/airflow/.local/lib/python3.7/site-packages/airflow/example_dags/example_params_ui_tutorial.py
[2023-03-28T02:34:12.134+0000] {processor.py:743} INFO - Processing file /home/airflow/.local/lib/python3.7/site-packages/airflow/example_dags/example_params_ui_tutorial.py for tasks to queue
[2023-03-28T02:34:12.135+0000] {logging_mixin.py:137} INFO - [2023-03-28T02:34:12.134+0000] {dagbag.py:532} INFO - Filling up the DagBag from /home/airflow/.local/lib/python3.7/site-packages/airflow/example_dags/example_params_ui_tutorial.py
[2023-03-28T02:34:12.205+0000] {processor.py:753} INFO - DAG(s) dict_keys(['example_params_ui_tutorial']) retrieved from /home/airflow/.local/lib/python3.7/site-packages/airflow/example_dags/example_params_ui_tutorial.py
[2023-03-28T02:34:12.300+0000] {logging_mixin.py:137} INFO - [2023-03-28T02:34:12.300+0000] {dag.py:2693} INFO - Sync 1 DAGs
[2023-03-28T02:34:12.332+0000] {logging_mixin.py:137} INFO - [2023-03-28T02:34:12.332+0000] {dag.py:3444} INFO - Setting next_dagrun for example_params_ui_tutorial to None, run_after=None
[2023-03-28T02:34:12.353+0000] {processor.py:175} INFO - Processing /home/airflow/.local/lib/python3.7/site-packages/airflow/example_dags/example_params_ui_tutorial.py took 0.224 seconds
[2023-03-28T02:34:42.830+0000] {processor.py:153} INFO - Started process (PID=1972) to work on /home/airflow/.local/lib/python3.7/site-packages/airflow/example_dags/example_params_ui_tutorial.py
[2023-03-28T02:34:42.831+0000] {processor.py:743} INFO - Processing file /home/airflow/.local/lib/python3.7/site-packages/airflow/example_dags/example_params_ui_tutorial.py for tasks to queue
[2023-03-28T02:34:42.832+0000] {logging_mixin.py:137} INFO - [2023-03-28T02:34:42.832+0000] {dagbag.py:532} INFO - Filling up the DagBag from /home/airflow/.local/lib/python3.7/site-packages/airflow/example_dags/example_params_ui_tutorial.py
[2023-03-28T02:34:42.902+0000] {processor.py:753} INFO - DAG(s) dict_keys(['example_params_ui_tutorial']) retrieved from /home/airflow/.local/lib/python3.7/site-packages/airflow/example_dags/example_params_ui_tutorial.py
[2023-03-28T02:34:42.987+0000] {logging_mixin.py:137} INFO - [2023-03-28T02:34:42.987+0000] {dag.py:2693} INFO - Sync 1 DAGs
[2023-03-28T02:34:43.019+0000] {logging_mixin.py:137} INFO - [2023-03-28T02:34:43.019+0000] {dag.py:3444} INFO - Setting next_dagrun for example_params_ui_tutorial to None, run_after=None
[2023-03-28T02:34:43.040+0000] {processor.py:175} INFO - Processing /home/airflow/.local/lib/python3.7/site-packages/airflow/example_dags/example_params_ui_tutorial.py took 0.215 seconds
[2023-03-28T02:35:13.106+0000] {processor.py:153} INFO - Started process (PID=2021) to work on /home/airflow/.local/lib/python3.7/site-packages/airflow/example_dags/example_params_ui_tutorial.py
[2023-03-28T02:35:13.108+0000] {processor.py:743} INFO - Processing file /home/airflow/.local/lib/python3.7/site-packages/airflow/example_dags/example_params_ui_tutorial.py for tasks to queue
[2023-03-28T02:35:13.108+0000] {logging_mixin.py:137} INFO - [2023-03-28T02:35:13.108+0000] {dagbag.py:532} INFO - Filling up the DagBag from /home/airflow/.local/lib/python3.7/site-packages/airflow/example_dags/example_params_ui_tutorial.py
[2023-03-28T02:35:13.179+0000] {processor.py:753} INFO - DAG(s) dict_keys(['example_params_ui_tutorial']) retrieved from /home/airflow/.local/lib/python3.7/site-packages/airflow/example_dags/example_params_ui_tutorial.py
[2023-03-28T02:35:13.267+0000] {logging_mixin.py:137} INFO - [2023-03-28T02:35:13.267+0000] {dag.py:2693} INFO - Sync 1 DAGs
[2023-03-28T02:35:13.301+0000] {logging_mixin.py:137} INFO - [2023-03-28T02:35:13.301+0000] {dag.py:3444} INFO - Setting next_dagrun for example_params_ui_tutorial to None, run_after=None
[2023-03-28T02:35:13.322+0000] {processor.py:175} INFO - Processing /home/airflow/.local/lib/python3.7/site-packages/airflow/example_dags/example_params_ui_tutorial.py took 0.220 seconds
[2023-03-28T02:35:43.382+0000] {processor.py:153} INFO - Started process (PID=2069) to work on /home/airflow/.local/lib/python3.7/site-packages/airflow/example_dags/example_params_ui_tutorial.py
[2023-03-28T02:35:43.383+0000] {processor.py:743} INFO - Processing file /home/airflow/.local/lib/python3.7/site-packages/airflow/example_dags/example_params_ui_tutorial.py for tasks to queue
[2023-03-28T02:35:43.383+0000] {logging_mixin.py:137} INFO - [2023-03-28T02:35:43.383+0000] {dagbag.py:532} INFO - Filling up the DagBag from /home/airflow/.local/lib/python3.7/site-packages/airflow/example_dags/example_params_ui_tutorial.py
[2023-03-28T02:35:43.461+0000] {processor.py:753} INFO - DAG(s) dict_keys(['example_params_ui_tutorial']) retrieved from /home/airflow/.local/lib/python3.7/site-packages/airflow/example_dags/example_params_ui_tutorial.py
[2023-03-28T02:35:43.550+0000] {logging_mixin.py:137} INFO - [2023-03-28T02:35:43.550+0000] {dag.py:2693} INFO - Sync 1 DAGs
[2023-03-28T02:35:43.582+0000] {logging_mixin.py:137} INFO - [2023-03-28T02:35:43.581+0000] {dag.py:3444} INFO - Setting next_dagrun for example_params_ui_tutorial to None, run_after=None
[2023-03-28T02:35:43.604+0000] {processor.py:175} INFO - Processing /home/airflow/.local/lib/python3.7/site-packages/airflow/example_dags/example_params_ui_tutorial.py took 0.226 seconds
[2023-03-28T02:36:13.681+0000] {processor.py:153} INFO - Started process (PID=2118) to work on /home/airflow/.local/lib/python3.7/site-packages/airflow/example_dags/example_params_ui_tutorial.py
[2023-03-28T02:36:13.682+0000] {processor.py:743} INFO - Processing file /home/airflow/.local/lib/python3.7/site-packages/airflow/example_dags/example_params_ui_tutorial.py for tasks to queue
[2023-03-28T02:36:13.683+0000] {logging_mixin.py:137} INFO - [2023-03-28T02:36:13.683+0000] {dagbag.py:532} INFO - Filling up the DagBag from /home/airflow/.local/lib/python3.7/site-packages/airflow/example_dags/example_params_ui_tutorial.py
[2023-03-28T02:36:13.784+0000] {processor.py:753} INFO - DAG(s) dict_keys(['example_params_ui_tutorial']) retrieved from /home/airflow/.local/lib/python3.7/site-packages/airflow/example_dags/example_params_ui_tutorial.py
[2023-03-28T02:36:13.874+0000] {logging_mixin.py:137} INFO - [2023-03-28T02:36:13.874+0000] {dag.py:2693} INFO - Sync 1 DAGs
[2023-03-28T02:36:13.908+0000] {logging_mixin.py:137} INFO - [2023-03-28T02:36:13.907+0000] {dag.py:3444} INFO - Setting next_dagrun for example_params_ui_tutorial to None, run_after=None
[2023-03-28T02:36:13.930+0000] {processor.py:175} INFO - Processing /home/airflow/.local/lib/python3.7/site-packages/airflow/example_dags/example_params_ui_tutorial.py took 0.253 seconds
[2023-03-28T02:36:44.274+0000] {processor.py:153} INFO - Started process (PID=2166) to work on /home/airflow/.local/lib/python3.7/site-packages/airflow/example_dags/example_params_ui_tutorial.py
[2023-03-28T02:36:44.275+0000] {processor.py:743} INFO - Processing file /home/airflow/.local/lib/python3.7/site-packages/airflow/example_dags/example_params_ui_tutorial.py for tasks to queue
[2023-03-28T02:36:44.275+0000] {logging_mixin.py:137} INFO - [2023-03-28T02:36:44.275+0000] {dagbag.py:532} INFO - Filling up the DagBag from /home/airflow/.local/lib/python3.7/site-packages/airflow/example_dags/example_params_ui_tutorial.py
[2023-03-28T02:36:44.346+0000] {processor.py:753} INFO - DAG(s) dict_keys(['example_params_ui_tutorial']) retrieved from /home/airflow/.local/lib/python3.7/site-packages/airflow/example_dags/example_params_ui_tutorial.py
[2023-03-28T02:36:44.433+0000] {logging_mixin.py:137} INFO - [2023-03-28T02:36:44.432+0000] {dag.py:2693} INFO - Sync 1 DAGs
[2023-03-28T02:36:44.464+0000] {logging_mixin.py:137} INFO - [2023-03-28T02:36:44.464+0000] {dag.py:3444} INFO - Setting next_dagrun for example_params_ui_tutorial to None, run_after=None
[2023-03-28T02:36:44.487+0000] {processor.py:175} INFO - Processing /home/airflow/.local/lib/python3.7/site-packages/airflow/example_dags/example_params_ui_tutorial.py took 0.217 seconds
