[2023-05-25T14:55:57.555+0000] {processor.py:153} INFO - Started process (PID=58) to work on /home/airflow/.local/lib/python3.7/site-packages/airflow/example_dags/example_skip_dag.py
[2023-05-25T14:55:57.556+0000] {processor.py:743} INFO - Processing file /home/airflow/.local/lib/python3.7/site-packages/airflow/example_dags/example_skip_dag.py for tasks to queue
[2023-05-25T14:55:57.557+0000] {logging_mixin.py:137} INFO - [2023-05-25T14:55:57.556+0000] {dagbag.py:532} INFO - Filling up the DagBag from /home/airflow/.local/lib/python3.7/site-packages/airflow/example_dags/example_skip_dag.py
[2023-05-25T14:55:57.573+0000] {processor.py:753} INFO - DAG(s) dict_keys(['example_skip_dag']) retrieved from /home/airflow/.local/lib/python3.7/site-packages/airflow/example_dags/example_skip_dag.py
[2023-05-25T14:55:57.603+0000] {logging_mixin.py:137} INFO - [2023-05-25T14:55:57.603+0000] {dag.py:2693} INFO - Sync 1 DAGs
[2023-05-25T14:55:57.635+0000] {logging_mixin.py:137} INFO - [2023-05-25T14:55:57.635+0000] {dag.py:3444} INFO - Setting next_dagrun for example_skip_dag to 2023-05-24T14:55:57.634930+00:00, run_after=2023-05-25T14:55:57.634930+00:00
[2023-05-25T14:55:57.656+0000] {processor.py:175} INFO - Processing /home/airflow/.local/lib/python3.7/site-packages/airflow/example_dags/example_skip_dag.py took 0.105 seconds
[2023-05-25T14:56:27.888+0000] {processor.py:153} INFO - Started process (PID=109) to work on /home/airflow/.local/lib/python3.7/site-packages/airflow/example_dags/example_skip_dag.py
[2023-05-25T14:56:27.889+0000] {processor.py:743} INFO - Processing file /home/airflow/.local/lib/python3.7/site-packages/airflow/example_dags/example_skip_dag.py for tasks to queue
[2023-05-25T14:56:27.890+0000] {logging_mixin.py:137} INFO - [2023-05-25T14:56:27.890+0000] {dagbag.py:532} INFO - Filling up the DagBag from /home/airflow/.local/lib/python3.7/site-packages/airflow/example_dags/example_skip_dag.py
[2023-05-25T14:56:27.914+0000] {processor.py:753} INFO - DAG(s) dict_keys(['example_skip_dag']) retrieved from /home/airflow/.local/lib/python3.7/site-packages/airflow/example_dags/example_skip_dag.py
[2023-05-25T14:56:27.947+0000] {logging_mixin.py:137} INFO - [2023-05-25T14:56:27.946+0000] {dag.py:2693} INFO - Sync 1 DAGs
[2023-05-25T14:56:27.977+0000] {logging_mixin.py:137} INFO - [2023-05-25T14:56:27.977+0000] {dag.py:3444} INFO - Setting next_dagrun for example_skip_dag to 2023-05-24T14:56:27.977161+00:00, run_after=2023-05-25T14:56:27.977161+00:00
[2023-05-25T14:56:27.997+0000] {processor.py:175} INFO - Processing /home/airflow/.local/lib/python3.7/site-packages/airflow/example_dags/example_skip_dag.py took 0.113 seconds
[2023-05-25T14:56:58.347+0000] {processor.py:153} INFO - Started process (PID=161) to work on /home/airflow/.local/lib/python3.7/site-packages/airflow/example_dags/example_skip_dag.py
[2023-05-25T14:56:58.351+0000] {processor.py:743} INFO - Processing file /home/airflow/.local/lib/python3.7/site-packages/airflow/example_dags/example_skip_dag.py for tasks to queue
[2023-05-25T14:56:58.355+0000] {logging_mixin.py:137} INFO - [2023-05-25T14:56:58.354+0000] {dagbag.py:532} INFO - Filling up the DagBag from /home/airflow/.local/lib/python3.7/site-packages/airflow/example_dags/example_skip_dag.py
[2023-05-25T14:56:58.376+0000] {processor.py:753} INFO - DAG(s) dict_keys(['example_skip_dag']) retrieved from /home/airflow/.local/lib/python3.7/site-packages/airflow/example_dags/example_skip_dag.py
[2023-05-25T14:56:58.406+0000] {logging_mixin.py:137} INFO - [2023-05-25T14:56:58.405+0000] {dag.py:2693} INFO - Sync 1 DAGs
[2023-05-25T14:56:58.436+0000] {logging_mixin.py:137} INFO - [2023-05-25T14:56:58.436+0000] {dag.py:3444} INFO - Setting next_dagrun for example_skip_dag to 2023-05-24T14:56:58.436318+00:00, run_after=2023-05-25T14:56:58.436318+00:00
[2023-05-25T14:56:58.457+0000] {processor.py:175} INFO - Processing /home/airflow/.local/lib/python3.7/site-packages/airflow/example_dags/example_skip_dag.py took 0.113 seconds
[2023-05-25T14:57:28.807+0000] {processor.py:153} INFO - Started process (PID=213) to work on /home/airflow/.local/lib/python3.7/site-packages/airflow/example_dags/example_skip_dag.py
[2023-05-25T14:57:28.808+0000] {processor.py:743} INFO - Processing file /home/airflow/.local/lib/python3.7/site-packages/airflow/example_dags/example_skip_dag.py for tasks to queue
[2023-05-25T14:57:28.809+0000] {logging_mixin.py:137} INFO - [2023-05-25T14:57:28.808+0000] {dagbag.py:532} INFO - Filling up the DagBag from /home/airflow/.local/lib/python3.7/site-packages/airflow/example_dags/example_skip_dag.py
[2023-05-25T14:57:28.828+0000] {processor.py:753} INFO - DAG(s) dict_keys(['example_skip_dag']) retrieved from /home/airflow/.local/lib/python3.7/site-packages/airflow/example_dags/example_skip_dag.py
[2023-05-25T14:57:28.857+0000] {logging_mixin.py:137} INFO - [2023-05-25T14:57:28.857+0000] {dag.py:2693} INFO - Sync 1 DAGs
[2023-05-25T14:57:28.889+0000] {logging_mixin.py:137} INFO - [2023-05-25T14:57:28.888+0000] {dag.py:3444} INFO - Setting next_dagrun for example_skip_dag to 2023-05-24T14:57:28.888544+00:00, run_after=2023-05-25T14:57:28.888544+00:00
[2023-05-25T14:57:28.910+0000] {processor.py:175} INFO - Processing /home/airflow/.local/lib/python3.7/site-packages/airflow/example_dags/example_skip_dag.py took 0.114 seconds
[2023-05-25T14:57:59.350+0000] {processor.py:153} INFO - Started process (PID=265) to work on /home/airflow/.local/lib/python3.7/site-packages/airflow/example_dags/example_skip_dag.py
[2023-05-25T14:57:59.352+0000] {processor.py:743} INFO - Processing file /home/airflow/.local/lib/python3.7/site-packages/airflow/example_dags/example_skip_dag.py for tasks to queue
[2023-05-25T14:57:59.353+0000] {logging_mixin.py:137} INFO - [2023-05-25T14:57:59.352+0000] {dagbag.py:532} INFO - Filling up the DagBag from /home/airflow/.local/lib/python3.7/site-packages/airflow/example_dags/example_skip_dag.py
[2023-05-25T14:57:59.370+0000] {processor.py:753} INFO - DAG(s) dict_keys(['example_skip_dag']) retrieved from /home/airflow/.local/lib/python3.7/site-packages/airflow/example_dags/example_skip_dag.py
[2023-05-25T14:57:59.400+0000] {logging_mixin.py:137} INFO - [2023-05-25T14:57:59.400+0000] {dag.py:2693} INFO - Sync 1 DAGs
[2023-05-25T14:57:59.432+0000] {logging_mixin.py:137} INFO - [2023-05-25T14:57:59.432+0000] {dag.py:3444} INFO - Setting next_dagrun for example_skip_dag to 2023-05-24T14:57:59.431941+00:00, run_after=2023-05-25T14:57:59.431941+00:00
[2023-05-25T14:57:59.452+0000] {processor.py:175} INFO - Processing /home/airflow/.local/lib/python3.7/site-packages/airflow/example_dags/example_skip_dag.py took 0.113 seconds
[2023-05-25T14:58:29.713+0000] {processor.py:153} INFO - Started process (PID=316) to work on /home/airflow/.local/lib/python3.7/site-packages/airflow/example_dags/example_skip_dag.py
[2023-05-25T14:58:29.714+0000] {processor.py:743} INFO - Processing file /home/airflow/.local/lib/python3.7/site-packages/airflow/example_dags/example_skip_dag.py for tasks to queue
[2023-05-25T14:58:29.715+0000] {logging_mixin.py:137} INFO - [2023-05-25T14:58:29.714+0000] {dagbag.py:532} INFO - Filling up the DagBag from /home/airflow/.local/lib/python3.7/site-packages/airflow/example_dags/example_skip_dag.py
[2023-05-25T14:58:29.731+0000] {processor.py:753} INFO - DAG(s) dict_keys(['example_skip_dag']) retrieved from /home/airflow/.local/lib/python3.7/site-packages/airflow/example_dags/example_skip_dag.py
[2023-05-25T14:58:29.762+0000] {logging_mixin.py:137} INFO - [2023-05-25T14:58:29.762+0000] {dag.py:2693} INFO - Sync 1 DAGs
[2023-05-25T14:58:29.792+0000] {logging_mixin.py:137} INFO - [2023-05-25T14:58:29.792+0000] {dag.py:3444} INFO - Setting next_dagrun for example_skip_dag to 2023-05-24T14:58:29.792181+00:00, run_after=2023-05-25T14:58:29.792181+00:00
[2023-05-25T14:58:29.813+0000] {processor.py:175} INFO - Processing /home/airflow/.local/lib/python3.7/site-packages/airflow/example_dags/example_skip_dag.py took 0.104 seconds
[2023-05-25T14:59:00.087+0000] {processor.py:153} INFO - Started process (PID=368) to work on /home/airflow/.local/lib/python3.7/site-packages/airflow/example_dags/example_skip_dag.py
[2023-05-25T14:59:00.089+0000] {processor.py:743} INFO - Processing file /home/airflow/.local/lib/python3.7/site-packages/airflow/example_dags/example_skip_dag.py for tasks to queue
[2023-05-25T14:59:00.089+0000] {logging_mixin.py:137} INFO - [2023-05-25T14:59:00.089+0000] {dagbag.py:532} INFO - Filling up the DagBag from /home/airflow/.local/lib/python3.7/site-packages/airflow/example_dags/example_skip_dag.py
[2023-05-25T14:59:00.107+0000] {processor.py:753} INFO - DAG(s) dict_keys(['example_skip_dag']) retrieved from /home/airflow/.local/lib/python3.7/site-packages/airflow/example_dags/example_skip_dag.py
[2023-05-25T14:59:00.137+0000] {logging_mixin.py:137} INFO - [2023-05-25T14:59:00.137+0000] {dag.py:2693} INFO - Sync 1 DAGs
[2023-05-25T14:59:00.168+0000] {logging_mixin.py:137} INFO - [2023-05-25T14:59:00.168+0000] {dag.py:3444} INFO - Setting next_dagrun for example_skip_dag to 2023-05-24T14:59:00.168311+00:00, run_after=2023-05-25T14:59:00.168311+00:00
[2023-05-25T14:59:00.189+0000] {processor.py:175} INFO - Processing /home/airflow/.local/lib/python3.7/site-packages/airflow/example_dags/example_skip_dag.py took 0.105 seconds
[2023-05-25T14:59:30.685+0000] {processor.py:153} INFO - Started process (PID=420) to work on /home/airflow/.local/lib/python3.7/site-packages/airflow/example_dags/example_skip_dag.py
[2023-05-25T14:59:30.686+0000] {processor.py:743} INFO - Processing file /home/airflow/.local/lib/python3.7/site-packages/airflow/example_dags/example_skip_dag.py for tasks to queue
[2023-05-25T14:59:30.687+0000] {logging_mixin.py:137} INFO - [2023-05-25T14:59:30.686+0000] {dagbag.py:532} INFO - Filling up the DagBag from /home/airflow/.local/lib/python3.7/site-packages/airflow/example_dags/example_skip_dag.py
[2023-05-25T14:59:30.702+0000] {processor.py:753} INFO - DAG(s) dict_keys(['example_skip_dag']) retrieved from /home/airflow/.local/lib/python3.7/site-packages/airflow/example_dags/example_skip_dag.py
[2023-05-25T14:59:30.732+0000] {logging_mixin.py:137} INFO - [2023-05-25T14:59:30.732+0000] {dag.py:2693} INFO - Sync 1 DAGs
[2023-05-25T14:59:30.762+0000] {logging_mixin.py:137} INFO - [2023-05-25T14:59:30.762+0000] {dag.py:3444} INFO - Setting next_dagrun for example_skip_dag to 2023-05-24T14:59:30.762118+00:00, run_after=2023-05-25T14:59:30.762118+00:00
[2023-05-25T14:59:30.784+0000] {processor.py:175} INFO - Processing /home/airflow/.local/lib/python3.7/site-packages/airflow/example_dags/example_skip_dag.py took 0.102 seconds
[2023-05-25T15:00:01.536+0000] {processor.py:153} INFO - Started process (PID=472) to work on /home/airflow/.local/lib/python3.7/site-packages/airflow/example_dags/example_skip_dag.py
[2023-05-25T15:00:01.538+0000] {processor.py:743} INFO - Processing file /home/airflow/.local/lib/python3.7/site-packages/airflow/example_dags/example_skip_dag.py for tasks to queue
[2023-05-25T15:00:01.538+0000] {logging_mixin.py:137} INFO - [2023-05-25T15:00:01.538+0000] {dagbag.py:532} INFO - Filling up the DagBag from /home/airflow/.local/lib/python3.7/site-packages/airflow/example_dags/example_skip_dag.py
[2023-05-25T15:00:01.555+0000] {processor.py:753} INFO - DAG(s) dict_keys(['example_skip_dag']) retrieved from /home/airflow/.local/lib/python3.7/site-packages/airflow/example_dags/example_skip_dag.py
[2023-05-25T15:00:01.600+0000] {logging_mixin.py:137} INFO - [2023-05-25T15:00:01.599+0000] {dag.py:2693} INFO - Sync 1 DAGs
[2023-05-25T15:00:01.631+0000] {logging_mixin.py:137} INFO - [2023-05-25T15:00:01.631+0000] {dag.py:3444} INFO - Setting next_dagrun for example_skip_dag to 2023-05-24T15:00:01.631028+00:00, run_after=2023-05-25T15:00:01.631028+00:00
[2023-05-25T15:00:01.660+0000] {processor.py:175} INFO - Processing /home/airflow/.local/lib/python3.7/site-packages/airflow/example_dags/example_skip_dag.py took 0.128 seconds
[2023-05-25T15:00:32.267+0000] {processor.py:153} INFO - Started process (PID=524) to work on /home/airflow/.local/lib/python3.7/site-packages/airflow/example_dags/example_skip_dag.py
[2023-05-25T15:00:32.268+0000] {processor.py:743} INFO - Processing file /home/airflow/.local/lib/python3.7/site-packages/airflow/example_dags/example_skip_dag.py for tasks to queue
[2023-05-25T15:00:32.269+0000] {logging_mixin.py:137} INFO - [2023-05-25T15:00:32.268+0000] {dagbag.py:532} INFO - Filling up the DagBag from /home/airflow/.local/lib/python3.7/site-packages/airflow/example_dags/example_skip_dag.py
[2023-05-25T15:00:32.285+0000] {processor.py:753} INFO - DAG(s) dict_keys(['example_skip_dag']) retrieved from /home/airflow/.local/lib/python3.7/site-packages/airflow/example_dags/example_skip_dag.py
[2023-05-25T15:00:32.317+0000] {logging_mixin.py:137} INFO - [2023-05-25T15:00:32.317+0000] {dag.py:2693} INFO - Sync 1 DAGs
[2023-05-25T15:00:32.349+0000] {logging_mixin.py:137} INFO - [2023-05-25T15:00:32.349+0000] {dag.py:3444} INFO - Setting next_dagrun for example_skip_dag to 2023-05-24T15:00:32.348970+00:00, run_after=2023-05-25T15:00:32.348970+00:00
[2023-05-25T15:00:32.370+0000] {processor.py:175} INFO - Processing /home/airflow/.local/lib/python3.7/site-packages/airflow/example_dags/example_skip_dag.py took 0.107 seconds
[2023-05-25T15:01:03.199+0000] {processor.py:153} INFO - Started process (PID=574) to work on /home/airflow/.local/lib/python3.7/site-packages/airflow/example_dags/example_skip_dag.py
[2023-05-25T15:01:03.203+0000] {processor.py:743} INFO - Processing file /home/airflow/.local/lib/python3.7/site-packages/airflow/example_dags/example_skip_dag.py for tasks to queue
[2023-05-25T15:01:03.206+0000] {logging_mixin.py:137} INFO - [2023-05-25T15:01:03.206+0000] {dagbag.py:532} INFO - Filling up the DagBag from /home/airflow/.local/lib/python3.7/site-packages/airflow/example_dags/example_skip_dag.py
[2023-05-25T15:01:03.243+0000] {processor.py:753} INFO - DAG(s) dict_keys(['example_skip_dag']) retrieved from /home/airflow/.local/lib/python3.7/site-packages/airflow/example_dags/example_skip_dag.py
[2023-05-25T15:01:03.285+0000] {logging_mixin.py:137} INFO - [2023-05-25T15:01:03.285+0000] {dag.py:2693} INFO - Sync 1 DAGs
[2023-05-25T15:01:03.315+0000] {logging_mixin.py:137} INFO - [2023-05-25T15:01:03.315+0000] {dag.py:3444} INFO - Setting next_dagrun for example_skip_dag to 2023-05-24T15:01:03.315336+00:00, run_after=2023-05-25T15:01:03.315336+00:00
[2023-05-25T15:01:03.364+0000] {processor.py:175} INFO - Processing /home/airflow/.local/lib/python3.7/site-packages/airflow/example_dags/example_skip_dag.py took 0.169 seconds
[2023-05-25T15:01:33.527+0000] {processor.py:153} INFO - Started process (PID=626) to work on /home/airflow/.local/lib/python3.7/site-packages/airflow/example_dags/example_skip_dag.py
[2023-05-25T15:01:33.529+0000] {processor.py:743} INFO - Processing file /home/airflow/.local/lib/python3.7/site-packages/airflow/example_dags/example_skip_dag.py for tasks to queue
[2023-05-25T15:01:33.530+0000] {logging_mixin.py:137} INFO - [2023-05-25T15:01:33.530+0000] {dagbag.py:532} INFO - Filling up the DagBag from /home/airflow/.local/lib/python3.7/site-packages/airflow/example_dags/example_skip_dag.py
[2023-05-25T15:01:33.552+0000] {processor.py:753} INFO - DAG(s) dict_keys(['example_skip_dag']) retrieved from /home/airflow/.local/lib/python3.7/site-packages/airflow/example_dags/example_skip_dag.py
[2023-05-25T15:01:33.613+0000] {logging_mixin.py:137} INFO - [2023-05-25T15:01:33.613+0000] {dag.py:2693} INFO - Sync 1 DAGs
[2023-05-25T15:01:33.689+0000] {logging_mixin.py:137} INFO - [2023-05-25T15:01:33.689+0000] {dag.py:3444} INFO - Setting next_dagrun for example_skip_dag to 2023-05-24T15:01:33.688964+00:00, run_after=2023-05-25T15:01:33.688964+00:00
[2023-05-25T15:01:33.755+0000] {processor.py:175} INFO - Processing /home/airflow/.local/lib/python3.7/site-packages/airflow/example_dags/example_skip_dag.py took 0.231 seconds
[2023-05-25T15:02:03.985+0000] {processor.py:153} INFO - Started process (PID=684) to work on /home/airflow/.local/lib/python3.7/site-packages/airflow/example_dags/example_skip_dag.py
[2023-05-25T15:02:03.986+0000] {processor.py:743} INFO - Processing file /home/airflow/.local/lib/python3.7/site-packages/airflow/example_dags/example_skip_dag.py for tasks to queue
[2023-05-25T15:02:03.987+0000] {logging_mixin.py:137} INFO - [2023-05-25T15:02:03.987+0000] {dagbag.py:532} INFO - Filling up the DagBag from /home/airflow/.local/lib/python3.7/site-packages/airflow/example_dags/example_skip_dag.py
[2023-05-25T15:02:04.003+0000] {processor.py:753} INFO - DAG(s) dict_keys(['example_skip_dag']) retrieved from /home/airflow/.local/lib/python3.7/site-packages/airflow/example_dags/example_skip_dag.py
[2023-05-25T15:02:04.040+0000] {logging_mixin.py:137} INFO - [2023-05-25T15:02:04.040+0000] {dag.py:2693} INFO - Sync 1 DAGs
[2023-05-25T15:02:04.070+0000] {logging_mixin.py:137} INFO - [2023-05-25T15:02:04.070+0000] {dag.py:3444} INFO - Setting next_dagrun for example_skip_dag to 2023-05-24T15:02:04.070317+00:00, run_after=2023-05-25T15:02:04.070317+00:00
[2023-05-25T15:02:04.090+0000] {processor.py:175} INFO - Processing /home/airflow/.local/lib/python3.7/site-packages/airflow/example_dags/example_skip_dag.py took 0.109 seconds
[2023-05-25T15:02:34.600+0000] {processor.py:153} INFO - Started process (PID=736) to work on /home/airflow/.local/lib/python3.7/site-packages/airflow/example_dags/example_skip_dag.py
[2023-05-25T15:02:34.602+0000] {processor.py:743} INFO - Processing file /home/airflow/.local/lib/python3.7/site-packages/airflow/example_dags/example_skip_dag.py for tasks to queue
[2023-05-25T15:02:34.602+0000] {logging_mixin.py:137} INFO - [2023-05-25T15:02:34.602+0000] {dagbag.py:532} INFO - Filling up the DagBag from /home/airflow/.local/lib/python3.7/site-packages/airflow/example_dags/example_skip_dag.py
[2023-05-25T15:02:34.618+0000] {processor.py:753} INFO - DAG(s) dict_keys(['example_skip_dag']) retrieved from /home/airflow/.local/lib/python3.7/site-packages/airflow/example_dags/example_skip_dag.py
[2023-05-25T15:02:34.649+0000] {logging_mixin.py:137} INFO - [2023-05-25T15:02:34.649+0000] {dag.py:2693} INFO - Sync 1 DAGs
[2023-05-25T15:02:34.679+0000] {logging_mixin.py:137} INFO - [2023-05-25T15:02:34.679+0000] {dag.py:3444} INFO - Setting next_dagrun for example_skip_dag to 2023-05-24T15:02:34.679041+00:00, run_after=2023-05-25T15:02:34.679041+00:00
[2023-05-25T15:02:34.700+0000] {processor.py:175} INFO - Processing /home/airflow/.local/lib/python3.7/site-packages/airflow/example_dags/example_skip_dag.py took 0.103 seconds
[2023-05-25T15:03:05.179+0000] {processor.py:153} INFO - Started process (PID=788) to work on /home/airflow/.local/lib/python3.7/site-packages/airflow/example_dags/example_skip_dag.py
[2023-05-25T15:03:05.180+0000] {processor.py:743} INFO - Processing file /home/airflow/.local/lib/python3.7/site-packages/airflow/example_dags/example_skip_dag.py for tasks to queue
[2023-05-25T15:03:05.181+0000] {logging_mixin.py:137} INFO - [2023-05-25T15:03:05.180+0000] {dagbag.py:532} INFO - Filling up the DagBag from /home/airflow/.local/lib/python3.7/site-packages/airflow/example_dags/example_skip_dag.py
[2023-05-25T15:03:05.197+0000] {processor.py:753} INFO - DAG(s) dict_keys(['example_skip_dag']) retrieved from /home/airflow/.local/lib/python3.7/site-packages/airflow/example_dags/example_skip_dag.py
[2023-05-25T15:03:05.226+0000] {logging_mixin.py:137} INFO - [2023-05-25T15:03:05.226+0000] {dag.py:2693} INFO - Sync 1 DAGs
[2023-05-25T15:03:05.257+0000] {logging_mixin.py:137} INFO - [2023-05-25T15:03:05.256+0000] {dag.py:3444} INFO - Setting next_dagrun for example_skip_dag to 2023-05-24T15:03:05.256355+00:00, run_after=2023-05-25T15:03:05.256355+00:00
[2023-05-25T15:03:05.279+0000] {processor.py:175} INFO - Processing /home/airflow/.local/lib/python3.7/site-packages/airflow/example_dags/example_skip_dag.py took 0.104 seconds
[2023-05-25T15:03:35.848+0000] {processor.py:153} INFO - Started process (PID=840) to work on /home/airflow/.local/lib/python3.7/site-packages/airflow/example_dags/example_skip_dag.py
[2023-05-25T15:03:35.850+0000] {processor.py:743} INFO - Processing file /home/airflow/.local/lib/python3.7/site-packages/airflow/example_dags/example_skip_dag.py for tasks to queue
[2023-05-25T15:03:35.850+0000] {logging_mixin.py:137} INFO - [2023-05-25T15:03:35.850+0000] {dagbag.py:532} INFO - Filling up the DagBag from /home/airflow/.local/lib/python3.7/site-packages/airflow/example_dags/example_skip_dag.py
[2023-05-25T15:03:35.866+0000] {processor.py:753} INFO - DAG(s) dict_keys(['example_skip_dag']) retrieved from /home/airflow/.local/lib/python3.7/site-packages/airflow/example_dags/example_skip_dag.py
[2023-05-25T15:03:35.897+0000] {logging_mixin.py:137} INFO - [2023-05-25T15:03:35.897+0000] {dag.py:2693} INFO - Sync 1 DAGs
[2023-05-25T15:03:35.928+0000] {logging_mixin.py:137} INFO - [2023-05-25T15:03:35.928+0000] {dag.py:3444} INFO - Setting next_dagrun for example_skip_dag to 2023-05-24T15:03:35.927797+00:00, run_after=2023-05-25T15:03:35.927797+00:00
[2023-05-25T15:03:35.949+0000] {processor.py:175} INFO - Processing /home/airflow/.local/lib/python3.7/site-packages/airflow/example_dags/example_skip_dag.py took 0.104 seconds
[2023-05-25T15:04:06.502+0000] {processor.py:153} INFO - Started process (PID=893) to work on /home/airflow/.local/lib/python3.7/site-packages/airflow/example_dags/example_skip_dag.py
[2023-05-25T15:04:06.503+0000] {processor.py:743} INFO - Processing file /home/airflow/.local/lib/python3.7/site-packages/airflow/example_dags/example_skip_dag.py for tasks to queue
[2023-05-25T15:04:06.504+0000] {logging_mixin.py:137} INFO - [2023-05-25T15:04:06.504+0000] {dagbag.py:532} INFO - Filling up the DagBag from /home/airflow/.local/lib/python3.7/site-packages/airflow/example_dags/example_skip_dag.py
[2023-05-25T15:04:06.520+0000] {processor.py:753} INFO - DAG(s) dict_keys(['example_skip_dag']) retrieved from /home/airflow/.local/lib/python3.7/site-packages/airflow/example_dags/example_skip_dag.py
[2023-05-25T15:04:06.550+0000] {logging_mixin.py:137} INFO - [2023-05-25T15:04:06.550+0000] {dag.py:2693} INFO - Sync 1 DAGs
[2023-05-25T15:04:06.582+0000] {logging_mixin.py:137} INFO - [2023-05-25T15:04:06.582+0000] {dag.py:3444} INFO - Setting next_dagrun for example_skip_dag to 2023-05-24T15:04:06.582010+00:00, run_after=2023-05-25T15:04:06.582010+00:00
[2023-05-25T15:04:06.611+0000] {processor.py:175} INFO - Processing /home/airflow/.local/lib/python3.7/site-packages/airflow/example_dags/example_skip_dag.py took 0.112 seconds
[2023-05-25T15:04:36.918+0000] {processor.py:153} INFO - Started process (PID=945) to work on /home/airflow/.local/lib/python3.7/site-packages/airflow/example_dags/example_skip_dag.py
[2023-05-25T15:04:36.919+0000] {processor.py:743} INFO - Processing file /home/airflow/.local/lib/python3.7/site-packages/airflow/example_dags/example_skip_dag.py for tasks to queue
[2023-05-25T15:04:36.919+0000] {logging_mixin.py:137} INFO - [2023-05-25T15:04:36.919+0000] {dagbag.py:532} INFO - Filling up the DagBag from /home/airflow/.local/lib/python3.7/site-packages/airflow/example_dags/example_skip_dag.py
[2023-05-25T15:04:36.935+0000] {processor.py:753} INFO - DAG(s) dict_keys(['example_skip_dag']) retrieved from /home/airflow/.local/lib/python3.7/site-packages/airflow/example_dags/example_skip_dag.py
[2023-05-25T15:04:36.965+0000] {logging_mixin.py:137} INFO - [2023-05-25T15:04:36.965+0000] {dag.py:2693} INFO - Sync 1 DAGs
[2023-05-25T15:04:36.996+0000] {logging_mixin.py:137} INFO - [2023-05-25T15:04:36.996+0000] {dag.py:3444} INFO - Setting next_dagrun for example_skip_dag to 2023-05-24T15:04:36.996327+00:00, run_after=2023-05-25T15:04:36.996327+00:00
[2023-05-25T15:04:37.017+0000] {processor.py:175} INFO - Processing /home/airflow/.local/lib/python3.7/site-packages/airflow/example_dags/example_skip_dag.py took 0.103 seconds
[2023-05-25T15:05:07.506+0000] {processor.py:153} INFO - Started process (PID=996) to work on /home/airflow/.local/lib/python3.7/site-packages/airflow/example_dags/example_skip_dag.py
[2023-05-25T15:05:07.507+0000] {processor.py:743} INFO - Processing file /home/airflow/.local/lib/python3.7/site-packages/airflow/example_dags/example_skip_dag.py for tasks to queue
[2023-05-25T15:05:07.508+0000] {logging_mixin.py:137} INFO - [2023-05-25T15:05:07.508+0000] {dagbag.py:532} INFO - Filling up the DagBag from /home/airflow/.local/lib/python3.7/site-packages/airflow/example_dags/example_skip_dag.py
[2023-05-25T15:05:07.524+0000] {processor.py:753} INFO - DAG(s) dict_keys(['example_skip_dag']) retrieved from /home/airflow/.local/lib/python3.7/site-packages/airflow/example_dags/example_skip_dag.py
[2023-05-25T15:05:07.559+0000] {logging_mixin.py:137} INFO - [2023-05-25T15:05:07.559+0000] {dag.py:2693} INFO - Sync 1 DAGs
[2023-05-25T15:05:07.590+0000] {logging_mixin.py:137} INFO - [2023-05-25T15:05:07.590+0000] {dag.py:3444} INFO - Setting next_dagrun for example_skip_dag to 2023-05-24T15:05:07.590547+00:00, run_after=2023-05-25T15:05:07.590547+00:00
[2023-05-25T15:05:07.612+0000] {processor.py:175} INFO - Processing /home/airflow/.local/lib/python3.7/site-packages/airflow/example_dags/example_skip_dag.py took 0.110 seconds
[2023-05-25T15:05:38.033+0000] {processor.py:153} INFO - Started process (PID=1047) to work on /home/airflow/.local/lib/python3.7/site-packages/airflow/example_dags/example_skip_dag.py
[2023-05-25T15:05:38.034+0000] {processor.py:743} INFO - Processing file /home/airflow/.local/lib/python3.7/site-packages/airflow/example_dags/example_skip_dag.py for tasks to queue
[2023-05-25T15:05:38.035+0000] {logging_mixin.py:137} INFO - [2023-05-25T15:05:38.034+0000] {dagbag.py:532} INFO - Filling up the DagBag from /home/airflow/.local/lib/python3.7/site-packages/airflow/example_dags/example_skip_dag.py
[2023-05-25T15:05:38.051+0000] {processor.py:753} INFO - DAG(s) dict_keys(['example_skip_dag']) retrieved from /home/airflow/.local/lib/python3.7/site-packages/airflow/example_dags/example_skip_dag.py
[2023-05-25T15:05:38.085+0000] {logging_mixin.py:137} INFO - [2023-05-25T15:05:38.085+0000] {dag.py:2693} INFO - Sync 1 DAGs
[2023-05-25T15:05:38.116+0000] {logging_mixin.py:137} INFO - [2023-05-25T15:05:38.116+0000] {dag.py:3444} INFO - Setting next_dagrun for example_skip_dag to 2023-05-24T15:05:38.115847+00:00, run_after=2023-05-25T15:05:38.115847+00:00
[2023-05-25T15:05:38.136+0000] {processor.py:175} INFO - Processing /home/airflow/.local/lib/python3.7/site-packages/airflow/example_dags/example_skip_dag.py took 0.107 seconds
[2023-05-25T15:06:08.563+0000] {processor.py:153} INFO - Started process (PID=1101) to work on /home/airflow/.local/lib/python3.7/site-packages/airflow/example_dags/example_skip_dag.py
[2023-05-25T15:06:08.564+0000] {processor.py:743} INFO - Processing file /home/airflow/.local/lib/python3.7/site-packages/airflow/example_dags/example_skip_dag.py for tasks to queue
[2023-05-25T15:06:08.566+0000] {logging_mixin.py:137} INFO - [2023-05-25T15:06:08.566+0000] {dagbag.py:532} INFO - Filling up the DagBag from /home/airflow/.local/lib/python3.7/site-packages/airflow/example_dags/example_skip_dag.py
[2023-05-25T15:06:08.581+0000] {processor.py:753} INFO - DAG(s) dict_keys(['example_skip_dag']) retrieved from /home/airflow/.local/lib/python3.7/site-packages/airflow/example_dags/example_skip_dag.py
[2023-05-25T15:06:08.611+0000] {logging_mixin.py:137} INFO - [2023-05-25T15:06:08.611+0000] {dag.py:2693} INFO - Sync 1 DAGs
[2023-05-25T15:06:08.642+0000] {logging_mixin.py:137} INFO - [2023-05-25T15:06:08.642+0000] {dag.py:3444} INFO - Setting next_dagrun for example_skip_dag to 2023-05-24T15:06:08.641739+00:00, run_after=2023-05-25T15:06:08.641739+00:00
[2023-05-25T15:06:08.662+0000] {processor.py:175} INFO - Processing /home/airflow/.local/lib/python3.7/site-packages/airflow/example_dags/example_skip_dag.py took 0.103 seconds
[2023-05-25T15:06:39.081+0000] {processor.py:153} INFO - Started process (PID=1154) to work on /home/airflow/.local/lib/python3.7/site-packages/airflow/example_dags/example_skip_dag.py
[2023-05-25T15:06:39.082+0000] {processor.py:743} INFO - Processing file /home/airflow/.local/lib/python3.7/site-packages/airflow/example_dags/example_skip_dag.py for tasks to queue
[2023-05-25T15:06:39.083+0000] {logging_mixin.py:137} INFO - [2023-05-25T15:06:39.082+0000] {dagbag.py:532} INFO - Filling up the DagBag from /home/airflow/.local/lib/python3.7/site-packages/airflow/example_dags/example_skip_dag.py
[2023-05-25T15:06:39.099+0000] {processor.py:753} INFO - DAG(s) dict_keys(['example_skip_dag']) retrieved from /home/airflow/.local/lib/python3.7/site-packages/airflow/example_dags/example_skip_dag.py
[2023-05-25T15:06:39.128+0000] {logging_mixin.py:137} INFO - [2023-05-25T15:06:39.128+0000] {dag.py:2693} INFO - Sync 1 DAGs
[2023-05-25T15:06:39.160+0000] {logging_mixin.py:137} INFO - [2023-05-25T15:06:39.160+0000] {dag.py:3444} INFO - Setting next_dagrun for example_skip_dag to 2023-05-24T15:06:39.160383+00:00, run_after=2023-05-25T15:06:39.160383+00:00
[2023-05-25T15:06:39.181+0000] {processor.py:175} INFO - Processing /home/airflow/.local/lib/python3.7/site-packages/airflow/example_dags/example_skip_dag.py took 0.103 seconds
[2023-05-25T15:07:09.445+0000] {processor.py:153} INFO - Started process (PID=1206) to work on /home/airflow/.local/lib/python3.7/site-packages/airflow/example_dags/example_skip_dag.py
[2023-05-25T15:07:09.445+0000] {processor.py:743} INFO - Processing file /home/airflow/.local/lib/python3.7/site-packages/airflow/example_dags/example_skip_dag.py for tasks to queue
[2023-05-25T15:07:09.446+0000] {logging_mixin.py:137} INFO - [2023-05-25T15:07:09.446+0000] {dagbag.py:532} INFO - Filling up the DagBag from /home/airflow/.local/lib/python3.7/site-packages/airflow/example_dags/example_skip_dag.py
[2023-05-25T15:07:09.462+0000] {processor.py:753} INFO - DAG(s) dict_keys(['example_skip_dag']) retrieved from /home/airflow/.local/lib/python3.7/site-packages/airflow/example_dags/example_skip_dag.py
[2023-05-25T15:07:09.492+0000] {logging_mixin.py:137} INFO - [2023-05-25T15:07:09.491+0000] {dag.py:2693} INFO - Sync 1 DAGs
[2023-05-25T15:07:09.522+0000] {logging_mixin.py:137} INFO - [2023-05-25T15:07:09.522+0000] {dag.py:3444} INFO - Setting next_dagrun for example_skip_dag to 2023-05-24T15:07:09.522294+00:00, run_after=2023-05-25T15:07:09.522294+00:00
[2023-05-25T15:07:09.552+0000] {processor.py:175} INFO - Processing /home/airflow/.local/lib/python3.7/site-packages/airflow/example_dags/example_skip_dag.py took 0.111 seconds
[2023-05-25T15:07:40.955+0000] {processor.py:153} INFO - Started process (PID=1259) to work on /home/airflow/.local/lib/python3.7/site-packages/airflow/example_dags/example_skip_dag.py
[2023-05-25T15:07:40.963+0000] {processor.py:743} INFO - Processing file /home/airflow/.local/lib/python3.7/site-packages/airflow/example_dags/example_skip_dag.py for tasks to queue
[2023-05-25T15:07:40.964+0000] {logging_mixin.py:137} INFO - [2023-05-25T15:07:40.963+0000] {dagbag.py:532} INFO - Filling up the DagBag from /home/airflow/.local/lib/python3.7/site-packages/airflow/example_dags/example_skip_dag.py
[2023-05-25T15:07:41.000+0000] {processor.py:753} INFO - DAG(s) dict_keys(['example_skip_dag']) retrieved from /home/airflow/.local/lib/python3.7/site-packages/airflow/example_dags/example_skip_dag.py
[2023-05-25T15:07:41.056+0000] {logging_mixin.py:137} INFO - [2023-05-25T15:07:41.056+0000] {dag.py:2693} INFO - Sync 1 DAGs
[2023-05-25T15:07:41.117+0000] {logging_mixin.py:137} INFO - [2023-05-25T15:07:41.117+0000] {dag.py:3444} INFO - Setting next_dagrun for example_skip_dag to 2023-05-24T15:07:41.117097+00:00, run_after=2023-05-25T15:07:41.117097+00:00
[2023-05-25T15:07:41.151+0000] {processor.py:175} INFO - Processing /home/airflow/.local/lib/python3.7/site-packages/airflow/example_dags/example_skip_dag.py took 0.200 seconds
[2023-05-25T15:08:11.892+0000] {processor.py:153} INFO - Started process (PID=1311) to work on /home/airflow/.local/lib/python3.7/site-packages/airflow/example_dags/example_skip_dag.py
[2023-05-25T15:08:11.893+0000] {processor.py:743} INFO - Processing file /home/airflow/.local/lib/python3.7/site-packages/airflow/example_dags/example_skip_dag.py for tasks to queue
[2023-05-25T15:08:11.894+0000] {logging_mixin.py:137} INFO - [2023-05-25T15:08:11.894+0000] {dagbag.py:532} INFO - Filling up the DagBag from /home/airflow/.local/lib/python3.7/site-packages/airflow/example_dags/example_skip_dag.py
[2023-05-25T15:08:11.910+0000] {processor.py:753} INFO - DAG(s) dict_keys(['example_skip_dag']) retrieved from /home/airflow/.local/lib/python3.7/site-packages/airflow/example_dags/example_skip_dag.py
[2023-05-25T15:08:11.941+0000] {logging_mixin.py:137} INFO - [2023-05-25T15:08:11.941+0000] {dag.py:2693} INFO - Sync 1 DAGs
[2023-05-25T15:08:11.972+0000] {logging_mixin.py:137} INFO - [2023-05-25T15:08:11.972+0000] {dag.py:3444} INFO - Setting next_dagrun for example_skip_dag to 2023-05-24T15:08:11.972006+00:00, run_after=2023-05-25T15:08:11.972006+00:00
[2023-05-25T15:08:11.994+0000] {processor.py:175} INFO - Processing /home/airflow/.local/lib/python3.7/site-packages/airflow/example_dags/example_skip_dag.py took 0.110 seconds
[2023-05-25T15:08:42.725+0000] {processor.py:153} INFO - Started process (PID=1363) to work on /home/airflow/.local/lib/python3.7/site-packages/airflow/example_dags/example_skip_dag.py
[2023-05-25T15:08:42.727+0000] {processor.py:743} INFO - Processing file /home/airflow/.local/lib/python3.7/site-packages/airflow/example_dags/example_skip_dag.py for tasks to queue
[2023-05-25T15:08:42.727+0000] {logging_mixin.py:137} INFO - [2023-05-25T15:08:42.727+0000] {dagbag.py:532} INFO - Filling up the DagBag from /home/airflow/.local/lib/python3.7/site-packages/airflow/example_dags/example_skip_dag.py
[2023-05-25T15:08:42.743+0000] {processor.py:753} INFO - DAG(s) dict_keys(['example_skip_dag']) retrieved from /home/airflow/.local/lib/python3.7/site-packages/airflow/example_dags/example_skip_dag.py
[2023-05-25T15:08:42.776+0000] {logging_mixin.py:137} INFO - [2023-05-25T15:08:42.776+0000] {dag.py:2693} INFO - Sync 1 DAGs
[2023-05-25T15:08:42.808+0000] {logging_mixin.py:137} INFO - [2023-05-25T15:08:42.808+0000] {dag.py:3444} INFO - Setting next_dagrun for example_skip_dag to 2023-05-24T15:08:42.807780+00:00, run_after=2023-05-25T15:08:42.807780+00:00
[2023-05-25T15:08:42.828+0000] {processor.py:175} INFO - Processing /home/airflow/.local/lib/python3.7/site-packages/airflow/example_dags/example_skip_dag.py took 0.106 seconds
[2023-05-25T15:09:13.212+0000] {processor.py:153} INFO - Started process (PID=1415) to work on /home/airflow/.local/lib/python3.7/site-packages/airflow/example_dags/example_skip_dag.py
[2023-05-25T15:09:13.222+0000] {processor.py:743} INFO - Processing file /home/airflow/.local/lib/python3.7/site-packages/airflow/example_dags/example_skip_dag.py for tasks to queue
[2023-05-25T15:09:13.223+0000] {logging_mixin.py:137} INFO - [2023-05-25T15:09:13.223+0000] {dagbag.py:532} INFO - Filling up the DagBag from /home/airflow/.local/lib/python3.7/site-packages/airflow/example_dags/example_skip_dag.py
[2023-05-25T15:09:13.256+0000] {processor.py:753} INFO - DAG(s) dict_keys(['example_skip_dag']) retrieved from /home/airflow/.local/lib/python3.7/site-packages/airflow/example_dags/example_skip_dag.py
[2023-05-25T15:09:13.317+0000] {logging_mixin.py:137} INFO - [2023-05-25T15:09:13.317+0000] {dag.py:2693} INFO - Sync 1 DAGs
[2023-05-25T15:09:13.381+0000] {logging_mixin.py:137} INFO - [2023-05-25T15:09:13.381+0000] {dag.py:3444} INFO - Setting next_dagrun for example_skip_dag to 2023-05-24T15:09:13.381193+00:00, run_after=2023-05-25T15:09:13.381193+00:00
[2023-05-25T15:09:13.421+0000] {processor.py:175} INFO - Processing /home/airflow/.local/lib/python3.7/site-packages/airflow/example_dags/example_skip_dag.py took 0.226 seconds
[2023-05-25T15:09:43.999+0000] {processor.py:153} INFO - Started process (PID=1467) to work on /home/airflow/.local/lib/python3.7/site-packages/airflow/example_dags/example_skip_dag.py
[2023-05-25T15:09:44.000+0000] {processor.py:743} INFO - Processing file /home/airflow/.local/lib/python3.7/site-packages/airflow/example_dags/example_skip_dag.py for tasks to queue
[2023-05-25T15:09:44.013+0000] {logging_mixin.py:137} INFO - [2023-05-25T15:09:44.013+0000] {dagbag.py:532} INFO - Filling up the DagBag from /home/airflow/.local/lib/python3.7/site-packages/airflow/example_dags/example_skip_dag.py
[2023-05-25T15:09:44.053+0000] {processor.py:753} INFO - DAG(s) dict_keys(['example_skip_dag']) retrieved from /home/airflow/.local/lib/python3.7/site-packages/airflow/example_dags/example_skip_dag.py
[2023-05-25T15:09:44.145+0000] {logging_mixin.py:137} INFO - [2023-05-25T15:09:44.145+0000] {dag.py:2693} INFO - Sync 1 DAGs
[2023-05-25T15:09:44.215+0000] {logging_mixin.py:137} INFO - [2023-05-25T15:09:44.215+0000] {dag.py:3444} INFO - Setting next_dagrun for example_skip_dag to 2023-05-24T15:09:44.215556+00:00, run_after=2023-05-25T15:09:44.215556+00:00
[2023-05-25T15:09:44.281+0000] {processor.py:175} INFO - Processing /home/airflow/.local/lib/python3.7/site-packages/airflow/example_dags/example_skip_dag.py took 0.298 seconds
[2023-05-25T15:10:14.503+0000] {processor.py:153} INFO - Started process (PID=1519) to work on /home/airflow/.local/lib/python3.7/site-packages/airflow/example_dags/example_skip_dag.py
[2023-05-25T15:10:14.505+0000] {processor.py:743} INFO - Processing file /home/airflow/.local/lib/python3.7/site-packages/airflow/example_dags/example_skip_dag.py for tasks to queue
[2023-05-25T15:10:14.506+0000] {logging_mixin.py:137} INFO - [2023-05-25T15:10:14.506+0000] {dagbag.py:532} INFO - Filling up the DagBag from /home/airflow/.local/lib/python3.7/site-packages/airflow/example_dags/example_skip_dag.py
[2023-05-25T15:10:14.522+0000] {processor.py:753} INFO - DAG(s) dict_keys(['example_skip_dag']) retrieved from /home/airflow/.local/lib/python3.7/site-packages/airflow/example_dags/example_skip_dag.py
[2023-05-25T15:10:14.552+0000] {logging_mixin.py:137} INFO - [2023-05-25T15:10:14.551+0000] {dag.py:2693} INFO - Sync 1 DAGs
[2023-05-25T15:10:14.584+0000] {logging_mixin.py:137} INFO - [2023-05-25T15:10:14.584+0000] {dag.py:3444} INFO - Setting next_dagrun for example_skip_dag to 2023-05-24T15:10:14.582686+00:00, run_after=2023-05-25T15:10:14.582686+00:00
[2023-05-25T15:10:14.604+0000] {processor.py:175} INFO - Processing /home/airflow/.local/lib/python3.7/site-packages/airflow/example_dags/example_skip_dag.py took 0.104 seconds
