[2023-05-17T01:20:46.457+0000] {taskinstance.py:1084} INFO - Dependencies all met for dep_context=non-requeueable deps ti=<TaskInstance: get_todays_gamesv2.call_games manual__2023-05-17T01:20:42.745101+00:00 [queued]>
[2023-05-17T01:20:46.470+0000] {taskinstance.py:1084} INFO - Dependencies all met for dep_context=requeueable deps ti=<TaskInstance: get_todays_gamesv2.call_games manual__2023-05-17T01:20:42.745101+00:00 [queued]>
[2023-05-17T01:20:46.471+0000] {taskinstance.py:1282} INFO - 
--------------------------------------------------------------------------------
[2023-05-17T01:20:46.471+0000] {taskinstance.py:1283} INFO - Starting attempt 1 of 1
[2023-05-17T01:20:46.472+0000] {taskinstance.py:1284} INFO - 
--------------------------------------------------------------------------------
[2023-05-17T01:20:46.490+0000] {taskinstance.py:1303} INFO - Executing <Task(PythonOperator): call_games> on 2023-05-17 01:20:42.745101+00:00
[2023-05-17T01:20:46.497+0000] {standard_task_runner.py:55} INFO - Started process 144 to run task
[2023-05-17T01:20:46.501+0000] {standard_task_runner.py:82} INFO - Running: ['***', 'tasks', 'run', 'get_todays_gamesv2', 'call_games', 'manual__2023-05-17T01:20:42.745101+00:00', '--job-id', '1703', '--raw', '--subdir', 'DAGS_FOLDER/todays_gamesv2.py', '--cfg-path', '/tmp/tmp5g99ob10']
[2023-05-17T01:20:46.502+0000] {standard_task_runner.py:83} INFO - Job 1703: Subtask call_games
[2023-05-17T01:20:46.586+0000] {task_command.py:388} INFO - Running <TaskInstance: get_todays_gamesv2.call_games manual__2023-05-17T01:20:42.745101+00:00 [running]> on host 0dd257a6e4e7
[2023-05-17T01:20:46.697+0000] {taskinstance.py:1511} INFO - Exporting the following env vars:
AIRFLOW_CTX_DAG_OWNER=***
AIRFLOW_CTX_DAG_ID=get_todays_gamesv2
AIRFLOW_CTX_TASK_ID=call_games
AIRFLOW_CTX_EXECUTION_DATE=2023-05-17T01:20:42.745101+00:00
AIRFLOW_CTX_TRY_NUMBER=1
AIRFLOW_CTX_DAG_RUN_ID=manual__2023-05-17T01:20:42.745101+00:00
[2023-05-17T01:20:46.702+0000] {warnings.py:110} WARNING - /home/***/.local/lib/python3.7/site-packages/***/utils/context.py:313: AirflowContextDeprecationWarning: Accessing 'execution_date' from the template is deprecated and will be removed in a future version. Please use 'data_interval_start' or 'logical_date' instead.
  warnings.warn(_create_deprecation_warning(k, replacements))

[2023-05-17T01:20:46.703+0000] {logging_mixin.py:137} INFO - 05/17/2023
[2023-05-17T01:20:46.910+0000] {logging_mixin.py:137} INFO - {0: {'game_id': 718134, 'game_datetime': '2023-05-17T23:07:00Z', 'game_date': '2023-05-17', 'game_type': 'R', 'status': 'Scheduled', 'away_name': 'New York Yankees', 'home_name': 'Toronto Blue Jays', 'away_id': 147, 'home_id': 141, 'doubleheader': 'N', 'game_num': 1, 'home_probable_pitcher': 'Chris Bassitt', 'away_probable_pitcher': 'Gerrit Cole', 'home_pitcher_note': '', 'away_pitcher_note': '', 'away_score': '0', 'home_score': '0', 'current_inning': '', 'inning_state': '', 'venue_id': 14, 'venue_name': 'Rogers Centre', 'national_broadcasts': [], 'series_status': None, 'summary': '2023-05-17 - New York Yankees @ Toronto Blue Jays (Scheduled)'}}
[2023-05-17T01:20:46.911+0000] {logging_mixin.py:137} INFO - {0: {'game_id': 718134, 'game_datetime': '2023-05-17T23:07:00Z', 'game_date': '2023-05-17', 'game_type': 'R', 'status': 'Scheduled', 'away_name': 'New York Yankees', 'home_name': 'Toronto Blue Jays', 'away_id': 147, 'home_id': 141, 'doubleheader': 'N', 'game_num': 1, 'home_probable_pitcher': 'Chris Bassitt', 'away_probable_pitcher': 'Gerrit Cole', 'home_pitcher_note': '', 'away_pitcher_note': '', 'away_score': '0', 'home_score': '0', 'current_inning': '', 'inning_state': '', 'venue_id': 14, 'venue_name': 'Rogers Centre', 'national_broadcasts': [], 'series_status': None, 'summary': '2023-05-17 - New York Yankees @ Toronto Blue Jays (Scheduled)', 'game_time': '7:07 PM'}}
[2023-05-17T01:20:46.930+0000] {python.py:177} INFO - Done. Returned value was: None
[2023-05-17T01:20:46.945+0000] {taskinstance.py:1326} INFO - Marking task as SUCCESS. dag_id=get_todays_gamesv2, task_id=call_games, execution_date=20230517T012042, start_date=20230517T012046, end_date=20230517T012046
[2023-05-17T01:20:46.999+0000] {local_task_job.py:212} INFO - Task exited with return code 0
[2023-05-17T01:20:47.051+0000] {taskinstance.py:2585} INFO - 1 downstream tasks scheduled from follow-on schedule check
