[2023-04-03T02:07:06.587+0000] {taskinstance.py:1084} INFO - Dependencies all met for dep_context=non-requeueable deps ti=<TaskInstance: get_todays_gamesv4.create_sql_table_task manual__2023-04-03T02:07:01.187248+00:00 [queued]>
[2023-04-03T02:07:06.597+0000] {taskinstance.py:1084} INFO - Dependencies all met for dep_context=requeueable deps ti=<TaskInstance: get_todays_gamesv4.create_sql_table_task manual__2023-04-03T02:07:01.187248+00:00 [queued]>
[2023-04-03T02:07:06.598+0000] {taskinstance.py:1282} INFO - 
--------------------------------------------------------------------------------
[2023-04-03T02:07:06.598+0000] {taskinstance.py:1283} INFO - Starting attempt 1 of 1
[2023-04-03T02:07:06.598+0000] {taskinstance.py:1284} INFO - 
--------------------------------------------------------------------------------
[2023-04-03T02:07:06.615+0000] {taskinstance.py:1303} INFO - Executing <Task(PostgresOperator): create_sql_table_task> on 2023-04-03 02:07:01.187248+00:00
[2023-04-03T02:07:06.621+0000] {standard_task_runner.py:55} INFO - Started process 706 to run task
[2023-04-03T02:07:06.627+0000] {standard_task_runner.py:82} INFO - Running: ['***', 'tasks', 'run', 'get_todays_gamesv4', 'create_sql_table_task', 'manual__2023-04-03T02:07:01.187248+00:00', '--job-id', '96', '--raw', '--subdir', 'DAGS_FOLDER/todays_games.py', '--cfg-path', '/tmp/tmpzg_r7ali']
[2023-04-03T02:07:06.628+0000] {standard_task_runner.py:83} INFO - Job 96: Subtask create_sql_table_task
[2023-04-03T02:07:06.698+0000] {task_command.py:388} INFO - Running <TaskInstance: get_todays_gamesv4.create_sql_table_task manual__2023-04-03T02:07:01.187248+00:00 [running]> on host bb4d827b1601
[2023-04-03T02:07:06.786+0000] {taskinstance.py:1511} INFO - Exporting the following env vars:
AIRFLOW_CTX_DAG_OWNER=***
AIRFLOW_CTX_DAG_ID=get_todays_gamesv4
AIRFLOW_CTX_TASK_ID=create_sql_table_task
AIRFLOW_CTX_EXECUTION_DATE=2023-04-03T02:07:01.187248+00:00
AIRFLOW_CTX_TRY_NUMBER=1
AIRFLOW_CTX_DAG_RUN_ID=manual__2023-04-03T02:07:01.187248+00:00
[2023-04-03T02:07:06.787+0000] {sql.py:254} INFO - Executing: 
        drop table if exists games;
        create table games (
            game_datetime TIMESTAMP,
            away_name VARCHAR(25),
            home_name VARCHAR(25),
            home_probable_pitcher VARCHAR(25),
            away_probable_pitcher VARCHAR(25),
            away_score INT,
            home_score INT,
            current_inning INT,
            inning_state VARCHAR(9),
            venue_name VARCHAR(25),
            series_status VARCHAR(15),
            summary VARCHAR(40)
        );
    
[2023-04-03T02:07:06.797+0000] {base.py:73} INFO - Using connection ID 'postgres_localhost' for task execution.
[2023-04-03T02:07:07.190+0000] {base.py:73} INFO - Using connection ID 'postgres_localhost' for task execution.
[2023-04-03T02:07:07.197+0000] {sql.py:375} INFO - Running statement: 
        drop table if exists games;
        create table games (
            game_datetime TIMESTAMP,
            away_name VARCHAR(25),
            home_name VARCHAR(25),
            home_probable_pitcher VARCHAR(25),
            away_probable_pitcher VARCHAR(25),
            away_score INT,
            home_score INT,
            current_inning INT,
            inning_state VARCHAR(9),
            venue_name VARCHAR(25),
            series_status VARCHAR(15),
            summary VARCHAR(40)
        );
    , parameters: None
[2023-04-03T02:07:07.216+0000] {taskinstance.py:1326} INFO - Marking task as SUCCESS. dag_id=get_todays_gamesv4, task_id=create_sql_table_task, execution_date=20230403T020701, start_date=20230403T020706, end_date=20230403T020707
[2023-04-03T02:07:07.240+0000] {local_task_job.py:212} INFO - Task exited with return code 0
[2023-04-03T02:07:07.274+0000] {taskinstance.py:2585} INFO - 1 downstream tasks scheduled from follow-on schedule check
