[2023-05-07T17:56:13.948+0000] {taskinstance.py:1084} INFO - Dependencies all met for dep_context=non-requeueable deps ti=<TaskInstance: get_todays_gamesv2.print_end manual__2023-05-07T17:55:59.502854+00:00 [queued]>
[2023-05-07T17:56:13.961+0000] {taskinstance.py:1084} INFO - Dependencies all met for dep_context=requeueable deps ti=<TaskInstance: get_todays_gamesv2.print_end manual__2023-05-07T17:55:59.502854+00:00 [queued]>
[2023-05-07T17:56:13.961+0000] {taskinstance.py:1282} INFO - 
--------------------------------------------------------------------------------
[2023-05-07T17:56:13.961+0000] {taskinstance.py:1283} INFO - Starting attempt 1 of 1
[2023-05-07T17:56:13.961+0000] {taskinstance.py:1284} INFO - 
--------------------------------------------------------------------------------
[2023-05-07T17:56:13.978+0000] {taskinstance.py:1303} INFO - Executing <Task(BashOperator): print_end> on 2023-05-07 17:55:59.502854+00:00
[2023-05-07T17:56:13.984+0000] {standard_task_runner.py:55} INFO - Started process 1073 to run task
[2023-05-07T17:56:13.988+0000] {standard_task_runner.py:82} INFO - Running: ['***', 'tasks', 'run', 'get_todays_gamesv2', 'print_end', 'manual__2023-05-07T17:55:59.502854+00:00', '--job-id', '1144', '--raw', '--subdir', 'DAGS_FOLDER/todays_gamesv2.py', '--cfg-path', '/tmp/tmp37bqw3os']
[2023-05-07T17:56:13.988+0000] {standard_task_runner.py:83} INFO - Job 1144: Subtask print_end
[2023-05-07T17:56:14.059+0000] {task_command.py:388} INFO - Running <TaskInstance: get_todays_gamesv2.print_end manual__2023-05-07T17:55:59.502854+00:00 [running]> on host f7ab54451666
[2023-05-07T17:56:14.143+0000] {taskinstance.py:1511} INFO - Exporting the following env vars:
AIRFLOW_CTX_DAG_OWNER=***
AIRFLOW_CTX_DAG_ID=get_todays_gamesv2
AIRFLOW_CTX_TASK_ID=print_end
AIRFLOW_CTX_EXECUTION_DATE=2023-05-07T17:55:59.502854+00:00
AIRFLOW_CTX_TRY_NUMBER=1
AIRFLOW_CTX_DAG_RUN_ID=manual__2023-05-07T17:55:59.502854+00:00
[2023-05-07T17:56:14.144+0000] {subprocess.py:63} INFO - Tmp dir root location: 
 /tmp
[2023-05-07T17:56:14.145+0000] {subprocess.py:75} INFO - Running command: ['/bin/bash', '-c', 'echo end dag!']
[2023-05-07T17:56:14.156+0000] {subprocess.py:86} INFO - Output:
[2023-05-07T17:56:14.157+0000] {subprocess.py:93} INFO - end dag!
[2023-05-07T17:56:14.158+0000] {subprocess.py:97} INFO - Command exited with return code 0
[2023-05-07T17:56:14.171+0000] {taskinstance.py:1326} INFO - Marking task as SUCCESS. dag_id=get_todays_gamesv2, task_id=print_end, execution_date=20230507T175559, start_date=20230507T175613, end_date=20230507T175614
[2023-05-07T17:56:14.200+0000] {local_task_job.py:212} INFO - Task exited with return code 0
[2023-05-07T17:56:14.221+0000] {taskinstance.py:2585} INFO - 0 downstream tasks scheduled from follow-on schedule check
