[2023-03-31T02:17:47.153+0000] {processor.py:153} INFO - Started process (PID=56) to work on /home/airflow/.local/lib/python3.7/site-packages/airflow/example_dags/example_sensors.py
[2023-03-31T02:17:47.159+0000] {processor.py:743} INFO - Processing file /home/airflow/.local/lib/python3.7/site-packages/airflow/example_dags/example_sensors.py for tasks to queue
[2023-03-31T02:17:47.159+0000] {logging_mixin.py:137} INFO - [2023-03-31T02:17:47.159+0000] {dagbag.py:532} INFO - Filling up the DagBag from /home/airflow/.local/lib/python3.7/site-packages/airflow/example_dags/example_sensors.py
[2023-03-31T02:17:47.289+0000] {processor.py:753} INFO - DAG(s) dict_keys(['example_sensors']) retrieved from /home/airflow/.local/lib/python3.7/site-packages/airflow/example_dags/example_sensors.py
[2023-03-31T02:17:47.461+0000] {logging_mixin.py:137} INFO - [2023-03-31T02:17:47.460+0000] {dag.py:2693} INFO - Sync 1 DAGs
[2023-03-31T02:17:47.573+0000] {logging_mixin.py:137} INFO - [2023-03-31T02:17:47.573+0000] {dag.py:3444} INFO - Setting next_dagrun for example_sensors to None, run_after=None
[2023-03-31T02:17:47.666+0000] {processor.py:175} INFO - Processing /home/airflow/.local/lib/python3.7/site-packages/airflow/example_dags/example_sensors.py took 0.522 seconds
[2023-03-31T02:18:17.963+0000] {processor.py:153} INFO - Started process (PID=106) to work on /home/airflow/.local/lib/python3.7/site-packages/airflow/example_dags/example_sensors.py
[2023-03-31T02:18:17.964+0000] {processor.py:743} INFO - Processing file /home/airflow/.local/lib/python3.7/site-packages/airflow/example_dags/example_sensors.py for tasks to queue
[2023-03-31T02:18:17.964+0000] {logging_mixin.py:137} INFO - [2023-03-31T02:18:17.964+0000] {dagbag.py:532} INFO - Filling up the DagBag from /home/airflow/.local/lib/python3.7/site-packages/airflow/example_dags/example_sensors.py
[2023-03-31T02:18:17.990+0000] {processor.py:753} INFO - DAG(s) dict_keys(['example_sensors']) retrieved from /home/airflow/.local/lib/python3.7/site-packages/airflow/example_dags/example_sensors.py
[2023-03-31T02:18:18.028+0000] {logging_mixin.py:137} INFO - [2023-03-31T02:18:18.028+0000] {dag.py:2693} INFO - Sync 1 DAGs
[2023-03-31T02:18:18.063+0000] {logging_mixin.py:137} INFO - [2023-03-31T02:18:18.063+0000] {dag.py:3444} INFO - Setting next_dagrun for example_sensors to None, run_after=None
[2023-03-31T02:18:18.086+0000] {processor.py:175} INFO - Processing /home/airflow/.local/lib/python3.7/site-packages/airflow/example_dags/example_sensors.py took 0.127 seconds
[2023-03-31T02:18:48.239+0000] {processor.py:153} INFO - Started process (PID=156) to work on /home/airflow/.local/lib/python3.7/site-packages/airflow/example_dags/example_sensors.py
[2023-03-31T02:18:48.241+0000] {processor.py:743} INFO - Processing file /home/airflow/.local/lib/python3.7/site-packages/airflow/example_dags/example_sensors.py for tasks to queue
[2023-03-31T02:18:48.243+0000] {logging_mixin.py:137} INFO - [2023-03-31T02:18:48.242+0000] {dagbag.py:532} INFO - Filling up the DagBag from /home/airflow/.local/lib/python3.7/site-packages/airflow/example_dags/example_sensors.py
[2023-03-31T02:18:48.270+0000] {processor.py:753} INFO - DAG(s) dict_keys(['example_sensors']) retrieved from /home/airflow/.local/lib/python3.7/site-packages/airflow/example_dags/example_sensors.py
[2023-03-31T02:18:48.313+0000] {logging_mixin.py:137} INFO - [2023-03-31T02:18:48.312+0000] {dag.py:2693} INFO - Sync 1 DAGs
[2023-03-31T02:18:48.347+0000] {logging_mixin.py:137} INFO - [2023-03-31T02:18:48.347+0000] {dag.py:3444} INFO - Setting next_dagrun for example_sensors to None, run_after=None
[2023-03-31T02:18:48.374+0000] {processor.py:175} INFO - Processing /home/airflow/.local/lib/python3.7/site-packages/airflow/example_dags/example_sensors.py took 0.140 seconds
[2023-03-31T02:19:18.933+0000] {processor.py:153} INFO - Started process (PID=206) to work on /home/airflow/.local/lib/python3.7/site-packages/airflow/example_dags/example_sensors.py
[2023-03-31T02:19:18.934+0000] {processor.py:743} INFO - Processing file /home/airflow/.local/lib/python3.7/site-packages/airflow/example_dags/example_sensors.py for tasks to queue
[2023-03-31T02:19:18.935+0000] {logging_mixin.py:137} INFO - [2023-03-31T02:19:18.935+0000] {dagbag.py:532} INFO - Filling up the DagBag from /home/airflow/.local/lib/python3.7/site-packages/airflow/example_dags/example_sensors.py
[2023-03-31T02:19:18.961+0000] {processor.py:753} INFO - DAG(s) dict_keys(['example_sensors']) retrieved from /home/airflow/.local/lib/python3.7/site-packages/airflow/example_dags/example_sensors.py
[2023-03-31T02:19:19.000+0000] {logging_mixin.py:137} INFO - [2023-03-31T02:19:19.000+0000] {dag.py:2693} INFO - Sync 1 DAGs
[2023-03-31T02:19:19.033+0000] {logging_mixin.py:137} INFO - [2023-03-31T02:19:19.033+0000] {dag.py:3444} INFO - Setting next_dagrun for example_sensors to None, run_after=None
[2023-03-31T02:19:19.055+0000] {processor.py:175} INFO - Processing /home/airflow/.local/lib/python3.7/site-packages/airflow/example_dags/example_sensors.py took 0.126 seconds
[2023-03-31T02:19:49.398+0000] {processor.py:153} INFO - Started process (PID=256) to work on /home/airflow/.local/lib/python3.7/site-packages/airflow/example_dags/example_sensors.py
[2023-03-31T02:19:49.400+0000] {processor.py:743} INFO - Processing file /home/airflow/.local/lib/python3.7/site-packages/airflow/example_dags/example_sensors.py for tasks to queue
[2023-03-31T02:19:49.401+0000] {logging_mixin.py:137} INFO - [2023-03-31T02:19:49.400+0000] {dagbag.py:532} INFO - Filling up the DagBag from /home/airflow/.local/lib/python3.7/site-packages/airflow/example_dags/example_sensors.py
[2023-03-31T02:19:49.426+0000] {processor.py:753} INFO - DAG(s) dict_keys(['example_sensors']) retrieved from /home/airflow/.local/lib/python3.7/site-packages/airflow/example_dags/example_sensors.py
[2023-03-31T02:19:49.463+0000] {logging_mixin.py:137} INFO - [2023-03-31T02:19:49.463+0000] {dag.py:2693} INFO - Sync 1 DAGs
[2023-03-31T02:19:49.497+0000] {logging_mixin.py:137} INFO - [2023-03-31T02:19:49.497+0000] {dag.py:3444} INFO - Setting next_dagrun for example_sensors to None, run_after=None
[2023-03-31T02:19:49.518+0000] {processor.py:175} INFO - Processing /home/airflow/.local/lib/python3.7/site-packages/airflow/example_dags/example_sensors.py took 0.123 seconds
[2023-03-31T02:20:19.568+0000] {processor.py:153} INFO - Started process (PID=306) to work on /home/airflow/.local/lib/python3.7/site-packages/airflow/example_dags/example_sensors.py
[2023-03-31T02:20:19.569+0000] {processor.py:743} INFO - Processing file /home/airflow/.local/lib/python3.7/site-packages/airflow/example_dags/example_sensors.py for tasks to queue
[2023-03-31T02:20:19.570+0000] {logging_mixin.py:137} INFO - [2023-03-31T02:20:19.569+0000] {dagbag.py:532} INFO - Filling up the DagBag from /home/airflow/.local/lib/python3.7/site-packages/airflow/example_dags/example_sensors.py
[2023-03-31T02:20:19.595+0000] {processor.py:753} INFO - DAG(s) dict_keys(['example_sensors']) retrieved from /home/airflow/.local/lib/python3.7/site-packages/airflow/example_dags/example_sensors.py
[2023-03-31T02:20:19.634+0000] {logging_mixin.py:137} INFO - [2023-03-31T02:20:19.634+0000] {dag.py:2693} INFO - Sync 1 DAGs
[2023-03-31T02:20:19.676+0000] {logging_mixin.py:137} INFO - [2023-03-31T02:20:19.676+0000] {dag.py:3444} INFO - Setting next_dagrun for example_sensors to None, run_after=None
[2023-03-31T02:20:19.699+0000] {processor.py:175} INFO - Processing /home/airflow/.local/lib/python3.7/site-packages/airflow/example_dags/example_sensors.py took 0.134 seconds
[2023-03-31T02:20:49.871+0000] {processor.py:153} INFO - Started process (PID=356) to work on /home/airflow/.local/lib/python3.7/site-packages/airflow/example_dags/example_sensors.py
[2023-03-31T02:20:49.872+0000] {processor.py:743} INFO - Processing file /home/airflow/.local/lib/python3.7/site-packages/airflow/example_dags/example_sensors.py for tasks to queue
[2023-03-31T02:20:49.873+0000] {logging_mixin.py:137} INFO - [2023-03-31T02:20:49.873+0000] {dagbag.py:532} INFO - Filling up the DagBag from /home/airflow/.local/lib/python3.7/site-packages/airflow/example_dags/example_sensors.py
[2023-03-31T02:20:49.898+0000] {processor.py:753} INFO - DAG(s) dict_keys(['example_sensors']) retrieved from /home/airflow/.local/lib/python3.7/site-packages/airflow/example_dags/example_sensors.py
[2023-03-31T02:20:49.937+0000] {logging_mixin.py:137} INFO - [2023-03-31T02:20:49.937+0000] {dag.py:2693} INFO - Sync 1 DAGs
[2023-03-31T02:20:49.968+0000] {logging_mixin.py:137} INFO - [2023-03-31T02:20:49.968+0000] {dag.py:3444} INFO - Setting next_dagrun for example_sensors to None, run_after=None
[2023-03-31T02:20:49.991+0000] {processor.py:175} INFO - Processing /home/airflow/.local/lib/python3.7/site-packages/airflow/example_dags/example_sensors.py took 0.124 seconds
[2023-03-31T02:21:20.186+0000] {processor.py:153} INFO - Started process (PID=406) to work on /home/airflow/.local/lib/python3.7/site-packages/airflow/example_dags/example_sensors.py
[2023-03-31T02:21:20.186+0000] {processor.py:743} INFO - Processing file /home/airflow/.local/lib/python3.7/site-packages/airflow/example_dags/example_sensors.py for tasks to queue
[2023-03-31T02:21:20.187+0000] {logging_mixin.py:137} INFO - [2023-03-31T02:21:20.187+0000] {dagbag.py:532} INFO - Filling up the DagBag from /home/airflow/.local/lib/python3.7/site-packages/airflow/example_dags/example_sensors.py
[2023-03-31T02:21:20.213+0000] {processor.py:753} INFO - DAG(s) dict_keys(['example_sensors']) retrieved from /home/airflow/.local/lib/python3.7/site-packages/airflow/example_dags/example_sensors.py
[2023-03-31T02:21:20.250+0000] {logging_mixin.py:137} INFO - [2023-03-31T02:21:20.250+0000] {dag.py:2693} INFO - Sync 1 DAGs
[2023-03-31T02:21:20.282+0000] {logging_mixin.py:137} INFO - [2023-03-31T02:21:20.282+0000] {dag.py:3444} INFO - Setting next_dagrun for example_sensors to None, run_after=None
[2023-03-31T02:21:20.305+0000] {processor.py:175} INFO - Processing /home/airflow/.local/lib/python3.7/site-packages/airflow/example_dags/example_sensors.py took 0.123 seconds
[2023-03-31T02:21:50.830+0000] {processor.py:153} INFO - Started process (PID=455) to work on /home/airflow/.local/lib/python3.7/site-packages/airflow/example_dags/example_sensors.py
[2023-03-31T02:21:50.831+0000] {processor.py:743} INFO - Processing file /home/airflow/.local/lib/python3.7/site-packages/airflow/example_dags/example_sensors.py for tasks to queue
[2023-03-31T02:21:50.832+0000] {logging_mixin.py:137} INFO - [2023-03-31T02:21:50.832+0000] {dagbag.py:532} INFO - Filling up the DagBag from /home/airflow/.local/lib/python3.7/site-packages/airflow/example_dags/example_sensors.py
[2023-03-31T02:21:50.858+0000] {processor.py:753} INFO - DAG(s) dict_keys(['example_sensors']) retrieved from /home/airflow/.local/lib/python3.7/site-packages/airflow/example_dags/example_sensors.py
[2023-03-31T02:21:50.896+0000] {logging_mixin.py:137} INFO - [2023-03-31T02:21:50.896+0000] {dag.py:2693} INFO - Sync 1 DAGs
[2023-03-31T02:21:50.930+0000] {logging_mixin.py:137} INFO - [2023-03-31T02:21:50.930+0000] {dag.py:3444} INFO - Setting next_dagrun for example_sensors to None, run_after=None
[2023-03-31T02:21:50.953+0000] {processor.py:175} INFO - Processing /home/airflow/.local/lib/python3.7/site-packages/airflow/example_dags/example_sensors.py took 0.128 seconds
[2023-03-31T02:22:21.387+0000] {processor.py:153} INFO - Started process (PID=505) to work on /home/airflow/.local/lib/python3.7/site-packages/airflow/example_dags/example_sensors.py
[2023-03-31T02:22:21.387+0000] {processor.py:743} INFO - Processing file /home/airflow/.local/lib/python3.7/site-packages/airflow/example_dags/example_sensors.py for tasks to queue
[2023-03-31T02:22:21.388+0000] {logging_mixin.py:137} INFO - [2023-03-31T02:22:21.388+0000] {dagbag.py:532} INFO - Filling up the DagBag from /home/airflow/.local/lib/python3.7/site-packages/airflow/example_dags/example_sensors.py
[2023-03-31T02:22:21.418+0000] {processor.py:753} INFO - DAG(s) dict_keys(['example_sensors']) retrieved from /home/airflow/.local/lib/python3.7/site-packages/airflow/example_dags/example_sensors.py
[2023-03-31T02:22:21.457+0000] {logging_mixin.py:137} INFO - [2023-03-31T02:22:21.456+0000] {dag.py:2693} INFO - Sync 1 DAGs
[2023-03-31T02:22:21.494+0000] {logging_mixin.py:137} INFO - [2023-03-31T02:22:21.494+0000] {dag.py:3444} INFO - Setting next_dagrun for example_sensors to None, run_after=None
[2023-03-31T02:22:21.516+0000] {processor.py:175} INFO - Processing /home/airflow/.local/lib/python3.7/site-packages/airflow/example_dags/example_sensors.py took 0.134 seconds
[2023-03-31T02:22:53.210+0000] {processor.py:153} INFO - Started process (PID=555) to work on /home/airflow/.local/lib/python3.7/site-packages/airflow/example_dags/example_sensors.py
[2023-03-31T02:22:53.216+0000] {processor.py:743} INFO - Processing file /home/airflow/.local/lib/python3.7/site-packages/airflow/example_dags/example_sensors.py for tasks to queue
[2023-03-31T02:22:53.217+0000] {logging_mixin.py:137} INFO - [2023-03-31T02:22:53.217+0000] {dagbag.py:532} INFO - Filling up the DagBag from /home/airflow/.local/lib/python3.7/site-packages/airflow/example_dags/example_sensors.py
[2023-03-31T02:22:53.286+0000] {processor.py:753} INFO - DAG(s) dict_keys(['example_sensors']) retrieved from /home/airflow/.local/lib/python3.7/site-packages/airflow/example_dags/example_sensors.py
[2023-03-31T02:22:53.401+0000] {logging_mixin.py:137} INFO - [2023-03-31T02:22:53.400+0000] {dag.py:2693} INFO - Sync 1 DAGs
[2023-03-31T02:22:53.497+0000] {logging_mixin.py:137} INFO - [2023-03-31T02:22:53.497+0000] {dag.py:3444} INFO - Setting next_dagrun for example_sensors to None, run_after=None
[2023-03-31T02:22:53.605+0000] {processor.py:175} INFO - Processing /home/airflow/.local/lib/python3.7/site-packages/airflow/example_dags/example_sensors.py took 0.419 seconds
[2023-03-31T02:23:23.643+0000] {processor.py:153} INFO - Started process (PID=605) to work on /home/airflow/.local/lib/python3.7/site-packages/airflow/example_dags/example_sensors.py
[2023-03-31T02:23:23.644+0000] {processor.py:743} INFO - Processing file /home/airflow/.local/lib/python3.7/site-packages/airflow/example_dags/example_sensors.py for tasks to queue
[2023-03-31T02:23:23.645+0000] {logging_mixin.py:137} INFO - [2023-03-31T02:23:23.645+0000] {dagbag.py:532} INFO - Filling up the DagBag from /home/airflow/.local/lib/python3.7/site-packages/airflow/example_dags/example_sensors.py
[2023-03-31T02:23:23.670+0000] {processor.py:753} INFO - DAG(s) dict_keys(['example_sensors']) retrieved from /home/airflow/.local/lib/python3.7/site-packages/airflow/example_dags/example_sensors.py
[2023-03-31T02:23:23.708+0000] {logging_mixin.py:137} INFO - [2023-03-31T02:23:23.707+0000] {dag.py:2693} INFO - Sync 1 DAGs
[2023-03-31T02:23:23.742+0000] {logging_mixin.py:137} INFO - [2023-03-31T02:23:23.741+0000] {dag.py:3444} INFO - Setting next_dagrun for example_sensors to None, run_after=None
[2023-03-31T02:23:23.766+0000] {processor.py:175} INFO - Processing /home/airflow/.local/lib/python3.7/site-packages/airflow/example_dags/example_sensors.py took 0.127 seconds
[2023-03-31T02:23:53.878+0000] {processor.py:153} INFO - Started process (PID=655) to work on /home/airflow/.local/lib/python3.7/site-packages/airflow/example_dags/example_sensors.py
[2023-03-31T02:23:53.880+0000] {processor.py:743} INFO - Processing file /home/airflow/.local/lib/python3.7/site-packages/airflow/example_dags/example_sensors.py for tasks to queue
[2023-03-31T02:23:53.881+0000] {logging_mixin.py:137} INFO - [2023-03-31T02:23:53.881+0000] {dagbag.py:532} INFO - Filling up the DagBag from /home/airflow/.local/lib/python3.7/site-packages/airflow/example_dags/example_sensors.py
[2023-03-31T02:23:53.906+0000] {processor.py:753} INFO - DAG(s) dict_keys(['example_sensors']) retrieved from /home/airflow/.local/lib/python3.7/site-packages/airflow/example_dags/example_sensors.py
[2023-03-31T02:23:53.943+0000] {logging_mixin.py:137} INFO - [2023-03-31T02:23:53.942+0000] {dag.py:2693} INFO - Sync 1 DAGs
[2023-03-31T02:23:53.975+0000] {logging_mixin.py:137} INFO - [2023-03-31T02:23:53.975+0000] {dag.py:3444} INFO - Setting next_dagrun for example_sensors to None, run_after=None
[2023-03-31T02:23:53.998+0000] {processor.py:175} INFO - Processing /home/airflow/.local/lib/python3.7/site-packages/airflow/example_dags/example_sensors.py took 0.124 seconds
[2023-03-31T02:24:24.556+0000] {processor.py:153} INFO - Started process (PID=705) to work on /home/airflow/.local/lib/python3.7/site-packages/airflow/example_dags/example_sensors.py
[2023-03-31T02:24:24.564+0000] {processor.py:743} INFO - Processing file /home/airflow/.local/lib/python3.7/site-packages/airflow/example_dags/example_sensors.py for tasks to queue
[2023-03-31T02:24:24.565+0000] {logging_mixin.py:137} INFO - [2023-03-31T02:24:24.565+0000] {dagbag.py:532} INFO - Filling up the DagBag from /home/airflow/.local/lib/python3.7/site-packages/airflow/example_dags/example_sensors.py
[2023-03-31T02:24:24.610+0000] {processor.py:753} INFO - DAG(s) dict_keys(['example_sensors']) retrieved from /home/airflow/.local/lib/python3.7/site-packages/airflow/example_dags/example_sensors.py
[2023-03-31T02:24:24.709+0000] {logging_mixin.py:137} INFO - [2023-03-31T02:24:24.709+0000] {dag.py:2693} INFO - Sync 1 DAGs
[2023-03-31T02:24:24.766+0000] {logging_mixin.py:137} INFO - [2023-03-31T02:24:24.766+0000] {dag.py:3444} INFO - Setting next_dagrun for example_sensors to None, run_after=None
[2023-03-31T02:24:24.791+0000] {processor.py:175} INFO - Processing /home/airflow/.local/lib/python3.7/site-packages/airflow/example_dags/example_sensors.py took 0.246 seconds
[2023-03-31T02:36:12.569+0000] {processor.py:153} INFO - Started process (PID=56) to work on /home/airflow/.local/lib/python3.7/site-packages/airflow/example_dags/example_sensors.py
[2023-03-31T02:36:12.576+0000] {processor.py:743} INFO - Processing file /home/airflow/.local/lib/python3.7/site-packages/airflow/example_dags/example_sensors.py for tasks to queue
[2023-03-31T02:36:12.577+0000] {logging_mixin.py:137} INFO - [2023-03-31T02:36:12.576+0000] {dagbag.py:532} INFO - Filling up the DagBag from /home/airflow/.local/lib/python3.7/site-packages/airflow/example_dags/example_sensors.py
[2023-03-31T02:36:12.712+0000] {processor.py:753} INFO - DAG(s) dict_keys(['example_sensors']) retrieved from /home/airflow/.local/lib/python3.7/site-packages/airflow/example_dags/example_sensors.py
[2023-03-31T02:36:12.868+0000] {logging_mixin.py:137} INFO - [2023-03-31T02:36:12.868+0000] {dag.py:2693} INFO - Sync 1 DAGs
[2023-03-31T02:36:12.981+0000] {logging_mixin.py:137} INFO - [2023-03-31T02:36:12.981+0000] {dag.py:3444} INFO - Setting next_dagrun for example_sensors to None, run_after=None
[2023-03-31T02:36:13.087+0000] {processor.py:175} INFO - Processing /home/airflow/.local/lib/python3.7/site-packages/airflow/example_dags/example_sensors.py took 0.546 seconds
[2023-03-31T02:36:43.980+0000] {processor.py:153} INFO - Started process (PID=106) to work on /home/airflow/.local/lib/python3.7/site-packages/airflow/example_dags/example_sensors.py
[2023-03-31T02:36:43.983+0000] {processor.py:743} INFO - Processing file /home/airflow/.local/lib/python3.7/site-packages/airflow/example_dags/example_sensors.py for tasks to queue
[2023-03-31T02:36:43.983+0000] {logging_mixin.py:137} INFO - [2023-03-31T02:36:43.983+0000] {dagbag.py:532} INFO - Filling up the DagBag from /home/airflow/.local/lib/python3.7/site-packages/airflow/example_dags/example_sensors.py
[2023-03-31T02:36:44.009+0000] {processor.py:753} INFO - DAG(s) dict_keys(['example_sensors']) retrieved from /home/airflow/.local/lib/python3.7/site-packages/airflow/example_dags/example_sensors.py
[2023-03-31T02:36:44.051+0000] {logging_mixin.py:137} INFO - [2023-03-31T02:36:44.050+0000] {dag.py:2693} INFO - Sync 1 DAGs
[2023-03-31T02:36:44.085+0000] {logging_mixin.py:137} INFO - [2023-03-31T02:36:44.084+0000] {dag.py:3444} INFO - Setting next_dagrun for example_sensors to None, run_after=None
[2023-03-31T02:36:44.118+0000] {processor.py:175} INFO - Processing /home/airflow/.local/lib/python3.7/site-packages/airflow/example_dags/example_sensors.py took 0.142 seconds
[2023-03-31T02:51:44.691+0000] {processor.py:153} INFO - Started process (PID=56) to work on /home/airflow/.local/lib/python3.7/site-packages/airflow/example_dags/example_sensors.py
[2023-03-31T02:51:44.701+0000] {processor.py:743} INFO - Processing file /home/airflow/.local/lib/python3.7/site-packages/airflow/example_dags/example_sensors.py for tasks to queue
[2023-03-31T02:51:44.702+0000] {logging_mixin.py:137} INFO - [2023-03-31T02:51:44.701+0000] {dagbag.py:532} INFO - Filling up the DagBag from /home/airflow/.local/lib/python3.7/site-packages/airflow/example_dags/example_sensors.py
[2023-03-31T02:51:44.851+0000] {processor.py:753} INFO - DAG(s) dict_keys(['example_sensors']) retrieved from /home/airflow/.local/lib/python3.7/site-packages/airflow/example_dags/example_sensors.py
[2023-03-31T02:51:45.117+0000] {logging_mixin.py:137} INFO - [2023-03-31T02:51:45.116+0000] {dag.py:2693} INFO - Sync 1 DAGs
[2023-03-31T02:51:45.266+0000] {logging_mixin.py:137} INFO - [2023-03-31T02:51:45.265+0000] {dag.py:3444} INFO - Setting next_dagrun for example_sensors to None, run_after=None
[2023-03-31T02:51:45.431+0000] {processor.py:175} INFO - Processing /home/airflow/.local/lib/python3.7/site-packages/airflow/example_dags/example_sensors.py took 0.762 seconds
[2023-03-31T02:52:15.589+0000] {processor.py:153} INFO - Started process (PID=106) to work on /home/airflow/.local/lib/python3.7/site-packages/airflow/example_dags/example_sensors.py
[2023-03-31T02:52:15.589+0000] {processor.py:743} INFO - Processing file /home/airflow/.local/lib/python3.7/site-packages/airflow/example_dags/example_sensors.py for tasks to queue
[2023-03-31T02:52:15.590+0000] {logging_mixin.py:137} INFO - [2023-03-31T02:52:15.590+0000] {dagbag.py:532} INFO - Filling up the DagBag from /home/airflow/.local/lib/python3.7/site-packages/airflow/example_dags/example_sensors.py
[2023-03-31T02:52:15.615+0000] {processor.py:753} INFO - DAG(s) dict_keys(['example_sensors']) retrieved from /home/airflow/.local/lib/python3.7/site-packages/airflow/example_dags/example_sensors.py
[2023-03-31T02:52:15.653+0000] {logging_mixin.py:137} INFO - [2023-03-31T02:52:15.653+0000] {dag.py:2693} INFO - Sync 1 DAGs
[2023-03-31T02:52:15.687+0000] {logging_mixin.py:137} INFO - [2023-03-31T02:52:15.687+0000] {dag.py:3444} INFO - Setting next_dagrun for example_sensors to None, run_after=None
[2023-03-31T02:52:15.711+0000] {processor.py:175} INFO - Processing /home/airflow/.local/lib/python3.7/site-packages/airflow/example_dags/example_sensors.py took 0.126 seconds
[2023-03-31T02:52:45.863+0000] {processor.py:153} INFO - Started process (PID=156) to work on /home/airflow/.local/lib/python3.7/site-packages/airflow/example_dags/example_sensors.py
[2023-03-31T02:52:45.865+0000] {processor.py:743} INFO - Processing file /home/airflow/.local/lib/python3.7/site-packages/airflow/example_dags/example_sensors.py for tasks to queue
[2023-03-31T02:52:45.865+0000] {logging_mixin.py:137} INFO - [2023-03-31T02:52:45.865+0000] {dagbag.py:532} INFO - Filling up the DagBag from /home/airflow/.local/lib/python3.7/site-packages/airflow/example_dags/example_sensors.py
[2023-03-31T02:52:45.891+0000] {processor.py:753} INFO - DAG(s) dict_keys(['example_sensors']) retrieved from /home/airflow/.local/lib/python3.7/site-packages/airflow/example_dags/example_sensors.py
[2023-03-31T02:52:45.930+0000] {logging_mixin.py:137} INFO - [2023-03-31T02:52:45.930+0000] {dag.py:2693} INFO - Sync 1 DAGs
[2023-03-31T02:52:45.962+0000] {logging_mixin.py:137} INFO - [2023-03-31T02:52:45.962+0000] {dag.py:3444} INFO - Setting next_dagrun for example_sensors to None, run_after=None
[2023-03-31T02:52:45.985+0000] {processor.py:175} INFO - Processing /home/airflow/.local/lib/python3.7/site-packages/airflow/example_dags/example_sensors.py took 0.125 seconds
[2023-03-31T02:53:16.710+0000] {processor.py:153} INFO - Started process (PID=206) to work on /home/airflow/.local/lib/python3.7/site-packages/airflow/example_dags/example_sensors.py
[2023-03-31T02:53:16.711+0000] {processor.py:743} INFO - Processing file /home/airflow/.local/lib/python3.7/site-packages/airflow/example_dags/example_sensors.py for tasks to queue
[2023-03-31T02:53:16.712+0000] {logging_mixin.py:137} INFO - [2023-03-31T02:53:16.712+0000] {dagbag.py:532} INFO - Filling up the DagBag from /home/airflow/.local/lib/python3.7/site-packages/airflow/example_dags/example_sensors.py
[2023-03-31T02:53:16.738+0000] {processor.py:753} INFO - DAG(s) dict_keys(['example_sensors']) retrieved from /home/airflow/.local/lib/python3.7/site-packages/airflow/example_dags/example_sensors.py
[2023-03-31T02:53:16.777+0000] {logging_mixin.py:137} INFO - [2023-03-31T02:53:16.777+0000] {dag.py:2693} INFO - Sync 1 DAGs
[2023-03-31T02:53:16.810+0000] {logging_mixin.py:137} INFO - [2023-03-31T02:53:16.810+0000] {dag.py:3444} INFO - Setting next_dagrun for example_sensors to None, run_after=None
[2023-03-31T02:53:16.832+0000] {processor.py:175} INFO - Processing /home/airflow/.local/lib/python3.7/site-packages/airflow/example_dags/example_sensors.py took 0.126 seconds
[2023-03-31T02:53:47.139+0000] {processor.py:153} INFO - Started process (PID=256) to work on /home/airflow/.local/lib/python3.7/site-packages/airflow/example_dags/example_sensors.py
[2023-03-31T02:53:47.140+0000] {processor.py:743} INFO - Processing file /home/airflow/.local/lib/python3.7/site-packages/airflow/example_dags/example_sensors.py for tasks to queue
[2023-03-31T02:53:47.141+0000] {logging_mixin.py:137} INFO - [2023-03-31T02:53:47.141+0000] {dagbag.py:532} INFO - Filling up the DagBag from /home/airflow/.local/lib/python3.7/site-packages/airflow/example_dags/example_sensors.py
[2023-03-31T02:53:47.166+0000] {processor.py:753} INFO - DAG(s) dict_keys(['example_sensors']) retrieved from /home/airflow/.local/lib/python3.7/site-packages/airflow/example_dags/example_sensors.py
[2023-03-31T02:53:47.205+0000] {logging_mixin.py:137} INFO - [2023-03-31T02:53:47.204+0000] {dag.py:2693} INFO - Sync 1 DAGs
[2023-03-31T02:53:47.239+0000] {logging_mixin.py:137} INFO - [2023-03-31T02:53:47.239+0000] {dag.py:3444} INFO - Setting next_dagrun for example_sensors to None, run_after=None
[2023-03-31T02:53:47.264+0000] {processor.py:175} INFO - Processing /home/airflow/.local/lib/python3.7/site-packages/airflow/example_dags/example_sensors.py took 0.129 seconds
[2023-03-31T02:54:17.405+0000] {processor.py:153} INFO - Started process (PID=307) to work on /home/airflow/.local/lib/python3.7/site-packages/airflow/example_dags/example_sensors.py
[2023-03-31T02:54:17.406+0000] {processor.py:743} INFO - Processing file /home/airflow/.local/lib/python3.7/site-packages/airflow/example_dags/example_sensors.py for tasks to queue
[2023-03-31T02:54:17.407+0000] {logging_mixin.py:137} INFO - [2023-03-31T02:54:17.407+0000] {dagbag.py:532} INFO - Filling up the DagBag from /home/airflow/.local/lib/python3.7/site-packages/airflow/example_dags/example_sensors.py
[2023-03-31T02:54:17.432+0000] {processor.py:753} INFO - DAG(s) dict_keys(['example_sensors']) retrieved from /home/airflow/.local/lib/python3.7/site-packages/airflow/example_dags/example_sensors.py
[2023-03-31T02:54:17.472+0000] {logging_mixin.py:137} INFO - [2023-03-31T02:54:17.472+0000] {dag.py:2693} INFO - Sync 1 DAGs
[2023-03-31T02:54:17.507+0000] {logging_mixin.py:137} INFO - [2023-03-31T02:54:17.507+0000] {dag.py:3444} INFO - Setting next_dagrun for example_sensors to None, run_after=None
[2023-03-31T02:54:17.530+0000] {processor.py:175} INFO - Processing /home/airflow/.local/lib/python3.7/site-packages/airflow/example_dags/example_sensors.py took 0.129 seconds
[2023-03-31T02:54:47.626+0000] {processor.py:153} INFO - Started process (PID=357) to work on /home/airflow/.local/lib/python3.7/site-packages/airflow/example_dags/example_sensors.py
[2023-03-31T02:54:47.628+0000] {processor.py:743} INFO - Processing file /home/airflow/.local/lib/python3.7/site-packages/airflow/example_dags/example_sensors.py for tasks to queue
[2023-03-31T02:54:47.628+0000] {logging_mixin.py:137} INFO - [2023-03-31T02:54:47.628+0000] {dagbag.py:532} INFO - Filling up the DagBag from /home/airflow/.local/lib/python3.7/site-packages/airflow/example_dags/example_sensors.py
[2023-03-31T02:54:47.653+0000] {processor.py:753} INFO - DAG(s) dict_keys(['example_sensors']) retrieved from /home/airflow/.local/lib/python3.7/site-packages/airflow/example_dags/example_sensors.py
[2023-03-31T02:54:47.694+0000] {logging_mixin.py:137} INFO - [2023-03-31T02:54:47.693+0000] {dag.py:2693} INFO - Sync 1 DAGs
[2023-03-31T02:54:47.726+0000] {logging_mixin.py:137} INFO - [2023-03-31T02:54:47.726+0000] {dag.py:3444} INFO - Setting next_dagrun for example_sensors to None, run_after=None
[2023-03-31T02:54:47.748+0000] {processor.py:175} INFO - Processing /home/airflow/.local/lib/python3.7/site-packages/airflow/example_dags/example_sensors.py took 0.127 seconds
[2023-03-31T02:55:17.949+0000] {processor.py:153} INFO - Started process (PID=407) to work on /home/airflow/.local/lib/python3.7/site-packages/airflow/example_dags/example_sensors.py
[2023-03-31T02:55:17.951+0000] {processor.py:743} INFO - Processing file /home/airflow/.local/lib/python3.7/site-packages/airflow/example_dags/example_sensors.py for tasks to queue
[2023-03-31T02:55:17.951+0000] {logging_mixin.py:137} INFO - [2023-03-31T02:55:17.951+0000] {dagbag.py:532} INFO - Filling up the DagBag from /home/airflow/.local/lib/python3.7/site-packages/airflow/example_dags/example_sensors.py
[2023-03-31T02:55:17.977+0000] {processor.py:753} INFO - DAG(s) dict_keys(['example_sensors']) retrieved from /home/airflow/.local/lib/python3.7/site-packages/airflow/example_dags/example_sensors.py
[2023-03-31T02:55:18.015+0000] {logging_mixin.py:137} INFO - [2023-03-31T02:55:18.015+0000] {dag.py:2693} INFO - Sync 1 DAGs
[2023-03-31T02:55:18.048+0000] {logging_mixin.py:137} INFO - [2023-03-31T02:55:18.047+0000] {dag.py:3444} INFO - Setting next_dagrun for example_sensors to None, run_after=None
[2023-03-31T02:55:18.072+0000] {processor.py:175} INFO - Processing /home/airflow/.local/lib/python3.7/site-packages/airflow/example_dags/example_sensors.py took 0.127 seconds
[2023-03-31T02:55:48.464+0000] {processor.py:153} INFO - Started process (PID=457) to work on /home/airflow/.local/lib/python3.7/site-packages/airflow/example_dags/example_sensors.py
[2023-03-31T02:55:48.465+0000] {processor.py:743} INFO - Processing file /home/airflow/.local/lib/python3.7/site-packages/airflow/example_dags/example_sensors.py for tasks to queue
[2023-03-31T02:55:48.466+0000] {logging_mixin.py:137} INFO - [2023-03-31T02:55:48.466+0000] {dagbag.py:532} INFO - Filling up the DagBag from /home/airflow/.local/lib/python3.7/site-packages/airflow/example_dags/example_sensors.py
[2023-03-31T02:55:48.493+0000] {processor.py:753} INFO - DAG(s) dict_keys(['example_sensors']) retrieved from /home/airflow/.local/lib/python3.7/site-packages/airflow/example_dags/example_sensors.py
[2023-03-31T02:55:48.533+0000] {logging_mixin.py:137} INFO - [2023-03-31T02:55:48.533+0000] {dag.py:2693} INFO - Sync 1 DAGs
[2023-03-31T02:55:48.568+0000] {logging_mixin.py:137} INFO - [2023-03-31T02:55:48.568+0000] {dag.py:3444} INFO - Setting next_dagrun for example_sensors to None, run_after=None
[2023-03-31T02:55:48.595+0000] {processor.py:175} INFO - Processing /home/airflow/.local/lib/python3.7/site-packages/airflow/example_dags/example_sensors.py took 0.134 seconds
[2023-03-31T02:56:19.295+0000] {processor.py:153} INFO - Started process (PID=508) to work on /home/airflow/.local/lib/python3.7/site-packages/airflow/example_dags/example_sensors.py
[2023-03-31T02:56:19.301+0000] {processor.py:743} INFO - Processing file /home/airflow/.local/lib/python3.7/site-packages/airflow/example_dags/example_sensors.py for tasks to queue
[2023-03-31T02:56:19.301+0000] {logging_mixin.py:137} INFO - [2023-03-31T02:56:19.301+0000] {dagbag.py:532} INFO - Filling up the DagBag from /home/airflow/.local/lib/python3.7/site-packages/airflow/example_dags/example_sensors.py
[2023-03-31T02:56:19.351+0000] {processor.py:753} INFO - DAG(s) dict_keys(['example_sensors']) retrieved from /home/airflow/.local/lib/python3.7/site-packages/airflow/example_dags/example_sensors.py
[2023-03-31T02:56:19.409+0000] {logging_mixin.py:137} INFO - [2023-03-31T02:56:19.409+0000] {dag.py:2693} INFO - Sync 1 DAGs
[2023-03-31T02:56:19.476+0000] {logging_mixin.py:137} INFO - [2023-03-31T02:56:19.476+0000] {dag.py:3444} INFO - Setting next_dagrun for example_sensors to None, run_after=None
[2023-03-31T02:56:19.499+0000] {processor.py:175} INFO - Processing /home/airflow/.local/lib/python3.7/site-packages/airflow/example_dags/example_sensors.py took 0.208 seconds
[2023-03-31T02:56:50.099+0000] {processor.py:153} INFO - Started process (PID=558) to work on /home/airflow/.local/lib/python3.7/site-packages/airflow/example_dags/example_sensors.py
[2023-03-31T02:56:50.113+0000] {processor.py:743} INFO - Processing file /home/airflow/.local/lib/python3.7/site-packages/airflow/example_dags/example_sensors.py for tasks to queue
[2023-03-31T02:56:50.118+0000] {logging_mixin.py:137} INFO - [2023-03-31T02:56:50.117+0000] {dagbag.py:532} INFO - Filling up the DagBag from /home/airflow/.local/lib/python3.7/site-packages/airflow/example_dags/example_sensors.py
[2023-03-31T02:56:50.217+0000] {processor.py:753} INFO - DAG(s) dict_keys(['example_sensors']) retrieved from /home/airflow/.local/lib/python3.7/site-packages/airflow/example_dags/example_sensors.py
[2023-03-31T02:56:50.349+0000] {logging_mixin.py:137} INFO - [2023-03-31T02:56:50.349+0000] {dag.py:2693} INFO - Sync 1 DAGs
[2023-03-31T02:56:50.473+0000] {logging_mixin.py:137} INFO - [2023-03-31T02:56:50.473+0000] {dag.py:3444} INFO - Setting next_dagrun for example_sensors to None, run_after=None
[2023-03-31T02:56:50.553+0000] {processor.py:175} INFO - Processing /home/airflow/.local/lib/python3.7/site-packages/airflow/example_dags/example_sensors.py took 0.469 seconds
[2023-03-31T02:57:20.637+0000] {processor.py:153} INFO - Started process (PID=609) to work on /home/airflow/.local/lib/python3.7/site-packages/airflow/example_dags/example_sensors.py
[2023-03-31T02:57:20.638+0000] {processor.py:743} INFO - Processing file /home/airflow/.local/lib/python3.7/site-packages/airflow/example_dags/example_sensors.py for tasks to queue
[2023-03-31T02:57:20.639+0000] {logging_mixin.py:137} INFO - [2023-03-31T02:57:20.639+0000] {dagbag.py:532} INFO - Filling up the DagBag from /home/airflow/.local/lib/python3.7/site-packages/airflow/example_dags/example_sensors.py
[2023-03-31T02:57:20.666+0000] {processor.py:753} INFO - DAG(s) dict_keys(['example_sensors']) retrieved from /home/airflow/.local/lib/python3.7/site-packages/airflow/example_dags/example_sensors.py
[2023-03-31T02:57:20.706+0000] {logging_mixin.py:137} INFO - [2023-03-31T02:57:20.706+0000] {dag.py:2693} INFO - Sync 1 DAGs
[2023-03-31T02:57:20.742+0000] {logging_mixin.py:137} INFO - [2023-03-31T02:57:20.742+0000] {dag.py:3444} INFO - Setting next_dagrun for example_sensors to None, run_after=None
[2023-03-31T02:57:20.767+0000] {processor.py:175} INFO - Processing /home/airflow/.local/lib/python3.7/site-packages/airflow/example_dags/example_sensors.py took 0.133 seconds
[2023-03-31T02:57:50.889+0000] {processor.py:153} INFO - Started process (PID=660) to work on /home/airflow/.local/lib/python3.7/site-packages/airflow/example_dags/example_sensors.py
[2023-03-31T02:57:50.891+0000] {processor.py:743} INFO - Processing file /home/airflow/.local/lib/python3.7/site-packages/airflow/example_dags/example_sensors.py for tasks to queue
[2023-03-31T02:57:50.892+0000] {logging_mixin.py:137} INFO - [2023-03-31T02:57:50.892+0000] {dagbag.py:532} INFO - Filling up the DagBag from /home/airflow/.local/lib/python3.7/site-packages/airflow/example_dags/example_sensors.py
[2023-03-31T02:57:50.918+0000] {processor.py:753} INFO - DAG(s) dict_keys(['example_sensors']) retrieved from /home/airflow/.local/lib/python3.7/site-packages/airflow/example_dags/example_sensors.py
[2023-03-31T02:57:50.974+0000] {logging_mixin.py:137} INFO - [2023-03-31T02:57:50.974+0000] {dag.py:2693} INFO - Sync 1 DAGs
[2023-03-31T02:57:51.012+0000] {logging_mixin.py:137} INFO - [2023-03-31T02:57:51.012+0000] {dag.py:3444} INFO - Setting next_dagrun for example_sensors to None, run_after=None
[2023-03-31T02:57:51.036+0000] {processor.py:175} INFO - Processing /home/airflow/.local/lib/python3.7/site-packages/airflow/example_dags/example_sensors.py took 0.151 seconds
[2023-03-31T02:58:21.601+0000] {processor.py:153} INFO - Started process (PID=711) to work on /home/airflow/.local/lib/python3.7/site-packages/airflow/example_dags/example_sensors.py
[2023-03-31T02:58:21.602+0000] {processor.py:743} INFO - Processing file /home/airflow/.local/lib/python3.7/site-packages/airflow/example_dags/example_sensors.py for tasks to queue
[2023-03-31T02:58:21.603+0000] {logging_mixin.py:137} INFO - [2023-03-31T02:58:21.603+0000] {dagbag.py:532} INFO - Filling up the DagBag from /home/airflow/.local/lib/python3.7/site-packages/airflow/example_dags/example_sensors.py
[2023-03-31T02:58:21.634+0000] {processor.py:753} INFO - DAG(s) dict_keys(['example_sensors']) retrieved from /home/airflow/.local/lib/python3.7/site-packages/airflow/example_dags/example_sensors.py
[2023-03-31T02:58:21.673+0000] {logging_mixin.py:137} INFO - [2023-03-31T02:58:21.673+0000] {dag.py:2693} INFO - Sync 1 DAGs
[2023-03-31T02:58:21.710+0000] {logging_mixin.py:137} INFO - [2023-03-31T02:58:21.710+0000] {dag.py:3444} INFO - Setting next_dagrun for example_sensors to None, run_after=None
[2023-03-31T02:58:21.733+0000] {processor.py:175} INFO - Processing /home/airflow/.local/lib/python3.7/site-packages/airflow/example_dags/example_sensors.py took 0.136 seconds
[2023-03-31T02:58:52.028+0000] {processor.py:153} INFO - Started process (PID=762) to work on /home/airflow/.local/lib/python3.7/site-packages/airflow/example_dags/example_sensors.py
[2023-03-31T02:58:52.029+0000] {processor.py:743} INFO - Processing file /home/airflow/.local/lib/python3.7/site-packages/airflow/example_dags/example_sensors.py for tasks to queue
[2023-03-31T02:58:52.030+0000] {logging_mixin.py:137} INFO - [2023-03-31T02:58:52.030+0000] {dagbag.py:532} INFO - Filling up the DagBag from /home/airflow/.local/lib/python3.7/site-packages/airflow/example_dags/example_sensors.py
[2023-03-31T02:58:52.057+0000] {processor.py:753} INFO - DAG(s) dict_keys(['example_sensors']) retrieved from /home/airflow/.local/lib/python3.7/site-packages/airflow/example_dags/example_sensors.py
[2023-03-31T02:58:52.100+0000] {logging_mixin.py:137} INFO - [2023-03-31T02:58:52.099+0000] {dag.py:2693} INFO - Sync 1 DAGs
[2023-03-31T02:58:52.136+0000] {logging_mixin.py:137} INFO - [2023-03-31T02:58:52.136+0000] {dag.py:3444} INFO - Setting next_dagrun for example_sensors to None, run_after=None
[2023-03-31T02:58:52.158+0000] {processor.py:175} INFO - Processing /home/airflow/.local/lib/python3.7/site-packages/airflow/example_dags/example_sensors.py took 0.135 seconds
[2023-03-31T02:59:22.812+0000] {processor.py:153} INFO - Started process (PID=814) to work on /home/airflow/.local/lib/python3.7/site-packages/airflow/example_dags/example_sensors.py
[2023-03-31T02:59:22.813+0000] {processor.py:743} INFO - Processing file /home/airflow/.local/lib/python3.7/site-packages/airflow/example_dags/example_sensors.py for tasks to queue
[2023-03-31T02:59:22.814+0000] {logging_mixin.py:137} INFO - [2023-03-31T02:59:22.814+0000] {dagbag.py:532} INFO - Filling up the DagBag from /home/airflow/.local/lib/python3.7/site-packages/airflow/example_dags/example_sensors.py
[2023-03-31T02:59:22.843+0000] {processor.py:753} INFO - DAG(s) dict_keys(['example_sensors']) retrieved from /home/airflow/.local/lib/python3.7/site-packages/airflow/example_dags/example_sensors.py
[2023-03-31T02:59:22.880+0000] {logging_mixin.py:137} INFO - [2023-03-31T02:59:22.880+0000] {dag.py:2693} INFO - Sync 1 DAGs
[2023-03-31T02:59:22.914+0000] {logging_mixin.py:137} INFO - [2023-03-31T02:59:22.914+0000] {dag.py:3444} INFO - Setting next_dagrun for example_sensors to None, run_after=None
[2023-03-31T02:59:22.937+0000] {processor.py:175} INFO - Processing /home/airflow/.local/lib/python3.7/site-packages/airflow/example_dags/example_sensors.py took 0.130 seconds
[2023-03-31T02:59:53.275+0000] {processor.py:153} INFO - Started process (PID=864) to work on /home/airflow/.local/lib/python3.7/site-packages/airflow/example_dags/example_sensors.py
[2023-03-31T02:59:53.277+0000] {processor.py:743} INFO - Processing file /home/airflow/.local/lib/python3.7/site-packages/airflow/example_dags/example_sensors.py for tasks to queue
[2023-03-31T02:59:53.277+0000] {logging_mixin.py:137} INFO - [2023-03-31T02:59:53.277+0000] {dagbag.py:532} INFO - Filling up the DagBag from /home/airflow/.local/lib/python3.7/site-packages/airflow/example_dags/example_sensors.py
[2023-03-31T02:59:53.303+0000] {processor.py:753} INFO - DAG(s) dict_keys(['example_sensors']) retrieved from /home/airflow/.local/lib/python3.7/site-packages/airflow/example_dags/example_sensors.py
[2023-03-31T02:59:53.342+0000] {logging_mixin.py:137} INFO - [2023-03-31T02:59:53.342+0000] {dag.py:2693} INFO - Sync 1 DAGs
[2023-03-31T02:59:53.376+0000] {logging_mixin.py:137} INFO - [2023-03-31T02:59:53.375+0000] {dag.py:3444} INFO - Setting next_dagrun for example_sensors to None, run_after=None
[2023-03-31T02:59:53.406+0000] {processor.py:175} INFO - Processing /home/airflow/.local/lib/python3.7/site-packages/airflow/example_dags/example_sensors.py took 0.135 seconds
[2023-03-31T03:00:23.779+0000] {processor.py:153} INFO - Started process (PID=914) to work on /home/airflow/.local/lib/python3.7/site-packages/airflow/example_dags/example_sensors.py
[2023-03-31T03:00:23.781+0000] {processor.py:743} INFO - Processing file /home/airflow/.local/lib/python3.7/site-packages/airflow/example_dags/example_sensors.py for tasks to queue
[2023-03-31T03:00:23.781+0000] {logging_mixin.py:137} INFO - [2023-03-31T03:00:23.781+0000] {dagbag.py:532} INFO - Filling up the DagBag from /home/airflow/.local/lib/python3.7/site-packages/airflow/example_dags/example_sensors.py
[2023-03-31T03:00:23.808+0000] {processor.py:753} INFO - DAG(s) dict_keys(['example_sensors']) retrieved from /home/airflow/.local/lib/python3.7/site-packages/airflow/example_dags/example_sensors.py
[2023-03-31T03:00:23.873+0000] {logging_mixin.py:137} INFO - [2023-03-31T03:00:23.873+0000] {dag.py:2693} INFO - Sync 1 DAGs
[2023-03-31T03:00:23.905+0000] {logging_mixin.py:137} INFO - [2023-03-31T03:00:23.905+0000] {dag.py:3444} INFO - Setting next_dagrun for example_sensors to None, run_after=None
[2023-03-31T03:00:23.927+0000] {processor.py:175} INFO - Processing /home/airflow/.local/lib/python3.7/site-packages/airflow/example_dags/example_sensors.py took 0.152 seconds
[2023-03-31T03:00:54.035+0000] {processor.py:153} INFO - Started process (PID=964) to work on /home/airflow/.local/lib/python3.7/site-packages/airflow/example_dags/example_sensors.py
[2023-03-31T03:00:54.035+0000] {processor.py:743} INFO - Processing file /home/airflow/.local/lib/python3.7/site-packages/airflow/example_dags/example_sensors.py for tasks to queue
[2023-03-31T03:00:54.036+0000] {logging_mixin.py:137} INFO - [2023-03-31T03:00:54.036+0000] {dagbag.py:532} INFO - Filling up the DagBag from /home/airflow/.local/lib/python3.7/site-packages/airflow/example_dags/example_sensors.py
[2023-03-31T03:00:54.063+0000] {processor.py:753} INFO - DAG(s) dict_keys(['example_sensors']) retrieved from /home/airflow/.local/lib/python3.7/site-packages/airflow/example_dags/example_sensors.py
[2023-03-31T03:00:54.132+0000] {logging_mixin.py:137} INFO - [2023-03-31T03:00:54.132+0000] {dag.py:2693} INFO - Sync 1 DAGs
[2023-03-31T03:00:54.172+0000] {logging_mixin.py:137} INFO - [2023-03-31T03:00:54.172+0000] {dag.py:3444} INFO - Setting next_dagrun for example_sensors to None, run_after=None
[2023-03-31T03:00:54.195+0000] {processor.py:175} INFO - Processing /home/airflow/.local/lib/python3.7/site-packages/airflow/example_dags/example_sensors.py took 0.165 seconds
[2023-03-31T03:01:24.860+0000] {processor.py:153} INFO - Started process (PID=1014) to work on /home/airflow/.local/lib/python3.7/site-packages/airflow/example_dags/example_sensors.py
[2023-03-31T03:01:24.867+0000] {processor.py:743} INFO - Processing file /home/airflow/.local/lib/python3.7/site-packages/airflow/example_dags/example_sensors.py for tasks to queue
[2023-03-31T03:01:24.867+0000] {logging_mixin.py:137} INFO - [2023-03-31T03:01:24.867+0000] {dagbag.py:532} INFO - Filling up the DagBag from /home/airflow/.local/lib/python3.7/site-packages/airflow/example_dags/example_sensors.py
[2023-03-31T03:01:24.911+0000] {processor.py:753} INFO - DAG(s) dict_keys(['example_sensors']) retrieved from /home/airflow/.local/lib/python3.7/site-packages/airflow/example_dags/example_sensors.py
[2023-03-31T03:01:25.049+0000] {logging_mixin.py:137} INFO - [2023-03-31T03:01:25.048+0000] {dag.py:2693} INFO - Sync 1 DAGs
[2023-03-31T03:01:25.100+0000] {logging_mixin.py:137} INFO - [2023-03-31T03:01:25.100+0000] {dag.py:3444} INFO - Setting next_dagrun for example_sensors to None, run_after=None
[2023-03-31T03:01:25.124+0000] {processor.py:175} INFO - Processing /home/airflow/.local/lib/python3.7/site-packages/airflow/example_dags/example_sensors.py took 0.270 seconds
[2023-03-31T03:01:56.032+0000] {processor.py:153} INFO - Started process (PID=1063) to work on /home/airflow/.local/lib/python3.7/site-packages/airflow/example_dags/example_sensors.py
[2023-03-31T03:01:56.034+0000] {processor.py:743} INFO - Processing file /home/airflow/.local/lib/python3.7/site-packages/airflow/example_dags/example_sensors.py for tasks to queue
[2023-03-31T03:01:56.034+0000] {logging_mixin.py:137} INFO - [2023-03-31T03:01:56.034+0000] {dagbag.py:532} INFO - Filling up the DagBag from /home/airflow/.local/lib/python3.7/site-packages/airflow/example_dags/example_sensors.py
[2023-03-31T03:01:56.089+0000] {processor.py:753} INFO - DAG(s) dict_keys(['example_sensors']) retrieved from /home/airflow/.local/lib/python3.7/site-packages/airflow/example_dags/example_sensors.py
[2023-03-31T03:01:56.167+0000] {logging_mixin.py:137} INFO - [2023-03-31T03:01:56.167+0000] {dag.py:2693} INFO - Sync 1 DAGs
[2023-03-31T03:01:56.225+0000] {logging_mixin.py:137} INFO - [2023-03-31T03:01:56.224+0000] {dag.py:3444} INFO - Setting next_dagrun for example_sensors to None, run_after=None
[2023-03-31T03:01:56.249+0000] {processor.py:175} INFO - Processing /home/airflow/.local/lib/python3.7/site-packages/airflow/example_dags/example_sensors.py took 0.229 seconds
[2023-03-31T03:02:26.566+0000] {processor.py:153} INFO - Started process (PID=1113) to work on /home/airflow/.local/lib/python3.7/site-packages/airflow/example_dags/example_sensors.py
[2023-03-31T03:02:26.567+0000] {processor.py:743} INFO - Processing file /home/airflow/.local/lib/python3.7/site-packages/airflow/example_dags/example_sensors.py for tasks to queue
[2023-03-31T03:02:26.568+0000] {logging_mixin.py:137} INFO - [2023-03-31T03:02:26.568+0000] {dagbag.py:532} INFO - Filling up the DagBag from /home/airflow/.local/lib/python3.7/site-packages/airflow/example_dags/example_sensors.py
[2023-03-31T03:02:26.594+0000] {processor.py:753} INFO - DAG(s) dict_keys(['example_sensors']) retrieved from /home/airflow/.local/lib/python3.7/site-packages/airflow/example_dags/example_sensors.py
[2023-03-31T03:02:26.659+0000] {logging_mixin.py:137} INFO - [2023-03-31T03:02:26.656+0000] {dag.py:2693} INFO - Sync 1 DAGs
[2023-03-31T03:02:26.730+0000] {logging_mixin.py:137} INFO - [2023-03-31T03:02:26.730+0000] {dag.py:3444} INFO - Setting next_dagrun for example_sensors to None, run_after=None
[2023-03-31T03:02:26.796+0000] {processor.py:175} INFO - Processing /home/airflow/.local/lib/python3.7/site-packages/airflow/example_dags/example_sensors.py took 0.234 seconds
[2023-03-31T03:02:57.774+0000] {processor.py:153} INFO - Started process (PID=1163) to work on /home/airflow/.local/lib/python3.7/site-packages/airflow/example_dags/example_sensors.py
[2023-03-31T03:02:57.776+0000] {processor.py:743} INFO - Processing file /home/airflow/.local/lib/python3.7/site-packages/airflow/example_dags/example_sensors.py for tasks to queue
[2023-03-31T03:02:57.777+0000] {logging_mixin.py:137} INFO - [2023-03-31T03:02:57.777+0000] {dagbag.py:532} INFO - Filling up the DagBag from /home/airflow/.local/lib/python3.7/site-packages/airflow/example_dags/example_sensors.py
[2023-03-31T03:02:57.832+0000] {processor.py:753} INFO - DAG(s) dict_keys(['example_sensors']) retrieved from /home/airflow/.local/lib/python3.7/site-packages/airflow/example_dags/example_sensors.py
[2023-03-31T03:02:57.929+0000] {logging_mixin.py:137} INFO - [2023-03-31T03:02:57.929+0000] {dag.py:2693} INFO - Sync 1 DAGs
[2023-03-31T03:02:57.993+0000] {logging_mixin.py:137} INFO - [2023-03-31T03:02:57.993+0000] {dag.py:3444} INFO - Setting next_dagrun for example_sensors to None, run_after=None
[2023-03-31T03:02:58.051+0000] {processor.py:175} INFO - Processing /home/airflow/.local/lib/python3.7/site-packages/airflow/example_dags/example_sensors.py took 0.283 seconds
[2023-03-31T03:03:28.936+0000] {processor.py:153} INFO - Started process (PID=1213) to work on /home/airflow/.local/lib/python3.7/site-packages/airflow/example_dags/example_sensors.py
[2023-03-31T03:03:28.937+0000] {processor.py:743} INFO - Processing file /home/airflow/.local/lib/python3.7/site-packages/airflow/example_dags/example_sensors.py for tasks to queue
[2023-03-31T03:03:28.938+0000] {logging_mixin.py:137} INFO - [2023-03-31T03:03:28.938+0000] {dagbag.py:532} INFO - Filling up the DagBag from /home/airflow/.local/lib/python3.7/site-packages/airflow/example_dags/example_sensors.py
[2023-03-31T03:03:28.967+0000] {processor.py:753} INFO - DAG(s) dict_keys(['example_sensors']) retrieved from /home/airflow/.local/lib/python3.7/site-packages/airflow/example_dags/example_sensors.py
[2023-03-31T03:03:29.008+0000] {logging_mixin.py:137} INFO - [2023-03-31T03:03:29.008+0000] {dag.py:2693} INFO - Sync 1 DAGs
[2023-03-31T03:03:29.041+0000] {logging_mixin.py:137} INFO - [2023-03-31T03:03:29.041+0000] {dag.py:3444} INFO - Setting next_dagrun for example_sensors to None, run_after=None
[2023-03-31T03:03:29.065+0000] {processor.py:175} INFO - Processing /home/airflow/.local/lib/python3.7/site-packages/airflow/example_dags/example_sensors.py took 0.133 seconds
[2023-03-31T03:03:59.305+0000] {processor.py:153} INFO - Started process (PID=1264) to work on /home/airflow/.local/lib/python3.7/site-packages/airflow/example_dags/example_sensors.py
[2023-03-31T03:03:59.307+0000] {processor.py:743} INFO - Processing file /home/airflow/.local/lib/python3.7/site-packages/airflow/example_dags/example_sensors.py for tasks to queue
[2023-03-31T03:03:59.308+0000] {logging_mixin.py:137} INFO - [2023-03-31T03:03:59.308+0000] {dagbag.py:532} INFO - Filling up the DagBag from /home/airflow/.local/lib/python3.7/site-packages/airflow/example_dags/example_sensors.py
[2023-03-31T03:03:59.335+0000] {processor.py:753} INFO - DAG(s) dict_keys(['example_sensors']) retrieved from /home/airflow/.local/lib/python3.7/site-packages/airflow/example_dags/example_sensors.py
[2023-03-31T03:03:59.375+0000] {logging_mixin.py:137} INFO - [2023-03-31T03:03:59.375+0000] {dag.py:2693} INFO - Sync 1 DAGs
[2023-03-31T03:03:59.409+0000] {logging_mixin.py:137} INFO - [2023-03-31T03:03:59.409+0000] {dag.py:3444} INFO - Setting next_dagrun for example_sensors to None, run_after=None
[2023-03-31T03:03:59.431+0000] {processor.py:175} INFO - Processing /home/airflow/.local/lib/python3.7/site-packages/airflow/example_dags/example_sensors.py took 0.130 seconds
[2023-03-31T03:04:29.918+0000] {processor.py:153} INFO - Started process (PID=1314) to work on /home/airflow/.local/lib/python3.7/site-packages/airflow/example_dags/example_sensors.py
[2023-03-31T03:04:29.919+0000] {processor.py:743} INFO - Processing file /home/airflow/.local/lib/python3.7/site-packages/airflow/example_dags/example_sensors.py for tasks to queue
[2023-03-31T03:04:29.920+0000] {logging_mixin.py:137} INFO - [2023-03-31T03:04:29.920+0000] {dagbag.py:532} INFO - Filling up the DagBag from /home/airflow/.local/lib/python3.7/site-packages/airflow/example_dags/example_sensors.py
[2023-03-31T03:04:29.945+0000] {processor.py:753} INFO - DAG(s) dict_keys(['example_sensors']) retrieved from /home/airflow/.local/lib/python3.7/site-packages/airflow/example_dags/example_sensors.py
[2023-03-31T03:04:29.986+0000] {logging_mixin.py:137} INFO - [2023-03-31T03:04:29.985+0000] {dag.py:2693} INFO - Sync 1 DAGs
[2023-03-31T03:04:30.021+0000] {logging_mixin.py:137} INFO - [2023-03-31T03:04:30.020+0000] {dag.py:3444} INFO - Setting next_dagrun for example_sensors to None, run_after=None
[2023-03-31T03:04:30.045+0000] {processor.py:175} INFO - Processing /home/airflow/.local/lib/python3.7/site-packages/airflow/example_dags/example_sensors.py took 0.132 seconds
[2023-03-31T03:05:00.581+0000] {processor.py:153} INFO - Started process (PID=1364) to work on /home/airflow/.local/lib/python3.7/site-packages/airflow/example_dags/example_sensors.py
[2023-03-31T03:05:00.582+0000] {processor.py:743} INFO - Processing file /home/airflow/.local/lib/python3.7/site-packages/airflow/example_dags/example_sensors.py for tasks to queue
[2023-03-31T03:05:00.583+0000] {logging_mixin.py:137} INFO - [2023-03-31T03:05:00.583+0000] {dagbag.py:532} INFO - Filling up the DagBag from /home/airflow/.local/lib/python3.7/site-packages/airflow/example_dags/example_sensors.py
[2023-03-31T03:05:00.610+0000] {processor.py:753} INFO - DAG(s) dict_keys(['example_sensors']) retrieved from /home/airflow/.local/lib/python3.7/site-packages/airflow/example_dags/example_sensors.py
[2023-03-31T03:05:00.679+0000] {logging_mixin.py:137} INFO - [2023-03-31T03:05:00.679+0000] {dag.py:2693} INFO - Sync 1 DAGs
[2023-03-31T03:05:00.719+0000] {logging_mixin.py:137} INFO - [2023-03-31T03:05:00.719+0000] {dag.py:3444} INFO - Setting next_dagrun for example_sensors to None, run_after=None
[2023-03-31T03:05:00.746+0000] {processor.py:175} INFO - Processing /home/airflow/.local/lib/python3.7/site-packages/airflow/example_dags/example_sensors.py took 0.169 seconds
[2023-03-31T03:05:31.048+0000] {processor.py:153} INFO - Started process (PID=1415) to work on /home/airflow/.local/lib/python3.7/site-packages/airflow/example_dags/example_sensors.py
[2023-03-31T03:05:31.049+0000] {processor.py:743} INFO - Processing file /home/airflow/.local/lib/python3.7/site-packages/airflow/example_dags/example_sensors.py for tasks to queue
[2023-03-31T03:05:31.049+0000] {logging_mixin.py:137} INFO - [2023-03-31T03:05:31.049+0000] {dagbag.py:532} INFO - Filling up the DagBag from /home/airflow/.local/lib/python3.7/site-packages/airflow/example_dags/example_sensors.py
[2023-03-31T03:05:31.075+0000] {processor.py:753} INFO - DAG(s) dict_keys(['example_sensors']) retrieved from /home/airflow/.local/lib/python3.7/site-packages/airflow/example_dags/example_sensors.py
[2023-03-31T03:05:31.119+0000] {logging_mixin.py:137} INFO - [2023-03-31T03:05:31.119+0000] {dag.py:2693} INFO - Sync 1 DAGs
[2023-03-31T03:05:31.153+0000] {logging_mixin.py:137} INFO - [2023-03-31T03:05:31.153+0000] {dag.py:3444} INFO - Setting next_dagrun for example_sensors to None, run_after=None
[2023-03-31T03:05:31.178+0000] {processor.py:175} INFO - Processing /home/airflow/.local/lib/python3.7/site-packages/airflow/example_dags/example_sensors.py took 0.134 seconds
[2023-03-31T03:06:01.391+0000] {processor.py:153} INFO - Started process (PID=1464) to work on /home/airflow/.local/lib/python3.7/site-packages/airflow/example_dags/example_sensors.py
[2023-03-31T03:06:01.392+0000] {processor.py:743} INFO - Processing file /home/airflow/.local/lib/python3.7/site-packages/airflow/example_dags/example_sensors.py for tasks to queue
[2023-03-31T03:06:01.393+0000] {logging_mixin.py:137} INFO - [2023-03-31T03:06:01.393+0000] {dagbag.py:532} INFO - Filling up the DagBag from /home/airflow/.local/lib/python3.7/site-packages/airflow/example_dags/example_sensors.py
[2023-03-31T03:06:01.420+0000] {processor.py:753} INFO - DAG(s) dict_keys(['example_sensors']) retrieved from /home/airflow/.local/lib/python3.7/site-packages/airflow/example_dags/example_sensors.py
[2023-03-31T03:06:01.465+0000] {logging_mixin.py:137} INFO - [2023-03-31T03:06:01.465+0000] {dag.py:2693} INFO - Sync 1 DAGs
[2023-03-31T03:06:01.501+0000] {logging_mixin.py:137} INFO - [2023-03-31T03:06:01.501+0000] {dag.py:3444} INFO - Setting next_dagrun for example_sensors to None, run_after=None
[2023-03-31T03:06:01.528+0000] {processor.py:175} INFO - Processing /home/airflow/.local/lib/python3.7/site-packages/airflow/example_dags/example_sensors.py took 0.141 seconds
[2023-03-31T03:06:31.873+0000] {processor.py:153} INFO - Started process (PID=1515) to work on /home/airflow/.local/lib/python3.7/site-packages/airflow/example_dags/example_sensors.py
[2023-03-31T03:06:31.874+0000] {processor.py:743} INFO - Processing file /home/airflow/.local/lib/python3.7/site-packages/airflow/example_dags/example_sensors.py for tasks to queue
[2023-03-31T03:06:31.875+0000] {logging_mixin.py:137} INFO - [2023-03-31T03:06:31.875+0000] {dagbag.py:532} INFO - Filling up the DagBag from /home/airflow/.local/lib/python3.7/site-packages/airflow/example_dags/example_sensors.py
[2023-03-31T03:06:31.948+0000] {processor.py:753} INFO - DAG(s) dict_keys(['example_sensors']) retrieved from /home/airflow/.local/lib/python3.7/site-packages/airflow/example_dags/example_sensors.py
[2023-03-31T03:06:32.055+0000] {logging_mixin.py:137} INFO - [2023-03-31T03:06:32.052+0000] {dag.py:2693} INFO - Sync 1 DAGs
[2023-03-31T03:06:32.149+0000] {logging_mixin.py:137} INFO - [2023-03-31T03:06:32.149+0000] {dag.py:3444} INFO - Setting next_dagrun for example_sensors to None, run_after=None
[2023-03-31T03:06:32.204+0000] {processor.py:175} INFO - Processing /home/airflow/.local/lib/python3.7/site-packages/airflow/example_dags/example_sensors.py took 0.342 seconds
[2023-03-31T03:07:02.773+0000] {processor.py:153} INFO - Started process (PID=1565) to work on /home/airflow/.local/lib/python3.7/site-packages/airflow/example_dags/example_sensors.py
[2023-03-31T03:07:02.774+0000] {processor.py:743} INFO - Processing file /home/airflow/.local/lib/python3.7/site-packages/airflow/example_dags/example_sensors.py for tasks to queue
[2023-03-31T03:07:02.775+0000] {logging_mixin.py:137} INFO - [2023-03-31T03:07:02.774+0000] {dagbag.py:532} INFO - Filling up the DagBag from /home/airflow/.local/lib/python3.7/site-packages/airflow/example_dags/example_sensors.py
[2023-03-31T03:07:02.804+0000] {processor.py:753} INFO - DAG(s) dict_keys(['example_sensors']) retrieved from /home/airflow/.local/lib/python3.7/site-packages/airflow/example_dags/example_sensors.py
[2023-03-31T03:07:02.844+0000] {logging_mixin.py:137} INFO - [2023-03-31T03:07:02.843+0000] {dag.py:2693} INFO - Sync 1 DAGs
[2023-03-31T03:07:02.876+0000] {logging_mixin.py:137} INFO - [2023-03-31T03:07:02.876+0000] {dag.py:3444} INFO - Setting next_dagrun for example_sensors to None, run_after=None
[2023-03-31T03:07:02.902+0000] {processor.py:175} INFO - Processing /home/airflow/.local/lib/python3.7/site-packages/airflow/example_dags/example_sensors.py took 0.134 seconds
[2023-03-31T03:07:33.726+0000] {processor.py:153} INFO - Started process (PID=1614) to work on /home/airflow/.local/lib/python3.7/site-packages/airflow/example_dags/example_sensors.py
[2023-03-31T03:07:33.727+0000] {processor.py:743} INFO - Processing file /home/airflow/.local/lib/python3.7/site-packages/airflow/example_dags/example_sensors.py for tasks to queue
[2023-03-31T03:07:33.728+0000] {logging_mixin.py:137} INFO - [2023-03-31T03:07:33.728+0000] {dagbag.py:532} INFO - Filling up the DagBag from /home/airflow/.local/lib/python3.7/site-packages/airflow/example_dags/example_sensors.py
[2023-03-31T03:07:33.755+0000] {processor.py:753} INFO - DAG(s) dict_keys(['example_sensors']) retrieved from /home/airflow/.local/lib/python3.7/site-packages/airflow/example_dags/example_sensors.py
[2023-03-31T03:07:33.795+0000] {logging_mixin.py:137} INFO - [2023-03-31T03:07:33.794+0000] {dag.py:2693} INFO - Sync 1 DAGs
[2023-03-31T03:07:33.831+0000] {logging_mixin.py:137} INFO - [2023-03-31T03:07:33.831+0000] {dag.py:3444} INFO - Setting next_dagrun for example_sensors to None, run_after=None
[2023-03-31T03:07:33.860+0000] {processor.py:175} INFO - Processing /home/airflow/.local/lib/python3.7/site-packages/airflow/example_dags/example_sensors.py took 0.140 seconds
[2023-03-31T03:08:04.467+0000] {processor.py:153} INFO - Started process (PID=1664) to work on /home/airflow/.local/lib/python3.7/site-packages/airflow/example_dags/example_sensors.py
[2023-03-31T03:08:04.478+0000] {processor.py:743} INFO - Processing file /home/airflow/.local/lib/python3.7/site-packages/airflow/example_dags/example_sensors.py for tasks to queue
[2023-03-31T03:08:04.479+0000] {logging_mixin.py:137} INFO - [2023-03-31T03:08:04.479+0000] {dagbag.py:532} INFO - Filling up the DagBag from /home/airflow/.local/lib/python3.7/site-packages/airflow/example_dags/example_sensors.py
[2023-03-31T03:08:04.531+0000] {processor.py:753} INFO - DAG(s) dict_keys(['example_sensors']) retrieved from /home/airflow/.local/lib/python3.7/site-packages/airflow/example_dags/example_sensors.py
[2023-03-31T03:08:04.696+0000] {logging_mixin.py:137} INFO - [2023-03-31T03:08:04.696+0000] {dag.py:2693} INFO - Sync 1 DAGs
[2023-03-31T03:08:04.774+0000] {logging_mixin.py:137} INFO - [2023-03-31T03:08:04.774+0000] {dag.py:3444} INFO - Setting next_dagrun for example_sensors to None, run_after=None
[2023-03-31T03:08:04.823+0000] {processor.py:175} INFO - Processing /home/airflow/.local/lib/python3.7/site-packages/airflow/example_dags/example_sensors.py took 0.360 seconds
[2023-03-31T03:08:35.603+0000] {processor.py:153} INFO - Started process (PID=1714) to work on /home/airflow/.local/lib/python3.7/site-packages/airflow/example_dags/example_sensors.py
[2023-03-31T03:08:35.604+0000] {processor.py:743} INFO - Processing file /home/airflow/.local/lib/python3.7/site-packages/airflow/example_dags/example_sensors.py for tasks to queue
[2023-03-31T03:08:35.605+0000] {logging_mixin.py:137} INFO - [2023-03-31T03:08:35.605+0000] {dagbag.py:532} INFO - Filling up the DagBag from /home/airflow/.local/lib/python3.7/site-packages/airflow/example_dags/example_sensors.py
[2023-03-31T03:08:35.665+0000] {processor.py:753} INFO - DAG(s) dict_keys(['example_sensors']) retrieved from /home/airflow/.local/lib/python3.7/site-packages/airflow/example_dags/example_sensors.py
[2023-03-31T03:08:35.741+0000] {logging_mixin.py:137} INFO - [2023-03-31T03:08:35.740+0000] {dag.py:2693} INFO - Sync 1 DAGs
[2023-03-31T03:08:35.801+0000] {logging_mixin.py:137} INFO - [2023-03-31T03:08:35.801+0000] {dag.py:3444} INFO - Setting next_dagrun for example_sensors to None, run_after=None
[2023-03-31T03:08:35.842+0000] {processor.py:175} INFO - Processing /home/airflow/.local/lib/python3.7/site-packages/airflow/example_dags/example_sensors.py took 0.248 seconds
[2023-03-31T03:09:06.125+0000] {processor.py:153} INFO - Started process (PID=1764) to work on /home/airflow/.local/lib/python3.7/site-packages/airflow/example_dags/example_sensors.py
[2023-03-31T03:09:06.126+0000] {processor.py:743} INFO - Processing file /home/airflow/.local/lib/python3.7/site-packages/airflow/example_dags/example_sensors.py for tasks to queue
[2023-03-31T03:09:06.127+0000] {logging_mixin.py:137} INFO - [2023-03-31T03:09:06.127+0000] {dagbag.py:532} INFO - Filling up the DagBag from /home/airflow/.local/lib/python3.7/site-packages/airflow/example_dags/example_sensors.py
[2023-03-31T03:09:06.153+0000] {processor.py:753} INFO - DAG(s) dict_keys(['example_sensors']) retrieved from /home/airflow/.local/lib/python3.7/site-packages/airflow/example_dags/example_sensors.py
[2023-03-31T03:09:06.203+0000] {logging_mixin.py:137} INFO - [2023-03-31T03:09:06.202+0000] {dag.py:2693} INFO - Sync 1 DAGs
[2023-03-31T03:09:06.246+0000] {logging_mixin.py:137} INFO - [2023-03-31T03:09:06.246+0000] {dag.py:3444} INFO - Setting next_dagrun for example_sensors to None, run_after=None
[2023-03-31T03:09:06.283+0000] {processor.py:175} INFO - Processing /home/airflow/.local/lib/python3.7/site-packages/airflow/example_dags/example_sensors.py took 0.162 seconds
[2023-03-31T03:09:36.775+0000] {processor.py:153} INFO - Started process (PID=1814) to work on /home/airflow/.local/lib/python3.7/site-packages/airflow/example_dags/example_sensors.py
[2023-03-31T03:09:36.781+0000] {processor.py:743} INFO - Processing file /home/airflow/.local/lib/python3.7/site-packages/airflow/example_dags/example_sensors.py for tasks to queue
[2023-03-31T03:09:36.782+0000] {logging_mixin.py:137} INFO - [2023-03-31T03:09:36.782+0000] {dagbag.py:532} INFO - Filling up the DagBag from /home/airflow/.local/lib/python3.7/site-packages/airflow/example_dags/example_sensors.py
[2023-03-31T03:09:36.878+0000] {processor.py:753} INFO - DAG(s) dict_keys(['example_sensors']) retrieved from /home/airflow/.local/lib/python3.7/site-packages/airflow/example_dags/example_sensors.py
[2023-03-31T03:09:36.946+0000] {logging_mixin.py:137} INFO - [2023-03-31T03:09:36.945+0000] {dag.py:2693} INFO - Sync 1 DAGs
[2023-03-31T03:09:37.013+0000] {logging_mixin.py:137} INFO - [2023-03-31T03:09:37.013+0000] {dag.py:3444} INFO - Setting next_dagrun for example_sensors to None, run_after=None
[2023-03-31T03:09:37.051+0000] {processor.py:175} INFO - Processing /home/airflow/.local/lib/python3.7/site-packages/airflow/example_dags/example_sensors.py took 0.284 seconds
[2023-03-31T03:10:07.826+0000] {processor.py:153} INFO - Started process (PID=1863) to work on /home/airflow/.local/lib/python3.7/site-packages/airflow/example_dags/example_sensors.py
[2023-03-31T03:10:07.828+0000] {processor.py:743} INFO - Processing file /home/airflow/.local/lib/python3.7/site-packages/airflow/example_dags/example_sensors.py for tasks to queue
[2023-03-31T03:10:07.829+0000] {logging_mixin.py:137} INFO - [2023-03-31T03:10:07.828+0000] {dagbag.py:532} INFO - Filling up the DagBag from /home/airflow/.local/lib/python3.7/site-packages/airflow/example_dags/example_sensors.py
[2023-03-31T03:10:07.854+0000] {processor.py:753} INFO - DAG(s) dict_keys(['example_sensors']) retrieved from /home/airflow/.local/lib/python3.7/site-packages/airflow/example_dags/example_sensors.py
[2023-03-31T03:10:07.895+0000] {logging_mixin.py:137} INFO - [2023-03-31T03:10:07.895+0000] {dag.py:2693} INFO - Sync 1 DAGs
[2023-03-31T03:10:07.929+0000] {logging_mixin.py:137} INFO - [2023-03-31T03:10:07.929+0000] {dag.py:3444} INFO - Setting next_dagrun for example_sensors to None, run_after=None
[2023-03-31T03:10:07.952+0000] {processor.py:175} INFO - Processing /home/airflow/.local/lib/python3.7/site-packages/airflow/example_dags/example_sensors.py took 0.130 seconds
[2023-03-31T03:10:38.098+0000] {processor.py:153} INFO - Started process (PID=1913) to work on /home/airflow/.local/lib/python3.7/site-packages/airflow/example_dags/example_sensors.py
[2023-03-31T03:10:38.099+0000] {processor.py:743} INFO - Processing file /home/airflow/.local/lib/python3.7/site-packages/airflow/example_dags/example_sensors.py for tasks to queue
[2023-03-31T03:10:38.100+0000] {logging_mixin.py:137} INFO - [2023-03-31T03:10:38.100+0000] {dagbag.py:532} INFO - Filling up the DagBag from /home/airflow/.local/lib/python3.7/site-packages/airflow/example_dags/example_sensors.py
[2023-03-31T03:10:38.131+0000] {processor.py:753} INFO - DAG(s) dict_keys(['example_sensors']) retrieved from /home/airflow/.local/lib/python3.7/site-packages/airflow/example_dags/example_sensors.py
[2023-03-31T03:10:38.178+0000] {logging_mixin.py:137} INFO - [2023-03-31T03:10:38.178+0000] {dag.py:2693} INFO - Sync 1 DAGs
[2023-03-31T03:10:38.211+0000] {logging_mixin.py:137} INFO - [2023-03-31T03:10:38.211+0000] {dag.py:3444} INFO - Setting next_dagrun for example_sensors to None, run_after=None
[2023-03-31T03:10:38.235+0000] {processor.py:175} INFO - Processing /home/airflow/.local/lib/python3.7/site-packages/airflow/example_dags/example_sensors.py took 0.141 seconds
[2023-03-31T03:11:08.641+0000] {processor.py:153} INFO - Started process (PID=1963) to work on /home/airflow/.local/lib/python3.7/site-packages/airflow/example_dags/example_sensors.py
[2023-03-31T03:11:08.643+0000] {processor.py:743} INFO - Processing file /home/airflow/.local/lib/python3.7/site-packages/airflow/example_dags/example_sensors.py for tasks to queue
[2023-03-31T03:11:08.644+0000] {logging_mixin.py:137} INFO - [2023-03-31T03:11:08.643+0000] {dagbag.py:532} INFO - Filling up the DagBag from /home/airflow/.local/lib/python3.7/site-packages/airflow/example_dags/example_sensors.py
[2023-03-31T03:11:08.670+0000] {processor.py:753} INFO - DAG(s) dict_keys(['example_sensors']) retrieved from /home/airflow/.local/lib/python3.7/site-packages/airflow/example_dags/example_sensors.py
[2023-03-31T03:11:08.711+0000] {logging_mixin.py:137} INFO - [2023-03-31T03:11:08.710+0000] {dag.py:2693} INFO - Sync 1 DAGs
[2023-03-31T03:11:08.744+0000] {logging_mixin.py:137} INFO - [2023-03-31T03:11:08.744+0000] {dag.py:3444} INFO - Setting next_dagrun for example_sensors to None, run_after=None
[2023-03-31T03:11:08.770+0000] {processor.py:175} INFO - Processing /home/airflow/.local/lib/python3.7/site-packages/airflow/example_dags/example_sensors.py took 0.133 seconds
[2023-03-31T03:11:38.940+0000] {processor.py:153} INFO - Started process (PID=2014) to work on /home/airflow/.local/lib/python3.7/site-packages/airflow/example_dags/example_sensors.py
[2023-03-31T03:11:38.944+0000] {processor.py:743} INFO - Processing file /home/airflow/.local/lib/python3.7/site-packages/airflow/example_dags/example_sensors.py for tasks to queue
[2023-03-31T03:11:38.945+0000] {logging_mixin.py:137} INFO - [2023-03-31T03:11:38.945+0000] {dagbag.py:532} INFO - Filling up the DagBag from /home/airflow/.local/lib/python3.7/site-packages/airflow/example_dags/example_sensors.py
[2023-03-31T03:11:38.978+0000] {processor.py:753} INFO - DAG(s) dict_keys(['example_sensors']) retrieved from /home/airflow/.local/lib/python3.7/site-packages/airflow/example_dags/example_sensors.py
[2023-03-31T03:11:39.021+0000] {logging_mixin.py:137} INFO - [2023-03-31T03:11:39.020+0000] {dag.py:2693} INFO - Sync 1 DAGs
[2023-03-31T03:11:39.062+0000] {logging_mixin.py:137} INFO - [2023-03-31T03:11:39.061+0000] {dag.py:3444} INFO - Setting next_dagrun for example_sensors to None, run_after=None
[2023-03-31T03:11:39.090+0000] {processor.py:175} INFO - Processing /home/airflow/.local/lib/python3.7/site-packages/airflow/example_dags/example_sensors.py took 0.154 seconds
[2023-03-31T03:12:09.650+0000] {processor.py:153} INFO - Started process (PID=2064) to work on /home/airflow/.local/lib/python3.7/site-packages/airflow/example_dags/example_sensors.py
[2023-03-31T03:12:09.651+0000] {processor.py:743} INFO - Processing file /home/airflow/.local/lib/python3.7/site-packages/airflow/example_dags/example_sensors.py for tasks to queue
[2023-03-31T03:12:09.652+0000] {logging_mixin.py:137} INFO - [2023-03-31T03:12:09.652+0000] {dagbag.py:532} INFO - Filling up the DagBag from /home/airflow/.local/lib/python3.7/site-packages/airflow/example_dags/example_sensors.py
[2023-03-31T03:12:09.677+0000] {processor.py:753} INFO - DAG(s) dict_keys(['example_sensors']) retrieved from /home/airflow/.local/lib/python3.7/site-packages/airflow/example_dags/example_sensors.py
[2023-03-31T03:12:09.715+0000] {logging_mixin.py:137} INFO - [2023-03-31T03:12:09.715+0000] {dag.py:2693} INFO - Sync 1 DAGs
[2023-03-31T03:12:09.748+0000] {logging_mixin.py:137} INFO - [2023-03-31T03:12:09.748+0000] {dag.py:3444} INFO - Setting next_dagrun for example_sensors to None, run_after=None
[2023-03-31T03:12:09.770+0000] {processor.py:175} INFO - Processing /home/airflow/.local/lib/python3.7/site-packages/airflow/example_dags/example_sensors.py took 0.123 seconds
[2023-03-31T03:12:40.369+0000] {processor.py:153} INFO - Started process (PID=2114) to work on /home/airflow/.local/lib/python3.7/site-packages/airflow/example_dags/example_sensors.py
[2023-03-31T03:12:40.370+0000] {processor.py:743} INFO - Processing file /home/airflow/.local/lib/python3.7/site-packages/airflow/example_dags/example_sensors.py for tasks to queue
[2023-03-31T03:12:40.371+0000] {logging_mixin.py:137} INFO - [2023-03-31T03:12:40.371+0000] {dagbag.py:532} INFO - Filling up the DagBag from /home/airflow/.local/lib/python3.7/site-packages/airflow/example_dags/example_sensors.py
[2023-03-31T03:12:40.397+0000] {processor.py:753} INFO - DAG(s) dict_keys(['example_sensors']) retrieved from /home/airflow/.local/lib/python3.7/site-packages/airflow/example_dags/example_sensors.py
[2023-03-31T03:12:40.438+0000] {logging_mixin.py:137} INFO - [2023-03-31T03:12:40.438+0000] {dag.py:2693} INFO - Sync 1 DAGs
[2023-03-31T03:12:40.471+0000] {logging_mixin.py:137} INFO - [2023-03-31T03:12:40.471+0000] {dag.py:3444} INFO - Setting next_dagrun for example_sensors to None, run_after=None
[2023-03-31T03:12:40.493+0000] {processor.py:175} INFO - Processing /home/airflow/.local/lib/python3.7/site-packages/airflow/example_dags/example_sensors.py took 0.128 seconds
[2023-03-31T03:13:11.297+0000] {processor.py:153} INFO - Started process (PID=2164) to work on /home/airflow/.local/lib/python3.7/site-packages/airflow/example_dags/example_sensors.py
[2023-03-31T03:13:11.298+0000] {processor.py:743} INFO - Processing file /home/airflow/.local/lib/python3.7/site-packages/airflow/example_dags/example_sensors.py for tasks to queue
[2023-03-31T03:13:11.300+0000] {logging_mixin.py:137} INFO - [2023-03-31T03:13:11.300+0000] {dagbag.py:532} INFO - Filling up the DagBag from /home/airflow/.local/lib/python3.7/site-packages/airflow/example_dags/example_sensors.py
[2023-03-31T03:13:11.325+0000] {processor.py:753} INFO - DAG(s) dict_keys(['example_sensors']) retrieved from /home/airflow/.local/lib/python3.7/site-packages/airflow/example_dags/example_sensors.py
[2023-03-31T03:13:11.364+0000] {logging_mixin.py:137} INFO - [2023-03-31T03:13:11.364+0000] {dag.py:2693} INFO - Sync 1 DAGs
[2023-03-31T03:13:11.407+0000] {logging_mixin.py:137} INFO - [2023-03-31T03:13:11.406+0000] {dag.py:3444} INFO - Setting next_dagrun for example_sensors to None, run_after=None
[2023-03-31T03:13:11.429+0000] {processor.py:175} INFO - Processing /home/airflow/.local/lib/python3.7/site-packages/airflow/example_dags/example_sensors.py took 0.136 seconds
[2023-03-31T03:13:41.964+0000] {processor.py:153} INFO - Started process (PID=2214) to work on /home/airflow/.local/lib/python3.7/site-packages/airflow/example_dags/example_sensors.py
[2023-03-31T03:13:41.965+0000] {processor.py:743} INFO - Processing file /home/airflow/.local/lib/python3.7/site-packages/airflow/example_dags/example_sensors.py for tasks to queue
[2023-03-31T03:13:41.966+0000] {logging_mixin.py:137} INFO - [2023-03-31T03:13:41.966+0000] {dagbag.py:532} INFO - Filling up the DagBag from /home/airflow/.local/lib/python3.7/site-packages/airflow/example_dags/example_sensors.py
[2023-03-31T03:13:41.991+0000] {processor.py:753} INFO - DAG(s) dict_keys(['example_sensors']) retrieved from /home/airflow/.local/lib/python3.7/site-packages/airflow/example_dags/example_sensors.py
[2023-03-31T03:13:42.027+0000] {logging_mixin.py:137} INFO - [2023-03-31T03:13:42.027+0000] {dag.py:2693} INFO - Sync 1 DAGs
[2023-03-31T03:13:42.060+0000] {logging_mixin.py:137} INFO - [2023-03-31T03:13:42.059+0000] {dag.py:3444} INFO - Setting next_dagrun for example_sensors to None, run_after=None
[2023-03-31T03:13:42.085+0000] {processor.py:175} INFO - Processing /home/airflow/.local/lib/python3.7/site-packages/airflow/example_dags/example_sensors.py took 0.125 seconds
[2023-03-31T03:14:12.670+0000] {processor.py:153} INFO - Started process (PID=2264) to work on /home/airflow/.local/lib/python3.7/site-packages/airflow/example_dags/example_sensors.py
[2023-03-31T03:14:12.676+0000] {processor.py:743} INFO - Processing file /home/airflow/.local/lib/python3.7/site-packages/airflow/example_dags/example_sensors.py for tasks to queue
[2023-03-31T03:14:12.677+0000] {logging_mixin.py:137} INFO - [2023-03-31T03:14:12.677+0000] {dagbag.py:532} INFO - Filling up the DagBag from /home/airflow/.local/lib/python3.7/site-packages/airflow/example_dags/example_sensors.py
[2023-03-31T03:14:12.749+0000] {processor.py:753} INFO - DAG(s) dict_keys(['example_sensors']) retrieved from /home/airflow/.local/lib/python3.7/site-packages/airflow/example_dags/example_sensors.py
[2023-03-31T03:14:12.808+0000] {logging_mixin.py:137} INFO - [2023-03-31T03:14:12.808+0000] {dag.py:2693} INFO - Sync 1 DAGs
[2023-03-31T03:14:12.841+0000] {logging_mixin.py:137} INFO - [2023-03-31T03:14:12.841+0000] {dag.py:3444} INFO - Setting next_dagrun for example_sensors to None, run_after=None
[2023-03-31T03:14:12.877+0000] {processor.py:175} INFO - Processing /home/airflow/.local/lib/python3.7/site-packages/airflow/example_dags/example_sensors.py took 0.223 seconds
[2023-03-31T03:14:43.120+0000] {processor.py:153} INFO - Started process (PID=2314) to work on /home/airflow/.local/lib/python3.7/site-packages/airflow/example_dags/example_sensors.py
[2023-03-31T03:14:43.121+0000] {processor.py:743} INFO - Processing file /home/airflow/.local/lib/python3.7/site-packages/airflow/example_dags/example_sensors.py for tasks to queue
[2023-03-31T03:14:43.122+0000] {logging_mixin.py:137} INFO - [2023-03-31T03:14:43.121+0000] {dagbag.py:532} INFO - Filling up the DagBag from /home/airflow/.local/lib/python3.7/site-packages/airflow/example_dags/example_sensors.py
[2023-03-31T03:14:43.148+0000] {processor.py:753} INFO - DAG(s) dict_keys(['example_sensors']) retrieved from /home/airflow/.local/lib/python3.7/site-packages/airflow/example_dags/example_sensors.py
[2023-03-31T03:14:43.187+0000] {logging_mixin.py:137} INFO - [2023-03-31T03:14:43.187+0000] {dag.py:2693} INFO - Sync 1 DAGs
[2023-03-31T03:14:43.221+0000] {logging_mixin.py:137} INFO - [2023-03-31T03:14:43.221+0000] {dag.py:3444} INFO - Setting next_dagrun for example_sensors to None, run_after=None
[2023-03-31T03:14:43.246+0000] {processor.py:175} INFO - Processing /home/airflow/.local/lib/python3.7/site-packages/airflow/example_dags/example_sensors.py took 0.130 seconds
[2023-03-31T03:15:13.950+0000] {processor.py:153} INFO - Started process (PID=2364) to work on /home/airflow/.local/lib/python3.7/site-packages/airflow/example_dags/example_sensors.py
[2023-03-31T03:15:13.952+0000] {processor.py:743} INFO - Processing file /home/airflow/.local/lib/python3.7/site-packages/airflow/example_dags/example_sensors.py for tasks to queue
[2023-03-31T03:15:13.952+0000] {logging_mixin.py:137} INFO - [2023-03-31T03:15:13.952+0000] {dagbag.py:532} INFO - Filling up the DagBag from /home/airflow/.local/lib/python3.7/site-packages/airflow/example_dags/example_sensors.py
[2023-03-31T03:15:13.993+0000] {processor.py:753} INFO - DAG(s) dict_keys(['example_sensors']) retrieved from /home/airflow/.local/lib/python3.7/site-packages/airflow/example_dags/example_sensors.py
[2023-03-31T03:15:14.056+0000] {logging_mixin.py:137} INFO - [2023-03-31T03:15:14.055+0000] {dag.py:2693} INFO - Sync 1 DAGs
[2023-03-31T03:15:14.089+0000] {logging_mixin.py:137} INFO - [2023-03-31T03:15:14.089+0000] {dag.py:3444} INFO - Setting next_dagrun for example_sensors to None, run_after=None
[2023-03-31T03:15:14.111+0000] {processor.py:175} INFO - Processing /home/airflow/.local/lib/python3.7/site-packages/airflow/example_dags/example_sensors.py took 0.166 seconds
[2023-03-31T03:15:44.464+0000] {processor.py:153} INFO - Started process (PID=2414) to work on /home/airflow/.local/lib/python3.7/site-packages/airflow/example_dags/example_sensors.py
[2023-03-31T03:15:44.473+0000] {processor.py:743} INFO - Processing file /home/airflow/.local/lib/python3.7/site-packages/airflow/example_dags/example_sensors.py for tasks to queue
[2023-03-31T03:15:44.474+0000] {logging_mixin.py:137} INFO - [2023-03-31T03:15:44.473+0000] {dagbag.py:532} INFO - Filling up the DagBag from /home/airflow/.local/lib/python3.7/site-packages/airflow/example_dags/example_sensors.py
[2023-03-31T03:15:44.529+0000] {processor.py:753} INFO - DAG(s) dict_keys(['example_sensors']) retrieved from /home/airflow/.local/lib/python3.7/site-packages/airflow/example_dags/example_sensors.py
[2023-03-31T03:15:44.577+0000] {logging_mixin.py:137} INFO - [2023-03-31T03:15:44.577+0000] {dag.py:2693} INFO - Sync 1 DAGs
[2023-03-31T03:15:44.649+0000] {logging_mixin.py:137} INFO - [2023-03-31T03:15:44.649+0000] {dag.py:3444} INFO - Setting next_dagrun for example_sensors to None, run_after=None
[2023-03-31T03:15:44.688+0000] {processor.py:175} INFO - Processing /home/airflow/.local/lib/python3.7/site-packages/airflow/example_dags/example_sensors.py took 0.229 seconds
[2023-03-31T03:16:15.532+0000] {processor.py:153} INFO - Started process (PID=2471) to work on /home/airflow/.local/lib/python3.7/site-packages/airflow/example_dags/example_sensors.py
[2023-03-31T03:16:15.533+0000] {processor.py:743} INFO - Processing file /home/airflow/.local/lib/python3.7/site-packages/airflow/example_dags/example_sensors.py for tasks to queue
[2023-03-31T03:16:15.534+0000] {logging_mixin.py:137} INFO - [2023-03-31T03:16:15.534+0000] {dagbag.py:532} INFO - Filling up the DagBag from /home/airflow/.local/lib/python3.7/site-packages/airflow/example_dags/example_sensors.py
[2023-03-31T03:16:15.561+0000] {processor.py:753} INFO - DAG(s) dict_keys(['example_sensors']) retrieved from /home/airflow/.local/lib/python3.7/site-packages/airflow/example_dags/example_sensors.py
[2023-03-31T03:16:15.605+0000] {logging_mixin.py:137} INFO - [2023-03-31T03:16:15.605+0000] {dag.py:2693} INFO - Sync 1 DAGs
[2023-03-31T03:16:15.639+0000] {logging_mixin.py:137} INFO - [2023-03-31T03:16:15.639+0000] {dag.py:3444} INFO - Setting next_dagrun for example_sensors to None, run_after=None
[2023-03-31T03:16:15.663+0000] {processor.py:175} INFO - Processing /home/airflow/.local/lib/python3.7/site-packages/airflow/example_dags/example_sensors.py took 0.135 seconds
[2023-03-31T03:16:45.871+0000] {processor.py:153} INFO - Started process (PID=2521) to work on /home/airflow/.local/lib/python3.7/site-packages/airflow/example_dags/example_sensors.py
[2023-03-31T03:16:45.872+0000] {processor.py:743} INFO - Processing file /home/airflow/.local/lib/python3.7/site-packages/airflow/example_dags/example_sensors.py for tasks to queue
[2023-03-31T03:16:45.873+0000] {logging_mixin.py:137} INFO - [2023-03-31T03:16:45.873+0000] {dagbag.py:532} INFO - Filling up the DagBag from /home/airflow/.local/lib/python3.7/site-packages/airflow/example_dags/example_sensors.py
[2023-03-31T03:16:45.902+0000] {processor.py:753} INFO - DAG(s) dict_keys(['example_sensors']) retrieved from /home/airflow/.local/lib/python3.7/site-packages/airflow/example_dags/example_sensors.py
[2023-03-31T03:16:45.942+0000] {logging_mixin.py:137} INFO - [2023-03-31T03:16:45.942+0000] {dag.py:2693} INFO - Sync 1 DAGs
[2023-03-31T03:16:45.975+0000] {logging_mixin.py:137} INFO - [2023-03-31T03:16:45.975+0000] {dag.py:3444} INFO - Setting next_dagrun for example_sensors to None, run_after=None
[2023-03-31T03:16:45.999+0000] {processor.py:175} INFO - Processing /home/airflow/.local/lib/python3.7/site-packages/airflow/example_dags/example_sensors.py took 0.132 seconds
[2023-03-31T03:17:16.778+0000] {processor.py:153} INFO - Started process (PID=2571) to work on /home/airflow/.local/lib/python3.7/site-packages/airflow/example_dags/example_sensors.py
[2023-03-31T03:17:16.788+0000] {processor.py:743} INFO - Processing file /home/airflow/.local/lib/python3.7/site-packages/airflow/example_dags/example_sensors.py for tasks to queue
[2023-03-31T03:17:16.789+0000] {logging_mixin.py:137} INFO - [2023-03-31T03:17:16.789+0000] {dagbag.py:532} INFO - Filling up the DagBag from /home/airflow/.local/lib/python3.7/site-packages/airflow/example_dags/example_sensors.py
[2023-03-31T03:17:16.816+0000] {processor.py:753} INFO - DAG(s) dict_keys(['example_sensors']) retrieved from /home/airflow/.local/lib/python3.7/site-packages/airflow/example_dags/example_sensors.py
[2023-03-31T03:17:16.860+0000] {logging_mixin.py:137} INFO - [2023-03-31T03:17:16.860+0000] {dag.py:2693} INFO - Sync 1 DAGs
[2023-03-31T03:17:16.892+0000] {logging_mixin.py:137} INFO - [2023-03-31T03:17:16.892+0000] {dag.py:3444} INFO - Setting next_dagrun for example_sensors to None, run_after=None
[2023-03-31T03:17:16.916+0000] {processor.py:175} INFO - Processing /home/airflow/.local/lib/python3.7/site-packages/airflow/example_dags/example_sensors.py took 0.144 seconds
[2023-03-31T03:17:47.001+0000] {processor.py:153} INFO - Started process (PID=2621) to work on /home/airflow/.local/lib/python3.7/site-packages/airflow/example_dags/example_sensors.py
[2023-03-31T03:17:47.002+0000] {processor.py:743} INFO - Processing file /home/airflow/.local/lib/python3.7/site-packages/airflow/example_dags/example_sensors.py for tasks to queue
[2023-03-31T03:17:47.003+0000] {logging_mixin.py:137} INFO - [2023-03-31T03:17:47.003+0000] {dagbag.py:532} INFO - Filling up the DagBag from /home/airflow/.local/lib/python3.7/site-packages/airflow/example_dags/example_sensors.py
[2023-03-31T03:17:47.030+0000] {processor.py:753} INFO - DAG(s) dict_keys(['example_sensors']) retrieved from /home/airflow/.local/lib/python3.7/site-packages/airflow/example_dags/example_sensors.py
[2023-03-31T03:17:47.069+0000] {logging_mixin.py:137} INFO - [2023-03-31T03:17:47.068+0000] {dag.py:2693} INFO - Sync 1 DAGs
[2023-03-31T03:17:47.103+0000] {logging_mixin.py:137} INFO - [2023-03-31T03:17:47.103+0000] {dag.py:3444} INFO - Setting next_dagrun for example_sensors to None, run_after=None
[2023-03-31T03:17:47.131+0000] {processor.py:175} INFO - Processing /home/airflow/.local/lib/python3.7/site-packages/airflow/example_dags/example_sensors.py took 0.134 seconds
[2023-03-31T03:18:17.296+0000] {processor.py:153} INFO - Started process (PID=2671) to work on /home/airflow/.local/lib/python3.7/site-packages/airflow/example_dags/example_sensors.py
[2023-03-31T03:18:17.303+0000] {processor.py:743} INFO - Processing file /home/airflow/.local/lib/python3.7/site-packages/airflow/example_dags/example_sensors.py for tasks to queue
[2023-03-31T03:18:17.304+0000] {logging_mixin.py:137} INFO - [2023-03-31T03:18:17.304+0000] {dagbag.py:532} INFO - Filling up the DagBag from /home/airflow/.local/lib/python3.7/site-packages/airflow/example_dags/example_sensors.py
[2023-03-31T03:18:17.351+0000] {processor.py:753} INFO - DAG(s) dict_keys(['example_sensors']) retrieved from /home/airflow/.local/lib/python3.7/site-packages/airflow/example_dags/example_sensors.py
[2023-03-31T03:18:17.393+0000] {logging_mixin.py:137} INFO - [2023-03-31T03:18:17.392+0000] {dag.py:2693} INFO - Sync 1 DAGs
[2023-03-31T03:18:17.429+0000] {logging_mixin.py:137} INFO - [2023-03-31T03:18:17.428+0000] {dag.py:3444} INFO - Setting next_dagrun for example_sensors to None, run_after=None
[2023-03-31T03:18:17.463+0000] {processor.py:175} INFO - Processing /home/airflow/.local/lib/python3.7/site-packages/airflow/example_dags/example_sensors.py took 0.172 seconds
[2023-03-31T03:18:47.598+0000] {processor.py:153} INFO - Started process (PID=2721) to work on /home/airflow/.local/lib/python3.7/site-packages/airflow/example_dags/example_sensors.py
[2023-03-31T03:18:47.601+0000] {processor.py:743} INFO - Processing file /home/airflow/.local/lib/python3.7/site-packages/airflow/example_dags/example_sensors.py for tasks to queue
[2023-03-31T03:18:47.602+0000] {logging_mixin.py:137} INFO - [2023-03-31T03:18:47.601+0000] {dagbag.py:532} INFO - Filling up the DagBag from /home/airflow/.local/lib/python3.7/site-packages/airflow/example_dags/example_sensors.py
[2023-03-31T03:18:47.629+0000] {processor.py:753} INFO - DAG(s) dict_keys(['example_sensors']) retrieved from /home/airflow/.local/lib/python3.7/site-packages/airflow/example_dags/example_sensors.py
[2023-03-31T03:18:47.669+0000] {logging_mixin.py:137} INFO - [2023-03-31T03:18:47.669+0000] {dag.py:2693} INFO - Sync 1 DAGs
[2023-03-31T03:18:47.703+0000] {logging_mixin.py:137} INFO - [2023-03-31T03:18:47.703+0000] {dag.py:3444} INFO - Setting next_dagrun for example_sensors to None, run_after=None
[2023-03-31T03:18:47.725+0000] {processor.py:175} INFO - Processing /home/airflow/.local/lib/python3.7/site-packages/airflow/example_dags/example_sensors.py took 0.132 seconds
[2023-03-31T03:19:18.163+0000] {processor.py:153} INFO - Started process (PID=2771) to work on /home/airflow/.local/lib/python3.7/site-packages/airflow/example_dags/example_sensors.py
[2023-03-31T03:19:18.164+0000] {processor.py:743} INFO - Processing file /home/airflow/.local/lib/python3.7/site-packages/airflow/example_dags/example_sensors.py for tasks to queue
[2023-03-31T03:19:18.165+0000] {logging_mixin.py:137} INFO - [2023-03-31T03:19:18.165+0000] {dagbag.py:532} INFO - Filling up the DagBag from /home/airflow/.local/lib/python3.7/site-packages/airflow/example_dags/example_sensors.py
[2023-03-31T03:19:18.211+0000] {processor.py:753} INFO - DAG(s) dict_keys(['example_sensors']) retrieved from /home/airflow/.local/lib/python3.7/site-packages/airflow/example_dags/example_sensors.py
[2023-03-31T03:19:18.252+0000] {logging_mixin.py:137} INFO - [2023-03-31T03:19:18.251+0000] {dag.py:2693} INFO - Sync 1 DAGs
[2023-03-31T03:19:18.289+0000] {logging_mixin.py:137} INFO - [2023-03-31T03:19:18.288+0000] {dag.py:3444} INFO - Setting next_dagrun for example_sensors to None, run_after=None
[2023-03-31T03:19:18.316+0000] {processor.py:175} INFO - Processing /home/airflow/.local/lib/python3.7/site-packages/airflow/example_dags/example_sensors.py took 0.157 seconds
[2023-03-31T03:19:48.765+0000] {processor.py:153} INFO - Started process (PID=2821) to work on /home/airflow/.local/lib/python3.7/site-packages/airflow/example_dags/example_sensors.py
[2023-03-31T03:19:48.766+0000] {processor.py:743} INFO - Processing file /home/airflow/.local/lib/python3.7/site-packages/airflow/example_dags/example_sensors.py for tasks to queue
[2023-03-31T03:19:48.767+0000] {logging_mixin.py:137} INFO - [2023-03-31T03:19:48.767+0000] {dagbag.py:532} INFO - Filling up the DagBag from /home/airflow/.local/lib/python3.7/site-packages/airflow/example_dags/example_sensors.py
[2023-03-31T03:19:48.794+0000] {processor.py:753} INFO - DAG(s) dict_keys(['example_sensors']) retrieved from /home/airflow/.local/lib/python3.7/site-packages/airflow/example_dags/example_sensors.py
[2023-03-31T03:19:48.834+0000] {logging_mixin.py:137} INFO - [2023-03-31T03:19:48.834+0000] {dag.py:2693} INFO - Sync 1 DAGs
[2023-03-31T03:19:48.893+0000] {logging_mixin.py:137} INFO - [2023-03-31T03:19:48.892+0000] {dag.py:3444} INFO - Setting next_dagrun for example_sensors to None, run_after=None
[2023-03-31T03:19:48.940+0000] {processor.py:175} INFO - Processing /home/airflow/.local/lib/python3.7/site-packages/airflow/example_dags/example_sensors.py took 0.179 seconds
[2023-03-31T03:20:19.249+0000] {processor.py:153} INFO - Started process (PID=2873) to work on /home/airflow/.local/lib/python3.7/site-packages/airflow/example_dags/example_sensors.py
[2023-03-31T03:20:19.255+0000] {processor.py:743} INFO - Processing file /home/airflow/.local/lib/python3.7/site-packages/airflow/example_dags/example_sensors.py for tasks to queue
[2023-03-31T03:20:19.256+0000] {logging_mixin.py:137} INFO - [2023-03-31T03:20:19.256+0000] {dagbag.py:532} INFO - Filling up the DagBag from /home/airflow/.local/lib/python3.7/site-packages/airflow/example_dags/example_sensors.py
[2023-03-31T03:20:19.327+0000] {processor.py:753} INFO - DAG(s) dict_keys(['example_sensors']) retrieved from /home/airflow/.local/lib/python3.7/site-packages/airflow/example_dags/example_sensors.py
[2023-03-31T03:20:19.397+0000] {logging_mixin.py:137} INFO - [2023-03-31T03:20:19.397+0000] {dag.py:2693} INFO - Sync 1 DAGs
[2023-03-31T03:20:19.466+0000] {logging_mixin.py:137} INFO - [2023-03-31T03:20:19.466+0000] {dag.py:3444} INFO - Setting next_dagrun for example_sensors to None, run_after=None
[2023-03-31T03:20:19.519+0000] {processor.py:175} INFO - Processing /home/airflow/.local/lib/python3.7/site-packages/airflow/example_dags/example_sensors.py took 0.279 seconds
[2023-03-31T03:20:49.828+0000] {processor.py:153} INFO - Started process (PID=2923) to work on /home/airflow/.local/lib/python3.7/site-packages/airflow/example_dags/example_sensors.py
[2023-03-31T03:20:49.830+0000] {processor.py:743} INFO - Processing file /home/airflow/.local/lib/python3.7/site-packages/airflow/example_dags/example_sensors.py for tasks to queue
[2023-03-31T03:20:49.830+0000] {logging_mixin.py:137} INFO - [2023-03-31T03:20:49.830+0000] {dagbag.py:532} INFO - Filling up the DagBag from /home/airflow/.local/lib/python3.7/site-packages/airflow/example_dags/example_sensors.py
[2023-03-31T03:20:49.858+0000] {processor.py:753} INFO - DAG(s) dict_keys(['example_sensors']) retrieved from /home/airflow/.local/lib/python3.7/site-packages/airflow/example_dags/example_sensors.py
[2023-03-31T03:20:49.900+0000] {logging_mixin.py:137} INFO - [2023-03-31T03:20:49.900+0000] {dag.py:2693} INFO - Sync 1 DAGs
[2023-03-31T03:20:49.934+0000] {logging_mixin.py:137} INFO - [2023-03-31T03:20:49.934+0000] {dag.py:3444} INFO - Setting next_dagrun for example_sensors to None, run_after=None
[2023-03-31T03:20:49.963+0000] {processor.py:175} INFO - Processing /home/airflow/.local/lib/python3.7/site-packages/airflow/example_dags/example_sensors.py took 0.140 seconds
[2023-03-31T03:21:20.210+0000] {processor.py:153} INFO - Started process (PID=2973) to work on /home/airflow/.local/lib/python3.7/site-packages/airflow/example_dags/example_sensors.py
[2023-03-31T03:21:20.211+0000] {processor.py:743} INFO - Processing file /home/airflow/.local/lib/python3.7/site-packages/airflow/example_dags/example_sensors.py for tasks to queue
[2023-03-31T03:21:20.212+0000] {logging_mixin.py:137} INFO - [2023-03-31T03:21:20.212+0000] {dagbag.py:532} INFO - Filling up the DagBag from /home/airflow/.local/lib/python3.7/site-packages/airflow/example_dags/example_sensors.py
[2023-03-31T03:21:20.238+0000] {processor.py:753} INFO - DAG(s) dict_keys(['example_sensors']) retrieved from /home/airflow/.local/lib/python3.7/site-packages/airflow/example_dags/example_sensors.py
[2023-03-31T03:21:20.280+0000] {logging_mixin.py:137} INFO - [2023-03-31T03:21:20.279+0000] {dag.py:2693} INFO - Sync 1 DAGs
[2023-03-31T03:21:20.315+0000] {logging_mixin.py:137} INFO - [2023-03-31T03:21:20.314+0000] {dag.py:3444} INFO - Setting next_dagrun for example_sensors to None, run_after=None
[2023-03-31T03:21:20.360+0000] {processor.py:175} INFO - Processing /home/airflow/.local/lib/python3.7/site-packages/airflow/example_dags/example_sensors.py took 0.153 seconds
