[2023-05-02T23:41:44.053+0000] {taskinstance.py:1084} INFO - Dependencies all met for dep_context=non-requeueable deps ti=<TaskInstance: get_todays_gamesv2.call_games scheduled__2023-05-01T15:00:00+00:00 [queued]>
[2023-05-02T23:41:44.064+0000] {taskinstance.py:1084} INFO - Dependencies all met for dep_context=requeueable deps ti=<TaskInstance: get_todays_gamesv2.call_games scheduled__2023-05-01T15:00:00+00:00 [queued]>
[2023-05-02T23:41:44.064+0000] {taskinstance.py:1282} INFO - 
--------------------------------------------------------------------------------
[2023-05-02T23:41:44.065+0000] {taskinstance.py:1283} INFO - Starting attempt 1 of 1
[2023-05-02T23:41:44.065+0000] {taskinstance.py:1284} INFO - 
--------------------------------------------------------------------------------
[2023-05-02T23:41:44.083+0000] {taskinstance.py:1303} INFO - Executing <Task(PythonOperator): call_games> on 2023-05-01 15:00:00+00:00
[2023-05-02T23:41:44.090+0000] {standard_task_runner.py:55} INFO - Started process 58204 to run task
[2023-05-02T23:41:44.096+0000] {standard_task_runner.py:82} INFO - Running: ['***', 'tasks', 'run', 'get_todays_gamesv2', 'call_games', 'scheduled__2023-05-01T15:00:00+00:00', '--job-id', '844', '--raw', '--subdir', 'DAGS_FOLDER/todays_gamesv2.py', '--cfg-path', '/tmp/tmpolve2gha']
[2023-05-02T23:41:44.097+0000] {standard_task_runner.py:83} INFO - Job 844: Subtask call_games
[2023-05-02T23:41:44.182+0000] {task_command.py:388} INFO - Running <TaskInstance: get_todays_gamesv2.call_games scheduled__2023-05-01T15:00:00+00:00 [running]> on host f789e77bc70a
[2023-05-02T23:41:44.277+0000] {taskinstance.py:1511} INFO - Exporting the following env vars:
AIRFLOW_CTX_DAG_OWNER=***
AIRFLOW_CTX_DAG_ID=get_todays_gamesv2
AIRFLOW_CTX_TASK_ID=call_games
AIRFLOW_CTX_EXECUTION_DATE=2023-05-01T15:00:00+00:00
AIRFLOW_CTX_TRY_NUMBER=1
AIRFLOW_CTX_DAG_RUN_ID=scheduled__2023-05-01T15:00:00+00:00
[2023-05-02T23:41:44.501+0000] {python.py:177} INFO - Done. Returned value was: None
[2023-05-02T23:41:44.513+0000] {taskinstance.py:1326} INFO - Marking task as SUCCESS. dag_id=get_todays_gamesv2, task_id=call_games, execution_date=20230501T150000, start_date=20230502T234144, end_date=20230502T234144
[2023-05-02T23:41:44.548+0000] {local_task_job.py:212} INFO - Task exited with return code 0
[2023-05-02T23:41:44.593+0000] {taskinstance.py:2585} INFO - 2 downstream tasks scheduled from follow-on schedule check
