[2023-05-17T01:20:16.189+0000] {taskinstance.py:1084} INFO - Dependencies all met for dep_context=non-requeueable deps ti=<TaskInstance: get_todays_games.print_end scheduled__2023-05-15T15:00:00+00:00 [queued]>
[2023-05-17T01:20:16.201+0000] {taskinstance.py:1084} INFO - Dependencies all met for dep_context=requeueable deps ti=<TaskInstance: get_todays_games.print_end scheduled__2023-05-15T15:00:00+00:00 [queued]>
[2023-05-17T01:20:16.202+0000] {taskinstance.py:1282} INFO - 
--------------------------------------------------------------------------------
[2023-05-17T01:20:16.202+0000] {taskinstance.py:1283} INFO - Starting attempt 1 of 1
[2023-05-17T01:20:16.203+0000] {taskinstance.py:1284} INFO - 
--------------------------------------------------------------------------------
[2023-05-17T01:20:16.224+0000] {taskinstance.py:1303} INFO - Executing <Task(BashOperator): print_end> on 2023-05-15 15:00:00+00:00
[2023-05-17T01:20:16.231+0000] {standard_task_runner.py:55} INFO - Started process 125 to run task
[2023-05-17T01:20:16.239+0000] {standard_task_runner.py:82} INFO - Running: ['***', 'tasks', 'run', 'get_todays_games', 'print_end', 'scheduled__2023-05-15T15:00:00+00:00', '--job-id', '1700', '--raw', '--subdir', 'DAGS_FOLDER/todays_games.py', '--cfg-path', '/tmp/tmpiffrjbuv']
[2023-05-17T01:20:16.240+0000] {standard_task_runner.py:83} INFO - Job 1700: Subtask print_end
[2023-05-17T01:20:16.330+0000] {task_command.py:388} INFO - Running <TaskInstance: get_todays_games.print_end scheduled__2023-05-15T15:00:00+00:00 [running]> on host 0dd257a6e4e7
[2023-05-17T01:20:16.531+0000] {taskinstance.py:1511} INFO - Exporting the following env vars:
AIRFLOW_CTX_DAG_OWNER=***
AIRFLOW_CTX_DAG_ID=get_todays_games
AIRFLOW_CTX_TASK_ID=print_end
AIRFLOW_CTX_EXECUTION_DATE=2023-05-15T15:00:00+00:00
AIRFLOW_CTX_TRY_NUMBER=1
AIRFLOW_CTX_DAG_RUN_ID=scheduled__2023-05-15T15:00:00+00:00
[2023-05-17T01:20:16.534+0000] {subprocess.py:63} INFO - Tmp dir root location: 
 /tmp
[2023-05-17T01:20:16.537+0000] {subprocess.py:75} INFO - Running command: ['/bin/bash', '-c', 'echo end dag!']
[2023-05-17T01:20:16.564+0000] {subprocess.py:86} INFO - Output:
[2023-05-17T01:20:16.571+0000] {subprocess.py:93} INFO - end dag!
[2023-05-17T01:20:16.582+0000] {subprocess.py:97} INFO - Command exited with return code 0
[2023-05-17T01:20:16.632+0000] {taskinstance.py:1326} INFO - Marking task as SUCCESS. dag_id=get_todays_games, task_id=print_end, execution_date=20230515T150000, start_date=20230517T012016, end_date=20230517T012016
[2023-05-17T01:20:16.728+0000] {local_task_job.py:212} INFO - Task exited with return code 0
[2023-05-17T01:20:16.796+0000] {taskinstance.py:2585} INFO - 0 downstream tasks scheduled from follow-on schedule check
