[2023-05-07T17:38:02.361+0000] {taskinstance.py:1084} INFO - Dependencies all met for dep_context=non-requeueable deps ti=<TaskInstance: get_todays_gamesv2.postgres_to_s3_task manual__2023-05-07T17:37:45.953260+00:00 [queued]>
[2023-05-07T17:38:02.371+0000] {taskinstance.py:1084} INFO - Dependencies all met for dep_context=requeueable deps ti=<TaskInstance: get_todays_gamesv2.postgres_to_s3_task manual__2023-05-07T17:37:45.953260+00:00 [queued]>
[2023-05-07T17:38:02.371+0000] {taskinstance.py:1282} INFO - 
--------------------------------------------------------------------------------
[2023-05-07T17:38:02.372+0000] {taskinstance.py:1283} INFO - Starting attempt 1 of 1
[2023-05-07T17:38:02.372+0000] {taskinstance.py:1284} INFO - 
--------------------------------------------------------------------------------
[2023-05-07T17:38:02.391+0000] {taskinstance.py:1303} INFO - Executing <Task(PythonOperator): postgres_to_s3_task> on 2023-05-07 17:37:45.953260+00:00
[2023-05-07T17:38:02.397+0000] {standard_task_runner.py:55} INFO - Started process 449 to run task
[2023-05-07T17:38:02.404+0000] {standard_task_runner.py:82} INFO - Running: ['***', 'tasks', 'run', 'get_todays_gamesv2', 'postgres_to_s3_task', 'manual__2023-05-07T17:37:45.953260+00:00', '--job-id', '1016', '--raw', '--subdir', 'DAGS_FOLDER/todays_gamesv2.py', '--cfg-path', '/tmp/tmpdby30diy']
[2023-05-07T17:38:02.405+0000] {standard_task_runner.py:83} INFO - Job 1016: Subtask postgres_to_s3_task
[2023-05-07T17:38:02.483+0000] {task_command.py:388} INFO - Running <TaskInstance: get_todays_gamesv2.postgres_to_s3_task manual__2023-05-07T17:37:45.953260+00:00 [running]> on host f7ab54451666
[2023-05-07T17:38:02.612+0000] {taskinstance.py:1511} INFO - Exporting the following env vars:
AIRFLOW_CTX_DAG_OWNER=***
AIRFLOW_CTX_DAG_ID=get_todays_gamesv2
AIRFLOW_CTX_TASK_ID=postgres_to_s3_task
AIRFLOW_CTX_EXECUTION_DATE=2023-05-07T17:37:45.953260+00:00
AIRFLOW_CTX_TRY_NUMBER=1
AIRFLOW_CTX_DAG_RUN_ID=manual__2023-05-07T17:37:45.953260+00:00
[2023-05-07T17:38:02.631+0000] {base.py:73} INFO - Using connection ID 'postgres_localhost' for task execution.
[2023-05-07T17:38:02.636+0000] {todays_gamesv2.py:95} INFO - Ran this on 2023-05-07. Saved postgres data in text file: games.txt
[2023-05-07T17:38:02.643+0000] {base.py:73} INFO - Using connection ID 'aws_hook' for task execution.
[2023-05-07T17:38:02.643+0000] {connection_wrapper.py:337} INFO - AWS Connection (conn_id='aws_hook', conn_type='aws') credentials retrieved from login and password.
[2023-05-07T17:38:03.691+0000] {todays_gamesv2.py:104} INFO - Test data file /tmp/tmpvli6rdb7 has been pushed to S3
[2023-05-07T17:38:03.693+0000] {python.py:177} INFO - Done. Returned value was: None
[2023-05-07T17:38:03.704+0000] {taskinstance.py:1326} INFO - Marking task as SUCCESS. dag_id=get_todays_gamesv2, task_id=postgres_to_s3_task, execution_date=20230507T173745, start_date=20230507T173802, end_date=20230507T173803
[2023-05-07T17:38:03.742+0000] {local_task_job.py:212} INFO - Task exited with return code 0
[2023-05-07T17:38:03.776+0000] {taskinstance.py:2585} INFO - 1 downstream tasks scheduled from follow-on schedule check
