[2023-05-16T15:00:20.229+0000] {taskinstance.py:1084} INFO - Dependencies all met for dep_context=non-requeueable deps ti=<TaskInstance: get_todays_gamesv2.print_end scheduled__2023-05-15T15:00:00+00:00 [queued]>
[2023-05-16T15:00:20.243+0000] {taskinstance.py:1084} INFO - Dependencies all met for dep_context=requeueable deps ti=<TaskInstance: get_todays_gamesv2.print_end scheduled__2023-05-15T15:00:00+00:00 [queued]>
[2023-05-16T15:00:20.243+0000] {taskinstance.py:1282} INFO - 
--------------------------------------------------------------------------------
[2023-05-16T15:00:20.243+0000] {taskinstance.py:1283} INFO - Starting attempt 1 of 1
[2023-05-16T15:00:20.243+0000] {taskinstance.py:1284} INFO - 
--------------------------------------------------------------------------------
[2023-05-16T15:00:20.261+0000] {taskinstance.py:1303} INFO - Executing <Task(BashOperator): print_end> on 2023-05-15 15:00:00+00:00
[2023-05-16T15:00:20.267+0000] {standard_task_runner.py:55} INFO - Started process 159 to run task
[2023-05-16T15:00:20.271+0000] {standard_task_runner.py:82} INFO - Running: ['***', 'tasks', 'run', 'get_todays_gamesv2', 'print_end', 'scheduled__2023-05-15T15:00:00+00:00', '--job-id', '1679', '--raw', '--subdir', 'DAGS_FOLDER/todays_gamesv2.py', '--cfg-path', '/tmp/tmp5vx4rl88']
[2023-05-16T15:00:20.271+0000] {standard_task_runner.py:83} INFO - Job 1679: Subtask print_end
[2023-05-16T15:00:20.353+0000] {task_command.py:388} INFO - Running <TaskInstance: get_todays_gamesv2.print_end scheduled__2023-05-15T15:00:00+00:00 [running]> on host 79f30fa538b6
[2023-05-16T15:00:20.445+0000] {taskinstance.py:1511} INFO - Exporting the following env vars:
AIRFLOW_CTX_DAG_OWNER=***
AIRFLOW_CTX_DAG_ID=get_todays_gamesv2
AIRFLOW_CTX_TASK_ID=print_end
AIRFLOW_CTX_EXECUTION_DATE=2023-05-15T15:00:00+00:00
AIRFLOW_CTX_TRY_NUMBER=1
AIRFLOW_CTX_DAG_RUN_ID=scheduled__2023-05-15T15:00:00+00:00
[2023-05-16T15:00:20.447+0000] {subprocess.py:63} INFO - Tmp dir root location: 
 /tmp
[2023-05-16T15:00:20.448+0000] {subprocess.py:75} INFO - Running command: ['/bin/bash', '-c', 'echo end dag!']
[2023-05-16T15:00:20.460+0000] {subprocess.py:86} INFO - Output:
[2023-05-16T15:00:20.462+0000] {subprocess.py:93} INFO - end dag!
[2023-05-16T15:00:20.462+0000] {subprocess.py:97} INFO - Command exited with return code 0
[2023-05-16T15:00:20.477+0000] {taskinstance.py:1326} INFO - Marking task as SUCCESS. dag_id=get_todays_gamesv2, task_id=print_end, execution_date=20230515T150000, start_date=20230516T150020, end_date=20230516T150020
[2023-05-16T15:00:20.527+0000] {local_task_job.py:212} INFO - Task exited with return code 0
[2023-05-16T15:00:20.549+0000] {taskinstance.py:2585} INFO - 0 downstream tasks scheduled from follow-on schedule check
