[2023-05-07T17:35:11.632+0000] {taskinstance.py:1084} INFO - Dependencies all met for dep_context=non-requeueable deps ti=<TaskInstance: get_todays_gamesv2.print_start manual__2023-05-07T17:35:10.353465+00:00 [queued]>
[2023-05-07T17:35:11.641+0000] {taskinstance.py:1084} INFO - Dependencies all met for dep_context=requeueable deps ti=<TaskInstance: get_todays_gamesv2.print_start manual__2023-05-07T17:35:10.353465+00:00 [queued]>
[2023-05-07T17:35:11.641+0000] {taskinstance.py:1282} INFO - 
--------------------------------------------------------------------------------
[2023-05-07T17:35:11.642+0000] {taskinstance.py:1283} INFO - Starting attempt 1 of 1
[2023-05-07T17:35:11.642+0000] {taskinstance.py:1284} INFO - 
--------------------------------------------------------------------------------
[2023-05-07T17:35:11.657+0000] {taskinstance.py:1303} INFO - Executing <Task(BashOperator): print_start> on 2023-05-07 17:35:10.353465+00:00
[2023-05-07T17:35:11.663+0000] {standard_task_runner.py:55} INFO - Started process 288 to run task
[2023-05-07T17:35:11.667+0000] {standard_task_runner.py:82} INFO - Running: ['***', 'tasks', 'run', 'get_todays_gamesv2', 'print_start', 'manual__2023-05-07T17:35:10.353465+00:00', '--job-id', '969', '--raw', '--subdir', 'DAGS_FOLDER/todays_gamesv2.py', '--cfg-path', '/tmp/tmpnt6zkbc0']
[2023-05-07T17:35:11.667+0000] {standard_task_runner.py:83} INFO - Job 969: Subtask print_start
[2023-05-07T17:35:11.739+0000] {task_command.py:388} INFO - Running <TaskInstance: get_todays_gamesv2.print_start manual__2023-05-07T17:35:10.353465+00:00 [running]> on host f7ab54451666
[2023-05-07T17:35:11.823+0000] {taskinstance.py:1511} INFO - Exporting the following env vars:
AIRFLOW_CTX_DAG_OWNER=***
AIRFLOW_CTX_DAG_ID=get_todays_gamesv2
AIRFLOW_CTX_TASK_ID=print_start
AIRFLOW_CTX_EXECUTION_DATE=2023-05-07T17:35:10.353465+00:00
AIRFLOW_CTX_TRY_NUMBER=1
AIRFLOW_CTX_DAG_RUN_ID=manual__2023-05-07T17:35:10.353465+00:00
[2023-05-07T17:35:11.824+0000] {subprocess.py:63} INFO - Tmp dir root location: 
 /tmp
[2023-05-07T17:35:11.825+0000] {subprocess.py:75} INFO - Running command: ['/bin/bash', '-c', 'echo starting dag']
[2023-05-07T17:35:11.836+0000] {subprocess.py:86} INFO - Output:
[2023-05-07T17:35:11.838+0000] {subprocess.py:93} INFO - starting dag
[2023-05-07T17:35:11.839+0000] {subprocess.py:97} INFO - Command exited with return code 0
[2023-05-07T17:35:11.853+0000] {taskinstance.py:1326} INFO - Marking task as SUCCESS. dag_id=get_todays_gamesv2, task_id=print_start, execution_date=20230507T173510, start_date=20230507T173511, end_date=20230507T173511
[2023-05-07T17:35:11.879+0000] {local_task_job.py:212} INFO - Task exited with return code 0
[2023-05-07T17:35:11.920+0000] {taskinstance.py:2585} INFO - 1 downstream tasks scheduled from follow-on schedule check
