[2023-05-22T15:00:04.865+0000] {taskinstance.py:1084} INFO - Dependencies all met for dep_context=non-requeueable deps ti=<TaskInstance: get_todays_gamesv3.call_games scheduled__2023-05-21T15:00:00+00:00 [queued]>
[2023-05-22T15:00:04.894+0000] {taskinstance.py:1084} INFO - Dependencies all met for dep_context=requeueable deps ti=<TaskInstance: get_todays_gamesv3.call_games scheduled__2023-05-21T15:00:00+00:00 [queued]>
[2023-05-22T15:00:04.895+0000] {taskinstance.py:1282} INFO - 
--------------------------------------------------------------------------------
[2023-05-22T15:00:04.895+0000] {taskinstance.py:1283} INFO - Starting attempt 1 of 1
[2023-05-22T15:00:04.895+0000] {taskinstance.py:1284} INFO - 
--------------------------------------------------------------------------------
[2023-05-22T15:00:04.943+0000] {taskinstance.py:1303} INFO - Executing <Task(PythonOperator): call_games> on 2023-05-21 15:00:00+00:00
[2023-05-22T15:00:04.968+0000] {standard_task_runner.py:55} INFO - Started process 136 to run task
[2023-05-22T15:00:04.986+0000] {standard_task_runner.py:82} INFO - Running: ['***', 'tasks', 'run', 'get_todays_gamesv3', 'call_games', 'scheduled__2023-05-21T15:00:00+00:00', '--job-id', '419', '--raw', '--subdir', 'DAGS_FOLDER/todays_gamesv3.py', '--cfg-path', '/tmp/tmpw4p69987']
[2023-05-22T15:00:04.987+0000] {standard_task_runner.py:83} INFO - Job 419: Subtask call_games
[2023-05-22T15:00:05.277+0000] {task_command.py:388} INFO - Running <TaskInstance: get_todays_gamesv3.call_games scheduled__2023-05-21T15:00:00+00:00 [running]> on host b03c83f459ca
[2023-05-22T15:00:05.476+0000] {taskinstance.py:1511} INFO - Exporting the following env vars:
AIRFLOW_CTX_DAG_OWNER=***
AIRFLOW_CTX_DAG_ID=get_todays_gamesv3
AIRFLOW_CTX_TASK_ID=call_games
AIRFLOW_CTX_EXECUTION_DATE=2023-05-21T15:00:00+00:00
AIRFLOW_CTX_TRY_NUMBER=1
AIRFLOW_CTX_DAG_RUN_ID=scheduled__2023-05-21T15:00:00+00:00
[2023-05-22T15:00:05.479+0000] {logging_mixin.py:137} INFO - 05/22/2023
[2023-05-22T15:00:05.713+0000] {logging_mixin.py:137} INFO - {}
[2023-05-22T15:00:05.713+0000] {taskinstance.py:1775} ERROR - Task failed with exception
Traceback (most recent call last):
  File "/home/airflow/.local/lib/python3.7/site-packages/airflow/operators/python.py", line 175, in execute
    return_value = self.execute_callable()
  File "/home/airflow/.local/lib/python3.7/site-packages/airflow/operators/python.py", line 192, in execute_callable
    return self.python_callable(*self.op_args, **self.op_kwargs)
  File "/opt/airflow/dags/functions/_call_games.py", line 16, in _call_games
    if games_dict[0]['away_probable_pitcher'].strip()=='':
KeyError: 0
[2023-05-22T15:00:05.726+0000] {taskinstance.py:1326} INFO - Marking task as FAILED. dag_id=get_todays_gamesv3, task_id=call_games, execution_date=20230521T150000, start_date=20230522T150004, end_date=20230522T150005
[2023-05-22T15:00:05.756+0000] {standard_task_runner.py:105} ERROR - Failed to execute job 419 for task call_games (0; 136)
[2023-05-22T15:00:05.818+0000] {local_task_job.py:212} INFO - Task exited with return code 1
[2023-05-22T15:00:05.898+0000] {taskinstance.py:2585} INFO - 0 downstream tasks scheduled from follow-on schedule check
