[2023-05-06T14:45:58.680+0000] {processor.py:153} INFO - Started process (PID=42) to work on /home/airflow/.local/lib/python3.7/site-packages/airflow/example_dags/example_task_group_decorator.py
[2023-05-06T14:45:58.681+0000] {processor.py:743} INFO - Processing file /home/airflow/.local/lib/python3.7/site-packages/airflow/example_dags/example_task_group_decorator.py for tasks to queue
[2023-05-06T14:45:58.682+0000] {logging_mixin.py:137} INFO - [2023-05-06T14:45:58.682+0000] {dagbag.py:532} INFO - Filling up the DagBag from /home/airflow/.local/lib/python3.7/site-packages/airflow/example_dags/example_task_group_decorator.py
[2023-05-06T14:45:58.758+0000] {processor.py:753} INFO - DAG(s) dict_keys(['example_task_group_decorator']) retrieved from /home/airflow/.local/lib/python3.7/site-packages/airflow/example_dags/example_task_group_decorator.py
[2023-05-06T14:45:58.829+0000] {logging_mixin.py:137} INFO - [2023-05-06T14:45:58.829+0000] {dag.py:2693} INFO - Sync 1 DAGs
[2023-05-06T14:45:58.897+0000] {logging_mixin.py:137} INFO - [2023-05-06T14:45:58.897+0000] {dag.py:3444} INFO - Setting next_dagrun for example_task_group_decorator to 2023-05-05T14:45:58.896996+00:00, run_after=2023-05-06T14:45:58.896996+00:00
[2023-05-06T14:45:58.944+0000] {processor.py:175} INFO - Processing /home/airflow/.local/lib/python3.7/site-packages/airflow/example_dags/example_task_group_decorator.py took 0.276 seconds
[2023-05-06T14:46:29.237+0000] {processor.py:153} INFO - Started process (PID=93) to work on /home/airflow/.local/lib/python3.7/site-packages/airflow/example_dags/example_task_group_decorator.py
[2023-05-06T14:46:29.238+0000] {processor.py:743} INFO - Processing file /home/airflow/.local/lib/python3.7/site-packages/airflow/example_dags/example_task_group_decorator.py for tasks to queue
[2023-05-06T14:46:29.239+0000] {logging_mixin.py:137} INFO - [2023-05-06T14:46:29.239+0000] {dagbag.py:532} INFO - Filling up the DagBag from /home/airflow/.local/lib/python3.7/site-packages/airflow/example_dags/example_task_group_decorator.py
[2023-05-06T14:46:29.275+0000] {processor.py:753} INFO - DAG(s) dict_keys(['example_task_group_decorator']) retrieved from /home/airflow/.local/lib/python3.7/site-packages/airflow/example_dags/example_task_group_decorator.py
[2023-05-06T14:46:29.311+0000] {logging_mixin.py:137} INFO - [2023-05-06T14:46:29.310+0000] {dag.py:2693} INFO - Sync 1 DAGs
[2023-05-06T14:46:29.341+0000] {logging_mixin.py:137} INFO - [2023-05-06T14:46:29.341+0000] {dag.py:3444} INFO - Setting next_dagrun for example_task_group_decorator to 2023-05-05T14:46:29.341111+00:00, run_after=2023-05-06T14:46:29.341111+00:00
[2023-05-06T14:46:29.366+0000] {processor.py:175} INFO - Processing /home/airflow/.local/lib/python3.7/site-packages/airflow/example_dags/example_task_group_decorator.py took 0.132 seconds
[2023-05-06T14:46:59.839+0000] {processor.py:153} INFO - Started process (PID=144) to work on /home/airflow/.local/lib/python3.7/site-packages/airflow/example_dags/example_task_group_decorator.py
[2023-05-06T14:46:59.841+0000] {processor.py:743} INFO - Processing file /home/airflow/.local/lib/python3.7/site-packages/airflow/example_dags/example_task_group_decorator.py for tasks to queue
[2023-05-06T14:46:59.841+0000] {logging_mixin.py:137} INFO - [2023-05-06T14:46:59.841+0000] {dagbag.py:532} INFO - Filling up the DagBag from /home/airflow/.local/lib/python3.7/site-packages/airflow/example_dags/example_task_group_decorator.py
[2023-05-06T14:46:59.884+0000] {processor.py:753} INFO - DAG(s) dict_keys(['example_task_group_decorator']) retrieved from /home/airflow/.local/lib/python3.7/site-packages/airflow/example_dags/example_task_group_decorator.py
[2023-05-06T14:46:59.927+0000] {logging_mixin.py:137} INFO - [2023-05-06T14:46:59.926+0000] {dag.py:2693} INFO - Sync 1 DAGs
[2023-05-06T14:46:59.960+0000] {logging_mixin.py:137} INFO - [2023-05-06T14:46:59.960+0000] {dag.py:3444} INFO - Setting next_dagrun for example_task_group_decorator to 2023-05-05T14:46:59.960464+00:00, run_after=2023-05-06T14:46:59.960464+00:00
[2023-05-06T14:46:59.982+0000] {processor.py:175} INFO - Processing /home/airflow/.local/lib/python3.7/site-packages/airflow/example_dags/example_task_group_decorator.py took 0.147 seconds
[2023-05-06T14:47:30.252+0000] {processor.py:153} INFO - Started process (PID=195) to work on /home/airflow/.local/lib/python3.7/site-packages/airflow/example_dags/example_task_group_decorator.py
[2023-05-06T14:47:30.254+0000] {processor.py:743} INFO - Processing file /home/airflow/.local/lib/python3.7/site-packages/airflow/example_dags/example_task_group_decorator.py for tasks to queue
[2023-05-06T14:47:30.254+0000] {logging_mixin.py:137} INFO - [2023-05-06T14:47:30.254+0000] {dagbag.py:532} INFO - Filling up the DagBag from /home/airflow/.local/lib/python3.7/site-packages/airflow/example_dags/example_task_group_decorator.py
[2023-05-06T14:47:30.290+0000] {processor.py:753} INFO - DAG(s) dict_keys(['example_task_group_decorator']) retrieved from /home/airflow/.local/lib/python3.7/site-packages/airflow/example_dags/example_task_group_decorator.py
[2023-05-06T14:47:30.326+0000] {logging_mixin.py:137} INFO - [2023-05-06T14:47:30.326+0000] {dag.py:2693} INFO - Sync 1 DAGs
[2023-05-06T14:47:30.360+0000] {logging_mixin.py:137} INFO - [2023-05-06T14:47:30.360+0000] {dag.py:3444} INFO - Setting next_dagrun for example_task_group_decorator to 2023-05-05T14:47:30.359884+00:00, run_after=2023-05-06T14:47:30.359884+00:00
[2023-05-06T14:47:30.386+0000] {processor.py:175} INFO - Processing /home/airflow/.local/lib/python3.7/site-packages/airflow/example_dags/example_task_group_decorator.py took 0.137 seconds
[2023-05-06T14:48:00.791+0000] {processor.py:153} INFO - Started process (PID=247) to work on /home/airflow/.local/lib/python3.7/site-packages/airflow/example_dags/example_task_group_decorator.py
[2023-05-06T14:48:00.792+0000] {processor.py:743} INFO - Processing file /home/airflow/.local/lib/python3.7/site-packages/airflow/example_dags/example_task_group_decorator.py for tasks to queue
[2023-05-06T14:48:00.793+0000] {logging_mixin.py:137} INFO - [2023-05-06T14:48:00.792+0000] {dagbag.py:532} INFO - Filling up the DagBag from /home/airflow/.local/lib/python3.7/site-packages/airflow/example_dags/example_task_group_decorator.py
[2023-05-06T14:48:00.833+0000] {processor.py:753} INFO - DAG(s) dict_keys(['example_task_group_decorator']) retrieved from /home/airflow/.local/lib/python3.7/site-packages/airflow/example_dags/example_task_group_decorator.py
[2023-05-06T14:48:00.870+0000] {logging_mixin.py:137} INFO - [2023-05-06T14:48:00.870+0000] {dag.py:2693} INFO - Sync 1 DAGs
[2023-05-06T14:48:00.904+0000] {logging_mixin.py:137} INFO - [2023-05-06T14:48:00.904+0000] {dag.py:3444} INFO - Setting next_dagrun for example_task_group_decorator to 2023-05-05T14:48:00.903992+00:00, run_after=2023-05-06T14:48:00.903992+00:00
[2023-05-06T14:48:00.927+0000] {processor.py:175} INFO - Processing /home/airflow/.local/lib/python3.7/site-packages/airflow/example_dags/example_task_group_decorator.py took 0.141 seconds
[2023-05-06T14:48:31.334+0000] {processor.py:153} INFO - Started process (PID=298) to work on /home/airflow/.local/lib/python3.7/site-packages/airflow/example_dags/example_task_group_decorator.py
[2023-05-06T14:48:31.334+0000] {processor.py:743} INFO - Processing file /home/airflow/.local/lib/python3.7/site-packages/airflow/example_dags/example_task_group_decorator.py for tasks to queue
[2023-05-06T14:48:31.335+0000] {logging_mixin.py:137} INFO - [2023-05-06T14:48:31.335+0000] {dagbag.py:532} INFO - Filling up the DagBag from /home/airflow/.local/lib/python3.7/site-packages/airflow/example_dags/example_task_group_decorator.py
[2023-05-06T14:48:31.379+0000] {processor.py:753} INFO - DAG(s) dict_keys(['example_task_group_decorator']) retrieved from /home/airflow/.local/lib/python3.7/site-packages/airflow/example_dags/example_task_group_decorator.py
[2023-05-06T14:48:31.416+0000] {logging_mixin.py:137} INFO - [2023-05-06T14:48:31.415+0000] {dag.py:2693} INFO - Sync 1 DAGs
[2023-05-06T14:48:31.447+0000] {logging_mixin.py:137} INFO - [2023-05-06T14:48:31.447+0000] {dag.py:3444} INFO - Setting next_dagrun for example_task_group_decorator to 2023-05-05T14:48:31.446766+00:00, run_after=2023-05-06T14:48:31.446766+00:00
[2023-05-06T14:48:31.468+0000] {processor.py:175} INFO - Processing /home/airflow/.local/lib/python3.7/site-packages/airflow/example_dags/example_task_group_decorator.py took 0.138 seconds
[2023-05-06T14:49:01.550+0000] {processor.py:153} INFO - Started process (PID=349) to work on /home/airflow/.local/lib/python3.7/site-packages/airflow/example_dags/example_task_group_decorator.py
[2023-05-06T14:49:01.551+0000] {processor.py:743} INFO - Processing file /home/airflow/.local/lib/python3.7/site-packages/airflow/example_dags/example_task_group_decorator.py for tasks to queue
[2023-05-06T14:49:01.552+0000] {logging_mixin.py:137} INFO - [2023-05-06T14:49:01.551+0000] {dagbag.py:532} INFO - Filling up the DagBag from /home/airflow/.local/lib/python3.7/site-packages/airflow/example_dags/example_task_group_decorator.py
[2023-05-06T14:49:01.590+0000] {processor.py:753} INFO - DAG(s) dict_keys(['example_task_group_decorator']) retrieved from /home/airflow/.local/lib/python3.7/site-packages/airflow/example_dags/example_task_group_decorator.py
[2023-05-06T14:49:01.626+0000] {logging_mixin.py:137} INFO - [2023-05-06T14:49:01.626+0000] {dag.py:2693} INFO - Sync 1 DAGs
[2023-05-06T14:49:01.659+0000] {logging_mixin.py:137} INFO - [2023-05-06T14:49:01.659+0000] {dag.py:3444} INFO - Setting next_dagrun for example_task_group_decorator to 2023-05-05T14:49:01.658729+00:00, run_after=2023-05-06T14:49:01.658729+00:00
[2023-05-06T14:49:01.683+0000] {processor.py:175} INFO - Processing /home/airflow/.local/lib/python3.7/site-packages/airflow/example_dags/example_task_group_decorator.py took 0.137 seconds
[2023-05-06T14:49:31.926+0000] {processor.py:153} INFO - Started process (PID=400) to work on /home/airflow/.local/lib/python3.7/site-packages/airflow/example_dags/example_task_group_decorator.py
[2023-05-06T14:49:31.927+0000] {processor.py:743} INFO - Processing file /home/airflow/.local/lib/python3.7/site-packages/airflow/example_dags/example_task_group_decorator.py for tasks to queue
[2023-05-06T14:49:31.928+0000] {logging_mixin.py:137} INFO - [2023-05-06T14:49:31.927+0000] {dagbag.py:532} INFO - Filling up the DagBag from /home/airflow/.local/lib/python3.7/site-packages/airflow/example_dags/example_task_group_decorator.py
[2023-05-06T14:49:31.964+0000] {processor.py:753} INFO - DAG(s) dict_keys(['example_task_group_decorator']) retrieved from /home/airflow/.local/lib/python3.7/site-packages/airflow/example_dags/example_task_group_decorator.py
[2023-05-06T14:49:32.019+0000] {logging_mixin.py:137} INFO - [2023-05-06T14:49:32.018+0000] {dag.py:2693} INFO - Sync 1 DAGs
[2023-05-06T14:49:32.054+0000] {logging_mixin.py:137} INFO - [2023-05-06T14:49:32.054+0000] {dag.py:3444} INFO - Setting next_dagrun for example_task_group_decorator to 2023-05-05T14:49:32.054075+00:00, run_after=2023-05-06T14:49:32.054075+00:00
[2023-05-06T14:49:32.076+0000] {processor.py:175} INFO - Processing /home/airflow/.local/lib/python3.7/site-packages/airflow/example_dags/example_task_group_decorator.py took 0.153 seconds
[2023-05-06T14:50:03.621+0000] {processor.py:153} INFO - Started process (PID=451) to work on /home/airflow/.local/lib/python3.7/site-packages/airflow/example_dags/example_task_group_decorator.py
[2023-05-06T14:50:03.631+0000] {processor.py:743} INFO - Processing file /home/airflow/.local/lib/python3.7/site-packages/airflow/example_dags/example_task_group_decorator.py for tasks to queue
[2023-05-06T14:50:03.640+0000] {logging_mixin.py:137} INFO - [2023-05-06T14:50:03.640+0000] {dagbag.py:532} INFO - Filling up the DagBag from /home/airflow/.local/lib/python3.7/site-packages/airflow/example_dags/example_task_group_decorator.py
[2023-05-06T14:50:03.688+0000] {processor.py:753} INFO - DAG(s) dict_keys(['example_task_group_decorator']) retrieved from /home/airflow/.local/lib/python3.7/site-packages/airflow/example_dags/example_task_group_decorator.py
[2023-05-06T14:50:03.725+0000] {logging_mixin.py:137} INFO - [2023-05-06T14:50:03.724+0000] {dag.py:2693} INFO - Sync 1 DAGs
[2023-05-06T14:50:03.765+0000] {logging_mixin.py:137} INFO - [2023-05-06T14:50:03.764+0000] {dag.py:3444} INFO - Setting next_dagrun for example_task_group_decorator to 2023-05-05T14:50:03.764698+00:00, run_after=2023-05-06T14:50:03.764698+00:00
[2023-05-06T14:50:03.796+0000] {processor.py:175} INFO - Processing /home/airflow/.local/lib/python3.7/site-packages/airflow/example_dags/example_task_group_decorator.py took 0.179 seconds
[2023-05-06T14:50:34.948+0000] {processor.py:153} INFO - Started process (PID=502) to work on /home/airflow/.local/lib/python3.7/site-packages/airflow/example_dags/example_task_group_decorator.py
[2023-05-06T14:50:34.949+0000] {processor.py:743} INFO - Processing file /home/airflow/.local/lib/python3.7/site-packages/airflow/example_dags/example_task_group_decorator.py for tasks to queue
[2023-05-06T14:50:34.950+0000] {logging_mixin.py:137} INFO - [2023-05-06T14:50:34.950+0000] {dagbag.py:532} INFO - Filling up the DagBag from /home/airflow/.local/lib/python3.7/site-packages/airflow/example_dags/example_task_group_decorator.py
[2023-05-06T14:50:35.038+0000] {processor.py:753} INFO - DAG(s) dict_keys(['example_task_group_decorator']) retrieved from /home/airflow/.local/lib/python3.7/site-packages/airflow/example_dags/example_task_group_decorator.py
[2023-05-06T14:50:35.096+0000] {logging_mixin.py:137} INFO - [2023-05-06T14:50:35.095+0000] {dag.py:2693} INFO - Sync 1 DAGs
[2023-05-06T14:50:35.152+0000] {logging_mixin.py:137} INFO - [2023-05-06T14:50:35.152+0000] {dag.py:3444} INFO - Setting next_dagrun for example_task_group_decorator to 2023-05-05T14:50:35.152332+00:00, run_after=2023-05-06T14:50:35.152332+00:00
[2023-05-06T14:50:35.191+0000] {processor.py:175} INFO - Processing /home/airflow/.local/lib/python3.7/site-packages/airflow/example_dags/example_task_group_decorator.py took 0.252 seconds
[2023-05-06T14:51:05.326+0000] {processor.py:153} INFO - Started process (PID=553) to work on /home/airflow/.local/lib/python3.7/site-packages/airflow/example_dags/example_task_group_decorator.py
[2023-05-06T14:51:05.327+0000] {processor.py:743} INFO - Processing file /home/airflow/.local/lib/python3.7/site-packages/airflow/example_dags/example_task_group_decorator.py for tasks to queue
[2023-05-06T14:51:05.328+0000] {logging_mixin.py:137} INFO - [2023-05-06T14:51:05.327+0000] {dagbag.py:532} INFO - Filling up the DagBag from /home/airflow/.local/lib/python3.7/site-packages/airflow/example_dags/example_task_group_decorator.py
[2023-05-06T14:51:05.364+0000] {processor.py:753} INFO - DAG(s) dict_keys(['example_task_group_decorator']) retrieved from /home/airflow/.local/lib/python3.7/site-packages/airflow/example_dags/example_task_group_decorator.py
[2023-05-06T14:51:05.401+0000] {logging_mixin.py:137} INFO - [2023-05-06T14:51:05.401+0000] {dag.py:2693} INFO - Sync 1 DAGs
[2023-05-06T14:51:05.435+0000] {logging_mixin.py:137} INFO - [2023-05-06T14:51:05.435+0000] {dag.py:3444} INFO - Setting next_dagrun for example_task_group_decorator to 2023-05-05T14:51:05.435019+00:00, run_after=2023-05-06T14:51:05.435019+00:00
[2023-05-06T14:51:05.457+0000] {processor.py:175} INFO - Processing /home/airflow/.local/lib/python3.7/site-packages/airflow/example_dags/example_task_group_decorator.py took 0.136 seconds
[2023-05-06T14:51:35.690+0000] {processor.py:153} INFO - Started process (PID=604) to work on /home/airflow/.local/lib/python3.7/site-packages/airflow/example_dags/example_task_group_decorator.py
[2023-05-06T14:51:35.691+0000] {processor.py:743} INFO - Processing file /home/airflow/.local/lib/python3.7/site-packages/airflow/example_dags/example_task_group_decorator.py for tasks to queue
[2023-05-06T14:51:35.692+0000] {logging_mixin.py:137} INFO - [2023-05-06T14:51:35.691+0000] {dagbag.py:532} INFO - Filling up the DagBag from /home/airflow/.local/lib/python3.7/site-packages/airflow/example_dags/example_task_group_decorator.py
[2023-05-06T14:51:35.729+0000] {processor.py:753} INFO - DAG(s) dict_keys(['example_task_group_decorator']) retrieved from /home/airflow/.local/lib/python3.7/site-packages/airflow/example_dags/example_task_group_decorator.py
[2023-05-06T14:51:35.766+0000] {logging_mixin.py:137} INFO - [2023-05-06T14:51:35.766+0000] {dag.py:2693} INFO - Sync 1 DAGs
[2023-05-06T14:51:35.798+0000] {logging_mixin.py:137} INFO - [2023-05-06T14:51:35.798+0000] {dag.py:3444} INFO - Setting next_dagrun for example_task_group_decorator to 2023-05-05T14:51:35.798059+00:00, run_after=2023-05-06T14:51:35.798059+00:00
[2023-05-06T14:51:35.823+0000] {processor.py:175} INFO - Processing /home/airflow/.local/lib/python3.7/site-packages/airflow/example_dags/example_task_group_decorator.py took 0.137 seconds
[2023-05-06T14:52:06.716+0000] {processor.py:153} INFO - Started process (PID=655) to work on /home/airflow/.local/lib/python3.7/site-packages/airflow/example_dags/example_task_group_decorator.py
[2023-05-06T14:52:06.717+0000] {processor.py:743} INFO - Processing file /home/airflow/.local/lib/python3.7/site-packages/airflow/example_dags/example_task_group_decorator.py for tasks to queue
[2023-05-06T14:52:06.718+0000] {logging_mixin.py:137} INFO - [2023-05-06T14:52:06.718+0000] {dagbag.py:532} INFO - Filling up the DagBag from /home/airflow/.local/lib/python3.7/site-packages/airflow/example_dags/example_task_group_decorator.py
[2023-05-06T14:52:06.756+0000] {processor.py:753} INFO - DAG(s) dict_keys(['example_task_group_decorator']) retrieved from /home/airflow/.local/lib/python3.7/site-packages/airflow/example_dags/example_task_group_decorator.py
[2023-05-06T14:52:06.792+0000] {logging_mixin.py:137} INFO - [2023-05-06T14:52:06.792+0000] {dag.py:2693} INFO - Sync 1 DAGs
[2023-05-06T14:52:06.826+0000] {logging_mixin.py:137} INFO - [2023-05-06T14:52:06.826+0000] {dag.py:3444} INFO - Setting next_dagrun for example_task_group_decorator to 2023-05-05T14:52:06.826420+00:00, run_after=2023-05-06T14:52:06.826420+00:00
[2023-05-06T14:52:06.849+0000] {processor.py:175} INFO - Processing /home/airflow/.local/lib/python3.7/site-packages/airflow/example_dags/example_task_group_decorator.py took 0.137 seconds
[2023-05-06T14:52:37.180+0000] {processor.py:153} INFO - Started process (PID=706) to work on /home/airflow/.local/lib/python3.7/site-packages/airflow/example_dags/example_task_group_decorator.py
[2023-05-06T14:52:37.181+0000] {processor.py:743} INFO - Processing file /home/airflow/.local/lib/python3.7/site-packages/airflow/example_dags/example_task_group_decorator.py for tasks to queue
[2023-05-06T14:52:37.181+0000] {logging_mixin.py:137} INFO - [2023-05-06T14:52:37.181+0000] {dagbag.py:532} INFO - Filling up the DagBag from /home/airflow/.local/lib/python3.7/site-packages/airflow/example_dags/example_task_group_decorator.py
[2023-05-06T14:52:37.223+0000] {processor.py:753} INFO - DAG(s) dict_keys(['example_task_group_decorator']) retrieved from /home/airflow/.local/lib/python3.7/site-packages/airflow/example_dags/example_task_group_decorator.py
[2023-05-06T14:52:37.263+0000] {logging_mixin.py:137} INFO - [2023-05-06T14:52:37.260+0000] {dag.py:2693} INFO - Sync 1 DAGs
[2023-05-06T14:52:37.296+0000] {logging_mixin.py:137} INFO - [2023-05-06T14:52:37.296+0000] {dag.py:3444} INFO - Setting next_dagrun for example_task_group_decorator to 2023-05-05T14:52:37.296210+00:00, run_after=2023-05-06T14:52:37.296210+00:00
[2023-05-06T14:52:37.319+0000] {processor.py:175} INFO - Processing /home/airflow/.local/lib/python3.7/site-packages/airflow/example_dags/example_task_group_decorator.py took 0.143 seconds
[2023-05-06T14:53:07.572+0000] {processor.py:153} INFO - Started process (PID=758) to work on /home/airflow/.local/lib/python3.7/site-packages/airflow/example_dags/example_task_group_decorator.py
[2023-05-06T14:53:07.573+0000] {processor.py:743} INFO - Processing file /home/airflow/.local/lib/python3.7/site-packages/airflow/example_dags/example_task_group_decorator.py for tasks to queue
[2023-05-06T14:53:07.574+0000] {logging_mixin.py:137} INFO - [2023-05-06T14:53:07.574+0000] {dagbag.py:532} INFO - Filling up the DagBag from /home/airflow/.local/lib/python3.7/site-packages/airflow/example_dags/example_task_group_decorator.py
[2023-05-06T14:53:07.611+0000] {processor.py:753} INFO - DAG(s) dict_keys(['example_task_group_decorator']) retrieved from /home/airflow/.local/lib/python3.7/site-packages/airflow/example_dags/example_task_group_decorator.py
[2023-05-06T14:53:07.669+0000] {logging_mixin.py:137} INFO - [2023-05-06T14:53:07.669+0000] {dag.py:2693} INFO - Sync 1 DAGs
[2023-05-06T14:53:07.714+0000] {logging_mixin.py:137} INFO - [2023-05-06T14:53:07.710+0000] {dag.py:3444} INFO - Setting next_dagrun for example_task_group_decorator to 2023-05-05T14:53:07.710459+00:00, run_after=2023-05-06T14:53:07.710459+00:00
[2023-05-06T14:53:07.736+0000] {processor.py:175} INFO - Processing /home/airflow/.local/lib/python3.7/site-packages/airflow/example_dags/example_task_group_decorator.py took 0.168 seconds
[2023-05-06T14:53:38.275+0000] {processor.py:153} INFO - Started process (PID=814) to work on /home/airflow/.local/lib/python3.7/site-packages/airflow/example_dags/example_task_group_decorator.py
[2023-05-06T14:53:38.276+0000] {processor.py:743} INFO - Processing file /home/airflow/.local/lib/python3.7/site-packages/airflow/example_dags/example_task_group_decorator.py for tasks to queue
[2023-05-06T14:53:38.277+0000] {logging_mixin.py:137} INFO - [2023-05-06T14:53:38.276+0000] {dagbag.py:532} INFO - Filling up the DagBag from /home/airflow/.local/lib/python3.7/site-packages/airflow/example_dags/example_task_group_decorator.py
[2023-05-06T14:53:38.314+0000] {processor.py:753} INFO - DAG(s) dict_keys(['example_task_group_decorator']) retrieved from /home/airflow/.local/lib/python3.7/site-packages/airflow/example_dags/example_task_group_decorator.py
[2023-05-06T14:53:38.357+0000] {logging_mixin.py:137} INFO - [2023-05-06T14:53:38.357+0000] {dag.py:2693} INFO - Sync 1 DAGs
[2023-05-06T14:53:38.389+0000] {logging_mixin.py:137} INFO - [2023-05-06T14:53:38.389+0000] {dag.py:3444} INFO - Setting next_dagrun for example_task_group_decorator to 2023-05-05T14:53:38.389040+00:00, run_after=2023-05-06T14:53:38.389040+00:00
[2023-05-06T14:53:38.411+0000] {processor.py:175} INFO - Processing /home/airflow/.local/lib/python3.7/site-packages/airflow/example_dags/example_task_group_decorator.py took 0.140 seconds
[2023-05-06T14:54:08.792+0000] {processor.py:153} INFO - Started process (PID=864) to work on /home/airflow/.local/lib/python3.7/site-packages/airflow/example_dags/example_task_group_decorator.py
[2023-05-06T14:54:08.793+0000] {processor.py:743} INFO - Processing file /home/airflow/.local/lib/python3.7/site-packages/airflow/example_dags/example_task_group_decorator.py for tasks to queue
[2023-05-06T14:54:08.794+0000] {logging_mixin.py:137} INFO - [2023-05-06T14:54:08.794+0000] {dagbag.py:532} INFO - Filling up the DagBag from /home/airflow/.local/lib/python3.7/site-packages/airflow/example_dags/example_task_group_decorator.py
[2023-05-06T14:54:08.835+0000] {processor.py:753} INFO - DAG(s) dict_keys(['example_task_group_decorator']) retrieved from /home/airflow/.local/lib/python3.7/site-packages/airflow/example_dags/example_task_group_decorator.py
[2023-05-06T14:54:08.880+0000] {logging_mixin.py:137} INFO - [2023-05-06T14:54:08.880+0000] {dag.py:2693} INFO - Sync 1 DAGs
[2023-05-06T14:54:08.912+0000] {logging_mixin.py:137} INFO - [2023-05-06T14:54:08.911+0000] {dag.py:3444} INFO - Setting next_dagrun for example_task_group_decorator to 2023-05-05T14:54:08.911576+00:00, run_after=2023-05-06T14:54:08.911576+00:00
[2023-05-06T14:54:08.933+0000] {processor.py:175} INFO - Processing /home/airflow/.local/lib/python3.7/site-packages/airflow/example_dags/example_task_group_decorator.py took 0.145 seconds
[2023-05-06T14:54:39.446+0000] {processor.py:153} INFO - Started process (PID=915) to work on /home/airflow/.local/lib/python3.7/site-packages/airflow/example_dags/example_task_group_decorator.py
[2023-05-06T14:54:39.447+0000] {processor.py:743} INFO - Processing file /home/airflow/.local/lib/python3.7/site-packages/airflow/example_dags/example_task_group_decorator.py for tasks to queue
[2023-05-06T14:54:39.448+0000] {logging_mixin.py:137} INFO - [2023-05-06T14:54:39.448+0000] {dagbag.py:532} INFO - Filling up the DagBag from /home/airflow/.local/lib/python3.7/site-packages/airflow/example_dags/example_task_group_decorator.py
[2023-05-06T14:54:39.485+0000] {processor.py:753} INFO - DAG(s) dict_keys(['example_task_group_decorator']) retrieved from /home/airflow/.local/lib/python3.7/site-packages/airflow/example_dags/example_task_group_decorator.py
[2023-05-06T14:54:39.521+0000] {logging_mixin.py:137} INFO - [2023-05-06T14:54:39.521+0000] {dag.py:2693} INFO - Sync 1 DAGs
[2023-05-06T14:54:39.555+0000] {logging_mixin.py:137} INFO - [2023-05-06T14:54:39.554+0000] {dag.py:3444} INFO - Setting next_dagrun for example_task_group_decorator to 2023-05-05T14:54:39.554683+00:00, run_after=2023-05-06T14:54:39.554683+00:00
[2023-05-06T14:54:39.576+0000] {processor.py:175} INFO - Processing /home/airflow/.local/lib/python3.7/site-packages/airflow/example_dags/example_task_group_decorator.py took 0.135 seconds
[2023-05-06T14:55:09.943+0000] {processor.py:153} INFO - Started process (PID=966) to work on /home/airflow/.local/lib/python3.7/site-packages/airflow/example_dags/example_task_group_decorator.py
[2023-05-06T14:55:09.944+0000] {processor.py:743} INFO - Processing file /home/airflow/.local/lib/python3.7/site-packages/airflow/example_dags/example_task_group_decorator.py for tasks to queue
[2023-05-06T14:55:09.944+0000] {logging_mixin.py:137} INFO - [2023-05-06T14:55:09.944+0000] {dagbag.py:532} INFO - Filling up the DagBag from /home/airflow/.local/lib/python3.7/site-packages/airflow/example_dags/example_task_group_decorator.py
[2023-05-06T14:55:09.980+0000] {processor.py:753} INFO - DAG(s) dict_keys(['example_task_group_decorator']) retrieved from /home/airflow/.local/lib/python3.7/site-packages/airflow/example_dags/example_task_group_decorator.py
[2023-05-06T14:55:10.019+0000] {logging_mixin.py:137} INFO - [2023-05-06T14:55:10.019+0000] {dag.py:2693} INFO - Sync 1 DAGs
[2023-05-06T14:55:10.068+0000] {logging_mixin.py:137} INFO - [2023-05-06T14:55:10.068+0000] {dag.py:3444} INFO - Setting next_dagrun for example_task_group_decorator to 2023-05-05T14:55:10.068220+00:00, run_after=2023-05-06T14:55:10.068220+00:00
[2023-05-06T14:55:10.104+0000] {processor.py:175} INFO - Processing /home/airflow/.local/lib/python3.7/site-packages/airflow/example_dags/example_task_group_decorator.py took 0.165 seconds
[2023-05-06T14:55:40.796+0000] {processor.py:153} INFO - Started process (PID=1017) to work on /home/airflow/.local/lib/python3.7/site-packages/airflow/example_dags/example_task_group_decorator.py
[2023-05-06T14:55:40.797+0000] {processor.py:743} INFO - Processing file /home/airflow/.local/lib/python3.7/site-packages/airflow/example_dags/example_task_group_decorator.py for tasks to queue
[2023-05-06T14:55:40.798+0000] {logging_mixin.py:137} INFO - [2023-05-06T14:55:40.798+0000] {dagbag.py:532} INFO - Filling up the DagBag from /home/airflow/.local/lib/python3.7/site-packages/airflow/example_dags/example_task_group_decorator.py
[2023-05-06T14:55:40.837+0000] {processor.py:753} INFO - DAG(s) dict_keys(['example_task_group_decorator']) retrieved from /home/airflow/.local/lib/python3.7/site-packages/airflow/example_dags/example_task_group_decorator.py
[2023-05-06T14:55:40.877+0000] {logging_mixin.py:137} INFO - [2023-05-06T14:55:40.877+0000] {dag.py:2693} INFO - Sync 1 DAGs
[2023-05-06T14:55:40.911+0000] {logging_mixin.py:137} INFO - [2023-05-06T14:55:40.911+0000] {dag.py:3444} INFO - Setting next_dagrun for example_task_group_decorator to 2023-05-05T14:55:40.910808+00:00, run_after=2023-05-06T14:55:40.910808+00:00
[2023-05-06T14:55:40.933+0000] {processor.py:175} INFO - Processing /home/airflow/.local/lib/python3.7/site-packages/airflow/example_dags/example_task_group_decorator.py took 0.141 seconds
[2023-05-06T14:56:11.727+0000] {processor.py:153} INFO - Started process (PID=1068) to work on /home/airflow/.local/lib/python3.7/site-packages/airflow/example_dags/example_task_group_decorator.py
[2023-05-06T14:56:11.738+0000] {processor.py:743} INFO - Processing file /home/airflow/.local/lib/python3.7/site-packages/airflow/example_dags/example_task_group_decorator.py for tasks to queue
[2023-05-06T14:56:11.739+0000] {logging_mixin.py:137} INFO - [2023-05-06T14:56:11.739+0000] {dagbag.py:532} INFO - Filling up the DagBag from /home/airflow/.local/lib/python3.7/site-packages/airflow/example_dags/example_task_group_decorator.py
[2023-05-06T14:56:11.822+0000] {processor.py:753} INFO - DAG(s) dict_keys(['example_task_group_decorator']) retrieved from /home/airflow/.local/lib/python3.7/site-packages/airflow/example_dags/example_task_group_decorator.py
[2023-05-06T14:56:11.876+0000] {logging_mixin.py:137} INFO - [2023-05-06T14:56:11.876+0000] {dag.py:2693} INFO - Sync 1 DAGs
[2023-05-06T14:56:11.956+0000] {logging_mixin.py:137} INFO - [2023-05-06T14:56:11.956+0000] {dag.py:3444} INFO - Setting next_dagrun for example_task_group_decorator to 2023-05-05T14:56:11.956317+00:00, run_after=2023-05-06T14:56:11.956317+00:00
[2023-05-06T14:56:12.004+0000] {processor.py:175} INFO - Processing /home/airflow/.local/lib/python3.7/site-packages/airflow/example_dags/example_task_group_decorator.py took 0.293 seconds
[2023-05-06T14:56:42.039+0000] {processor.py:153} INFO - Started process (PID=1119) to work on /home/airflow/.local/lib/python3.7/site-packages/airflow/example_dags/example_task_group_decorator.py
[2023-05-06T14:56:42.040+0000] {processor.py:743} INFO - Processing file /home/airflow/.local/lib/python3.7/site-packages/airflow/example_dags/example_task_group_decorator.py for tasks to queue
[2023-05-06T14:56:42.041+0000] {logging_mixin.py:137} INFO - [2023-05-06T14:56:42.041+0000] {dagbag.py:532} INFO - Filling up the DagBag from /home/airflow/.local/lib/python3.7/site-packages/airflow/example_dags/example_task_group_decorator.py
[2023-05-06T14:56:42.081+0000] {processor.py:753} INFO - DAG(s) dict_keys(['example_task_group_decorator']) retrieved from /home/airflow/.local/lib/python3.7/site-packages/airflow/example_dags/example_task_group_decorator.py
[2023-05-06T14:56:42.117+0000] {logging_mixin.py:137} INFO - [2023-05-06T14:56:42.117+0000] {dag.py:2693} INFO - Sync 1 DAGs
[2023-05-06T14:56:42.155+0000] {logging_mixin.py:137} INFO - [2023-05-06T14:56:42.154+0000] {dag.py:3444} INFO - Setting next_dagrun for example_task_group_decorator to 2023-05-05T14:56:42.154529+00:00, run_after=2023-05-06T14:56:42.154529+00:00
[2023-05-06T14:56:42.184+0000] {processor.py:175} INFO - Processing /home/airflow/.local/lib/python3.7/site-packages/airflow/example_dags/example_task_group_decorator.py took 0.149 seconds
[2023-05-06T14:57:12.775+0000] {processor.py:153} INFO - Started process (PID=1170) to work on /home/airflow/.local/lib/python3.7/site-packages/airflow/example_dags/example_task_group_decorator.py
[2023-05-06T14:57:12.776+0000] {processor.py:743} INFO - Processing file /home/airflow/.local/lib/python3.7/site-packages/airflow/example_dags/example_task_group_decorator.py for tasks to queue
[2023-05-06T14:57:12.777+0000] {logging_mixin.py:137} INFO - [2023-05-06T14:57:12.777+0000] {dagbag.py:532} INFO - Filling up the DagBag from /home/airflow/.local/lib/python3.7/site-packages/airflow/example_dags/example_task_group_decorator.py
[2023-05-06T14:57:12.844+0000] {processor.py:753} INFO - DAG(s) dict_keys(['example_task_group_decorator']) retrieved from /home/airflow/.local/lib/python3.7/site-packages/airflow/example_dags/example_task_group_decorator.py
[2023-05-06T14:57:12.925+0000] {logging_mixin.py:137} INFO - [2023-05-06T14:57:12.925+0000] {dag.py:2693} INFO - Sync 1 DAGs
[2023-05-06T14:57:12.984+0000] {logging_mixin.py:137} INFO - [2023-05-06T14:57:12.984+0000] {dag.py:3444} INFO - Setting next_dagrun for example_task_group_decorator to 2023-05-05T14:57:12.983988+00:00, run_after=2023-05-06T14:57:12.983988+00:00
[2023-05-06T14:57:13.048+0000] {processor.py:175} INFO - Processing /home/airflow/.local/lib/python3.7/site-packages/airflow/example_dags/example_task_group_decorator.py took 0.285 seconds
[2023-05-06T14:57:43.184+0000] {processor.py:153} INFO - Started process (PID=1221) to work on /home/airflow/.local/lib/python3.7/site-packages/airflow/example_dags/example_task_group_decorator.py
[2023-05-06T14:57:43.185+0000] {processor.py:743} INFO - Processing file /home/airflow/.local/lib/python3.7/site-packages/airflow/example_dags/example_task_group_decorator.py for tasks to queue
[2023-05-06T14:57:43.186+0000] {logging_mixin.py:137} INFO - [2023-05-06T14:57:43.185+0000] {dagbag.py:532} INFO - Filling up the DagBag from /home/airflow/.local/lib/python3.7/site-packages/airflow/example_dags/example_task_group_decorator.py
[2023-05-06T14:57:43.222+0000] {processor.py:753} INFO - DAG(s) dict_keys(['example_task_group_decorator']) retrieved from /home/airflow/.local/lib/python3.7/site-packages/airflow/example_dags/example_task_group_decorator.py
[2023-05-06T14:57:43.257+0000] {logging_mixin.py:137} INFO - [2023-05-06T14:57:43.257+0000] {dag.py:2693} INFO - Sync 1 DAGs
[2023-05-06T14:57:43.288+0000] {logging_mixin.py:137} INFO - [2023-05-06T14:57:43.288+0000] {dag.py:3444} INFO - Setting next_dagrun for example_task_group_decorator to 2023-05-05T14:57:43.288464+00:00, run_after=2023-05-06T14:57:43.288464+00:00
[2023-05-06T14:57:43.310+0000] {processor.py:175} INFO - Processing /home/airflow/.local/lib/python3.7/site-packages/airflow/example_dags/example_task_group_decorator.py took 0.130 seconds
[2023-05-06T14:58:14.315+0000] {processor.py:153} INFO - Started process (PID=1271) to work on /home/airflow/.local/lib/python3.7/site-packages/airflow/example_dags/example_task_group_decorator.py
[2023-05-06T14:58:14.316+0000] {processor.py:743} INFO - Processing file /home/airflow/.local/lib/python3.7/site-packages/airflow/example_dags/example_task_group_decorator.py for tasks to queue
[2023-05-06T14:58:14.317+0000] {logging_mixin.py:137} INFO - [2023-05-06T14:58:14.316+0000] {dagbag.py:532} INFO - Filling up the DagBag from /home/airflow/.local/lib/python3.7/site-packages/airflow/example_dags/example_task_group_decorator.py
[2023-05-06T14:58:14.353+0000] {processor.py:753} INFO - DAG(s) dict_keys(['example_task_group_decorator']) retrieved from /home/airflow/.local/lib/python3.7/site-packages/airflow/example_dags/example_task_group_decorator.py
[2023-05-06T14:58:14.389+0000] {logging_mixin.py:137} INFO - [2023-05-06T14:58:14.389+0000] {dag.py:2693} INFO - Sync 1 DAGs
[2023-05-06T14:58:14.421+0000] {logging_mixin.py:137} INFO - [2023-05-06T14:58:14.421+0000] {dag.py:3444} INFO - Setting next_dagrun for example_task_group_decorator to 2023-05-05T14:58:14.421222+00:00, run_after=2023-05-06T14:58:14.421222+00:00
[2023-05-06T14:58:14.444+0000] {processor.py:175} INFO - Processing /home/airflow/.local/lib/python3.7/site-packages/airflow/example_dags/example_task_group_decorator.py took 0.133 seconds
[2023-05-06T14:58:45.183+0000] {processor.py:153} INFO - Started process (PID=1323) to work on /home/airflow/.local/lib/python3.7/site-packages/airflow/example_dags/example_task_group_decorator.py
[2023-05-06T14:58:45.184+0000] {processor.py:743} INFO - Processing file /home/airflow/.local/lib/python3.7/site-packages/airflow/example_dags/example_task_group_decorator.py for tasks to queue
[2023-05-06T14:58:45.185+0000] {logging_mixin.py:137} INFO - [2023-05-06T14:58:45.185+0000] {dagbag.py:532} INFO - Filling up the DagBag from /home/airflow/.local/lib/python3.7/site-packages/airflow/example_dags/example_task_group_decorator.py
[2023-05-06T14:58:45.221+0000] {processor.py:753} INFO - DAG(s) dict_keys(['example_task_group_decorator']) retrieved from /home/airflow/.local/lib/python3.7/site-packages/airflow/example_dags/example_task_group_decorator.py
[2023-05-06T14:58:45.258+0000] {logging_mixin.py:137} INFO - [2023-05-06T14:58:45.258+0000] {dag.py:2693} INFO - Sync 1 DAGs
[2023-05-06T14:58:45.291+0000] {logging_mixin.py:137} INFO - [2023-05-06T14:58:45.290+0000] {dag.py:3444} INFO - Setting next_dagrun for example_task_group_decorator to 2023-05-05T14:58:45.290548+00:00, run_after=2023-05-06T14:58:45.290548+00:00
[2023-05-06T14:58:45.318+0000] {processor.py:175} INFO - Processing /home/airflow/.local/lib/python3.7/site-packages/airflow/example_dags/example_task_group_decorator.py took 0.139 seconds
[2023-05-06T14:59:16.075+0000] {processor.py:153} INFO - Started process (PID=1374) to work on /home/airflow/.local/lib/python3.7/site-packages/airflow/example_dags/example_task_group_decorator.py
[2023-05-06T14:59:16.076+0000] {processor.py:743} INFO - Processing file /home/airflow/.local/lib/python3.7/site-packages/airflow/example_dags/example_task_group_decorator.py for tasks to queue
[2023-05-06T14:59:16.077+0000] {logging_mixin.py:137} INFO - [2023-05-06T14:59:16.077+0000] {dagbag.py:532} INFO - Filling up the DagBag from /home/airflow/.local/lib/python3.7/site-packages/airflow/example_dags/example_task_group_decorator.py
[2023-05-06T14:59:16.116+0000] {processor.py:753} INFO - DAG(s) dict_keys(['example_task_group_decorator']) retrieved from /home/airflow/.local/lib/python3.7/site-packages/airflow/example_dags/example_task_group_decorator.py
[2023-05-06T14:59:16.155+0000] {logging_mixin.py:137} INFO - [2023-05-06T14:59:16.155+0000] {dag.py:2693} INFO - Sync 1 DAGs
[2023-05-06T14:59:16.189+0000] {logging_mixin.py:137} INFO - [2023-05-06T14:59:16.189+0000] {dag.py:3444} INFO - Setting next_dagrun for example_task_group_decorator to 2023-05-05T14:59:16.189016+00:00, run_after=2023-05-06T14:59:16.189016+00:00
[2023-05-06T14:59:16.214+0000] {processor.py:175} INFO - Processing /home/airflow/.local/lib/python3.7/site-packages/airflow/example_dags/example_task_group_decorator.py took 0.144 seconds
[2023-05-06T14:59:46.814+0000] {processor.py:153} INFO - Started process (PID=1426) to work on /home/airflow/.local/lib/python3.7/site-packages/airflow/example_dags/example_task_group_decorator.py
[2023-05-06T14:59:46.816+0000] {processor.py:743} INFO - Processing file /home/airflow/.local/lib/python3.7/site-packages/airflow/example_dags/example_task_group_decorator.py for tasks to queue
[2023-05-06T14:59:46.817+0000] {logging_mixin.py:137} INFO - [2023-05-06T14:59:46.816+0000] {dagbag.py:532} INFO - Filling up the DagBag from /home/airflow/.local/lib/python3.7/site-packages/airflow/example_dags/example_task_group_decorator.py
[2023-05-06T14:59:46.856+0000] {processor.py:753} INFO - DAG(s) dict_keys(['example_task_group_decorator']) retrieved from /home/airflow/.local/lib/python3.7/site-packages/airflow/example_dags/example_task_group_decorator.py
[2023-05-06T14:59:46.892+0000] {logging_mixin.py:137} INFO - [2023-05-06T14:59:46.891+0000] {dag.py:2693} INFO - Sync 1 DAGs
[2023-05-06T14:59:46.924+0000] {logging_mixin.py:137} INFO - [2023-05-06T14:59:46.923+0000] {dag.py:3444} INFO - Setting next_dagrun for example_task_group_decorator to 2023-05-05T14:59:46.923306+00:00, run_after=2023-05-06T14:59:46.923306+00:00
[2023-05-06T14:59:46.954+0000] {processor.py:175} INFO - Processing /home/airflow/.local/lib/python3.7/site-packages/airflow/example_dags/example_task_group_decorator.py took 0.143 seconds
[2023-05-06T15:00:17.222+0000] {processor.py:153} INFO - Started process (PID=1477) to work on /home/airflow/.local/lib/python3.7/site-packages/airflow/example_dags/example_task_group_decorator.py
[2023-05-06T15:00:17.224+0000] {processor.py:743} INFO - Processing file /home/airflow/.local/lib/python3.7/site-packages/airflow/example_dags/example_task_group_decorator.py for tasks to queue
[2023-05-06T15:00:17.224+0000] {logging_mixin.py:137} INFO - [2023-05-06T15:00:17.224+0000] {dagbag.py:532} INFO - Filling up the DagBag from /home/airflow/.local/lib/python3.7/site-packages/airflow/example_dags/example_task_group_decorator.py
[2023-05-06T15:00:17.262+0000] {processor.py:753} INFO - DAG(s) dict_keys(['example_task_group_decorator']) retrieved from /home/airflow/.local/lib/python3.7/site-packages/airflow/example_dags/example_task_group_decorator.py
[2023-05-06T15:00:17.299+0000] {logging_mixin.py:137} INFO - [2023-05-06T15:00:17.299+0000] {dag.py:2693} INFO - Sync 1 DAGs
[2023-05-06T15:00:17.332+0000] {logging_mixin.py:137} INFO - [2023-05-06T15:00:17.332+0000] {dag.py:3444} INFO - Setting next_dagrun for example_task_group_decorator to 2023-05-05T15:00:17.332271+00:00, run_after=2023-05-06T15:00:17.332271+00:00
[2023-05-06T15:00:17.354+0000] {processor.py:175} INFO - Processing /home/airflow/.local/lib/python3.7/site-packages/airflow/example_dags/example_task_group_decorator.py took 0.136 seconds
[2023-05-06T15:00:47.838+0000] {processor.py:153} INFO - Started process (PID=1528) to work on /home/airflow/.local/lib/python3.7/site-packages/airflow/example_dags/example_task_group_decorator.py
[2023-05-06T15:00:47.840+0000] {processor.py:743} INFO - Processing file /home/airflow/.local/lib/python3.7/site-packages/airflow/example_dags/example_task_group_decorator.py for tasks to queue
[2023-05-06T15:00:47.841+0000] {logging_mixin.py:137} INFO - [2023-05-06T15:00:47.840+0000] {dagbag.py:532} INFO - Filling up the DagBag from /home/airflow/.local/lib/python3.7/site-packages/airflow/example_dags/example_task_group_decorator.py
[2023-05-06T15:00:47.876+0000] {processor.py:753} INFO - DAG(s) dict_keys(['example_task_group_decorator']) retrieved from /home/airflow/.local/lib/python3.7/site-packages/airflow/example_dags/example_task_group_decorator.py
[2023-05-06T15:00:47.914+0000] {logging_mixin.py:137} INFO - [2023-05-06T15:00:47.914+0000] {dag.py:2693} INFO - Sync 1 DAGs
[2023-05-06T15:00:47.946+0000] {logging_mixin.py:137} INFO - [2023-05-06T15:00:47.946+0000] {dag.py:3444} INFO - Setting next_dagrun for example_task_group_decorator to 2023-05-05T15:00:47.946123+00:00, run_after=2023-05-06T15:00:47.946123+00:00
[2023-05-06T15:00:47.968+0000] {processor.py:175} INFO - Processing /home/airflow/.local/lib/python3.7/site-packages/airflow/example_dags/example_task_group_decorator.py took 0.134 seconds
[2023-05-06T15:01:18.361+0000] {processor.py:153} INFO - Started process (PID=1580) to work on /home/airflow/.local/lib/python3.7/site-packages/airflow/example_dags/example_task_group_decorator.py
[2023-05-06T15:01:18.363+0000] {processor.py:743} INFO - Processing file /home/airflow/.local/lib/python3.7/site-packages/airflow/example_dags/example_task_group_decorator.py for tasks to queue
[2023-05-06T15:01:18.363+0000] {logging_mixin.py:137} INFO - [2023-05-06T15:01:18.363+0000] {dagbag.py:532} INFO - Filling up the DagBag from /home/airflow/.local/lib/python3.7/site-packages/airflow/example_dags/example_task_group_decorator.py
[2023-05-06T15:01:18.400+0000] {processor.py:753} INFO - DAG(s) dict_keys(['example_task_group_decorator']) retrieved from /home/airflow/.local/lib/python3.7/site-packages/airflow/example_dags/example_task_group_decorator.py
[2023-05-06T15:01:18.436+0000] {logging_mixin.py:137} INFO - [2023-05-06T15:01:18.436+0000] {dag.py:2693} INFO - Sync 1 DAGs
[2023-05-06T15:01:18.466+0000] {logging_mixin.py:137} INFO - [2023-05-06T15:01:18.466+0000] {dag.py:3444} INFO - Setting next_dagrun for example_task_group_decorator to 2023-05-05T15:01:18.466367+00:00, run_after=2023-05-06T15:01:18.466367+00:00
[2023-05-06T15:01:18.492+0000] {processor.py:175} INFO - Processing /home/airflow/.local/lib/python3.7/site-packages/airflow/example_dags/example_task_group_decorator.py took 0.134 seconds
[2023-05-06T15:01:49.217+0000] {processor.py:153} INFO - Started process (PID=1631) to work on /home/airflow/.local/lib/python3.7/site-packages/airflow/example_dags/example_task_group_decorator.py
[2023-05-06T15:01:49.218+0000] {processor.py:743} INFO - Processing file /home/airflow/.local/lib/python3.7/site-packages/airflow/example_dags/example_task_group_decorator.py for tasks to queue
[2023-05-06T15:01:49.219+0000] {logging_mixin.py:137} INFO - [2023-05-06T15:01:49.219+0000] {dagbag.py:532} INFO - Filling up the DagBag from /home/airflow/.local/lib/python3.7/site-packages/airflow/example_dags/example_task_group_decorator.py
[2023-05-06T15:01:49.255+0000] {processor.py:753} INFO - DAG(s) dict_keys(['example_task_group_decorator']) retrieved from /home/airflow/.local/lib/python3.7/site-packages/airflow/example_dags/example_task_group_decorator.py
[2023-05-06T15:01:49.292+0000] {logging_mixin.py:137} INFO - [2023-05-06T15:01:49.292+0000] {dag.py:2693} INFO - Sync 1 DAGs
[2023-05-06T15:01:49.324+0000] {logging_mixin.py:137} INFO - [2023-05-06T15:01:49.323+0000] {dag.py:3444} INFO - Setting next_dagrun for example_task_group_decorator to 2023-05-05T15:01:49.323500+00:00, run_after=2023-05-06T15:01:49.323500+00:00
[2023-05-06T15:01:49.351+0000] {processor.py:175} INFO - Processing /home/airflow/.local/lib/python3.7/site-packages/airflow/example_dags/example_task_group_decorator.py took 0.138 seconds
[2023-05-06T15:02:20.602+0000] {processor.py:153} INFO - Started process (PID=1682) to work on /home/airflow/.local/lib/python3.7/site-packages/airflow/example_dags/example_task_group_decorator.py
[2023-05-06T15:02:20.603+0000] {processor.py:743} INFO - Processing file /home/airflow/.local/lib/python3.7/site-packages/airflow/example_dags/example_task_group_decorator.py for tasks to queue
[2023-05-06T15:02:20.604+0000] {logging_mixin.py:137} INFO - [2023-05-06T15:02:20.604+0000] {dagbag.py:532} INFO - Filling up the DagBag from /home/airflow/.local/lib/python3.7/site-packages/airflow/example_dags/example_task_group_decorator.py
[2023-05-06T15:02:20.698+0000] {processor.py:753} INFO - DAG(s) dict_keys(['example_task_group_decorator']) retrieved from /home/airflow/.local/lib/python3.7/site-packages/airflow/example_dags/example_task_group_decorator.py
[2023-05-06T15:02:20.788+0000] {logging_mixin.py:137} INFO - [2023-05-06T15:02:20.788+0000] {dag.py:2693} INFO - Sync 1 DAGs
[2023-05-06T15:02:20.850+0000] {logging_mixin.py:137} INFO - [2023-05-06T15:02:20.850+0000] {dag.py:3444} INFO - Setting next_dagrun for example_task_group_decorator to 2023-05-05T15:02:20.850224+00:00, run_after=2023-05-06T15:02:20.850224+00:00
[2023-05-06T15:02:20.895+0000] {processor.py:175} INFO - Processing /home/airflow/.local/lib/python3.7/site-packages/airflow/example_dags/example_task_group_decorator.py took 0.306 seconds
[2023-05-06T15:02:51.167+0000] {processor.py:153} INFO - Started process (PID=1734) to work on /home/airflow/.local/lib/python3.7/site-packages/airflow/example_dags/example_task_group_decorator.py
[2023-05-06T15:02:51.169+0000] {processor.py:743} INFO - Processing file /home/airflow/.local/lib/python3.7/site-packages/airflow/example_dags/example_task_group_decorator.py for tasks to queue
[2023-05-06T15:02:51.170+0000] {logging_mixin.py:137} INFO - [2023-05-06T15:02:51.170+0000] {dagbag.py:532} INFO - Filling up the DagBag from /home/airflow/.local/lib/python3.7/site-packages/airflow/example_dags/example_task_group_decorator.py
[2023-05-06T15:02:51.205+0000] {processor.py:753} INFO - DAG(s) dict_keys(['example_task_group_decorator']) retrieved from /home/airflow/.local/lib/python3.7/site-packages/airflow/example_dags/example_task_group_decorator.py
[2023-05-06T15:02:51.241+0000] {logging_mixin.py:137} INFO - [2023-05-06T15:02:51.241+0000] {dag.py:2693} INFO - Sync 1 DAGs
[2023-05-06T15:02:51.272+0000] {logging_mixin.py:137} INFO - [2023-05-06T15:02:51.272+0000] {dag.py:3444} INFO - Setting next_dagrun for example_task_group_decorator to 2023-05-05T15:02:51.272471+00:00, run_after=2023-05-06T15:02:51.272471+00:00
[2023-05-06T15:02:51.295+0000] {processor.py:175} INFO - Processing /home/airflow/.local/lib/python3.7/site-packages/airflow/example_dags/example_task_group_decorator.py took 0.132 seconds
[2023-05-06T15:03:21.365+0000] {processor.py:153} INFO - Started process (PID=1784) to work on /home/airflow/.local/lib/python3.7/site-packages/airflow/example_dags/example_task_group_decorator.py
[2023-05-06T15:03:21.366+0000] {processor.py:743} INFO - Processing file /home/airflow/.local/lib/python3.7/site-packages/airflow/example_dags/example_task_group_decorator.py for tasks to queue
[2023-05-06T15:03:21.367+0000] {logging_mixin.py:137} INFO - [2023-05-06T15:03:21.367+0000] {dagbag.py:532} INFO - Filling up the DagBag from /home/airflow/.local/lib/python3.7/site-packages/airflow/example_dags/example_task_group_decorator.py
[2023-05-06T15:03:21.405+0000] {processor.py:753} INFO - DAG(s) dict_keys(['example_task_group_decorator']) retrieved from /home/airflow/.local/lib/python3.7/site-packages/airflow/example_dags/example_task_group_decorator.py
[2023-05-06T15:03:21.442+0000] {logging_mixin.py:137} INFO - [2023-05-06T15:03:21.442+0000] {dag.py:2693} INFO - Sync 1 DAGs
[2023-05-06T15:03:21.474+0000] {logging_mixin.py:137} INFO - [2023-05-06T15:03:21.473+0000] {dag.py:3444} INFO - Setting next_dagrun for example_task_group_decorator to 2023-05-05T15:03:21.473646+00:00, run_after=2023-05-06T15:03:21.473646+00:00
[2023-05-06T15:03:21.495+0000] {processor.py:175} INFO - Processing /home/airflow/.local/lib/python3.7/site-packages/airflow/example_dags/example_task_group_decorator.py took 0.134 seconds
[2023-05-06T15:03:51.587+0000] {processor.py:153} INFO - Started process (PID=1834) to work on /home/airflow/.local/lib/python3.7/site-packages/airflow/example_dags/example_task_group_decorator.py
[2023-05-06T15:03:51.589+0000] {processor.py:743} INFO - Processing file /home/airflow/.local/lib/python3.7/site-packages/airflow/example_dags/example_task_group_decorator.py for tasks to queue
[2023-05-06T15:03:51.590+0000] {logging_mixin.py:137} INFO - [2023-05-06T15:03:51.589+0000] {dagbag.py:532} INFO - Filling up the DagBag from /home/airflow/.local/lib/python3.7/site-packages/airflow/example_dags/example_task_group_decorator.py
[2023-05-06T15:03:51.627+0000] {processor.py:753} INFO - DAG(s) dict_keys(['example_task_group_decorator']) retrieved from /home/airflow/.local/lib/python3.7/site-packages/airflow/example_dags/example_task_group_decorator.py
[2023-05-06T15:03:51.663+0000] {logging_mixin.py:137} INFO - [2023-05-06T15:03:51.662+0000] {dag.py:2693} INFO - Sync 1 DAGs
[2023-05-06T15:03:51.695+0000] {logging_mixin.py:137} INFO - [2023-05-06T15:03:51.694+0000] {dag.py:3444} INFO - Setting next_dagrun for example_task_group_decorator to 2023-05-05T15:03:51.694680+00:00, run_after=2023-05-06T15:03:51.694680+00:00
[2023-05-06T15:03:51.716+0000] {processor.py:175} INFO - Processing /home/airflow/.local/lib/python3.7/site-packages/airflow/example_dags/example_task_group_decorator.py took 0.133 seconds
[2023-05-06T15:04:22.907+0000] {processor.py:153} INFO - Started process (PID=1885) to work on /home/airflow/.local/lib/python3.7/site-packages/airflow/example_dags/example_task_group_decorator.py
[2023-05-06T15:04:22.917+0000] {processor.py:743} INFO - Processing file /home/airflow/.local/lib/python3.7/site-packages/airflow/example_dags/example_task_group_decorator.py for tasks to queue
[2023-05-06T15:04:22.917+0000] {logging_mixin.py:137} INFO - [2023-05-06T15:04:22.917+0000] {dagbag.py:532} INFO - Filling up the DagBag from /home/airflow/.local/lib/python3.7/site-packages/airflow/example_dags/example_task_group_decorator.py
[2023-05-06T15:04:22.995+0000] {processor.py:753} INFO - DAG(s) dict_keys(['example_task_group_decorator']) retrieved from /home/airflow/.local/lib/python3.7/site-packages/airflow/example_dags/example_task_group_decorator.py
[2023-05-06T15:04:23.075+0000] {logging_mixin.py:137} INFO - [2023-05-06T15:04:23.075+0000] {dag.py:2693} INFO - Sync 1 DAGs
[2023-05-06T15:04:23.129+0000] {logging_mixin.py:137} INFO - [2023-05-06T15:04:23.129+0000] {dag.py:3444} INFO - Setting next_dagrun for example_task_group_decorator to 2023-05-05T15:04:23.128701+00:00, run_after=2023-05-06T15:04:23.128701+00:00
[2023-05-06T15:04:23.176+0000] {processor.py:175} INFO - Processing /home/airflow/.local/lib/python3.7/site-packages/airflow/example_dags/example_task_group_decorator.py took 0.273 seconds
[2023-05-06T15:04:53.726+0000] {processor.py:153} INFO - Started process (PID=1936) to work on /home/airflow/.local/lib/python3.7/site-packages/airflow/example_dags/example_task_group_decorator.py
[2023-05-06T15:04:53.728+0000] {processor.py:743} INFO - Processing file /home/airflow/.local/lib/python3.7/site-packages/airflow/example_dags/example_task_group_decorator.py for tasks to queue
[2023-05-06T15:04:53.729+0000] {logging_mixin.py:137} INFO - [2023-05-06T15:04:53.729+0000] {dagbag.py:532} INFO - Filling up the DagBag from /home/airflow/.local/lib/python3.7/site-packages/airflow/example_dags/example_task_group_decorator.py
[2023-05-06T15:04:53.777+0000] {processor.py:753} INFO - DAG(s) dict_keys(['example_task_group_decorator']) retrieved from /home/airflow/.local/lib/python3.7/site-packages/airflow/example_dags/example_task_group_decorator.py
[2023-05-06T15:04:53.820+0000] {logging_mixin.py:137} INFO - [2023-05-06T15:04:53.820+0000] {dag.py:2693} INFO - Sync 1 DAGs
[2023-05-06T15:04:53.853+0000] {logging_mixin.py:137} INFO - [2023-05-06T15:04:53.853+0000] {dag.py:3444} INFO - Setting next_dagrun for example_task_group_decorator to 2023-05-05T15:04:53.853215+00:00, run_after=2023-05-06T15:04:53.853215+00:00
[2023-05-06T15:04:53.887+0000] {processor.py:175} INFO - Processing /home/airflow/.local/lib/python3.7/site-packages/airflow/example_dags/example_task_group_decorator.py took 0.169 seconds
[2023-05-06T15:05:24.251+0000] {processor.py:153} INFO - Started process (PID=1986) to work on /home/airflow/.local/lib/python3.7/site-packages/airflow/example_dags/example_task_group_decorator.py
[2023-05-06T15:05:24.252+0000] {processor.py:743} INFO - Processing file /home/airflow/.local/lib/python3.7/site-packages/airflow/example_dags/example_task_group_decorator.py for tasks to queue
[2023-05-06T15:05:24.254+0000] {logging_mixin.py:137} INFO - [2023-05-06T15:05:24.253+0000] {dagbag.py:532} INFO - Filling up the DagBag from /home/airflow/.local/lib/python3.7/site-packages/airflow/example_dags/example_task_group_decorator.py
[2023-05-06T15:05:24.297+0000] {processor.py:753} INFO - DAG(s) dict_keys(['example_task_group_decorator']) retrieved from /home/airflow/.local/lib/python3.7/site-packages/airflow/example_dags/example_task_group_decorator.py
[2023-05-06T15:05:24.334+0000] {logging_mixin.py:137} INFO - [2023-05-06T15:05:24.334+0000] {dag.py:2693} INFO - Sync 1 DAGs
[2023-05-06T15:05:24.368+0000] {logging_mixin.py:137} INFO - [2023-05-06T15:05:24.367+0000] {dag.py:3444} INFO - Setting next_dagrun for example_task_group_decorator to 2023-05-05T15:05:24.367521+00:00, run_after=2023-05-06T15:05:24.367521+00:00
[2023-05-06T15:05:24.399+0000] {processor.py:175} INFO - Processing /home/airflow/.local/lib/python3.7/site-packages/airflow/example_dags/example_task_group_decorator.py took 0.148 seconds
[2023-05-06T15:05:55.379+0000] {processor.py:153} INFO - Started process (PID=2038) to work on /home/airflow/.local/lib/python3.7/site-packages/airflow/example_dags/example_task_group_decorator.py
[2023-05-06T15:05:55.381+0000] {processor.py:743} INFO - Processing file /home/airflow/.local/lib/python3.7/site-packages/airflow/example_dags/example_task_group_decorator.py for tasks to queue
[2023-05-06T15:05:55.382+0000] {logging_mixin.py:137} INFO - [2023-05-06T15:05:55.381+0000] {dagbag.py:532} INFO - Filling up the DagBag from /home/airflow/.local/lib/python3.7/site-packages/airflow/example_dags/example_task_group_decorator.py
[2023-05-06T15:05:55.422+0000] {processor.py:753} INFO - DAG(s) dict_keys(['example_task_group_decorator']) retrieved from /home/airflow/.local/lib/python3.7/site-packages/airflow/example_dags/example_task_group_decorator.py
[2023-05-06T15:05:55.464+0000] {logging_mixin.py:137} INFO - [2023-05-06T15:05:55.463+0000] {dag.py:2693} INFO - Sync 1 DAGs
[2023-05-06T15:05:55.496+0000] {logging_mixin.py:137} INFO - [2023-05-06T15:05:55.496+0000] {dag.py:3444} INFO - Setting next_dagrun for example_task_group_decorator to 2023-05-05T15:05:55.496331+00:00, run_after=2023-05-06T15:05:55.496331+00:00
[2023-05-06T15:05:55.518+0000] {processor.py:175} INFO - Processing /home/airflow/.local/lib/python3.7/site-packages/airflow/example_dags/example_task_group_decorator.py took 0.143 seconds
[2023-05-06T15:06:25.910+0000] {processor.py:153} INFO - Started process (PID=2088) to work on /home/airflow/.local/lib/python3.7/site-packages/airflow/example_dags/example_task_group_decorator.py
[2023-05-06T15:06:25.910+0000] {processor.py:743} INFO - Processing file /home/airflow/.local/lib/python3.7/site-packages/airflow/example_dags/example_task_group_decorator.py for tasks to queue
[2023-05-06T15:06:25.911+0000] {logging_mixin.py:137} INFO - [2023-05-06T15:06:25.911+0000] {dagbag.py:532} INFO - Filling up the DagBag from /home/airflow/.local/lib/python3.7/site-packages/airflow/example_dags/example_task_group_decorator.py
[2023-05-06T15:06:25.947+0000] {processor.py:753} INFO - DAG(s) dict_keys(['example_task_group_decorator']) retrieved from /home/airflow/.local/lib/python3.7/site-packages/airflow/example_dags/example_task_group_decorator.py
[2023-05-06T15:06:25.984+0000] {logging_mixin.py:137} INFO - [2023-05-06T15:06:25.984+0000] {dag.py:2693} INFO - Sync 1 DAGs
[2023-05-06T15:06:26.018+0000] {logging_mixin.py:137} INFO - [2023-05-06T15:06:26.018+0000] {dag.py:3444} INFO - Setting next_dagrun for example_task_group_decorator to 2023-05-05T15:06:26.018043+00:00, run_after=2023-05-06T15:06:26.018043+00:00
[2023-05-06T15:06:26.041+0000] {processor.py:175} INFO - Processing /home/airflow/.local/lib/python3.7/site-packages/airflow/example_dags/example_task_group_decorator.py took 0.135 seconds
[2023-05-06T15:06:56.643+0000] {processor.py:153} INFO - Started process (PID=2139) to work on /home/airflow/.local/lib/python3.7/site-packages/airflow/example_dags/example_task_group_decorator.py
[2023-05-06T15:06:56.645+0000] {processor.py:743} INFO - Processing file /home/airflow/.local/lib/python3.7/site-packages/airflow/example_dags/example_task_group_decorator.py for tasks to queue
[2023-05-06T15:06:56.645+0000] {logging_mixin.py:137} INFO - [2023-05-06T15:06:56.645+0000] {dagbag.py:532} INFO - Filling up the DagBag from /home/airflow/.local/lib/python3.7/site-packages/airflow/example_dags/example_task_group_decorator.py
[2023-05-06T15:06:56.683+0000] {processor.py:753} INFO - DAG(s) dict_keys(['example_task_group_decorator']) retrieved from /home/airflow/.local/lib/python3.7/site-packages/airflow/example_dags/example_task_group_decorator.py
[2023-05-06T15:06:56.719+0000] {logging_mixin.py:137} INFO - [2023-05-06T15:06:56.719+0000] {dag.py:2693} INFO - Sync 1 DAGs
[2023-05-06T15:06:56.751+0000] {logging_mixin.py:137} INFO - [2023-05-06T15:06:56.750+0000] {dag.py:3444} INFO - Setting next_dagrun for example_task_group_decorator to 2023-05-05T15:06:56.750529+00:00, run_after=2023-05-06T15:06:56.750529+00:00
[2023-05-06T15:06:56.772+0000] {processor.py:175} INFO - Processing /home/airflow/.local/lib/python3.7/site-packages/airflow/example_dags/example_task_group_decorator.py took 0.133 seconds
[2023-05-06T15:07:27.186+0000] {processor.py:153} INFO - Started process (PID=2190) to work on /home/airflow/.local/lib/python3.7/site-packages/airflow/example_dags/example_task_group_decorator.py
[2023-05-06T15:07:27.186+0000] {processor.py:743} INFO - Processing file /home/airflow/.local/lib/python3.7/site-packages/airflow/example_dags/example_task_group_decorator.py for tasks to queue
[2023-05-06T15:07:27.187+0000] {logging_mixin.py:137} INFO - [2023-05-06T15:07:27.187+0000] {dagbag.py:532} INFO - Filling up the DagBag from /home/airflow/.local/lib/python3.7/site-packages/airflow/example_dags/example_task_group_decorator.py
[2023-05-06T15:07:27.223+0000] {processor.py:753} INFO - DAG(s) dict_keys(['example_task_group_decorator']) retrieved from /home/airflow/.local/lib/python3.7/site-packages/airflow/example_dags/example_task_group_decorator.py
[2023-05-06T15:07:27.259+0000] {logging_mixin.py:137} INFO - [2023-05-06T15:07:27.259+0000] {dag.py:2693} INFO - Sync 1 DAGs
[2023-05-06T15:07:27.293+0000] {logging_mixin.py:137} INFO - [2023-05-06T15:07:27.293+0000] {dag.py:3444} INFO - Setting next_dagrun for example_task_group_decorator to 2023-05-05T15:07:27.293068+00:00, run_after=2023-05-06T15:07:27.293068+00:00
[2023-05-06T15:07:27.315+0000] {processor.py:175} INFO - Processing /home/airflow/.local/lib/python3.7/site-packages/airflow/example_dags/example_task_group_decorator.py took 0.133 seconds
[2023-05-06T15:07:57.671+0000] {processor.py:153} INFO - Started process (PID=2241) to work on /home/airflow/.local/lib/python3.7/site-packages/airflow/example_dags/example_task_group_decorator.py
[2023-05-06T15:07:57.674+0000] {processor.py:743} INFO - Processing file /home/airflow/.local/lib/python3.7/site-packages/airflow/example_dags/example_task_group_decorator.py for tasks to queue
[2023-05-06T15:07:57.674+0000] {logging_mixin.py:137} INFO - [2023-05-06T15:07:57.674+0000] {dagbag.py:532} INFO - Filling up the DagBag from /home/airflow/.local/lib/python3.7/site-packages/airflow/example_dags/example_task_group_decorator.py
[2023-05-06T15:07:57.711+0000] {processor.py:753} INFO - DAG(s) dict_keys(['example_task_group_decorator']) retrieved from /home/airflow/.local/lib/python3.7/site-packages/airflow/example_dags/example_task_group_decorator.py
[2023-05-06T15:07:57.757+0000] {logging_mixin.py:137} INFO - [2023-05-06T15:07:57.757+0000] {dag.py:2693} INFO - Sync 1 DAGs
[2023-05-06T15:07:57.795+0000] {logging_mixin.py:137} INFO - [2023-05-06T15:07:57.794+0000] {dag.py:3444} INFO - Setting next_dagrun for example_task_group_decorator to 2023-05-05T15:07:57.794577+00:00, run_after=2023-05-06T15:07:57.794577+00:00
[2023-05-06T15:07:57.822+0000] {processor.py:175} INFO - Processing /home/airflow/.local/lib/python3.7/site-packages/airflow/example_dags/example_task_group_decorator.py took 0.155 seconds
[2023-05-06T15:08:28.835+0000] {processor.py:153} INFO - Started process (PID=2292) to work on /home/airflow/.local/lib/python3.7/site-packages/airflow/example_dags/example_task_group_decorator.py
[2023-05-06T15:08:28.844+0000] {processor.py:743} INFO - Processing file /home/airflow/.local/lib/python3.7/site-packages/airflow/example_dags/example_task_group_decorator.py for tasks to queue
[2023-05-06T15:08:28.845+0000] {logging_mixin.py:137} INFO - [2023-05-06T15:08:28.844+0000] {dagbag.py:532} INFO - Filling up the DagBag from /home/airflow/.local/lib/python3.7/site-packages/airflow/example_dags/example_task_group_decorator.py
[2023-05-06T15:08:28.917+0000] {processor.py:753} INFO - DAG(s) dict_keys(['example_task_group_decorator']) retrieved from /home/airflow/.local/lib/python3.7/site-packages/airflow/example_dags/example_task_group_decorator.py
[2023-05-06T15:08:28.979+0000] {logging_mixin.py:137} INFO - [2023-05-06T15:08:28.979+0000] {dag.py:2693} INFO - Sync 1 DAGs
[2023-05-06T15:08:29.051+0000] {logging_mixin.py:137} INFO - [2023-05-06T15:08:29.051+0000] {dag.py:3444} INFO - Setting next_dagrun for example_task_group_decorator to 2023-05-05T15:08:29.051246+00:00, run_after=2023-05-06T15:08:29.051246+00:00
[2023-05-06T15:08:29.095+0000] {processor.py:175} INFO - Processing /home/airflow/.local/lib/python3.7/site-packages/airflow/example_dags/example_task_group_decorator.py took 0.264 seconds
[2023-05-06T15:08:59.215+0000] {processor.py:153} INFO - Started process (PID=2343) to work on /home/airflow/.local/lib/python3.7/site-packages/airflow/example_dags/example_task_group_decorator.py
[2023-05-06T15:08:59.216+0000] {processor.py:743} INFO - Processing file /home/airflow/.local/lib/python3.7/site-packages/airflow/example_dags/example_task_group_decorator.py for tasks to queue
[2023-05-06T15:08:59.217+0000] {logging_mixin.py:137} INFO - [2023-05-06T15:08:59.217+0000] {dagbag.py:532} INFO - Filling up the DagBag from /home/airflow/.local/lib/python3.7/site-packages/airflow/example_dags/example_task_group_decorator.py
[2023-05-06T15:08:59.254+0000] {processor.py:753} INFO - DAG(s) dict_keys(['example_task_group_decorator']) retrieved from /home/airflow/.local/lib/python3.7/site-packages/airflow/example_dags/example_task_group_decorator.py
[2023-05-06T15:08:59.291+0000] {logging_mixin.py:137} INFO - [2023-05-06T15:08:59.290+0000] {dag.py:2693} INFO - Sync 1 DAGs
[2023-05-06T15:08:59.322+0000] {logging_mixin.py:137} INFO - [2023-05-06T15:08:59.322+0000] {dag.py:3444} INFO - Setting next_dagrun for example_task_group_decorator to 2023-05-05T15:08:59.321969+00:00, run_after=2023-05-06T15:08:59.321969+00:00
[2023-05-06T15:08:59.345+0000] {processor.py:175} INFO - Processing /home/airflow/.local/lib/python3.7/site-packages/airflow/example_dags/example_task_group_decorator.py took 0.134 seconds
[2023-05-06T15:09:29.702+0000] {processor.py:153} INFO - Started process (PID=2394) to work on /home/airflow/.local/lib/python3.7/site-packages/airflow/example_dags/example_task_group_decorator.py
[2023-05-06T15:09:29.703+0000] {processor.py:743} INFO - Processing file /home/airflow/.local/lib/python3.7/site-packages/airflow/example_dags/example_task_group_decorator.py for tasks to queue
[2023-05-06T15:09:29.704+0000] {logging_mixin.py:137} INFO - [2023-05-06T15:09:29.703+0000] {dagbag.py:532} INFO - Filling up the DagBag from /home/airflow/.local/lib/python3.7/site-packages/airflow/example_dags/example_task_group_decorator.py
[2023-05-06T15:09:29.770+0000] {processor.py:753} INFO - DAG(s) dict_keys(['example_task_group_decorator']) retrieved from /home/airflow/.local/lib/python3.7/site-packages/airflow/example_dags/example_task_group_decorator.py
[2023-05-06T15:09:29.812+0000] {logging_mixin.py:137} INFO - [2023-05-06T15:09:29.812+0000] {dag.py:2693} INFO - Sync 1 DAGs
[2023-05-06T15:09:29.851+0000] {logging_mixin.py:137} INFO - [2023-05-06T15:09:29.851+0000] {dag.py:3444} INFO - Setting next_dagrun for example_task_group_decorator to 2023-05-05T15:09:29.851132+00:00, run_after=2023-05-06T15:09:29.851132+00:00
[2023-05-06T15:09:29.873+0000] {processor.py:175} INFO - Processing /home/airflow/.local/lib/python3.7/site-packages/airflow/example_dags/example_task_group_decorator.py took 0.175 seconds
[2023-05-06T15:10:00.967+0000] {processor.py:153} INFO - Started process (PID=2445) to work on /home/airflow/.local/lib/python3.7/site-packages/airflow/example_dags/example_task_group_decorator.py
[2023-05-06T15:10:00.969+0000] {processor.py:743} INFO - Processing file /home/airflow/.local/lib/python3.7/site-packages/airflow/example_dags/example_task_group_decorator.py for tasks to queue
[2023-05-06T15:10:00.969+0000] {logging_mixin.py:137} INFO - [2023-05-06T15:10:00.969+0000] {dagbag.py:532} INFO - Filling up the DagBag from /home/airflow/.local/lib/python3.7/site-packages/airflow/example_dags/example_task_group_decorator.py
[2023-05-06T15:10:01.007+0000] {processor.py:753} INFO - DAG(s) dict_keys(['example_task_group_decorator']) retrieved from /home/airflow/.local/lib/python3.7/site-packages/airflow/example_dags/example_task_group_decorator.py
[2023-05-06T15:10:01.047+0000] {logging_mixin.py:137} INFO - [2023-05-06T15:10:01.047+0000] {dag.py:2693} INFO - Sync 1 DAGs
[2023-05-06T15:10:01.085+0000] {logging_mixin.py:137} INFO - [2023-05-06T15:10:01.085+0000] {dag.py:3444} INFO - Setting next_dagrun for example_task_group_decorator to 2023-05-05T15:10:01.085143+00:00, run_after=2023-05-06T15:10:01.085143+00:00
[2023-05-06T15:10:01.125+0000] {processor.py:175} INFO - Processing /home/airflow/.local/lib/python3.7/site-packages/airflow/example_dags/example_task_group_decorator.py took 0.161 seconds
[2023-05-06T15:10:31.445+0000] {processor.py:153} INFO - Started process (PID=2496) to work on /home/airflow/.local/lib/python3.7/site-packages/airflow/example_dags/example_task_group_decorator.py
[2023-05-06T15:10:31.446+0000] {processor.py:743} INFO - Processing file /home/airflow/.local/lib/python3.7/site-packages/airflow/example_dags/example_task_group_decorator.py for tasks to queue
[2023-05-06T15:10:31.447+0000] {logging_mixin.py:137} INFO - [2023-05-06T15:10:31.447+0000] {dagbag.py:532} INFO - Filling up the DagBag from /home/airflow/.local/lib/python3.7/site-packages/airflow/example_dags/example_task_group_decorator.py
[2023-05-06T15:10:31.488+0000] {processor.py:753} INFO - DAG(s) dict_keys(['example_task_group_decorator']) retrieved from /home/airflow/.local/lib/python3.7/site-packages/airflow/example_dags/example_task_group_decorator.py
[2023-05-06T15:10:31.528+0000] {logging_mixin.py:137} INFO - [2023-05-06T15:10:31.527+0000] {dag.py:2693} INFO - Sync 1 DAGs
[2023-05-06T15:10:31.564+0000] {logging_mixin.py:137} INFO - [2023-05-06T15:10:31.564+0000] {dag.py:3444} INFO - Setting next_dagrun for example_task_group_decorator to 2023-05-05T15:10:31.564311+00:00, run_after=2023-05-06T15:10:31.564311+00:00
[2023-05-06T15:10:31.587+0000] {processor.py:175} INFO - Processing /home/airflow/.local/lib/python3.7/site-packages/airflow/example_dags/example_task_group_decorator.py took 0.146 seconds
[2023-05-06T15:11:01.904+0000] {processor.py:153} INFO - Started process (PID=2547) to work on /home/airflow/.local/lib/python3.7/site-packages/airflow/example_dags/example_task_group_decorator.py
[2023-05-06T15:11:01.907+0000] {processor.py:743} INFO - Processing file /home/airflow/.local/lib/python3.7/site-packages/airflow/example_dags/example_task_group_decorator.py for tasks to queue
[2023-05-06T15:11:01.907+0000] {logging_mixin.py:137} INFO - [2023-05-06T15:11:01.907+0000] {dagbag.py:532} INFO - Filling up the DagBag from /home/airflow/.local/lib/python3.7/site-packages/airflow/example_dags/example_task_group_decorator.py
[2023-05-06T15:11:01.945+0000] {processor.py:753} INFO - DAG(s) dict_keys(['example_task_group_decorator']) retrieved from /home/airflow/.local/lib/python3.7/site-packages/airflow/example_dags/example_task_group_decorator.py
[2023-05-06T15:11:01.984+0000] {logging_mixin.py:137} INFO - [2023-05-06T15:11:01.984+0000] {dag.py:2693} INFO - Sync 1 DAGs
[2023-05-06T15:11:02.019+0000] {logging_mixin.py:137} INFO - [2023-05-06T15:11:02.019+0000] {dag.py:3444} INFO - Setting next_dagrun for example_task_group_decorator to 2023-05-05T15:11:02.018924+00:00, run_after=2023-05-06T15:11:02.018924+00:00
[2023-05-06T15:11:02.042+0000] {processor.py:175} INFO - Processing /home/airflow/.local/lib/python3.7/site-packages/airflow/example_dags/example_task_group_decorator.py took 0.142 seconds
[2023-05-06T15:11:33.644+0000] {processor.py:153} INFO - Started process (PID=2598) to work on /home/airflow/.local/lib/python3.7/site-packages/airflow/example_dags/example_task_group_decorator.py
[2023-05-06T15:11:33.652+0000] {processor.py:743} INFO - Processing file /home/airflow/.local/lib/python3.7/site-packages/airflow/example_dags/example_task_group_decorator.py for tasks to queue
[2023-05-06T15:11:33.652+0000] {logging_mixin.py:137} INFO - [2023-05-06T15:11:33.652+0000] {dagbag.py:532} INFO - Filling up the DagBag from /home/airflow/.local/lib/python3.7/site-packages/airflow/example_dags/example_task_group_decorator.py
[2023-05-06T15:11:33.722+0000] {processor.py:753} INFO - DAG(s) dict_keys(['example_task_group_decorator']) retrieved from /home/airflow/.local/lib/python3.7/site-packages/airflow/example_dags/example_task_group_decorator.py
[2023-05-06T15:11:33.766+0000] {logging_mixin.py:137} INFO - [2023-05-06T15:11:33.765+0000] {dag.py:2693} INFO - Sync 1 DAGs
[2023-05-06T15:11:33.797+0000] {logging_mixin.py:137} INFO - [2023-05-06T15:11:33.797+0000] {dag.py:3444} INFO - Setting next_dagrun for example_task_group_decorator to 2023-05-05T15:11:33.796967+00:00, run_after=2023-05-06T15:11:33.796967+00:00
[2023-05-06T15:11:33.819+0000] {processor.py:175} INFO - Processing /home/airflow/.local/lib/python3.7/site-packages/airflow/example_dags/example_task_group_decorator.py took 0.186 seconds
[2023-05-06T15:12:04.555+0000] {processor.py:153} INFO - Started process (PID=2650) to work on /home/airflow/.local/lib/python3.7/site-packages/airflow/example_dags/example_task_group_decorator.py
[2023-05-06T15:12:04.568+0000] {processor.py:743} INFO - Processing file /home/airflow/.local/lib/python3.7/site-packages/airflow/example_dags/example_task_group_decorator.py for tasks to queue
[2023-05-06T15:12:04.569+0000] {logging_mixin.py:137} INFO - [2023-05-06T15:12:04.569+0000] {dagbag.py:532} INFO - Filling up the DagBag from /home/airflow/.local/lib/python3.7/site-packages/airflow/example_dags/example_task_group_decorator.py
[2023-05-06T15:12:04.638+0000] {processor.py:753} INFO - DAG(s) dict_keys(['example_task_group_decorator']) retrieved from /home/airflow/.local/lib/python3.7/site-packages/airflow/example_dags/example_task_group_decorator.py
[2023-05-06T15:12:04.720+0000] {logging_mixin.py:137} INFO - [2023-05-06T15:12:04.720+0000] {dag.py:2693} INFO - Sync 1 DAGs
[2023-05-06T15:12:04.780+0000] {logging_mixin.py:137} INFO - [2023-05-06T15:12:04.780+0000] {dag.py:3444} INFO - Setting next_dagrun for example_task_group_decorator to 2023-05-05T15:12:04.780375+00:00, run_after=2023-05-06T15:12:04.780375+00:00
[2023-05-06T15:12:04.851+0000] {processor.py:175} INFO - Processing /home/airflow/.local/lib/python3.7/site-packages/airflow/example_dags/example_task_group_decorator.py took 0.300 seconds
[2023-05-06T15:12:35.434+0000] {processor.py:153} INFO - Started process (PID=2701) to work on /home/airflow/.local/lib/python3.7/site-packages/airflow/example_dags/example_task_group_decorator.py
[2023-05-06T15:12:35.435+0000] {processor.py:743} INFO - Processing file /home/airflow/.local/lib/python3.7/site-packages/airflow/example_dags/example_task_group_decorator.py for tasks to queue
[2023-05-06T15:12:35.436+0000] {logging_mixin.py:137} INFO - [2023-05-06T15:12:35.436+0000] {dagbag.py:532} INFO - Filling up the DagBag from /home/airflow/.local/lib/python3.7/site-packages/airflow/example_dags/example_task_group_decorator.py
[2023-05-06T15:12:35.473+0000] {processor.py:753} INFO - DAG(s) dict_keys(['example_task_group_decorator']) retrieved from /home/airflow/.local/lib/python3.7/site-packages/airflow/example_dags/example_task_group_decorator.py
[2023-05-06T15:12:35.510+0000] {logging_mixin.py:137} INFO - [2023-05-06T15:12:35.510+0000] {dag.py:2693} INFO - Sync 1 DAGs
[2023-05-06T15:12:35.543+0000] {logging_mixin.py:137} INFO - [2023-05-06T15:12:35.542+0000] {dag.py:3444} INFO - Setting next_dagrun for example_task_group_decorator to 2023-05-05T15:12:35.542506+00:00, run_after=2023-05-06T15:12:35.542506+00:00
[2023-05-06T15:12:35.570+0000] {processor.py:175} INFO - Processing /home/airflow/.local/lib/python3.7/site-packages/airflow/example_dags/example_task_group_decorator.py took 0.139 seconds
[2023-05-06T15:13:06.340+0000] {processor.py:153} INFO - Started process (PID=2753) to work on /home/airflow/.local/lib/python3.7/site-packages/airflow/example_dags/example_task_group_decorator.py
[2023-05-06T15:13:06.341+0000] {processor.py:743} INFO - Processing file /home/airflow/.local/lib/python3.7/site-packages/airflow/example_dags/example_task_group_decorator.py for tasks to queue
[2023-05-06T15:13:06.341+0000] {logging_mixin.py:137} INFO - [2023-05-06T15:13:06.341+0000] {dagbag.py:532} INFO - Filling up the DagBag from /home/airflow/.local/lib/python3.7/site-packages/airflow/example_dags/example_task_group_decorator.py
[2023-05-06T15:13:06.378+0000] {processor.py:753} INFO - DAG(s) dict_keys(['example_task_group_decorator']) retrieved from /home/airflow/.local/lib/python3.7/site-packages/airflow/example_dags/example_task_group_decorator.py
[2023-05-06T15:13:06.413+0000] {logging_mixin.py:137} INFO - [2023-05-06T15:13:06.413+0000] {dag.py:2693} INFO - Sync 1 DAGs
[2023-05-06T15:13:06.445+0000] {logging_mixin.py:137} INFO - [2023-05-06T15:13:06.445+0000] {dag.py:3444} INFO - Setting next_dagrun for example_task_group_decorator to 2023-05-05T15:13:06.445117+00:00, run_after=2023-05-06T15:13:06.445117+00:00
[2023-05-06T15:13:06.471+0000] {processor.py:175} INFO - Processing /home/airflow/.local/lib/python3.7/site-packages/airflow/example_dags/example_task_group_decorator.py took 0.135 seconds
[2023-05-06T15:13:37.557+0000] {processor.py:153} INFO - Started process (PID=2805) to work on /home/airflow/.local/lib/python3.7/site-packages/airflow/example_dags/example_task_group_decorator.py
[2023-05-06T15:13:37.558+0000] {processor.py:743} INFO - Processing file /home/airflow/.local/lib/python3.7/site-packages/airflow/example_dags/example_task_group_decorator.py for tasks to queue
[2023-05-06T15:13:37.558+0000] {logging_mixin.py:137} INFO - [2023-05-06T15:13:37.558+0000] {dagbag.py:532} INFO - Filling up the DagBag from /home/airflow/.local/lib/python3.7/site-packages/airflow/example_dags/example_task_group_decorator.py
[2023-05-06T15:13:37.594+0000] {processor.py:753} INFO - DAG(s) dict_keys(['example_task_group_decorator']) retrieved from /home/airflow/.local/lib/python3.7/site-packages/airflow/example_dags/example_task_group_decorator.py
[2023-05-06T15:13:37.632+0000] {logging_mixin.py:137} INFO - [2023-05-06T15:13:37.632+0000] {dag.py:2693} INFO - Sync 1 DAGs
[2023-05-06T15:13:37.662+0000] {logging_mixin.py:137} INFO - [2023-05-06T15:13:37.662+0000] {dag.py:3444} INFO - Setting next_dagrun for example_task_group_decorator to 2023-05-05T15:13:37.662365+00:00, run_after=2023-05-06T15:13:37.662365+00:00
[2023-05-06T15:13:37.686+0000] {processor.py:175} INFO - Processing /home/airflow/.local/lib/python3.7/site-packages/airflow/example_dags/example_task_group_decorator.py took 0.134 seconds
[2023-05-06T15:14:08.096+0000] {processor.py:153} INFO - Started process (PID=2856) to work on /home/airflow/.local/lib/python3.7/site-packages/airflow/example_dags/example_task_group_decorator.py
[2023-05-06T15:14:08.097+0000] {processor.py:743} INFO - Processing file /home/airflow/.local/lib/python3.7/site-packages/airflow/example_dags/example_task_group_decorator.py for tasks to queue
[2023-05-06T15:14:08.098+0000] {logging_mixin.py:137} INFO - [2023-05-06T15:14:08.098+0000] {dagbag.py:532} INFO - Filling up the DagBag from /home/airflow/.local/lib/python3.7/site-packages/airflow/example_dags/example_task_group_decorator.py
[2023-05-06T15:14:08.135+0000] {processor.py:753} INFO - DAG(s) dict_keys(['example_task_group_decorator']) retrieved from /home/airflow/.local/lib/python3.7/site-packages/airflow/example_dags/example_task_group_decorator.py
[2023-05-06T15:14:08.177+0000] {logging_mixin.py:137} INFO - [2023-05-06T15:14:08.177+0000] {dag.py:2693} INFO - Sync 1 DAGs
[2023-05-06T15:14:08.211+0000] {logging_mixin.py:137} INFO - [2023-05-06T15:14:08.211+0000] {dag.py:3444} INFO - Setting next_dagrun for example_task_group_decorator to 2023-05-05T15:14:08.211042+00:00, run_after=2023-05-06T15:14:08.211042+00:00
[2023-05-06T15:14:08.253+0000] {processor.py:175} INFO - Processing /home/airflow/.local/lib/python3.7/site-packages/airflow/example_dags/example_task_group_decorator.py took 0.160 seconds
[2023-05-06T15:14:38.660+0000] {processor.py:153} INFO - Started process (PID=2907) to work on /home/airflow/.local/lib/python3.7/site-packages/airflow/example_dags/example_task_group_decorator.py
[2023-05-06T15:14:38.661+0000] {processor.py:743} INFO - Processing file /home/airflow/.local/lib/python3.7/site-packages/airflow/example_dags/example_task_group_decorator.py for tasks to queue
[2023-05-06T15:14:38.662+0000] {logging_mixin.py:137} INFO - [2023-05-06T15:14:38.662+0000] {dagbag.py:532} INFO - Filling up the DagBag from /home/airflow/.local/lib/python3.7/site-packages/airflow/example_dags/example_task_group_decorator.py
[2023-05-06T15:14:38.710+0000] {processor.py:753} INFO - DAG(s) dict_keys(['example_task_group_decorator']) retrieved from /home/airflow/.local/lib/python3.7/site-packages/airflow/example_dags/example_task_group_decorator.py
[2023-05-06T15:14:38.762+0000] {logging_mixin.py:137} INFO - [2023-05-06T15:14:38.762+0000] {dag.py:2693} INFO - Sync 1 DAGs
[2023-05-06T15:14:38.795+0000] {logging_mixin.py:137} INFO - [2023-05-06T15:14:38.795+0000] {dag.py:3444} INFO - Setting next_dagrun for example_task_group_decorator to 2023-05-05T15:14:38.794840+00:00, run_after=2023-05-06T15:14:38.794840+00:00
[2023-05-06T15:14:38.817+0000] {processor.py:175} INFO - Processing /home/airflow/.local/lib/python3.7/site-packages/airflow/example_dags/example_task_group_decorator.py took 0.161 seconds
[2023-05-06T15:15:09.785+0000] {processor.py:153} INFO - Started process (PID=2958) to work on /home/airflow/.local/lib/python3.7/site-packages/airflow/example_dags/example_task_group_decorator.py
[2023-05-06T15:15:09.796+0000] {processor.py:743} INFO - Processing file /home/airflow/.local/lib/python3.7/site-packages/airflow/example_dags/example_task_group_decorator.py for tasks to queue
[2023-05-06T15:15:09.796+0000] {logging_mixin.py:137} INFO - [2023-05-06T15:15:09.796+0000] {dagbag.py:532} INFO - Filling up the DagBag from /home/airflow/.local/lib/python3.7/site-packages/airflow/example_dags/example_task_group_decorator.py
[2023-05-06T15:15:09.876+0000] {processor.py:753} INFO - DAG(s) dict_keys(['example_task_group_decorator']) retrieved from /home/airflow/.local/lib/python3.7/site-packages/airflow/example_dags/example_task_group_decorator.py
[2023-05-06T15:15:09.964+0000] {logging_mixin.py:137} INFO - [2023-05-06T15:15:09.963+0000] {dag.py:2693} INFO - Sync 1 DAGs
[2023-05-06T15:15:10.021+0000] {logging_mixin.py:137} INFO - [2023-05-06T15:15:10.020+0000] {dag.py:3444} INFO - Setting next_dagrun for example_task_group_decorator to 2023-05-05T15:15:10.020710+00:00, run_after=2023-05-06T15:15:10.020710+00:00
[2023-05-06T15:15:10.042+0000] {processor.py:175} INFO - Processing /home/airflow/.local/lib/python3.7/site-packages/airflow/example_dags/example_task_group_decorator.py took 0.277 seconds
