[2023-05-06T14:45:57.997+0000] {processor.py:153} INFO - Started process (PID=38) to work on /home/airflow/.local/lib/python3.7/site-packages/airflow/example_dags/example_sla_dag.py
[2023-05-06T14:45:58.002+0000] {processor.py:743} INFO - Processing file /home/airflow/.local/lib/python3.7/site-packages/airflow/example_dags/example_sla_dag.py for tasks to queue
[2023-05-06T14:45:58.004+0000] {logging_mixin.py:137} INFO - [2023-05-06T14:45:58.004+0000] {dagbag.py:532} INFO - Filling up the DagBag from /home/airflow/.local/lib/python3.7/site-packages/airflow/example_dags/example_sla_dag.py
[2023-05-06T14:45:58.081+0000] {processor.py:753} INFO - DAG(s) dict_keys(['example_sla_dag']) retrieved from /home/airflow/.local/lib/python3.7/site-packages/airflow/example_dags/example_sla_dag.py
[2023-05-06T14:45:58.142+0000] {logging_mixin.py:137} INFO - [2023-05-06T14:45:58.142+0000] {dag.py:2693} INFO - Sync 1 DAGs
[2023-05-06T14:45:58.201+0000] {logging_mixin.py:137} INFO - [2023-05-06T14:45:58.201+0000] {dag.py:3444} INFO - Setting next_dagrun for example_sla_dag to 2023-05-06T14:42:00+00:00, run_after=2023-05-06T14:44:00+00:00
[2023-05-06T14:45:58.252+0000] {processor.py:175} INFO - Processing /home/airflow/.local/lib/python3.7/site-packages/airflow/example_dags/example_sla_dag.py took 0.266 seconds
[2023-05-06T14:46:28.962+0000] {processor.py:153} INFO - Started process (PID=89) to work on /home/airflow/.local/lib/python3.7/site-packages/airflow/example_dags/example_sla_dag.py
[2023-05-06T14:46:28.963+0000] {processor.py:743} INFO - Processing file /home/airflow/.local/lib/python3.7/site-packages/airflow/example_dags/example_sla_dag.py for tasks to queue
[2023-05-06T14:46:28.964+0000] {logging_mixin.py:137} INFO - [2023-05-06T14:46:28.964+0000] {dagbag.py:532} INFO - Filling up the DagBag from /home/airflow/.local/lib/python3.7/site-packages/airflow/example_dags/example_sla_dag.py
[2023-05-06T14:46:28.993+0000] {processor.py:753} INFO - DAG(s) dict_keys(['example_sla_dag']) retrieved from /home/airflow/.local/lib/python3.7/site-packages/airflow/example_dags/example_sla_dag.py
[2023-05-06T14:46:29.025+0000] {logging_mixin.py:137} INFO - [2023-05-06T14:46:29.025+0000] {dag.py:2693} INFO - Sync 1 DAGs
[2023-05-06T14:46:29.060+0000] {logging_mixin.py:137} INFO - [2023-05-06T14:46:29.060+0000] {dag.py:3444} INFO - Setting next_dagrun for example_sla_dag to 2023-05-06T14:44:00+00:00, run_after=2023-05-06T14:46:00+00:00
[2023-05-06T14:46:29.083+0000] {processor.py:175} INFO - Processing /home/airflow/.local/lib/python3.7/site-packages/airflow/example_dags/example_sla_dag.py took 0.125 seconds
[2023-05-06T14:46:59.558+0000] {processor.py:153} INFO - Started process (PID=140) to work on /home/airflow/.local/lib/python3.7/site-packages/airflow/example_dags/example_sla_dag.py
[2023-05-06T14:46:59.560+0000] {processor.py:743} INFO - Processing file /home/airflow/.local/lib/python3.7/site-packages/airflow/example_dags/example_sla_dag.py for tasks to queue
[2023-05-06T14:46:59.560+0000] {logging_mixin.py:137} INFO - [2023-05-06T14:46:59.560+0000] {dagbag.py:532} INFO - Filling up the DagBag from /home/airflow/.local/lib/python3.7/site-packages/airflow/example_dags/example_sla_dag.py
[2023-05-06T14:46:59.591+0000] {processor.py:753} INFO - DAG(s) dict_keys(['example_sla_dag']) retrieved from /home/airflow/.local/lib/python3.7/site-packages/airflow/example_dags/example_sla_dag.py
[2023-05-06T14:46:59.622+0000] {logging_mixin.py:137} INFO - [2023-05-06T14:46:59.622+0000] {dag.py:2693} INFO - Sync 1 DAGs
[2023-05-06T14:46:59.659+0000] {logging_mixin.py:137} INFO - [2023-05-06T14:46:59.659+0000] {dag.py:3444} INFO - Setting next_dagrun for example_sla_dag to 2023-05-06T14:44:00+00:00, run_after=2023-05-06T14:46:00+00:00
[2023-05-06T14:46:59.679+0000] {processor.py:175} INFO - Processing /home/airflow/.local/lib/python3.7/site-packages/airflow/example_dags/example_sla_dag.py took 0.125 seconds
[2023-05-06T14:47:29.979+0000] {processor.py:153} INFO - Started process (PID=191) to work on /home/airflow/.local/lib/python3.7/site-packages/airflow/example_dags/example_sla_dag.py
[2023-05-06T14:47:29.980+0000] {processor.py:743} INFO - Processing file /home/airflow/.local/lib/python3.7/site-packages/airflow/example_dags/example_sla_dag.py for tasks to queue
[2023-05-06T14:47:29.981+0000] {logging_mixin.py:137} INFO - [2023-05-06T14:47:29.981+0000] {dagbag.py:532} INFO - Filling up the DagBag from /home/airflow/.local/lib/python3.7/site-packages/airflow/example_dags/example_sla_dag.py
[2023-05-06T14:47:30.011+0000] {processor.py:753} INFO - DAG(s) dict_keys(['example_sla_dag']) retrieved from /home/airflow/.local/lib/python3.7/site-packages/airflow/example_dags/example_sla_dag.py
[2023-05-06T14:47:30.042+0000] {logging_mixin.py:137} INFO - [2023-05-06T14:47:30.042+0000] {dag.py:2693} INFO - Sync 1 DAGs
[2023-05-06T14:47:30.079+0000] {logging_mixin.py:137} INFO - [2023-05-06T14:47:30.079+0000] {dag.py:3444} INFO - Setting next_dagrun for example_sla_dag to 2023-05-06T14:44:00+00:00, run_after=2023-05-06T14:46:00+00:00
[2023-05-06T14:47:30.100+0000] {processor.py:175} INFO - Processing /home/airflow/.local/lib/python3.7/site-packages/airflow/example_dags/example_sla_dag.py took 0.125 seconds
[2023-05-06T14:48:00.496+0000] {processor.py:153} INFO - Started process (PID=243) to work on /home/airflow/.local/lib/python3.7/site-packages/airflow/example_dags/example_sla_dag.py
[2023-05-06T14:48:00.497+0000] {processor.py:743} INFO - Processing file /home/airflow/.local/lib/python3.7/site-packages/airflow/example_dags/example_sla_dag.py for tasks to queue
[2023-05-06T14:48:00.498+0000] {logging_mixin.py:137} INFO - [2023-05-06T14:48:00.498+0000] {dagbag.py:532} INFO - Filling up the DagBag from /home/airflow/.local/lib/python3.7/site-packages/airflow/example_dags/example_sla_dag.py
[2023-05-06T14:48:00.527+0000] {processor.py:753} INFO - DAG(s) dict_keys(['example_sla_dag']) retrieved from /home/airflow/.local/lib/python3.7/site-packages/airflow/example_dags/example_sla_dag.py
[2023-05-06T14:48:00.559+0000] {logging_mixin.py:137} INFO - [2023-05-06T14:48:00.559+0000] {dag.py:2693} INFO - Sync 1 DAGs
[2023-05-06T14:48:00.597+0000] {logging_mixin.py:137} INFO - [2023-05-06T14:48:00.596+0000] {dag.py:3444} INFO - Setting next_dagrun for example_sla_dag to 2023-05-06T14:46:00+00:00, run_after=2023-05-06T14:48:00+00:00
[2023-05-06T14:48:00.618+0000] {processor.py:175} INFO - Processing /home/airflow/.local/lib/python3.7/site-packages/airflow/example_dags/example_sla_dag.py took 0.127 seconds
[2023-05-06T14:48:31.062+0000] {processor.py:153} INFO - Started process (PID=294) to work on /home/airflow/.local/lib/python3.7/site-packages/airflow/example_dags/example_sla_dag.py
[2023-05-06T14:48:31.063+0000] {processor.py:743} INFO - Processing file /home/airflow/.local/lib/python3.7/site-packages/airflow/example_dags/example_sla_dag.py for tasks to queue
[2023-05-06T14:48:31.063+0000] {logging_mixin.py:137} INFO - [2023-05-06T14:48:31.063+0000] {dagbag.py:532} INFO - Filling up the DagBag from /home/airflow/.local/lib/python3.7/site-packages/airflow/example_dags/example_sla_dag.py
[2023-05-06T14:48:31.092+0000] {processor.py:753} INFO - DAG(s) dict_keys(['example_sla_dag']) retrieved from /home/airflow/.local/lib/python3.7/site-packages/airflow/example_dags/example_sla_dag.py
[2023-05-06T14:48:31.124+0000] {logging_mixin.py:137} INFO - [2023-05-06T14:48:31.123+0000] {dag.py:2693} INFO - Sync 1 DAGs
[2023-05-06T14:48:31.159+0000] {logging_mixin.py:137} INFO - [2023-05-06T14:48:31.159+0000] {dag.py:3444} INFO - Setting next_dagrun for example_sla_dag to 2023-05-06T14:46:00+00:00, run_after=2023-05-06T14:48:00+00:00
[2023-05-06T14:48:31.179+0000] {processor.py:175} INFO - Processing /home/airflow/.local/lib/python3.7/site-packages/airflow/example_dags/example_sla_dag.py took 0.121 seconds
[2023-05-06T14:49:01.266+0000] {processor.py:153} INFO - Started process (PID=345) to work on /home/airflow/.local/lib/python3.7/site-packages/airflow/example_dags/example_sla_dag.py
[2023-05-06T14:49:01.268+0000] {processor.py:743} INFO - Processing file /home/airflow/.local/lib/python3.7/site-packages/airflow/example_dags/example_sla_dag.py for tasks to queue
[2023-05-06T14:49:01.269+0000] {logging_mixin.py:137} INFO - [2023-05-06T14:49:01.269+0000] {dagbag.py:532} INFO - Filling up the DagBag from /home/airflow/.local/lib/python3.7/site-packages/airflow/example_dags/example_sla_dag.py
[2023-05-06T14:49:01.303+0000] {processor.py:753} INFO - DAG(s) dict_keys(['example_sla_dag']) retrieved from /home/airflow/.local/lib/python3.7/site-packages/airflow/example_dags/example_sla_dag.py
[2023-05-06T14:49:01.337+0000] {logging_mixin.py:137} INFO - [2023-05-06T14:49:01.337+0000] {dag.py:2693} INFO - Sync 1 DAGs
[2023-05-06T14:49:01.372+0000] {logging_mixin.py:137} INFO - [2023-05-06T14:49:01.372+0000] {dag.py:3444} INFO - Setting next_dagrun for example_sla_dag to 2023-05-06T14:46:00+00:00, run_after=2023-05-06T14:48:00+00:00
[2023-05-06T14:49:01.393+0000] {processor.py:175} INFO - Processing /home/airflow/.local/lib/python3.7/site-packages/airflow/example_dags/example_sla_dag.py took 0.130 seconds
[2023-05-06T14:49:31.641+0000] {processor.py:153} INFO - Started process (PID=396) to work on /home/airflow/.local/lib/python3.7/site-packages/airflow/example_dags/example_sla_dag.py
[2023-05-06T14:49:31.641+0000] {processor.py:743} INFO - Processing file /home/airflow/.local/lib/python3.7/site-packages/airflow/example_dags/example_sla_dag.py for tasks to queue
[2023-05-06T14:49:31.642+0000] {logging_mixin.py:137} INFO - [2023-05-06T14:49:31.642+0000] {dagbag.py:532} INFO - Filling up the DagBag from /home/airflow/.local/lib/python3.7/site-packages/airflow/example_dags/example_sla_dag.py
[2023-05-06T14:49:31.673+0000] {processor.py:753} INFO - DAG(s) dict_keys(['example_sla_dag']) retrieved from /home/airflow/.local/lib/python3.7/site-packages/airflow/example_dags/example_sla_dag.py
[2023-05-06T14:49:31.704+0000] {logging_mixin.py:137} INFO - [2023-05-06T14:49:31.704+0000] {dag.py:2693} INFO - Sync 1 DAGs
[2023-05-06T14:49:31.742+0000] {logging_mixin.py:137} INFO - [2023-05-06T14:49:31.741+0000] {dag.py:3444} INFO - Setting next_dagrun for example_sla_dag to 2023-05-06T14:46:00+00:00, run_after=2023-05-06T14:48:00+00:00
[2023-05-06T14:49:31.763+0000] {processor.py:175} INFO - Processing /home/airflow/.local/lib/python3.7/site-packages/airflow/example_dags/example_sla_dag.py took 0.127 seconds
[2023-05-06T14:50:03.147+0000] {processor.py:153} INFO - Started process (PID=447) to work on /home/airflow/.local/lib/python3.7/site-packages/airflow/example_dags/example_sla_dag.py
[2023-05-06T14:50:03.153+0000] {processor.py:743} INFO - Processing file /home/airflow/.local/lib/python3.7/site-packages/airflow/example_dags/example_sla_dag.py for tasks to queue
[2023-05-06T14:50:03.153+0000] {logging_mixin.py:137} INFO - [2023-05-06T14:50:03.153+0000] {dagbag.py:532} INFO - Filling up the DagBag from /home/airflow/.local/lib/python3.7/site-packages/airflow/example_dags/example_sla_dag.py
[2023-05-06T14:50:03.233+0000] {processor.py:753} INFO - DAG(s) dict_keys(['example_sla_dag']) retrieved from /home/airflow/.local/lib/python3.7/site-packages/airflow/example_dags/example_sla_dag.py
[2023-05-06T14:50:03.263+0000] {logging_mixin.py:137} INFO - [2023-05-06T14:50:03.263+0000] {dag.py:2693} INFO - Sync 1 DAGs
[2023-05-06T14:50:03.298+0000] {logging_mixin.py:137} INFO - [2023-05-06T14:50:03.298+0000] {dag.py:3444} INFO - Setting next_dagrun for example_sla_dag to 2023-05-06T14:48:00+00:00, run_after=2023-05-06T14:50:00+00:00
[2023-05-06T14:50:03.329+0000] {processor.py:175} INFO - Processing /home/airflow/.local/lib/python3.7/site-packages/airflow/example_dags/example_sla_dag.py took 0.186 seconds
[2023-05-06T14:50:34.353+0000] {processor.py:153} INFO - Started process (PID=498) to work on /home/airflow/.local/lib/python3.7/site-packages/airflow/example_dags/example_sla_dag.py
[2023-05-06T14:50:34.354+0000] {processor.py:743} INFO - Processing file /home/airflow/.local/lib/python3.7/site-packages/airflow/example_dags/example_sla_dag.py for tasks to queue
[2023-05-06T14:50:34.354+0000] {logging_mixin.py:137} INFO - [2023-05-06T14:50:34.354+0000] {dagbag.py:532} INFO - Filling up the DagBag from /home/airflow/.local/lib/python3.7/site-packages/airflow/example_dags/example_sla_dag.py
[2023-05-06T14:50:34.385+0000] {processor.py:753} INFO - DAG(s) dict_keys(['example_sla_dag']) retrieved from /home/airflow/.local/lib/python3.7/site-packages/airflow/example_dags/example_sla_dag.py
[2023-05-06T14:50:34.465+0000] {logging_mixin.py:137} INFO - [2023-05-06T14:50:34.465+0000] {dag.py:2693} INFO - Sync 1 DAGs
[2023-05-06T14:50:34.565+0000] {logging_mixin.py:137} INFO - [2023-05-06T14:50:34.565+0000] {dag.py:3444} INFO - Setting next_dagrun for example_sla_dag to 2023-05-06T14:48:00+00:00, run_after=2023-05-06T14:50:00+00:00
[2023-05-06T14:50:34.640+0000] {processor.py:175} INFO - Processing /home/airflow/.local/lib/python3.7/site-packages/airflow/example_dags/example_sla_dag.py took 0.291 seconds
[2023-05-06T14:51:04.764+0000] {processor.py:153} INFO - Started process (PID=549) to work on /home/airflow/.local/lib/python3.7/site-packages/airflow/example_dags/example_sla_dag.py
[2023-05-06T14:51:04.766+0000] {processor.py:743} INFO - Processing file /home/airflow/.local/lib/python3.7/site-packages/airflow/example_dags/example_sla_dag.py for tasks to queue
[2023-05-06T14:51:04.766+0000] {logging_mixin.py:137} INFO - [2023-05-06T14:51:04.766+0000] {dagbag.py:532} INFO - Filling up the DagBag from /home/airflow/.local/lib/python3.7/site-packages/airflow/example_dags/example_sla_dag.py
[2023-05-06T14:51:04.796+0000] {processor.py:753} INFO - DAG(s) dict_keys(['example_sla_dag']) retrieved from /home/airflow/.local/lib/python3.7/site-packages/airflow/example_dags/example_sla_dag.py
[2023-05-06T14:51:04.827+0000] {logging_mixin.py:137} INFO - [2023-05-06T14:51:04.827+0000] {dag.py:2693} INFO - Sync 1 DAGs
[2023-05-06T14:51:04.863+0000] {logging_mixin.py:137} INFO - [2023-05-06T14:51:04.863+0000] {dag.py:3444} INFO - Setting next_dagrun for example_sla_dag to 2023-05-06T14:48:00+00:00, run_after=2023-05-06T14:50:00+00:00
[2023-05-06T14:51:04.886+0000] {processor.py:175} INFO - Processing /home/airflow/.local/lib/python3.7/site-packages/airflow/example_dags/example_sla_dag.py took 0.126 seconds
[2023-05-06T14:51:35.412+0000] {processor.py:153} INFO - Started process (PID=600) to work on /home/airflow/.local/lib/python3.7/site-packages/airflow/example_dags/example_sla_dag.py
[2023-05-06T14:51:35.413+0000] {processor.py:743} INFO - Processing file /home/airflow/.local/lib/python3.7/site-packages/airflow/example_dags/example_sla_dag.py for tasks to queue
[2023-05-06T14:51:35.414+0000] {logging_mixin.py:137} INFO - [2023-05-06T14:51:35.414+0000] {dagbag.py:532} INFO - Filling up the DagBag from /home/airflow/.local/lib/python3.7/site-packages/airflow/example_dags/example_sla_dag.py
[2023-05-06T14:51:35.443+0000] {processor.py:753} INFO - DAG(s) dict_keys(['example_sla_dag']) retrieved from /home/airflow/.local/lib/python3.7/site-packages/airflow/example_dags/example_sla_dag.py
[2023-05-06T14:51:35.473+0000] {logging_mixin.py:137} INFO - [2023-05-06T14:51:35.473+0000] {dag.py:2693} INFO - Sync 1 DAGs
[2023-05-06T14:51:35.510+0000] {logging_mixin.py:137} INFO - [2023-05-06T14:51:35.510+0000] {dag.py:3444} INFO - Setting next_dagrun for example_sla_dag to 2023-05-06T14:48:00+00:00, run_after=2023-05-06T14:50:00+00:00
[2023-05-06T14:51:35.532+0000] {processor.py:175} INFO - Processing /home/airflow/.local/lib/python3.7/site-packages/airflow/example_dags/example_sla_dag.py took 0.123 seconds
[2023-05-06T14:52:06.407+0000] {processor.py:153} INFO - Started process (PID=651) to work on /home/airflow/.local/lib/python3.7/site-packages/airflow/example_dags/example_sla_dag.py
[2023-05-06T14:52:06.409+0000] {processor.py:743} INFO - Processing file /home/airflow/.local/lib/python3.7/site-packages/airflow/example_dags/example_sla_dag.py for tasks to queue
[2023-05-06T14:52:06.409+0000] {logging_mixin.py:137} INFO - [2023-05-06T14:52:06.409+0000] {dagbag.py:532} INFO - Filling up the DagBag from /home/airflow/.local/lib/python3.7/site-packages/airflow/example_dags/example_sla_dag.py
[2023-05-06T14:52:06.438+0000] {processor.py:753} INFO - DAG(s) dict_keys(['example_sla_dag']) retrieved from /home/airflow/.local/lib/python3.7/site-packages/airflow/example_dags/example_sla_dag.py
[2023-05-06T14:52:06.474+0000] {logging_mixin.py:137} INFO - [2023-05-06T14:52:06.474+0000] {dag.py:2693} INFO - Sync 1 DAGs
[2023-05-06T14:52:06.518+0000] {logging_mixin.py:137} INFO - [2023-05-06T14:52:06.518+0000] {dag.py:3444} INFO - Setting next_dagrun for example_sla_dag to 2023-05-06T14:50:00+00:00, run_after=2023-05-06T14:52:00+00:00
[2023-05-06T14:52:06.553+0000] {processor.py:175} INFO - Processing /home/airflow/.local/lib/python3.7/site-packages/airflow/example_dags/example_sla_dag.py took 0.150 seconds
[2023-05-06T14:52:36.891+0000] {processor.py:153} INFO - Started process (PID=702) to work on /home/airflow/.local/lib/python3.7/site-packages/airflow/example_dags/example_sla_dag.py
[2023-05-06T14:52:36.892+0000] {processor.py:743} INFO - Processing file /home/airflow/.local/lib/python3.7/site-packages/airflow/example_dags/example_sla_dag.py for tasks to queue
[2023-05-06T14:52:36.893+0000] {logging_mixin.py:137} INFO - [2023-05-06T14:52:36.893+0000] {dagbag.py:532} INFO - Filling up the DagBag from /home/airflow/.local/lib/python3.7/site-packages/airflow/example_dags/example_sla_dag.py
[2023-05-06T14:52:36.921+0000] {processor.py:753} INFO - DAG(s) dict_keys(['example_sla_dag']) retrieved from /home/airflow/.local/lib/python3.7/site-packages/airflow/example_dags/example_sla_dag.py
[2023-05-06T14:52:36.957+0000] {logging_mixin.py:137} INFO - [2023-05-06T14:52:36.957+0000] {dag.py:2693} INFO - Sync 1 DAGs
[2023-05-06T14:52:36.994+0000] {logging_mixin.py:137} INFO - [2023-05-06T14:52:36.994+0000] {dag.py:3444} INFO - Setting next_dagrun for example_sla_dag to 2023-05-06T14:50:00+00:00, run_after=2023-05-06T14:52:00+00:00
[2023-05-06T14:52:37.015+0000] {processor.py:175} INFO - Processing /home/airflow/.local/lib/python3.7/site-packages/airflow/example_dags/example_sla_dag.py took 0.128 seconds
[2023-05-06T14:53:07.288+0000] {processor.py:153} INFO - Started process (PID=754) to work on /home/airflow/.local/lib/python3.7/site-packages/airflow/example_dags/example_sla_dag.py
[2023-05-06T14:53:07.290+0000] {processor.py:743} INFO - Processing file /home/airflow/.local/lib/python3.7/site-packages/airflow/example_dags/example_sla_dag.py for tasks to queue
[2023-05-06T14:53:07.290+0000] {logging_mixin.py:137} INFO - [2023-05-06T14:53:07.290+0000] {dagbag.py:532} INFO - Filling up the DagBag from /home/airflow/.local/lib/python3.7/site-packages/airflow/example_dags/example_sla_dag.py
[2023-05-06T14:53:07.319+0000] {processor.py:753} INFO - DAG(s) dict_keys(['example_sla_dag']) retrieved from /home/airflow/.local/lib/python3.7/site-packages/airflow/example_dags/example_sla_dag.py
[2023-05-06T14:53:07.350+0000] {logging_mixin.py:137} INFO - [2023-05-06T14:53:07.349+0000] {dag.py:2693} INFO - Sync 1 DAGs
[2023-05-06T14:53:07.392+0000] {logging_mixin.py:137} INFO - [2023-05-06T14:53:07.391+0000] {dag.py:3444} INFO - Setting next_dagrun for example_sla_dag to 2023-05-06T14:50:00+00:00, run_after=2023-05-06T14:52:00+00:00
[2023-05-06T14:53:07.412+0000] {processor.py:175} INFO - Processing /home/airflow/.local/lib/python3.7/site-packages/airflow/example_dags/example_sla_dag.py took 0.128 seconds
[2023-05-06T14:53:37.895+0000] {processor.py:153} INFO - Started process (PID=804) to work on /home/airflow/.local/lib/python3.7/site-packages/airflow/example_dags/example_sla_dag.py
[2023-05-06T14:53:37.896+0000] {processor.py:743} INFO - Processing file /home/airflow/.local/lib/python3.7/site-packages/airflow/example_dags/example_sla_dag.py for tasks to queue
[2023-05-06T14:53:37.897+0000] {logging_mixin.py:137} INFO - [2023-05-06T14:53:37.897+0000] {dagbag.py:532} INFO - Filling up the DagBag from /home/airflow/.local/lib/python3.7/site-packages/airflow/example_dags/example_sla_dag.py
[2023-05-06T14:53:37.925+0000] {processor.py:753} INFO - DAG(s) dict_keys(['example_sla_dag']) retrieved from /home/airflow/.local/lib/python3.7/site-packages/airflow/example_dags/example_sla_dag.py
[2023-05-06T14:53:37.957+0000] {logging_mixin.py:137} INFO - [2023-05-06T14:53:37.957+0000] {dag.py:2693} INFO - Sync 1 DAGs
[2023-05-06T14:53:37.997+0000] {logging_mixin.py:137} INFO - [2023-05-06T14:53:37.996+0000] {dag.py:3444} INFO - Setting next_dagrun for example_sla_dag to 2023-05-06T14:50:00+00:00, run_after=2023-05-06T14:52:00+00:00
[2023-05-06T14:53:38.050+0000] {processor.py:175} INFO - Processing /home/airflow/.local/lib/python3.7/site-packages/airflow/example_dags/example_sla_dag.py took 0.159 seconds
[2023-05-06T14:54:08.505+0000] {processor.py:153} INFO - Started process (PID=860) to work on /home/airflow/.local/lib/python3.7/site-packages/airflow/example_dags/example_sla_dag.py
[2023-05-06T14:54:08.506+0000] {processor.py:743} INFO - Processing file /home/airflow/.local/lib/python3.7/site-packages/airflow/example_dags/example_sla_dag.py for tasks to queue
[2023-05-06T14:54:08.506+0000] {logging_mixin.py:137} INFO - [2023-05-06T14:54:08.506+0000] {dagbag.py:532} INFO - Filling up the DagBag from /home/airflow/.local/lib/python3.7/site-packages/airflow/example_dags/example_sla_dag.py
[2023-05-06T14:54:08.534+0000] {processor.py:753} INFO - DAG(s) dict_keys(['example_sla_dag']) retrieved from /home/airflow/.local/lib/python3.7/site-packages/airflow/example_dags/example_sla_dag.py
[2023-05-06T14:54:08.565+0000] {logging_mixin.py:137} INFO - [2023-05-06T14:54:08.564+0000] {dag.py:2693} INFO - Sync 1 DAGs
[2023-05-06T14:54:08.602+0000] {logging_mixin.py:137} INFO - [2023-05-06T14:54:08.602+0000] {dag.py:3444} INFO - Setting next_dagrun for example_sla_dag to 2023-05-06T14:52:00+00:00, run_after=2023-05-06T14:54:00+00:00
[2023-05-06T14:54:08.623+0000] {processor.py:175} INFO - Processing /home/airflow/.local/lib/python3.7/site-packages/airflow/example_dags/example_sla_dag.py took 0.123 seconds
[2023-05-06T14:54:39.160+0000] {processor.py:153} INFO - Started process (PID=911) to work on /home/airflow/.local/lib/python3.7/site-packages/airflow/example_dags/example_sla_dag.py
[2023-05-06T14:54:39.162+0000] {processor.py:743} INFO - Processing file /home/airflow/.local/lib/python3.7/site-packages/airflow/example_dags/example_sla_dag.py for tasks to queue
[2023-05-06T14:54:39.162+0000] {logging_mixin.py:137} INFO - [2023-05-06T14:54:39.162+0000] {dagbag.py:532} INFO - Filling up the DagBag from /home/airflow/.local/lib/python3.7/site-packages/airflow/example_dags/example_sla_dag.py
[2023-05-06T14:54:39.192+0000] {processor.py:753} INFO - DAG(s) dict_keys(['example_sla_dag']) retrieved from /home/airflow/.local/lib/python3.7/site-packages/airflow/example_dags/example_sla_dag.py
[2023-05-06T14:54:39.223+0000] {logging_mixin.py:137} INFO - [2023-05-06T14:54:39.223+0000] {dag.py:2693} INFO - Sync 1 DAGs
[2023-05-06T14:54:39.261+0000] {logging_mixin.py:137} INFO - [2023-05-06T14:54:39.261+0000] {dag.py:3444} INFO - Setting next_dagrun for example_sla_dag to 2023-05-06T14:52:00+00:00, run_after=2023-05-06T14:54:00+00:00
[2023-05-06T14:54:39.285+0000] {processor.py:175} INFO - Processing /home/airflow/.local/lib/python3.7/site-packages/airflow/example_dags/example_sla_dag.py took 0.128 seconds
[2023-05-06T14:55:09.658+0000] {processor.py:153} INFO - Started process (PID=962) to work on /home/airflow/.local/lib/python3.7/site-packages/airflow/example_dags/example_sla_dag.py
[2023-05-06T14:55:09.659+0000] {processor.py:743} INFO - Processing file /home/airflow/.local/lib/python3.7/site-packages/airflow/example_dags/example_sla_dag.py for tasks to queue
[2023-05-06T14:55:09.660+0000] {logging_mixin.py:137} INFO - [2023-05-06T14:55:09.660+0000] {dagbag.py:532} INFO - Filling up the DagBag from /home/airflow/.local/lib/python3.7/site-packages/airflow/example_dags/example_sla_dag.py
[2023-05-06T14:55:09.688+0000] {processor.py:753} INFO - DAG(s) dict_keys(['example_sla_dag']) retrieved from /home/airflow/.local/lib/python3.7/site-packages/airflow/example_dags/example_sla_dag.py
[2023-05-06T14:55:09.724+0000] {logging_mixin.py:137} INFO - [2023-05-06T14:55:09.723+0000] {dag.py:2693} INFO - Sync 1 DAGs
[2023-05-06T14:55:09.765+0000] {logging_mixin.py:137} INFO - [2023-05-06T14:55:09.765+0000] {dag.py:3444} INFO - Setting next_dagrun for example_sla_dag to 2023-05-06T14:52:00+00:00, run_after=2023-05-06T14:54:00+00:00
[2023-05-06T14:55:09.786+0000] {processor.py:175} INFO - Processing /home/airflow/.local/lib/python3.7/site-packages/airflow/example_dags/example_sla_dag.py took 0.132 seconds
[2023-05-06T14:55:40.495+0000] {processor.py:153} INFO - Started process (PID=1013) to work on /home/airflow/.local/lib/python3.7/site-packages/airflow/example_dags/example_sla_dag.py
[2023-05-06T14:55:40.497+0000] {processor.py:743} INFO - Processing file /home/airflow/.local/lib/python3.7/site-packages/airflow/example_dags/example_sla_dag.py for tasks to queue
[2023-05-06T14:55:40.498+0000] {logging_mixin.py:137} INFO - [2023-05-06T14:55:40.497+0000] {dagbag.py:532} INFO - Filling up the DagBag from /home/airflow/.local/lib/python3.7/site-packages/airflow/example_dags/example_sla_dag.py
[2023-05-06T14:55:40.526+0000] {processor.py:753} INFO - DAG(s) dict_keys(['example_sla_dag']) retrieved from /home/airflow/.local/lib/python3.7/site-packages/airflow/example_dags/example_sla_dag.py
[2023-05-06T14:55:40.561+0000] {logging_mixin.py:137} INFO - [2023-05-06T14:55:40.561+0000] {dag.py:2693} INFO - Sync 1 DAGs
[2023-05-06T14:55:40.599+0000] {logging_mixin.py:137} INFO - [2023-05-06T14:55:40.599+0000] {dag.py:3444} INFO - Setting next_dagrun for example_sla_dag to 2023-05-06T14:52:00+00:00, run_after=2023-05-06T14:54:00+00:00
[2023-05-06T14:55:40.621+0000] {processor.py:175} INFO - Processing /home/airflow/.local/lib/python3.7/site-packages/airflow/example_dags/example_sla_dag.py took 0.129 seconds
[2023-05-06T14:56:11.218+0000] {processor.py:153} INFO - Started process (PID=1064) to work on /home/airflow/.local/lib/python3.7/site-packages/airflow/example_dags/example_sla_dag.py
[2023-05-06T14:56:11.219+0000] {processor.py:743} INFO - Processing file /home/airflow/.local/lib/python3.7/site-packages/airflow/example_dags/example_sla_dag.py for tasks to queue
[2023-05-06T14:56:11.219+0000] {logging_mixin.py:137} INFO - [2023-05-06T14:56:11.219+0000] {dagbag.py:532} INFO - Filling up the DagBag from /home/airflow/.local/lib/python3.7/site-packages/airflow/example_dags/example_sla_dag.py
[2023-05-06T14:56:11.252+0000] {processor.py:753} INFO - DAG(s) dict_keys(['example_sla_dag']) retrieved from /home/airflow/.local/lib/python3.7/site-packages/airflow/example_dags/example_sla_dag.py
[2023-05-06T14:56:11.309+0000] {logging_mixin.py:137} INFO - [2023-05-06T14:56:11.309+0000] {dag.py:2693} INFO - Sync 1 DAGs
[2023-05-06T14:56:11.385+0000] {logging_mixin.py:137} INFO - [2023-05-06T14:56:11.385+0000] {dag.py:3444} INFO - Setting next_dagrun for example_sla_dag to 2023-05-06T14:54:00+00:00, run_after=2023-05-06T14:56:00+00:00
[2023-05-06T14:56:11.432+0000] {processor.py:175} INFO - Processing /home/airflow/.local/lib/python3.7/site-packages/airflow/example_dags/example_sla_dag.py took 0.218 seconds
[2023-05-06T14:56:41.768+0000] {processor.py:153} INFO - Started process (PID=1115) to work on /home/airflow/.local/lib/python3.7/site-packages/airflow/example_dags/example_sla_dag.py
[2023-05-06T14:56:41.769+0000] {processor.py:743} INFO - Processing file /home/airflow/.local/lib/python3.7/site-packages/airflow/example_dags/example_sla_dag.py for tasks to queue
[2023-05-06T14:56:41.770+0000] {logging_mixin.py:137} INFO - [2023-05-06T14:56:41.769+0000] {dagbag.py:532} INFO - Filling up the DagBag from /home/airflow/.local/lib/python3.7/site-packages/airflow/example_dags/example_sla_dag.py
[2023-05-06T14:56:41.799+0000] {processor.py:753} INFO - DAG(s) dict_keys(['example_sla_dag']) retrieved from /home/airflow/.local/lib/python3.7/site-packages/airflow/example_dags/example_sla_dag.py
[2023-05-06T14:56:41.831+0000] {logging_mixin.py:137} INFO - [2023-05-06T14:56:41.830+0000] {dag.py:2693} INFO - Sync 1 DAGs
[2023-05-06T14:56:41.867+0000] {logging_mixin.py:137} INFO - [2023-05-06T14:56:41.866+0000] {dag.py:3444} INFO - Setting next_dagrun for example_sla_dag to 2023-05-06T14:54:00+00:00, run_after=2023-05-06T14:56:00+00:00
[2023-05-06T14:56:41.886+0000] {processor.py:175} INFO - Processing /home/airflow/.local/lib/python3.7/site-packages/airflow/example_dags/example_sla_dag.py took 0.123 seconds
[2023-05-06T14:57:12.289+0000] {processor.py:153} INFO - Started process (PID=1166) to work on /home/airflow/.local/lib/python3.7/site-packages/airflow/example_dags/example_sla_dag.py
[2023-05-06T14:57:12.289+0000] {processor.py:743} INFO - Processing file /home/airflow/.local/lib/python3.7/site-packages/airflow/example_dags/example_sla_dag.py for tasks to queue
[2023-05-06T14:57:12.290+0000] {logging_mixin.py:137} INFO - [2023-05-06T14:57:12.290+0000] {dagbag.py:532} INFO - Filling up the DagBag from /home/airflow/.local/lib/python3.7/site-packages/airflow/example_dags/example_sla_dag.py
[2023-05-06T14:57:12.348+0000] {processor.py:753} INFO - DAG(s) dict_keys(['example_sla_dag']) retrieved from /home/airflow/.local/lib/python3.7/site-packages/airflow/example_dags/example_sla_dag.py
[2023-05-06T14:57:12.382+0000] {logging_mixin.py:137} INFO - [2023-05-06T14:57:12.382+0000] {dag.py:2693} INFO - Sync 1 DAGs
[2023-05-06T14:57:12.421+0000] {logging_mixin.py:137} INFO - [2023-05-06T14:57:12.420+0000] {dag.py:3444} INFO - Setting next_dagrun for example_sla_dag to 2023-05-06T14:54:00+00:00, run_after=2023-05-06T14:56:00+00:00
[2023-05-06T14:57:12.451+0000] {processor.py:175} INFO - Processing /home/airflow/.local/lib/python3.7/site-packages/airflow/example_dags/example_sla_dag.py took 0.166 seconds
[2023-05-06T14:57:42.764+0000] {processor.py:153} INFO - Started process (PID=1217) to work on /home/airflow/.local/lib/python3.7/site-packages/airflow/example_dags/example_sla_dag.py
[2023-05-06T14:57:42.765+0000] {processor.py:743} INFO - Processing file /home/airflow/.local/lib/python3.7/site-packages/airflow/example_dags/example_sla_dag.py for tasks to queue
[2023-05-06T14:57:42.766+0000] {logging_mixin.py:137} INFO - [2023-05-06T14:57:42.766+0000] {dagbag.py:532} INFO - Filling up the DagBag from /home/airflow/.local/lib/python3.7/site-packages/airflow/example_dags/example_sla_dag.py
[2023-05-06T14:57:42.798+0000] {processor.py:753} INFO - DAG(s) dict_keys(['example_sla_dag']) retrieved from /home/airflow/.local/lib/python3.7/site-packages/airflow/example_dags/example_sla_dag.py
[2023-05-06T14:57:42.836+0000] {logging_mixin.py:137} INFO - [2023-05-06T14:57:42.836+0000] {dag.py:2693} INFO - Sync 1 DAGs
[2023-05-06T14:57:42.876+0000] {logging_mixin.py:137} INFO - [2023-05-06T14:57:42.876+0000] {dag.py:3444} INFO - Setting next_dagrun for example_sla_dag to 2023-05-06T14:54:00+00:00, run_after=2023-05-06T14:56:00+00:00
[2023-05-06T14:57:42.897+0000] {processor.py:175} INFO - Processing /home/airflow/.local/lib/python3.7/site-packages/airflow/example_dags/example_sla_dag.py took 0.137 seconds
[2023-05-06T14:58:13.886+0000] {processor.py:153} INFO - Started process (PID=1267) to work on /home/airflow/.local/lib/python3.7/site-packages/airflow/example_dags/example_sla_dag.py
[2023-05-06T14:58:13.887+0000] {processor.py:743} INFO - Processing file /home/airflow/.local/lib/python3.7/site-packages/airflow/example_dags/example_sla_dag.py for tasks to queue
[2023-05-06T14:58:13.888+0000] {logging_mixin.py:137} INFO - [2023-05-06T14:58:13.888+0000] {dagbag.py:532} INFO - Filling up the DagBag from /home/airflow/.local/lib/python3.7/site-packages/airflow/example_dags/example_sla_dag.py
[2023-05-06T14:58:13.918+0000] {processor.py:753} INFO - DAG(s) dict_keys(['example_sla_dag']) retrieved from /home/airflow/.local/lib/python3.7/site-packages/airflow/example_dags/example_sla_dag.py
[2023-05-06T14:58:13.952+0000] {logging_mixin.py:137} INFO - [2023-05-06T14:58:13.952+0000] {dag.py:2693} INFO - Sync 1 DAGs
[2023-05-06T14:58:13.990+0000] {logging_mixin.py:137} INFO - [2023-05-06T14:58:13.990+0000] {dag.py:3444} INFO - Setting next_dagrun for example_sla_dag to 2023-05-06T14:56:00+00:00, run_after=2023-05-06T14:58:00+00:00
[2023-05-06T14:58:14.023+0000] {processor.py:175} INFO - Processing /home/airflow/.local/lib/python3.7/site-packages/airflow/example_dags/example_sla_dag.py took 0.141 seconds
[2023-05-06T14:58:44.828+0000] {processor.py:153} INFO - Started process (PID=1319) to work on /home/airflow/.local/lib/python3.7/site-packages/airflow/example_dags/example_sla_dag.py
[2023-05-06T14:58:44.829+0000] {processor.py:743} INFO - Processing file /home/airflow/.local/lib/python3.7/site-packages/airflow/example_dags/example_sla_dag.py for tasks to queue
[2023-05-06T14:58:44.830+0000] {logging_mixin.py:137} INFO - [2023-05-06T14:58:44.830+0000] {dagbag.py:532} INFO - Filling up the DagBag from /home/airflow/.local/lib/python3.7/site-packages/airflow/example_dags/example_sla_dag.py
[2023-05-06T14:58:44.859+0000] {processor.py:753} INFO - DAG(s) dict_keys(['example_sla_dag']) retrieved from /home/airflow/.local/lib/python3.7/site-packages/airflow/example_dags/example_sla_dag.py
[2023-05-06T14:58:44.893+0000] {logging_mixin.py:137} INFO - [2023-05-06T14:58:44.893+0000] {dag.py:2693} INFO - Sync 1 DAGs
[2023-05-06T14:58:44.953+0000] {logging_mixin.py:137} INFO - [2023-05-06T14:58:44.952+0000] {dag.py:3444} INFO - Setting next_dagrun for example_sla_dag to 2023-05-06T14:56:00+00:00, run_after=2023-05-06T14:58:00+00:00
[2023-05-06T14:58:45.006+0000] {processor.py:175} INFO - Processing /home/airflow/.local/lib/python3.7/site-packages/airflow/example_dags/example_sla_dag.py took 0.182 seconds
[2023-05-06T14:59:15.675+0000] {processor.py:153} INFO - Started process (PID=1370) to work on /home/airflow/.local/lib/python3.7/site-packages/airflow/example_dags/example_sla_dag.py
[2023-05-06T14:59:15.676+0000] {processor.py:743} INFO - Processing file /home/airflow/.local/lib/python3.7/site-packages/airflow/example_dags/example_sla_dag.py for tasks to queue
[2023-05-06T14:59:15.677+0000] {logging_mixin.py:137} INFO - [2023-05-06T14:59:15.677+0000] {dagbag.py:532} INFO - Filling up the DagBag from /home/airflow/.local/lib/python3.7/site-packages/airflow/example_dags/example_sla_dag.py
[2023-05-06T14:59:15.705+0000] {processor.py:753} INFO - DAG(s) dict_keys(['example_sla_dag']) retrieved from /home/airflow/.local/lib/python3.7/site-packages/airflow/example_dags/example_sla_dag.py
[2023-05-06T14:59:15.737+0000] {logging_mixin.py:137} INFO - [2023-05-06T14:59:15.737+0000] {dag.py:2693} INFO - Sync 1 DAGs
[2023-05-06T14:59:15.772+0000] {logging_mixin.py:137} INFO - [2023-05-06T14:59:15.771+0000] {dag.py:3444} INFO - Setting next_dagrun for example_sla_dag to 2023-05-06T14:56:00+00:00, run_after=2023-05-06T14:58:00+00:00
[2023-05-06T14:59:15.791+0000] {processor.py:175} INFO - Processing /home/airflow/.local/lib/python3.7/site-packages/airflow/example_dags/example_sla_dag.py took 0.120 seconds
[2023-05-06T14:59:46.405+0000] {processor.py:153} INFO - Started process (PID=1422) to work on /home/airflow/.local/lib/python3.7/site-packages/airflow/example_dags/example_sla_dag.py
[2023-05-06T14:59:46.406+0000] {processor.py:743} INFO - Processing file /home/airflow/.local/lib/python3.7/site-packages/airflow/example_dags/example_sla_dag.py for tasks to queue
[2023-05-06T14:59:46.407+0000] {logging_mixin.py:137} INFO - [2023-05-06T14:59:46.407+0000] {dagbag.py:532} INFO - Filling up the DagBag from /home/airflow/.local/lib/python3.7/site-packages/airflow/example_dags/example_sla_dag.py
[2023-05-06T14:59:46.437+0000] {processor.py:753} INFO - DAG(s) dict_keys(['example_sla_dag']) retrieved from /home/airflow/.local/lib/python3.7/site-packages/airflow/example_dags/example_sla_dag.py
[2023-05-06T14:59:46.468+0000] {logging_mixin.py:137} INFO - [2023-05-06T14:59:46.468+0000] {dag.py:2693} INFO - Sync 1 DAGs
[2023-05-06T14:59:46.505+0000] {logging_mixin.py:137} INFO - [2023-05-06T14:59:46.505+0000] {dag.py:3444} INFO - Setting next_dagrun for example_sla_dag to 2023-05-06T14:56:00+00:00, run_after=2023-05-06T14:58:00+00:00
[2023-05-06T14:59:46.525+0000] {processor.py:175} INFO - Processing /home/airflow/.local/lib/python3.7/site-packages/airflow/example_dags/example_sla_dag.py took 0.124 seconds
[2023-05-06T15:00:16.933+0000] {processor.py:153} INFO - Started process (PID=1473) to work on /home/airflow/.local/lib/python3.7/site-packages/airflow/example_dags/example_sla_dag.py
[2023-05-06T15:00:16.934+0000] {processor.py:743} INFO - Processing file /home/airflow/.local/lib/python3.7/site-packages/airflow/example_dags/example_sla_dag.py for tasks to queue
[2023-05-06T15:00:16.935+0000] {logging_mixin.py:137} INFO - [2023-05-06T15:00:16.935+0000] {dagbag.py:532} INFO - Filling up the DagBag from /home/airflow/.local/lib/python3.7/site-packages/airflow/example_dags/example_sla_dag.py
[2023-05-06T15:00:16.964+0000] {processor.py:753} INFO - DAG(s) dict_keys(['example_sla_dag']) retrieved from /home/airflow/.local/lib/python3.7/site-packages/airflow/example_dags/example_sla_dag.py
[2023-05-06T15:00:16.995+0000] {logging_mixin.py:137} INFO - [2023-05-06T15:00:16.995+0000] {dag.py:2693} INFO - Sync 1 DAGs
[2023-05-06T15:00:17.033+0000] {logging_mixin.py:137} INFO - [2023-05-06T15:00:17.032+0000] {dag.py:3444} INFO - Setting next_dagrun for example_sla_dag to 2023-05-06T14:58:00+00:00, run_after=2023-05-06T15:00:00+00:00
[2023-05-06T15:00:17.060+0000] {processor.py:175} INFO - Processing /home/airflow/.local/lib/python3.7/site-packages/airflow/example_dags/example_sla_dag.py took 0.131 seconds
[2023-05-06T15:00:47.527+0000] {processor.py:153} INFO - Started process (PID=1524) to work on /home/airflow/.local/lib/python3.7/site-packages/airflow/example_dags/example_sla_dag.py
[2023-05-06T15:00:47.527+0000] {processor.py:743} INFO - Processing file /home/airflow/.local/lib/python3.7/site-packages/airflow/example_dags/example_sla_dag.py for tasks to queue
[2023-05-06T15:00:47.528+0000] {logging_mixin.py:137} INFO - [2023-05-06T15:00:47.528+0000] {dagbag.py:532} INFO - Filling up the DagBag from /home/airflow/.local/lib/python3.7/site-packages/airflow/example_dags/example_sla_dag.py
[2023-05-06T15:00:47.557+0000] {processor.py:753} INFO - DAG(s) dict_keys(['example_sla_dag']) retrieved from /home/airflow/.local/lib/python3.7/site-packages/airflow/example_dags/example_sla_dag.py
[2023-05-06T15:00:47.588+0000] {logging_mixin.py:137} INFO - [2023-05-06T15:00:47.588+0000] {dag.py:2693} INFO - Sync 1 DAGs
[2023-05-06T15:00:47.625+0000] {logging_mixin.py:137} INFO - [2023-05-06T15:00:47.625+0000] {dag.py:3444} INFO - Setting next_dagrun for example_sla_dag to 2023-05-06T14:58:00+00:00, run_after=2023-05-06T15:00:00+00:00
[2023-05-06T15:00:47.647+0000] {processor.py:175} INFO - Processing /home/airflow/.local/lib/python3.7/site-packages/airflow/example_dags/example_sla_dag.py took 0.124 seconds
[2023-05-06T15:01:18.072+0000] {processor.py:153} INFO - Started process (PID=1576) to work on /home/airflow/.local/lib/python3.7/site-packages/airflow/example_dags/example_sla_dag.py
[2023-05-06T15:01:18.073+0000] {processor.py:743} INFO - Processing file /home/airflow/.local/lib/python3.7/site-packages/airflow/example_dags/example_sla_dag.py for tasks to queue
[2023-05-06T15:01:18.074+0000] {logging_mixin.py:137} INFO - [2023-05-06T15:01:18.074+0000] {dagbag.py:532} INFO - Filling up the DagBag from /home/airflow/.local/lib/python3.7/site-packages/airflow/example_dags/example_sla_dag.py
[2023-05-06T15:01:18.104+0000] {processor.py:753} INFO - DAG(s) dict_keys(['example_sla_dag']) retrieved from /home/airflow/.local/lib/python3.7/site-packages/airflow/example_dags/example_sla_dag.py
[2023-05-06T15:01:18.136+0000] {logging_mixin.py:137} INFO - [2023-05-06T15:01:18.136+0000] {dag.py:2693} INFO - Sync 1 DAGs
[2023-05-06T15:01:18.172+0000] {logging_mixin.py:137} INFO - [2023-05-06T15:01:18.172+0000] {dag.py:3444} INFO - Setting next_dagrun for example_sla_dag to 2023-05-06T14:58:00+00:00, run_after=2023-05-06T15:00:00+00:00
[2023-05-06T15:01:18.202+0000] {processor.py:175} INFO - Processing /home/airflow/.local/lib/python3.7/site-packages/airflow/example_dags/example_sla_dag.py took 0.134 seconds
[2023-05-06T15:01:48.928+0000] {processor.py:153} INFO - Started process (PID=1627) to work on /home/airflow/.local/lib/python3.7/site-packages/airflow/example_dags/example_sla_dag.py
[2023-05-06T15:01:48.929+0000] {processor.py:743} INFO - Processing file /home/airflow/.local/lib/python3.7/site-packages/airflow/example_dags/example_sla_dag.py for tasks to queue
[2023-05-06T15:01:48.930+0000] {logging_mixin.py:137} INFO - [2023-05-06T15:01:48.930+0000] {dagbag.py:532} INFO - Filling up the DagBag from /home/airflow/.local/lib/python3.7/site-packages/airflow/example_dags/example_sla_dag.py
[2023-05-06T15:01:48.960+0000] {processor.py:753} INFO - DAG(s) dict_keys(['example_sla_dag']) retrieved from /home/airflow/.local/lib/python3.7/site-packages/airflow/example_dags/example_sla_dag.py
[2023-05-06T15:01:48.990+0000] {logging_mixin.py:137} INFO - [2023-05-06T15:01:48.990+0000] {dag.py:2693} INFO - Sync 1 DAGs
[2023-05-06T15:01:49.025+0000] {logging_mixin.py:137} INFO - [2023-05-06T15:01:49.025+0000] {dag.py:3444} INFO - Setting next_dagrun for example_sla_dag to 2023-05-06T14:58:00+00:00, run_after=2023-05-06T15:00:00+00:00
[2023-05-06T15:01:49.048+0000] {processor.py:175} INFO - Processing /home/airflow/.local/lib/python3.7/site-packages/airflow/example_dags/example_sla_dag.py took 0.125 seconds
[2023-05-06T15:02:19.899+0000] {processor.py:153} INFO - Started process (PID=1678) to work on /home/airflow/.local/lib/python3.7/site-packages/airflow/example_dags/example_sla_dag.py
[2023-05-06T15:02:19.900+0000] {processor.py:743} INFO - Processing file /home/airflow/.local/lib/python3.7/site-packages/airflow/example_dags/example_sla_dag.py for tasks to queue
[2023-05-06T15:02:19.901+0000] {logging_mixin.py:137} INFO - [2023-05-06T15:02:19.901+0000] {dagbag.py:532} INFO - Filling up the DagBag from /home/airflow/.local/lib/python3.7/site-packages/airflow/example_dags/example_sla_dag.py
[2023-05-06T15:02:19.966+0000] {processor.py:753} INFO - DAG(s) dict_keys(['example_sla_dag']) retrieved from /home/airflow/.local/lib/python3.7/site-packages/airflow/example_dags/example_sla_dag.py
[2023-05-06T15:02:20.031+0000] {logging_mixin.py:137} INFO - [2023-05-06T15:02:20.031+0000] {dag.py:2693} INFO - Sync 1 DAGs
[2023-05-06T15:02:20.117+0000] {logging_mixin.py:137} INFO - [2023-05-06T15:02:20.116+0000] {dag.py:3444} INFO - Setting next_dagrun for example_sla_dag to 2023-05-06T15:00:00+00:00, run_after=2023-05-06T15:02:00+00:00
[2023-05-06T15:02:20.156+0000] {processor.py:175} INFO - Processing /home/airflow/.local/lib/python3.7/site-packages/airflow/example_dags/example_sla_dag.py took 0.271 seconds
[2023-05-06T15:02:50.499+0000] {processor.py:153} INFO - Started process (PID=1729) to work on /home/airflow/.local/lib/python3.7/site-packages/airflow/example_dags/example_sla_dag.py
[2023-05-06T15:02:50.500+0000] {processor.py:743} INFO - Processing file /home/airflow/.local/lib/python3.7/site-packages/airflow/example_dags/example_sla_dag.py for tasks to queue
[2023-05-06T15:02:50.501+0000] {logging_mixin.py:137} INFO - [2023-05-06T15:02:50.501+0000] {dagbag.py:532} INFO - Filling up the DagBag from /home/airflow/.local/lib/python3.7/site-packages/airflow/example_dags/example_sla_dag.py
[2023-05-06T15:02:50.529+0000] {processor.py:753} INFO - DAG(s) dict_keys(['example_sla_dag']) retrieved from /home/airflow/.local/lib/python3.7/site-packages/airflow/example_dags/example_sla_dag.py
[2023-05-06T15:02:50.559+0000] {logging_mixin.py:137} INFO - [2023-05-06T15:02:50.559+0000] {dag.py:2693} INFO - Sync 1 DAGs
[2023-05-06T15:02:50.593+0000] {logging_mixin.py:137} INFO - [2023-05-06T15:02:50.593+0000] {dag.py:3444} INFO - Setting next_dagrun for example_sla_dag to 2023-05-06T15:00:00+00:00, run_after=2023-05-06T15:02:00+00:00
[2023-05-06T15:02:50.614+0000] {processor.py:175} INFO - Processing /home/airflow/.local/lib/python3.7/site-packages/airflow/example_dags/example_sla_dag.py took 0.119 seconds
[2023-05-06T15:03:20.816+0000] {processor.py:153} INFO - Started process (PID=1779) to work on /home/airflow/.local/lib/python3.7/site-packages/airflow/example_dags/example_sla_dag.py
[2023-05-06T15:03:20.817+0000] {processor.py:743} INFO - Processing file /home/airflow/.local/lib/python3.7/site-packages/airflow/example_dags/example_sla_dag.py for tasks to queue
[2023-05-06T15:03:20.818+0000] {logging_mixin.py:137} INFO - [2023-05-06T15:03:20.817+0000] {dagbag.py:532} INFO - Filling up the DagBag from /home/airflow/.local/lib/python3.7/site-packages/airflow/example_dags/example_sla_dag.py
[2023-05-06T15:03:20.848+0000] {processor.py:753} INFO - DAG(s) dict_keys(['example_sla_dag']) retrieved from /home/airflow/.local/lib/python3.7/site-packages/airflow/example_dags/example_sla_dag.py
[2023-05-06T15:03:20.879+0000] {logging_mixin.py:137} INFO - [2023-05-06T15:03:20.879+0000] {dag.py:2693} INFO - Sync 1 DAGs
[2023-05-06T15:03:20.915+0000] {logging_mixin.py:137} INFO - [2023-05-06T15:03:20.915+0000] {dag.py:3444} INFO - Setting next_dagrun for example_sla_dag to 2023-05-06T15:00:00+00:00, run_after=2023-05-06T15:02:00+00:00
[2023-05-06T15:03:20.940+0000] {processor.py:175} INFO - Processing /home/airflow/.local/lib/python3.7/site-packages/airflow/example_dags/example_sla_dag.py took 0.128 seconds
[2023-05-06T15:03:51.179+0000] {processor.py:153} INFO - Started process (PID=1830) to work on /home/airflow/.local/lib/python3.7/site-packages/airflow/example_dags/example_sla_dag.py
[2023-05-06T15:03:51.180+0000] {processor.py:743} INFO - Processing file /home/airflow/.local/lib/python3.7/site-packages/airflow/example_dags/example_sla_dag.py for tasks to queue
[2023-05-06T15:03:51.181+0000] {logging_mixin.py:137} INFO - [2023-05-06T15:03:51.181+0000] {dagbag.py:532} INFO - Filling up the DagBag from /home/airflow/.local/lib/python3.7/site-packages/airflow/example_dags/example_sla_dag.py
[2023-05-06T15:03:51.214+0000] {processor.py:753} INFO - DAG(s) dict_keys(['example_sla_dag']) retrieved from /home/airflow/.local/lib/python3.7/site-packages/airflow/example_dags/example_sla_dag.py
[2023-05-06T15:03:51.247+0000] {logging_mixin.py:137} INFO - [2023-05-06T15:03:51.247+0000] {dag.py:2693} INFO - Sync 1 DAGs
[2023-05-06T15:03:51.285+0000] {logging_mixin.py:137} INFO - [2023-05-06T15:03:51.285+0000] {dag.py:3444} INFO - Setting next_dagrun for example_sla_dag to 2023-05-06T15:00:00+00:00, run_after=2023-05-06T15:02:00+00:00
[2023-05-06T15:03:51.306+0000] {processor.py:175} INFO - Processing /home/airflow/.local/lib/python3.7/site-packages/airflow/example_dags/example_sla_dag.py took 0.131 seconds
[2023-05-06T15:04:22.449+0000] {processor.py:153} INFO - Started process (PID=1881) to work on /home/airflow/.local/lib/python3.7/site-packages/airflow/example_dags/example_sla_dag.py
[2023-05-06T15:04:22.460+0000] {processor.py:743} INFO - Processing file /home/airflow/.local/lib/python3.7/site-packages/airflow/example_dags/example_sla_dag.py for tasks to queue
[2023-05-06T15:04:22.460+0000] {logging_mixin.py:137} INFO - [2023-05-06T15:04:22.460+0000] {dagbag.py:532} INFO - Filling up the DagBag from /home/airflow/.local/lib/python3.7/site-packages/airflow/example_dags/example_sla_dag.py
[2023-05-06T15:04:22.497+0000] {processor.py:753} INFO - DAG(s) dict_keys(['example_sla_dag']) retrieved from /home/airflow/.local/lib/python3.7/site-packages/airflow/example_dags/example_sla_dag.py
[2023-05-06T15:04:22.528+0000] {logging_mixin.py:137} INFO - [2023-05-06T15:04:22.528+0000] {dag.py:2693} INFO - Sync 1 DAGs
[2023-05-06T15:04:22.574+0000] {logging_mixin.py:137} INFO - [2023-05-06T15:04:22.574+0000] {dag.py:3444} INFO - Setting next_dagrun for example_sla_dag to 2023-05-06T15:02:00+00:00, run_after=2023-05-06T15:04:00+00:00
[2023-05-06T15:04:22.608+0000] {processor.py:175} INFO - Processing /home/airflow/.local/lib/python3.7/site-packages/airflow/example_dags/example_sla_dag.py took 0.169 seconds
[2023-05-06T15:04:53.434+0000] {processor.py:153} INFO - Started process (PID=1932) to work on /home/airflow/.local/lib/python3.7/site-packages/airflow/example_dags/example_sla_dag.py
[2023-05-06T15:04:53.436+0000] {processor.py:743} INFO - Processing file /home/airflow/.local/lib/python3.7/site-packages/airflow/example_dags/example_sla_dag.py for tasks to queue
[2023-05-06T15:04:53.436+0000] {logging_mixin.py:137} INFO - [2023-05-06T15:04:53.436+0000] {dagbag.py:532} INFO - Filling up the DagBag from /home/airflow/.local/lib/python3.7/site-packages/airflow/example_dags/example_sla_dag.py
[2023-05-06T15:04:53.465+0000] {processor.py:753} INFO - DAG(s) dict_keys(['example_sla_dag']) retrieved from /home/airflow/.local/lib/python3.7/site-packages/airflow/example_dags/example_sla_dag.py
[2023-05-06T15:04:53.498+0000] {logging_mixin.py:137} INFO - [2023-05-06T15:04:53.498+0000] {dag.py:2693} INFO - Sync 1 DAGs
[2023-05-06T15:04:53.534+0000] {logging_mixin.py:137} INFO - [2023-05-06T15:04:53.534+0000] {dag.py:3444} INFO - Setting next_dagrun for example_sla_dag to 2023-05-06T15:02:00+00:00, run_after=2023-05-06T15:04:00+00:00
[2023-05-06T15:04:53.556+0000] {processor.py:175} INFO - Processing /home/airflow/.local/lib/python3.7/site-packages/airflow/example_dags/example_sla_dag.py took 0.126 seconds
[2023-05-06T15:05:24.020+0000] {processor.py:153} INFO - Started process (PID=1983) to work on /home/airflow/.local/lib/python3.7/site-packages/airflow/example_dags/example_sla_dag.py
[2023-05-06T15:05:24.021+0000] {processor.py:743} INFO - Processing file /home/airflow/.local/lib/python3.7/site-packages/airflow/example_dags/example_sla_dag.py for tasks to queue
[2023-05-06T15:05:24.021+0000] {logging_mixin.py:137} INFO - [2023-05-06T15:05:24.021+0000] {dagbag.py:532} INFO - Filling up the DagBag from /home/airflow/.local/lib/python3.7/site-packages/airflow/example_dags/example_sla_dag.py
[2023-05-06T15:05:24.052+0000] {processor.py:753} INFO - DAG(s) dict_keys(['example_sla_dag']) retrieved from /home/airflow/.local/lib/python3.7/site-packages/airflow/example_dags/example_sla_dag.py
[2023-05-06T15:05:24.083+0000] {logging_mixin.py:137} INFO - [2023-05-06T15:05:24.083+0000] {dag.py:2693} INFO - Sync 1 DAGs
[2023-05-06T15:05:24.120+0000] {logging_mixin.py:137} INFO - [2023-05-06T15:05:24.119+0000] {dag.py:3444} INFO - Setting next_dagrun for example_sla_dag to 2023-05-06T15:02:00+00:00, run_after=2023-05-06T15:04:00+00:00
[2023-05-06T15:05:24.142+0000] {processor.py:175} INFO - Processing /home/airflow/.local/lib/python3.7/site-packages/airflow/example_dags/example_sla_dag.py took 0.126 seconds
[2023-05-06T15:05:55.080+0000] {processor.py:153} INFO - Started process (PID=2034) to work on /home/airflow/.local/lib/python3.7/site-packages/airflow/example_dags/example_sla_dag.py
[2023-05-06T15:05:55.082+0000] {processor.py:743} INFO - Processing file /home/airflow/.local/lib/python3.7/site-packages/airflow/example_dags/example_sla_dag.py for tasks to queue
[2023-05-06T15:05:55.083+0000] {logging_mixin.py:137} INFO - [2023-05-06T15:05:55.082+0000] {dagbag.py:532} INFO - Filling up the DagBag from /home/airflow/.local/lib/python3.7/site-packages/airflow/example_dags/example_sla_dag.py
[2023-05-06T15:05:55.112+0000] {processor.py:753} INFO - DAG(s) dict_keys(['example_sla_dag']) retrieved from /home/airflow/.local/lib/python3.7/site-packages/airflow/example_dags/example_sla_dag.py
[2023-05-06T15:05:55.146+0000] {logging_mixin.py:137} INFO - [2023-05-06T15:05:55.146+0000] {dag.py:2693} INFO - Sync 1 DAGs
[2023-05-06T15:05:55.185+0000] {logging_mixin.py:137} INFO - [2023-05-06T15:05:55.184+0000] {dag.py:3444} INFO - Setting next_dagrun for example_sla_dag to 2023-05-06T15:02:00+00:00, run_after=2023-05-06T15:04:00+00:00
[2023-05-06T15:05:55.205+0000] {processor.py:175} INFO - Processing /home/airflow/.local/lib/python3.7/site-packages/airflow/example_dags/example_sla_dag.py took 0.128 seconds
[2023-05-06T15:06:25.623+0000] {processor.py:153} INFO - Started process (PID=2084) to work on /home/airflow/.local/lib/python3.7/site-packages/airflow/example_dags/example_sla_dag.py
[2023-05-06T15:06:25.625+0000] {processor.py:743} INFO - Processing file /home/airflow/.local/lib/python3.7/site-packages/airflow/example_dags/example_sla_dag.py for tasks to queue
[2023-05-06T15:06:25.625+0000] {logging_mixin.py:137} INFO - [2023-05-06T15:06:25.625+0000] {dagbag.py:532} INFO - Filling up the DagBag from /home/airflow/.local/lib/python3.7/site-packages/airflow/example_dags/example_sla_dag.py
[2023-05-06T15:06:25.656+0000] {processor.py:753} INFO - DAG(s) dict_keys(['example_sla_dag']) retrieved from /home/airflow/.local/lib/python3.7/site-packages/airflow/example_dags/example_sla_dag.py
[2023-05-06T15:06:25.687+0000] {logging_mixin.py:137} INFO - [2023-05-06T15:06:25.687+0000] {dag.py:2693} INFO - Sync 1 DAGs
[2023-05-06T15:06:25.729+0000] {logging_mixin.py:137} INFO - [2023-05-06T15:06:25.729+0000] {dag.py:3444} INFO - Setting next_dagrun for example_sla_dag to 2023-05-06T15:04:00+00:00, run_after=2023-05-06T15:06:00+00:00
[2023-05-06T15:06:25.754+0000] {processor.py:175} INFO - Processing /home/airflow/.local/lib/python3.7/site-packages/airflow/example_dags/example_sla_dag.py took 0.135 seconds
[2023-05-06T15:06:56.220+0000] {processor.py:153} INFO - Started process (PID=2135) to work on /home/airflow/.local/lib/python3.7/site-packages/airflow/example_dags/example_sla_dag.py
[2023-05-06T15:06:56.222+0000] {processor.py:743} INFO - Processing file /home/airflow/.local/lib/python3.7/site-packages/airflow/example_dags/example_sla_dag.py for tasks to queue
[2023-05-06T15:06:56.223+0000] {logging_mixin.py:137} INFO - [2023-05-06T15:06:56.223+0000] {dagbag.py:532} INFO - Filling up the DagBag from /home/airflow/.local/lib/python3.7/site-packages/airflow/example_dags/example_sla_dag.py
[2023-05-06T15:06:56.253+0000] {processor.py:753} INFO - DAG(s) dict_keys(['example_sla_dag']) retrieved from /home/airflow/.local/lib/python3.7/site-packages/airflow/example_dags/example_sla_dag.py
[2023-05-06T15:06:56.284+0000] {logging_mixin.py:137} INFO - [2023-05-06T15:06:56.284+0000] {dag.py:2693} INFO - Sync 1 DAGs
[2023-05-06T15:06:56.325+0000] {logging_mixin.py:137} INFO - [2023-05-06T15:06:56.324+0000] {dag.py:3444} INFO - Setting next_dagrun for example_sla_dag to 2023-05-06T15:04:00+00:00, run_after=2023-05-06T15:06:00+00:00
[2023-05-06T15:06:56.353+0000] {processor.py:175} INFO - Processing /home/airflow/.local/lib/python3.7/site-packages/airflow/example_dags/example_sla_dag.py took 0.137 seconds
[2023-05-06T15:07:26.904+0000] {processor.py:153} INFO - Started process (PID=2186) to work on /home/airflow/.local/lib/python3.7/site-packages/airflow/example_dags/example_sla_dag.py
[2023-05-06T15:07:26.904+0000] {processor.py:743} INFO - Processing file /home/airflow/.local/lib/python3.7/site-packages/airflow/example_dags/example_sla_dag.py for tasks to queue
[2023-05-06T15:07:26.905+0000] {logging_mixin.py:137} INFO - [2023-05-06T15:07:26.905+0000] {dagbag.py:532} INFO - Filling up the DagBag from /home/airflow/.local/lib/python3.7/site-packages/airflow/example_dags/example_sla_dag.py
[2023-05-06T15:07:26.933+0000] {processor.py:753} INFO - DAG(s) dict_keys(['example_sla_dag']) retrieved from /home/airflow/.local/lib/python3.7/site-packages/airflow/example_dags/example_sla_dag.py
[2023-05-06T15:07:26.965+0000] {logging_mixin.py:137} INFO - [2023-05-06T15:07:26.965+0000] {dag.py:2693} INFO - Sync 1 DAGs
[2023-05-06T15:07:27.004+0000] {logging_mixin.py:137} INFO - [2023-05-06T15:07:27.004+0000] {dag.py:3444} INFO - Setting next_dagrun for example_sla_dag to 2023-05-06T15:04:00+00:00, run_after=2023-05-06T15:06:00+00:00
[2023-05-06T15:07:27.024+0000] {processor.py:175} INFO - Processing /home/airflow/.local/lib/python3.7/site-packages/airflow/example_dags/example_sla_dag.py took 0.125 seconds
[2023-05-06T15:07:57.377+0000] {processor.py:153} INFO - Started process (PID=2237) to work on /home/airflow/.local/lib/python3.7/site-packages/airflow/example_dags/example_sla_dag.py
[2023-05-06T15:07:57.378+0000] {processor.py:743} INFO - Processing file /home/airflow/.local/lib/python3.7/site-packages/airflow/example_dags/example_sla_dag.py for tasks to queue
[2023-05-06T15:07:57.379+0000] {logging_mixin.py:137} INFO - [2023-05-06T15:07:57.379+0000] {dagbag.py:532} INFO - Filling up the DagBag from /home/airflow/.local/lib/python3.7/site-packages/airflow/example_dags/example_sla_dag.py
[2023-05-06T15:07:57.420+0000] {processor.py:753} INFO - DAG(s) dict_keys(['example_sla_dag']) retrieved from /home/airflow/.local/lib/python3.7/site-packages/airflow/example_dags/example_sla_dag.py
[2023-05-06T15:07:57.454+0000] {logging_mixin.py:137} INFO - [2023-05-06T15:07:57.453+0000] {dag.py:2693} INFO - Sync 1 DAGs
[2023-05-06T15:07:57.496+0000] {logging_mixin.py:137} INFO - [2023-05-06T15:07:57.495+0000] {dag.py:3444} INFO - Setting next_dagrun for example_sla_dag to 2023-05-06T15:04:00+00:00, run_after=2023-05-06T15:06:00+00:00
[2023-05-06T15:07:57.517+0000] {processor.py:175} INFO - Processing /home/airflow/.local/lib/python3.7/site-packages/airflow/example_dags/example_sla_dag.py took 0.144 seconds
[2023-05-06T15:08:28.362+0000] {processor.py:153} INFO - Started process (PID=2288) to work on /home/airflow/.local/lib/python3.7/site-packages/airflow/example_dags/example_sla_dag.py
[2023-05-06T15:08:28.363+0000] {processor.py:743} INFO - Processing file /home/airflow/.local/lib/python3.7/site-packages/airflow/example_dags/example_sla_dag.py for tasks to queue
[2023-05-06T15:08:28.364+0000] {logging_mixin.py:137} INFO - [2023-05-06T15:08:28.364+0000] {dagbag.py:532} INFO - Filling up the DagBag from /home/airflow/.local/lib/python3.7/site-packages/airflow/example_dags/example_sla_dag.py
[2023-05-06T15:08:28.422+0000] {processor.py:753} INFO - DAG(s) dict_keys(['example_sla_dag']) retrieved from /home/airflow/.local/lib/python3.7/site-packages/airflow/example_dags/example_sla_dag.py
[2023-05-06T15:08:28.474+0000] {logging_mixin.py:137} INFO - [2023-05-06T15:08:28.474+0000] {dag.py:2693} INFO - Sync 1 DAGs
[2023-05-06T15:08:28.541+0000] {logging_mixin.py:137} INFO - [2023-05-06T15:08:28.540+0000] {dag.py:3444} INFO - Setting next_dagrun for example_sla_dag to 2023-05-06T15:06:00+00:00, run_after=2023-05-06T15:08:00+00:00
[2023-05-06T15:08:28.589+0000] {processor.py:175} INFO - Processing /home/airflow/.local/lib/python3.7/site-packages/airflow/example_dags/example_sla_dag.py took 0.230 seconds
[2023-05-06T15:08:58.660+0000] {processor.py:153} INFO - Started process (PID=2339) to work on /home/airflow/.local/lib/python3.7/site-packages/airflow/example_dags/example_sla_dag.py
[2023-05-06T15:08:58.661+0000] {processor.py:743} INFO - Processing file /home/airflow/.local/lib/python3.7/site-packages/airflow/example_dags/example_sla_dag.py for tasks to queue
[2023-05-06T15:08:58.662+0000] {logging_mixin.py:137} INFO - [2023-05-06T15:08:58.662+0000] {dagbag.py:532} INFO - Filling up the DagBag from /home/airflow/.local/lib/python3.7/site-packages/airflow/example_dags/example_sla_dag.py
[2023-05-06T15:08:58.691+0000] {processor.py:753} INFO - DAG(s) dict_keys(['example_sla_dag']) retrieved from /home/airflow/.local/lib/python3.7/site-packages/airflow/example_dags/example_sla_dag.py
[2023-05-06T15:08:58.723+0000] {logging_mixin.py:137} INFO - [2023-05-06T15:08:58.722+0000] {dag.py:2693} INFO - Sync 1 DAGs
[2023-05-06T15:08:58.759+0000] {logging_mixin.py:137} INFO - [2023-05-06T15:08:58.759+0000] {dag.py:3444} INFO - Setting next_dagrun for example_sla_dag to 2023-05-06T15:06:00+00:00, run_after=2023-05-06T15:08:00+00:00
[2023-05-06T15:08:58.782+0000] {processor.py:175} INFO - Processing /home/airflow/.local/lib/python3.7/site-packages/airflow/example_dags/example_sla_dag.py took 0.126 seconds
[2023-05-06T15:09:29.427+0000] {processor.py:153} INFO - Started process (PID=2390) to work on /home/airflow/.local/lib/python3.7/site-packages/airflow/example_dags/example_sla_dag.py
[2023-05-06T15:09:29.428+0000] {processor.py:743} INFO - Processing file /home/airflow/.local/lib/python3.7/site-packages/airflow/example_dags/example_sla_dag.py for tasks to queue
[2023-05-06T15:09:29.428+0000] {logging_mixin.py:137} INFO - [2023-05-06T15:09:29.428+0000] {dagbag.py:532} INFO - Filling up the DagBag from /home/airflow/.local/lib/python3.7/site-packages/airflow/example_dags/example_sla_dag.py
[2023-05-06T15:09:29.457+0000] {processor.py:753} INFO - DAG(s) dict_keys(['example_sla_dag']) retrieved from /home/airflow/.local/lib/python3.7/site-packages/airflow/example_dags/example_sla_dag.py
[2023-05-06T15:09:29.487+0000] {logging_mixin.py:137} INFO - [2023-05-06T15:09:29.487+0000] {dag.py:2693} INFO - Sync 1 DAGs
[2023-05-06T15:09:29.527+0000] {logging_mixin.py:137} INFO - [2023-05-06T15:09:29.527+0000] {dag.py:3444} INFO - Setting next_dagrun for example_sla_dag to 2023-05-06T15:06:00+00:00, run_after=2023-05-06T15:08:00+00:00
[2023-05-06T15:09:29.547+0000] {processor.py:175} INFO - Processing /home/airflow/.local/lib/python3.7/site-packages/airflow/example_dags/example_sla_dag.py took 0.124 seconds
[2023-05-06T15:10:00.670+0000] {processor.py:153} INFO - Started process (PID=2441) to work on /home/airflow/.local/lib/python3.7/site-packages/airflow/example_dags/example_sla_dag.py
[2023-05-06T15:10:00.671+0000] {processor.py:743} INFO - Processing file /home/airflow/.local/lib/python3.7/site-packages/airflow/example_dags/example_sla_dag.py for tasks to queue
[2023-05-06T15:10:00.672+0000] {logging_mixin.py:137} INFO - [2023-05-06T15:10:00.672+0000] {dagbag.py:532} INFO - Filling up the DagBag from /home/airflow/.local/lib/python3.7/site-packages/airflow/example_dags/example_sla_dag.py
[2023-05-06T15:10:00.700+0000] {processor.py:753} INFO - DAG(s) dict_keys(['example_sla_dag']) retrieved from /home/airflow/.local/lib/python3.7/site-packages/airflow/example_dags/example_sla_dag.py
[2023-05-06T15:10:00.735+0000] {logging_mixin.py:137} INFO - [2023-05-06T15:10:00.735+0000] {dag.py:2693} INFO - Sync 1 DAGs
[2023-05-06T15:10:00.774+0000] {logging_mixin.py:137} INFO - [2023-05-06T15:10:00.774+0000] {dag.py:3444} INFO - Setting next_dagrun for example_sla_dag to 2023-05-06T15:08:00+00:00, run_after=2023-05-06T15:10:00+00:00
[2023-05-06T15:10:00.797+0000] {processor.py:175} INFO - Processing /home/airflow/.local/lib/python3.7/site-packages/airflow/example_dags/example_sla_dag.py took 0.131 seconds
[2023-05-06T15:10:31.165+0000] {processor.py:153} INFO - Started process (PID=2492) to work on /home/airflow/.local/lib/python3.7/site-packages/airflow/example_dags/example_sla_dag.py
[2023-05-06T15:10:31.166+0000] {processor.py:743} INFO - Processing file /home/airflow/.local/lib/python3.7/site-packages/airflow/example_dags/example_sla_dag.py for tasks to queue
[2023-05-06T15:10:31.167+0000] {logging_mixin.py:137} INFO - [2023-05-06T15:10:31.166+0000] {dagbag.py:532} INFO - Filling up the DagBag from /home/airflow/.local/lib/python3.7/site-packages/airflow/example_dags/example_sla_dag.py
[2023-05-06T15:10:31.196+0000] {processor.py:753} INFO - DAG(s) dict_keys(['example_sla_dag']) retrieved from /home/airflow/.local/lib/python3.7/site-packages/airflow/example_dags/example_sla_dag.py
[2023-05-06T15:10:31.230+0000] {logging_mixin.py:137} INFO - [2023-05-06T15:10:31.230+0000] {dag.py:2693} INFO - Sync 1 DAGs
[2023-05-06T15:10:31.269+0000] {logging_mixin.py:137} INFO - [2023-05-06T15:10:31.268+0000] {dag.py:3444} INFO - Setting next_dagrun for example_sla_dag to 2023-05-06T15:08:00+00:00, run_after=2023-05-06T15:10:00+00:00
[2023-05-06T15:10:31.290+0000] {processor.py:175} INFO - Processing /home/airflow/.local/lib/python3.7/site-packages/airflow/example_dags/example_sla_dag.py took 0.129 seconds
[2023-05-06T15:11:01.582+0000] {processor.py:153} INFO - Started process (PID=2543) to work on /home/airflow/.local/lib/python3.7/site-packages/airflow/example_dags/example_sla_dag.py
[2023-05-06T15:11:01.583+0000] {processor.py:743} INFO - Processing file /home/airflow/.local/lib/python3.7/site-packages/airflow/example_dags/example_sla_dag.py for tasks to queue
[2023-05-06T15:11:01.584+0000] {logging_mixin.py:137} INFO - [2023-05-06T15:11:01.584+0000] {dagbag.py:532} INFO - Filling up the DagBag from /home/airflow/.local/lib/python3.7/site-packages/airflow/example_dags/example_sla_dag.py
[2023-05-06T15:11:01.619+0000] {processor.py:753} INFO - DAG(s) dict_keys(['example_sla_dag']) retrieved from /home/airflow/.local/lib/python3.7/site-packages/airflow/example_dags/example_sla_dag.py
[2023-05-06T15:11:01.652+0000] {logging_mixin.py:137} INFO - [2023-05-06T15:11:01.652+0000] {dag.py:2693} INFO - Sync 1 DAGs
[2023-05-06T15:11:01.703+0000] {logging_mixin.py:137} INFO - [2023-05-06T15:11:01.702+0000] {dag.py:3444} INFO - Setting next_dagrun for example_sla_dag to 2023-05-06T15:08:00+00:00, run_after=2023-05-06T15:10:00+00:00
[2023-05-06T15:11:01.737+0000] {processor.py:175} INFO - Processing /home/airflow/.local/lib/python3.7/site-packages/airflow/example_dags/example_sla_dag.py took 0.159 seconds
[2023-05-06T15:11:33.102+0000] {processor.py:153} INFO - Started process (PID=2594) to work on /home/airflow/.local/lib/python3.7/site-packages/airflow/example_dags/example_sla_dag.py
[2023-05-06T15:11:33.104+0000] {processor.py:743} INFO - Processing file /home/airflow/.local/lib/python3.7/site-packages/airflow/example_dags/example_sla_dag.py for tasks to queue
[2023-05-06T15:11:33.104+0000] {logging_mixin.py:137} INFO - [2023-05-06T15:11:33.104+0000] {dagbag.py:532} INFO - Filling up the DagBag from /home/airflow/.local/lib/python3.7/site-packages/airflow/example_dags/example_sla_dag.py
[2023-05-06T15:11:33.162+0000] {processor.py:753} INFO - DAG(s) dict_keys(['example_sla_dag']) retrieved from /home/airflow/.local/lib/python3.7/site-packages/airflow/example_dags/example_sla_dag.py
[2023-05-06T15:11:33.213+0000] {logging_mixin.py:137} INFO - [2023-05-06T15:11:33.212+0000] {dag.py:2693} INFO - Sync 1 DAGs
[2023-05-06T15:11:33.290+0000] {logging_mixin.py:137} INFO - [2023-05-06T15:11:33.289+0000] {dag.py:3444} INFO - Setting next_dagrun for example_sla_dag to 2023-05-06T15:08:00+00:00, run_after=2023-05-06T15:10:00+00:00
[2023-05-06T15:11:33.364+0000] {processor.py:175} INFO - Processing /home/airflow/.local/lib/python3.7/site-packages/airflow/example_dags/example_sla_dag.py took 0.267 seconds
[2023-05-06T15:12:04.172+0000] {processor.py:153} INFO - Started process (PID=2646) to work on /home/airflow/.local/lib/python3.7/site-packages/airflow/example_dags/example_sla_dag.py
[2023-05-06T15:12:04.173+0000] {processor.py:743} INFO - Processing file /home/airflow/.local/lib/python3.7/site-packages/airflow/example_dags/example_sla_dag.py for tasks to queue
[2023-05-06T15:12:04.174+0000] {logging_mixin.py:137} INFO - [2023-05-06T15:12:04.173+0000] {dagbag.py:532} INFO - Filling up the DagBag from /home/airflow/.local/lib/python3.7/site-packages/airflow/example_dags/example_sla_dag.py
[2023-05-06T15:12:04.233+0000] {processor.py:753} INFO - DAG(s) dict_keys(['example_sla_dag']) retrieved from /home/airflow/.local/lib/python3.7/site-packages/airflow/example_dags/example_sla_dag.py
[2023-05-06T15:12:04.292+0000] {logging_mixin.py:137} INFO - [2023-05-06T15:12:04.292+0000] {dag.py:2693} INFO - Sync 1 DAGs
[2023-05-06T15:12:04.362+0000] {logging_mixin.py:137} INFO - [2023-05-06T15:12:04.362+0000] {dag.py:3444} INFO - Setting next_dagrun for example_sla_dag to 2023-05-06T15:10:00+00:00, run_after=2023-05-06T15:12:00+00:00
[2023-05-06T15:12:04.401+0000] {processor.py:175} INFO - Processing /home/airflow/.local/lib/python3.7/site-packages/airflow/example_dags/example_sla_dag.py took 0.233 seconds
[2023-05-06T15:12:35.167+0000] {processor.py:153} INFO - Started process (PID=2697) to work on /home/airflow/.local/lib/python3.7/site-packages/airflow/example_dags/example_sla_dag.py
[2023-05-06T15:12:35.169+0000] {processor.py:743} INFO - Processing file /home/airflow/.local/lib/python3.7/site-packages/airflow/example_dags/example_sla_dag.py for tasks to queue
[2023-05-06T15:12:35.169+0000] {logging_mixin.py:137} INFO - [2023-05-06T15:12:35.169+0000] {dagbag.py:532} INFO - Filling up the DagBag from /home/airflow/.local/lib/python3.7/site-packages/airflow/example_dags/example_sla_dag.py
[2023-05-06T15:12:35.198+0000] {processor.py:753} INFO - DAG(s) dict_keys(['example_sla_dag']) retrieved from /home/airflow/.local/lib/python3.7/site-packages/airflow/example_dags/example_sla_dag.py
[2023-05-06T15:12:35.230+0000] {logging_mixin.py:137} INFO - [2023-05-06T15:12:35.230+0000] {dag.py:2693} INFO - Sync 1 DAGs
[2023-05-06T15:12:35.265+0000] {logging_mixin.py:137} INFO - [2023-05-06T15:12:35.265+0000] {dag.py:3444} INFO - Setting next_dagrun for example_sla_dag to 2023-05-06T15:10:00+00:00, run_after=2023-05-06T15:12:00+00:00
[2023-05-06T15:12:35.286+0000] {processor.py:175} INFO - Processing /home/airflow/.local/lib/python3.7/site-packages/airflow/example_dags/example_sla_dag.py took 0.123 seconds
[2023-05-06T15:13:06.068+0000] {processor.py:153} INFO - Started process (PID=2749) to work on /home/airflow/.local/lib/python3.7/site-packages/airflow/example_dags/example_sla_dag.py
[2023-05-06T15:13:06.069+0000] {processor.py:743} INFO - Processing file /home/airflow/.local/lib/python3.7/site-packages/airflow/example_dags/example_sla_dag.py for tasks to queue
[2023-05-06T15:13:06.070+0000] {logging_mixin.py:137} INFO - [2023-05-06T15:13:06.070+0000] {dagbag.py:532} INFO - Filling up the DagBag from /home/airflow/.local/lib/python3.7/site-packages/airflow/example_dags/example_sla_dag.py
[2023-05-06T15:13:06.099+0000] {processor.py:753} INFO - DAG(s) dict_keys(['example_sla_dag']) retrieved from /home/airflow/.local/lib/python3.7/site-packages/airflow/example_dags/example_sla_dag.py
[2023-05-06T15:13:06.133+0000] {logging_mixin.py:137} INFO - [2023-05-06T15:13:06.132+0000] {dag.py:2693} INFO - Sync 1 DAGs
[2023-05-06T15:13:06.169+0000] {logging_mixin.py:137} INFO - [2023-05-06T15:13:06.169+0000] {dag.py:3444} INFO - Setting next_dagrun for example_sla_dag to 2023-05-06T15:10:00+00:00, run_after=2023-05-06T15:12:00+00:00
[2023-05-06T15:13:06.190+0000] {processor.py:175} INFO - Processing /home/airflow/.local/lib/python3.7/site-packages/airflow/example_dags/example_sla_dag.py took 0.125 seconds
[2023-05-06T15:13:37.131+0000] {processor.py:153} INFO - Started process (PID=2801) to work on /home/airflow/.local/lib/python3.7/site-packages/airflow/example_dags/example_sla_dag.py
[2023-05-06T15:13:37.132+0000] {processor.py:743} INFO - Processing file /home/airflow/.local/lib/python3.7/site-packages/airflow/example_dags/example_sla_dag.py for tasks to queue
[2023-05-06T15:13:37.133+0000] {logging_mixin.py:137} INFO - [2023-05-06T15:13:37.133+0000] {dagbag.py:532} INFO - Filling up the DagBag from /home/airflow/.local/lib/python3.7/site-packages/airflow/example_dags/example_sla_dag.py
[2023-05-06T15:13:37.163+0000] {processor.py:753} INFO - DAG(s) dict_keys(['example_sla_dag']) retrieved from /home/airflow/.local/lib/python3.7/site-packages/airflow/example_dags/example_sla_dag.py
[2023-05-06T15:13:37.197+0000] {logging_mixin.py:137} INFO - [2023-05-06T15:13:37.197+0000] {dag.py:2693} INFO - Sync 1 DAGs
[2023-05-06T15:13:37.233+0000] {logging_mixin.py:137} INFO - [2023-05-06T15:13:37.233+0000] {dag.py:3444} INFO - Setting next_dagrun for example_sla_dag to 2023-05-06T15:10:00+00:00, run_after=2023-05-06T15:12:00+00:00
[2023-05-06T15:13:37.254+0000] {processor.py:175} INFO - Processing /home/airflow/.local/lib/python3.7/site-packages/airflow/example_dags/example_sla_dag.py took 0.127 seconds
[2023-05-06T15:14:07.681+0000] {processor.py:153} INFO - Started process (PID=2852) to work on /home/airflow/.local/lib/python3.7/site-packages/airflow/example_dags/example_sla_dag.py
[2023-05-06T15:14:07.681+0000] {processor.py:743} INFO - Processing file /home/airflow/.local/lib/python3.7/site-packages/airflow/example_dags/example_sla_dag.py for tasks to queue
[2023-05-06T15:14:07.682+0000] {logging_mixin.py:137} INFO - [2023-05-06T15:14:07.682+0000] {dagbag.py:532} INFO - Filling up the DagBag from /home/airflow/.local/lib/python3.7/site-packages/airflow/example_dags/example_sla_dag.py
[2023-05-06T15:14:07.711+0000] {processor.py:753} INFO - DAG(s) dict_keys(['example_sla_dag']) retrieved from /home/airflow/.local/lib/python3.7/site-packages/airflow/example_dags/example_sla_dag.py
[2023-05-06T15:14:07.747+0000] {logging_mixin.py:137} INFO - [2023-05-06T15:14:07.747+0000] {dag.py:2693} INFO - Sync 1 DAGs
[2023-05-06T15:14:07.783+0000] {logging_mixin.py:137} INFO - [2023-05-06T15:14:07.783+0000] {dag.py:3444} INFO - Setting next_dagrun for example_sla_dag to 2023-05-06T15:12:00+00:00, run_after=2023-05-06T15:14:00+00:00
[2023-05-06T15:14:07.805+0000] {processor.py:175} INFO - Processing /home/airflow/.local/lib/python3.7/site-packages/airflow/example_dags/example_sla_dag.py took 0.128 seconds
[2023-05-06T15:14:38.212+0000] {processor.py:153} INFO - Started process (PID=2903) to work on /home/airflow/.local/lib/python3.7/site-packages/airflow/example_dags/example_sla_dag.py
[2023-05-06T15:14:38.213+0000] {processor.py:743} INFO - Processing file /home/airflow/.local/lib/python3.7/site-packages/airflow/example_dags/example_sla_dag.py for tasks to queue
[2023-05-06T15:14:38.213+0000] {logging_mixin.py:137} INFO - [2023-05-06T15:14:38.213+0000] {dagbag.py:532} INFO - Filling up the DagBag from /home/airflow/.local/lib/python3.7/site-packages/airflow/example_dags/example_sla_dag.py
[2023-05-06T15:14:38.246+0000] {processor.py:753} INFO - DAG(s) dict_keys(['example_sla_dag']) retrieved from /home/airflow/.local/lib/python3.7/site-packages/airflow/example_dags/example_sla_dag.py
[2023-05-06T15:14:38.280+0000] {logging_mixin.py:137} INFO - [2023-05-06T15:14:38.280+0000] {dag.py:2693} INFO - Sync 1 DAGs
[2023-05-06T15:14:38.319+0000] {logging_mixin.py:137} INFO - [2023-05-06T15:14:38.319+0000] {dag.py:3444} INFO - Setting next_dagrun for example_sla_dag to 2023-05-06T15:12:00+00:00, run_after=2023-05-06T15:14:00+00:00
[2023-05-06T15:14:38.339+0000] {processor.py:175} INFO - Processing /home/airflow/.local/lib/python3.7/site-packages/airflow/example_dags/example_sla_dag.py took 0.133 seconds
[2023-05-06T15:15:09.103+0000] {processor.py:153} INFO - Started process (PID=2954) to work on /home/airflow/.local/lib/python3.7/site-packages/airflow/example_dags/example_sla_dag.py
[2023-05-06T15:15:09.112+0000] {processor.py:743} INFO - Processing file /home/airflow/.local/lib/python3.7/site-packages/airflow/example_dags/example_sla_dag.py for tasks to queue
[2023-05-06T15:15:09.112+0000] {logging_mixin.py:137} INFO - [2023-05-06T15:15:09.112+0000] {dagbag.py:532} INFO - Filling up the DagBag from /home/airflow/.local/lib/python3.7/site-packages/airflow/example_dags/example_sla_dag.py
[2023-05-06T15:15:09.174+0000] {processor.py:753} INFO - DAG(s) dict_keys(['example_sla_dag']) retrieved from /home/airflow/.local/lib/python3.7/site-packages/airflow/example_dags/example_sla_dag.py
[2023-05-06T15:15:09.268+0000] {logging_mixin.py:137} INFO - [2023-05-06T15:15:09.268+0000] {dag.py:2693} INFO - Sync 1 DAGs
[2023-05-06T15:15:09.339+0000] {logging_mixin.py:137} INFO - [2023-05-06T15:15:09.339+0000] {dag.py:3444} INFO - Setting next_dagrun for example_sla_dag to 2023-05-06T15:12:00+00:00, run_after=2023-05-06T15:14:00+00:00
[2023-05-06T15:15:09.397+0000] {processor.py:175} INFO - Processing /home/airflow/.local/lib/python3.7/site-packages/airflow/example_dags/example_sla_dag.py took 0.298 seconds
