[2023-05-06T14:45:57.227+0000] {processor.py:153} INFO - Started process (PID=34) to work on /home/airflow/.local/lib/python3.7/site-packages/airflow/example_dags/example_kubernetes_executor.py
[2023-05-06T14:45:57.229+0000] {processor.py:743} INFO - Processing file /home/airflow/.local/lib/python3.7/site-packages/airflow/example_dags/example_kubernetes_executor.py for tasks to queue
[2023-05-06T14:45:57.231+0000] {logging_mixin.py:137} INFO - [2023-05-06T14:45:57.230+0000] {dagbag.py:532} INFO - Filling up the DagBag from /home/airflow/.local/lib/python3.7/site-packages/airflow/example_dags/example_kubernetes_executor.py
[2023-05-06T14:45:57.335+0000] {processor.py:753} INFO - DAG(s) dict_keys(['example_kubernetes_executor']) retrieved from /home/airflow/.local/lib/python3.7/site-packages/airflow/example_dags/example_kubernetes_executor.py
[2023-05-06T14:45:57.437+0000] {logging_mixin.py:137} INFO - [2023-05-06T14:45:57.436+0000] {dag.py:2693} INFO - Sync 1 DAGs
[2023-05-06T14:45:57.526+0000] {logging_mixin.py:137} INFO - [2023-05-06T14:45:57.526+0000] {dag.py:3444} INFO - Setting next_dagrun for example_kubernetes_executor to None, run_after=None
[2023-05-06T14:45:57.568+0000] {processor.py:175} INFO - Processing /home/airflow/.local/lib/python3.7/site-packages/airflow/example_dags/example_kubernetes_executor.py took 0.346 seconds
[2023-05-06T14:46:28.536+0000] {processor.py:153} INFO - Started process (PID=85) to work on /home/airflow/.local/lib/python3.7/site-packages/airflow/example_dags/example_kubernetes_executor.py
[2023-05-06T14:46:28.537+0000] {processor.py:743} INFO - Processing file /home/airflow/.local/lib/python3.7/site-packages/airflow/example_dags/example_kubernetes_executor.py for tasks to queue
[2023-05-06T14:46:28.538+0000] {logging_mixin.py:137} INFO - [2023-05-06T14:46:28.538+0000] {dagbag.py:532} INFO - Filling up the DagBag from /home/airflow/.local/lib/python3.7/site-packages/airflow/example_dags/example_kubernetes_executor.py
[2023-05-06T14:46:28.574+0000] {processor.py:753} INFO - DAG(s) dict_keys(['example_kubernetes_executor']) retrieved from /home/airflow/.local/lib/python3.7/site-packages/airflow/example_dags/example_kubernetes_executor.py
[2023-05-06T14:46:28.612+0000] {logging_mixin.py:137} INFO - [2023-05-06T14:46:28.612+0000] {dag.py:2693} INFO - Sync 1 DAGs
[2023-05-06T14:46:28.647+0000] {logging_mixin.py:137} INFO - [2023-05-06T14:46:28.647+0000] {dag.py:3444} INFO - Setting next_dagrun for example_kubernetes_executor to None, run_after=None
[2023-05-06T14:46:28.675+0000] {processor.py:175} INFO - Processing /home/airflow/.local/lib/python3.7/site-packages/airflow/example_dags/example_kubernetes_executor.py took 0.142 seconds
[2023-05-06T14:46:59.138+0000] {processor.py:153} INFO - Started process (PID=136) to work on /home/airflow/.local/lib/python3.7/site-packages/airflow/example_dags/example_kubernetes_executor.py
[2023-05-06T14:46:59.139+0000] {processor.py:743} INFO - Processing file /home/airflow/.local/lib/python3.7/site-packages/airflow/example_dags/example_kubernetes_executor.py for tasks to queue
[2023-05-06T14:46:59.140+0000] {logging_mixin.py:137} INFO - [2023-05-06T14:46:59.140+0000] {dagbag.py:532} INFO - Filling up the DagBag from /home/airflow/.local/lib/python3.7/site-packages/airflow/example_dags/example_kubernetes_executor.py
[2023-05-06T14:46:59.178+0000] {processor.py:753} INFO - DAG(s) dict_keys(['example_kubernetes_executor']) retrieved from /home/airflow/.local/lib/python3.7/site-packages/airflow/example_dags/example_kubernetes_executor.py
[2023-05-06T14:46:59.214+0000] {logging_mixin.py:137} INFO - [2023-05-06T14:46:59.214+0000] {dag.py:2693} INFO - Sync 1 DAGs
[2023-05-06T14:46:59.245+0000] {logging_mixin.py:137} INFO - [2023-05-06T14:46:59.245+0000] {dag.py:3444} INFO - Setting next_dagrun for example_kubernetes_executor to None, run_after=None
[2023-05-06T14:46:59.266+0000] {processor.py:175} INFO - Processing /home/airflow/.local/lib/python3.7/site-packages/airflow/example_dags/example_kubernetes_executor.py took 0.131 seconds
[2023-05-06T14:47:29.560+0000] {processor.py:153} INFO - Started process (PID=187) to work on /home/airflow/.local/lib/python3.7/site-packages/airflow/example_dags/example_kubernetes_executor.py
[2023-05-06T14:47:29.561+0000] {processor.py:743} INFO - Processing file /home/airflow/.local/lib/python3.7/site-packages/airflow/example_dags/example_kubernetes_executor.py for tasks to queue
[2023-05-06T14:47:29.562+0000] {logging_mixin.py:137} INFO - [2023-05-06T14:47:29.562+0000] {dagbag.py:532} INFO - Filling up the DagBag from /home/airflow/.local/lib/python3.7/site-packages/airflow/example_dags/example_kubernetes_executor.py
[2023-05-06T14:47:29.599+0000] {processor.py:753} INFO - DAG(s) dict_keys(['example_kubernetes_executor']) retrieved from /home/airflow/.local/lib/python3.7/site-packages/airflow/example_dags/example_kubernetes_executor.py
[2023-05-06T14:47:29.635+0000] {logging_mixin.py:137} INFO - [2023-05-06T14:47:29.635+0000] {dag.py:2693} INFO - Sync 1 DAGs
[2023-05-06T14:47:29.666+0000] {logging_mixin.py:137} INFO - [2023-05-06T14:47:29.666+0000] {dag.py:3444} INFO - Setting next_dagrun for example_kubernetes_executor to None, run_after=None
[2023-05-06T14:47:29.690+0000] {processor.py:175} INFO - Processing /home/airflow/.local/lib/python3.7/site-packages/airflow/example_dags/example_kubernetes_executor.py took 0.133 seconds
[2023-05-06T14:48:00.056+0000] {processor.py:153} INFO - Started process (PID=239) to work on /home/airflow/.local/lib/python3.7/site-packages/airflow/example_dags/example_kubernetes_executor.py
[2023-05-06T14:48:00.058+0000] {processor.py:743} INFO - Processing file /home/airflow/.local/lib/python3.7/site-packages/airflow/example_dags/example_kubernetes_executor.py for tasks to queue
[2023-05-06T14:48:00.059+0000] {logging_mixin.py:137} INFO - [2023-05-06T14:48:00.059+0000] {dagbag.py:532} INFO - Filling up the DagBag from /home/airflow/.local/lib/python3.7/site-packages/airflow/example_dags/example_kubernetes_executor.py
[2023-05-06T14:48:00.095+0000] {processor.py:753} INFO - DAG(s) dict_keys(['example_kubernetes_executor']) retrieved from /home/airflow/.local/lib/python3.7/site-packages/airflow/example_dags/example_kubernetes_executor.py
[2023-05-06T14:48:00.134+0000] {logging_mixin.py:137} INFO - [2023-05-06T14:48:00.134+0000] {dag.py:2693} INFO - Sync 1 DAGs
[2023-05-06T14:48:00.165+0000] {logging_mixin.py:137} INFO - [2023-05-06T14:48:00.165+0000] {dag.py:3444} INFO - Setting next_dagrun for example_kubernetes_executor to None, run_after=None
[2023-05-06T14:48:00.197+0000] {processor.py:175} INFO - Processing /home/airflow/.local/lib/python3.7/site-packages/airflow/example_dags/example_kubernetes_executor.py took 0.148 seconds
[2023-05-06T14:48:30.654+0000] {processor.py:153} INFO - Started process (PID=290) to work on /home/airflow/.local/lib/python3.7/site-packages/airflow/example_dags/example_kubernetes_executor.py
[2023-05-06T14:48:30.654+0000] {processor.py:743} INFO - Processing file /home/airflow/.local/lib/python3.7/site-packages/airflow/example_dags/example_kubernetes_executor.py for tasks to queue
[2023-05-06T14:48:30.655+0000] {logging_mixin.py:137} INFO - [2023-05-06T14:48:30.655+0000] {dagbag.py:532} INFO - Filling up the DagBag from /home/airflow/.local/lib/python3.7/site-packages/airflow/example_dags/example_kubernetes_executor.py
[2023-05-06T14:48:30.691+0000] {processor.py:753} INFO - DAG(s) dict_keys(['example_kubernetes_executor']) retrieved from /home/airflow/.local/lib/python3.7/site-packages/airflow/example_dags/example_kubernetes_executor.py
[2023-05-06T14:48:30.727+0000] {logging_mixin.py:137} INFO - [2023-05-06T14:48:30.727+0000] {dag.py:2693} INFO - Sync 1 DAGs
[2023-05-06T14:48:30.758+0000] {logging_mixin.py:137} INFO - [2023-05-06T14:48:30.757+0000] {dag.py:3444} INFO - Setting next_dagrun for example_kubernetes_executor to None, run_after=None
[2023-05-06T14:48:30.778+0000] {processor.py:175} INFO - Processing /home/airflow/.local/lib/python3.7/site-packages/airflow/example_dags/example_kubernetes_executor.py took 0.128 seconds
[2023-05-06T14:49:00.834+0000] {processor.py:153} INFO - Started process (PID=341) to work on /home/airflow/.local/lib/python3.7/site-packages/airflow/example_dags/example_kubernetes_executor.py
[2023-05-06T14:49:00.835+0000] {processor.py:743} INFO - Processing file /home/airflow/.local/lib/python3.7/site-packages/airflow/example_dags/example_kubernetes_executor.py for tasks to queue
[2023-05-06T14:49:00.836+0000] {logging_mixin.py:137} INFO - [2023-05-06T14:49:00.835+0000] {dagbag.py:532} INFO - Filling up the DagBag from /home/airflow/.local/lib/python3.7/site-packages/airflow/example_dags/example_kubernetes_executor.py
[2023-05-06T14:49:00.873+0000] {processor.py:753} INFO - DAG(s) dict_keys(['example_kubernetes_executor']) retrieved from /home/airflow/.local/lib/python3.7/site-packages/airflow/example_dags/example_kubernetes_executor.py
[2023-05-06T14:49:00.911+0000] {logging_mixin.py:137} INFO - [2023-05-06T14:49:00.911+0000] {dag.py:2693} INFO - Sync 1 DAGs
[2023-05-06T14:49:00.945+0000] {logging_mixin.py:137} INFO - [2023-05-06T14:49:00.944+0000] {dag.py:3444} INFO - Setting next_dagrun for example_kubernetes_executor to None, run_after=None
[2023-05-06T14:49:00.977+0000] {processor.py:175} INFO - Processing /home/airflow/.local/lib/python3.7/site-packages/airflow/example_dags/example_kubernetes_executor.py took 0.147 seconds
[2023-05-06T14:49:31.191+0000] {processor.py:153} INFO - Started process (PID=392) to work on /home/airflow/.local/lib/python3.7/site-packages/airflow/example_dags/example_kubernetes_executor.py
[2023-05-06T14:49:31.192+0000] {processor.py:743} INFO - Processing file /home/airflow/.local/lib/python3.7/site-packages/airflow/example_dags/example_kubernetes_executor.py for tasks to queue
[2023-05-06T14:49:31.192+0000] {logging_mixin.py:137} INFO - [2023-05-06T14:49:31.192+0000] {dagbag.py:532} INFO - Filling up the DagBag from /home/airflow/.local/lib/python3.7/site-packages/airflow/example_dags/example_kubernetes_executor.py
[2023-05-06T14:49:31.268+0000] {processor.py:753} INFO - DAG(s) dict_keys(['example_kubernetes_executor']) retrieved from /home/airflow/.local/lib/python3.7/site-packages/airflow/example_dags/example_kubernetes_executor.py
[2023-05-06T14:49:31.313+0000] {logging_mixin.py:137} INFO - [2023-05-06T14:49:31.313+0000] {dag.py:2693} INFO - Sync 1 DAGs
[2023-05-06T14:49:31.345+0000] {logging_mixin.py:137} INFO - [2023-05-06T14:49:31.345+0000] {dag.py:3444} INFO - Setting next_dagrun for example_kubernetes_executor to None, run_after=None
[2023-05-06T14:49:31.375+0000] {processor.py:175} INFO - Processing /home/airflow/.local/lib/python3.7/site-packages/airflow/example_dags/example_kubernetes_executor.py took 0.192 seconds
[2023-05-06T14:50:02.292+0000] {processor.py:153} INFO - Started process (PID=442) to work on /home/airflow/.local/lib/python3.7/site-packages/airflow/example_dags/example_kubernetes_executor.py
[2023-05-06T14:50:02.293+0000] {processor.py:743} INFO - Processing file /home/airflow/.local/lib/python3.7/site-packages/airflow/example_dags/example_kubernetes_executor.py for tasks to queue
[2023-05-06T14:50:02.294+0000] {logging_mixin.py:137} INFO - [2023-05-06T14:50:02.294+0000] {dagbag.py:532} INFO - Filling up the DagBag from /home/airflow/.local/lib/python3.7/site-packages/airflow/example_dags/example_kubernetes_executor.py
[2023-05-06T14:50:02.398+0000] {processor.py:753} INFO - DAG(s) dict_keys(['example_kubernetes_executor']) retrieved from /home/airflow/.local/lib/python3.7/site-packages/airflow/example_dags/example_kubernetes_executor.py
[2023-05-06T14:50:02.544+0000] {logging_mixin.py:137} INFO - [2023-05-06T14:50:02.544+0000] {dag.py:2693} INFO - Sync 1 DAGs
[2023-05-06T14:50:02.600+0000] {logging_mixin.py:137} INFO - [2023-05-06T14:50:02.600+0000] {dag.py:3444} INFO - Setting next_dagrun for example_kubernetes_executor to None, run_after=None
[2023-05-06T14:50:02.648+0000] {processor.py:175} INFO - Processing /home/airflow/.local/lib/python3.7/site-packages/airflow/example_dags/example_kubernetes_executor.py took 0.380 seconds
[2023-05-06T14:50:32.688+0000] {processor.py:153} INFO - Started process (PID=493) to work on /home/airflow/.local/lib/python3.7/site-packages/airflow/example_dags/example_kubernetes_executor.py
[2023-05-06T14:50:32.689+0000] {processor.py:743} INFO - Processing file /home/airflow/.local/lib/python3.7/site-packages/airflow/example_dags/example_kubernetes_executor.py for tasks to queue
[2023-05-06T14:50:32.690+0000] {logging_mixin.py:137} INFO - [2023-05-06T14:50:32.690+0000] {dagbag.py:532} INFO - Filling up the DagBag from /home/airflow/.local/lib/python3.7/site-packages/airflow/example_dags/example_kubernetes_executor.py
[2023-05-06T14:50:32.728+0000] {processor.py:753} INFO - DAG(s) dict_keys(['example_kubernetes_executor']) retrieved from /home/airflow/.local/lib/python3.7/site-packages/airflow/example_dags/example_kubernetes_executor.py
[2023-05-06T14:50:32.766+0000] {logging_mixin.py:137} INFO - [2023-05-06T14:50:32.765+0000] {dag.py:2693} INFO - Sync 1 DAGs
[2023-05-06T14:50:32.799+0000] {logging_mixin.py:137} INFO - [2023-05-06T14:50:32.799+0000] {dag.py:3444} INFO - Setting next_dagrun for example_kubernetes_executor to None, run_after=None
[2023-05-06T14:50:32.821+0000] {processor.py:175} INFO - Processing /home/airflow/.local/lib/python3.7/site-packages/airflow/example_dags/example_kubernetes_executor.py took 0.136 seconds
[2023-05-06T14:51:02.992+0000] {processor.py:153} INFO - Started process (PID=544) to work on /home/airflow/.local/lib/python3.7/site-packages/airflow/example_dags/example_kubernetes_executor.py
[2023-05-06T14:51:02.994+0000] {processor.py:743} INFO - Processing file /home/airflow/.local/lib/python3.7/site-packages/airflow/example_dags/example_kubernetes_executor.py for tasks to queue
[2023-05-06T14:51:02.994+0000] {logging_mixin.py:137} INFO - [2023-05-06T14:51:02.994+0000] {dagbag.py:532} INFO - Filling up the DagBag from /home/airflow/.local/lib/python3.7/site-packages/airflow/example_dags/example_kubernetes_executor.py
[2023-05-06T14:51:03.031+0000] {processor.py:753} INFO - DAG(s) dict_keys(['example_kubernetes_executor']) retrieved from /home/airflow/.local/lib/python3.7/site-packages/airflow/example_dags/example_kubernetes_executor.py
[2023-05-06T14:51:03.072+0000] {logging_mixin.py:137} INFO - [2023-05-06T14:51:03.072+0000] {dag.py:2693} INFO - Sync 1 DAGs
[2023-05-06T14:51:03.107+0000] {logging_mixin.py:137} INFO - [2023-05-06T14:51:03.107+0000] {dag.py:3444} INFO - Setting next_dagrun for example_kubernetes_executor to None, run_after=None
[2023-05-06T14:51:03.131+0000] {processor.py:175} INFO - Processing /home/airflow/.local/lib/python3.7/site-packages/airflow/example_dags/example_kubernetes_executor.py took 0.142 seconds
[2023-05-06T14:51:34.113+0000] {processor.py:153} INFO - Started process (PID=595) to work on /home/airflow/.local/lib/python3.7/site-packages/airflow/example_dags/example_kubernetes_executor.py
[2023-05-06T14:51:34.114+0000] {processor.py:743} INFO - Processing file /home/airflow/.local/lib/python3.7/site-packages/airflow/example_dags/example_kubernetes_executor.py for tasks to queue
[2023-05-06T14:51:34.115+0000] {logging_mixin.py:137} INFO - [2023-05-06T14:51:34.114+0000] {dagbag.py:532} INFO - Filling up the DagBag from /home/airflow/.local/lib/python3.7/site-packages/airflow/example_dags/example_kubernetes_executor.py
[2023-05-06T14:51:34.151+0000] {processor.py:753} INFO - DAG(s) dict_keys(['example_kubernetes_executor']) retrieved from /home/airflow/.local/lib/python3.7/site-packages/airflow/example_dags/example_kubernetes_executor.py
[2023-05-06T14:51:34.188+0000] {logging_mixin.py:137} INFO - [2023-05-06T14:51:34.188+0000] {dag.py:2693} INFO - Sync 1 DAGs
[2023-05-06T14:51:34.220+0000] {logging_mixin.py:137} INFO - [2023-05-06T14:51:34.220+0000] {dag.py:3444} INFO - Setting next_dagrun for example_kubernetes_executor to None, run_after=None
[2023-05-06T14:51:34.243+0000] {processor.py:175} INFO - Processing /home/airflow/.local/lib/python3.7/site-packages/airflow/example_dags/example_kubernetes_executor.py took 0.134 seconds
[2023-05-06T14:52:05.087+0000] {processor.py:153} INFO - Started process (PID=646) to work on /home/airflow/.local/lib/python3.7/site-packages/airflow/example_dags/example_kubernetes_executor.py
[2023-05-06T14:52:05.088+0000] {processor.py:743} INFO - Processing file /home/airflow/.local/lib/python3.7/site-packages/airflow/example_dags/example_kubernetes_executor.py for tasks to queue
[2023-05-06T14:52:05.088+0000] {logging_mixin.py:137} INFO - [2023-05-06T14:52:05.088+0000] {dagbag.py:532} INFO - Filling up the DagBag from /home/airflow/.local/lib/python3.7/site-packages/airflow/example_dags/example_kubernetes_executor.py
[2023-05-06T14:52:05.127+0000] {processor.py:753} INFO - DAG(s) dict_keys(['example_kubernetes_executor']) retrieved from /home/airflow/.local/lib/python3.7/site-packages/airflow/example_dags/example_kubernetes_executor.py
[2023-05-06T14:52:05.164+0000] {logging_mixin.py:137} INFO - [2023-05-06T14:52:05.164+0000] {dag.py:2693} INFO - Sync 1 DAGs
[2023-05-06T14:52:05.194+0000] {logging_mixin.py:137} INFO - [2023-05-06T14:52:05.194+0000] {dag.py:3444} INFO - Setting next_dagrun for example_kubernetes_executor to None, run_after=None
[2023-05-06T14:52:05.215+0000] {processor.py:175} INFO - Processing /home/airflow/.local/lib/python3.7/site-packages/airflow/example_dags/example_kubernetes_executor.py took 0.131 seconds
[2023-05-06T14:52:35.587+0000] {processor.py:153} INFO - Started process (PID=697) to work on /home/airflow/.local/lib/python3.7/site-packages/airflow/example_dags/example_kubernetes_executor.py
[2023-05-06T14:52:35.589+0000] {processor.py:743} INFO - Processing file /home/airflow/.local/lib/python3.7/site-packages/airflow/example_dags/example_kubernetes_executor.py for tasks to queue
[2023-05-06T14:52:35.589+0000] {logging_mixin.py:137} INFO - [2023-05-06T14:52:35.589+0000] {dagbag.py:532} INFO - Filling up the DagBag from /home/airflow/.local/lib/python3.7/site-packages/airflow/example_dags/example_kubernetes_executor.py
[2023-05-06T14:52:35.627+0000] {processor.py:753} INFO - DAG(s) dict_keys(['example_kubernetes_executor']) retrieved from /home/airflow/.local/lib/python3.7/site-packages/airflow/example_dags/example_kubernetes_executor.py
[2023-05-06T14:52:35.665+0000] {logging_mixin.py:137} INFO - [2023-05-06T14:52:35.665+0000] {dag.py:2693} INFO - Sync 1 DAGs
[2023-05-06T14:52:35.697+0000] {logging_mixin.py:137} INFO - [2023-05-06T14:52:35.697+0000] {dag.py:3444} INFO - Setting next_dagrun for example_kubernetes_executor to None, run_after=None
[2023-05-06T14:52:35.721+0000] {processor.py:175} INFO - Processing /home/airflow/.local/lib/python3.7/site-packages/airflow/example_dags/example_kubernetes_executor.py took 0.137 seconds
[2023-05-06T14:53:05.984+0000] {processor.py:153} INFO - Started process (PID=749) to work on /home/airflow/.local/lib/python3.7/site-packages/airflow/example_dags/example_kubernetes_executor.py
[2023-05-06T14:53:05.985+0000] {processor.py:743} INFO - Processing file /home/airflow/.local/lib/python3.7/site-packages/airflow/example_dags/example_kubernetes_executor.py for tasks to queue
[2023-05-06T14:53:05.986+0000] {logging_mixin.py:137} INFO - [2023-05-06T14:53:05.986+0000] {dagbag.py:532} INFO - Filling up the DagBag from /home/airflow/.local/lib/python3.7/site-packages/airflow/example_dags/example_kubernetes_executor.py
[2023-05-06T14:53:06.021+0000] {processor.py:753} INFO - DAG(s) dict_keys(['example_kubernetes_executor']) retrieved from /home/airflow/.local/lib/python3.7/site-packages/airflow/example_dags/example_kubernetes_executor.py
[2023-05-06T14:53:06.057+0000] {logging_mixin.py:137} INFO - [2023-05-06T14:53:06.057+0000] {dag.py:2693} INFO - Sync 1 DAGs
[2023-05-06T14:53:06.089+0000] {logging_mixin.py:137} INFO - [2023-05-06T14:53:06.089+0000] {dag.py:3444} INFO - Setting next_dagrun for example_kubernetes_executor to None, run_after=None
[2023-05-06T14:53:06.110+0000] {processor.py:175} INFO - Processing /home/airflow/.local/lib/python3.7/site-packages/airflow/example_dags/example_kubernetes_executor.py took 0.130 seconds
[2023-05-06T14:53:36.590+0000] {processor.py:153} INFO - Started process (PID=799) to work on /home/airflow/.local/lib/python3.7/site-packages/airflow/example_dags/example_kubernetes_executor.py
[2023-05-06T14:53:36.591+0000] {processor.py:743} INFO - Processing file /home/airflow/.local/lib/python3.7/site-packages/airflow/example_dags/example_kubernetes_executor.py for tasks to queue
[2023-05-06T14:53:36.591+0000] {logging_mixin.py:137} INFO - [2023-05-06T14:53:36.591+0000] {dagbag.py:532} INFO - Filling up the DagBag from /home/airflow/.local/lib/python3.7/site-packages/airflow/example_dags/example_kubernetes_executor.py
[2023-05-06T14:53:36.627+0000] {processor.py:753} INFO - DAG(s) dict_keys(['example_kubernetes_executor']) retrieved from /home/airflow/.local/lib/python3.7/site-packages/airflow/example_dags/example_kubernetes_executor.py
[2023-05-06T14:53:36.665+0000] {logging_mixin.py:137} INFO - [2023-05-06T14:53:36.665+0000] {dag.py:2693} INFO - Sync 1 DAGs
[2023-05-06T14:53:36.697+0000] {logging_mixin.py:137} INFO - [2023-05-06T14:53:36.697+0000] {dag.py:3444} INFO - Setting next_dagrun for example_kubernetes_executor to None, run_after=None
[2023-05-06T14:53:36.719+0000] {processor.py:175} INFO - Processing /home/airflow/.local/lib/python3.7/site-packages/airflow/example_dags/example_kubernetes_executor.py took 0.133 seconds
[2023-05-06T14:54:07.115+0000] {processor.py:153} INFO - Started process (PID=849) to work on /home/airflow/.local/lib/python3.7/site-packages/airflow/example_dags/example_kubernetes_executor.py
[2023-05-06T14:54:07.115+0000] {processor.py:743} INFO - Processing file /home/airflow/.local/lib/python3.7/site-packages/airflow/example_dags/example_kubernetes_executor.py for tasks to queue
[2023-05-06T14:54:07.116+0000] {logging_mixin.py:137} INFO - [2023-05-06T14:54:07.116+0000] {dagbag.py:532} INFO - Filling up the DagBag from /home/airflow/.local/lib/python3.7/site-packages/airflow/example_dags/example_kubernetes_executor.py
[2023-05-06T14:54:07.152+0000] {processor.py:753} INFO - DAG(s) dict_keys(['example_kubernetes_executor']) retrieved from /home/airflow/.local/lib/python3.7/site-packages/airflow/example_dags/example_kubernetes_executor.py
[2023-05-06T14:54:07.187+0000] {logging_mixin.py:137} INFO - [2023-05-06T14:54:07.187+0000] {dag.py:2693} INFO - Sync 1 DAGs
[2023-05-06T14:54:07.218+0000] {logging_mixin.py:137} INFO - [2023-05-06T14:54:07.218+0000] {dag.py:3444} INFO - Setting next_dagrun for example_kubernetes_executor to None, run_after=None
[2023-05-06T14:54:07.239+0000] {processor.py:175} INFO - Processing /home/airflow/.local/lib/python3.7/site-packages/airflow/example_dags/example_kubernetes_executor.py took 0.130 seconds
[2023-05-06T14:54:37.848+0000] {processor.py:153} INFO - Started process (PID=899) to work on /home/airflow/.local/lib/python3.7/site-packages/airflow/example_dags/example_kubernetes_executor.py
[2023-05-06T14:54:37.849+0000] {processor.py:743} INFO - Processing file /home/airflow/.local/lib/python3.7/site-packages/airflow/example_dags/example_kubernetes_executor.py for tasks to queue
[2023-05-06T14:54:37.850+0000] {logging_mixin.py:137} INFO - [2023-05-06T14:54:37.849+0000] {dagbag.py:532} INFO - Filling up the DagBag from /home/airflow/.local/lib/python3.7/site-packages/airflow/example_dags/example_kubernetes_executor.py
[2023-05-06T14:54:37.885+0000] {processor.py:753} INFO - DAG(s) dict_keys(['example_kubernetes_executor']) retrieved from /home/airflow/.local/lib/python3.7/site-packages/airflow/example_dags/example_kubernetes_executor.py
[2023-05-06T14:54:37.923+0000] {logging_mixin.py:137} INFO - [2023-05-06T14:54:37.923+0000] {dag.py:2693} INFO - Sync 1 DAGs
[2023-05-06T14:54:37.954+0000] {logging_mixin.py:137} INFO - [2023-05-06T14:54:37.954+0000] {dag.py:3444} INFO - Setting next_dagrun for example_kubernetes_executor to None, run_after=None
[2023-05-06T14:54:37.975+0000] {processor.py:175} INFO - Processing /home/airflow/.local/lib/python3.7/site-packages/airflow/example_dags/example_kubernetes_executor.py took 0.132 seconds
[2023-05-06T14:55:08.327+0000] {processor.py:153} INFO - Started process (PID=950) to work on /home/airflow/.local/lib/python3.7/site-packages/airflow/example_dags/example_kubernetes_executor.py
[2023-05-06T14:55:08.339+0000] {processor.py:743} INFO - Processing file /home/airflow/.local/lib/python3.7/site-packages/airflow/example_dags/example_kubernetes_executor.py for tasks to queue
[2023-05-06T14:55:08.340+0000] {logging_mixin.py:137} INFO - [2023-05-06T14:55:08.339+0000] {dagbag.py:532} INFO - Filling up the DagBag from /home/airflow/.local/lib/python3.7/site-packages/airflow/example_dags/example_kubernetes_executor.py
[2023-05-06T14:55:08.383+0000] {processor.py:753} INFO - DAG(s) dict_keys(['example_kubernetes_executor']) retrieved from /home/airflow/.local/lib/python3.7/site-packages/airflow/example_dags/example_kubernetes_executor.py
[2023-05-06T14:55:08.429+0000] {logging_mixin.py:137} INFO - [2023-05-06T14:55:08.429+0000] {dag.py:2693} INFO - Sync 1 DAGs
[2023-05-06T14:55:08.463+0000] {logging_mixin.py:137} INFO - [2023-05-06T14:55:08.463+0000] {dag.py:3444} INFO - Setting next_dagrun for example_kubernetes_executor to None, run_after=None
[2023-05-06T14:55:08.490+0000] {processor.py:175} INFO - Processing /home/airflow/.local/lib/python3.7/site-packages/airflow/example_dags/example_kubernetes_executor.py took 0.173 seconds
[2023-05-06T14:55:39.012+0000] {processor.py:153} INFO - Started process (PID=1008) to work on /home/airflow/.local/lib/python3.7/site-packages/airflow/example_dags/example_kubernetes_executor.py
[2023-05-06T14:55:39.016+0000] {processor.py:743} INFO - Processing file /home/airflow/.local/lib/python3.7/site-packages/airflow/example_dags/example_kubernetes_executor.py for tasks to queue
[2023-05-06T14:55:39.016+0000] {logging_mixin.py:137} INFO - [2023-05-06T14:55:39.016+0000] {dagbag.py:532} INFO - Filling up the DagBag from /home/airflow/.local/lib/python3.7/site-packages/airflow/example_dags/example_kubernetes_executor.py
[2023-05-06T14:55:39.090+0000] {processor.py:753} INFO - DAG(s) dict_keys(['example_kubernetes_executor']) retrieved from /home/airflow/.local/lib/python3.7/site-packages/airflow/example_dags/example_kubernetes_executor.py
[2023-05-06T14:55:39.156+0000] {logging_mixin.py:137} INFO - [2023-05-06T14:55:39.156+0000] {dag.py:2693} INFO - Sync 1 DAGs
[2023-05-06T14:55:39.187+0000] {logging_mixin.py:137} INFO - [2023-05-06T14:55:39.187+0000] {dag.py:3444} INFO - Setting next_dagrun for example_kubernetes_executor to None, run_after=None
[2023-05-06T14:55:39.207+0000] {processor.py:175} INFO - Processing /home/airflow/.local/lib/python3.7/site-packages/airflow/example_dags/example_kubernetes_executor.py took 0.199 seconds
[2023-05-06T14:56:09.659+0000] {processor.py:153} INFO - Started process (PID=1059) to work on /home/airflow/.local/lib/python3.7/site-packages/airflow/example_dags/example_kubernetes_executor.py
[2023-05-06T14:56:09.660+0000] {processor.py:743} INFO - Processing file /home/airflow/.local/lib/python3.7/site-packages/airflow/example_dags/example_kubernetes_executor.py for tasks to queue
[2023-05-06T14:56:09.664+0000] {logging_mixin.py:137} INFO - [2023-05-06T14:56:09.664+0000] {dagbag.py:532} INFO - Filling up the DagBag from /home/airflow/.local/lib/python3.7/site-packages/airflow/example_dags/example_kubernetes_executor.py
[2023-05-06T14:56:09.699+0000] {processor.py:753} INFO - DAG(s) dict_keys(['example_kubernetes_executor']) retrieved from /home/airflow/.local/lib/python3.7/site-packages/airflow/example_dags/example_kubernetes_executor.py
[2023-05-06T14:56:09.735+0000] {logging_mixin.py:137} INFO - [2023-05-06T14:56:09.735+0000] {dag.py:2693} INFO - Sync 1 DAGs
[2023-05-06T14:56:09.766+0000] {logging_mixin.py:137} INFO - [2023-05-06T14:56:09.766+0000] {dag.py:3444} INFO - Setting next_dagrun for example_kubernetes_executor to None, run_after=None
[2023-05-06T14:56:09.789+0000] {processor.py:175} INFO - Processing /home/airflow/.local/lib/python3.7/site-packages/airflow/example_dags/example_kubernetes_executor.py took 0.134 seconds
[2023-05-06T14:56:40.260+0000] {processor.py:153} INFO - Started process (PID=1110) to work on /home/airflow/.local/lib/python3.7/site-packages/airflow/example_dags/example_kubernetes_executor.py
[2023-05-06T14:56:40.261+0000] {processor.py:743} INFO - Processing file /home/airflow/.local/lib/python3.7/site-packages/airflow/example_dags/example_kubernetes_executor.py for tasks to queue
[2023-05-06T14:56:40.262+0000] {logging_mixin.py:137} INFO - [2023-05-06T14:56:40.262+0000] {dagbag.py:532} INFO - Filling up the DagBag from /home/airflow/.local/lib/python3.7/site-packages/airflow/example_dags/example_kubernetes_executor.py
[2023-05-06T14:56:40.303+0000] {processor.py:753} INFO - DAG(s) dict_keys(['example_kubernetes_executor']) retrieved from /home/airflow/.local/lib/python3.7/site-packages/airflow/example_dags/example_kubernetes_executor.py
[2023-05-06T14:56:40.345+0000] {logging_mixin.py:137} INFO - [2023-05-06T14:56:40.345+0000] {dag.py:2693} INFO - Sync 1 DAGs
[2023-05-06T14:56:40.377+0000] {logging_mixin.py:137} INFO - [2023-05-06T14:56:40.377+0000] {dag.py:3444} INFO - Setting next_dagrun for example_kubernetes_executor to None, run_after=None
[2023-05-06T14:56:40.398+0000] {processor.py:175} INFO - Processing /home/airflow/.local/lib/python3.7/site-packages/airflow/example_dags/example_kubernetes_executor.py took 0.142 seconds
[2023-05-06T14:57:11.568+0000] {processor.py:153} INFO - Started process (PID=1161) to work on /home/airflow/.local/lib/python3.7/site-packages/airflow/example_dags/example_kubernetes_executor.py
[2023-05-06T14:57:11.569+0000] {processor.py:743} INFO - Processing file /home/airflow/.local/lib/python3.7/site-packages/airflow/example_dags/example_kubernetes_executor.py for tasks to queue
[2023-05-06T14:57:11.570+0000] {logging_mixin.py:137} INFO - [2023-05-06T14:57:11.570+0000] {dagbag.py:532} INFO - Filling up the DagBag from /home/airflow/.local/lib/python3.7/site-packages/airflow/example_dags/example_kubernetes_executor.py
[2023-05-06T14:57:11.649+0000] {processor.py:753} INFO - DAG(s) dict_keys(['example_kubernetes_executor']) retrieved from /home/airflow/.local/lib/python3.7/site-packages/airflow/example_dags/example_kubernetes_executor.py
[2023-05-06T14:57:11.724+0000] {logging_mixin.py:137} INFO - [2023-05-06T14:57:11.723+0000] {dag.py:2693} INFO - Sync 1 DAGs
[2023-05-06T14:57:11.784+0000] {logging_mixin.py:137} INFO - [2023-05-06T14:57:11.784+0000] {dag.py:3444} INFO - Setting next_dagrun for example_kubernetes_executor to None, run_after=None
[2023-05-06T14:57:11.823+0000] {processor.py:175} INFO - Processing /home/airflow/.local/lib/python3.7/site-packages/airflow/example_dags/example_kubernetes_executor.py took 0.271 seconds
[2023-05-06T14:57:42.310+0000] {processor.py:153} INFO - Started process (PID=1212) to work on /home/airflow/.local/lib/python3.7/site-packages/airflow/example_dags/example_kubernetes_executor.py
[2023-05-06T14:57:42.311+0000] {processor.py:743} INFO - Processing file /home/airflow/.local/lib/python3.7/site-packages/airflow/example_dags/example_kubernetes_executor.py for tasks to queue
[2023-05-06T14:57:42.312+0000] {logging_mixin.py:137} INFO - [2023-05-06T14:57:42.311+0000] {dagbag.py:532} INFO - Filling up the DagBag from /home/airflow/.local/lib/python3.7/site-packages/airflow/example_dags/example_kubernetes_executor.py
[2023-05-06T14:57:42.348+0000] {processor.py:753} INFO - DAG(s) dict_keys(['example_kubernetes_executor']) retrieved from /home/airflow/.local/lib/python3.7/site-packages/airflow/example_dags/example_kubernetes_executor.py
[2023-05-06T14:57:42.384+0000] {logging_mixin.py:137} INFO - [2023-05-06T14:57:42.384+0000] {dag.py:2693} INFO - Sync 1 DAGs
[2023-05-06T14:57:42.415+0000] {logging_mixin.py:137} INFO - [2023-05-06T14:57:42.415+0000] {dag.py:3444} INFO - Setting next_dagrun for example_kubernetes_executor to None, run_after=None
[2023-05-06T14:57:42.437+0000] {processor.py:175} INFO - Processing /home/airflow/.local/lib/python3.7/site-packages/airflow/example_dags/example_kubernetes_executor.py took 0.131 seconds
[2023-05-06T14:58:13.556+0000] {processor.py:153} INFO - Started process (PID=1263) to work on /home/airflow/.local/lib/python3.7/site-packages/airflow/example_dags/example_kubernetes_executor.py
[2023-05-06T14:58:13.558+0000] {processor.py:743} INFO - Processing file /home/airflow/.local/lib/python3.7/site-packages/airflow/example_dags/example_kubernetes_executor.py for tasks to queue
[2023-05-06T14:58:13.558+0000] {logging_mixin.py:137} INFO - [2023-05-06T14:58:13.558+0000] {dagbag.py:532} INFO - Filling up the DagBag from /home/airflow/.local/lib/python3.7/site-packages/airflow/example_dags/example_kubernetes_executor.py
[2023-05-06T14:58:13.595+0000] {processor.py:753} INFO - DAG(s) dict_keys(['example_kubernetes_executor']) retrieved from /home/airflow/.local/lib/python3.7/site-packages/airflow/example_dags/example_kubernetes_executor.py
[2023-05-06T14:58:13.633+0000] {logging_mixin.py:137} INFO - [2023-05-06T14:58:13.633+0000] {dag.py:2693} INFO - Sync 1 DAGs
[2023-05-06T14:58:13.667+0000] {logging_mixin.py:137} INFO - [2023-05-06T14:58:13.666+0000] {dag.py:3444} INFO - Setting next_dagrun for example_kubernetes_executor to None, run_after=None
[2023-05-06T14:58:13.688+0000] {processor.py:175} INFO - Processing /home/airflow/.local/lib/python3.7/site-packages/airflow/example_dags/example_kubernetes_executor.py took 0.136 seconds
[2023-05-06T14:58:44.469+0000] {processor.py:153} INFO - Started process (PID=1315) to work on /home/airflow/.local/lib/python3.7/site-packages/airflow/example_dags/example_kubernetes_executor.py
[2023-05-06T14:58:44.470+0000] {processor.py:743} INFO - Processing file /home/airflow/.local/lib/python3.7/site-packages/airflow/example_dags/example_kubernetes_executor.py for tasks to queue
[2023-05-06T14:58:44.471+0000] {logging_mixin.py:137} INFO - [2023-05-06T14:58:44.471+0000] {dagbag.py:532} INFO - Filling up the DagBag from /home/airflow/.local/lib/python3.7/site-packages/airflow/example_dags/example_kubernetes_executor.py
[2023-05-06T14:58:44.508+0000] {processor.py:753} INFO - DAG(s) dict_keys(['example_kubernetes_executor']) retrieved from /home/airflow/.local/lib/python3.7/site-packages/airflow/example_dags/example_kubernetes_executor.py
[2023-05-06T14:58:44.547+0000] {logging_mixin.py:137} INFO - [2023-05-06T14:58:44.547+0000] {dag.py:2693} INFO - Sync 1 DAGs
[2023-05-06T14:58:44.579+0000] {logging_mixin.py:137} INFO - [2023-05-06T14:58:44.579+0000] {dag.py:3444} INFO - Setting next_dagrun for example_kubernetes_executor to None, run_after=None
[2023-05-06T14:58:44.600+0000] {processor.py:175} INFO - Processing /home/airflow/.local/lib/python3.7/site-packages/airflow/example_dags/example_kubernetes_executor.py took 0.135 seconds
[2023-05-06T14:59:15.200+0000] {processor.py:153} INFO - Started process (PID=1366) to work on /home/airflow/.local/lib/python3.7/site-packages/airflow/example_dags/example_kubernetes_executor.py
[2023-05-06T14:59:15.201+0000] {processor.py:743} INFO - Processing file /home/airflow/.local/lib/python3.7/site-packages/airflow/example_dags/example_kubernetes_executor.py for tasks to queue
[2023-05-06T14:59:15.202+0000] {logging_mixin.py:137} INFO - [2023-05-06T14:59:15.202+0000] {dagbag.py:532} INFO - Filling up the DagBag from /home/airflow/.local/lib/python3.7/site-packages/airflow/example_dags/example_kubernetes_executor.py
[2023-05-06T14:59:15.238+0000] {processor.py:753} INFO - DAG(s) dict_keys(['example_kubernetes_executor']) retrieved from /home/airflow/.local/lib/python3.7/site-packages/airflow/example_dags/example_kubernetes_executor.py
[2023-05-06T14:59:15.274+0000] {logging_mixin.py:137} INFO - [2023-05-06T14:59:15.274+0000] {dag.py:2693} INFO - Sync 1 DAGs
[2023-05-06T14:59:15.328+0000] {logging_mixin.py:137} INFO - [2023-05-06T14:59:15.327+0000] {dag.py:3444} INFO - Setting next_dagrun for example_kubernetes_executor to None, run_after=None
[2023-05-06T14:59:15.376+0000] {processor.py:175} INFO - Processing /home/airflow/.local/lib/python3.7/site-packages/airflow/example_dags/example_kubernetes_executor.py took 0.181 seconds
[2023-05-06T14:59:45.964+0000] {processor.py:153} INFO - Started process (PID=1418) to work on /home/airflow/.local/lib/python3.7/site-packages/airflow/example_dags/example_kubernetes_executor.py
[2023-05-06T14:59:45.964+0000] {processor.py:743} INFO - Processing file /home/airflow/.local/lib/python3.7/site-packages/airflow/example_dags/example_kubernetes_executor.py for tasks to queue
[2023-05-06T14:59:45.965+0000] {logging_mixin.py:137} INFO - [2023-05-06T14:59:45.965+0000] {dagbag.py:532} INFO - Filling up the DagBag from /home/airflow/.local/lib/python3.7/site-packages/airflow/example_dags/example_kubernetes_executor.py
[2023-05-06T14:59:46.003+0000] {processor.py:753} INFO - DAG(s) dict_keys(['example_kubernetes_executor']) retrieved from /home/airflow/.local/lib/python3.7/site-packages/airflow/example_dags/example_kubernetes_executor.py
[2023-05-06T14:59:46.042+0000] {logging_mixin.py:137} INFO - [2023-05-06T14:59:46.041+0000] {dag.py:2693} INFO - Sync 1 DAGs
[2023-05-06T14:59:46.074+0000] {logging_mixin.py:137} INFO - [2023-05-06T14:59:46.073+0000] {dag.py:3444} INFO - Setting next_dagrun for example_kubernetes_executor to None, run_after=None
[2023-05-06T14:59:46.102+0000] {processor.py:175} INFO - Processing /home/airflow/.local/lib/python3.7/site-packages/airflow/example_dags/example_kubernetes_executor.py took 0.143 seconds
[2023-05-06T15:00:16.593+0000] {processor.py:153} INFO - Started process (PID=1469) to work on /home/airflow/.local/lib/python3.7/site-packages/airflow/example_dags/example_kubernetes_executor.py
[2023-05-06T15:00:16.595+0000] {processor.py:743} INFO - Processing file /home/airflow/.local/lib/python3.7/site-packages/airflow/example_dags/example_kubernetes_executor.py for tasks to queue
[2023-05-06T15:00:16.595+0000] {logging_mixin.py:137} INFO - [2023-05-06T15:00:16.595+0000] {dagbag.py:532} INFO - Filling up the DagBag from /home/airflow/.local/lib/python3.7/site-packages/airflow/example_dags/example_kubernetes_executor.py
[2023-05-06T15:00:16.632+0000] {processor.py:753} INFO - DAG(s) dict_keys(['example_kubernetes_executor']) retrieved from /home/airflow/.local/lib/python3.7/site-packages/airflow/example_dags/example_kubernetes_executor.py
[2023-05-06T15:00:16.670+0000] {logging_mixin.py:137} INFO - [2023-05-06T15:00:16.670+0000] {dag.py:2693} INFO - Sync 1 DAGs
[2023-05-06T15:00:16.703+0000] {logging_mixin.py:137} INFO - [2023-05-06T15:00:16.703+0000] {dag.py:3444} INFO - Setting next_dagrun for example_kubernetes_executor to None, run_after=None
[2023-05-06T15:00:16.725+0000] {processor.py:175} INFO - Processing /home/airflow/.local/lib/python3.7/site-packages/airflow/example_dags/example_kubernetes_executor.py took 0.135 seconds
[2023-05-06T15:00:47.180+0000] {processor.py:153} INFO - Started process (PID=1520) to work on /home/airflow/.local/lib/python3.7/site-packages/airflow/example_dags/example_kubernetes_executor.py
[2023-05-06T15:00:47.181+0000] {processor.py:743} INFO - Processing file /home/airflow/.local/lib/python3.7/site-packages/airflow/example_dags/example_kubernetes_executor.py for tasks to queue
[2023-05-06T15:00:47.182+0000] {logging_mixin.py:137} INFO - [2023-05-06T15:00:47.181+0000] {dagbag.py:532} INFO - Filling up the DagBag from /home/airflow/.local/lib/python3.7/site-packages/airflow/example_dags/example_kubernetes_executor.py
[2023-05-06T15:00:47.219+0000] {processor.py:753} INFO - DAG(s) dict_keys(['example_kubernetes_executor']) retrieved from /home/airflow/.local/lib/python3.7/site-packages/airflow/example_dags/example_kubernetes_executor.py
[2023-05-06T15:00:47.257+0000] {logging_mixin.py:137} INFO - [2023-05-06T15:00:47.257+0000] {dag.py:2693} INFO - Sync 1 DAGs
[2023-05-06T15:00:47.287+0000] {logging_mixin.py:137} INFO - [2023-05-06T15:00:47.287+0000] {dag.py:3444} INFO - Setting next_dagrun for example_kubernetes_executor to None, run_after=None
[2023-05-06T15:00:47.310+0000] {processor.py:175} INFO - Processing /home/airflow/.local/lib/python3.7/site-packages/airflow/example_dags/example_kubernetes_executor.py took 0.133 seconds
[2023-05-06T15:01:17.628+0000] {processor.py:153} INFO - Started process (PID=1571) to work on /home/airflow/.local/lib/python3.7/site-packages/airflow/example_dags/example_kubernetes_executor.py
[2023-05-06T15:01:17.629+0000] {processor.py:743} INFO - Processing file /home/airflow/.local/lib/python3.7/site-packages/airflow/example_dags/example_kubernetes_executor.py for tasks to queue
[2023-05-06T15:01:17.630+0000] {logging_mixin.py:137} INFO - [2023-05-06T15:01:17.629+0000] {dagbag.py:532} INFO - Filling up the DagBag from /home/airflow/.local/lib/python3.7/site-packages/airflow/example_dags/example_kubernetes_executor.py
[2023-05-06T15:01:17.666+0000] {processor.py:753} INFO - DAG(s) dict_keys(['example_kubernetes_executor']) retrieved from /home/airflow/.local/lib/python3.7/site-packages/airflow/example_dags/example_kubernetes_executor.py
[2023-05-06T15:01:17.704+0000] {logging_mixin.py:137} INFO - [2023-05-06T15:01:17.704+0000] {dag.py:2693} INFO - Sync 1 DAGs
[2023-05-06T15:01:17.737+0000] {logging_mixin.py:137} INFO - [2023-05-06T15:01:17.737+0000] {dag.py:3444} INFO - Setting next_dagrun for example_kubernetes_executor to None, run_after=None
[2023-05-06T15:01:17.759+0000] {processor.py:175} INFO - Processing /home/airflow/.local/lib/python3.7/site-packages/airflow/example_dags/example_kubernetes_executor.py took 0.136 seconds
[2023-05-06T15:01:48.490+0000] {processor.py:153} INFO - Started process (PID=1622) to work on /home/airflow/.local/lib/python3.7/site-packages/airflow/example_dags/example_kubernetes_executor.py
[2023-05-06T15:01:48.491+0000] {processor.py:743} INFO - Processing file /home/airflow/.local/lib/python3.7/site-packages/airflow/example_dags/example_kubernetes_executor.py for tasks to queue
[2023-05-06T15:01:48.492+0000] {logging_mixin.py:137} INFO - [2023-05-06T15:01:48.492+0000] {dagbag.py:532} INFO - Filling up the DagBag from /home/airflow/.local/lib/python3.7/site-packages/airflow/example_dags/example_kubernetes_executor.py
[2023-05-06T15:01:48.528+0000] {processor.py:753} INFO - DAG(s) dict_keys(['example_kubernetes_executor']) retrieved from /home/airflow/.local/lib/python3.7/site-packages/airflow/example_dags/example_kubernetes_executor.py
[2023-05-06T15:01:48.565+0000] {logging_mixin.py:137} INFO - [2023-05-06T15:01:48.564+0000] {dag.py:2693} INFO - Sync 1 DAGs
[2023-05-06T15:01:48.596+0000] {logging_mixin.py:137} INFO - [2023-05-06T15:01:48.596+0000] {dag.py:3444} INFO - Setting next_dagrun for example_kubernetes_executor to None, run_after=None
[2023-05-06T15:01:48.617+0000] {processor.py:175} INFO - Processing /home/airflow/.local/lib/python3.7/site-packages/airflow/example_dags/example_kubernetes_executor.py took 0.131 seconds
[2023-05-06T15:02:19.248+0000] {processor.py:153} INFO - Started process (PID=1673) to work on /home/airflow/.local/lib/python3.7/site-packages/airflow/example_dags/example_kubernetes_executor.py
[2023-05-06T15:02:19.260+0000] {processor.py:743} INFO - Processing file /home/airflow/.local/lib/python3.7/site-packages/airflow/example_dags/example_kubernetes_executor.py for tasks to queue
[2023-05-06T15:02:19.261+0000] {logging_mixin.py:137} INFO - [2023-05-06T15:02:19.260+0000] {dagbag.py:532} INFO - Filling up the DagBag from /home/airflow/.local/lib/python3.7/site-packages/airflow/example_dags/example_kubernetes_executor.py
[2023-05-06T15:02:19.317+0000] {processor.py:753} INFO - DAG(s) dict_keys(['example_kubernetes_executor']) retrieved from /home/airflow/.local/lib/python3.7/site-packages/airflow/example_dags/example_kubernetes_executor.py
[2023-05-06T15:02:19.396+0000] {logging_mixin.py:137} INFO - [2023-05-06T15:02:19.396+0000] {dag.py:2693} INFO - Sync 1 DAGs
[2023-05-06T15:02:19.463+0000] {logging_mixin.py:137} INFO - [2023-05-06T15:02:19.463+0000] {dag.py:3444} INFO - Setting next_dagrun for example_kubernetes_executor to None, run_after=None
[2023-05-06T15:02:19.498+0000] {processor.py:175} INFO - Processing /home/airflow/.local/lib/python3.7/site-packages/airflow/example_dags/example_kubernetes_executor.py took 0.255 seconds
[2023-05-06T15:02:49.937+0000] {processor.py:153} INFO - Started process (PID=1725) to work on /home/airflow/.local/lib/python3.7/site-packages/airflow/example_dags/example_kubernetes_executor.py
[2023-05-06T15:02:49.939+0000] {processor.py:743} INFO - Processing file /home/airflow/.local/lib/python3.7/site-packages/airflow/example_dags/example_kubernetes_executor.py for tasks to queue
[2023-05-06T15:02:49.940+0000] {logging_mixin.py:137} INFO - [2023-05-06T15:02:49.939+0000] {dagbag.py:532} INFO - Filling up the DagBag from /home/airflow/.local/lib/python3.7/site-packages/airflow/example_dags/example_kubernetes_executor.py
[2023-05-06T15:02:49.976+0000] {processor.py:753} INFO - DAG(s) dict_keys(['example_kubernetes_executor']) retrieved from /home/airflow/.local/lib/python3.7/site-packages/airflow/example_dags/example_kubernetes_executor.py
[2023-05-06T15:02:50.015+0000] {logging_mixin.py:137} INFO - [2023-05-06T15:02:50.015+0000] {dag.py:2693} INFO - Sync 1 DAGs
[2023-05-06T15:02:50.046+0000] {logging_mixin.py:137} INFO - [2023-05-06T15:02:50.046+0000] {dag.py:3444} INFO - Setting next_dagrun for example_kubernetes_executor to None, run_after=None
[2023-05-06T15:02:50.069+0000] {processor.py:175} INFO - Processing /home/airflow/.local/lib/python3.7/site-packages/airflow/example_dags/example_kubernetes_executor.py took 0.135 seconds
[2023-05-06T15:03:20.475+0000] {processor.py:153} INFO - Started process (PID=1775) to work on /home/airflow/.local/lib/python3.7/site-packages/airflow/example_dags/example_kubernetes_executor.py
[2023-05-06T15:03:20.476+0000] {processor.py:743} INFO - Processing file /home/airflow/.local/lib/python3.7/site-packages/airflow/example_dags/example_kubernetes_executor.py for tasks to queue
[2023-05-06T15:03:20.477+0000] {logging_mixin.py:137} INFO - [2023-05-06T15:03:20.476+0000] {dagbag.py:532} INFO - Filling up the DagBag from /home/airflow/.local/lib/python3.7/site-packages/airflow/example_dags/example_kubernetes_executor.py
[2023-05-06T15:03:20.546+0000] {processor.py:753} INFO - DAG(s) dict_keys(['example_kubernetes_executor']) retrieved from /home/airflow/.local/lib/python3.7/site-packages/airflow/example_dags/example_kubernetes_executor.py
[2023-05-06T15:03:20.590+0000] {logging_mixin.py:137} INFO - [2023-05-06T15:03:20.590+0000] {dag.py:2693} INFO - Sync 1 DAGs
[2023-05-06T15:03:20.629+0000] {logging_mixin.py:137} INFO - [2023-05-06T15:03:20.629+0000] {dag.py:3444} INFO - Setting next_dagrun for example_kubernetes_executor to None, run_after=None
[2023-05-06T15:03:20.650+0000] {processor.py:175} INFO - Processing /home/airflow/.local/lib/python3.7/site-packages/airflow/example_dags/example_kubernetes_executor.py took 0.179 seconds
[2023-05-06T15:03:50.869+0000] {processor.py:153} INFO - Started process (PID=1826) to work on /home/airflow/.local/lib/python3.7/site-packages/airflow/example_dags/example_kubernetes_executor.py
[2023-05-06T15:03:50.871+0000] {processor.py:743} INFO - Processing file /home/airflow/.local/lib/python3.7/site-packages/airflow/example_dags/example_kubernetes_executor.py for tasks to queue
[2023-05-06T15:03:50.872+0000] {logging_mixin.py:137} INFO - [2023-05-06T15:03:50.871+0000] {dagbag.py:532} INFO - Filling up the DagBag from /home/airflow/.local/lib/python3.7/site-packages/airflow/example_dags/example_kubernetes_executor.py
[2023-05-06T15:03:50.925+0000] {processor.py:753} INFO - DAG(s) dict_keys(['example_kubernetes_executor']) retrieved from /home/airflow/.local/lib/python3.7/site-packages/airflow/example_dags/example_kubernetes_executor.py
[2023-05-06T15:03:50.962+0000] {logging_mixin.py:137} INFO - [2023-05-06T15:03:50.962+0000] {dag.py:2693} INFO - Sync 1 DAGs
[2023-05-06T15:03:50.993+0000] {logging_mixin.py:137} INFO - [2023-05-06T15:03:50.993+0000] {dag.py:3444} INFO - Setting next_dagrun for example_kubernetes_executor to None, run_after=None
[2023-05-06T15:03:51.015+0000] {processor.py:175} INFO - Processing /home/airflow/.local/lib/python3.7/site-packages/airflow/example_dags/example_kubernetes_executor.py took 0.150 seconds
[2023-05-06T15:04:21.967+0000] {processor.py:153} INFO - Started process (PID=1877) to work on /home/airflow/.local/lib/python3.7/site-packages/airflow/example_dags/example_kubernetes_executor.py
[2023-05-06T15:04:21.976+0000] {processor.py:743} INFO - Processing file /home/airflow/.local/lib/python3.7/site-packages/airflow/example_dags/example_kubernetes_executor.py for tasks to queue
[2023-05-06T15:04:21.976+0000] {logging_mixin.py:137} INFO - [2023-05-06T15:04:21.976+0000] {dagbag.py:532} INFO - Filling up the DagBag from /home/airflow/.local/lib/python3.7/site-packages/airflow/example_dags/example_kubernetes_executor.py
[2023-05-06T15:04:22.041+0000] {processor.py:753} INFO - DAG(s) dict_keys(['example_kubernetes_executor']) retrieved from /home/airflow/.local/lib/python3.7/site-packages/airflow/example_dags/example_kubernetes_executor.py
[2023-05-06T15:04:22.122+0000] {logging_mixin.py:137} INFO - [2023-05-06T15:04:22.122+0000] {dag.py:2693} INFO - Sync 1 DAGs
[2023-05-06T15:04:22.180+0000] {logging_mixin.py:137} INFO - [2023-05-06T15:04:22.180+0000] {dag.py:3444} INFO - Setting next_dagrun for example_kubernetes_executor to None, run_after=None
[2023-05-06T15:04:22.235+0000] {processor.py:175} INFO - Processing /home/airflow/.local/lib/python3.7/site-packages/airflow/example_dags/example_kubernetes_executor.py took 0.283 seconds
[2023-05-06T15:04:53.140+0000] {processor.py:153} INFO - Started process (PID=1928) to work on /home/airflow/.local/lib/python3.7/site-packages/airflow/example_dags/example_kubernetes_executor.py
[2023-05-06T15:04:53.141+0000] {processor.py:743} INFO - Processing file /home/airflow/.local/lib/python3.7/site-packages/airflow/example_dags/example_kubernetes_executor.py for tasks to queue
[2023-05-06T15:04:53.142+0000] {logging_mixin.py:137} INFO - [2023-05-06T15:04:53.142+0000] {dagbag.py:532} INFO - Filling up the DagBag from /home/airflow/.local/lib/python3.7/site-packages/airflow/example_dags/example_kubernetes_executor.py
[2023-05-06T15:04:53.177+0000] {processor.py:753} INFO - DAG(s) dict_keys(['example_kubernetes_executor']) retrieved from /home/airflow/.local/lib/python3.7/site-packages/airflow/example_dags/example_kubernetes_executor.py
[2023-05-06T15:04:53.215+0000] {logging_mixin.py:137} INFO - [2023-05-06T15:04:53.215+0000] {dag.py:2693} INFO - Sync 1 DAGs
[2023-05-06T15:04:53.250+0000] {logging_mixin.py:137} INFO - [2023-05-06T15:04:53.250+0000] {dag.py:3444} INFO - Setting next_dagrun for example_kubernetes_executor to None, run_after=None
[2023-05-06T15:04:53.272+0000] {processor.py:175} INFO - Processing /home/airflow/.local/lib/python3.7/site-packages/airflow/example_dags/example_kubernetes_executor.py took 0.136 seconds
[2023-05-06T15:05:23.726+0000] {processor.py:153} INFO - Started process (PID=1979) to work on /home/airflow/.local/lib/python3.7/site-packages/airflow/example_dags/example_kubernetes_executor.py
[2023-05-06T15:05:23.726+0000] {processor.py:743} INFO - Processing file /home/airflow/.local/lib/python3.7/site-packages/airflow/example_dags/example_kubernetes_executor.py for tasks to queue
[2023-05-06T15:05:23.727+0000] {logging_mixin.py:137} INFO - [2023-05-06T15:05:23.727+0000] {dagbag.py:532} INFO - Filling up the DagBag from /home/airflow/.local/lib/python3.7/site-packages/airflow/example_dags/example_kubernetes_executor.py
[2023-05-06T15:05:23.763+0000] {processor.py:753} INFO - DAG(s) dict_keys(['example_kubernetes_executor']) retrieved from /home/airflow/.local/lib/python3.7/site-packages/airflow/example_dags/example_kubernetes_executor.py
[2023-05-06T15:05:23.805+0000] {logging_mixin.py:137} INFO - [2023-05-06T15:05:23.805+0000] {dag.py:2693} INFO - Sync 1 DAGs
[2023-05-06T15:05:23.837+0000] {logging_mixin.py:137} INFO - [2023-05-06T15:05:23.836+0000] {dag.py:3444} INFO - Setting next_dagrun for example_kubernetes_executor to None, run_after=None
[2023-05-06T15:05:23.859+0000] {processor.py:175} INFO - Processing /home/airflow/.local/lib/python3.7/site-packages/airflow/example_dags/example_kubernetes_executor.py took 0.137 seconds
[2023-05-06T15:05:54.740+0000] {processor.py:153} INFO - Started process (PID=2030) to work on /home/airflow/.local/lib/python3.7/site-packages/airflow/example_dags/example_kubernetes_executor.py
[2023-05-06T15:05:54.749+0000] {processor.py:743} INFO - Processing file /home/airflow/.local/lib/python3.7/site-packages/airflow/example_dags/example_kubernetes_executor.py for tasks to queue
[2023-05-06T15:05:54.750+0000] {logging_mixin.py:137} INFO - [2023-05-06T15:05:54.749+0000] {dagbag.py:532} INFO - Filling up the DagBag from /home/airflow/.local/lib/python3.7/site-packages/airflow/example_dags/example_kubernetes_executor.py
[2023-05-06T15:05:54.807+0000] {processor.py:753} INFO - DAG(s) dict_keys(['example_kubernetes_executor']) retrieved from /home/airflow/.local/lib/python3.7/site-packages/airflow/example_dags/example_kubernetes_executor.py
[2023-05-06T15:05:54.845+0000] {logging_mixin.py:137} INFO - [2023-05-06T15:05:54.845+0000] {dag.py:2693} INFO - Sync 1 DAGs
[2023-05-06T15:05:54.884+0000] {logging_mixin.py:137} INFO - [2023-05-06T15:05:54.884+0000] {dag.py:3444} INFO - Setting next_dagrun for example_kubernetes_executor to None, run_after=None
[2023-05-06T15:05:54.908+0000] {processor.py:175} INFO - Processing /home/airflow/.local/lib/python3.7/site-packages/airflow/example_dags/example_kubernetes_executor.py took 0.171 seconds
[2023-05-06T15:06:25.329+0000] {processor.py:153} INFO - Started process (PID=2080) to work on /home/airflow/.local/lib/python3.7/site-packages/airflow/example_dags/example_kubernetes_executor.py
[2023-05-06T15:06:25.330+0000] {processor.py:743} INFO - Processing file /home/airflow/.local/lib/python3.7/site-packages/airflow/example_dags/example_kubernetes_executor.py for tasks to queue
[2023-05-06T15:06:25.331+0000] {logging_mixin.py:137} INFO - [2023-05-06T15:06:25.331+0000] {dagbag.py:532} INFO - Filling up the DagBag from /home/airflow/.local/lib/python3.7/site-packages/airflow/example_dags/example_kubernetes_executor.py
[2023-05-06T15:06:25.366+0000] {processor.py:753} INFO - DAG(s) dict_keys(['example_kubernetes_executor']) retrieved from /home/airflow/.local/lib/python3.7/site-packages/airflow/example_dags/example_kubernetes_executor.py
[2023-05-06T15:06:25.408+0000] {logging_mixin.py:137} INFO - [2023-05-06T15:06:25.407+0000] {dag.py:2693} INFO - Sync 1 DAGs
[2023-05-06T15:06:25.439+0000] {logging_mixin.py:137} INFO - [2023-05-06T15:06:25.439+0000] {dag.py:3444} INFO - Setting next_dagrun for example_kubernetes_executor to None, run_after=None
[2023-05-06T15:06:25.460+0000] {processor.py:175} INFO - Processing /home/airflow/.local/lib/python3.7/site-packages/airflow/example_dags/example_kubernetes_executor.py took 0.135 seconds
[2023-05-06T15:06:55.906+0000] {processor.py:153} INFO - Started process (PID=2131) to work on /home/airflow/.local/lib/python3.7/site-packages/airflow/example_dags/example_kubernetes_executor.py
[2023-05-06T15:06:55.907+0000] {processor.py:743} INFO - Processing file /home/airflow/.local/lib/python3.7/site-packages/airflow/example_dags/example_kubernetes_executor.py for tasks to queue
[2023-05-06T15:06:55.908+0000] {logging_mixin.py:137} INFO - [2023-05-06T15:06:55.908+0000] {dagbag.py:532} INFO - Filling up the DagBag from /home/airflow/.local/lib/python3.7/site-packages/airflow/example_dags/example_kubernetes_executor.py
[2023-05-06T15:06:55.950+0000] {processor.py:753} INFO - DAG(s) dict_keys(['example_kubernetes_executor']) retrieved from /home/airflow/.local/lib/python3.7/site-packages/airflow/example_dags/example_kubernetes_executor.py
[2023-05-06T15:06:55.997+0000] {logging_mixin.py:137} INFO - [2023-05-06T15:06:55.997+0000] {dag.py:2693} INFO - Sync 1 DAGs
[2023-05-06T15:06:56.032+0000] {logging_mixin.py:137} INFO - [2023-05-06T15:06:56.032+0000] {dag.py:3444} INFO - Setting next_dagrun for example_kubernetes_executor to None, run_after=None
[2023-05-06T15:06:56.054+0000] {processor.py:175} INFO - Processing /home/airflow/.local/lib/python3.7/site-packages/airflow/example_dags/example_kubernetes_executor.py took 0.152 seconds
[2023-05-06T15:07:26.593+0000] {processor.py:153} INFO - Started process (PID=2182) to work on /home/airflow/.local/lib/python3.7/site-packages/airflow/example_dags/example_kubernetes_executor.py
[2023-05-06T15:07:26.594+0000] {processor.py:743} INFO - Processing file /home/airflow/.local/lib/python3.7/site-packages/airflow/example_dags/example_kubernetes_executor.py for tasks to queue
[2023-05-06T15:07:26.594+0000] {logging_mixin.py:137} INFO - [2023-05-06T15:07:26.594+0000] {dagbag.py:532} INFO - Filling up the DagBag from /home/airflow/.local/lib/python3.7/site-packages/airflow/example_dags/example_kubernetes_executor.py
[2023-05-06T15:07:26.631+0000] {processor.py:753} INFO - DAG(s) dict_keys(['example_kubernetes_executor']) retrieved from /home/airflow/.local/lib/python3.7/site-packages/airflow/example_dags/example_kubernetes_executor.py
[2023-05-06T15:07:26.688+0000] {logging_mixin.py:137} INFO - [2023-05-06T15:07:26.688+0000] {dag.py:2693} INFO - Sync 1 DAGs
[2023-05-06T15:07:26.723+0000] {logging_mixin.py:137} INFO - [2023-05-06T15:07:26.723+0000] {dag.py:3444} INFO - Setting next_dagrun for example_kubernetes_executor to None, run_after=None
[2023-05-06T15:07:26.746+0000] {processor.py:175} INFO - Processing /home/airflow/.local/lib/python3.7/site-packages/airflow/example_dags/example_kubernetes_executor.py took 0.157 seconds
[2023-05-06T15:07:57.083+0000] {processor.py:153} INFO - Started process (PID=2233) to work on /home/airflow/.local/lib/python3.7/site-packages/airflow/example_dags/example_kubernetes_executor.py
[2023-05-06T15:07:57.085+0000] {processor.py:743} INFO - Processing file /home/airflow/.local/lib/python3.7/site-packages/airflow/example_dags/example_kubernetes_executor.py for tasks to queue
[2023-05-06T15:07:57.086+0000] {logging_mixin.py:137} INFO - [2023-05-06T15:07:57.086+0000] {dagbag.py:532} INFO - Filling up the DagBag from /home/airflow/.local/lib/python3.7/site-packages/airflow/example_dags/example_kubernetes_executor.py
[2023-05-06T15:07:57.122+0000] {processor.py:753} INFO - DAG(s) dict_keys(['example_kubernetes_executor']) retrieved from /home/airflow/.local/lib/python3.7/site-packages/airflow/example_dags/example_kubernetes_executor.py
[2023-05-06T15:07:57.161+0000] {logging_mixin.py:137} INFO - [2023-05-06T15:07:57.161+0000] {dag.py:2693} INFO - Sync 1 DAGs
[2023-05-06T15:07:57.193+0000] {logging_mixin.py:137} INFO - [2023-05-06T15:07:57.193+0000] {dag.py:3444} INFO - Setting next_dagrun for example_kubernetes_executor to None, run_after=None
[2023-05-06T15:07:57.216+0000] {processor.py:175} INFO - Processing /home/airflow/.local/lib/python3.7/site-packages/airflow/example_dags/example_kubernetes_executor.py took 0.137 seconds
[2023-05-06T15:08:27.782+0000] {processor.py:153} INFO - Started process (PID=2284) to work on /home/airflow/.local/lib/python3.7/site-packages/airflow/example_dags/example_kubernetes_executor.py
[2023-05-06T15:08:27.783+0000] {processor.py:743} INFO - Processing file /home/airflow/.local/lib/python3.7/site-packages/airflow/example_dags/example_kubernetes_executor.py for tasks to queue
[2023-05-06T15:08:27.791+0000] {logging_mixin.py:137} INFO - [2023-05-06T15:08:27.783+0000] {dagbag.py:532} INFO - Filling up the DagBag from /home/airflow/.local/lib/python3.7/site-packages/airflow/example_dags/example_kubernetes_executor.py
[2023-05-06T15:08:27.876+0000] {processor.py:753} INFO - DAG(s) dict_keys(['example_kubernetes_executor']) retrieved from /home/airflow/.local/lib/python3.7/site-packages/airflow/example_dags/example_kubernetes_executor.py
[2023-05-06T15:08:27.956+0000] {logging_mixin.py:137} INFO - [2023-05-06T15:08:27.956+0000] {dag.py:2693} INFO - Sync 1 DAGs
[2023-05-06T15:08:27.998+0000] {logging_mixin.py:137} INFO - [2023-05-06T15:08:27.997+0000] {dag.py:3444} INFO - Setting next_dagrun for example_kubernetes_executor to None, run_after=None
[2023-05-06T15:08:28.035+0000] {processor.py:175} INFO - Processing /home/airflow/.local/lib/python3.7/site-packages/airflow/example_dags/example_kubernetes_executor.py took 0.257 seconds
[2023-05-06T15:08:58.098+0000] {processor.py:153} INFO - Started process (PID=2335) to work on /home/airflow/.local/lib/python3.7/site-packages/airflow/example_dags/example_kubernetes_executor.py
[2023-05-06T15:08:58.099+0000] {processor.py:743} INFO - Processing file /home/airflow/.local/lib/python3.7/site-packages/airflow/example_dags/example_kubernetes_executor.py for tasks to queue
[2023-05-06T15:08:58.100+0000] {logging_mixin.py:137} INFO - [2023-05-06T15:08:58.099+0000] {dagbag.py:532} INFO - Filling up the DagBag from /home/airflow/.local/lib/python3.7/site-packages/airflow/example_dags/example_kubernetes_executor.py
[2023-05-06T15:08:58.135+0000] {processor.py:753} INFO - DAG(s) dict_keys(['example_kubernetes_executor']) retrieved from /home/airflow/.local/lib/python3.7/site-packages/airflow/example_dags/example_kubernetes_executor.py
[2023-05-06T15:08:58.172+0000] {logging_mixin.py:137} INFO - [2023-05-06T15:08:58.172+0000] {dag.py:2693} INFO - Sync 1 DAGs
[2023-05-06T15:08:58.203+0000] {logging_mixin.py:137} INFO - [2023-05-06T15:08:58.203+0000] {dag.py:3444} INFO - Setting next_dagrun for example_kubernetes_executor to None, run_after=None
[2023-05-06T15:08:58.226+0000] {processor.py:175} INFO - Processing /home/airflow/.local/lib/python3.7/site-packages/airflow/example_dags/example_kubernetes_executor.py took 0.132 seconds
[2023-05-06T15:09:29.132+0000] {processor.py:153} INFO - Started process (PID=2386) to work on /home/airflow/.local/lib/python3.7/site-packages/airflow/example_dags/example_kubernetes_executor.py
[2023-05-06T15:09:29.133+0000] {processor.py:743} INFO - Processing file /home/airflow/.local/lib/python3.7/site-packages/airflow/example_dags/example_kubernetes_executor.py for tasks to queue
[2023-05-06T15:09:29.134+0000] {logging_mixin.py:137} INFO - [2023-05-06T15:09:29.134+0000] {dagbag.py:532} INFO - Filling up the DagBag from /home/airflow/.local/lib/python3.7/site-packages/airflow/example_dags/example_kubernetes_executor.py
[2023-05-06T15:09:29.170+0000] {processor.py:753} INFO - DAG(s) dict_keys(['example_kubernetes_executor']) retrieved from /home/airflow/.local/lib/python3.7/site-packages/airflow/example_dags/example_kubernetes_executor.py
[2023-05-06T15:09:29.208+0000] {logging_mixin.py:137} INFO - [2023-05-06T15:09:29.208+0000] {dag.py:2693} INFO - Sync 1 DAGs
[2023-05-06T15:09:29.243+0000] {logging_mixin.py:137} INFO - [2023-05-06T15:09:29.243+0000] {dag.py:3444} INFO - Setting next_dagrun for example_kubernetes_executor to None, run_after=None
[2023-05-06T15:09:29.264+0000] {processor.py:175} INFO - Processing /home/airflow/.local/lib/python3.7/site-packages/airflow/example_dags/example_kubernetes_executor.py took 0.136 seconds
[2023-05-06T15:10:00.359+0000] {processor.py:153} INFO - Started process (PID=2437) to work on /home/airflow/.local/lib/python3.7/site-packages/airflow/example_dags/example_kubernetes_executor.py
[2023-05-06T15:10:00.360+0000] {processor.py:743} INFO - Processing file /home/airflow/.local/lib/python3.7/site-packages/airflow/example_dags/example_kubernetes_executor.py for tasks to queue
[2023-05-06T15:10:00.361+0000] {logging_mixin.py:137} INFO - [2023-05-06T15:10:00.361+0000] {dagbag.py:532} INFO - Filling up the DagBag from /home/airflow/.local/lib/python3.7/site-packages/airflow/example_dags/example_kubernetes_executor.py
[2023-05-06T15:10:00.397+0000] {processor.py:753} INFO - DAG(s) dict_keys(['example_kubernetes_executor']) retrieved from /home/airflow/.local/lib/python3.7/site-packages/airflow/example_dags/example_kubernetes_executor.py
[2023-05-06T15:10:00.441+0000] {logging_mixin.py:137} INFO - [2023-05-06T15:10:00.440+0000] {dag.py:2693} INFO - Sync 1 DAGs
[2023-05-06T15:10:00.473+0000] {logging_mixin.py:137} INFO - [2023-05-06T15:10:00.473+0000] {dag.py:3444} INFO - Setting next_dagrun for example_kubernetes_executor to None, run_after=None
[2023-05-06T15:10:00.494+0000] {processor.py:175} INFO - Processing /home/airflow/.local/lib/python3.7/site-packages/airflow/example_dags/example_kubernetes_executor.py took 0.141 seconds
[2023-05-06T15:10:30.865+0000] {processor.py:153} INFO - Started process (PID=2488) to work on /home/airflow/.local/lib/python3.7/site-packages/airflow/example_dags/example_kubernetes_executor.py
[2023-05-06T15:10:30.866+0000] {processor.py:743} INFO - Processing file /home/airflow/.local/lib/python3.7/site-packages/airflow/example_dags/example_kubernetes_executor.py for tasks to queue
[2023-05-06T15:10:30.868+0000] {logging_mixin.py:137} INFO - [2023-05-06T15:10:30.868+0000] {dagbag.py:532} INFO - Filling up the DagBag from /home/airflow/.local/lib/python3.7/site-packages/airflow/example_dags/example_kubernetes_executor.py
[2023-05-06T15:10:30.905+0000] {processor.py:753} INFO - DAG(s) dict_keys(['example_kubernetes_executor']) retrieved from /home/airflow/.local/lib/python3.7/site-packages/airflow/example_dags/example_kubernetes_executor.py
[2023-05-06T15:10:30.944+0000] {logging_mixin.py:137} INFO - [2023-05-06T15:10:30.944+0000] {dag.py:2693} INFO - Sync 1 DAGs
[2023-05-06T15:10:30.977+0000] {logging_mixin.py:137} INFO - [2023-05-06T15:10:30.976+0000] {dag.py:3444} INFO - Setting next_dagrun for example_kubernetes_executor to None, run_after=None
[2023-05-06T15:10:30.998+0000] {processor.py:175} INFO - Processing /home/airflow/.local/lib/python3.7/site-packages/airflow/example_dags/example_kubernetes_executor.py took 0.137 seconds
[2023-05-06T15:11:01.285+0000] {processor.py:153} INFO - Started process (PID=2539) to work on /home/airflow/.local/lib/python3.7/site-packages/airflow/example_dags/example_kubernetes_executor.py
[2023-05-06T15:11:01.286+0000] {processor.py:743} INFO - Processing file /home/airflow/.local/lib/python3.7/site-packages/airflow/example_dags/example_kubernetes_executor.py for tasks to queue
[2023-05-06T15:11:01.287+0000] {logging_mixin.py:137} INFO - [2023-05-06T15:11:01.287+0000] {dagbag.py:532} INFO - Filling up the DagBag from /home/airflow/.local/lib/python3.7/site-packages/airflow/example_dags/example_kubernetes_executor.py
[2023-05-06T15:11:01.325+0000] {processor.py:753} INFO - DAG(s) dict_keys(['example_kubernetes_executor']) retrieved from /home/airflow/.local/lib/python3.7/site-packages/airflow/example_dags/example_kubernetes_executor.py
[2023-05-06T15:11:01.363+0000] {logging_mixin.py:137} INFO - [2023-05-06T15:11:01.362+0000] {dag.py:2693} INFO - Sync 1 DAGs
[2023-05-06T15:11:01.396+0000] {logging_mixin.py:137} INFO - [2023-05-06T15:11:01.396+0000] {dag.py:3444} INFO - Setting next_dagrun for example_kubernetes_executor to None, run_after=None
[2023-05-06T15:11:01.417+0000] {processor.py:175} INFO - Processing /home/airflow/.local/lib/python3.7/site-packages/airflow/example_dags/example_kubernetes_executor.py took 0.136 seconds
[2023-05-06T15:11:32.371+0000] {processor.py:153} INFO - Started process (PID=2590) to work on /home/airflow/.local/lib/python3.7/site-packages/airflow/example_dags/example_kubernetes_executor.py
[2023-05-06T15:11:32.386+0000] {processor.py:743} INFO - Processing file /home/airflow/.local/lib/python3.7/site-packages/airflow/example_dags/example_kubernetes_executor.py for tasks to queue
[2023-05-06T15:11:32.387+0000] {logging_mixin.py:137} INFO - [2023-05-06T15:11:32.387+0000] {dagbag.py:532} INFO - Filling up the DagBag from /home/airflow/.local/lib/python3.7/site-packages/airflow/example_dags/example_kubernetes_executor.py
[2023-05-06T15:11:32.451+0000] {processor.py:753} INFO - DAG(s) dict_keys(['example_kubernetes_executor']) retrieved from /home/airflow/.local/lib/python3.7/site-packages/airflow/example_dags/example_kubernetes_executor.py
[2023-05-06T15:11:32.525+0000] {logging_mixin.py:137} INFO - [2023-05-06T15:11:32.523+0000] {dag.py:2693} INFO - Sync 1 DAGs
[2023-05-06T15:11:32.586+0000] {logging_mixin.py:137} INFO - [2023-05-06T15:11:32.586+0000] {dag.py:3444} INFO - Setting next_dagrun for example_kubernetes_executor to None, run_after=None
[2023-05-06T15:11:32.615+0000] {processor.py:175} INFO - Processing /home/airflow/.local/lib/python3.7/site-packages/airflow/example_dags/example_kubernetes_executor.py took 0.248 seconds
[2023-05-06T15:12:02.713+0000] {processor.py:153} INFO - Started process (PID=2642) to work on /home/airflow/.local/lib/python3.7/site-packages/airflow/example_dags/example_kubernetes_executor.py
[2023-05-06T15:12:02.714+0000] {processor.py:743} INFO - Processing file /home/airflow/.local/lib/python3.7/site-packages/airflow/example_dags/example_kubernetes_executor.py for tasks to queue
[2023-05-06T15:12:02.715+0000] {logging_mixin.py:137} INFO - [2023-05-06T15:12:02.715+0000] {dagbag.py:532} INFO - Filling up the DagBag from /home/airflow/.local/lib/python3.7/site-packages/airflow/example_dags/example_kubernetes_executor.py
[2023-05-06T15:12:02.752+0000] {processor.py:753} INFO - DAG(s) dict_keys(['example_kubernetes_executor']) retrieved from /home/airflow/.local/lib/python3.7/site-packages/airflow/example_dags/example_kubernetes_executor.py
[2023-05-06T15:12:02.791+0000] {logging_mixin.py:137} INFO - [2023-05-06T15:12:02.791+0000] {dag.py:2693} INFO - Sync 1 DAGs
[2023-05-06T15:12:02.823+0000] {logging_mixin.py:137} INFO - [2023-05-06T15:12:02.822+0000] {dag.py:3444} INFO - Setting next_dagrun for example_kubernetes_executor to None, run_after=None
[2023-05-06T15:12:02.843+0000] {processor.py:175} INFO - Processing /home/airflow/.local/lib/python3.7/site-packages/airflow/example_dags/example_kubernetes_executor.py took 0.134 seconds
[2023-05-06T15:12:33.796+0000] {processor.py:153} INFO - Started process (PID=2693) to work on /home/airflow/.local/lib/python3.7/site-packages/airflow/example_dags/example_kubernetes_executor.py
[2023-05-06T15:12:33.798+0000] {processor.py:743} INFO - Processing file /home/airflow/.local/lib/python3.7/site-packages/airflow/example_dags/example_kubernetes_executor.py for tasks to queue
[2023-05-06T15:12:33.798+0000] {logging_mixin.py:137} INFO - [2023-05-06T15:12:33.798+0000] {dagbag.py:532} INFO - Filling up the DagBag from /home/airflow/.local/lib/python3.7/site-packages/airflow/example_dags/example_kubernetes_executor.py
[2023-05-06T15:12:33.834+0000] {processor.py:753} INFO - DAG(s) dict_keys(['example_kubernetes_executor']) retrieved from /home/airflow/.local/lib/python3.7/site-packages/airflow/example_dags/example_kubernetes_executor.py
[2023-05-06T15:12:33.873+0000] {logging_mixin.py:137} INFO - [2023-05-06T15:12:33.872+0000] {dag.py:2693} INFO - Sync 1 DAGs
[2023-05-06T15:12:33.904+0000] {logging_mixin.py:137} INFO - [2023-05-06T15:12:33.904+0000] {dag.py:3444} INFO - Setting next_dagrun for example_kubernetes_executor to None, run_after=None
[2023-05-06T15:12:33.926+0000] {processor.py:175} INFO - Processing /home/airflow/.local/lib/python3.7/site-packages/airflow/example_dags/example_kubernetes_executor.py took 0.134 seconds
[2023-05-06T15:13:04.731+0000] {processor.py:153} INFO - Started process (PID=2745) to work on /home/airflow/.local/lib/python3.7/site-packages/airflow/example_dags/example_kubernetes_executor.py
[2023-05-06T15:13:04.732+0000] {processor.py:743} INFO - Processing file /home/airflow/.local/lib/python3.7/site-packages/airflow/example_dags/example_kubernetes_executor.py for tasks to queue
[2023-05-06T15:13:04.732+0000] {logging_mixin.py:137} INFO - [2023-05-06T15:13:04.732+0000] {dagbag.py:532} INFO - Filling up the DagBag from /home/airflow/.local/lib/python3.7/site-packages/airflow/example_dags/example_kubernetes_executor.py
[2023-05-06T15:13:04.769+0000] {processor.py:753} INFO - DAG(s) dict_keys(['example_kubernetes_executor']) retrieved from /home/airflow/.local/lib/python3.7/site-packages/airflow/example_dags/example_kubernetes_executor.py
[2023-05-06T15:13:04.816+0000] {logging_mixin.py:137} INFO - [2023-05-06T15:13:04.816+0000] {dag.py:2693} INFO - Sync 1 DAGs
[2023-05-06T15:13:04.849+0000] {logging_mixin.py:137} INFO - [2023-05-06T15:13:04.849+0000] {dag.py:3444} INFO - Setting next_dagrun for example_kubernetes_executor to None, run_after=None
[2023-05-06T15:13:04.881+0000] {processor.py:175} INFO - Processing /home/airflow/.local/lib/python3.7/site-packages/airflow/example_dags/example_kubernetes_executor.py took 0.155 seconds
[2023-05-06T15:13:35.808+0000] {processor.py:153} INFO - Started process (PID=2796) to work on /home/airflow/.local/lib/python3.7/site-packages/airflow/example_dags/example_kubernetes_executor.py
[2023-05-06T15:13:35.809+0000] {processor.py:743} INFO - Processing file /home/airflow/.local/lib/python3.7/site-packages/airflow/example_dags/example_kubernetes_executor.py for tasks to queue
[2023-05-06T15:13:35.810+0000] {logging_mixin.py:137} INFO - [2023-05-06T15:13:35.809+0000] {dagbag.py:532} INFO - Filling up the DagBag from /home/airflow/.local/lib/python3.7/site-packages/airflow/example_dags/example_kubernetes_executor.py
[2023-05-06T15:13:35.846+0000] {processor.py:753} INFO - DAG(s) dict_keys(['example_kubernetes_executor']) retrieved from /home/airflow/.local/lib/python3.7/site-packages/airflow/example_dags/example_kubernetes_executor.py
[2023-05-06T15:13:35.886+0000] {logging_mixin.py:137} INFO - [2023-05-06T15:13:35.885+0000] {dag.py:2693} INFO - Sync 1 DAGs
[2023-05-06T15:13:35.917+0000] {logging_mixin.py:137} INFO - [2023-05-06T15:13:35.917+0000] {dag.py:3444} INFO - Setting next_dagrun for example_kubernetes_executor to None, run_after=None
[2023-05-06T15:13:35.939+0000] {processor.py:175} INFO - Processing /home/airflow/.local/lib/python3.7/site-packages/airflow/example_dags/example_kubernetes_executor.py took 0.135 seconds
[2023-05-06T15:14:06.357+0000] {processor.py:153} INFO - Started process (PID=2847) to work on /home/airflow/.local/lib/python3.7/site-packages/airflow/example_dags/example_kubernetes_executor.py
[2023-05-06T15:14:06.358+0000] {processor.py:743} INFO - Processing file /home/airflow/.local/lib/python3.7/site-packages/airflow/example_dags/example_kubernetes_executor.py for tasks to queue
[2023-05-06T15:14:06.358+0000] {logging_mixin.py:137} INFO - [2023-05-06T15:14:06.358+0000] {dagbag.py:532} INFO - Filling up the DagBag from /home/airflow/.local/lib/python3.7/site-packages/airflow/example_dags/example_kubernetes_executor.py
[2023-05-06T15:14:06.395+0000] {processor.py:753} INFO - DAG(s) dict_keys(['example_kubernetes_executor']) retrieved from /home/airflow/.local/lib/python3.7/site-packages/airflow/example_dags/example_kubernetes_executor.py
[2023-05-06T15:14:06.435+0000] {logging_mixin.py:137} INFO - [2023-05-06T15:14:06.435+0000] {dag.py:2693} INFO - Sync 1 DAGs
[2023-05-06T15:14:06.468+0000] {logging_mixin.py:137} INFO - [2023-05-06T15:14:06.467+0000] {dag.py:3444} INFO - Setting next_dagrun for example_kubernetes_executor to None, run_after=None
[2023-05-06T15:14:06.508+0000] {processor.py:175} INFO - Processing /home/airflow/.local/lib/python3.7/site-packages/airflow/example_dags/example_kubernetes_executor.py took 0.154 seconds
[2023-05-06T15:14:36.887+0000] {processor.py:153} INFO - Started process (PID=2898) to work on /home/airflow/.local/lib/python3.7/site-packages/airflow/example_dags/example_kubernetes_executor.py
[2023-05-06T15:14:36.888+0000] {processor.py:743} INFO - Processing file /home/airflow/.local/lib/python3.7/site-packages/airflow/example_dags/example_kubernetes_executor.py for tasks to queue
[2023-05-06T15:14:36.889+0000] {logging_mixin.py:137} INFO - [2023-05-06T15:14:36.889+0000] {dagbag.py:532} INFO - Filling up the DagBag from /home/airflow/.local/lib/python3.7/site-packages/airflow/example_dags/example_kubernetes_executor.py
[2023-05-06T15:14:36.925+0000] {processor.py:753} INFO - DAG(s) dict_keys(['example_kubernetes_executor']) retrieved from /home/airflow/.local/lib/python3.7/site-packages/airflow/example_dags/example_kubernetes_executor.py
[2023-05-06T15:14:36.963+0000] {logging_mixin.py:137} INFO - [2023-05-06T15:14:36.963+0000] {dag.py:2693} INFO - Sync 1 DAGs
[2023-05-06T15:14:36.997+0000] {logging_mixin.py:137} INFO - [2023-05-06T15:14:36.997+0000] {dag.py:3444} INFO - Setting next_dagrun for example_kubernetes_executor to None, run_after=None
[2023-05-06T15:14:37.020+0000] {processor.py:175} INFO - Processing /home/airflow/.local/lib/python3.7/site-packages/airflow/example_dags/example_kubernetes_executor.py took 0.137 seconds
[2023-05-06T15:15:07.599+0000] {processor.py:153} INFO - Started process (PID=2949) to work on /home/airflow/.local/lib/python3.7/site-packages/airflow/example_dags/example_kubernetes_executor.py
[2023-05-06T15:15:07.612+0000] {processor.py:743} INFO - Processing file /home/airflow/.local/lib/python3.7/site-packages/airflow/example_dags/example_kubernetes_executor.py for tasks to queue
[2023-05-06T15:15:07.613+0000] {logging_mixin.py:137} INFO - [2023-05-06T15:15:07.613+0000] {dagbag.py:532} INFO - Filling up the DagBag from /home/airflow/.local/lib/python3.7/site-packages/airflow/example_dags/example_kubernetes_executor.py
[2023-05-06T15:15:07.713+0000] {processor.py:753} INFO - DAG(s) dict_keys(['example_kubernetes_executor']) retrieved from /home/airflow/.local/lib/python3.7/site-packages/airflow/example_dags/example_kubernetes_executor.py
[2023-05-06T15:15:07.817+0000] {logging_mixin.py:137} INFO - [2023-05-06T15:15:07.817+0000] {dag.py:2693} INFO - Sync 1 DAGs
[2023-05-06T15:15:07.875+0000] {logging_mixin.py:137} INFO - [2023-05-06T15:15:07.870+0000] {dag.py:3444} INFO - Setting next_dagrun for example_kubernetes_executor to None, run_after=None
[2023-05-06T15:15:07.918+0000] {processor.py:175} INFO - Processing /home/airflow/.local/lib/python3.7/site-packages/airflow/example_dags/example_kubernetes_executor.py took 0.323 seconds
