[2023-05-06T14:46:02.726+0000] {processor.py:153} INFO - Started process (PID=69) to work on /home/airflow/.local/lib/python3.7/site-packages/airflow/example_dags/example_bash_operator.py
[2023-05-06T14:46:02.727+0000] {processor.py:743} INFO - Processing file /home/airflow/.local/lib/python3.7/site-packages/airflow/example_dags/example_bash_operator.py for tasks to queue
[2023-05-06T14:46:02.727+0000] {logging_mixin.py:137} INFO - [2023-05-06T14:46:02.727+0000] {dagbag.py:532} INFO - Filling up the DagBag from /home/airflow/.local/lib/python3.7/site-packages/airflow/example_dags/example_bash_operator.py
[2023-05-06T14:46:02.756+0000] {processor.py:753} INFO - DAG(s) dict_keys(['example_bash_operator']) retrieved from /home/airflow/.local/lib/python3.7/site-packages/airflow/example_dags/example_bash_operator.py
[2023-05-06T14:46:02.805+0000] {logging_mixin.py:137} INFO - [2023-05-06T14:46:02.805+0000] {dag.py:2693} INFO - Sync 1 DAGs
[2023-05-06T14:46:02.840+0000] {logging_mixin.py:137} INFO - [2023-05-06T14:46:02.840+0000] {dag.py:3444} INFO - Setting next_dagrun for example_bash_operator to 2023-05-05T00:00:00+00:00, run_after=2023-05-06T00:00:00+00:00
[2023-05-06T14:46:02.862+0000] {processor.py:175} INFO - Processing /home/airflow/.local/lib/python3.7/site-packages/airflow/example_dags/example_bash_operator.py took 0.140 seconds
[2023-05-06T14:46:33.470+0000] {processor.py:153} INFO - Started process (PID=120) to work on /home/airflow/.local/lib/python3.7/site-packages/airflow/example_dags/example_bash_operator.py
[2023-05-06T14:46:33.471+0000] {processor.py:743} INFO - Processing file /home/airflow/.local/lib/python3.7/site-packages/airflow/example_dags/example_bash_operator.py for tasks to queue
[2023-05-06T14:46:33.472+0000] {logging_mixin.py:137} INFO - [2023-05-06T14:46:33.472+0000] {dagbag.py:532} INFO - Filling up the DagBag from /home/airflow/.local/lib/python3.7/site-packages/airflow/example_dags/example_bash_operator.py
[2023-05-06T14:46:33.500+0000] {processor.py:753} INFO - DAG(s) dict_keys(['example_bash_operator']) retrieved from /home/airflow/.local/lib/python3.7/site-packages/airflow/example_dags/example_bash_operator.py
[2023-05-06T14:46:33.559+0000] {logging_mixin.py:137} INFO - [2023-05-06T14:46:33.558+0000] {dag.py:2693} INFO - Sync 1 DAGs
[2023-05-06T14:46:33.593+0000] {logging_mixin.py:137} INFO - [2023-05-06T14:46:33.593+0000] {dag.py:3444} INFO - Setting next_dagrun for example_bash_operator to 2023-05-05T00:00:00+00:00, run_after=2023-05-06T00:00:00+00:00
[2023-05-06T14:46:33.619+0000] {processor.py:175} INFO - Processing /home/airflow/.local/lib/python3.7/site-packages/airflow/example_dags/example_bash_operator.py took 0.153 seconds
[2023-05-06T14:47:03.869+0000] {processor.py:153} INFO - Started process (PID=171) to work on /home/airflow/.local/lib/python3.7/site-packages/airflow/example_dags/example_bash_operator.py
[2023-05-06T14:47:03.871+0000] {processor.py:743} INFO - Processing file /home/airflow/.local/lib/python3.7/site-packages/airflow/example_dags/example_bash_operator.py for tasks to queue
[2023-05-06T14:47:03.872+0000] {logging_mixin.py:137} INFO - [2023-05-06T14:47:03.871+0000] {dagbag.py:532} INFO - Filling up the DagBag from /home/airflow/.local/lib/python3.7/site-packages/airflow/example_dags/example_bash_operator.py
[2023-05-06T14:47:03.900+0000] {processor.py:753} INFO - DAG(s) dict_keys(['example_bash_operator']) retrieved from /home/airflow/.local/lib/python3.7/site-packages/airflow/example_dags/example_bash_operator.py
[2023-05-06T14:47:03.949+0000] {logging_mixin.py:137} INFO - [2023-05-06T14:47:03.949+0000] {dag.py:2693} INFO - Sync 1 DAGs
[2023-05-06T14:47:03.983+0000] {logging_mixin.py:137} INFO - [2023-05-06T14:47:03.983+0000] {dag.py:3444} INFO - Setting next_dagrun for example_bash_operator to 2023-05-05T00:00:00+00:00, run_after=2023-05-06T00:00:00+00:00
[2023-05-06T14:47:04.004+0000] {processor.py:175} INFO - Processing /home/airflow/.local/lib/python3.7/site-packages/airflow/example_dags/example_bash_operator.py took 0.140 seconds
[2023-05-06T14:47:34.365+0000] {processor.py:153} INFO - Started process (PID=222) to work on /home/airflow/.local/lib/python3.7/site-packages/airflow/example_dags/example_bash_operator.py
[2023-05-06T14:47:34.366+0000] {processor.py:743} INFO - Processing file /home/airflow/.local/lib/python3.7/site-packages/airflow/example_dags/example_bash_operator.py for tasks to queue
[2023-05-06T14:47:34.366+0000] {logging_mixin.py:137} INFO - [2023-05-06T14:47:34.366+0000] {dagbag.py:532} INFO - Filling up the DagBag from /home/airflow/.local/lib/python3.7/site-packages/airflow/example_dags/example_bash_operator.py
[2023-05-06T14:47:34.394+0000] {processor.py:753} INFO - DAG(s) dict_keys(['example_bash_operator']) retrieved from /home/airflow/.local/lib/python3.7/site-packages/airflow/example_dags/example_bash_operator.py
[2023-05-06T14:47:34.444+0000] {logging_mixin.py:137} INFO - [2023-05-06T14:47:34.444+0000] {dag.py:2693} INFO - Sync 1 DAGs
[2023-05-06T14:47:34.480+0000] {logging_mixin.py:137} INFO - [2023-05-06T14:47:34.480+0000] {dag.py:3444} INFO - Setting next_dagrun for example_bash_operator to 2023-05-05T00:00:00+00:00, run_after=2023-05-06T00:00:00+00:00
[2023-05-06T14:47:34.503+0000] {processor.py:175} INFO - Processing /home/airflow/.local/lib/python3.7/site-packages/airflow/example_dags/example_bash_operator.py took 0.142 seconds
[2023-05-06T14:48:04.849+0000] {processor.py:153} INFO - Started process (PID=274) to work on /home/airflow/.local/lib/python3.7/site-packages/airflow/example_dags/example_bash_operator.py
[2023-05-06T14:48:04.850+0000] {processor.py:743} INFO - Processing file /home/airflow/.local/lib/python3.7/site-packages/airflow/example_dags/example_bash_operator.py for tasks to queue
[2023-05-06T14:48:04.850+0000] {logging_mixin.py:137} INFO - [2023-05-06T14:48:04.850+0000] {dagbag.py:532} INFO - Filling up the DagBag from /home/airflow/.local/lib/python3.7/site-packages/airflow/example_dags/example_bash_operator.py
[2023-05-06T14:48:04.880+0000] {processor.py:753} INFO - DAG(s) dict_keys(['example_bash_operator']) retrieved from /home/airflow/.local/lib/python3.7/site-packages/airflow/example_dags/example_bash_operator.py
[2023-05-06T14:48:04.937+0000] {logging_mixin.py:137} INFO - [2023-05-06T14:48:04.937+0000] {dag.py:2693} INFO - Sync 1 DAGs
[2023-05-06T14:48:04.975+0000] {logging_mixin.py:137} INFO - [2023-05-06T14:48:04.975+0000] {dag.py:3444} INFO - Setting next_dagrun for example_bash_operator to 2023-05-05T00:00:00+00:00, run_after=2023-05-06T00:00:00+00:00
[2023-05-06T14:48:05.000+0000] {processor.py:175} INFO - Processing /home/airflow/.local/lib/python3.7/site-packages/airflow/example_dags/example_bash_operator.py took 0.155 seconds
[2023-05-06T14:48:35.368+0000] {processor.py:153} INFO - Started process (PID=325) to work on /home/airflow/.local/lib/python3.7/site-packages/airflow/example_dags/example_bash_operator.py
[2023-05-06T14:48:35.369+0000] {processor.py:743} INFO - Processing file /home/airflow/.local/lib/python3.7/site-packages/airflow/example_dags/example_bash_operator.py for tasks to queue
[2023-05-06T14:48:35.370+0000] {logging_mixin.py:137} INFO - [2023-05-06T14:48:35.370+0000] {dagbag.py:532} INFO - Filling up the DagBag from /home/airflow/.local/lib/python3.7/site-packages/airflow/example_dags/example_bash_operator.py
[2023-05-06T14:48:35.401+0000] {processor.py:753} INFO - DAG(s) dict_keys(['example_bash_operator']) retrieved from /home/airflow/.local/lib/python3.7/site-packages/airflow/example_dags/example_bash_operator.py
[2023-05-06T14:48:35.464+0000] {logging_mixin.py:137} INFO - [2023-05-06T14:48:35.464+0000] {dag.py:2693} INFO - Sync 1 DAGs
[2023-05-06T14:48:35.502+0000] {logging_mixin.py:137} INFO - [2023-05-06T14:48:35.502+0000] {dag.py:3444} INFO - Setting next_dagrun for example_bash_operator to 2023-05-05T00:00:00+00:00, run_after=2023-05-06T00:00:00+00:00
[2023-05-06T14:48:35.523+0000] {processor.py:175} INFO - Processing /home/airflow/.local/lib/python3.7/site-packages/airflow/example_dags/example_bash_operator.py took 0.159 seconds
[2023-05-06T14:49:05.682+0000] {processor.py:153} INFO - Started process (PID=376) to work on /home/airflow/.local/lib/python3.7/site-packages/airflow/example_dags/example_bash_operator.py
[2023-05-06T14:49:05.683+0000] {processor.py:743} INFO - Processing file /home/airflow/.local/lib/python3.7/site-packages/airflow/example_dags/example_bash_operator.py for tasks to queue
[2023-05-06T14:49:05.683+0000] {logging_mixin.py:137} INFO - [2023-05-06T14:49:05.683+0000] {dagbag.py:532} INFO - Filling up the DagBag from /home/airflow/.local/lib/python3.7/site-packages/airflow/example_dags/example_bash_operator.py
[2023-05-06T14:49:05.710+0000] {processor.py:753} INFO - DAG(s) dict_keys(['example_bash_operator']) retrieved from /home/airflow/.local/lib/python3.7/site-packages/airflow/example_dags/example_bash_operator.py
[2023-05-06T14:49:05.786+0000] {logging_mixin.py:137} INFO - [2023-05-06T14:49:05.785+0000] {dag.py:2693} INFO - Sync 1 DAGs
[2023-05-06T14:49:05.820+0000] {logging_mixin.py:137} INFO - [2023-05-06T14:49:05.820+0000] {dag.py:3444} INFO - Setting next_dagrun for example_bash_operator to 2023-05-05T00:00:00+00:00, run_after=2023-05-06T00:00:00+00:00
[2023-05-06T14:49:05.843+0000] {processor.py:175} INFO - Processing /home/airflow/.local/lib/python3.7/site-packages/airflow/example_dags/example_bash_operator.py took 0.167 seconds
[2023-05-06T14:49:35.969+0000] {processor.py:153} INFO - Started process (PID=427) to work on /home/airflow/.local/lib/python3.7/site-packages/airflow/example_dags/example_bash_operator.py
[2023-05-06T14:49:35.971+0000] {processor.py:743} INFO - Processing file /home/airflow/.local/lib/python3.7/site-packages/airflow/example_dags/example_bash_operator.py for tasks to queue
[2023-05-06T14:49:35.971+0000] {logging_mixin.py:137} INFO - [2023-05-06T14:49:35.971+0000] {dagbag.py:532} INFO - Filling up the DagBag from /home/airflow/.local/lib/python3.7/site-packages/airflow/example_dags/example_bash_operator.py
[2023-05-06T14:49:36.025+0000] {processor.py:753} INFO - DAG(s) dict_keys(['example_bash_operator']) retrieved from /home/airflow/.local/lib/python3.7/site-packages/airflow/example_dags/example_bash_operator.py
[2023-05-06T14:49:36.075+0000] {logging_mixin.py:137} INFO - [2023-05-06T14:49:36.075+0000] {dag.py:2693} INFO - Sync 1 DAGs
[2023-05-06T14:49:36.110+0000] {logging_mixin.py:137} INFO - [2023-05-06T14:49:36.110+0000] {dag.py:3444} INFO - Setting next_dagrun for example_bash_operator to 2023-05-05T00:00:00+00:00, run_after=2023-05-06T00:00:00+00:00
[2023-05-06T14:49:36.131+0000] {processor.py:175} INFO - Processing /home/airflow/.local/lib/python3.7/site-packages/airflow/example_dags/example_bash_operator.py took 0.165 seconds
[2023-05-06T14:50:06.864+0000] {processor.py:153} INFO - Started process (PID=478) to work on /home/airflow/.local/lib/python3.7/site-packages/airflow/example_dags/example_bash_operator.py
[2023-05-06T14:50:06.867+0000] {processor.py:743} INFO - Processing file /home/airflow/.local/lib/python3.7/site-packages/airflow/example_dags/example_bash_operator.py for tasks to queue
[2023-05-06T14:50:06.868+0000] {logging_mixin.py:137} INFO - [2023-05-06T14:50:06.868+0000] {dagbag.py:532} INFO - Filling up the DagBag from /home/airflow/.local/lib/python3.7/site-packages/airflow/example_dags/example_bash_operator.py
[2023-05-06T14:50:06.895+0000] {processor.py:753} INFO - DAG(s) dict_keys(['example_bash_operator']) retrieved from /home/airflow/.local/lib/python3.7/site-packages/airflow/example_dags/example_bash_operator.py
[2023-05-06T14:50:06.946+0000] {logging_mixin.py:137} INFO - [2023-05-06T14:50:06.946+0000] {dag.py:2693} INFO - Sync 1 DAGs
[2023-05-06T14:50:06.979+0000] {logging_mixin.py:137} INFO - [2023-05-06T14:50:06.979+0000] {dag.py:3444} INFO - Setting next_dagrun for example_bash_operator to 2023-05-05T00:00:00+00:00, run_after=2023-05-06T00:00:00+00:00
[2023-05-06T14:50:07.006+0000] {processor.py:175} INFO - Processing /home/airflow/.local/lib/python3.7/site-packages/airflow/example_dags/example_bash_operator.py took 0.145 seconds
[2023-05-06T14:50:39.049+0000] {processor.py:153} INFO - Started process (PID=536) to work on /home/airflow/.local/lib/python3.7/site-packages/airflow/example_dags/example_bash_operator.py
[2023-05-06T14:50:39.050+0000] {processor.py:743} INFO - Processing file /home/airflow/.local/lib/python3.7/site-packages/airflow/example_dags/example_bash_operator.py for tasks to queue
[2023-05-06T14:50:39.051+0000] {logging_mixin.py:137} INFO - [2023-05-06T14:50:39.050+0000] {dagbag.py:532} INFO - Filling up the DagBag from /home/airflow/.local/lib/python3.7/site-packages/airflow/example_dags/example_bash_operator.py
[2023-05-06T14:50:39.118+0000] {processor.py:753} INFO - DAG(s) dict_keys(['example_bash_operator']) retrieved from /home/airflow/.local/lib/python3.7/site-packages/airflow/example_dags/example_bash_operator.py
[2023-05-06T14:50:39.180+0000] {logging_mixin.py:137} INFO - [2023-05-06T14:50:39.180+0000] {dag.py:2693} INFO - Sync 1 DAGs
[2023-05-06T14:50:39.232+0000] {logging_mixin.py:137} INFO - [2023-05-06T14:50:39.232+0000] {dag.py:3444} INFO - Setting next_dagrun for example_bash_operator to 2023-05-05T00:00:00+00:00, run_after=2023-05-06T00:00:00+00:00
[2023-05-06T14:50:39.280+0000] {processor.py:175} INFO - Processing /home/airflow/.local/lib/python3.7/site-packages/airflow/example_dags/example_bash_operator.py took 0.239 seconds
[2023-05-06T14:51:10.218+0000] {processor.py:153} INFO - Started process (PID=587) to work on /home/airflow/.local/lib/python3.7/site-packages/airflow/example_dags/example_bash_operator.py
[2023-05-06T14:51:10.223+0000] {processor.py:743} INFO - Processing file /home/airflow/.local/lib/python3.7/site-packages/airflow/example_dags/example_bash_operator.py for tasks to queue
[2023-05-06T14:51:10.224+0000] {logging_mixin.py:137} INFO - [2023-05-06T14:51:10.223+0000] {dagbag.py:532} INFO - Filling up the DagBag from /home/airflow/.local/lib/python3.7/site-packages/airflow/example_dags/example_bash_operator.py
[2023-05-06T14:51:10.272+0000] {processor.py:753} INFO - DAG(s) dict_keys(['example_bash_operator']) retrieved from /home/airflow/.local/lib/python3.7/site-packages/airflow/example_dags/example_bash_operator.py
[2023-05-06T14:51:10.327+0000] {logging_mixin.py:137} INFO - [2023-05-06T14:51:10.327+0000] {dag.py:2693} INFO - Sync 1 DAGs
[2023-05-06T14:51:10.396+0000] {logging_mixin.py:137} INFO - [2023-05-06T14:51:10.396+0000] {dag.py:3444} INFO - Setting next_dagrun for example_bash_operator to 2023-05-05T00:00:00+00:00, run_after=2023-05-06T00:00:00+00:00
[2023-05-06T14:51:10.439+0000] {processor.py:175} INFO - Processing /home/airflow/.local/lib/python3.7/site-packages/airflow/example_dags/example_bash_operator.py took 0.232 seconds
[2023-05-06T14:51:41.265+0000] {processor.py:153} INFO - Started process (PID=638) to work on /home/airflow/.local/lib/python3.7/site-packages/airflow/example_dags/example_bash_operator.py
[2023-05-06T14:51:41.266+0000] {processor.py:743} INFO - Processing file /home/airflow/.local/lib/python3.7/site-packages/airflow/example_dags/example_bash_operator.py for tasks to queue
[2023-05-06T14:51:41.266+0000] {logging_mixin.py:137} INFO - [2023-05-06T14:51:41.266+0000] {dagbag.py:532} INFO - Filling up the DagBag from /home/airflow/.local/lib/python3.7/site-packages/airflow/example_dags/example_bash_operator.py
[2023-05-06T14:51:41.293+0000] {processor.py:753} INFO - DAG(s) dict_keys(['example_bash_operator']) retrieved from /home/airflow/.local/lib/python3.7/site-packages/airflow/example_dags/example_bash_operator.py
[2023-05-06T14:51:41.348+0000] {logging_mixin.py:137} INFO - [2023-05-06T14:51:41.348+0000] {dag.py:2693} INFO - Sync 1 DAGs
[2023-05-06T14:51:41.414+0000] {logging_mixin.py:137} INFO - [2023-05-06T14:51:41.414+0000] {dag.py:3444} INFO - Setting next_dagrun for example_bash_operator to 2023-05-05T00:00:00+00:00, run_after=2023-05-06T00:00:00+00:00
[2023-05-06T14:51:41.466+0000] {processor.py:175} INFO - Processing /home/airflow/.local/lib/python3.7/site-packages/airflow/example_dags/example_bash_operator.py took 0.205 seconds
[2023-05-06T14:52:11.922+0000] {processor.py:153} INFO - Started process (PID=689) to work on /home/airflow/.local/lib/python3.7/site-packages/airflow/example_dags/example_bash_operator.py
[2023-05-06T14:52:11.923+0000] {processor.py:743} INFO - Processing file /home/airflow/.local/lib/python3.7/site-packages/airflow/example_dags/example_bash_operator.py for tasks to queue
[2023-05-06T14:52:11.924+0000] {logging_mixin.py:137} INFO - [2023-05-06T14:52:11.924+0000] {dagbag.py:532} INFO - Filling up the DagBag from /home/airflow/.local/lib/python3.7/site-packages/airflow/example_dags/example_bash_operator.py
[2023-05-06T14:52:11.951+0000] {processor.py:753} INFO - DAG(s) dict_keys(['example_bash_operator']) retrieved from /home/airflow/.local/lib/python3.7/site-packages/airflow/example_dags/example_bash_operator.py
[2023-05-06T14:52:12.000+0000] {logging_mixin.py:137} INFO - [2023-05-06T14:52:11.999+0000] {dag.py:2693} INFO - Sync 1 DAGs
[2023-05-06T14:52:12.034+0000] {logging_mixin.py:137} INFO - [2023-05-06T14:52:12.034+0000] {dag.py:3444} INFO - Setting next_dagrun for example_bash_operator to 2023-05-05T00:00:00+00:00, run_after=2023-05-06T00:00:00+00:00
[2023-05-06T14:52:12.055+0000] {processor.py:175} INFO - Processing /home/airflow/.local/lib/python3.7/site-packages/airflow/example_dags/example_bash_operator.py took 0.138 seconds
[2023-05-06T14:52:42.295+0000] {processor.py:153} INFO - Started process (PID=741) to work on /home/airflow/.local/lib/python3.7/site-packages/airflow/example_dags/example_bash_operator.py
[2023-05-06T14:52:42.296+0000] {processor.py:743} INFO - Processing file /home/airflow/.local/lib/python3.7/site-packages/airflow/example_dags/example_bash_operator.py for tasks to queue
[2023-05-06T14:52:42.297+0000] {logging_mixin.py:137} INFO - [2023-05-06T14:52:42.296+0000] {dagbag.py:532} INFO - Filling up the DagBag from /home/airflow/.local/lib/python3.7/site-packages/airflow/example_dags/example_bash_operator.py
[2023-05-06T14:52:42.331+0000] {processor.py:753} INFO - DAG(s) dict_keys(['example_bash_operator']) retrieved from /home/airflow/.local/lib/python3.7/site-packages/airflow/example_dags/example_bash_operator.py
[2023-05-06T14:52:42.384+0000] {logging_mixin.py:137} INFO - [2023-05-06T14:52:42.384+0000] {dag.py:2693} INFO - Sync 1 DAGs
[2023-05-06T14:52:42.420+0000] {logging_mixin.py:137} INFO - [2023-05-06T14:52:42.420+0000] {dag.py:3444} INFO - Setting next_dagrun for example_bash_operator to 2023-05-05T00:00:00+00:00, run_after=2023-05-06T00:00:00+00:00
[2023-05-06T14:52:42.442+0000] {processor.py:175} INFO - Processing /home/airflow/.local/lib/python3.7/site-packages/airflow/example_dags/example_bash_operator.py took 0.152 seconds
[2023-05-06T14:53:12.864+0000] {processor.py:153} INFO - Started process (PID=791) to work on /home/airflow/.local/lib/python3.7/site-packages/airflow/example_dags/example_bash_operator.py
[2023-05-06T14:53:12.865+0000] {processor.py:743} INFO - Processing file /home/airflow/.local/lib/python3.7/site-packages/airflow/example_dags/example_bash_operator.py for tasks to queue
[2023-05-06T14:53:12.866+0000] {logging_mixin.py:137} INFO - [2023-05-06T14:53:12.866+0000] {dagbag.py:532} INFO - Filling up the DagBag from /home/airflow/.local/lib/python3.7/site-packages/airflow/example_dags/example_bash_operator.py
[2023-05-06T14:53:12.899+0000] {processor.py:753} INFO - DAG(s) dict_keys(['example_bash_operator']) retrieved from /home/airflow/.local/lib/python3.7/site-packages/airflow/example_dags/example_bash_operator.py
[2023-05-06T14:53:12.947+0000] {logging_mixin.py:137} INFO - [2023-05-06T14:53:12.947+0000] {dag.py:2693} INFO - Sync 1 DAGs
[2023-05-06T14:53:12.982+0000] {logging_mixin.py:137} INFO - [2023-05-06T14:53:12.982+0000] {dag.py:3444} INFO - Setting next_dagrun for example_bash_operator to 2023-05-05T00:00:00+00:00, run_after=2023-05-06T00:00:00+00:00
[2023-05-06T14:53:13.003+0000] {processor.py:175} INFO - Processing /home/airflow/.local/lib/python3.7/site-packages/airflow/example_dags/example_bash_operator.py took 0.142 seconds
[2023-05-06T14:53:43.436+0000] {processor.py:153} INFO - Started process (PID=841) to work on /home/airflow/.local/lib/python3.7/site-packages/airflow/example_dags/example_bash_operator.py
[2023-05-06T14:53:43.437+0000] {processor.py:743} INFO - Processing file /home/airflow/.local/lib/python3.7/site-packages/airflow/example_dags/example_bash_operator.py for tasks to queue
[2023-05-06T14:53:43.439+0000] {logging_mixin.py:137} INFO - [2023-05-06T14:53:43.438+0000] {dagbag.py:532} INFO - Filling up the DagBag from /home/airflow/.local/lib/python3.7/site-packages/airflow/example_dags/example_bash_operator.py
[2023-05-06T14:53:43.469+0000] {processor.py:753} INFO - DAG(s) dict_keys(['example_bash_operator']) retrieved from /home/airflow/.local/lib/python3.7/site-packages/airflow/example_dags/example_bash_operator.py
[2023-05-06T14:53:43.522+0000] {logging_mixin.py:137} INFO - [2023-05-06T14:53:43.521+0000] {dag.py:2693} INFO - Sync 1 DAGs
[2023-05-06T14:53:43.555+0000] {logging_mixin.py:137} INFO - [2023-05-06T14:53:43.554+0000] {dag.py:3444} INFO - Setting next_dagrun for example_bash_operator to 2023-05-05T00:00:00+00:00, run_after=2023-05-06T00:00:00+00:00
[2023-05-06T14:53:43.576+0000] {processor.py:175} INFO - Processing /home/airflow/.local/lib/python3.7/site-packages/airflow/example_dags/example_bash_operator.py took 0.144 seconds
[2023-05-06T14:54:14.157+0000] {processor.py:153} INFO - Started process (PID=891) to work on /home/airflow/.local/lib/python3.7/site-packages/airflow/example_dags/example_bash_operator.py
[2023-05-06T14:54:14.158+0000] {processor.py:743} INFO - Processing file /home/airflow/.local/lib/python3.7/site-packages/airflow/example_dags/example_bash_operator.py for tasks to queue
[2023-05-06T14:54:14.159+0000] {logging_mixin.py:137} INFO - [2023-05-06T14:54:14.158+0000] {dagbag.py:532} INFO - Filling up the DagBag from /home/airflow/.local/lib/python3.7/site-packages/airflow/example_dags/example_bash_operator.py
[2023-05-06T14:54:14.191+0000] {processor.py:753} INFO - DAG(s) dict_keys(['example_bash_operator']) retrieved from /home/airflow/.local/lib/python3.7/site-packages/airflow/example_dags/example_bash_operator.py
[2023-05-06T14:54:14.243+0000] {logging_mixin.py:137} INFO - [2023-05-06T14:54:14.242+0000] {dag.py:2693} INFO - Sync 1 DAGs
[2023-05-06T14:54:14.302+0000] {logging_mixin.py:137} INFO - [2023-05-06T14:54:14.301+0000] {dag.py:3444} INFO - Setting next_dagrun for example_bash_operator to 2023-05-05T00:00:00+00:00, run_after=2023-05-06T00:00:00+00:00
[2023-05-06T14:54:14.324+0000] {processor.py:175} INFO - Processing /home/airflow/.local/lib/python3.7/site-packages/airflow/example_dags/example_bash_operator.py took 0.171 seconds
[2023-05-06T14:54:44.643+0000] {processor.py:153} INFO - Started process (PID=942) to work on /home/airflow/.local/lib/python3.7/site-packages/airflow/example_dags/example_bash_operator.py
[2023-05-06T14:54:44.644+0000] {processor.py:743} INFO - Processing file /home/airflow/.local/lib/python3.7/site-packages/airflow/example_dags/example_bash_operator.py for tasks to queue
[2023-05-06T14:54:44.645+0000] {logging_mixin.py:137} INFO - [2023-05-06T14:54:44.645+0000] {dagbag.py:532} INFO - Filling up the DagBag from /home/airflow/.local/lib/python3.7/site-packages/airflow/example_dags/example_bash_operator.py
[2023-05-06T14:54:44.678+0000] {processor.py:753} INFO - DAG(s) dict_keys(['example_bash_operator']) retrieved from /home/airflow/.local/lib/python3.7/site-packages/airflow/example_dags/example_bash_operator.py
[2023-05-06T14:54:44.727+0000] {logging_mixin.py:137} INFO - [2023-05-06T14:54:44.727+0000] {dag.py:2693} INFO - Sync 1 DAGs
[2023-05-06T14:54:44.761+0000] {logging_mixin.py:137} INFO - [2023-05-06T14:54:44.761+0000] {dag.py:3444} INFO - Setting next_dagrun for example_bash_operator to 2023-05-05T00:00:00+00:00, run_after=2023-05-06T00:00:00+00:00
[2023-05-06T14:54:44.782+0000] {processor.py:175} INFO - Processing /home/airflow/.local/lib/python3.7/site-packages/airflow/example_dags/example_bash_operator.py took 0.143 seconds
[2023-05-06T14:55:15.147+0000] {processor.py:153} INFO - Started process (PID=993) to work on /home/airflow/.local/lib/python3.7/site-packages/airflow/example_dags/example_bash_operator.py
[2023-05-06T14:55:15.149+0000] {processor.py:743} INFO - Processing file /home/airflow/.local/lib/python3.7/site-packages/airflow/example_dags/example_bash_operator.py for tasks to queue
[2023-05-06T14:55:15.149+0000] {logging_mixin.py:137} INFO - [2023-05-06T14:55:15.149+0000] {dagbag.py:532} INFO - Filling up the DagBag from /home/airflow/.local/lib/python3.7/site-packages/airflow/example_dags/example_bash_operator.py
[2023-05-06T14:55:15.178+0000] {processor.py:753} INFO - DAG(s) dict_keys(['example_bash_operator']) retrieved from /home/airflow/.local/lib/python3.7/site-packages/airflow/example_dags/example_bash_operator.py
[2023-05-06T14:55:15.226+0000] {logging_mixin.py:137} INFO - [2023-05-06T14:55:15.226+0000] {dag.py:2693} INFO - Sync 1 DAGs
[2023-05-06T14:55:15.261+0000] {logging_mixin.py:137} INFO - [2023-05-06T14:55:15.261+0000] {dag.py:3444} INFO - Setting next_dagrun for example_bash_operator to 2023-05-05T00:00:00+00:00, run_after=2023-05-06T00:00:00+00:00
[2023-05-06T14:55:15.282+0000] {processor.py:175} INFO - Processing /home/airflow/.local/lib/python3.7/site-packages/airflow/example_dags/example_bash_operator.py took 0.139 seconds
[2023-05-06T14:55:45.934+0000] {processor.py:153} INFO - Started process (PID=1044) to work on /home/airflow/.local/lib/python3.7/site-packages/airflow/example_dags/example_bash_operator.py
[2023-05-06T14:55:45.935+0000] {processor.py:743} INFO - Processing file /home/airflow/.local/lib/python3.7/site-packages/airflow/example_dags/example_bash_operator.py for tasks to queue
[2023-05-06T14:55:45.936+0000] {logging_mixin.py:137} INFO - [2023-05-06T14:55:45.936+0000] {dagbag.py:532} INFO - Filling up the DagBag from /home/airflow/.local/lib/python3.7/site-packages/airflow/example_dags/example_bash_operator.py
[2023-05-06T14:55:45.966+0000] {processor.py:753} INFO - DAG(s) dict_keys(['example_bash_operator']) retrieved from /home/airflow/.local/lib/python3.7/site-packages/airflow/example_dags/example_bash_operator.py
[2023-05-06T14:55:46.021+0000] {logging_mixin.py:137} INFO - [2023-05-06T14:55:46.020+0000] {dag.py:2693} INFO - Sync 1 DAGs
[2023-05-06T14:55:46.054+0000] {logging_mixin.py:137} INFO - [2023-05-06T14:55:46.054+0000] {dag.py:3444} INFO - Setting next_dagrun for example_bash_operator to 2023-05-05T00:00:00+00:00, run_after=2023-05-06T00:00:00+00:00
[2023-05-06T14:55:46.075+0000] {processor.py:175} INFO - Processing /home/airflow/.local/lib/python3.7/site-packages/airflow/example_dags/example_bash_operator.py took 0.144 seconds
[2023-05-06T14:56:16.493+0000] {processor.py:153} INFO - Started process (PID=1095) to work on /home/airflow/.local/lib/python3.7/site-packages/airflow/example_dags/example_bash_operator.py
[2023-05-06T14:56:16.494+0000] {processor.py:743} INFO - Processing file /home/airflow/.local/lib/python3.7/site-packages/airflow/example_dags/example_bash_operator.py for tasks to queue
[2023-05-06T14:56:16.495+0000] {logging_mixin.py:137} INFO - [2023-05-06T14:56:16.495+0000] {dagbag.py:532} INFO - Filling up the DagBag from /home/airflow/.local/lib/python3.7/site-packages/airflow/example_dags/example_bash_operator.py
[2023-05-06T14:56:16.526+0000] {processor.py:753} INFO - DAG(s) dict_keys(['example_bash_operator']) retrieved from /home/airflow/.local/lib/python3.7/site-packages/airflow/example_dags/example_bash_operator.py
[2023-05-06T14:56:16.580+0000] {logging_mixin.py:137} INFO - [2023-05-06T14:56:16.579+0000] {dag.py:2693} INFO - Sync 1 DAGs
[2023-05-06T14:56:16.614+0000] {logging_mixin.py:137} INFO - [2023-05-06T14:56:16.613+0000] {dag.py:3444} INFO - Setting next_dagrun for example_bash_operator to 2023-05-05T00:00:00+00:00, run_after=2023-05-06T00:00:00+00:00
[2023-05-06T14:56:16.637+0000] {processor.py:175} INFO - Processing /home/airflow/.local/lib/python3.7/site-packages/airflow/example_dags/example_bash_operator.py took 0.148 seconds
[2023-05-06T14:56:47.545+0000] {processor.py:153} INFO - Started process (PID=1146) to work on /home/airflow/.local/lib/python3.7/site-packages/airflow/example_dags/example_bash_operator.py
[2023-05-06T14:56:47.546+0000] {processor.py:743} INFO - Processing file /home/airflow/.local/lib/python3.7/site-packages/airflow/example_dags/example_bash_operator.py for tasks to queue
[2023-05-06T14:56:47.547+0000] {logging_mixin.py:137} INFO - [2023-05-06T14:56:47.547+0000] {dagbag.py:532} INFO - Filling up the DagBag from /home/airflow/.local/lib/python3.7/site-packages/airflow/example_dags/example_bash_operator.py
[2023-05-06T14:56:47.574+0000] {processor.py:753} INFO - DAG(s) dict_keys(['example_bash_operator']) retrieved from /home/airflow/.local/lib/python3.7/site-packages/airflow/example_dags/example_bash_operator.py
[2023-05-06T14:56:47.624+0000] {logging_mixin.py:137} INFO - [2023-05-06T14:56:47.624+0000] {dag.py:2693} INFO - Sync 1 DAGs
[2023-05-06T14:56:47.660+0000] {logging_mixin.py:137} INFO - [2023-05-06T14:56:47.660+0000] {dag.py:3444} INFO - Setting next_dagrun for example_bash_operator to 2023-05-05T00:00:00+00:00, run_after=2023-05-06T00:00:00+00:00
[2023-05-06T14:56:47.682+0000] {processor.py:175} INFO - Processing /home/airflow/.local/lib/python3.7/site-packages/airflow/example_dags/example_bash_operator.py took 0.141 seconds
[2023-05-06T14:57:18.407+0000] {processor.py:153} INFO - Started process (PID=1197) to work on /home/airflow/.local/lib/python3.7/site-packages/airflow/example_dags/example_bash_operator.py
[2023-05-06T14:57:18.408+0000] {processor.py:743} INFO - Processing file /home/airflow/.local/lib/python3.7/site-packages/airflow/example_dags/example_bash_operator.py for tasks to queue
[2023-05-06T14:57:18.409+0000] {logging_mixin.py:137} INFO - [2023-05-06T14:57:18.409+0000] {dagbag.py:532} INFO - Filling up the DagBag from /home/airflow/.local/lib/python3.7/site-packages/airflow/example_dags/example_bash_operator.py
[2023-05-06T14:57:18.463+0000] {processor.py:753} INFO - DAG(s) dict_keys(['example_bash_operator']) retrieved from /home/airflow/.local/lib/python3.7/site-packages/airflow/example_dags/example_bash_operator.py
[2023-05-06T14:57:18.513+0000] {logging_mixin.py:137} INFO - [2023-05-06T14:57:18.513+0000] {dag.py:2693} INFO - Sync 1 DAGs
[2023-05-06T14:57:18.548+0000] {logging_mixin.py:137} INFO - [2023-05-06T14:57:18.547+0000] {dag.py:3444} INFO - Setting next_dagrun for example_bash_operator to 2023-05-05T00:00:00+00:00, run_after=2023-05-06T00:00:00+00:00
[2023-05-06T14:57:18.569+0000] {processor.py:175} INFO - Processing /home/airflow/.local/lib/python3.7/site-packages/airflow/example_dags/example_bash_operator.py took 0.165 seconds
[2023-05-06T14:57:48.859+0000] {processor.py:153} INFO - Started process (PID=1248) to work on /home/airflow/.local/lib/python3.7/site-packages/airflow/example_dags/example_bash_operator.py
[2023-05-06T14:57:48.860+0000] {processor.py:743} INFO - Processing file /home/airflow/.local/lib/python3.7/site-packages/airflow/example_dags/example_bash_operator.py for tasks to queue
[2023-05-06T14:57:48.861+0000] {logging_mixin.py:137} INFO - [2023-05-06T14:57:48.861+0000] {dagbag.py:532} INFO - Filling up the DagBag from /home/airflow/.local/lib/python3.7/site-packages/airflow/example_dags/example_bash_operator.py
[2023-05-06T14:57:48.889+0000] {processor.py:753} INFO - DAG(s) dict_keys(['example_bash_operator']) retrieved from /home/airflow/.local/lib/python3.7/site-packages/airflow/example_dags/example_bash_operator.py
[2023-05-06T14:57:48.966+0000] {logging_mixin.py:137} INFO - [2023-05-06T14:57:48.966+0000] {dag.py:2693} INFO - Sync 1 DAGs
[2023-05-06T14:57:49.011+0000] {logging_mixin.py:137} INFO - [2023-05-06T14:57:49.011+0000] {dag.py:3444} INFO - Setting next_dagrun for example_bash_operator to 2023-05-05T00:00:00+00:00, run_after=2023-05-06T00:00:00+00:00
[2023-05-06T14:57:49.033+0000] {processor.py:175} INFO - Processing /home/airflow/.local/lib/python3.7/site-packages/airflow/example_dags/example_bash_operator.py took 0.178 seconds
[2023-05-06T14:58:19.594+0000] {processor.py:153} INFO - Started process (PID=1298) to work on /home/airflow/.local/lib/python3.7/site-packages/airflow/example_dags/example_bash_operator.py
[2023-05-06T14:58:19.595+0000] {processor.py:743} INFO - Processing file /home/airflow/.local/lib/python3.7/site-packages/airflow/example_dags/example_bash_operator.py for tasks to queue
[2023-05-06T14:58:19.595+0000] {logging_mixin.py:137} INFO - [2023-05-06T14:58:19.595+0000] {dagbag.py:532} INFO - Filling up the DagBag from /home/airflow/.local/lib/python3.7/site-packages/airflow/example_dags/example_bash_operator.py
[2023-05-06T14:58:19.660+0000] {processor.py:753} INFO - DAG(s) dict_keys(['example_bash_operator']) retrieved from /home/airflow/.local/lib/python3.7/site-packages/airflow/example_dags/example_bash_operator.py
[2023-05-06T14:58:19.710+0000] {logging_mixin.py:137} INFO - [2023-05-06T14:58:19.710+0000] {dag.py:2693} INFO - Sync 1 DAGs
[2023-05-06T14:58:19.806+0000] {logging_mixin.py:137} INFO - [2023-05-06T14:58:19.806+0000] {dag.py:3444} INFO - Setting next_dagrun for example_bash_operator to 2023-05-05T00:00:00+00:00, run_after=2023-05-06T00:00:00+00:00
[2023-05-06T14:58:19.861+0000] {processor.py:175} INFO - Processing /home/airflow/.local/lib/python3.7/site-packages/airflow/example_dags/example_bash_operator.py took 0.283 seconds
[2023-05-06T14:58:50.369+0000] {processor.py:153} INFO - Started process (PID=1350) to work on /home/airflow/.local/lib/python3.7/site-packages/airflow/example_dags/example_bash_operator.py
[2023-05-06T14:58:50.379+0000] {processor.py:743} INFO - Processing file /home/airflow/.local/lib/python3.7/site-packages/airflow/example_dags/example_bash_operator.py for tasks to queue
[2023-05-06T14:58:50.380+0000] {logging_mixin.py:137} INFO - [2023-05-06T14:58:50.380+0000] {dagbag.py:532} INFO - Filling up the DagBag from /home/airflow/.local/lib/python3.7/site-packages/airflow/example_dags/example_bash_operator.py
[2023-05-06T14:58:50.433+0000] {processor.py:753} INFO - DAG(s) dict_keys(['example_bash_operator']) retrieved from /home/airflow/.local/lib/python3.7/site-packages/airflow/example_dags/example_bash_operator.py
[2023-05-06T14:58:50.482+0000] {logging_mixin.py:137} INFO - [2023-05-06T14:58:50.481+0000] {dag.py:2693} INFO - Sync 1 DAGs
[2023-05-06T14:58:50.517+0000] {logging_mixin.py:137} INFO - [2023-05-06T14:58:50.516+0000] {dag.py:3444} INFO - Setting next_dagrun for example_bash_operator to 2023-05-05T00:00:00+00:00, run_after=2023-05-06T00:00:00+00:00
[2023-05-06T14:58:50.556+0000] {processor.py:175} INFO - Processing /home/airflow/.local/lib/python3.7/site-packages/airflow/example_dags/example_bash_operator.py took 0.195 seconds
[2023-05-06T14:59:21.186+0000] {processor.py:153} INFO - Started process (PID=1401) to work on /home/airflow/.local/lib/python3.7/site-packages/airflow/example_dags/example_bash_operator.py
[2023-05-06T14:59:21.188+0000] {processor.py:743} INFO - Processing file /home/airflow/.local/lib/python3.7/site-packages/airflow/example_dags/example_bash_operator.py for tasks to queue
[2023-05-06T14:59:21.188+0000] {logging_mixin.py:137} INFO - [2023-05-06T14:59:21.188+0000] {dagbag.py:532} INFO - Filling up the DagBag from /home/airflow/.local/lib/python3.7/site-packages/airflow/example_dags/example_bash_operator.py
[2023-05-06T14:59:21.215+0000] {processor.py:753} INFO - DAG(s) dict_keys(['example_bash_operator']) retrieved from /home/airflow/.local/lib/python3.7/site-packages/airflow/example_dags/example_bash_operator.py
[2023-05-06T14:59:21.268+0000] {logging_mixin.py:137} INFO - [2023-05-06T14:59:21.268+0000] {dag.py:2693} INFO - Sync 1 DAGs
[2023-05-06T14:59:21.301+0000] {logging_mixin.py:137} INFO - [2023-05-06T14:59:21.301+0000] {dag.py:3444} INFO - Setting next_dagrun for example_bash_operator to 2023-05-05T00:00:00+00:00, run_after=2023-05-06T00:00:00+00:00
[2023-05-06T14:59:21.322+0000] {processor.py:175} INFO - Processing /home/airflow/.local/lib/python3.7/site-packages/airflow/example_dags/example_bash_operator.py took 0.140 seconds
[2023-05-06T14:59:51.834+0000] {processor.py:153} INFO - Started process (PID=1453) to work on /home/airflow/.local/lib/python3.7/site-packages/airflow/example_dags/example_bash_operator.py
[2023-05-06T14:59:51.835+0000] {processor.py:743} INFO - Processing file /home/airflow/.local/lib/python3.7/site-packages/airflow/example_dags/example_bash_operator.py for tasks to queue
[2023-05-06T14:59:51.836+0000] {logging_mixin.py:137} INFO - [2023-05-06T14:59:51.836+0000] {dagbag.py:532} INFO - Filling up the DagBag from /home/airflow/.local/lib/python3.7/site-packages/airflow/example_dags/example_bash_operator.py
[2023-05-06T14:59:51.868+0000] {processor.py:753} INFO - DAG(s) dict_keys(['example_bash_operator']) retrieved from /home/airflow/.local/lib/python3.7/site-packages/airflow/example_dags/example_bash_operator.py
[2023-05-06T14:59:51.917+0000] {logging_mixin.py:137} INFO - [2023-05-06T14:59:51.917+0000] {dag.py:2693} INFO - Sync 1 DAGs
[2023-05-06T14:59:51.951+0000] {logging_mixin.py:137} INFO - [2023-05-06T14:59:51.951+0000] {dag.py:3444} INFO - Setting next_dagrun for example_bash_operator to 2023-05-05T00:00:00+00:00, run_after=2023-05-06T00:00:00+00:00
[2023-05-06T14:59:51.972+0000] {processor.py:175} INFO - Processing /home/airflow/.local/lib/python3.7/site-packages/airflow/example_dags/example_bash_operator.py took 0.142 seconds
[2023-05-06T15:00:22.427+0000] {processor.py:153} INFO - Started process (PID=1504) to work on /home/airflow/.local/lib/python3.7/site-packages/airflow/example_dags/example_bash_operator.py
[2023-05-06T15:00:22.429+0000] {processor.py:743} INFO - Processing file /home/airflow/.local/lib/python3.7/site-packages/airflow/example_dags/example_bash_operator.py for tasks to queue
[2023-05-06T15:00:22.429+0000] {logging_mixin.py:137} INFO - [2023-05-06T15:00:22.429+0000] {dagbag.py:532} INFO - Filling up the DagBag from /home/airflow/.local/lib/python3.7/site-packages/airflow/example_dags/example_bash_operator.py
[2023-05-06T15:00:22.456+0000] {processor.py:753} INFO - DAG(s) dict_keys(['example_bash_operator']) retrieved from /home/airflow/.local/lib/python3.7/site-packages/airflow/example_dags/example_bash_operator.py
[2023-05-06T15:00:22.505+0000] {logging_mixin.py:137} INFO - [2023-05-06T15:00:22.505+0000] {dag.py:2693} INFO - Sync 1 DAGs
[2023-05-06T15:00:22.539+0000] {logging_mixin.py:137} INFO - [2023-05-06T15:00:22.539+0000] {dag.py:3444} INFO - Setting next_dagrun for example_bash_operator to 2023-05-05T00:00:00+00:00, run_after=2023-05-06T00:00:00+00:00
[2023-05-06T15:00:22.560+0000] {processor.py:175} INFO - Processing /home/airflow/.local/lib/python3.7/site-packages/airflow/example_dags/example_bash_operator.py took 0.137 seconds
[2023-05-06T15:00:52.957+0000] {processor.py:153} INFO - Started process (PID=1555) to work on /home/airflow/.local/lib/python3.7/site-packages/airflow/example_dags/example_bash_operator.py
[2023-05-06T15:00:52.958+0000] {processor.py:743} INFO - Processing file /home/airflow/.local/lib/python3.7/site-packages/airflow/example_dags/example_bash_operator.py for tasks to queue
[2023-05-06T15:00:52.959+0000] {logging_mixin.py:137} INFO - [2023-05-06T15:00:52.959+0000] {dagbag.py:532} INFO - Filling up the DagBag from /home/airflow/.local/lib/python3.7/site-packages/airflow/example_dags/example_bash_operator.py
[2023-05-06T15:00:52.990+0000] {processor.py:753} INFO - DAG(s) dict_keys(['example_bash_operator']) retrieved from /home/airflow/.local/lib/python3.7/site-packages/airflow/example_dags/example_bash_operator.py
[2023-05-06T15:00:53.046+0000] {logging_mixin.py:137} INFO - [2023-05-06T15:00:53.045+0000] {dag.py:2693} INFO - Sync 1 DAGs
[2023-05-06T15:00:53.080+0000] {logging_mixin.py:137} INFO - [2023-05-06T15:00:53.080+0000] {dag.py:3444} INFO - Setting next_dagrun for example_bash_operator to 2023-05-05T00:00:00+00:00, run_after=2023-05-06T00:00:00+00:00
[2023-05-06T15:00:53.101+0000] {processor.py:175} INFO - Processing /home/airflow/.local/lib/python3.7/site-packages/airflow/example_dags/example_bash_operator.py took 0.148 seconds
[2023-05-06T15:01:23.567+0000] {processor.py:153} INFO - Started process (PID=1607) to work on /home/airflow/.local/lib/python3.7/site-packages/airflow/example_dags/example_bash_operator.py
[2023-05-06T15:01:23.568+0000] {processor.py:743} INFO - Processing file /home/airflow/.local/lib/python3.7/site-packages/airflow/example_dags/example_bash_operator.py for tasks to queue
[2023-05-06T15:01:23.569+0000] {logging_mixin.py:137} INFO - [2023-05-06T15:01:23.568+0000] {dagbag.py:532} INFO - Filling up the DagBag from /home/airflow/.local/lib/python3.7/site-packages/airflow/example_dags/example_bash_operator.py
[2023-05-06T15:01:23.600+0000] {processor.py:753} INFO - DAG(s) dict_keys(['example_bash_operator']) retrieved from /home/airflow/.local/lib/python3.7/site-packages/airflow/example_dags/example_bash_operator.py
[2023-05-06T15:01:23.652+0000] {logging_mixin.py:137} INFO - [2023-05-06T15:01:23.652+0000] {dag.py:2693} INFO - Sync 1 DAGs
[2023-05-06T15:01:23.685+0000] {logging_mixin.py:137} INFO - [2023-05-06T15:01:23.685+0000] {dag.py:3444} INFO - Setting next_dagrun for example_bash_operator to 2023-05-05T00:00:00+00:00, run_after=2023-05-06T00:00:00+00:00
[2023-05-06T15:01:23.706+0000] {processor.py:175} INFO - Processing /home/airflow/.local/lib/python3.7/site-packages/airflow/example_dags/example_bash_operator.py took 0.144 seconds
[2023-05-06T15:01:54.306+0000] {processor.py:153} INFO - Started process (PID=1658) to work on /home/airflow/.local/lib/python3.7/site-packages/airflow/example_dags/example_bash_operator.py
[2023-05-06T15:01:54.307+0000] {processor.py:743} INFO - Processing file /home/airflow/.local/lib/python3.7/site-packages/airflow/example_dags/example_bash_operator.py for tasks to queue
[2023-05-06T15:01:54.308+0000] {logging_mixin.py:137} INFO - [2023-05-06T15:01:54.308+0000] {dagbag.py:532} INFO - Filling up the DagBag from /home/airflow/.local/lib/python3.7/site-packages/airflow/example_dags/example_bash_operator.py
[2023-05-06T15:01:54.338+0000] {processor.py:753} INFO - DAG(s) dict_keys(['example_bash_operator']) retrieved from /home/airflow/.local/lib/python3.7/site-packages/airflow/example_dags/example_bash_operator.py
[2023-05-06T15:01:54.388+0000] {logging_mixin.py:137} INFO - [2023-05-06T15:01:54.388+0000] {dag.py:2693} INFO - Sync 1 DAGs
[2023-05-06T15:01:54.424+0000] {logging_mixin.py:137} INFO - [2023-05-06T15:01:54.424+0000] {dag.py:3444} INFO - Setting next_dagrun for example_bash_operator to 2023-05-05T00:00:00+00:00, run_after=2023-05-06T00:00:00+00:00
[2023-05-06T15:01:54.445+0000] {processor.py:175} INFO - Processing /home/airflow/.local/lib/python3.7/site-packages/airflow/example_dags/example_bash_operator.py took 0.143 seconds
[2023-05-06T15:02:25.051+0000] {processor.py:153} INFO - Started process (PID=1709) to work on /home/airflow/.local/lib/python3.7/site-packages/airflow/example_dags/example_bash_operator.py
[2023-05-06T15:02:25.053+0000] {processor.py:743} INFO - Processing file /home/airflow/.local/lib/python3.7/site-packages/airflow/example_dags/example_bash_operator.py for tasks to queue
[2023-05-06T15:02:25.053+0000] {logging_mixin.py:137} INFO - [2023-05-06T15:02:25.053+0000] {dagbag.py:532} INFO - Filling up the DagBag from /home/airflow/.local/lib/python3.7/site-packages/airflow/example_dags/example_bash_operator.py
[2023-05-06T15:02:25.081+0000] {processor.py:753} INFO - DAG(s) dict_keys(['example_bash_operator']) retrieved from /home/airflow/.local/lib/python3.7/site-packages/airflow/example_dags/example_bash_operator.py
[2023-05-06T15:02:25.131+0000] {logging_mixin.py:137} INFO - [2023-05-06T15:02:25.131+0000] {dag.py:2693} INFO - Sync 1 DAGs
[2023-05-06T15:02:25.168+0000] {logging_mixin.py:137} INFO - [2023-05-06T15:02:25.168+0000] {dag.py:3444} INFO - Setting next_dagrun for example_bash_operator to 2023-05-05T00:00:00+00:00, run_after=2023-05-06T00:00:00+00:00
[2023-05-06T15:02:25.190+0000] {processor.py:175} INFO - Processing /home/airflow/.local/lib/python3.7/site-packages/airflow/example_dags/example_bash_operator.py took 0.143 seconds
[2023-05-06T15:02:55.871+0000] {processor.py:153} INFO - Started process (PID=1760) to work on /home/airflow/.local/lib/python3.7/site-packages/airflow/example_dags/example_bash_operator.py
[2023-05-06T15:02:55.875+0000] {processor.py:743} INFO - Processing file /home/airflow/.local/lib/python3.7/site-packages/airflow/example_dags/example_bash_operator.py for tasks to queue
[2023-05-06T15:02:55.880+0000] {logging_mixin.py:137} INFO - [2023-05-06T15:02:55.880+0000] {dagbag.py:532} INFO - Filling up the DagBag from /home/airflow/.local/lib/python3.7/site-packages/airflow/example_dags/example_bash_operator.py
[2023-05-06T15:02:55.908+0000] {processor.py:753} INFO - DAG(s) dict_keys(['example_bash_operator']) retrieved from /home/airflow/.local/lib/python3.7/site-packages/airflow/example_dags/example_bash_operator.py
[2023-05-06T15:02:55.958+0000] {logging_mixin.py:137} INFO - [2023-05-06T15:02:55.958+0000] {dag.py:2693} INFO - Sync 1 DAGs
[2023-05-06T15:02:55.996+0000] {logging_mixin.py:137} INFO - [2023-05-06T15:02:55.996+0000] {dag.py:3444} INFO - Setting next_dagrun for example_bash_operator to 2023-05-05T00:00:00+00:00, run_after=2023-05-06T00:00:00+00:00
[2023-05-06T15:02:56.017+0000] {processor.py:175} INFO - Processing /home/airflow/.local/lib/python3.7/site-packages/airflow/example_dags/example_bash_operator.py took 0.152 seconds
[2023-05-06T15:03:26.124+0000] {processor.py:153} INFO - Started process (PID=1811) to work on /home/airflow/.local/lib/python3.7/site-packages/airflow/example_dags/example_bash_operator.py
[2023-05-06T15:03:26.128+0000] {processor.py:743} INFO - Processing file /home/airflow/.local/lib/python3.7/site-packages/airflow/example_dags/example_bash_operator.py for tasks to queue
[2023-05-06T15:03:26.129+0000] {logging_mixin.py:137} INFO - [2023-05-06T15:03:26.128+0000] {dagbag.py:532} INFO - Filling up the DagBag from /home/airflow/.local/lib/python3.7/site-packages/airflow/example_dags/example_bash_operator.py
[2023-05-06T15:03:26.168+0000] {processor.py:753} INFO - DAG(s) dict_keys(['example_bash_operator']) retrieved from /home/airflow/.local/lib/python3.7/site-packages/airflow/example_dags/example_bash_operator.py
[2023-05-06T15:03:26.233+0000] {logging_mixin.py:137} INFO - [2023-05-06T15:03:26.232+0000] {dag.py:2693} INFO - Sync 1 DAGs
[2023-05-06T15:03:26.297+0000] {logging_mixin.py:137} INFO - [2023-05-06T15:03:26.297+0000] {dag.py:3444} INFO - Setting next_dagrun for example_bash_operator to 2023-05-05T00:00:00+00:00, run_after=2023-05-06T00:00:00+00:00
[2023-05-06T15:03:26.345+0000] {processor.py:175} INFO - Processing /home/airflow/.local/lib/python3.7/site-packages/airflow/example_dags/example_bash_operator.py took 0.231 seconds
[2023-05-06T15:03:57.102+0000] {processor.py:153} INFO - Started process (PID=1862) to work on /home/airflow/.local/lib/python3.7/site-packages/airflow/example_dags/example_bash_operator.py
[2023-05-06T15:03:57.103+0000] {processor.py:743} INFO - Processing file /home/airflow/.local/lib/python3.7/site-packages/airflow/example_dags/example_bash_operator.py for tasks to queue
[2023-05-06T15:03:57.104+0000] {logging_mixin.py:137} INFO - [2023-05-06T15:03:57.103+0000] {dagbag.py:532} INFO - Filling up the DagBag from /home/airflow/.local/lib/python3.7/site-packages/airflow/example_dags/example_bash_operator.py
[2023-05-06T15:03:57.131+0000] {processor.py:753} INFO - DAG(s) dict_keys(['example_bash_operator']) retrieved from /home/airflow/.local/lib/python3.7/site-packages/airflow/example_dags/example_bash_operator.py
[2023-05-06T15:03:57.180+0000] {logging_mixin.py:137} INFO - [2023-05-06T15:03:57.180+0000] {dag.py:2693} INFO - Sync 1 DAGs
[2023-05-06T15:03:57.214+0000] {logging_mixin.py:137} INFO - [2023-05-06T15:03:57.213+0000] {dag.py:3444} INFO - Setting next_dagrun for example_bash_operator to 2023-05-05T00:00:00+00:00, run_after=2023-05-06T00:00:00+00:00
[2023-05-06T15:03:57.238+0000] {processor.py:175} INFO - Processing /home/airflow/.local/lib/python3.7/site-packages/airflow/example_dags/example_bash_operator.py took 0.140 seconds
[2023-05-06T15:04:27.519+0000] {processor.py:153} INFO - Started process (PID=1913) to work on /home/airflow/.local/lib/python3.7/site-packages/airflow/example_dags/example_bash_operator.py
[2023-05-06T15:04:27.520+0000] {processor.py:743} INFO - Processing file /home/airflow/.local/lib/python3.7/site-packages/airflow/example_dags/example_bash_operator.py for tasks to queue
[2023-05-06T15:04:27.521+0000] {logging_mixin.py:137} INFO - [2023-05-06T15:04:27.521+0000] {dagbag.py:532} INFO - Filling up the DagBag from /home/airflow/.local/lib/python3.7/site-packages/airflow/example_dags/example_bash_operator.py
[2023-05-06T15:04:27.550+0000] {processor.py:753} INFO - DAG(s) dict_keys(['example_bash_operator']) retrieved from /home/airflow/.local/lib/python3.7/site-packages/airflow/example_dags/example_bash_operator.py
[2023-05-06T15:04:27.603+0000] {logging_mixin.py:137} INFO - [2023-05-06T15:04:27.603+0000] {dag.py:2693} INFO - Sync 1 DAGs
[2023-05-06T15:04:27.636+0000] {logging_mixin.py:137} INFO - [2023-05-06T15:04:27.636+0000] {dag.py:3444} INFO - Setting next_dagrun for example_bash_operator to 2023-05-05T00:00:00+00:00, run_after=2023-05-06T00:00:00+00:00
[2023-05-06T15:04:27.657+0000] {processor.py:175} INFO - Processing /home/airflow/.local/lib/python3.7/site-packages/airflow/example_dags/example_bash_operator.py took 0.142 seconds
[2023-05-06T15:04:58.100+0000] {processor.py:153} INFO - Started process (PID=1964) to work on /home/airflow/.local/lib/python3.7/site-packages/airflow/example_dags/example_bash_operator.py
[2023-05-06T15:04:58.101+0000] {processor.py:743} INFO - Processing file /home/airflow/.local/lib/python3.7/site-packages/airflow/example_dags/example_bash_operator.py for tasks to queue
[2023-05-06T15:04:58.102+0000] {logging_mixin.py:137} INFO - [2023-05-06T15:04:58.102+0000] {dagbag.py:532} INFO - Filling up the DagBag from /home/airflow/.local/lib/python3.7/site-packages/airflow/example_dags/example_bash_operator.py
[2023-05-06T15:04:58.130+0000] {processor.py:753} INFO - DAG(s) dict_keys(['example_bash_operator']) retrieved from /home/airflow/.local/lib/python3.7/site-packages/airflow/example_dags/example_bash_operator.py
[2023-05-06T15:04:58.202+0000] {logging_mixin.py:137} INFO - [2023-05-06T15:04:58.202+0000] {dag.py:2693} INFO - Sync 1 DAGs
[2023-05-06T15:04:58.235+0000] {logging_mixin.py:137} INFO - [2023-05-06T15:04:58.235+0000] {dag.py:3444} INFO - Setting next_dagrun for example_bash_operator to 2023-05-05T00:00:00+00:00, run_after=2023-05-06T00:00:00+00:00
[2023-05-06T15:04:58.255+0000] {processor.py:175} INFO - Processing /home/airflow/.local/lib/python3.7/site-packages/airflow/example_dags/example_bash_operator.py took 0.159 seconds
[2023-05-06T15:05:28.884+0000] {processor.py:153} INFO - Started process (PID=2015) to work on /home/airflow/.local/lib/python3.7/site-packages/airflow/example_dags/example_bash_operator.py
[2023-05-06T15:05:28.885+0000] {processor.py:743} INFO - Processing file /home/airflow/.local/lib/python3.7/site-packages/airflow/example_dags/example_bash_operator.py for tasks to queue
[2023-05-06T15:05:28.885+0000] {logging_mixin.py:137} INFO - [2023-05-06T15:05:28.885+0000] {dagbag.py:532} INFO - Filling up the DagBag from /home/airflow/.local/lib/python3.7/site-packages/airflow/example_dags/example_bash_operator.py
[2023-05-06T15:05:28.944+0000] {processor.py:753} INFO - DAG(s) dict_keys(['example_bash_operator']) retrieved from /home/airflow/.local/lib/python3.7/site-packages/airflow/example_dags/example_bash_operator.py
[2023-05-06T15:05:29.044+0000] {logging_mixin.py:137} INFO - [2023-05-06T15:05:29.043+0000] {dag.py:2693} INFO - Sync 1 DAGs
[2023-05-06T15:05:29.109+0000] {logging_mixin.py:137} INFO - [2023-05-06T15:05:29.109+0000] {dag.py:3444} INFO - Setting next_dagrun for example_bash_operator to 2023-05-05T00:00:00+00:00, run_after=2023-05-06T00:00:00+00:00
[2023-05-06T15:05:29.181+0000] {processor.py:175} INFO - Processing /home/airflow/.local/lib/python3.7/site-packages/airflow/example_dags/example_bash_operator.py took 0.309 seconds
[2023-05-06T15:05:59.706+0000] {processor.py:153} INFO - Started process (PID=2067) to work on /home/airflow/.local/lib/python3.7/site-packages/airflow/example_dags/example_bash_operator.py
[2023-05-06T15:05:59.707+0000] {processor.py:743} INFO - Processing file /home/airflow/.local/lib/python3.7/site-packages/airflow/example_dags/example_bash_operator.py for tasks to queue
[2023-05-06T15:05:59.708+0000] {logging_mixin.py:137} INFO - [2023-05-06T15:05:59.708+0000] {dagbag.py:532} INFO - Filling up the DagBag from /home/airflow/.local/lib/python3.7/site-packages/airflow/example_dags/example_bash_operator.py
[2023-05-06T15:05:59.749+0000] {processor.py:753} INFO - DAG(s) dict_keys(['example_bash_operator']) retrieved from /home/airflow/.local/lib/python3.7/site-packages/airflow/example_dags/example_bash_operator.py
[2023-05-06T15:05:59.843+0000] {logging_mixin.py:137} INFO - [2023-05-06T15:05:59.843+0000] {dag.py:2693} INFO - Sync 1 DAGs
[2023-05-06T15:05:59.886+0000] {logging_mixin.py:137} INFO - [2023-05-06T15:05:59.885+0000] {dag.py:3444} INFO - Setting next_dagrun for example_bash_operator to 2023-05-05T00:00:00+00:00, run_after=2023-05-06T00:00:00+00:00
[2023-05-06T15:05:59.908+0000] {processor.py:175} INFO - Processing /home/airflow/.local/lib/python3.7/site-packages/airflow/example_dags/example_bash_operator.py took 0.209 seconds
[2023-05-06T15:06:30.359+0000] {processor.py:153} INFO - Started process (PID=2116) to work on /home/airflow/.local/lib/python3.7/site-packages/airflow/example_dags/example_bash_operator.py
[2023-05-06T15:06:30.360+0000] {processor.py:743} INFO - Processing file /home/airflow/.local/lib/python3.7/site-packages/airflow/example_dags/example_bash_operator.py for tasks to queue
[2023-05-06T15:06:30.361+0000] {logging_mixin.py:137} INFO - [2023-05-06T15:06:30.361+0000] {dagbag.py:532} INFO - Filling up the DagBag from /home/airflow/.local/lib/python3.7/site-packages/airflow/example_dags/example_bash_operator.py
[2023-05-06T15:06:30.389+0000] {processor.py:753} INFO - DAG(s) dict_keys(['example_bash_operator']) retrieved from /home/airflow/.local/lib/python3.7/site-packages/airflow/example_dags/example_bash_operator.py
[2023-05-06T15:06:30.467+0000] {logging_mixin.py:137} INFO - [2023-05-06T15:06:30.467+0000] {dag.py:2693} INFO - Sync 1 DAGs
[2023-05-06T15:06:30.500+0000] {logging_mixin.py:137} INFO - [2023-05-06T15:06:30.500+0000] {dag.py:3444} INFO - Setting next_dagrun for example_bash_operator to 2023-05-05T00:00:00+00:00, run_after=2023-05-06T00:00:00+00:00
[2023-05-06T15:06:30.521+0000] {processor.py:175} INFO - Processing /home/airflow/.local/lib/python3.7/site-packages/airflow/example_dags/example_bash_operator.py took 0.166 seconds
[2023-05-06T15:07:01.011+0000] {processor.py:153} INFO - Started process (PID=2168) to work on /home/airflow/.local/lib/python3.7/site-packages/airflow/example_dags/example_bash_operator.py
[2023-05-06T15:07:01.013+0000] {processor.py:743} INFO - Processing file /home/airflow/.local/lib/python3.7/site-packages/airflow/example_dags/example_bash_operator.py for tasks to queue
[2023-05-06T15:07:01.013+0000] {logging_mixin.py:137} INFO - [2023-05-06T15:07:01.013+0000] {dagbag.py:532} INFO - Filling up the DagBag from /home/airflow/.local/lib/python3.7/site-packages/airflow/example_dags/example_bash_operator.py
[2023-05-06T15:07:01.041+0000] {processor.py:753} INFO - DAG(s) dict_keys(['example_bash_operator']) retrieved from /home/airflow/.local/lib/python3.7/site-packages/airflow/example_dags/example_bash_operator.py
[2023-05-06T15:07:01.091+0000] {logging_mixin.py:137} INFO - [2023-05-06T15:07:01.090+0000] {dag.py:2693} INFO - Sync 1 DAGs
[2023-05-06T15:07:01.130+0000] {logging_mixin.py:137} INFO - [2023-05-06T15:07:01.130+0000] {dag.py:3444} INFO - Setting next_dagrun for example_bash_operator to 2023-05-05T00:00:00+00:00, run_after=2023-05-06T00:00:00+00:00
[2023-05-06T15:07:01.152+0000] {processor.py:175} INFO - Processing /home/airflow/.local/lib/python3.7/site-packages/airflow/example_dags/example_bash_operator.py took 0.145 seconds
[2023-05-06T15:07:31.434+0000] {processor.py:153} INFO - Started process (PID=2218) to work on /home/airflow/.local/lib/python3.7/site-packages/airflow/example_dags/example_bash_operator.py
[2023-05-06T15:07:31.435+0000] {processor.py:743} INFO - Processing file /home/airflow/.local/lib/python3.7/site-packages/airflow/example_dags/example_bash_operator.py for tasks to queue
[2023-05-06T15:07:31.436+0000] {logging_mixin.py:137} INFO - [2023-05-06T15:07:31.436+0000] {dagbag.py:532} INFO - Filling up the DagBag from /home/airflow/.local/lib/python3.7/site-packages/airflow/example_dags/example_bash_operator.py
[2023-05-06T15:07:31.464+0000] {processor.py:753} INFO - DAG(s) dict_keys(['example_bash_operator']) retrieved from /home/airflow/.local/lib/python3.7/site-packages/airflow/example_dags/example_bash_operator.py
[2023-05-06T15:07:31.519+0000] {logging_mixin.py:137} INFO - [2023-05-06T15:07:31.518+0000] {dag.py:2693} INFO - Sync 1 DAGs
[2023-05-06T15:07:31.559+0000] {logging_mixin.py:137} INFO - [2023-05-06T15:07:31.558+0000] {dag.py:3444} INFO - Setting next_dagrun for example_bash_operator to 2023-05-05T00:00:00+00:00, run_after=2023-05-06T00:00:00+00:00
[2023-05-06T15:07:31.605+0000] {processor.py:175} INFO - Processing /home/airflow/.local/lib/python3.7/site-packages/airflow/example_dags/example_bash_operator.py took 0.174 seconds
[2023-05-06T15:08:01.947+0000] {processor.py:153} INFO - Started process (PID=2269) to work on /home/airflow/.local/lib/python3.7/site-packages/airflow/example_dags/example_bash_operator.py
[2023-05-06T15:08:01.949+0000] {processor.py:743} INFO - Processing file /home/airflow/.local/lib/python3.7/site-packages/airflow/example_dags/example_bash_operator.py for tasks to queue
[2023-05-06T15:08:01.950+0000] {logging_mixin.py:137} INFO - [2023-05-06T15:08:01.949+0000] {dagbag.py:532} INFO - Filling up the DagBag from /home/airflow/.local/lib/python3.7/site-packages/airflow/example_dags/example_bash_operator.py
[2023-05-06T15:08:01.979+0000] {processor.py:753} INFO - DAG(s) dict_keys(['example_bash_operator']) retrieved from /home/airflow/.local/lib/python3.7/site-packages/airflow/example_dags/example_bash_operator.py
[2023-05-06T15:08:02.031+0000] {logging_mixin.py:137} INFO - [2023-05-06T15:08:02.031+0000] {dag.py:2693} INFO - Sync 1 DAGs
[2023-05-06T15:08:02.069+0000] {logging_mixin.py:137} INFO - [2023-05-06T15:08:02.068+0000] {dag.py:3444} INFO - Setting next_dagrun for example_bash_operator to 2023-05-05T00:00:00+00:00, run_after=2023-05-06T00:00:00+00:00
[2023-05-06T15:08:02.091+0000] {processor.py:175} INFO - Processing /home/airflow/.local/lib/python3.7/site-packages/airflow/example_dags/example_bash_operator.py took 0.148 seconds
[2023-05-06T15:08:32.501+0000] {processor.py:153} INFO - Started process (PID=2320) to work on /home/airflow/.local/lib/python3.7/site-packages/airflow/example_dags/example_bash_operator.py
[2023-05-06T15:08:32.502+0000] {processor.py:743} INFO - Processing file /home/airflow/.local/lib/python3.7/site-packages/airflow/example_dags/example_bash_operator.py for tasks to queue
[2023-05-06T15:08:32.503+0000] {logging_mixin.py:137} INFO - [2023-05-06T15:08:32.502+0000] {dagbag.py:532} INFO - Filling up the DagBag from /home/airflow/.local/lib/python3.7/site-packages/airflow/example_dags/example_bash_operator.py
[2023-05-06T15:08:32.534+0000] {processor.py:753} INFO - DAG(s) dict_keys(['example_bash_operator']) retrieved from /home/airflow/.local/lib/python3.7/site-packages/airflow/example_dags/example_bash_operator.py
[2023-05-06T15:08:32.584+0000] {logging_mixin.py:137} INFO - [2023-05-06T15:08:32.584+0000] {dag.py:2693} INFO - Sync 1 DAGs
[2023-05-06T15:08:32.619+0000] {logging_mixin.py:137} INFO - [2023-05-06T15:08:32.618+0000] {dag.py:3444} INFO - Setting next_dagrun for example_bash_operator to 2023-05-05T00:00:00+00:00, run_after=2023-05-06T00:00:00+00:00
[2023-05-06T15:08:32.640+0000] {processor.py:175} INFO - Processing /home/airflow/.local/lib/python3.7/site-packages/airflow/example_dags/example_bash_operator.py took 0.144 seconds
[2023-05-06T15:09:03.272+0000] {processor.py:153} INFO - Started process (PID=2371) to work on /home/airflow/.local/lib/python3.7/site-packages/airflow/example_dags/example_bash_operator.py
[2023-05-06T15:09:03.281+0000] {processor.py:743} INFO - Processing file /home/airflow/.local/lib/python3.7/site-packages/airflow/example_dags/example_bash_operator.py for tasks to queue
[2023-05-06T15:09:03.282+0000] {logging_mixin.py:137} INFO - [2023-05-06T15:09:03.281+0000] {dagbag.py:532} INFO - Filling up the DagBag from /home/airflow/.local/lib/python3.7/site-packages/airflow/example_dags/example_bash_operator.py
[2023-05-06T15:09:03.327+0000] {processor.py:753} INFO - DAG(s) dict_keys(['example_bash_operator']) retrieved from /home/airflow/.local/lib/python3.7/site-packages/airflow/example_dags/example_bash_operator.py
[2023-05-06T15:09:03.442+0000] {logging_mixin.py:137} INFO - [2023-05-06T15:09:03.442+0000] {dag.py:2693} INFO - Sync 1 DAGs
[2023-05-06T15:09:03.494+0000] {logging_mixin.py:137} INFO - [2023-05-06T15:09:03.494+0000] {dag.py:3444} INFO - Setting next_dagrun for example_bash_operator to 2023-05-05T00:00:00+00:00, run_after=2023-05-06T00:00:00+00:00
[2023-05-06T15:09:03.536+0000] {processor.py:175} INFO - Processing /home/airflow/.local/lib/python3.7/site-packages/airflow/example_dags/example_bash_operator.py took 0.277 seconds
[2023-05-06T15:09:34.398+0000] {processor.py:153} INFO - Started process (PID=2422) to work on /home/airflow/.local/lib/python3.7/site-packages/airflow/example_dags/example_bash_operator.py
[2023-05-06T15:09:34.399+0000] {processor.py:743} INFO - Processing file /home/airflow/.local/lib/python3.7/site-packages/airflow/example_dags/example_bash_operator.py for tasks to queue
[2023-05-06T15:09:34.399+0000] {logging_mixin.py:137} INFO - [2023-05-06T15:09:34.399+0000] {dagbag.py:532} INFO - Filling up the DagBag from /home/airflow/.local/lib/python3.7/site-packages/airflow/example_dags/example_bash_operator.py
[2023-05-06T15:09:34.427+0000] {processor.py:753} INFO - DAG(s) dict_keys(['example_bash_operator']) retrieved from /home/airflow/.local/lib/python3.7/site-packages/airflow/example_dags/example_bash_operator.py
[2023-05-06T15:09:34.476+0000] {logging_mixin.py:137} INFO - [2023-05-06T15:09:34.476+0000] {dag.py:2693} INFO - Sync 1 DAGs
[2023-05-06T15:09:34.512+0000] {logging_mixin.py:137} INFO - [2023-05-06T15:09:34.512+0000] {dag.py:3444} INFO - Setting next_dagrun for example_bash_operator to 2023-05-05T00:00:00+00:00, run_after=2023-05-06T00:00:00+00:00
[2023-05-06T15:09:34.552+0000] {processor.py:175} INFO - Processing /home/airflow/.local/lib/python3.7/site-packages/airflow/example_dags/example_bash_operator.py took 0.158 seconds
[2023-05-06T15:10:05.191+0000] {processor.py:153} INFO - Started process (PID=2473) to work on /home/airflow/.local/lib/python3.7/site-packages/airflow/example_dags/example_bash_operator.py
[2023-05-06T15:10:05.193+0000] {processor.py:743} INFO - Processing file /home/airflow/.local/lib/python3.7/site-packages/airflow/example_dags/example_bash_operator.py for tasks to queue
[2023-05-06T15:10:05.193+0000] {logging_mixin.py:137} INFO - [2023-05-06T15:10:05.193+0000] {dagbag.py:532} INFO - Filling up the DagBag from /home/airflow/.local/lib/python3.7/site-packages/airflow/example_dags/example_bash_operator.py
[2023-05-06T15:10:05.221+0000] {processor.py:753} INFO - DAG(s) dict_keys(['example_bash_operator']) retrieved from /home/airflow/.local/lib/python3.7/site-packages/airflow/example_dags/example_bash_operator.py
[2023-05-06T15:10:05.282+0000] {logging_mixin.py:137} INFO - [2023-05-06T15:10:05.282+0000] {dag.py:2693} INFO - Sync 1 DAGs
[2023-05-06T15:10:05.316+0000] {logging_mixin.py:137} INFO - [2023-05-06T15:10:05.316+0000] {dag.py:3444} INFO - Setting next_dagrun for example_bash_operator to 2023-05-05T00:00:00+00:00, run_after=2023-05-06T00:00:00+00:00
[2023-05-06T15:10:05.340+0000] {processor.py:175} INFO - Processing /home/airflow/.local/lib/python3.7/site-packages/airflow/example_dags/example_bash_operator.py took 0.153 seconds
[2023-05-06T15:10:35.578+0000] {processor.py:153} INFO - Started process (PID=2524) to work on /home/airflow/.local/lib/python3.7/site-packages/airflow/example_dags/example_bash_operator.py
[2023-05-06T15:10:35.579+0000] {processor.py:743} INFO - Processing file /home/airflow/.local/lib/python3.7/site-packages/airflow/example_dags/example_bash_operator.py for tasks to queue
[2023-05-06T15:10:35.580+0000] {logging_mixin.py:137} INFO - [2023-05-06T15:10:35.579+0000] {dagbag.py:532} INFO - Filling up the DagBag from /home/airflow/.local/lib/python3.7/site-packages/airflow/example_dags/example_bash_operator.py
[2023-05-06T15:10:35.607+0000] {processor.py:753} INFO - DAG(s) dict_keys(['example_bash_operator']) retrieved from /home/airflow/.local/lib/python3.7/site-packages/airflow/example_dags/example_bash_operator.py
[2023-05-06T15:10:35.655+0000] {logging_mixin.py:137} INFO - [2023-05-06T15:10:35.655+0000] {dag.py:2693} INFO - Sync 1 DAGs
[2023-05-06T15:10:35.691+0000] {logging_mixin.py:137} INFO - [2023-05-06T15:10:35.690+0000] {dag.py:3444} INFO - Setting next_dagrun for example_bash_operator to 2023-05-05T00:00:00+00:00, run_after=2023-05-06T00:00:00+00:00
[2023-05-06T15:10:35.716+0000] {processor.py:175} INFO - Processing /home/airflow/.local/lib/python3.7/site-packages/airflow/example_dags/example_bash_operator.py took 0.143 seconds
[2023-05-06T15:11:06.612+0000] {processor.py:153} INFO - Started process (PID=2575) to work on /home/airflow/.local/lib/python3.7/site-packages/airflow/example_dags/example_bash_operator.py
[2023-05-06T15:11:06.613+0000] {processor.py:743} INFO - Processing file /home/airflow/.local/lib/python3.7/site-packages/airflow/example_dags/example_bash_operator.py for tasks to queue
[2023-05-06T15:11:06.614+0000] {logging_mixin.py:137} INFO - [2023-05-06T15:11:06.614+0000] {dagbag.py:532} INFO - Filling up the DagBag from /home/airflow/.local/lib/python3.7/site-packages/airflow/example_dags/example_bash_operator.py
[2023-05-06T15:11:06.641+0000] {processor.py:753} INFO - DAG(s) dict_keys(['example_bash_operator']) retrieved from /home/airflow/.local/lib/python3.7/site-packages/airflow/example_dags/example_bash_operator.py
[2023-05-06T15:11:06.690+0000] {logging_mixin.py:137} INFO - [2023-05-06T15:11:06.690+0000] {dag.py:2693} INFO - Sync 1 DAGs
[2023-05-06T15:11:06.726+0000] {logging_mixin.py:137} INFO - [2023-05-06T15:11:06.726+0000] {dag.py:3444} INFO - Setting next_dagrun for example_bash_operator to 2023-05-05T00:00:00+00:00, run_after=2023-05-06T00:00:00+00:00
[2023-05-06T15:11:06.752+0000] {processor.py:175} INFO - Processing /home/airflow/.local/lib/python3.7/site-packages/airflow/example_dags/example_bash_operator.py took 0.143 seconds
[2023-05-06T15:11:37.110+0000] {processor.py:153} INFO - Started process (PID=2626) to work on /home/airflow/.local/lib/python3.7/site-packages/airflow/example_dags/example_bash_operator.py
[2023-05-06T15:11:37.112+0000] {processor.py:743} INFO - Processing file /home/airflow/.local/lib/python3.7/site-packages/airflow/example_dags/example_bash_operator.py for tasks to queue
[2023-05-06T15:11:37.112+0000] {logging_mixin.py:137} INFO - [2023-05-06T15:11:37.112+0000] {dagbag.py:532} INFO - Filling up the DagBag from /home/airflow/.local/lib/python3.7/site-packages/airflow/example_dags/example_bash_operator.py
[2023-05-06T15:11:37.139+0000] {processor.py:753} INFO - DAG(s) dict_keys(['example_bash_operator']) retrieved from /home/airflow/.local/lib/python3.7/site-packages/airflow/example_dags/example_bash_operator.py
[2023-05-06T15:11:37.189+0000] {logging_mixin.py:137} INFO - [2023-05-06T15:11:37.189+0000] {dag.py:2693} INFO - Sync 1 DAGs
[2023-05-06T15:11:37.221+0000] {logging_mixin.py:137} INFO - [2023-05-06T15:11:37.221+0000] {dag.py:3444} INFO - Setting next_dagrun for example_bash_operator to 2023-05-05T00:00:00+00:00, run_after=2023-05-06T00:00:00+00:00
[2023-05-06T15:11:37.242+0000] {processor.py:175} INFO - Processing /home/airflow/.local/lib/python3.7/site-packages/airflow/example_dags/example_bash_operator.py took 0.136 seconds
[2023-05-06T15:12:08.155+0000] {processor.py:153} INFO - Started process (PID=2678) to work on /home/airflow/.local/lib/python3.7/site-packages/airflow/example_dags/example_bash_operator.py
[2023-05-06T15:12:08.155+0000] {processor.py:743} INFO - Processing file /home/airflow/.local/lib/python3.7/site-packages/airflow/example_dags/example_bash_operator.py for tasks to queue
[2023-05-06T15:12:08.156+0000] {logging_mixin.py:137} INFO - [2023-05-06T15:12:08.156+0000] {dagbag.py:532} INFO - Filling up the DagBag from /home/airflow/.local/lib/python3.7/site-packages/airflow/example_dags/example_bash_operator.py
[2023-05-06T15:12:08.184+0000] {processor.py:753} INFO - DAG(s) dict_keys(['example_bash_operator']) retrieved from /home/airflow/.local/lib/python3.7/site-packages/airflow/example_dags/example_bash_operator.py
[2023-05-06T15:12:08.234+0000] {logging_mixin.py:137} INFO - [2023-05-06T15:12:08.234+0000] {dag.py:2693} INFO - Sync 1 DAGs
[2023-05-06T15:12:08.268+0000] {logging_mixin.py:137} INFO - [2023-05-06T15:12:08.268+0000] {dag.py:3444} INFO - Setting next_dagrun for example_bash_operator to 2023-05-05T00:00:00+00:00, run_after=2023-05-06T00:00:00+00:00
[2023-05-06T15:12:08.289+0000] {processor.py:175} INFO - Processing /home/airflow/.local/lib/python3.7/site-packages/airflow/example_dags/example_bash_operator.py took 0.139 seconds
[2023-05-06T15:12:39.795+0000] {processor.py:153} INFO - Started process (PID=2729) to work on /home/airflow/.local/lib/python3.7/site-packages/airflow/example_dags/example_bash_operator.py
[2023-05-06T15:12:39.805+0000] {processor.py:743} INFO - Processing file /home/airflow/.local/lib/python3.7/site-packages/airflow/example_dags/example_bash_operator.py for tasks to queue
[2023-05-06T15:12:39.805+0000] {logging_mixin.py:137} INFO - [2023-05-06T15:12:39.805+0000] {dagbag.py:532} INFO - Filling up the DagBag from /home/airflow/.local/lib/python3.7/site-packages/airflow/example_dags/example_bash_operator.py
[2023-05-06T15:12:39.859+0000] {processor.py:753} INFO - DAG(s) dict_keys(['example_bash_operator']) retrieved from /home/airflow/.local/lib/python3.7/site-packages/airflow/example_dags/example_bash_operator.py
[2023-05-06T15:12:39.960+0000] {logging_mixin.py:137} INFO - [2023-05-06T15:12:39.960+0000] {dag.py:2693} INFO - Sync 1 DAGs
[2023-05-06T15:12:40.020+0000] {logging_mixin.py:137} INFO - [2023-05-06T15:12:40.020+0000] {dag.py:3444} INFO - Setting next_dagrun for example_bash_operator to 2023-05-05T00:00:00+00:00, run_after=2023-05-06T00:00:00+00:00
[2023-05-06T15:12:40.072+0000] {processor.py:175} INFO - Processing /home/airflow/.local/lib/python3.7/site-packages/airflow/example_dags/example_bash_operator.py took 0.281 seconds
[2023-05-06T15:13:10.978+0000] {processor.py:153} INFO - Started process (PID=2781) to work on /home/airflow/.local/lib/python3.7/site-packages/airflow/example_dags/example_bash_operator.py
[2023-05-06T15:13:10.979+0000] {processor.py:743} INFO - Processing file /home/airflow/.local/lib/python3.7/site-packages/airflow/example_dags/example_bash_operator.py for tasks to queue
[2023-05-06T15:13:10.979+0000] {logging_mixin.py:137} INFO - [2023-05-06T15:13:10.979+0000] {dagbag.py:532} INFO - Filling up the DagBag from /home/airflow/.local/lib/python3.7/site-packages/airflow/example_dags/example_bash_operator.py
[2023-05-06T15:13:11.034+0000] {processor.py:753} INFO - DAG(s) dict_keys(['example_bash_operator']) retrieved from /home/airflow/.local/lib/python3.7/site-packages/airflow/example_dags/example_bash_operator.py
[2023-05-06T15:13:11.138+0000] {logging_mixin.py:137} INFO - [2023-05-06T15:13:11.137+0000] {dag.py:2693} INFO - Sync 1 DAGs
[2023-05-06T15:13:11.204+0000] {logging_mixin.py:137} INFO - [2023-05-06T15:13:11.204+0000] {dag.py:3444} INFO - Setting next_dagrun for example_bash_operator to 2023-05-05T00:00:00+00:00, run_after=2023-05-06T00:00:00+00:00
[2023-05-06T15:13:11.252+0000] {processor.py:175} INFO - Processing /home/airflow/.local/lib/python3.7/site-packages/airflow/example_dags/example_bash_operator.py took 0.279 seconds
[2023-05-06T15:13:41.691+0000] {processor.py:153} INFO - Started process (PID=2832) to work on /home/airflow/.local/lib/python3.7/site-packages/airflow/example_dags/example_bash_operator.py
[2023-05-06T15:13:41.693+0000] {processor.py:743} INFO - Processing file /home/airflow/.local/lib/python3.7/site-packages/airflow/example_dags/example_bash_operator.py for tasks to queue
[2023-05-06T15:13:41.693+0000] {logging_mixin.py:137} INFO - [2023-05-06T15:13:41.693+0000] {dagbag.py:532} INFO - Filling up the DagBag from /home/airflow/.local/lib/python3.7/site-packages/airflow/example_dags/example_bash_operator.py
[2023-05-06T15:13:41.722+0000] {processor.py:753} INFO - DAG(s) dict_keys(['example_bash_operator']) retrieved from /home/airflow/.local/lib/python3.7/site-packages/airflow/example_dags/example_bash_operator.py
[2023-05-06T15:13:41.778+0000] {logging_mixin.py:137} INFO - [2023-05-06T15:13:41.778+0000] {dag.py:2693} INFO - Sync 1 DAGs
[2023-05-06T15:13:41.844+0000] {logging_mixin.py:137} INFO - [2023-05-06T15:13:41.843+0000] {dag.py:3444} INFO - Setting next_dagrun for example_bash_operator to 2023-05-05T00:00:00+00:00, run_after=2023-05-06T00:00:00+00:00
[2023-05-06T15:13:41.881+0000] {processor.py:175} INFO - Processing /home/airflow/.local/lib/python3.7/site-packages/airflow/example_dags/example_bash_operator.py took 0.193 seconds
[2023-05-06T15:14:12.197+0000] {processor.py:153} INFO - Started process (PID=2890) to work on /home/airflow/.local/lib/python3.7/site-packages/airflow/example_dags/example_bash_operator.py
[2023-05-06T15:14:12.198+0000] {processor.py:743} INFO - Processing file /home/airflow/.local/lib/python3.7/site-packages/airflow/example_dags/example_bash_operator.py for tasks to queue
[2023-05-06T15:14:12.199+0000] {logging_mixin.py:137} INFO - [2023-05-06T15:14:12.198+0000] {dagbag.py:532} INFO - Filling up the DagBag from /home/airflow/.local/lib/python3.7/site-packages/airflow/example_dags/example_bash_operator.py
[2023-05-06T15:14:12.228+0000] {processor.py:753} INFO - DAG(s) dict_keys(['example_bash_operator']) retrieved from /home/airflow/.local/lib/python3.7/site-packages/airflow/example_dags/example_bash_operator.py
[2023-05-06T15:14:12.278+0000] {logging_mixin.py:137} INFO - [2023-05-06T15:14:12.278+0000] {dag.py:2693} INFO - Sync 1 DAGs
[2023-05-06T15:14:12.312+0000] {logging_mixin.py:137} INFO - [2023-05-06T15:14:12.312+0000] {dag.py:3444} INFO - Setting next_dagrun for example_bash_operator to 2023-05-05T00:00:00+00:00, run_after=2023-05-06T00:00:00+00:00
[2023-05-06T15:14:12.334+0000] {processor.py:175} INFO - Processing /home/airflow/.local/lib/python3.7/site-packages/airflow/example_dags/example_bash_operator.py took 0.141 seconds
[2023-05-06T15:14:42.830+0000] {processor.py:153} INFO - Started process (PID=2941) to work on /home/airflow/.local/lib/python3.7/site-packages/airflow/example_dags/example_bash_operator.py
[2023-05-06T15:14:42.831+0000] {processor.py:743} INFO - Processing file /home/airflow/.local/lib/python3.7/site-packages/airflow/example_dags/example_bash_operator.py for tasks to queue
[2023-05-06T15:14:42.832+0000] {logging_mixin.py:137} INFO - [2023-05-06T15:14:42.832+0000] {dagbag.py:532} INFO - Filling up the DagBag from /home/airflow/.local/lib/python3.7/site-packages/airflow/example_dags/example_bash_operator.py
[2023-05-06T15:14:42.859+0000] {processor.py:753} INFO - DAG(s) dict_keys(['example_bash_operator']) retrieved from /home/airflow/.local/lib/python3.7/site-packages/airflow/example_dags/example_bash_operator.py
[2023-05-06T15:14:42.920+0000] {logging_mixin.py:137} INFO - [2023-05-06T15:14:42.920+0000] {dag.py:2693} INFO - Sync 1 DAGs
[2023-05-06T15:14:42.956+0000] {logging_mixin.py:137} INFO - [2023-05-06T15:14:42.956+0000] {dag.py:3444} INFO - Setting next_dagrun for example_bash_operator to 2023-05-05T00:00:00+00:00, run_after=2023-05-06T00:00:00+00:00
[2023-05-06T15:14:42.978+0000] {processor.py:175} INFO - Processing /home/airflow/.local/lib/python3.7/site-packages/airflow/example_dags/example_bash_operator.py took 0.152 seconds
[2023-05-06T15:15:13.409+0000] {processor.py:153} INFO - Started process (PID=2992) to work on /home/airflow/.local/lib/python3.7/site-packages/airflow/example_dags/example_bash_operator.py
[2023-05-06T15:15:13.411+0000] {processor.py:743} INFO - Processing file /home/airflow/.local/lib/python3.7/site-packages/airflow/example_dags/example_bash_operator.py for tasks to queue
[2023-05-06T15:15:13.412+0000] {logging_mixin.py:137} INFO - [2023-05-06T15:15:13.412+0000] {dagbag.py:532} INFO - Filling up the DagBag from /home/airflow/.local/lib/python3.7/site-packages/airflow/example_dags/example_bash_operator.py
[2023-05-06T15:15:13.441+0000] {processor.py:753} INFO - DAG(s) dict_keys(['example_bash_operator']) retrieved from /home/airflow/.local/lib/python3.7/site-packages/airflow/example_dags/example_bash_operator.py
[2023-05-06T15:15:13.498+0000] {logging_mixin.py:137} INFO - [2023-05-06T15:15:13.498+0000] {dag.py:2693} INFO - Sync 1 DAGs
[2023-05-06T15:15:13.534+0000] {logging_mixin.py:137} INFO - [2023-05-06T15:15:13.534+0000] {dag.py:3444} INFO - Setting next_dagrun for example_bash_operator to 2023-05-05T00:00:00+00:00, run_after=2023-05-06T00:00:00+00:00
[2023-05-06T15:15:13.557+0000] {processor.py:175} INFO - Processing /home/airflow/.local/lib/python3.7/site-packages/airflow/example_dags/example_bash_operator.py took 0.152 seconds
