[2023-05-06T14:46:01.966+0000] {processor.py:153} INFO - Started process (PID=62) to work on /home/airflow/.local/lib/python3.7/site-packages/airflow/example_dags/example_latest_only.py
[2023-05-06T14:46:01.967+0000] {processor.py:743} INFO - Processing file /home/airflow/.local/lib/python3.7/site-packages/airflow/example_dags/example_latest_only.py for tasks to queue
[2023-05-06T14:46:01.968+0000] {logging_mixin.py:137} INFO - [2023-05-06T14:46:01.968+0000] {dagbag.py:532} INFO - Filling up the DagBag from /home/airflow/.local/lib/python3.7/site-packages/airflow/example_dags/example_latest_only.py
[2023-05-06T14:46:01.994+0000] {processor.py:753} INFO - DAG(s) dict_keys(['latest_only']) retrieved from /home/airflow/.local/lib/python3.7/site-packages/airflow/example_dags/example_latest_only.py
[2023-05-06T14:46:02.044+0000] {logging_mixin.py:137} INFO - [2023-05-06T14:46:02.044+0000] {dag.py:2693} INFO - Sync 1 DAGs
[2023-05-06T14:46:02.098+0000] {logging_mixin.py:137} INFO - [2023-05-06T14:46:02.098+0000] {dag.py:3444} INFO - Setting next_dagrun for latest_only to 2023-05-06T10:46:02.098348+00:00, run_after=2023-05-06T14:46:02.098348+00:00
[2023-05-06T14:46:02.123+0000] {processor.py:175} INFO - Processing /home/airflow/.local/lib/python3.7/site-packages/airflow/example_dags/example_latest_only.py took 0.161 seconds
[2023-05-06T14:46:32.963+0000] {processor.py:153} INFO - Started process (PID=113) to work on /home/airflow/.local/lib/python3.7/site-packages/airflow/example_dags/example_latest_only.py
[2023-05-06T14:46:32.965+0000] {processor.py:743} INFO - Processing file /home/airflow/.local/lib/python3.7/site-packages/airflow/example_dags/example_latest_only.py for tasks to queue
[2023-05-06T14:46:32.966+0000] {logging_mixin.py:137} INFO - [2023-05-06T14:46:32.965+0000] {dagbag.py:532} INFO - Filling up the DagBag from /home/airflow/.local/lib/python3.7/site-packages/airflow/example_dags/example_latest_only.py
[2023-05-06T14:46:32.985+0000] {processor.py:753} INFO - DAG(s) dict_keys(['latest_only']) retrieved from /home/airflow/.local/lib/python3.7/site-packages/airflow/example_dags/example_latest_only.py
[2023-05-06T14:46:33.019+0000] {logging_mixin.py:137} INFO - [2023-05-06T14:46:33.019+0000] {dag.py:2693} INFO - Sync 1 DAGs
[2023-05-06T14:46:33.050+0000] {logging_mixin.py:137} INFO - [2023-05-06T14:46:33.050+0000] {dag.py:3444} INFO - Setting next_dagrun for latest_only to 2023-05-06T10:46:33.050362+00:00, run_after=2023-05-06T14:46:33.050362+00:00
[2023-05-06T14:46:33.073+0000] {processor.py:175} INFO - Processing /home/airflow/.local/lib/python3.7/site-packages/airflow/example_dags/example_latest_only.py took 0.114 seconds
[2023-05-06T14:47:03.359+0000] {processor.py:153} INFO - Started process (PID=164) to work on /home/airflow/.local/lib/python3.7/site-packages/airflow/example_dags/example_latest_only.py
[2023-05-06T14:47:03.361+0000] {processor.py:743} INFO - Processing file /home/airflow/.local/lib/python3.7/site-packages/airflow/example_dags/example_latest_only.py for tasks to queue
[2023-05-06T14:47:03.361+0000] {logging_mixin.py:137} INFO - [2023-05-06T14:47:03.361+0000] {dagbag.py:532} INFO - Filling up the DagBag from /home/airflow/.local/lib/python3.7/site-packages/airflow/example_dags/example_latest_only.py
[2023-05-06T14:47:03.378+0000] {processor.py:753} INFO - DAG(s) dict_keys(['latest_only']) retrieved from /home/airflow/.local/lib/python3.7/site-packages/airflow/example_dags/example_latest_only.py
[2023-05-06T14:47:03.408+0000] {logging_mixin.py:137} INFO - [2023-05-06T14:47:03.408+0000] {dag.py:2693} INFO - Sync 1 DAGs
[2023-05-06T14:47:03.442+0000] {logging_mixin.py:137} INFO - [2023-05-06T14:47:03.442+0000] {dag.py:3444} INFO - Setting next_dagrun for latest_only to 2023-05-06T10:47:03.441990+00:00, run_after=2023-05-06T14:47:03.441990+00:00
[2023-05-06T14:47:03.464+0000] {processor.py:175} INFO - Processing /home/airflow/.local/lib/python3.7/site-packages/airflow/example_dags/example_latest_only.py took 0.108 seconds
[2023-05-06T14:47:33.861+0000] {processor.py:153} INFO - Started process (PID=215) to work on /home/airflow/.local/lib/python3.7/site-packages/airflow/example_dags/example_latest_only.py
[2023-05-06T14:47:33.863+0000] {processor.py:743} INFO - Processing file /home/airflow/.local/lib/python3.7/site-packages/airflow/example_dags/example_latest_only.py for tasks to queue
[2023-05-06T14:47:33.863+0000] {logging_mixin.py:137} INFO - [2023-05-06T14:47:33.863+0000] {dagbag.py:532} INFO - Filling up the DagBag from /home/airflow/.local/lib/python3.7/site-packages/airflow/example_dags/example_latest_only.py
[2023-05-06T14:47:33.880+0000] {processor.py:753} INFO - DAG(s) dict_keys(['latest_only']) retrieved from /home/airflow/.local/lib/python3.7/site-packages/airflow/example_dags/example_latest_only.py
[2023-05-06T14:47:33.910+0000] {logging_mixin.py:137} INFO - [2023-05-06T14:47:33.910+0000] {dag.py:2693} INFO - Sync 1 DAGs
[2023-05-06T14:47:33.941+0000] {logging_mixin.py:137} INFO - [2023-05-06T14:47:33.941+0000] {dag.py:3444} INFO - Setting next_dagrun for latest_only to 2023-05-06T10:47:33.941198+00:00, run_after=2023-05-06T14:47:33.941198+00:00
[2023-05-06T14:47:33.964+0000] {processor.py:175} INFO - Processing /home/airflow/.local/lib/python3.7/site-packages/airflow/example_dags/example_latest_only.py took 0.107 seconds
[2023-05-06T14:48:04.296+0000] {processor.py:153} INFO - Started process (PID=267) to work on /home/airflow/.local/lib/python3.7/site-packages/airflow/example_dags/example_latest_only.py
[2023-05-06T14:48:04.297+0000] {processor.py:743} INFO - Processing file /home/airflow/.local/lib/python3.7/site-packages/airflow/example_dags/example_latest_only.py for tasks to queue
[2023-05-06T14:48:04.298+0000] {logging_mixin.py:137} INFO - [2023-05-06T14:48:04.298+0000] {dagbag.py:532} INFO - Filling up the DagBag from /home/airflow/.local/lib/python3.7/site-packages/airflow/example_dags/example_latest_only.py
[2023-05-06T14:48:04.314+0000] {processor.py:753} INFO - DAG(s) dict_keys(['latest_only']) retrieved from /home/airflow/.local/lib/python3.7/site-packages/airflow/example_dags/example_latest_only.py
[2023-05-06T14:48:04.345+0000] {logging_mixin.py:137} INFO - [2023-05-06T14:48:04.345+0000] {dag.py:2693} INFO - Sync 1 DAGs
[2023-05-06T14:48:04.379+0000] {logging_mixin.py:137} INFO - [2023-05-06T14:48:04.379+0000] {dag.py:3444} INFO - Setting next_dagrun for latest_only to 2023-05-06T10:48:04.379265+00:00, run_after=2023-05-06T14:48:04.379265+00:00
[2023-05-06T14:48:04.404+0000] {processor.py:175} INFO - Processing /home/airflow/.local/lib/python3.7/site-packages/airflow/example_dags/example_latest_only.py took 0.112 seconds
[2023-05-06T14:48:34.848+0000] {processor.py:153} INFO - Started process (PID=318) to work on /home/airflow/.local/lib/python3.7/site-packages/airflow/example_dags/example_latest_only.py
[2023-05-06T14:48:34.849+0000] {processor.py:743} INFO - Processing file /home/airflow/.local/lib/python3.7/site-packages/airflow/example_dags/example_latest_only.py for tasks to queue
[2023-05-06T14:48:34.850+0000] {logging_mixin.py:137} INFO - [2023-05-06T14:48:34.850+0000] {dagbag.py:532} INFO - Filling up the DagBag from /home/airflow/.local/lib/python3.7/site-packages/airflow/example_dags/example_latest_only.py
[2023-05-06T14:48:34.866+0000] {processor.py:753} INFO - DAG(s) dict_keys(['latest_only']) retrieved from /home/airflow/.local/lib/python3.7/site-packages/airflow/example_dags/example_latest_only.py
[2023-05-06T14:48:34.896+0000] {logging_mixin.py:137} INFO - [2023-05-06T14:48:34.896+0000] {dag.py:2693} INFO - Sync 1 DAGs
[2023-05-06T14:48:34.932+0000] {logging_mixin.py:137} INFO - [2023-05-06T14:48:34.932+0000] {dag.py:3444} INFO - Setting next_dagrun for latest_only to 2023-05-06T10:48:34.932444+00:00, run_after=2023-05-06T14:48:34.932444+00:00
[2023-05-06T14:48:34.955+0000] {processor.py:175} INFO - Processing /home/airflow/.local/lib/python3.7/site-packages/airflow/example_dags/example_latest_only.py took 0.111 seconds
[2023-05-06T14:49:05.207+0000] {processor.py:153} INFO - Started process (PID=369) to work on /home/airflow/.local/lib/python3.7/site-packages/airflow/example_dags/example_latest_only.py
[2023-05-06T14:49:05.208+0000] {processor.py:743} INFO - Processing file /home/airflow/.local/lib/python3.7/site-packages/airflow/example_dags/example_latest_only.py for tasks to queue
[2023-05-06T14:49:05.209+0000] {logging_mixin.py:137} INFO - [2023-05-06T14:49:05.209+0000] {dagbag.py:532} INFO - Filling up the DagBag from /home/airflow/.local/lib/python3.7/site-packages/airflow/example_dags/example_latest_only.py
[2023-05-06T14:49:05.226+0000] {processor.py:753} INFO - DAG(s) dict_keys(['latest_only']) retrieved from /home/airflow/.local/lib/python3.7/site-packages/airflow/example_dags/example_latest_only.py
[2023-05-06T14:49:05.256+0000] {logging_mixin.py:137} INFO - [2023-05-06T14:49:05.255+0000] {dag.py:2693} INFO - Sync 1 DAGs
[2023-05-06T14:49:05.287+0000] {logging_mixin.py:137} INFO - [2023-05-06T14:49:05.287+0000] {dag.py:3444} INFO - Setting next_dagrun for latest_only to 2023-05-06T10:49:05.287321+00:00, run_after=2023-05-06T14:49:05.287321+00:00
[2023-05-06T14:49:05.309+0000] {processor.py:175} INFO - Processing /home/airflow/.local/lib/python3.7/site-packages/airflow/example_dags/example_latest_only.py took 0.105 seconds
[2023-05-06T14:49:35.436+0000] {processor.py:153} INFO - Started process (PID=420) to work on /home/airflow/.local/lib/python3.7/site-packages/airflow/example_dags/example_latest_only.py
[2023-05-06T14:49:35.438+0000] {processor.py:743} INFO - Processing file /home/airflow/.local/lib/python3.7/site-packages/airflow/example_dags/example_latest_only.py for tasks to queue
[2023-05-06T14:49:35.438+0000] {logging_mixin.py:137} INFO - [2023-05-06T14:49:35.438+0000] {dagbag.py:532} INFO - Filling up the DagBag from /home/airflow/.local/lib/python3.7/site-packages/airflow/example_dags/example_latest_only.py
[2023-05-06T14:49:35.455+0000] {processor.py:753} INFO - DAG(s) dict_keys(['latest_only']) retrieved from /home/airflow/.local/lib/python3.7/site-packages/airflow/example_dags/example_latest_only.py
[2023-05-06T14:49:35.486+0000] {logging_mixin.py:137} INFO - [2023-05-06T14:49:35.486+0000] {dag.py:2693} INFO - Sync 1 DAGs
[2023-05-06T14:49:35.519+0000] {logging_mixin.py:137} INFO - [2023-05-06T14:49:35.519+0000] {dag.py:3444} INFO - Setting next_dagrun for latest_only to 2023-05-06T10:49:35.518807+00:00, run_after=2023-05-06T14:49:35.518807+00:00
[2023-05-06T14:49:35.543+0000] {processor.py:175} INFO - Processing /home/airflow/.local/lib/python3.7/site-packages/airflow/example_dags/example_latest_only.py took 0.112 seconds
[2023-05-06T14:50:06.160+0000] {processor.py:153} INFO - Started process (PID=471) to work on /home/airflow/.local/lib/python3.7/site-packages/airflow/example_dags/example_latest_only.py
[2023-05-06T14:50:06.162+0000] {processor.py:743} INFO - Processing file /home/airflow/.local/lib/python3.7/site-packages/airflow/example_dags/example_latest_only.py for tasks to queue
[2023-05-06T14:50:06.162+0000] {logging_mixin.py:137} INFO - [2023-05-06T14:50:06.162+0000] {dagbag.py:532} INFO - Filling up the DagBag from /home/airflow/.local/lib/python3.7/site-packages/airflow/example_dags/example_latest_only.py
[2023-05-06T14:50:06.179+0000] {processor.py:753} INFO - DAG(s) dict_keys(['latest_only']) retrieved from /home/airflow/.local/lib/python3.7/site-packages/airflow/example_dags/example_latest_only.py
[2023-05-06T14:50:06.210+0000] {logging_mixin.py:137} INFO - [2023-05-06T14:50:06.210+0000] {dag.py:2693} INFO - Sync 1 DAGs
[2023-05-06T14:50:06.244+0000] {logging_mixin.py:137} INFO - [2023-05-06T14:50:06.243+0000] {dag.py:3444} INFO - Setting next_dagrun for latest_only to 2023-05-06T10:50:06.243670+00:00, run_after=2023-05-06T14:50:06.243670+00:00
[2023-05-06T14:50:06.266+0000] {processor.py:175} INFO - Processing /home/airflow/.local/lib/python3.7/site-packages/airflow/example_dags/example_latest_only.py took 0.109 seconds
[2023-05-06T14:50:37.988+0000] {processor.py:153} INFO - Started process (PID=529) to work on /home/airflow/.local/lib/python3.7/site-packages/airflow/example_dags/example_latest_only.py
[2023-05-06T14:50:37.989+0000] {processor.py:743} INFO - Processing file /home/airflow/.local/lib/python3.7/site-packages/airflow/example_dags/example_latest_only.py for tasks to queue
[2023-05-06T14:50:37.990+0000] {logging_mixin.py:137} INFO - [2023-05-06T14:50:37.990+0000] {dagbag.py:532} INFO - Filling up the DagBag from /home/airflow/.local/lib/python3.7/site-packages/airflow/example_dags/example_latest_only.py
[2023-05-06T14:50:38.038+0000] {processor.py:753} INFO - DAG(s) dict_keys(['latest_only']) retrieved from /home/airflow/.local/lib/python3.7/site-packages/airflow/example_dags/example_latest_only.py
[2023-05-06T14:50:38.120+0000] {logging_mixin.py:137} INFO - [2023-05-06T14:50:38.120+0000] {dag.py:2693} INFO - Sync 1 DAGs
[2023-05-06T14:50:38.188+0000] {logging_mixin.py:137} INFO - [2023-05-06T14:50:38.188+0000] {dag.py:3444} INFO - Setting next_dagrun for latest_only to 2023-05-06T10:50:38.188253+00:00, run_after=2023-05-06T14:50:38.188253+00:00
[2023-05-06T14:50:38.231+0000] {processor.py:175} INFO - Processing /home/airflow/.local/lib/python3.7/site-packages/airflow/example_dags/example_latest_only.py took 0.255 seconds
[2023-05-06T14:51:09.164+0000] {processor.py:153} INFO - Started process (PID=580) to work on /home/airflow/.local/lib/python3.7/site-packages/airflow/example_dags/example_latest_only.py
[2023-05-06T14:51:09.165+0000] {processor.py:743} INFO - Processing file /home/airflow/.local/lib/python3.7/site-packages/airflow/example_dags/example_latest_only.py for tasks to queue
[2023-05-06T14:51:09.166+0000] {logging_mixin.py:137} INFO - [2023-05-06T14:51:09.166+0000] {dagbag.py:532} INFO - Filling up the DagBag from /home/airflow/.local/lib/python3.7/site-packages/airflow/example_dags/example_latest_only.py
[2023-05-06T14:51:09.197+0000] {processor.py:753} INFO - DAG(s) dict_keys(['latest_only']) retrieved from /home/airflow/.local/lib/python3.7/site-packages/airflow/example_dags/example_latest_only.py
[2023-05-06T14:51:09.270+0000] {logging_mixin.py:137} INFO - [2023-05-06T14:51:09.270+0000] {dag.py:2693} INFO - Sync 1 DAGs
[2023-05-06T14:51:09.331+0000] {logging_mixin.py:137} INFO - [2023-05-06T14:51:09.331+0000] {dag.py:3444} INFO - Setting next_dagrun for latest_only to 2023-05-06T10:51:09.330986+00:00, run_after=2023-05-06T14:51:09.330986+00:00
[2023-05-06T14:51:09.380+0000] {processor.py:175} INFO - Processing /home/airflow/.local/lib/python3.7/site-packages/airflow/example_dags/example_latest_only.py took 0.228 seconds
[2023-05-06T14:51:39.421+0000] {processor.py:153} INFO - Started process (PID=630) to work on /home/airflow/.local/lib/python3.7/site-packages/airflow/example_dags/example_latest_only.py
[2023-05-06T14:51:39.423+0000] {processor.py:743} INFO - Processing file /home/airflow/.local/lib/python3.7/site-packages/airflow/example_dags/example_latest_only.py for tasks to queue
[2023-05-06T14:51:39.423+0000] {logging_mixin.py:137} INFO - [2023-05-06T14:51:39.423+0000] {dagbag.py:532} INFO - Filling up the DagBag from /home/airflow/.local/lib/python3.7/site-packages/airflow/example_dags/example_latest_only.py
[2023-05-06T14:51:39.439+0000] {processor.py:753} INFO - DAG(s) dict_keys(['latest_only']) retrieved from /home/airflow/.local/lib/python3.7/site-packages/airflow/example_dags/example_latest_only.py
[2023-05-06T14:51:39.470+0000] {logging_mixin.py:137} INFO - [2023-05-06T14:51:39.470+0000] {dag.py:2693} INFO - Sync 1 DAGs
[2023-05-06T14:51:39.504+0000] {logging_mixin.py:137} INFO - [2023-05-06T14:51:39.504+0000] {dag.py:3444} INFO - Setting next_dagrun for latest_only to 2023-05-06T10:51:39.503973+00:00, run_after=2023-05-06T14:51:39.503973+00:00
[2023-05-06T14:51:39.526+0000] {processor.py:175} INFO - Processing /home/airflow/.local/lib/python3.7/site-packages/airflow/example_dags/example_latest_only.py took 0.109 seconds
[2023-05-06T14:52:10.268+0000] {processor.py:153} INFO - Started process (PID=682) to work on /home/airflow/.local/lib/python3.7/site-packages/airflow/example_dags/example_latest_only.py
[2023-05-06T14:52:10.268+0000] {processor.py:743} INFO - Processing file /home/airflow/.local/lib/python3.7/site-packages/airflow/example_dags/example_latest_only.py for tasks to queue
[2023-05-06T14:52:10.269+0000] {logging_mixin.py:137} INFO - [2023-05-06T14:52:10.269+0000] {dagbag.py:532} INFO - Filling up the DagBag from /home/airflow/.local/lib/python3.7/site-packages/airflow/example_dags/example_latest_only.py
[2023-05-06T14:52:10.285+0000] {processor.py:753} INFO - DAG(s) dict_keys(['latest_only']) retrieved from /home/airflow/.local/lib/python3.7/site-packages/airflow/example_dags/example_latest_only.py
[2023-05-06T14:52:10.317+0000] {logging_mixin.py:137} INFO - [2023-05-06T14:52:10.316+0000] {dag.py:2693} INFO - Sync 1 DAGs
[2023-05-06T14:52:10.347+0000] {logging_mixin.py:137} INFO - [2023-05-06T14:52:10.347+0000] {dag.py:3444} INFO - Setting next_dagrun for latest_only to 2023-05-06T10:52:10.347341+00:00, run_after=2023-05-06T14:52:10.347341+00:00
[2023-05-06T14:52:10.370+0000] {processor.py:175} INFO - Processing /home/airflow/.local/lib/python3.7/site-packages/airflow/example_dags/example_latest_only.py took 0.106 seconds
[2023-05-06T14:52:40.715+0000] {processor.py:153} INFO - Started process (PID=734) to work on /home/airflow/.local/lib/python3.7/site-packages/airflow/example_dags/example_latest_only.py
[2023-05-06T14:52:40.716+0000] {processor.py:743} INFO - Processing file /home/airflow/.local/lib/python3.7/site-packages/airflow/example_dags/example_latest_only.py for tasks to queue
[2023-05-06T14:52:40.717+0000] {logging_mixin.py:137} INFO - [2023-05-06T14:52:40.717+0000] {dagbag.py:532} INFO - Filling up the DagBag from /home/airflow/.local/lib/python3.7/site-packages/airflow/example_dags/example_latest_only.py
[2023-05-06T14:52:40.733+0000] {processor.py:753} INFO - DAG(s) dict_keys(['latest_only']) retrieved from /home/airflow/.local/lib/python3.7/site-packages/airflow/example_dags/example_latest_only.py
[2023-05-06T14:52:40.764+0000] {logging_mixin.py:137} INFO - [2023-05-06T14:52:40.764+0000] {dag.py:2693} INFO - Sync 1 DAGs
[2023-05-06T14:52:40.800+0000] {logging_mixin.py:137} INFO - [2023-05-06T14:52:40.800+0000] {dag.py:3444} INFO - Setting next_dagrun for latest_only to 2023-05-06T10:52:40.800385+00:00, run_after=2023-05-06T14:52:40.800385+00:00
[2023-05-06T14:52:40.829+0000] {processor.py:175} INFO - Processing /home/airflow/.local/lib/python3.7/site-packages/airflow/example_dags/example_latest_only.py took 0.120 seconds
[2023-05-06T14:53:11.241+0000] {processor.py:153} INFO - Started process (PID=784) to work on /home/airflow/.local/lib/python3.7/site-packages/airflow/example_dags/example_latest_only.py
[2023-05-06T14:53:11.243+0000] {processor.py:743} INFO - Processing file /home/airflow/.local/lib/python3.7/site-packages/airflow/example_dags/example_latest_only.py for tasks to queue
[2023-05-06T14:53:11.243+0000] {logging_mixin.py:137} INFO - [2023-05-06T14:53:11.243+0000] {dagbag.py:532} INFO - Filling up the DagBag from /home/airflow/.local/lib/python3.7/site-packages/airflow/example_dags/example_latest_only.py
[2023-05-06T14:53:11.260+0000] {processor.py:753} INFO - DAG(s) dict_keys(['latest_only']) retrieved from /home/airflow/.local/lib/python3.7/site-packages/airflow/example_dags/example_latest_only.py
[2023-05-06T14:53:11.289+0000] {logging_mixin.py:137} INFO - [2023-05-06T14:53:11.289+0000] {dag.py:2693} INFO - Sync 1 DAGs
[2023-05-06T14:53:11.340+0000] {logging_mixin.py:137} INFO - [2023-05-06T14:53:11.340+0000] {dag.py:3444} INFO - Setting next_dagrun for latest_only to 2023-05-06T10:53:11.340419+00:00, run_after=2023-05-06T14:53:11.340419+00:00
[2023-05-06T14:53:11.380+0000] {processor.py:175} INFO - Processing /home/airflow/.local/lib/python3.7/site-packages/airflow/example_dags/example_latest_only.py took 0.143 seconds
[2023-05-06T14:53:41.891+0000] {processor.py:153} INFO - Started process (PID=834) to work on /home/airflow/.local/lib/python3.7/site-packages/airflow/example_dags/example_latest_only.py
[2023-05-06T14:53:41.892+0000] {processor.py:743} INFO - Processing file /home/airflow/.local/lib/python3.7/site-packages/airflow/example_dags/example_latest_only.py for tasks to queue
[2023-05-06T14:53:41.893+0000] {logging_mixin.py:137} INFO - [2023-05-06T14:53:41.893+0000] {dagbag.py:532} INFO - Filling up the DagBag from /home/airflow/.local/lib/python3.7/site-packages/airflow/example_dags/example_latest_only.py
[2023-05-06T14:53:41.909+0000] {processor.py:753} INFO - DAG(s) dict_keys(['latest_only']) retrieved from /home/airflow/.local/lib/python3.7/site-packages/airflow/example_dags/example_latest_only.py
[2023-05-06T14:53:41.938+0000] {logging_mixin.py:137} INFO - [2023-05-06T14:53:41.938+0000] {dag.py:2693} INFO - Sync 1 DAGs
[2023-05-06T14:53:41.970+0000] {logging_mixin.py:137} INFO - [2023-05-06T14:53:41.970+0000] {dag.py:3444} INFO - Setting next_dagrun for latest_only to 2023-05-06T10:53:41.969902+00:00, run_after=2023-05-06T14:53:41.969902+00:00
[2023-05-06T14:53:41.997+0000] {processor.py:175} INFO - Processing /home/airflow/.local/lib/python3.7/site-packages/airflow/example_dags/example_latest_only.py took 0.109 seconds
[2023-05-06T14:54:12.665+0000] {processor.py:153} INFO - Started process (PID=884) to work on /home/airflow/.local/lib/python3.7/site-packages/airflow/example_dags/example_latest_only.py
[2023-05-06T14:54:12.666+0000] {processor.py:743} INFO - Processing file /home/airflow/.local/lib/python3.7/site-packages/airflow/example_dags/example_latest_only.py for tasks to queue
[2023-05-06T14:54:12.667+0000] {logging_mixin.py:137} INFO - [2023-05-06T14:54:12.666+0000] {dagbag.py:532} INFO - Filling up the DagBag from /home/airflow/.local/lib/python3.7/site-packages/airflow/example_dags/example_latest_only.py
[2023-05-06T14:54:12.683+0000] {processor.py:753} INFO - DAG(s) dict_keys(['latest_only']) retrieved from /home/airflow/.local/lib/python3.7/site-packages/airflow/example_dags/example_latest_only.py
[2023-05-06T14:54:12.718+0000] {logging_mixin.py:137} INFO - [2023-05-06T14:54:12.717+0000] {dag.py:2693} INFO - Sync 1 DAGs
[2023-05-06T14:54:12.755+0000] {logging_mixin.py:137} INFO - [2023-05-06T14:54:12.755+0000] {dag.py:3444} INFO - Setting next_dagrun for latest_only to 2023-05-06T10:54:12.755335+00:00, run_after=2023-05-06T14:54:12.755335+00:00
[2023-05-06T14:54:12.778+0000] {processor.py:175} INFO - Processing /home/airflow/.local/lib/python3.7/site-packages/airflow/example_dags/example_latest_only.py took 0.117 seconds
[2023-05-06T14:54:43.130+0000] {processor.py:153} INFO - Started process (PID=935) to work on /home/airflow/.local/lib/python3.7/site-packages/airflow/example_dags/example_latest_only.py
[2023-05-06T14:54:43.131+0000] {processor.py:743} INFO - Processing file /home/airflow/.local/lib/python3.7/site-packages/airflow/example_dags/example_latest_only.py for tasks to queue
[2023-05-06T14:54:43.132+0000] {logging_mixin.py:137} INFO - [2023-05-06T14:54:43.132+0000] {dagbag.py:532} INFO - Filling up the DagBag from /home/airflow/.local/lib/python3.7/site-packages/airflow/example_dags/example_latest_only.py
[2023-05-06T14:54:43.148+0000] {processor.py:753} INFO - DAG(s) dict_keys(['latest_only']) retrieved from /home/airflow/.local/lib/python3.7/site-packages/airflow/example_dags/example_latest_only.py
[2023-05-06T14:54:43.183+0000] {logging_mixin.py:137} INFO - [2023-05-06T14:54:43.183+0000] {dag.py:2693} INFO - Sync 1 DAGs
[2023-05-06T14:54:43.216+0000] {logging_mixin.py:137} INFO - [2023-05-06T14:54:43.216+0000] {dag.py:3444} INFO - Setting next_dagrun for latest_only to 2023-05-06T10:54:43.216043+00:00, run_after=2023-05-06T14:54:43.216043+00:00
[2023-05-06T14:54:43.239+0000] {processor.py:175} INFO - Processing /home/airflow/.local/lib/python3.7/site-packages/airflow/example_dags/example_latest_only.py took 0.112 seconds
[2023-05-06T14:55:13.581+0000] {processor.py:153} INFO - Started process (PID=986) to work on /home/airflow/.local/lib/python3.7/site-packages/airflow/example_dags/example_latest_only.py
[2023-05-06T14:55:13.582+0000] {processor.py:743} INFO - Processing file /home/airflow/.local/lib/python3.7/site-packages/airflow/example_dags/example_latest_only.py for tasks to queue
[2023-05-06T14:55:13.582+0000] {logging_mixin.py:137} INFO - [2023-05-06T14:55:13.582+0000] {dagbag.py:532} INFO - Filling up the DagBag from /home/airflow/.local/lib/python3.7/site-packages/airflow/example_dags/example_latest_only.py
[2023-05-06T14:55:13.604+0000] {processor.py:753} INFO - DAG(s) dict_keys(['latest_only']) retrieved from /home/airflow/.local/lib/python3.7/site-packages/airflow/example_dags/example_latest_only.py
[2023-05-06T14:55:13.640+0000] {logging_mixin.py:137} INFO - [2023-05-06T14:55:13.640+0000] {dag.py:2693} INFO - Sync 1 DAGs
[2023-05-06T14:55:13.672+0000] {logging_mixin.py:137} INFO - [2023-05-06T14:55:13.672+0000] {dag.py:3444} INFO - Setting next_dagrun for latest_only to 2023-05-06T10:55:13.672405+00:00, run_after=2023-05-06T14:55:13.672405+00:00
[2023-05-06T14:55:13.693+0000] {processor.py:175} INFO - Processing /home/airflow/.local/lib/python3.7/site-packages/airflow/example_dags/example_latest_only.py took 0.116 seconds
[2023-05-06T14:55:44.413+0000] {processor.py:153} INFO - Started process (PID=1037) to work on /home/airflow/.local/lib/python3.7/site-packages/airflow/example_dags/example_latest_only.py
[2023-05-06T14:55:44.415+0000] {processor.py:743} INFO - Processing file /home/airflow/.local/lib/python3.7/site-packages/airflow/example_dags/example_latest_only.py for tasks to queue
[2023-05-06T14:55:44.415+0000] {logging_mixin.py:137} INFO - [2023-05-06T14:55:44.415+0000] {dagbag.py:532} INFO - Filling up the DagBag from /home/airflow/.local/lib/python3.7/site-packages/airflow/example_dags/example_latest_only.py
[2023-05-06T14:55:44.432+0000] {processor.py:753} INFO - DAG(s) dict_keys(['latest_only']) retrieved from /home/airflow/.local/lib/python3.7/site-packages/airflow/example_dags/example_latest_only.py
[2023-05-06T14:55:44.461+0000] {logging_mixin.py:137} INFO - [2023-05-06T14:55:44.461+0000] {dag.py:2693} INFO - Sync 1 DAGs
[2023-05-06T14:55:44.496+0000] {logging_mixin.py:137} INFO - [2023-05-06T14:55:44.496+0000] {dag.py:3444} INFO - Setting next_dagrun for latest_only to 2023-05-06T10:55:44.496167+00:00, run_after=2023-05-06T14:55:44.496167+00:00
[2023-05-06T14:55:44.536+0000] {processor.py:175} INFO - Processing /home/airflow/.local/lib/python3.7/site-packages/airflow/example_dags/example_latest_only.py took 0.127 seconds
[2023-05-06T14:56:14.984+0000] {processor.py:153} INFO - Started process (PID=1088) to work on /home/airflow/.local/lib/python3.7/site-packages/airflow/example_dags/example_latest_only.py
[2023-05-06T14:56:14.985+0000] {processor.py:743} INFO - Processing file /home/airflow/.local/lib/python3.7/site-packages/airflow/example_dags/example_latest_only.py for tasks to queue
[2023-05-06T14:56:14.985+0000] {logging_mixin.py:137} INFO - [2023-05-06T14:56:14.985+0000] {dagbag.py:532} INFO - Filling up the DagBag from /home/airflow/.local/lib/python3.7/site-packages/airflow/example_dags/example_latest_only.py
[2023-05-06T14:56:15.002+0000] {processor.py:753} INFO - DAG(s) dict_keys(['latest_only']) retrieved from /home/airflow/.local/lib/python3.7/site-packages/airflow/example_dags/example_latest_only.py
[2023-05-06T14:56:15.033+0000] {logging_mixin.py:137} INFO - [2023-05-06T14:56:15.033+0000] {dag.py:2693} INFO - Sync 1 DAGs
[2023-05-06T14:56:15.066+0000] {logging_mixin.py:137} INFO - [2023-05-06T14:56:15.066+0000] {dag.py:3444} INFO - Setting next_dagrun for latest_only to 2023-05-06T10:56:15.066183+00:00, run_after=2023-05-06T14:56:15.066183+00:00
[2023-05-06T14:56:15.088+0000] {processor.py:175} INFO - Processing /home/airflow/.local/lib/python3.7/site-packages/airflow/example_dags/example_latest_only.py took 0.108 seconds
[2023-05-06T14:56:46.518+0000] {processor.py:153} INFO - Started process (PID=1139) to work on /home/airflow/.local/lib/python3.7/site-packages/airflow/example_dags/example_latest_only.py
[2023-05-06T14:56:46.521+0000] {processor.py:743} INFO - Processing file /home/airflow/.local/lib/python3.7/site-packages/airflow/example_dags/example_latest_only.py for tasks to queue
[2023-05-06T14:56:46.522+0000] {logging_mixin.py:137} INFO - [2023-05-06T14:56:46.522+0000] {dagbag.py:532} INFO - Filling up the DagBag from /home/airflow/.local/lib/python3.7/site-packages/airflow/example_dags/example_latest_only.py
[2023-05-06T14:56:46.561+0000] {processor.py:753} INFO - DAG(s) dict_keys(['latest_only']) retrieved from /home/airflow/.local/lib/python3.7/site-packages/airflow/example_dags/example_latest_only.py
[2023-05-06T14:56:46.616+0000] {logging_mixin.py:137} INFO - [2023-05-06T14:56:46.616+0000] {dag.py:2693} INFO - Sync 1 DAGs
[2023-05-06T14:56:46.679+0000] {logging_mixin.py:137} INFO - [2023-05-06T14:56:46.679+0000] {dag.py:3444} INFO - Setting next_dagrun for latest_only to 2023-05-06T10:56:46.679051+00:00, run_after=2023-05-06T14:56:46.679051+00:00
[2023-05-06T14:56:46.718+0000] {processor.py:175} INFO - Processing /home/airflow/.local/lib/python3.7/site-packages/airflow/example_dags/example_latest_only.py took 0.204 seconds
[2023-05-06T14:57:17.461+0000] {processor.py:153} INFO - Started process (PID=1190) to work on /home/airflow/.local/lib/python3.7/site-packages/airflow/example_dags/example_latest_only.py
[2023-05-06T14:57:17.462+0000] {processor.py:743} INFO - Processing file /home/airflow/.local/lib/python3.7/site-packages/airflow/example_dags/example_latest_only.py for tasks to queue
[2023-05-06T14:57:17.463+0000] {logging_mixin.py:137} INFO - [2023-05-06T14:57:17.463+0000] {dagbag.py:532} INFO - Filling up the DagBag from /home/airflow/.local/lib/python3.7/site-packages/airflow/example_dags/example_latest_only.py
[2023-05-06T14:57:17.480+0000] {processor.py:753} INFO - DAG(s) dict_keys(['latest_only']) retrieved from /home/airflow/.local/lib/python3.7/site-packages/airflow/example_dags/example_latest_only.py
[2023-05-06T14:57:17.511+0000] {logging_mixin.py:137} INFO - [2023-05-06T14:57:17.511+0000] {dag.py:2693} INFO - Sync 1 DAGs
[2023-05-06T14:57:17.548+0000] {logging_mixin.py:137} INFO - [2023-05-06T14:57:17.548+0000] {dag.py:3444} INFO - Setting next_dagrun for latest_only to 2023-05-06T10:57:17.547643+00:00, run_after=2023-05-06T14:57:17.547643+00:00
[2023-05-06T14:57:17.583+0000] {processor.py:175} INFO - Processing /home/airflow/.local/lib/python3.7/site-packages/airflow/example_dags/example_latest_only.py took 0.126 seconds
[2023-05-06T14:57:48.283+0000] {processor.py:153} INFO - Started process (PID=1241) to work on /home/airflow/.local/lib/python3.7/site-packages/airflow/example_dags/example_latest_only.py
[2023-05-06T14:57:48.285+0000] {processor.py:743} INFO - Processing file /home/airflow/.local/lib/python3.7/site-packages/airflow/example_dags/example_latest_only.py for tasks to queue
[2023-05-06T14:57:48.285+0000] {logging_mixin.py:137} INFO - [2023-05-06T14:57:48.285+0000] {dagbag.py:532} INFO - Filling up the DagBag from /home/airflow/.local/lib/python3.7/site-packages/airflow/example_dags/example_latest_only.py
[2023-05-06T14:57:48.302+0000] {processor.py:753} INFO - DAG(s) dict_keys(['latest_only']) retrieved from /home/airflow/.local/lib/python3.7/site-packages/airflow/example_dags/example_latest_only.py
[2023-05-06T14:57:48.333+0000] {logging_mixin.py:137} INFO - [2023-05-06T14:57:48.333+0000] {dag.py:2693} INFO - Sync 1 DAGs
[2023-05-06T14:57:48.365+0000] {logging_mixin.py:137} INFO - [2023-05-06T14:57:48.365+0000] {dag.py:3444} INFO - Setting next_dagrun for latest_only to 2023-05-06T10:57:48.365193+00:00, run_after=2023-05-06T14:57:48.365193+00:00
[2023-05-06T14:57:48.387+0000] {processor.py:175} INFO - Processing /home/airflow/.local/lib/python3.7/site-packages/airflow/example_dags/example_latest_only.py took 0.107 seconds
[2023-05-06T14:58:18.675+0000] {processor.py:153} INFO - Started process (PID=1291) to work on /home/airflow/.local/lib/python3.7/site-packages/airflow/example_dags/example_latest_only.py
[2023-05-06T14:58:18.684+0000] {processor.py:743} INFO - Processing file /home/airflow/.local/lib/python3.7/site-packages/airflow/example_dags/example_latest_only.py for tasks to queue
[2023-05-06T14:58:18.685+0000] {logging_mixin.py:137} INFO - [2023-05-06T14:58:18.685+0000] {dagbag.py:532} INFO - Filling up the DagBag from /home/airflow/.local/lib/python3.7/site-packages/airflow/example_dags/example_latest_only.py
[2023-05-06T14:58:18.714+0000] {processor.py:753} INFO - DAG(s) dict_keys(['latest_only']) retrieved from /home/airflow/.local/lib/python3.7/site-packages/airflow/example_dags/example_latest_only.py
[2023-05-06T14:58:18.776+0000] {logging_mixin.py:137} INFO - [2023-05-06T14:58:18.776+0000] {dag.py:2693} INFO - Sync 1 DAGs
[2023-05-06T14:58:18.837+0000] {logging_mixin.py:137} INFO - [2023-05-06T14:58:18.837+0000] {dag.py:3444} INFO - Setting next_dagrun for latest_only to 2023-05-06T10:58:18.837441+00:00, run_after=2023-05-06T14:58:18.837441+00:00
[2023-05-06T14:58:18.882+0000] {processor.py:175} INFO - Processing /home/airflow/.local/lib/python3.7/site-packages/airflow/example_dags/example_latest_only.py took 0.210 seconds
[2023-05-06T14:58:49.748+0000] {processor.py:153} INFO - Started process (PID=1343) to work on /home/airflow/.local/lib/python3.7/site-packages/airflow/example_dags/example_latest_only.py
[2023-05-06T14:58:49.749+0000] {processor.py:743} INFO - Processing file /home/airflow/.local/lib/python3.7/site-packages/airflow/example_dags/example_latest_only.py for tasks to queue
[2023-05-06T14:58:49.750+0000] {logging_mixin.py:137} INFO - [2023-05-06T14:58:49.749+0000] {dagbag.py:532} INFO - Filling up the DagBag from /home/airflow/.local/lib/python3.7/site-packages/airflow/example_dags/example_latest_only.py
[2023-05-06T14:58:49.767+0000] {processor.py:753} INFO - DAG(s) dict_keys(['latest_only']) retrieved from /home/airflow/.local/lib/python3.7/site-packages/airflow/example_dags/example_latest_only.py
[2023-05-06T14:58:49.797+0000] {logging_mixin.py:137} INFO - [2023-05-06T14:58:49.797+0000] {dag.py:2693} INFO - Sync 1 DAGs
[2023-05-06T14:58:49.829+0000] {logging_mixin.py:137} INFO - [2023-05-06T14:58:49.829+0000] {dag.py:3444} INFO - Setting next_dagrun for latest_only to 2023-05-06T10:58:49.829503+00:00, run_after=2023-05-06T14:58:49.829503+00:00
[2023-05-06T14:58:49.851+0000] {processor.py:175} INFO - Processing /home/airflow/.local/lib/python3.7/site-packages/airflow/example_dags/example_latest_only.py took 0.107 seconds
[2023-05-06T14:59:20.637+0000] {processor.py:153} INFO - Started process (PID=1394) to work on /home/airflow/.local/lib/python3.7/site-packages/airflow/example_dags/example_latest_only.py
[2023-05-06T14:59:20.638+0000] {processor.py:743} INFO - Processing file /home/airflow/.local/lib/python3.7/site-packages/airflow/example_dags/example_latest_only.py for tasks to queue
[2023-05-06T14:59:20.639+0000] {logging_mixin.py:137} INFO - [2023-05-06T14:59:20.639+0000] {dagbag.py:532} INFO - Filling up the DagBag from /home/airflow/.local/lib/python3.7/site-packages/airflow/example_dags/example_latest_only.py
[2023-05-06T14:59:20.655+0000] {processor.py:753} INFO - DAG(s) dict_keys(['latest_only']) retrieved from /home/airflow/.local/lib/python3.7/site-packages/airflow/example_dags/example_latest_only.py
[2023-05-06T14:59:20.687+0000] {logging_mixin.py:137} INFO - [2023-05-06T14:59:20.687+0000] {dag.py:2693} INFO - Sync 1 DAGs
[2023-05-06T14:59:20.718+0000] {logging_mixin.py:137} INFO - [2023-05-06T14:59:20.718+0000] {dag.py:3444} INFO - Setting next_dagrun for latest_only to 2023-05-06T10:59:20.718337+00:00, run_after=2023-05-06T14:59:20.718337+00:00
[2023-05-06T14:59:20.739+0000] {processor.py:175} INFO - Processing /home/airflow/.local/lib/python3.7/site-packages/airflow/example_dags/example_latest_only.py took 0.106 seconds
[2023-05-06T14:59:51.283+0000] {processor.py:153} INFO - Started process (PID=1446) to work on /home/airflow/.local/lib/python3.7/site-packages/airflow/example_dags/example_latest_only.py
[2023-05-06T14:59:51.284+0000] {processor.py:743} INFO - Processing file /home/airflow/.local/lib/python3.7/site-packages/airflow/example_dags/example_latest_only.py for tasks to queue
[2023-05-06T14:59:51.285+0000] {logging_mixin.py:137} INFO - [2023-05-06T14:59:51.284+0000] {dagbag.py:532} INFO - Filling up the DagBag from /home/airflow/.local/lib/python3.7/site-packages/airflow/example_dags/example_latest_only.py
[2023-05-06T14:59:51.301+0000] {processor.py:753} INFO - DAG(s) dict_keys(['latest_only']) retrieved from /home/airflow/.local/lib/python3.7/site-packages/airflow/example_dags/example_latest_only.py
[2023-05-06T14:59:51.333+0000] {logging_mixin.py:137} INFO - [2023-05-06T14:59:51.332+0000] {dag.py:2693} INFO - Sync 1 DAGs
[2023-05-06T14:59:51.365+0000] {logging_mixin.py:137} INFO - [2023-05-06T14:59:51.365+0000] {dag.py:3444} INFO - Setting next_dagrun for latest_only to 2023-05-06T10:59:51.364717+00:00, run_after=2023-05-06T14:59:51.364717+00:00
[2023-05-06T14:59:51.386+0000] {processor.py:175} INFO - Processing /home/airflow/.local/lib/python3.7/site-packages/airflow/example_dags/example_latest_only.py took 0.108 seconds
[2023-05-06T15:00:21.848+0000] {processor.py:153} INFO - Started process (PID=1497) to work on /home/airflow/.local/lib/python3.7/site-packages/airflow/example_dags/example_latest_only.py
[2023-05-06T15:00:21.848+0000] {processor.py:743} INFO - Processing file /home/airflow/.local/lib/python3.7/site-packages/airflow/example_dags/example_latest_only.py for tasks to queue
[2023-05-06T15:00:21.849+0000] {logging_mixin.py:137} INFO - [2023-05-06T15:00:21.849+0000] {dagbag.py:532} INFO - Filling up the DagBag from /home/airflow/.local/lib/python3.7/site-packages/airflow/example_dags/example_latest_only.py
[2023-05-06T15:00:21.866+0000] {processor.py:753} INFO - DAG(s) dict_keys(['latest_only']) retrieved from /home/airflow/.local/lib/python3.7/site-packages/airflow/example_dags/example_latest_only.py
[2023-05-06T15:00:21.897+0000] {logging_mixin.py:137} INFO - [2023-05-06T15:00:21.897+0000] {dag.py:2693} INFO - Sync 1 DAGs
[2023-05-06T15:00:21.941+0000] {logging_mixin.py:137} INFO - [2023-05-06T15:00:21.941+0000] {dag.py:3444} INFO - Setting next_dagrun for latest_only to 2023-05-06T11:00:21.940720+00:00, run_after=2023-05-06T15:00:21.940720+00:00
[2023-05-06T15:00:21.964+0000] {processor.py:175} INFO - Processing /home/airflow/.local/lib/python3.7/site-packages/airflow/example_dags/example_latest_only.py took 0.121 seconds
[2023-05-06T15:00:52.321+0000] {processor.py:153} INFO - Started process (PID=1548) to work on /home/airflow/.local/lib/python3.7/site-packages/airflow/example_dags/example_latest_only.py
[2023-05-06T15:00:52.321+0000] {processor.py:743} INFO - Processing file /home/airflow/.local/lib/python3.7/site-packages/airflow/example_dags/example_latest_only.py for tasks to queue
[2023-05-06T15:00:52.322+0000] {logging_mixin.py:137} INFO - [2023-05-06T15:00:52.322+0000] {dagbag.py:532} INFO - Filling up the DagBag from /home/airflow/.local/lib/python3.7/site-packages/airflow/example_dags/example_latest_only.py
[2023-05-06T15:00:52.339+0000] {processor.py:753} INFO - DAG(s) dict_keys(['latest_only']) retrieved from /home/airflow/.local/lib/python3.7/site-packages/airflow/example_dags/example_latest_only.py
[2023-05-06T15:00:52.375+0000] {logging_mixin.py:137} INFO - [2023-05-06T15:00:52.375+0000] {dag.py:2693} INFO - Sync 1 DAGs
[2023-05-06T15:00:52.408+0000] {logging_mixin.py:137} INFO - [2023-05-06T15:00:52.408+0000] {dag.py:3444} INFO - Setting next_dagrun for latest_only to 2023-05-06T11:00:52.408039+00:00, run_after=2023-05-06T15:00:52.408039+00:00
[2023-05-06T15:00:52.432+0000] {processor.py:175} INFO - Processing /home/airflow/.local/lib/python3.7/site-packages/airflow/example_dags/example_latest_only.py took 0.115 seconds
[2023-05-06T15:01:22.978+0000] {processor.py:153} INFO - Started process (PID=1600) to work on /home/airflow/.local/lib/python3.7/site-packages/airflow/example_dags/example_latest_only.py
[2023-05-06T15:01:22.979+0000] {processor.py:743} INFO - Processing file /home/airflow/.local/lib/python3.7/site-packages/airflow/example_dags/example_latest_only.py for tasks to queue
[2023-05-06T15:01:22.980+0000] {logging_mixin.py:137} INFO - [2023-05-06T15:01:22.980+0000] {dagbag.py:532} INFO - Filling up the DagBag from /home/airflow/.local/lib/python3.7/site-packages/airflow/example_dags/example_latest_only.py
[2023-05-06T15:01:22.997+0000] {processor.py:753} INFO - DAG(s) dict_keys(['latest_only']) retrieved from /home/airflow/.local/lib/python3.7/site-packages/airflow/example_dags/example_latest_only.py
[2023-05-06T15:01:23.030+0000] {logging_mixin.py:137} INFO - [2023-05-06T15:01:23.030+0000] {dag.py:2693} INFO - Sync 1 DAGs
[2023-05-06T15:01:23.064+0000] {logging_mixin.py:137} INFO - [2023-05-06T15:01:23.063+0000] {dag.py:3444} INFO - Setting next_dagrun for latest_only to 2023-05-06T11:01:23.063502+00:00, run_after=2023-05-06T15:01:23.063502+00:00
[2023-05-06T15:01:23.090+0000] {processor.py:175} INFO - Processing /home/airflow/.local/lib/python3.7/site-packages/airflow/example_dags/example_latest_only.py took 0.116 seconds
[2023-05-06T15:01:53.755+0000] {processor.py:153} INFO - Started process (PID=1651) to work on /home/airflow/.local/lib/python3.7/site-packages/airflow/example_dags/example_latest_only.py
[2023-05-06T15:01:53.756+0000] {processor.py:743} INFO - Processing file /home/airflow/.local/lib/python3.7/site-packages/airflow/example_dags/example_latest_only.py for tasks to queue
[2023-05-06T15:01:53.756+0000] {logging_mixin.py:137} INFO - [2023-05-06T15:01:53.756+0000] {dagbag.py:532} INFO - Filling up the DagBag from /home/airflow/.local/lib/python3.7/site-packages/airflow/example_dags/example_latest_only.py
[2023-05-06T15:01:53.773+0000] {processor.py:753} INFO - DAG(s) dict_keys(['latest_only']) retrieved from /home/airflow/.local/lib/python3.7/site-packages/airflow/example_dags/example_latest_only.py
[2023-05-06T15:01:53.804+0000] {logging_mixin.py:137} INFO - [2023-05-06T15:01:53.804+0000] {dag.py:2693} INFO - Sync 1 DAGs
[2023-05-06T15:01:53.838+0000] {logging_mixin.py:137} INFO - [2023-05-06T15:01:53.837+0000] {dag.py:3444} INFO - Setting next_dagrun for latest_only to 2023-05-06T11:01:53.837704+00:00, run_after=2023-05-06T15:01:53.837704+00:00
[2023-05-06T15:01:53.860+0000] {processor.py:175} INFO - Processing /home/airflow/.local/lib/python3.7/site-packages/airflow/example_dags/example_latest_only.py took 0.109 seconds
[2023-05-06T15:02:24.577+0000] {processor.py:153} INFO - Started process (PID=1702) to work on /home/airflow/.local/lib/python3.7/site-packages/airflow/example_dags/example_latest_only.py
[2023-05-06T15:02:24.579+0000] {processor.py:743} INFO - Processing file /home/airflow/.local/lib/python3.7/site-packages/airflow/example_dags/example_latest_only.py for tasks to queue
[2023-05-06T15:02:24.579+0000] {logging_mixin.py:137} INFO - [2023-05-06T15:02:24.579+0000] {dagbag.py:532} INFO - Filling up the DagBag from /home/airflow/.local/lib/python3.7/site-packages/airflow/example_dags/example_latest_only.py
[2023-05-06T15:02:24.596+0000] {processor.py:753} INFO - DAG(s) dict_keys(['latest_only']) retrieved from /home/airflow/.local/lib/python3.7/site-packages/airflow/example_dags/example_latest_only.py
[2023-05-06T15:02:24.627+0000] {logging_mixin.py:137} INFO - [2023-05-06T15:02:24.627+0000] {dag.py:2693} INFO - Sync 1 DAGs
[2023-05-06T15:02:24.661+0000] {logging_mixin.py:137} INFO - [2023-05-06T15:02:24.661+0000] {dag.py:3444} INFO - Setting next_dagrun for latest_only to 2023-05-06T11:02:24.661338+00:00, run_after=2023-05-06T15:02:24.661338+00:00
[2023-05-06T15:02:24.698+0000] {processor.py:175} INFO - Processing /home/airflow/.local/lib/python3.7/site-packages/airflow/example_dags/example_latest_only.py took 0.125 seconds
[2023-05-06T15:02:55.042+0000] {processor.py:153} INFO - Started process (PID=1753) to work on /home/airflow/.local/lib/python3.7/site-packages/airflow/example_dags/example_latest_only.py
[2023-05-06T15:02:55.043+0000] {processor.py:743} INFO - Processing file /home/airflow/.local/lib/python3.7/site-packages/airflow/example_dags/example_latest_only.py for tasks to queue
[2023-05-06T15:02:55.052+0000] {logging_mixin.py:137} INFO - [2023-05-06T15:02:55.052+0000] {dagbag.py:532} INFO - Filling up the DagBag from /home/airflow/.local/lib/python3.7/site-packages/airflow/example_dags/example_latest_only.py
[2023-05-06T15:02:55.084+0000] {processor.py:753} INFO - DAG(s) dict_keys(['latest_only']) retrieved from /home/airflow/.local/lib/python3.7/site-packages/airflow/example_dags/example_latest_only.py
[2023-05-06T15:02:55.144+0000] {logging_mixin.py:137} INFO - [2023-05-06T15:02:55.144+0000] {dag.py:2693} INFO - Sync 1 DAGs
[2023-05-06T15:02:55.203+0000] {logging_mixin.py:137} INFO - [2023-05-06T15:02:55.203+0000] {dag.py:3444} INFO - Setting next_dagrun for latest_only to 2023-05-06T11:02:55.202976+00:00, run_after=2023-05-06T15:02:55.202976+00:00
[2023-05-06T15:02:55.241+0000] {processor.py:175} INFO - Processing /home/airflow/.local/lib/python3.7/site-packages/airflow/example_dags/example_latest_only.py took 0.203 seconds
[2023-05-06T15:03:25.370+0000] {processor.py:153} INFO - Started process (PID=1804) to work on /home/airflow/.local/lib/python3.7/site-packages/airflow/example_dags/example_latest_only.py
[2023-05-06T15:03:25.371+0000] {processor.py:743} INFO - Processing file /home/airflow/.local/lib/python3.7/site-packages/airflow/example_dags/example_latest_only.py for tasks to queue
[2023-05-06T15:03:25.372+0000] {logging_mixin.py:137} INFO - [2023-05-06T15:03:25.372+0000] {dagbag.py:532} INFO - Filling up the DagBag from /home/airflow/.local/lib/python3.7/site-packages/airflow/example_dags/example_latest_only.py
[2023-05-06T15:03:25.389+0000] {processor.py:753} INFO - DAG(s) dict_keys(['latest_only']) retrieved from /home/airflow/.local/lib/python3.7/site-packages/airflow/example_dags/example_latest_only.py
[2023-05-06T15:03:25.425+0000] {logging_mixin.py:137} INFO - [2023-05-06T15:03:25.425+0000] {dag.py:2693} INFO - Sync 1 DAGs
[2023-05-06T15:03:25.458+0000] {logging_mixin.py:137} INFO - [2023-05-06T15:03:25.458+0000] {dag.py:3444} INFO - Setting next_dagrun for latest_only to 2023-05-06T11:03:25.457712+00:00, run_after=2023-05-06T15:03:25.457712+00:00
[2023-05-06T15:03:25.480+0000] {processor.py:175} INFO - Processing /home/airflow/.local/lib/python3.7/site-packages/airflow/example_dags/example_latest_only.py took 0.114 seconds
[2023-05-06T15:03:55.566+0000] {processor.py:153} INFO - Started process (PID=1855) to work on /home/airflow/.local/lib/python3.7/site-packages/airflow/example_dags/example_latest_only.py
[2023-05-06T15:03:55.567+0000] {processor.py:743} INFO - Processing file /home/airflow/.local/lib/python3.7/site-packages/airflow/example_dags/example_latest_only.py for tasks to queue
[2023-05-06T15:03:55.568+0000] {logging_mixin.py:137} INFO - [2023-05-06T15:03:55.567+0000] {dagbag.py:532} INFO - Filling up the DagBag from /home/airflow/.local/lib/python3.7/site-packages/airflow/example_dags/example_latest_only.py
[2023-05-06T15:03:55.584+0000] {processor.py:753} INFO - DAG(s) dict_keys(['latest_only']) retrieved from /home/airflow/.local/lib/python3.7/site-packages/airflow/example_dags/example_latest_only.py
[2023-05-06T15:03:55.614+0000] {logging_mixin.py:137} INFO - [2023-05-06T15:03:55.614+0000] {dag.py:2693} INFO - Sync 1 DAGs
[2023-05-06T15:03:55.647+0000] {logging_mixin.py:137} INFO - [2023-05-06T15:03:55.647+0000] {dag.py:3444} INFO - Setting next_dagrun for latest_only to 2023-05-06T11:03:55.646741+00:00, run_after=2023-05-06T15:03:55.646741+00:00
[2023-05-06T15:03:55.695+0000] {processor.py:175} INFO - Processing /home/airflow/.local/lib/python3.7/site-packages/airflow/example_dags/example_latest_only.py took 0.133 seconds
[2023-05-06T15:04:25.949+0000] {processor.py:153} INFO - Started process (PID=1906) to work on /home/airflow/.local/lib/python3.7/site-packages/airflow/example_dags/example_latest_only.py
[2023-05-06T15:04:25.951+0000] {processor.py:743} INFO - Processing file /home/airflow/.local/lib/python3.7/site-packages/airflow/example_dags/example_latest_only.py for tasks to queue
[2023-05-06T15:04:25.951+0000] {logging_mixin.py:137} INFO - [2023-05-06T15:04:25.951+0000] {dagbag.py:532} INFO - Filling up the DagBag from /home/airflow/.local/lib/python3.7/site-packages/airflow/example_dags/example_latest_only.py
[2023-05-06T15:04:25.968+0000] {processor.py:753} INFO - DAG(s) dict_keys(['latest_only']) retrieved from /home/airflow/.local/lib/python3.7/site-packages/airflow/example_dags/example_latest_only.py
[2023-05-06T15:04:25.999+0000] {logging_mixin.py:137} INFO - [2023-05-06T15:04:25.999+0000] {dag.py:2693} INFO - Sync 1 DAGs
[2023-05-06T15:04:26.033+0000] {logging_mixin.py:137} INFO - [2023-05-06T15:04:26.032+0000] {dag.py:3444} INFO - Setting next_dagrun for latest_only to 2023-05-06T11:04:26.032507+00:00, run_after=2023-05-06T15:04:26.032507+00:00
[2023-05-06T15:04:26.057+0000] {processor.py:175} INFO - Processing /home/airflow/.local/lib/python3.7/site-packages/airflow/example_dags/example_latest_only.py took 0.112 seconds
[2023-05-06T15:04:57.421+0000] {processor.py:153} INFO - Started process (PID=1956) to work on /home/airflow/.local/lib/python3.7/site-packages/airflow/example_dags/example_latest_only.py
[2023-05-06T15:04:57.422+0000] {processor.py:743} INFO - Processing file /home/airflow/.local/lib/python3.7/site-packages/airflow/example_dags/example_latest_only.py for tasks to queue
[2023-05-06T15:04:57.423+0000] {logging_mixin.py:137} INFO - [2023-05-06T15:04:57.423+0000] {dagbag.py:532} INFO - Filling up the DagBag from /home/airflow/.local/lib/python3.7/site-packages/airflow/example_dags/example_latest_only.py
[2023-05-06T15:04:57.441+0000] {processor.py:753} INFO - DAG(s) dict_keys(['latest_only']) retrieved from /home/airflow/.local/lib/python3.7/site-packages/airflow/example_dags/example_latest_only.py
[2023-05-06T15:04:57.472+0000] {logging_mixin.py:137} INFO - [2023-05-06T15:04:57.471+0000] {dag.py:2693} INFO - Sync 1 DAGs
[2023-05-06T15:04:57.504+0000] {logging_mixin.py:137} INFO - [2023-05-06T15:04:57.504+0000] {dag.py:3444} INFO - Setting next_dagrun for latest_only to 2023-05-06T11:04:57.504110+00:00, run_after=2023-05-06T15:04:57.504110+00:00
[2023-05-06T15:04:57.526+0000] {processor.py:175} INFO - Processing /home/airflow/.local/lib/python3.7/site-packages/airflow/example_dags/example_latest_only.py took 0.109 seconds
[2023-05-06T15:05:27.735+0000] {processor.py:153} INFO - Started process (PID=2007) to work on /home/airflow/.local/lib/python3.7/site-packages/airflow/example_dags/example_latest_only.py
[2023-05-06T15:05:27.744+0000] {processor.py:743} INFO - Processing file /home/airflow/.local/lib/python3.7/site-packages/airflow/example_dags/example_latest_only.py for tasks to queue
[2023-05-06T15:05:27.744+0000] {logging_mixin.py:137} INFO - [2023-05-06T15:05:27.744+0000] {dagbag.py:532} INFO - Filling up the DagBag from /home/airflow/.local/lib/python3.7/site-packages/airflow/example_dags/example_latest_only.py
[2023-05-06T15:05:27.777+0000] {processor.py:753} INFO - DAG(s) dict_keys(['latest_only']) retrieved from /home/airflow/.local/lib/python3.7/site-packages/airflow/example_dags/example_latest_only.py
[2023-05-06T15:05:27.856+0000] {logging_mixin.py:137} INFO - [2023-05-06T15:05:27.856+0000] {dag.py:2693} INFO - Sync 1 DAGs
[2023-05-06T15:05:27.924+0000] {logging_mixin.py:137} INFO - [2023-05-06T15:05:27.924+0000] {dag.py:3444} INFO - Setting next_dagrun for latest_only to 2023-05-06T11:05:27.924402+00:00, run_after=2023-05-06T15:05:27.924402+00:00
[2023-05-06T15:05:27.994+0000] {processor.py:175} INFO - Processing /home/airflow/.local/lib/python3.7/site-packages/airflow/example_dags/example_latest_only.py took 0.263 seconds
[2023-05-06T15:05:58.053+0000] {processor.py:153} INFO - Started process (PID=2058) to work on /home/airflow/.local/lib/python3.7/site-packages/airflow/example_dags/example_latest_only.py
[2023-05-06T15:05:58.055+0000] {processor.py:743} INFO - Processing file /home/airflow/.local/lib/python3.7/site-packages/airflow/example_dags/example_latest_only.py for tasks to queue
[2023-05-06T15:05:58.055+0000] {logging_mixin.py:137} INFO - [2023-05-06T15:05:58.055+0000] {dagbag.py:532} INFO - Filling up the DagBag from /home/airflow/.local/lib/python3.7/site-packages/airflow/example_dags/example_latest_only.py
[2023-05-06T15:05:58.072+0000] {processor.py:753} INFO - DAG(s) dict_keys(['latest_only']) retrieved from /home/airflow/.local/lib/python3.7/site-packages/airflow/example_dags/example_latest_only.py
[2023-05-06T15:05:58.103+0000] {logging_mixin.py:137} INFO - [2023-05-06T15:05:58.102+0000] {dag.py:2693} INFO - Sync 1 DAGs
[2023-05-06T15:05:58.136+0000] {logging_mixin.py:137} INFO - [2023-05-06T15:05:58.135+0000] {dag.py:3444} INFO - Setting next_dagrun for latest_only to 2023-05-06T11:05:58.135662+00:00, run_after=2023-05-06T15:05:58.135662+00:00
[2023-05-06T15:05:58.157+0000] {processor.py:175} INFO - Processing /home/airflow/.local/lib/python3.7/site-packages/airflow/example_dags/example_latest_only.py took 0.107 seconds
[2023-05-06T15:06:28.668+0000] {processor.py:153} INFO - Started process (PID=2109) to work on /home/airflow/.local/lib/python3.7/site-packages/airflow/example_dags/example_latest_only.py
[2023-05-06T15:06:28.668+0000] {processor.py:743} INFO - Processing file /home/airflow/.local/lib/python3.7/site-packages/airflow/example_dags/example_latest_only.py for tasks to queue
[2023-05-06T15:06:28.669+0000] {logging_mixin.py:137} INFO - [2023-05-06T15:06:28.669+0000] {dagbag.py:532} INFO - Filling up the DagBag from /home/airflow/.local/lib/python3.7/site-packages/airflow/example_dags/example_latest_only.py
[2023-05-06T15:06:28.686+0000] {processor.py:753} INFO - DAG(s) dict_keys(['latest_only']) retrieved from /home/airflow/.local/lib/python3.7/site-packages/airflow/example_dags/example_latest_only.py
[2023-05-06T15:06:28.717+0000] {logging_mixin.py:137} INFO - [2023-05-06T15:06:28.716+0000] {dag.py:2693} INFO - Sync 1 DAGs
[2023-05-06T15:06:28.750+0000] {logging_mixin.py:137} INFO - [2023-05-06T15:06:28.750+0000] {dag.py:3444} INFO - Setting next_dagrun for latest_only to 2023-05-06T11:06:28.750049+00:00, run_after=2023-05-06T15:06:28.750049+00:00
[2023-05-06T15:06:28.772+0000] {processor.py:175} INFO - Processing /home/airflow/.local/lib/python3.7/site-packages/airflow/example_dags/example_latest_only.py took 0.109 seconds
[2023-05-06T15:06:59.385+0000] {processor.py:153} INFO - Started process (PID=2160) to work on /home/airflow/.local/lib/python3.7/site-packages/airflow/example_dags/example_latest_only.py
[2023-05-06T15:06:59.387+0000] {processor.py:743} INFO - Processing file /home/airflow/.local/lib/python3.7/site-packages/airflow/example_dags/example_latest_only.py for tasks to queue
[2023-05-06T15:06:59.388+0000] {logging_mixin.py:137} INFO - [2023-05-06T15:06:59.387+0000] {dagbag.py:532} INFO - Filling up the DagBag from /home/airflow/.local/lib/python3.7/site-packages/airflow/example_dags/example_latest_only.py
[2023-05-06T15:06:59.405+0000] {processor.py:753} INFO - DAG(s) dict_keys(['latest_only']) retrieved from /home/airflow/.local/lib/python3.7/site-packages/airflow/example_dags/example_latest_only.py
[2023-05-06T15:06:59.436+0000] {logging_mixin.py:137} INFO - [2023-05-06T15:06:59.436+0000] {dag.py:2693} INFO - Sync 1 DAGs
[2023-05-06T15:06:59.468+0000] {logging_mixin.py:137} INFO - [2023-05-06T15:06:59.468+0000] {dag.py:3444} INFO - Setting next_dagrun for latest_only to 2023-05-06T11:06:59.467978+00:00, run_after=2023-05-06T15:06:59.467978+00:00
[2023-05-06T15:06:59.492+0000] {processor.py:175} INFO - Processing /home/airflow/.local/lib/python3.7/site-packages/airflow/example_dags/example_latest_only.py took 0.110 seconds
[2023-05-06T15:07:29.872+0000] {processor.py:153} INFO - Started process (PID=2211) to work on /home/airflow/.local/lib/python3.7/site-packages/airflow/example_dags/example_latest_only.py
[2023-05-06T15:07:29.872+0000] {processor.py:743} INFO - Processing file /home/airflow/.local/lib/python3.7/site-packages/airflow/example_dags/example_latest_only.py for tasks to queue
[2023-05-06T15:07:29.873+0000] {logging_mixin.py:137} INFO - [2023-05-06T15:07:29.873+0000] {dagbag.py:532} INFO - Filling up the DagBag from /home/airflow/.local/lib/python3.7/site-packages/airflow/example_dags/example_latest_only.py
[2023-05-06T15:07:29.891+0000] {processor.py:753} INFO - DAG(s) dict_keys(['latest_only']) retrieved from /home/airflow/.local/lib/python3.7/site-packages/airflow/example_dags/example_latest_only.py
[2023-05-06T15:07:29.922+0000] {logging_mixin.py:137} INFO - [2023-05-06T15:07:29.922+0000] {dag.py:2693} INFO - Sync 1 DAGs
[2023-05-06T15:07:29.953+0000] {logging_mixin.py:137} INFO - [2023-05-06T15:07:29.953+0000] {dag.py:3444} INFO - Setting next_dagrun for latest_only to 2023-05-06T11:07:29.952788+00:00, run_after=2023-05-06T15:07:29.952788+00:00
[2023-05-06T15:07:29.975+0000] {processor.py:175} INFO - Processing /home/airflow/.local/lib/python3.7/site-packages/airflow/example_dags/example_latest_only.py took 0.107 seconds
[2023-05-06T15:08:00.447+0000] {processor.py:153} INFO - Started process (PID=2262) to work on /home/airflow/.local/lib/python3.7/site-packages/airflow/example_dags/example_latest_only.py
[2023-05-06T15:08:00.448+0000] {processor.py:743} INFO - Processing file /home/airflow/.local/lib/python3.7/site-packages/airflow/example_dags/example_latest_only.py for tasks to queue
[2023-05-06T15:08:00.449+0000] {logging_mixin.py:137} INFO - [2023-05-06T15:08:00.449+0000] {dagbag.py:532} INFO - Filling up the DagBag from /home/airflow/.local/lib/python3.7/site-packages/airflow/example_dags/example_latest_only.py
[2023-05-06T15:08:00.466+0000] {processor.py:753} INFO - DAG(s) dict_keys(['latest_only']) retrieved from /home/airflow/.local/lib/python3.7/site-packages/airflow/example_dags/example_latest_only.py
[2023-05-06T15:08:00.497+0000] {logging_mixin.py:137} INFO - [2023-05-06T15:08:00.497+0000] {dag.py:2693} INFO - Sync 1 DAGs
[2023-05-06T15:08:00.530+0000] {logging_mixin.py:137} INFO - [2023-05-06T15:08:00.530+0000] {dag.py:3444} INFO - Setting next_dagrun for latest_only to 2023-05-06T11:08:00.530078+00:00, run_after=2023-05-06T15:08:00.530078+00:00
[2023-05-06T15:08:00.552+0000] {processor.py:175} INFO - Processing /home/airflow/.local/lib/python3.7/site-packages/airflow/example_dags/example_latest_only.py took 0.119 seconds
[2023-05-06T15:08:30.939+0000] {processor.py:153} INFO - Started process (PID=2313) to work on /home/airflow/.local/lib/python3.7/site-packages/airflow/example_dags/example_latest_only.py
[2023-05-06T15:08:30.940+0000] {processor.py:743} INFO - Processing file /home/airflow/.local/lib/python3.7/site-packages/airflow/example_dags/example_latest_only.py for tasks to queue
[2023-05-06T15:08:30.940+0000] {logging_mixin.py:137} INFO - [2023-05-06T15:08:30.940+0000] {dagbag.py:532} INFO - Filling up the DagBag from /home/airflow/.local/lib/python3.7/site-packages/airflow/example_dags/example_latest_only.py
[2023-05-06T15:08:30.957+0000] {processor.py:753} INFO - DAG(s) dict_keys(['latest_only']) retrieved from /home/airflow/.local/lib/python3.7/site-packages/airflow/example_dags/example_latest_only.py
[2023-05-06T15:08:30.987+0000] {logging_mixin.py:137} INFO - [2023-05-06T15:08:30.987+0000] {dag.py:2693} INFO - Sync 1 DAGs
[2023-05-06T15:08:31.020+0000] {logging_mixin.py:137} INFO - [2023-05-06T15:08:31.019+0000] {dag.py:3444} INFO - Setting next_dagrun for latest_only to 2023-05-06T11:08:31.019658+00:00, run_after=2023-05-06T15:08:31.019658+00:00
[2023-05-06T15:08:31.041+0000] {processor.py:175} INFO - Processing /home/airflow/.local/lib/python3.7/site-packages/airflow/example_dags/example_latest_only.py took 0.106 seconds
[2023-05-06T15:09:02.299+0000] {processor.py:153} INFO - Started process (PID=2364) to work on /home/airflow/.local/lib/python3.7/site-packages/airflow/example_dags/example_latest_only.py
[2023-05-06T15:09:02.307+0000] {processor.py:743} INFO - Processing file /home/airflow/.local/lib/python3.7/site-packages/airflow/example_dags/example_latest_only.py for tasks to queue
[2023-05-06T15:09:02.309+0000] {logging_mixin.py:137} INFO - [2023-05-06T15:09:02.309+0000] {dagbag.py:532} INFO - Filling up the DagBag from /home/airflow/.local/lib/python3.7/site-packages/airflow/example_dags/example_latest_only.py
[2023-05-06T15:09:02.344+0000] {processor.py:753} INFO - DAG(s) dict_keys(['latest_only']) retrieved from /home/airflow/.local/lib/python3.7/site-packages/airflow/example_dags/example_latest_only.py
[2023-05-06T15:09:02.398+0000] {logging_mixin.py:137} INFO - [2023-05-06T15:09:02.398+0000] {dag.py:2693} INFO - Sync 1 DAGs
[2023-05-06T15:09:02.459+0000] {logging_mixin.py:137} INFO - [2023-05-06T15:09:02.459+0000] {dag.py:3444} INFO - Setting next_dagrun for latest_only to 2023-05-06T11:09:02.458750+00:00, run_after=2023-05-06T15:09:02.458750+00:00
[2023-05-06T15:09:02.504+0000] {processor.py:175} INFO - Processing /home/airflow/.local/lib/python3.7/site-packages/airflow/example_dags/example_latest_only.py took 0.209 seconds
[2023-05-06T15:09:32.681+0000] {processor.py:153} INFO - Started process (PID=2415) to work on /home/airflow/.local/lib/python3.7/site-packages/airflow/example_dags/example_latest_only.py
[2023-05-06T15:09:32.682+0000] {processor.py:743} INFO - Processing file /home/airflow/.local/lib/python3.7/site-packages/airflow/example_dags/example_latest_only.py for tasks to queue
[2023-05-06T15:09:32.682+0000] {logging_mixin.py:137} INFO - [2023-05-06T15:09:32.682+0000] {dagbag.py:532} INFO - Filling up the DagBag from /home/airflow/.local/lib/python3.7/site-packages/airflow/example_dags/example_latest_only.py
[2023-05-06T15:09:32.699+0000] {processor.py:753} INFO - DAG(s) dict_keys(['latest_only']) retrieved from /home/airflow/.local/lib/python3.7/site-packages/airflow/example_dags/example_latest_only.py
[2023-05-06T15:09:32.730+0000] {logging_mixin.py:137} INFO - [2023-05-06T15:09:32.730+0000] {dag.py:2693} INFO - Sync 1 DAGs
[2023-05-06T15:09:32.763+0000] {logging_mixin.py:137} INFO - [2023-05-06T15:09:32.763+0000] {dag.py:3444} INFO - Setting next_dagrun for latest_only to 2023-05-06T11:09:32.763227+00:00, run_after=2023-05-06T15:09:32.763227+00:00
[2023-05-06T15:09:32.785+0000] {processor.py:175} INFO - Processing /home/airflow/.local/lib/python3.7/site-packages/airflow/example_dags/example_latest_only.py took 0.108 seconds
[2023-05-06T15:10:03.681+0000] {processor.py:153} INFO - Started process (PID=2466) to work on /home/airflow/.local/lib/python3.7/site-packages/airflow/example_dags/example_latest_only.py
[2023-05-06T15:10:03.682+0000] {processor.py:743} INFO - Processing file /home/airflow/.local/lib/python3.7/site-packages/airflow/example_dags/example_latest_only.py for tasks to queue
[2023-05-06T15:10:03.683+0000] {logging_mixin.py:137} INFO - [2023-05-06T15:10:03.683+0000] {dagbag.py:532} INFO - Filling up the DagBag from /home/airflow/.local/lib/python3.7/site-packages/airflow/example_dags/example_latest_only.py
[2023-05-06T15:10:03.698+0000] {processor.py:753} INFO - DAG(s) dict_keys(['latest_only']) retrieved from /home/airflow/.local/lib/python3.7/site-packages/airflow/example_dags/example_latest_only.py
[2023-05-06T15:10:03.729+0000] {logging_mixin.py:137} INFO - [2023-05-06T15:10:03.729+0000] {dag.py:2693} INFO - Sync 1 DAGs
[2023-05-06T15:10:03.761+0000] {logging_mixin.py:137} INFO - [2023-05-06T15:10:03.760+0000] {dag.py:3444} INFO - Setting next_dagrun for latest_only to 2023-05-06T11:10:03.760543+00:00, run_after=2023-05-06T15:10:03.760543+00:00
[2023-05-06T15:10:03.782+0000] {processor.py:175} INFO - Processing /home/airflow/.local/lib/python3.7/site-packages/airflow/example_dags/example_latest_only.py took 0.105 seconds
[2023-05-06T15:10:34.092+0000] {processor.py:153} INFO - Started process (PID=2517) to work on /home/airflow/.local/lib/python3.7/site-packages/airflow/example_dags/example_latest_only.py
[2023-05-06T15:10:34.093+0000] {processor.py:743} INFO - Processing file /home/airflow/.local/lib/python3.7/site-packages/airflow/example_dags/example_latest_only.py for tasks to queue
[2023-05-06T15:10:34.094+0000] {logging_mixin.py:137} INFO - [2023-05-06T15:10:34.094+0000] {dagbag.py:532} INFO - Filling up the DagBag from /home/airflow/.local/lib/python3.7/site-packages/airflow/example_dags/example_latest_only.py
[2023-05-06T15:10:34.111+0000] {processor.py:753} INFO - DAG(s) dict_keys(['latest_only']) retrieved from /home/airflow/.local/lib/python3.7/site-packages/airflow/example_dags/example_latest_only.py
[2023-05-06T15:10:34.141+0000] {logging_mixin.py:137} INFO - [2023-05-06T15:10:34.141+0000] {dag.py:2693} INFO - Sync 1 DAGs
[2023-05-06T15:10:34.173+0000] {logging_mixin.py:137} INFO - [2023-05-06T15:10:34.173+0000] {dag.py:3444} INFO - Setting next_dagrun for latest_only to 2023-05-06T11:10:34.173458+00:00, run_after=2023-05-06T15:10:34.173458+00:00
[2023-05-06T15:10:34.195+0000] {processor.py:175} INFO - Processing /home/airflow/.local/lib/python3.7/site-packages/airflow/example_dags/example_latest_only.py took 0.106 seconds
[2023-05-06T15:11:05.038+0000] {processor.py:153} INFO - Started process (PID=2568) to work on /home/airflow/.local/lib/python3.7/site-packages/airflow/example_dags/example_latest_only.py
[2023-05-06T15:11:05.039+0000] {processor.py:743} INFO - Processing file /home/airflow/.local/lib/python3.7/site-packages/airflow/example_dags/example_latest_only.py for tasks to queue
[2023-05-06T15:11:05.040+0000] {logging_mixin.py:137} INFO - [2023-05-06T15:11:05.040+0000] {dagbag.py:532} INFO - Filling up the DagBag from /home/airflow/.local/lib/python3.7/site-packages/airflow/example_dags/example_latest_only.py
[2023-05-06T15:11:05.056+0000] {processor.py:753} INFO - DAG(s) dict_keys(['latest_only']) retrieved from /home/airflow/.local/lib/python3.7/site-packages/airflow/example_dags/example_latest_only.py
[2023-05-06T15:11:05.088+0000] {logging_mixin.py:137} INFO - [2023-05-06T15:11:05.087+0000] {dag.py:2693} INFO - Sync 1 DAGs
[2023-05-06T15:11:05.127+0000] {logging_mixin.py:137} INFO - [2023-05-06T15:11:05.127+0000] {dag.py:3444} INFO - Setting next_dagrun for latest_only to 2023-05-06T11:11:05.127151+00:00, run_after=2023-05-06T15:11:05.127151+00:00
[2023-05-06T15:11:05.153+0000] {processor.py:175} INFO - Processing /home/airflow/.local/lib/python3.7/site-packages/airflow/example_dags/example_latest_only.py took 0.120 seconds
[2023-05-06T15:11:35.380+0000] {processor.py:153} INFO - Started process (PID=2619) to work on /home/airflow/.local/lib/python3.7/site-packages/airflow/example_dags/example_latest_only.py
[2023-05-06T15:11:35.381+0000] {processor.py:743} INFO - Processing file /home/airflow/.local/lib/python3.7/site-packages/airflow/example_dags/example_latest_only.py for tasks to queue
[2023-05-06T15:11:35.382+0000] {logging_mixin.py:137} INFO - [2023-05-06T15:11:35.382+0000] {dagbag.py:532} INFO - Filling up the DagBag from /home/airflow/.local/lib/python3.7/site-packages/airflow/example_dags/example_latest_only.py
[2023-05-06T15:11:35.401+0000] {processor.py:753} INFO - DAG(s) dict_keys(['latest_only']) retrieved from /home/airflow/.local/lib/python3.7/site-packages/airflow/example_dags/example_latest_only.py
[2023-05-06T15:11:35.435+0000] {logging_mixin.py:137} INFO - [2023-05-06T15:11:35.435+0000] {dag.py:2693} INFO - Sync 1 DAGs
[2023-05-06T15:11:35.468+0000] {logging_mixin.py:137} INFO - [2023-05-06T15:11:35.467+0000] {dag.py:3444} INFO - Setting next_dagrun for latest_only to 2023-05-06T11:11:35.467564+00:00, run_after=2023-05-06T15:11:35.467564+00:00
[2023-05-06T15:11:35.489+0000] {processor.py:175} INFO - Processing /home/airflow/.local/lib/python3.7/site-packages/airflow/example_dags/example_latest_only.py took 0.113 seconds
[2023-05-06T15:12:07.585+0000] {processor.py:153} INFO - Started process (PID=2671) to work on /home/airflow/.local/lib/python3.7/site-packages/airflow/example_dags/example_latest_only.py
[2023-05-06T15:12:07.586+0000] {processor.py:743} INFO - Processing file /home/airflow/.local/lib/python3.7/site-packages/airflow/example_dags/example_latest_only.py for tasks to queue
[2023-05-06T15:12:07.587+0000] {logging_mixin.py:137} INFO - [2023-05-06T15:12:07.587+0000] {dagbag.py:532} INFO - Filling up the DagBag from /home/airflow/.local/lib/python3.7/site-packages/airflow/example_dags/example_latest_only.py
[2023-05-06T15:12:07.602+0000] {processor.py:753} INFO - DAG(s) dict_keys(['latest_only']) retrieved from /home/airflow/.local/lib/python3.7/site-packages/airflow/example_dags/example_latest_only.py
[2023-05-06T15:12:07.633+0000] {logging_mixin.py:137} INFO - [2023-05-06T15:12:07.633+0000] {dag.py:2693} INFO - Sync 1 DAGs
[2023-05-06T15:12:07.665+0000] {logging_mixin.py:137} INFO - [2023-05-06T15:12:07.665+0000] {dag.py:3444} INFO - Setting next_dagrun for latest_only to 2023-05-06T11:12:07.665250+00:00, run_after=2023-05-06T15:12:07.665250+00:00
[2023-05-06T15:12:07.687+0000] {processor.py:175} INFO - Processing /home/airflow/.local/lib/python3.7/site-packages/airflow/example_dags/example_latest_only.py took 0.107 seconds
[2023-05-06T15:12:38.851+0000] {processor.py:153} INFO - Started process (PID=2722) to work on /home/airflow/.local/lib/python3.7/site-packages/airflow/example_dags/example_latest_only.py
[2023-05-06T15:12:38.852+0000] {processor.py:743} INFO - Processing file /home/airflow/.local/lib/python3.7/site-packages/airflow/example_dags/example_latest_only.py for tasks to queue
[2023-05-06T15:12:38.853+0000] {logging_mixin.py:137} INFO - [2023-05-06T15:12:38.853+0000] {dagbag.py:532} INFO - Filling up the DagBag from /home/airflow/.local/lib/python3.7/site-packages/airflow/example_dags/example_latest_only.py
[2023-05-06T15:12:38.869+0000] {processor.py:753} INFO - DAG(s) dict_keys(['latest_only']) retrieved from /home/airflow/.local/lib/python3.7/site-packages/airflow/example_dags/example_latest_only.py
[2023-05-06T15:12:38.901+0000] {logging_mixin.py:137} INFO - [2023-05-06T15:12:38.901+0000] {dag.py:2693} INFO - Sync 1 DAGs
[2023-05-06T15:12:38.941+0000] {logging_mixin.py:137} INFO - [2023-05-06T15:12:38.941+0000] {dag.py:3444} INFO - Setting next_dagrun for latest_only to 2023-05-06T11:12:38.941006+00:00, run_after=2023-05-06T15:12:38.941006+00:00
[2023-05-06T15:12:38.974+0000] {processor.py:175} INFO - Processing /home/airflow/.local/lib/python3.7/site-packages/airflow/example_dags/example_latest_only.py took 0.127 seconds
[2023-05-06T15:13:09.134+0000] {processor.py:153} INFO - Started process (PID=2773) to work on /home/airflow/.local/lib/python3.7/site-packages/airflow/example_dags/example_latest_only.py
[2023-05-06T15:13:09.135+0000] {processor.py:743} INFO - Processing file /home/airflow/.local/lib/python3.7/site-packages/airflow/example_dags/example_latest_only.py for tasks to queue
[2023-05-06T15:13:09.136+0000] {logging_mixin.py:137} INFO - [2023-05-06T15:13:09.136+0000] {dagbag.py:532} INFO - Filling up the DagBag from /home/airflow/.local/lib/python3.7/site-packages/airflow/example_dags/example_latest_only.py
[2023-05-06T15:13:09.153+0000] {processor.py:753} INFO - DAG(s) dict_keys(['latest_only']) retrieved from /home/airflow/.local/lib/python3.7/site-packages/airflow/example_dags/example_latest_only.py
[2023-05-06T15:13:09.183+0000] {logging_mixin.py:137} INFO - [2023-05-06T15:13:09.182+0000] {dag.py:2693} INFO - Sync 1 DAGs
[2023-05-06T15:13:09.215+0000] {logging_mixin.py:137} INFO - [2023-05-06T15:13:09.215+0000] {dag.py:3444} INFO - Setting next_dagrun for latest_only to 2023-05-06T11:13:09.214960+00:00, run_after=2023-05-06T15:13:09.214960+00:00
[2023-05-06T15:13:09.236+0000] {processor.py:175} INFO - Processing /home/airflow/.local/lib/python3.7/site-packages/airflow/example_dags/example_latest_only.py took 0.107 seconds
[2023-05-06T15:13:40.085+0000] {processor.py:153} INFO - Started process (PID=2824) to work on /home/airflow/.local/lib/python3.7/site-packages/airflow/example_dags/example_latest_only.py
[2023-05-06T15:13:40.085+0000] {processor.py:743} INFO - Processing file /home/airflow/.local/lib/python3.7/site-packages/airflow/example_dags/example_latest_only.py for tasks to queue
[2023-05-06T15:13:40.086+0000] {logging_mixin.py:137} INFO - [2023-05-06T15:13:40.086+0000] {dagbag.py:532} INFO - Filling up the DagBag from /home/airflow/.local/lib/python3.7/site-packages/airflow/example_dags/example_latest_only.py
[2023-05-06T15:13:40.103+0000] {processor.py:753} INFO - DAG(s) dict_keys(['latest_only']) retrieved from /home/airflow/.local/lib/python3.7/site-packages/airflow/example_dags/example_latest_only.py
[2023-05-06T15:13:40.133+0000] {logging_mixin.py:137} INFO - [2023-05-06T15:13:40.133+0000] {dag.py:2693} INFO - Sync 1 DAGs
[2023-05-06T15:13:40.164+0000] {logging_mixin.py:137} INFO - [2023-05-06T15:13:40.164+0000] {dag.py:3444} INFO - Setting next_dagrun for latest_only to 2023-05-06T11:13:40.164070+00:00, run_after=2023-05-06T15:13:40.164070+00:00
[2023-05-06T15:13:40.185+0000] {processor.py:175} INFO - Processing /home/airflow/.local/lib/python3.7/site-packages/airflow/example_dags/example_latest_only.py took 0.104 seconds
[2023-05-06T15:14:10.711+0000] {processor.py:153} INFO - Started process (PID=2876) to work on /home/airflow/.local/lib/python3.7/site-packages/airflow/example_dags/example_latest_only.py
[2023-05-06T15:14:10.712+0000] {processor.py:743} INFO - Processing file /home/airflow/.local/lib/python3.7/site-packages/airflow/example_dags/example_latest_only.py for tasks to queue
[2023-05-06T15:14:10.713+0000] {logging_mixin.py:137} INFO - [2023-05-06T15:14:10.713+0000] {dagbag.py:532} INFO - Filling up the DagBag from /home/airflow/.local/lib/python3.7/site-packages/airflow/example_dags/example_latest_only.py
[2023-05-06T15:14:10.730+0000] {processor.py:753} INFO - DAG(s) dict_keys(['latest_only']) retrieved from /home/airflow/.local/lib/python3.7/site-packages/airflow/example_dags/example_latest_only.py
[2023-05-06T15:14:10.759+0000] {logging_mixin.py:137} INFO - [2023-05-06T15:14:10.759+0000] {dag.py:2693} INFO - Sync 1 DAGs
[2023-05-06T15:14:10.791+0000] {logging_mixin.py:137} INFO - [2023-05-06T15:14:10.791+0000] {dag.py:3444} INFO - Setting next_dagrun for latest_only to 2023-05-06T11:14:10.790786+00:00, run_after=2023-05-06T15:14:10.790786+00:00
[2023-05-06T15:14:10.813+0000] {processor.py:175} INFO - Processing /home/airflow/.local/lib/python3.7/site-packages/airflow/example_dags/example_latest_only.py took 0.105 seconds
[2023-05-06T15:14:41.250+0000] {processor.py:153} INFO - Started process (PID=2927) to work on /home/airflow/.local/lib/python3.7/site-packages/airflow/example_dags/example_latest_only.py
[2023-05-06T15:14:41.251+0000] {processor.py:743} INFO - Processing file /home/airflow/.local/lib/python3.7/site-packages/airflow/example_dags/example_latest_only.py for tasks to queue
[2023-05-06T15:14:41.252+0000] {logging_mixin.py:137} INFO - [2023-05-06T15:14:41.252+0000] {dagbag.py:532} INFO - Filling up the DagBag from /home/airflow/.local/lib/python3.7/site-packages/airflow/example_dags/example_latest_only.py
[2023-05-06T15:14:41.268+0000] {processor.py:753} INFO - DAG(s) dict_keys(['latest_only']) retrieved from /home/airflow/.local/lib/python3.7/site-packages/airflow/example_dags/example_latest_only.py
[2023-05-06T15:14:41.300+0000] {logging_mixin.py:137} INFO - [2023-05-06T15:14:41.299+0000] {dag.py:2693} INFO - Sync 1 DAGs
[2023-05-06T15:14:41.333+0000] {logging_mixin.py:137} INFO - [2023-05-06T15:14:41.332+0000] {dag.py:3444} INFO - Setting next_dagrun for latest_only to 2023-05-06T11:14:41.332566+00:00, run_after=2023-05-06T15:14:41.332566+00:00
[2023-05-06T15:14:41.358+0000] {processor.py:175} INFO - Processing /home/airflow/.local/lib/python3.7/site-packages/airflow/example_dags/example_latest_only.py took 0.113 seconds
[2023-05-06T15:15:11.689+0000] {processor.py:153} INFO - Started process (PID=2978) to work on /home/airflow/.local/lib/python3.7/site-packages/airflow/example_dags/example_latest_only.py
[2023-05-06T15:15:11.690+0000] {processor.py:743} INFO - Processing file /home/airflow/.local/lib/python3.7/site-packages/airflow/example_dags/example_latest_only.py for tasks to queue
[2023-05-06T15:15:11.691+0000] {logging_mixin.py:137} INFO - [2023-05-06T15:15:11.691+0000] {dagbag.py:532} INFO - Filling up the DagBag from /home/airflow/.local/lib/python3.7/site-packages/airflow/example_dags/example_latest_only.py
[2023-05-06T15:15:11.707+0000] {processor.py:753} INFO - DAG(s) dict_keys(['latest_only']) retrieved from /home/airflow/.local/lib/python3.7/site-packages/airflow/example_dags/example_latest_only.py
[2023-05-06T15:15:11.738+0000] {logging_mixin.py:137} INFO - [2023-05-06T15:15:11.737+0000] {dag.py:2693} INFO - Sync 1 DAGs
[2023-05-06T15:15:11.771+0000] {logging_mixin.py:137} INFO - [2023-05-06T15:15:11.770+0000] {dag.py:3444} INFO - Setting next_dagrun for latest_only to 2023-05-06T11:15:11.770518+00:00, run_after=2023-05-06T15:15:11.770518+00:00
[2023-05-06T15:15:11.792+0000] {processor.py:175} INFO - Processing /home/airflow/.local/lib/python3.7/site-packages/airflow/example_dags/example_latest_only.py took 0.107 seconds
