[2023-04-30T20:02:35.780+0000] {taskinstance.py:1084} INFO - Dependencies all met for dep_context=non-requeueable deps ti=<TaskInstance: get_todays_gamesv4.print_start manual__2023-04-30T20:02:34.436553+00:00 [queued]>
[2023-04-30T20:02:35.795+0000] {taskinstance.py:1084} INFO - Dependencies all met for dep_context=requeueable deps ti=<TaskInstance: get_todays_gamesv4.print_start manual__2023-04-30T20:02:34.436553+00:00 [queued]>
[2023-04-30T20:02:35.795+0000] {taskinstance.py:1282} INFO - 
--------------------------------------------------------------------------------
[2023-04-30T20:02:35.795+0000] {taskinstance.py:1283} INFO - Starting attempt 1 of 1
[2023-04-30T20:02:35.796+0000] {taskinstance.py:1284} INFO - 
--------------------------------------------------------------------------------
[2023-04-30T20:02:35.815+0000] {taskinstance.py:1303} INFO - Executing <Task(BashOperator): print_start> on 2023-04-30 20:02:34.436553+00:00
[2023-04-30T20:02:35.822+0000] {standard_task_runner.py:55} INFO - Started process 854 to run task
[2023-04-30T20:02:35.826+0000] {standard_task_runner.py:82} INFO - Running: ['***', 'tasks', 'run', 'get_todays_gamesv4', 'print_start', 'manual__2023-04-30T20:02:34.436553+00:00', '--job-id', '577', '--raw', '--subdir', 'DAGS_FOLDER/todays_games.py', '--cfg-path', '/tmp/tmpy4wwwnq2']
[2023-04-30T20:02:35.827+0000] {standard_task_runner.py:83} INFO - Job 577: Subtask print_start
[2023-04-30T20:02:35.902+0000] {task_command.py:388} INFO - Running <TaskInstance: get_todays_gamesv4.print_start manual__2023-04-30T20:02:34.436553+00:00 [running]> on host f789e77bc70a
[2023-04-30T20:02:36.001+0000] {taskinstance.py:1511} INFO - Exporting the following env vars:
AIRFLOW_CTX_DAG_OWNER=***
AIRFLOW_CTX_DAG_ID=get_todays_gamesv4
AIRFLOW_CTX_TASK_ID=print_start
AIRFLOW_CTX_EXECUTION_DATE=2023-04-30T20:02:34.436553+00:00
AIRFLOW_CTX_TRY_NUMBER=1
AIRFLOW_CTX_DAG_RUN_ID=manual__2023-04-30T20:02:34.436553+00:00
[2023-04-30T20:02:36.003+0000] {subprocess.py:63} INFO - Tmp dir root location: 
 /tmp
[2023-04-30T20:02:36.003+0000] {subprocess.py:75} INFO - Running command: ['/bin/bash', '-c', 'echo starting dag']
[2023-04-30T20:02:36.039+0000] {subprocess.py:86} INFO - Output:
[2023-04-30T20:02:36.052+0000] {subprocess.py:93} INFO - starting dag
[2023-04-30T20:02:36.055+0000] {subprocess.py:97} INFO - Command exited with return code 0
[2023-04-30T20:02:36.082+0000] {taskinstance.py:1326} INFO - Marking task as SUCCESS. dag_id=get_todays_gamesv4, task_id=print_start, execution_date=20230430T200234, start_date=20230430T200235, end_date=20230430T200236
[2023-04-30T20:02:36.130+0000] {local_task_job.py:212} INFO - Task exited with return code 0
[2023-04-30T20:02:36.176+0000] {taskinstance.py:2585} INFO - 2 downstream tasks scheduled from follow-on schedule check
