[2023-05-23T23:25:41.766+0000] {taskinstance.py:1084} INFO - Dependencies all met for dep_context=non-requeueable deps ti=<TaskInstance: get_todays_gamesv3.exec_insert_query_task manual__2023-05-23T23:25:26.392042+00:00 [queued]>
[2023-05-23T23:25:41.777+0000] {taskinstance.py:1084} INFO - Dependencies all met for dep_context=requeueable deps ti=<TaskInstance: get_todays_gamesv3.exec_insert_query_task manual__2023-05-23T23:25:26.392042+00:00 [queued]>
[2023-05-23T23:25:41.777+0000] {taskinstance.py:1282} INFO - 
--------------------------------------------------------------------------------
[2023-05-23T23:25:41.777+0000] {taskinstance.py:1283} INFO - Starting attempt 1 of 1
[2023-05-23T23:25:41.777+0000] {taskinstance.py:1284} INFO - 
--------------------------------------------------------------------------------
[2023-05-23T23:25:41.793+0000] {taskinstance.py:1303} INFO - Executing <Task(PostgresOperator): exec_insert_query_task> on 2023-05-23 23:25:26.392042+00:00
[2023-05-23T23:25:41.801+0000] {standard_task_runner.py:55} INFO - Started process 693 to run task
[2023-05-23T23:25:41.805+0000] {standard_task_runner.py:82} INFO - Running: ['***', 'tasks', 'run', 'get_todays_gamesv3', 'exec_insert_query_task', 'manual__2023-05-23T23:25:26.392042+00:00', '--job-id', '584', '--raw', '--subdir', 'DAGS_FOLDER/todays_gamesv3.py', '--cfg-path', '/tmp/tmpwoucomv2']
[2023-05-23T23:25:41.806+0000] {standard_task_runner.py:83} INFO - Job 584: Subtask exec_insert_query_task
[2023-05-23T23:25:41.879+0000] {task_command.py:388} INFO - Running <TaskInstance: get_todays_gamesv3.exec_insert_query_task manual__2023-05-23T23:25:26.392042+00:00 [running]> on host b03c83f459ca
[2023-05-23T23:25:41.977+0000] {taskinstance.py:1511} INFO - Exporting the following env vars:
AIRFLOW_CTX_DAG_OWNER=***
AIRFLOW_CTX_DAG_ID=get_todays_gamesv3
AIRFLOW_CTX_TASK_ID=exec_insert_query_task
AIRFLOW_CTX_EXECUTION_DATE=2023-05-23T23:25:26.392042+00:00
AIRFLOW_CTX_TRY_NUMBER=1
AIRFLOW_CTX_DAG_RUN_ID=manual__2023-05-23T23:25:26.392042+00:00
[2023-05-23T23:25:41.980+0000] {sql.py:254} INFO - Executing: 
INSERT INTO games (away_name,home_name,away_probable_pitcher,home_probable_pitcher,venue_name,game_date,
                                                              home_wins, home_losses, home_gb, away_wins, away_losses, away_gb, team_win_prob, game_time)
                                   VALUES ('Baltimore Orioles','New York Yankees','Kyle Bradish',
                                   'Gerrit Cole','Yankee Stadium','2023-05-23',
                                   '29','20','6.0','31','16','3.0','63%','7:05 PM');
[2023-05-23T23:25:41.989+0000] {base.py:73} INFO - Using connection ID 'postgres_localhost' for task execution.
[2023-05-23T23:25:42.300+0000] {base.py:73} INFO - Using connection ID 'postgres_localhost' for task execution.
[2023-05-23T23:25:42.307+0000] {sql.py:375} INFO - Running statement: 
INSERT INTO games (away_name,home_name,away_probable_pitcher,home_probable_pitcher,venue_name,game_date,
                                                              home_wins, home_losses, home_gb, away_wins, away_losses, away_gb, team_win_prob, game_time)
                                   VALUES ('Baltimore Orioles','New York Yankees','Kyle Bradish',
                                   'Gerrit Cole','Yankee Stadium','2023-05-23',
                                   '29','20','6.0','31','16','3.0','63%','7:05 PM');, parameters: None
[2023-05-23T23:25:42.308+0000] {sql.py:384} INFO - Rows affected: 1
[2023-05-23T23:25:42.324+0000] {taskinstance.py:1326} INFO - Marking task as SUCCESS. dag_id=get_todays_gamesv3, task_id=exec_insert_query_task, execution_date=20230523T232526, start_date=20230523T232541, end_date=20230523T232542
[2023-05-23T23:25:42.379+0000] {local_task_job.py:212} INFO - Task exited with return code 0
[2023-05-23T23:25:42.436+0000] {taskinstance.py:2585} INFO - 2 downstream tasks scheduled from follow-on schedule check
