[2023-05-07T15:00:09.455+0000] {taskinstance.py:1084} INFO - Dependencies all met for dep_context=non-requeueable deps ti=<TaskInstance: get_todays_gamesv2.exec_insert_query_task scheduled__2023-05-06T15:00:00+00:00 [queued]>
[2023-05-07T15:00:09.471+0000] {taskinstance.py:1084} INFO - Dependencies all met for dep_context=requeueable deps ti=<TaskInstance: get_todays_gamesv2.exec_insert_query_task scheduled__2023-05-06T15:00:00+00:00 [queued]>
[2023-05-07T15:00:09.471+0000] {taskinstance.py:1282} INFO - 
--------------------------------------------------------------------------------
[2023-05-07T15:00:09.472+0000] {taskinstance.py:1283} INFO - Starting attempt 1 of 1
[2023-05-07T15:00:09.472+0000] {taskinstance.py:1284} INFO - 
--------------------------------------------------------------------------------
[2023-05-07T15:00:09.499+0000] {taskinstance.py:1303} INFO - Executing <Task(PostgresOperator): exec_insert_query_task> on 2023-05-06 15:00:00+00:00
[2023-05-07T15:00:09.506+0000] {standard_task_runner.py:55} INFO - Started process 631 to run task
[2023-05-07T15:00:09.518+0000] {standard_task_runner.py:82} INFO - Running: ['***', 'tasks', 'run', 'get_todays_gamesv2', 'exec_insert_query_task', 'scheduled__2023-05-06T15:00:00+00:00', '--job-id', '911', '--raw', '--subdir', 'DAGS_FOLDER/todays_gamesv2.py', '--cfg-path', '/tmp/tmpzbroa_o_']
[2023-05-07T15:00:09.519+0000] {standard_task_runner.py:83} INFO - Job 911: Subtask exec_insert_query_task
[2023-05-07T15:00:09.657+0000] {task_command.py:388} INFO - Running <TaskInstance: get_todays_gamesv2.exec_insert_query_task scheduled__2023-05-06T15:00:00+00:00 [running]> on host f789e77bc70a
[2023-05-07T15:00:09.820+0000] {taskinstance.py:1511} INFO - Exporting the following env vars:
AIRFLOW_CTX_DAG_OWNER=***
AIRFLOW_CTX_DAG_ID=get_todays_gamesv2
AIRFLOW_CTX_TASK_ID=exec_insert_query_task
AIRFLOW_CTX_EXECUTION_DATE=2023-05-06T15:00:00+00:00
AIRFLOW_CTX_TRY_NUMBER=1
AIRFLOW_CTX_DAG_RUN_ID=scheduled__2023-05-06T15:00:00+00:00
[2023-05-07T15:00:09.821+0000] {sql.py:254} INFO - Executing: 
INSERT INTO games (away_name,home_name,away_probable_pitcher,home_probable_pitcher,venue_name,game_date)
                                   VALUES ('New York Yankees','Tampa Bay Rays','Gerrit Cole',
                                   'Javy Guerra','Tropicana Field','2023-05-07');
[2023-05-07T15:00:09.837+0000] {base.py:73} INFO - Using connection ID 'postgres_localhost' for task execution.
[2023-05-07T15:00:10.235+0000] {base.py:73} INFO - Using connection ID 'postgres_localhost' for task execution.
[2023-05-07T15:00:10.239+0000] {sql.py:375} INFO - Running statement: 
INSERT INTO games (away_name,home_name,away_probable_pitcher,home_probable_pitcher,venue_name,game_date)
                                   VALUES ('New York Yankees','Tampa Bay Rays','Gerrit Cole',
                                   'Javy Guerra','Tropicana Field','2023-05-07');, parameters: None
[2023-05-07T15:00:10.240+0000] {sql.py:384} INFO - Rows affected: 1
[2023-05-07T15:00:10.252+0000] {taskinstance.py:1326} INFO - Marking task as SUCCESS. dag_id=get_todays_gamesv2, task_id=exec_insert_query_task, execution_date=20230506T150000, start_date=20230507T150009, end_date=20230507T150010
[2023-05-07T15:00:10.287+0000] {local_task_job.py:212} INFO - Task exited with return code 0
[2023-05-07T15:00:10.329+0000] {taskinstance.py:2585} INFO - 2 downstream tasks scheduled from follow-on schedule check
