[2023-05-10T14:55:56.435+0000] {processor.py:153} INFO - Started process (PID=50) to work on /home/airflow/.local/lib/python3.7/site-packages/airflow/example_dags/example_short_circuit_decorator.py
[2023-05-10T14:55:56.436+0000] {processor.py:743} INFO - Processing file /home/airflow/.local/lib/python3.7/site-packages/airflow/example_dags/example_short_circuit_decorator.py for tasks to queue
[2023-05-10T14:55:56.437+0000] {logging_mixin.py:137} INFO - [2023-05-10T14:55:56.437+0000] {dagbag.py:532} INFO - Filling up the DagBag from /home/airflow/.local/lib/python3.7/site-packages/airflow/example_dags/example_short_circuit_decorator.py
[2023-05-10T14:55:56.519+0000] {processor.py:753} INFO - DAG(s) dict_keys(['example_short_circuit_decorator']) retrieved from /home/airflow/.local/lib/python3.7/site-packages/airflow/example_dags/example_short_circuit_decorator.py
[2023-05-10T14:55:56.613+0000] {logging_mixin.py:137} INFO - [2023-05-10T14:55:56.612+0000] {dag.py:2693} INFO - Sync 1 DAGs
[2023-05-10T14:55:56.696+0000] {logging_mixin.py:137} INFO - [2023-05-10T14:55:56.696+0000] {dag.py:3444} INFO - Setting next_dagrun for example_short_circuit_decorator to 2023-05-09T14:55:56.696253+00:00, run_after=2023-05-10T14:55:56.696253+00:00
[2023-05-10T14:55:56.727+0000] {processor.py:175} INFO - Processing /home/airflow/.local/lib/python3.7/site-packages/airflow/example_dags/example_short_circuit_decorator.py took 0.315 seconds
[2023-05-10T14:56:27.204+0000] {processor.py:153} INFO - Started process (PID=101) to work on /home/airflow/.local/lib/python3.7/site-packages/airflow/example_dags/example_short_circuit_decorator.py
[2023-05-10T14:56:27.205+0000] {processor.py:743} INFO - Processing file /home/airflow/.local/lib/python3.7/site-packages/airflow/example_dags/example_short_circuit_decorator.py for tasks to queue
[2023-05-10T14:56:27.206+0000] {logging_mixin.py:137} INFO - [2023-05-10T14:56:27.206+0000] {dagbag.py:532} INFO - Filling up the DagBag from /home/airflow/.local/lib/python3.7/site-packages/airflow/example_dags/example_short_circuit_decorator.py
[2023-05-10T14:56:27.238+0000] {processor.py:753} INFO - DAG(s) dict_keys(['example_short_circuit_decorator']) retrieved from /home/airflow/.local/lib/python3.7/site-packages/airflow/example_dags/example_short_circuit_decorator.py
[2023-05-10T14:56:27.272+0000] {logging_mixin.py:137} INFO - [2023-05-10T14:56:27.272+0000] {dag.py:2693} INFO - Sync 1 DAGs
[2023-05-10T14:56:27.304+0000] {logging_mixin.py:137} INFO - [2023-05-10T14:56:27.304+0000] {dag.py:3444} INFO - Setting next_dagrun for example_short_circuit_decorator to 2023-05-09T14:56:27.303946+00:00, run_after=2023-05-10T14:56:27.303946+00:00
[2023-05-10T14:56:27.332+0000] {processor.py:175} INFO - Processing /home/airflow/.local/lib/python3.7/site-packages/airflow/example_dags/example_short_circuit_decorator.py took 0.132 seconds
[2023-05-10T14:56:57.807+0000] {processor.py:153} INFO - Started process (PID=152) to work on /home/airflow/.local/lib/python3.7/site-packages/airflow/example_dags/example_short_circuit_decorator.py
[2023-05-10T14:56:57.808+0000] {processor.py:743} INFO - Processing file /home/airflow/.local/lib/python3.7/site-packages/airflow/example_dags/example_short_circuit_decorator.py for tasks to queue
[2023-05-10T14:56:57.808+0000] {logging_mixin.py:137} INFO - [2023-05-10T14:56:57.808+0000] {dagbag.py:532} INFO - Filling up the DagBag from /home/airflow/.local/lib/python3.7/site-packages/airflow/example_dags/example_short_circuit_decorator.py
[2023-05-10T14:56:57.840+0000] {processor.py:753} INFO - DAG(s) dict_keys(['example_short_circuit_decorator']) retrieved from /home/airflow/.local/lib/python3.7/site-packages/airflow/example_dags/example_short_circuit_decorator.py
[2023-05-10T14:56:57.875+0000] {logging_mixin.py:137} INFO - [2023-05-10T14:56:57.875+0000] {dag.py:2693} INFO - Sync 1 DAGs
[2023-05-10T14:56:57.906+0000] {logging_mixin.py:137} INFO - [2023-05-10T14:56:57.906+0000] {dag.py:3444} INFO - Setting next_dagrun for example_short_circuit_decorator to 2023-05-09T14:56:57.905781+00:00, run_after=2023-05-10T14:56:57.905781+00:00
[2023-05-10T14:56:57.926+0000] {processor.py:175} INFO - Processing /home/airflow/.local/lib/python3.7/site-packages/airflow/example_dags/example_short_circuit_decorator.py took 0.123 seconds
[2023-05-10T14:57:28.475+0000] {processor.py:153} INFO - Started process (PID=204) to work on /home/airflow/.local/lib/python3.7/site-packages/airflow/example_dags/example_short_circuit_decorator.py
[2023-05-10T14:57:28.476+0000] {processor.py:743} INFO - Processing file /home/airflow/.local/lib/python3.7/site-packages/airflow/example_dags/example_short_circuit_decorator.py for tasks to queue
[2023-05-10T14:57:28.477+0000] {logging_mixin.py:137} INFO - [2023-05-10T14:57:28.477+0000] {dagbag.py:532} INFO - Filling up the DagBag from /home/airflow/.local/lib/python3.7/site-packages/airflow/example_dags/example_short_circuit_decorator.py
[2023-05-10T14:57:28.516+0000] {processor.py:753} INFO - DAG(s) dict_keys(['example_short_circuit_decorator']) retrieved from /home/airflow/.local/lib/python3.7/site-packages/airflow/example_dags/example_short_circuit_decorator.py
[2023-05-10T14:57:28.555+0000] {logging_mixin.py:137} INFO - [2023-05-10T14:57:28.555+0000] {dag.py:2693} INFO - Sync 1 DAGs
[2023-05-10T14:57:28.586+0000] {logging_mixin.py:137} INFO - [2023-05-10T14:57:28.586+0000] {dag.py:3444} INFO - Setting next_dagrun for example_short_circuit_decorator to 2023-05-09T14:57:28.586504+00:00, run_after=2023-05-10T14:57:28.586504+00:00
[2023-05-10T14:57:28.607+0000] {processor.py:175} INFO - Processing /home/airflow/.local/lib/python3.7/site-packages/airflow/example_dags/example_short_circuit_decorator.py took 0.136 seconds
[2023-05-10T14:57:59.034+0000] {processor.py:153} INFO - Started process (PID=255) to work on /home/airflow/.local/lib/python3.7/site-packages/airflow/example_dags/example_short_circuit_decorator.py
[2023-05-10T14:57:59.035+0000] {processor.py:743} INFO - Processing file /home/airflow/.local/lib/python3.7/site-packages/airflow/example_dags/example_short_circuit_decorator.py for tasks to queue
[2023-05-10T14:57:59.036+0000] {logging_mixin.py:137} INFO - [2023-05-10T14:57:59.036+0000] {dagbag.py:532} INFO - Filling up the DagBag from /home/airflow/.local/lib/python3.7/site-packages/airflow/example_dags/example_short_circuit_decorator.py
[2023-05-10T14:57:59.067+0000] {processor.py:753} INFO - DAG(s) dict_keys(['example_short_circuit_decorator']) retrieved from /home/airflow/.local/lib/python3.7/site-packages/airflow/example_dags/example_short_circuit_decorator.py
[2023-05-10T14:57:59.112+0000] {logging_mixin.py:137} INFO - [2023-05-10T14:57:59.112+0000] {dag.py:2693} INFO - Sync 1 DAGs
[2023-05-10T14:57:59.145+0000] {logging_mixin.py:137} INFO - [2023-05-10T14:57:59.144+0000] {dag.py:3444} INFO - Setting next_dagrun for example_short_circuit_decorator to 2023-05-09T14:57:59.144620+00:00, run_after=2023-05-10T14:57:59.144620+00:00
[2023-05-10T14:57:59.166+0000] {processor.py:175} INFO - Processing /home/airflow/.local/lib/python3.7/site-packages/airflow/example_dags/example_short_circuit_decorator.py took 0.136 seconds
[2023-05-10T14:58:29.287+0000] {processor.py:153} INFO - Started process (PID=306) to work on /home/airflow/.local/lib/python3.7/site-packages/airflow/example_dags/example_short_circuit_decorator.py
[2023-05-10T14:58:29.288+0000] {processor.py:743} INFO - Processing file /home/airflow/.local/lib/python3.7/site-packages/airflow/example_dags/example_short_circuit_decorator.py for tasks to queue
[2023-05-10T14:58:29.289+0000] {logging_mixin.py:137} INFO - [2023-05-10T14:58:29.289+0000] {dagbag.py:532} INFO - Filling up the DagBag from /home/airflow/.local/lib/python3.7/site-packages/airflow/example_dags/example_short_circuit_decorator.py
[2023-05-10T14:58:29.320+0000] {processor.py:753} INFO - DAG(s) dict_keys(['example_short_circuit_decorator']) retrieved from /home/airflow/.local/lib/python3.7/site-packages/airflow/example_dags/example_short_circuit_decorator.py
[2023-05-10T14:58:29.359+0000] {logging_mixin.py:137} INFO - [2023-05-10T14:58:29.359+0000] {dag.py:2693} INFO - Sync 1 DAGs
[2023-05-10T14:58:29.402+0000] {logging_mixin.py:137} INFO - [2023-05-10T14:58:29.401+0000] {dag.py:3444} INFO - Setting next_dagrun for example_short_circuit_decorator to 2023-05-09T14:58:29.401507+00:00, run_after=2023-05-10T14:58:29.401507+00:00
[2023-05-10T14:58:29.423+0000] {processor.py:175} INFO - Processing /home/airflow/.local/lib/python3.7/site-packages/airflow/example_dags/example_short_circuit_decorator.py took 0.140 seconds
[2023-05-10T14:58:59.778+0000] {processor.py:153} INFO - Started process (PID=357) to work on /home/airflow/.local/lib/python3.7/site-packages/airflow/example_dags/example_short_circuit_decorator.py
[2023-05-10T14:58:59.779+0000] {processor.py:743} INFO - Processing file /home/airflow/.local/lib/python3.7/site-packages/airflow/example_dags/example_short_circuit_decorator.py for tasks to queue
[2023-05-10T14:58:59.779+0000] {logging_mixin.py:137} INFO - [2023-05-10T14:58:59.779+0000] {dagbag.py:532} INFO - Filling up the DagBag from /home/airflow/.local/lib/python3.7/site-packages/airflow/example_dags/example_short_circuit_decorator.py
[2023-05-10T14:58:59.810+0000] {processor.py:753} INFO - DAG(s) dict_keys(['example_short_circuit_decorator']) retrieved from /home/airflow/.local/lib/python3.7/site-packages/airflow/example_dags/example_short_circuit_decorator.py
[2023-05-10T14:58:59.843+0000] {logging_mixin.py:137} INFO - [2023-05-10T14:58:59.842+0000] {dag.py:2693} INFO - Sync 1 DAGs
[2023-05-10T14:58:59.873+0000] {logging_mixin.py:137} INFO - [2023-05-10T14:58:59.873+0000] {dag.py:3444} INFO - Setting next_dagrun for example_short_circuit_decorator to 2023-05-09T14:58:59.873158+00:00, run_after=2023-05-10T14:58:59.873158+00:00
[2023-05-10T14:58:59.894+0000] {processor.py:175} INFO - Processing /home/airflow/.local/lib/python3.7/site-packages/airflow/example_dags/example_short_circuit_decorator.py took 0.120 seconds
[2023-05-10T14:59:31.129+0000] {processor.py:153} INFO - Started process (PID=408) to work on /home/airflow/.local/lib/python3.7/site-packages/airflow/example_dags/example_short_circuit_decorator.py
[2023-05-10T14:59:31.130+0000] {processor.py:743} INFO - Processing file /home/airflow/.local/lib/python3.7/site-packages/airflow/example_dags/example_short_circuit_decorator.py for tasks to queue
[2023-05-10T14:59:31.131+0000] {logging_mixin.py:137} INFO - [2023-05-10T14:59:31.131+0000] {dagbag.py:532} INFO - Filling up the DagBag from /home/airflow/.local/lib/python3.7/site-packages/airflow/example_dags/example_short_circuit_decorator.py
[2023-05-10T14:59:31.161+0000] {processor.py:753} INFO - DAG(s) dict_keys(['example_short_circuit_decorator']) retrieved from /home/airflow/.local/lib/python3.7/site-packages/airflow/example_dags/example_short_circuit_decorator.py
[2023-05-10T14:59:31.194+0000] {logging_mixin.py:137} INFO - [2023-05-10T14:59:31.193+0000] {dag.py:2693} INFO - Sync 1 DAGs
[2023-05-10T14:59:31.226+0000] {logging_mixin.py:137} INFO - [2023-05-10T14:59:31.226+0000] {dag.py:3444} INFO - Setting next_dagrun for example_short_circuit_decorator to 2023-05-09T14:59:31.226040+00:00, run_after=2023-05-10T14:59:31.226040+00:00
[2023-05-10T14:59:31.248+0000] {processor.py:175} INFO - Processing /home/airflow/.local/lib/python3.7/site-packages/airflow/example_dags/example_short_circuit_decorator.py took 0.123 seconds
[2023-05-10T15:00:02.890+0000] {processor.py:153} INFO - Started process (PID=458) to work on /home/airflow/.local/lib/python3.7/site-packages/airflow/example_dags/example_short_circuit_decorator.py
[2023-05-10T15:00:02.899+0000] {processor.py:743} INFO - Processing file /home/airflow/.local/lib/python3.7/site-packages/airflow/example_dags/example_short_circuit_decorator.py for tasks to queue
[2023-05-10T15:00:02.900+0000] {logging_mixin.py:137} INFO - [2023-05-10T15:00:02.900+0000] {dagbag.py:532} INFO - Filling up the DagBag from /home/airflow/.local/lib/python3.7/site-packages/airflow/example_dags/example_short_circuit_decorator.py
[2023-05-10T15:00:02.962+0000] {processor.py:753} INFO - DAG(s) dict_keys(['example_short_circuit_decorator']) retrieved from /home/airflow/.local/lib/python3.7/site-packages/airflow/example_dags/example_short_circuit_decorator.py
[2023-05-10T15:00:03.040+0000] {logging_mixin.py:137} INFO - [2023-05-10T15:00:03.040+0000] {dag.py:2693} INFO - Sync 1 DAGs
[2023-05-10T15:00:03.084+0000] {logging_mixin.py:137} INFO - [2023-05-10T15:00:03.084+0000] {dag.py:3444} INFO - Setting next_dagrun for example_short_circuit_decorator to 2023-05-09T15:00:03.084502+00:00, run_after=2023-05-10T15:00:03.084502+00:00
[2023-05-10T15:00:03.129+0000] {processor.py:175} INFO - Processing /home/airflow/.local/lib/python3.7/site-packages/airflow/example_dags/example_short_circuit_decorator.py took 0.242 seconds
[2023-05-10T15:00:33.707+0000] {processor.py:153} INFO - Started process (PID=508) to work on /home/airflow/.local/lib/python3.7/site-packages/airflow/example_dags/example_short_circuit_decorator.py
[2023-05-10T15:00:33.714+0000] {processor.py:743} INFO - Processing file /home/airflow/.local/lib/python3.7/site-packages/airflow/example_dags/example_short_circuit_decorator.py for tasks to queue
[2023-05-10T15:00:33.715+0000] {logging_mixin.py:137} INFO - [2023-05-10T15:00:33.714+0000] {dagbag.py:532} INFO - Filling up the DagBag from /home/airflow/.local/lib/python3.7/site-packages/airflow/example_dags/example_short_circuit_decorator.py
[2023-05-10T15:00:33.783+0000] {processor.py:753} INFO - DAG(s) dict_keys(['example_short_circuit_decorator']) retrieved from /home/airflow/.local/lib/python3.7/site-packages/airflow/example_dags/example_short_circuit_decorator.py
[2023-05-10T15:00:33.839+0000] {logging_mixin.py:137} INFO - [2023-05-10T15:00:33.839+0000] {dag.py:2693} INFO - Sync 1 DAGs
[2023-05-10T15:00:33.903+0000] {logging_mixin.py:137} INFO - [2023-05-10T15:00:33.903+0000] {dag.py:3444} INFO - Setting next_dagrun for example_short_circuit_decorator to 2023-05-09T15:00:33.902770+00:00, run_after=2023-05-10T15:00:33.902770+00:00
[2023-05-10T15:00:33.951+0000] {processor.py:175} INFO - Processing /home/airflow/.local/lib/python3.7/site-packages/airflow/example_dags/example_short_circuit_decorator.py took 0.249 seconds
[2023-05-10T15:01:03.995+0000] {processor.py:153} INFO - Started process (PID=560) to work on /home/airflow/.local/lib/python3.7/site-packages/airflow/example_dags/example_short_circuit_decorator.py
[2023-05-10T15:01:03.996+0000] {processor.py:743} INFO - Processing file /home/airflow/.local/lib/python3.7/site-packages/airflow/example_dags/example_short_circuit_decorator.py for tasks to queue
[2023-05-10T15:01:03.997+0000] {logging_mixin.py:137} INFO - [2023-05-10T15:01:03.997+0000] {dagbag.py:532} INFO - Filling up the DagBag from /home/airflow/.local/lib/python3.7/site-packages/airflow/example_dags/example_short_circuit_decorator.py
[2023-05-10T15:01:04.050+0000] {processor.py:753} INFO - DAG(s) dict_keys(['example_short_circuit_decorator']) retrieved from /home/airflow/.local/lib/python3.7/site-packages/airflow/example_dags/example_short_circuit_decorator.py
[2023-05-10T15:01:04.098+0000] {logging_mixin.py:137} INFO - [2023-05-10T15:01:04.098+0000] {dag.py:2693} INFO - Sync 1 DAGs
[2023-05-10T15:01:04.129+0000] {logging_mixin.py:137} INFO - [2023-05-10T15:01:04.128+0000] {dag.py:3444} INFO - Setting next_dagrun for example_short_circuit_decorator to 2023-05-09T15:01:04.128587+00:00, run_after=2023-05-10T15:01:04.128587+00:00
[2023-05-10T15:01:04.166+0000] {processor.py:175} INFO - Processing /home/airflow/.local/lib/python3.7/site-packages/airflow/example_dags/example_short_circuit_decorator.py took 0.183 seconds
[2023-05-10T15:01:34.996+0000] {processor.py:153} INFO - Started process (PID=618) to work on /home/airflow/.local/lib/python3.7/site-packages/airflow/example_dags/example_short_circuit_decorator.py
[2023-05-10T15:01:34.998+0000] {processor.py:743} INFO - Processing file /home/airflow/.local/lib/python3.7/site-packages/airflow/example_dags/example_short_circuit_decorator.py for tasks to queue
[2023-05-10T15:01:34.999+0000] {logging_mixin.py:137} INFO - [2023-05-10T15:01:34.999+0000] {dagbag.py:532} INFO - Filling up the DagBag from /home/airflow/.local/lib/python3.7/site-packages/airflow/example_dags/example_short_circuit_decorator.py
[2023-05-10T15:01:35.029+0000] {processor.py:753} INFO - DAG(s) dict_keys(['example_short_circuit_decorator']) retrieved from /home/airflow/.local/lib/python3.7/site-packages/airflow/example_dags/example_short_circuit_decorator.py
[2023-05-10T15:01:35.060+0000] {logging_mixin.py:137} INFO - [2023-05-10T15:01:35.060+0000] {dag.py:2693} INFO - Sync 1 DAGs
[2023-05-10T15:01:35.091+0000] {logging_mixin.py:137} INFO - [2023-05-10T15:01:35.091+0000] {dag.py:3444} INFO - Setting next_dagrun for example_short_circuit_decorator to 2023-05-09T15:01:35.090955+00:00, run_after=2023-05-10T15:01:35.090955+00:00
[2023-05-10T15:01:35.117+0000] {processor.py:175} INFO - Processing /home/airflow/.local/lib/python3.7/site-packages/airflow/example_dags/example_short_circuit_decorator.py took 0.125 seconds
[2023-05-10T15:02:05.162+0000] {processor.py:153} INFO - Started process (PID=669) to work on /home/airflow/.local/lib/python3.7/site-packages/airflow/example_dags/example_short_circuit_decorator.py
[2023-05-10T15:02:05.163+0000] {processor.py:743} INFO - Processing file /home/airflow/.local/lib/python3.7/site-packages/airflow/example_dags/example_short_circuit_decorator.py for tasks to queue
[2023-05-10T15:02:05.164+0000] {logging_mixin.py:137} INFO - [2023-05-10T15:02:05.164+0000] {dagbag.py:532} INFO - Filling up the DagBag from /home/airflow/.local/lib/python3.7/site-packages/airflow/example_dags/example_short_circuit_decorator.py
[2023-05-10T15:02:05.195+0000] {processor.py:753} INFO - DAG(s) dict_keys(['example_short_circuit_decorator']) retrieved from /home/airflow/.local/lib/python3.7/site-packages/airflow/example_dags/example_short_circuit_decorator.py
[2023-05-10T15:02:05.230+0000] {logging_mixin.py:137} INFO - [2023-05-10T15:02:05.229+0000] {dag.py:2693} INFO - Sync 1 DAGs
[2023-05-10T15:02:05.260+0000] {logging_mixin.py:137} INFO - [2023-05-10T15:02:05.260+0000] {dag.py:3444} INFO - Setting next_dagrun for example_short_circuit_decorator to 2023-05-09T15:02:05.259742+00:00, run_after=2023-05-10T15:02:05.259742+00:00
[2023-05-10T15:02:05.281+0000] {processor.py:175} INFO - Processing /home/airflow/.local/lib/python3.7/site-packages/airflow/example_dags/example_short_circuit_decorator.py took 0.122 seconds
[2023-05-10T15:02:36.238+0000] {processor.py:153} INFO - Started process (PID=720) to work on /home/airflow/.local/lib/python3.7/site-packages/airflow/example_dags/example_short_circuit_decorator.py
[2023-05-10T15:02:36.239+0000] {processor.py:743} INFO - Processing file /home/airflow/.local/lib/python3.7/site-packages/airflow/example_dags/example_short_circuit_decorator.py for tasks to queue
[2023-05-10T15:02:36.240+0000] {logging_mixin.py:137} INFO - [2023-05-10T15:02:36.240+0000] {dagbag.py:532} INFO - Filling up the DagBag from /home/airflow/.local/lib/python3.7/site-packages/airflow/example_dags/example_short_circuit_decorator.py
[2023-05-10T15:02:36.271+0000] {processor.py:753} INFO - DAG(s) dict_keys(['example_short_circuit_decorator']) retrieved from /home/airflow/.local/lib/python3.7/site-packages/airflow/example_dags/example_short_circuit_decorator.py
[2023-05-10T15:02:36.304+0000] {logging_mixin.py:137} INFO - [2023-05-10T15:02:36.303+0000] {dag.py:2693} INFO - Sync 1 DAGs
[2023-05-10T15:02:36.334+0000] {logging_mixin.py:137} INFO - [2023-05-10T15:02:36.333+0000] {dag.py:3444} INFO - Setting next_dagrun for example_short_circuit_decorator to 2023-05-09T15:02:36.333619+00:00, run_after=2023-05-10T15:02:36.333619+00:00
[2023-05-10T15:02:36.354+0000] {processor.py:175} INFO - Processing /home/airflow/.local/lib/python3.7/site-packages/airflow/example_dags/example_short_circuit_decorator.py took 0.120 seconds
[2023-05-10T15:03:06.810+0000] {processor.py:153} INFO - Started process (PID=771) to work on /home/airflow/.local/lib/python3.7/site-packages/airflow/example_dags/example_short_circuit_decorator.py
[2023-05-10T15:03:06.811+0000] {processor.py:743} INFO - Processing file /home/airflow/.local/lib/python3.7/site-packages/airflow/example_dags/example_short_circuit_decorator.py for tasks to queue
[2023-05-10T15:03:06.812+0000] {logging_mixin.py:137} INFO - [2023-05-10T15:03:06.811+0000] {dagbag.py:532} INFO - Filling up the DagBag from /home/airflow/.local/lib/python3.7/site-packages/airflow/example_dags/example_short_circuit_decorator.py
[2023-05-10T15:03:06.842+0000] {processor.py:753} INFO - DAG(s) dict_keys(['example_short_circuit_decorator']) retrieved from /home/airflow/.local/lib/python3.7/site-packages/airflow/example_dags/example_short_circuit_decorator.py
[2023-05-10T15:03:06.874+0000] {logging_mixin.py:137} INFO - [2023-05-10T15:03:06.873+0000] {dag.py:2693} INFO - Sync 1 DAGs
[2023-05-10T15:03:06.905+0000] {logging_mixin.py:137} INFO - [2023-05-10T15:03:06.904+0000] {dag.py:3444} INFO - Setting next_dagrun for example_short_circuit_decorator to 2023-05-09T15:03:06.904706+00:00, run_after=2023-05-10T15:03:06.904706+00:00
[2023-05-10T15:03:06.926+0000] {processor.py:175} INFO - Processing /home/airflow/.local/lib/python3.7/site-packages/airflow/example_dags/example_short_circuit_decorator.py took 0.119 seconds
[2023-05-10T15:03:37.353+0000] {processor.py:153} INFO - Started process (PID=821) to work on /home/airflow/.local/lib/python3.7/site-packages/airflow/example_dags/example_short_circuit_decorator.py
[2023-05-10T15:03:37.355+0000] {processor.py:743} INFO - Processing file /home/airflow/.local/lib/python3.7/site-packages/airflow/example_dags/example_short_circuit_decorator.py for tasks to queue
[2023-05-10T15:03:37.355+0000] {logging_mixin.py:137} INFO - [2023-05-10T15:03:37.355+0000] {dagbag.py:532} INFO - Filling up the DagBag from /home/airflow/.local/lib/python3.7/site-packages/airflow/example_dags/example_short_circuit_decorator.py
[2023-05-10T15:03:37.386+0000] {processor.py:753} INFO - DAG(s) dict_keys(['example_short_circuit_decorator']) retrieved from /home/airflow/.local/lib/python3.7/site-packages/airflow/example_dags/example_short_circuit_decorator.py
[2023-05-10T15:03:37.425+0000] {logging_mixin.py:137} INFO - [2023-05-10T15:03:37.425+0000] {dag.py:2693} INFO - Sync 1 DAGs
[2023-05-10T15:03:37.457+0000] {logging_mixin.py:137} INFO - [2023-05-10T15:03:37.457+0000] {dag.py:3444} INFO - Setting next_dagrun for example_short_circuit_decorator to 2023-05-09T15:03:37.457235+00:00, run_after=2023-05-10T15:03:37.457235+00:00
[2023-05-10T15:03:37.478+0000] {processor.py:175} INFO - Processing /home/airflow/.local/lib/python3.7/site-packages/airflow/example_dags/example_short_circuit_decorator.py took 0.129 seconds
[2023-05-10T15:04:07.680+0000] {processor.py:153} INFO - Started process (PID=872) to work on /home/airflow/.local/lib/python3.7/site-packages/airflow/example_dags/example_short_circuit_decorator.py
[2023-05-10T15:04:07.681+0000] {processor.py:743} INFO - Processing file /home/airflow/.local/lib/python3.7/site-packages/airflow/example_dags/example_short_circuit_decorator.py for tasks to queue
[2023-05-10T15:04:07.681+0000] {logging_mixin.py:137} INFO - [2023-05-10T15:04:07.681+0000] {dagbag.py:532} INFO - Filling up the DagBag from /home/airflow/.local/lib/python3.7/site-packages/airflow/example_dags/example_short_circuit_decorator.py
[2023-05-10T15:04:07.712+0000] {processor.py:753} INFO - DAG(s) dict_keys(['example_short_circuit_decorator']) retrieved from /home/airflow/.local/lib/python3.7/site-packages/airflow/example_dags/example_short_circuit_decorator.py
[2023-05-10T15:04:07.745+0000] {logging_mixin.py:137} INFO - [2023-05-10T15:04:07.745+0000] {dag.py:2693} INFO - Sync 1 DAGs
[2023-05-10T15:04:07.775+0000] {logging_mixin.py:137} INFO - [2023-05-10T15:04:07.775+0000] {dag.py:3444} INFO - Setting next_dagrun for example_short_circuit_decorator to 2023-05-09T15:04:07.774783+00:00, run_after=2023-05-10T15:04:07.774783+00:00
[2023-05-10T15:04:07.800+0000] {processor.py:175} INFO - Processing /home/airflow/.local/lib/python3.7/site-packages/airflow/example_dags/example_short_circuit_decorator.py took 0.124 seconds
[2023-05-10T15:04:38.130+0000] {processor.py:153} INFO - Started process (PID=923) to work on /home/airflow/.local/lib/python3.7/site-packages/airflow/example_dags/example_short_circuit_decorator.py
[2023-05-10T15:04:38.133+0000] {processor.py:743} INFO - Processing file /home/airflow/.local/lib/python3.7/site-packages/airflow/example_dags/example_short_circuit_decorator.py for tasks to queue
[2023-05-10T15:04:38.134+0000] {logging_mixin.py:137} INFO - [2023-05-10T15:04:38.133+0000] {dagbag.py:532} INFO - Filling up the DagBag from /home/airflow/.local/lib/python3.7/site-packages/airflow/example_dags/example_short_circuit_decorator.py
[2023-05-10T15:04:38.163+0000] {processor.py:753} INFO - DAG(s) dict_keys(['example_short_circuit_decorator']) retrieved from /home/airflow/.local/lib/python3.7/site-packages/airflow/example_dags/example_short_circuit_decorator.py
[2023-05-10T15:04:38.193+0000] {logging_mixin.py:137} INFO - [2023-05-10T15:04:38.193+0000] {dag.py:2693} INFO - Sync 1 DAGs
[2023-05-10T15:04:38.223+0000] {logging_mixin.py:137} INFO - [2023-05-10T15:04:38.223+0000] {dag.py:3444} INFO - Setting next_dagrun for example_short_circuit_decorator to 2023-05-09T15:04:38.222970+00:00, run_after=2023-05-10T15:04:38.222970+00:00
[2023-05-10T15:04:38.244+0000] {processor.py:175} INFO - Processing /home/airflow/.local/lib/python3.7/site-packages/airflow/example_dags/example_short_circuit_decorator.py took 0.118 seconds
[2023-05-10T15:05:08.660+0000] {processor.py:153} INFO - Started process (PID=974) to work on /home/airflow/.local/lib/python3.7/site-packages/airflow/example_dags/example_short_circuit_decorator.py
[2023-05-10T15:05:08.660+0000] {processor.py:743} INFO - Processing file /home/airflow/.local/lib/python3.7/site-packages/airflow/example_dags/example_short_circuit_decorator.py for tasks to queue
[2023-05-10T15:05:08.661+0000] {logging_mixin.py:137} INFO - [2023-05-10T15:05:08.661+0000] {dagbag.py:532} INFO - Filling up the DagBag from /home/airflow/.local/lib/python3.7/site-packages/airflow/example_dags/example_short_circuit_decorator.py
[2023-05-10T15:05:08.692+0000] {processor.py:753} INFO - DAG(s) dict_keys(['example_short_circuit_decorator']) retrieved from /home/airflow/.local/lib/python3.7/site-packages/airflow/example_dags/example_short_circuit_decorator.py
[2023-05-10T15:05:08.725+0000] {logging_mixin.py:137} INFO - [2023-05-10T15:05:08.724+0000] {dag.py:2693} INFO - Sync 1 DAGs
[2023-05-10T15:05:08.756+0000] {logging_mixin.py:137} INFO - [2023-05-10T15:05:08.755+0000] {dag.py:3444} INFO - Setting next_dagrun for example_short_circuit_decorator to 2023-05-09T15:05:08.755736+00:00, run_after=2023-05-10T15:05:08.755736+00:00
[2023-05-10T15:05:08.776+0000] {processor.py:175} INFO - Processing /home/airflow/.local/lib/python3.7/site-packages/airflow/example_dags/example_short_circuit_decorator.py took 0.120 seconds
