[2023-05-10T14:55:58.738+0000] {processor.py:153} INFO - Started process (PID=62) to work on /home/airflow/.local/lib/python3.7/site-packages/airflow/example_dags/example_datasets.py
[2023-05-10T14:55:58.739+0000] {processor.py:743} INFO - Processing file /home/airflow/.local/lib/python3.7/site-packages/airflow/example_dags/example_datasets.py for tasks to queue
[2023-05-10T14:55:58.740+0000] {logging_mixin.py:137} INFO - [2023-05-10T14:55:58.740+0000] {dagbag.py:532} INFO - Filling up the DagBag from /home/airflow/.local/lib/python3.7/site-packages/airflow/example_dags/example_datasets.py
[2023-05-10T14:55:58.814+0000] {processor.py:753} INFO - DAG(s) dict_keys(['dataset_consumes_1_never_scheduled', 'dataset_consumes_unknown_never_scheduled', 'dataset_consumes_1_and_2', 'dataset_produces_1', 'dataset_produces_2', 'dataset_consumes_1']) retrieved from /home/airflow/.local/lib/python3.7/site-packages/airflow/example_dags/example_datasets.py
[2023-05-10T14:55:59.026+0000] {logging_mixin.py:137} INFO - [2023-05-10T14:55:59.026+0000] {dag.py:2693} INFO - Sync 6 DAGs
[2023-05-10T14:55:59.113+0000] {logging_mixin.py:137} INFO - [2023-05-10T14:55:59.113+0000] {dag.py:3444} INFO - Setting next_dagrun for dataset_consumes_1 to None, run_after=None
[2023-05-10T14:55:59.117+0000] {logging_mixin.py:137} INFO - [2023-05-10T14:55:59.117+0000] {dag.py:3444} INFO - Setting next_dagrun for dataset_consumes_1_and_2 to None, run_after=None
[2023-05-10T14:55:59.128+0000] {logging_mixin.py:137} INFO - [2023-05-10T14:55:59.127+0000] {dag.py:3444} INFO - Setting next_dagrun for dataset_consumes_1_never_scheduled to None, run_after=None
[2023-05-10T14:55:59.129+0000] {logging_mixin.py:137} INFO - [2023-05-10T14:55:59.129+0000] {dag.py:3444} INFO - Setting next_dagrun for dataset_consumes_unknown_never_scheduled to None, run_after=None
[2023-05-10T14:55:59.144+0000] {logging_mixin.py:137} INFO - [2023-05-10T14:55:59.144+0000] {dag.py:3444} INFO - Setting next_dagrun for dataset_produces_1 to 2023-05-09T00:00:00+00:00, run_after=2023-05-10T00:00:00+00:00
[2023-05-10T14:55:59.145+0000] {logging_mixin.py:137} INFO - [2023-05-10T14:55:59.145+0000] {dag.py:3444} INFO - Setting next_dagrun for dataset_produces_2 to None, run_after=None
[2023-05-10T14:55:59.260+0000] {processor.py:175} INFO - Processing /home/airflow/.local/lib/python3.7/site-packages/airflow/example_dags/example_datasets.py took 0.530 seconds
[2023-05-10T14:56:29.290+0000] {processor.py:153} INFO - Started process (PID=113) to work on /home/airflow/.local/lib/python3.7/site-packages/airflow/example_dags/example_datasets.py
[2023-05-10T14:56:29.291+0000] {processor.py:743} INFO - Processing file /home/airflow/.local/lib/python3.7/site-packages/airflow/example_dags/example_datasets.py for tasks to queue
[2023-05-10T14:56:29.292+0000] {logging_mixin.py:137} INFO - [2023-05-10T14:56:29.292+0000] {dagbag.py:532} INFO - Filling up the DagBag from /home/airflow/.local/lib/python3.7/site-packages/airflow/example_dags/example_datasets.py
[2023-05-10T14:56:29.312+0000] {processor.py:753} INFO - DAG(s) dict_keys(['dataset_consumes_1_and_2', 'dataset_consumes_1', 'dataset_consumes_1_never_scheduled', 'dataset_produces_2', 'dataset_produces_1', 'dataset_consumes_unknown_never_scheduled']) retrieved from /home/airflow/.local/lib/python3.7/site-packages/airflow/example_dags/example_datasets.py
[2023-05-10T14:56:29.362+0000] {logging_mixin.py:137} INFO - [2023-05-10T14:56:29.362+0000] {dag.py:2693} INFO - Sync 6 DAGs
[2023-05-10T14:56:29.394+0000] {logging_mixin.py:137} INFO - [2023-05-10T14:56:29.394+0000] {dag.py:3444} INFO - Setting next_dagrun for dataset_consumes_1 to None, run_after=None
[2023-05-10T14:56:29.398+0000] {logging_mixin.py:137} INFO - [2023-05-10T14:56:29.398+0000] {dag.py:3444} INFO - Setting next_dagrun for dataset_consumes_1_and_2 to None, run_after=None
[2023-05-10T14:56:29.399+0000] {logging_mixin.py:137} INFO - [2023-05-10T14:56:29.399+0000] {dag.py:3444} INFO - Setting next_dagrun for dataset_consumes_1_never_scheduled to None, run_after=None
[2023-05-10T14:56:29.400+0000] {logging_mixin.py:137} INFO - [2023-05-10T14:56:29.400+0000] {dag.py:3444} INFO - Setting next_dagrun for dataset_consumes_unknown_never_scheduled to None, run_after=None
[2023-05-10T14:56:29.405+0000] {logging_mixin.py:137} INFO - [2023-05-10T14:56:29.405+0000] {dag.py:3444} INFO - Setting next_dagrun for dataset_produces_1 to 2023-05-09T00:00:00+00:00, run_after=2023-05-10T00:00:00+00:00
[2023-05-10T14:56:29.406+0000] {logging_mixin.py:137} INFO - [2023-05-10T14:56:29.406+0000] {dag.py:3444} INFO - Setting next_dagrun for dataset_produces_2 to None, run_after=None
[2023-05-10T14:56:29.444+0000] {processor.py:175} INFO - Processing /home/airflow/.local/lib/python3.7/site-packages/airflow/example_dags/example_datasets.py took 0.158 seconds
[2023-05-10T14:56:59.752+0000] {processor.py:153} INFO - Started process (PID=164) to work on /home/airflow/.local/lib/python3.7/site-packages/airflow/example_dags/example_datasets.py
[2023-05-10T14:56:59.752+0000] {processor.py:743} INFO - Processing file /home/airflow/.local/lib/python3.7/site-packages/airflow/example_dags/example_datasets.py for tasks to queue
[2023-05-10T14:56:59.753+0000] {logging_mixin.py:137} INFO - [2023-05-10T14:56:59.753+0000] {dagbag.py:532} INFO - Filling up the DagBag from /home/airflow/.local/lib/python3.7/site-packages/airflow/example_dags/example_datasets.py
[2023-05-10T14:56:59.773+0000] {processor.py:753} INFO - DAG(s) dict_keys(['dataset_consumes_1_never_scheduled', 'dataset_consumes_unknown_never_scheduled', 'dataset_consumes_1', 'dataset_consumes_1_and_2', 'dataset_produces_2', 'dataset_produces_1']) retrieved from /home/airflow/.local/lib/python3.7/site-packages/airflow/example_dags/example_datasets.py
[2023-05-10T14:56:59.821+0000] {logging_mixin.py:137} INFO - [2023-05-10T14:56:59.821+0000] {dag.py:2693} INFO - Sync 6 DAGs
[2023-05-10T14:56:59.853+0000] {logging_mixin.py:137} INFO - [2023-05-10T14:56:59.853+0000] {dag.py:3444} INFO - Setting next_dagrun for dataset_consumes_1 to None, run_after=None
[2023-05-10T14:56:59.857+0000] {logging_mixin.py:137} INFO - [2023-05-10T14:56:59.857+0000] {dag.py:3444} INFO - Setting next_dagrun for dataset_consumes_1_and_2 to None, run_after=None
[2023-05-10T14:56:59.858+0000] {logging_mixin.py:137} INFO - [2023-05-10T14:56:59.858+0000] {dag.py:3444} INFO - Setting next_dagrun for dataset_consumes_1_never_scheduled to None, run_after=None
[2023-05-10T14:56:59.860+0000] {logging_mixin.py:137} INFO - [2023-05-10T14:56:59.859+0000] {dag.py:3444} INFO - Setting next_dagrun for dataset_consumes_unknown_never_scheduled to None, run_after=None
[2023-05-10T14:56:59.863+0000] {logging_mixin.py:137} INFO - [2023-05-10T14:56:59.863+0000] {dag.py:3444} INFO - Setting next_dagrun for dataset_produces_1 to 2023-05-09T00:00:00+00:00, run_after=2023-05-10T00:00:00+00:00
[2023-05-10T14:56:59.864+0000] {logging_mixin.py:137} INFO - [2023-05-10T14:56:59.864+0000] {dag.py:3444} INFO - Setting next_dagrun for dataset_produces_2 to None, run_after=None
[2023-05-10T14:56:59.903+0000] {processor.py:175} INFO - Processing /home/airflow/.local/lib/python3.7/site-packages/airflow/example_dags/example_datasets.py took 0.155 seconds
[2023-05-10T14:57:30.420+0000] {processor.py:153} INFO - Started process (PID=216) to work on /home/airflow/.local/lib/python3.7/site-packages/airflow/example_dags/example_datasets.py
[2023-05-10T14:57:30.421+0000] {processor.py:743} INFO - Processing file /home/airflow/.local/lib/python3.7/site-packages/airflow/example_dags/example_datasets.py for tasks to queue
[2023-05-10T14:57:30.422+0000] {logging_mixin.py:137} INFO - [2023-05-10T14:57:30.422+0000] {dagbag.py:532} INFO - Filling up the DagBag from /home/airflow/.local/lib/python3.7/site-packages/airflow/example_dags/example_datasets.py
[2023-05-10T14:57:30.442+0000] {processor.py:753} INFO - DAG(s) dict_keys(['dataset_consumes_1', 'dataset_consumes_1_never_scheduled', 'dataset_consumes_1_and_2', 'dataset_produces_2', 'dataset_produces_1', 'dataset_consumes_unknown_never_scheduled']) retrieved from /home/airflow/.local/lib/python3.7/site-packages/airflow/example_dags/example_datasets.py
[2023-05-10T14:57:30.490+0000] {logging_mixin.py:137} INFO - [2023-05-10T14:57:30.490+0000] {dag.py:2693} INFO - Sync 6 DAGs
[2023-05-10T14:57:30.522+0000] {logging_mixin.py:137} INFO - [2023-05-10T14:57:30.522+0000] {dag.py:3444} INFO - Setting next_dagrun for dataset_consumes_1 to None, run_after=None
[2023-05-10T14:57:30.526+0000] {logging_mixin.py:137} INFO - [2023-05-10T14:57:30.526+0000] {dag.py:3444} INFO - Setting next_dagrun for dataset_consumes_1_and_2 to None, run_after=None
[2023-05-10T14:57:30.527+0000] {logging_mixin.py:137} INFO - [2023-05-10T14:57:30.527+0000] {dag.py:3444} INFO - Setting next_dagrun for dataset_consumes_1_never_scheduled to None, run_after=None
[2023-05-10T14:57:30.529+0000] {logging_mixin.py:137} INFO - [2023-05-10T14:57:30.528+0000] {dag.py:3444} INFO - Setting next_dagrun for dataset_consumes_unknown_never_scheduled to None, run_after=None
[2023-05-10T14:57:30.533+0000] {logging_mixin.py:137} INFO - [2023-05-10T14:57:30.533+0000] {dag.py:3444} INFO - Setting next_dagrun for dataset_produces_1 to 2023-05-09T00:00:00+00:00, run_after=2023-05-10T00:00:00+00:00
[2023-05-10T14:57:30.535+0000] {logging_mixin.py:137} INFO - [2023-05-10T14:57:30.534+0000] {dag.py:3444} INFO - Setting next_dagrun for dataset_produces_2 to None, run_after=None
[2023-05-10T14:57:30.573+0000] {processor.py:175} INFO - Processing /home/airflow/.local/lib/python3.7/site-packages/airflow/example_dags/example_datasets.py took 0.157 seconds
[2023-05-10T14:58:00.981+0000] {processor.py:153} INFO - Started process (PID=267) to work on /home/airflow/.local/lib/python3.7/site-packages/airflow/example_dags/example_datasets.py
[2023-05-10T14:58:00.983+0000] {processor.py:743} INFO - Processing file /home/airflow/.local/lib/python3.7/site-packages/airflow/example_dags/example_datasets.py for tasks to queue
[2023-05-10T14:58:00.983+0000] {logging_mixin.py:137} INFO - [2023-05-10T14:58:00.983+0000] {dagbag.py:532} INFO - Filling up the DagBag from /home/airflow/.local/lib/python3.7/site-packages/airflow/example_dags/example_datasets.py
[2023-05-10T14:58:01.003+0000] {processor.py:753} INFO - DAG(s) dict_keys(['dataset_consumes_1', 'dataset_consumes_1_and_2', 'dataset_produces_1', 'dataset_consumes_1_never_scheduled', 'dataset_produces_2', 'dataset_consumes_unknown_never_scheduled']) retrieved from /home/airflow/.local/lib/python3.7/site-packages/airflow/example_dags/example_datasets.py
[2023-05-10T14:58:01.052+0000] {logging_mixin.py:137} INFO - [2023-05-10T14:58:01.051+0000] {dag.py:2693} INFO - Sync 6 DAGs
[2023-05-10T14:58:01.084+0000] {logging_mixin.py:137} INFO - [2023-05-10T14:58:01.084+0000] {dag.py:3444} INFO - Setting next_dagrun for dataset_consumes_1 to None, run_after=None
[2023-05-10T14:58:01.088+0000] {logging_mixin.py:137} INFO - [2023-05-10T14:58:01.088+0000] {dag.py:3444} INFO - Setting next_dagrun for dataset_consumes_1_and_2 to None, run_after=None
[2023-05-10T14:58:01.089+0000] {logging_mixin.py:137} INFO - [2023-05-10T14:58:01.089+0000] {dag.py:3444} INFO - Setting next_dagrun for dataset_consumes_1_never_scheduled to None, run_after=None
[2023-05-10T14:58:01.090+0000] {logging_mixin.py:137} INFO - [2023-05-10T14:58:01.090+0000] {dag.py:3444} INFO - Setting next_dagrun for dataset_consumes_unknown_never_scheduled to None, run_after=None
[2023-05-10T14:58:01.094+0000] {logging_mixin.py:137} INFO - [2023-05-10T14:58:01.094+0000] {dag.py:3444} INFO - Setting next_dagrun for dataset_produces_1 to 2023-05-09T00:00:00+00:00, run_after=2023-05-10T00:00:00+00:00
[2023-05-10T14:58:01.095+0000] {logging_mixin.py:137} INFO - [2023-05-10T14:58:01.095+0000] {dag.py:3444} INFO - Setting next_dagrun for dataset_produces_2 to None, run_after=None
[2023-05-10T14:58:01.135+0000] {processor.py:175} INFO - Processing /home/airflow/.local/lib/python3.7/site-packages/airflow/example_dags/example_datasets.py took 0.160 seconds
[2023-05-10T14:58:31.201+0000] {processor.py:153} INFO - Started process (PID=318) to work on /home/airflow/.local/lib/python3.7/site-packages/airflow/example_dags/example_datasets.py
[2023-05-10T14:58:31.201+0000] {processor.py:743} INFO - Processing file /home/airflow/.local/lib/python3.7/site-packages/airflow/example_dags/example_datasets.py for tasks to queue
[2023-05-10T14:58:31.202+0000] {logging_mixin.py:137} INFO - [2023-05-10T14:58:31.202+0000] {dagbag.py:532} INFO - Filling up the DagBag from /home/airflow/.local/lib/python3.7/site-packages/airflow/example_dags/example_datasets.py
[2023-05-10T14:58:31.222+0000] {processor.py:753} INFO - DAG(s) dict_keys(['dataset_consumes_unknown_never_scheduled', 'dataset_consumes_1_and_2', 'dataset_produces_2', 'dataset_consumes_1', 'dataset_produces_1', 'dataset_consumes_1_never_scheduled']) retrieved from /home/airflow/.local/lib/python3.7/site-packages/airflow/example_dags/example_datasets.py
[2023-05-10T14:58:31.274+0000] {logging_mixin.py:137} INFO - [2023-05-10T14:58:31.274+0000] {dag.py:2693} INFO - Sync 6 DAGs
[2023-05-10T14:58:31.307+0000] {logging_mixin.py:137} INFO - [2023-05-10T14:58:31.307+0000] {dag.py:3444} INFO - Setting next_dagrun for dataset_consumes_1 to None, run_after=None
[2023-05-10T14:58:31.311+0000] {logging_mixin.py:137} INFO - [2023-05-10T14:58:31.311+0000] {dag.py:3444} INFO - Setting next_dagrun for dataset_consumes_1_and_2 to None, run_after=None
[2023-05-10T14:58:31.313+0000] {logging_mixin.py:137} INFO - [2023-05-10T14:58:31.312+0000] {dag.py:3444} INFO - Setting next_dagrun for dataset_consumes_1_never_scheduled to None, run_after=None
[2023-05-10T14:58:31.314+0000] {logging_mixin.py:137} INFO - [2023-05-10T14:58:31.314+0000] {dag.py:3444} INFO - Setting next_dagrun for dataset_consumes_unknown_never_scheduled to None, run_after=None
[2023-05-10T14:58:31.317+0000] {logging_mixin.py:137} INFO - [2023-05-10T14:58:31.317+0000] {dag.py:3444} INFO - Setting next_dagrun for dataset_produces_1 to 2023-05-09T00:00:00+00:00, run_after=2023-05-10T00:00:00+00:00
[2023-05-10T14:58:31.318+0000] {logging_mixin.py:137} INFO - [2023-05-10T14:58:31.318+0000] {dag.py:3444} INFO - Setting next_dagrun for dataset_produces_2 to None, run_after=None
[2023-05-10T14:58:31.356+0000] {processor.py:175} INFO - Processing /home/airflow/.local/lib/python3.7/site-packages/airflow/example_dags/example_datasets.py took 0.160 seconds
[2023-05-10T14:59:01.739+0000] {processor.py:153} INFO - Started process (PID=369) to work on /home/airflow/.local/lib/python3.7/site-packages/airflow/example_dags/example_datasets.py
[2023-05-10T14:59:01.740+0000] {processor.py:743} INFO - Processing file /home/airflow/.local/lib/python3.7/site-packages/airflow/example_dags/example_datasets.py for tasks to queue
[2023-05-10T14:59:01.741+0000] {logging_mixin.py:137} INFO - [2023-05-10T14:59:01.741+0000] {dagbag.py:532} INFO - Filling up the DagBag from /home/airflow/.local/lib/python3.7/site-packages/airflow/example_dags/example_datasets.py
[2023-05-10T14:59:01.762+0000] {processor.py:753} INFO - DAG(s) dict_keys(['dataset_consumes_1', 'dataset_produces_1', 'dataset_consumes_1_and_2', 'dataset_produces_2', 'dataset_consumes_unknown_never_scheduled', 'dataset_consumes_1_never_scheduled']) retrieved from /home/airflow/.local/lib/python3.7/site-packages/airflow/example_dags/example_datasets.py
[2023-05-10T14:59:01.813+0000] {logging_mixin.py:137} INFO - [2023-05-10T14:59:01.812+0000] {dag.py:2693} INFO - Sync 6 DAGs
[2023-05-10T14:59:01.851+0000] {logging_mixin.py:137} INFO - [2023-05-10T14:59:01.850+0000] {dag.py:3444} INFO - Setting next_dagrun for dataset_consumes_1 to None, run_after=None
[2023-05-10T14:59:01.855+0000] {logging_mixin.py:137} INFO - [2023-05-10T14:59:01.855+0000] {dag.py:3444} INFO - Setting next_dagrun for dataset_consumes_1_and_2 to None, run_after=None
[2023-05-10T14:59:01.856+0000] {logging_mixin.py:137} INFO - [2023-05-10T14:59:01.856+0000] {dag.py:3444} INFO - Setting next_dagrun for dataset_consumes_1_never_scheduled to None, run_after=None
[2023-05-10T14:59:01.857+0000] {logging_mixin.py:137} INFO - [2023-05-10T14:59:01.857+0000] {dag.py:3444} INFO - Setting next_dagrun for dataset_consumes_unknown_never_scheduled to None, run_after=None
[2023-05-10T14:59:01.861+0000] {logging_mixin.py:137} INFO - [2023-05-10T14:59:01.861+0000] {dag.py:3444} INFO - Setting next_dagrun for dataset_produces_1 to 2023-05-09T00:00:00+00:00, run_after=2023-05-10T00:00:00+00:00
[2023-05-10T14:59:01.862+0000] {logging_mixin.py:137} INFO - [2023-05-10T14:59:01.862+0000] {dag.py:3444} INFO - Setting next_dagrun for dataset_produces_2 to None, run_after=None
[2023-05-10T14:59:01.906+0000] {processor.py:175} INFO - Processing /home/airflow/.local/lib/python3.7/site-packages/airflow/example_dags/example_datasets.py took 0.173 seconds
[2023-05-10T14:59:32.814+0000] {processor.py:153} INFO - Started process (PID=420) to work on /home/airflow/.local/lib/python3.7/site-packages/airflow/example_dags/example_datasets.py
[2023-05-10T14:59:32.814+0000] {processor.py:743} INFO - Processing file /home/airflow/.local/lib/python3.7/site-packages/airflow/example_dags/example_datasets.py for tasks to queue
[2023-05-10T14:59:32.815+0000] {logging_mixin.py:137} INFO - [2023-05-10T14:59:32.815+0000] {dagbag.py:532} INFO - Filling up the DagBag from /home/airflow/.local/lib/python3.7/site-packages/airflow/example_dags/example_datasets.py
[2023-05-10T14:59:32.835+0000] {processor.py:753} INFO - DAG(s) dict_keys(['dataset_produces_2', 'dataset_consumes_1_never_scheduled', 'dataset_consumes_unknown_never_scheduled', 'dataset_consumes_1', 'dataset_produces_1', 'dataset_consumes_1_and_2']) retrieved from /home/airflow/.local/lib/python3.7/site-packages/airflow/example_dags/example_datasets.py
[2023-05-10T14:59:32.883+0000] {logging_mixin.py:137} INFO - [2023-05-10T14:59:32.883+0000] {dag.py:2693} INFO - Sync 6 DAGs
[2023-05-10T14:59:32.917+0000] {logging_mixin.py:137} INFO - [2023-05-10T14:59:32.916+0000] {dag.py:3444} INFO - Setting next_dagrun for dataset_consumes_1 to None, run_after=None
[2023-05-10T14:59:32.920+0000] {logging_mixin.py:137} INFO - [2023-05-10T14:59:32.920+0000] {dag.py:3444} INFO - Setting next_dagrun for dataset_consumes_1_and_2 to None, run_after=None
[2023-05-10T14:59:32.922+0000] {logging_mixin.py:137} INFO - [2023-05-10T14:59:32.922+0000] {dag.py:3444} INFO - Setting next_dagrun for dataset_consumes_1_never_scheduled to None, run_after=None
[2023-05-10T14:59:32.923+0000] {logging_mixin.py:137} INFO - [2023-05-10T14:59:32.923+0000] {dag.py:3444} INFO - Setting next_dagrun for dataset_consumes_unknown_never_scheduled to None, run_after=None
[2023-05-10T14:59:32.926+0000] {logging_mixin.py:137} INFO - [2023-05-10T14:59:32.926+0000] {dag.py:3444} INFO - Setting next_dagrun for dataset_produces_1 to 2023-05-09T00:00:00+00:00, run_after=2023-05-10T00:00:00+00:00
[2023-05-10T14:59:32.928+0000] {logging_mixin.py:137} INFO - [2023-05-10T14:59:32.928+0000] {dag.py:3444} INFO - Setting next_dagrun for dataset_produces_2 to None, run_after=None
[2023-05-10T14:59:32.966+0000] {processor.py:175} INFO - Processing /home/airflow/.local/lib/python3.7/site-packages/airflow/example_dags/example_datasets.py took 0.156 seconds
[2023-05-10T15:00:04.653+0000] {processor.py:153} INFO - Started process (PID=476) to work on /home/airflow/.local/lib/python3.7/site-packages/airflow/example_dags/example_datasets.py
[2023-05-10T15:00:04.657+0000] {processor.py:743} INFO - Processing file /home/airflow/.local/lib/python3.7/site-packages/airflow/example_dags/example_datasets.py for tasks to queue
[2023-05-10T15:00:04.658+0000] {logging_mixin.py:137} INFO - [2023-05-10T15:00:04.658+0000] {dagbag.py:532} INFO - Filling up the DagBag from /home/airflow/.local/lib/python3.7/site-packages/airflow/example_dags/example_datasets.py
[2023-05-10T15:00:04.702+0000] {processor.py:753} INFO - DAG(s) dict_keys(['dataset_consumes_1', 'dataset_produces_1', 'dataset_produces_2', 'dataset_consumes_unknown_never_scheduled', 'dataset_consumes_1_and_2', 'dataset_consumes_1_never_scheduled']) retrieved from /home/airflow/.local/lib/python3.7/site-packages/airflow/example_dags/example_datasets.py
[2023-05-10T15:00:04.770+0000] {logging_mixin.py:137} INFO - [2023-05-10T15:00:04.770+0000] {dag.py:2693} INFO - Sync 6 DAGs
[2023-05-10T15:00:04.814+0000] {logging_mixin.py:137} INFO - [2023-05-10T15:00:04.814+0000] {dag.py:3444} INFO - Setting next_dagrun for dataset_consumes_1 to None, run_after=None
[2023-05-10T15:00:04.820+0000] {logging_mixin.py:137} INFO - [2023-05-10T15:00:04.820+0000] {dag.py:3444} INFO - Setting next_dagrun for dataset_consumes_1_and_2 to None, run_after=None
[2023-05-10T15:00:04.821+0000] {logging_mixin.py:137} INFO - [2023-05-10T15:00:04.821+0000] {dag.py:3444} INFO - Setting next_dagrun for dataset_consumes_1_never_scheduled to None, run_after=None
[2023-05-10T15:00:04.823+0000] {logging_mixin.py:137} INFO - [2023-05-10T15:00:04.823+0000] {dag.py:3444} INFO - Setting next_dagrun for dataset_consumes_unknown_never_scheduled to None, run_after=None
[2023-05-10T15:00:04.826+0000] {logging_mixin.py:137} INFO - [2023-05-10T15:00:04.826+0000] {dag.py:3444} INFO - Setting next_dagrun for dataset_produces_1 to 2023-05-09T00:00:00+00:00, run_after=2023-05-10T00:00:00+00:00
[2023-05-10T15:00:04.827+0000] {logging_mixin.py:137} INFO - [2023-05-10T15:00:04.827+0000] {dag.py:3444} INFO - Setting next_dagrun for dataset_produces_2 to None, run_after=None
[2023-05-10T15:00:04.869+0000] {processor.py:175} INFO - Processing /home/airflow/.local/lib/python3.7/site-packages/airflow/example_dags/example_datasets.py took 0.226 seconds
[2023-05-10T15:00:35.505+0000] {processor.py:153} INFO - Started process (PID=528) to work on /home/airflow/.local/lib/python3.7/site-packages/airflow/example_dags/example_datasets.py
[2023-05-10T15:00:35.506+0000] {processor.py:743} INFO - Processing file /home/airflow/.local/lib/python3.7/site-packages/airflow/example_dags/example_datasets.py for tasks to queue
[2023-05-10T15:00:35.507+0000] {logging_mixin.py:137} INFO - [2023-05-10T15:00:35.507+0000] {dagbag.py:532} INFO - Filling up the DagBag from /home/airflow/.local/lib/python3.7/site-packages/airflow/example_dags/example_datasets.py
[2023-05-10T15:00:35.558+0000] {processor.py:753} INFO - DAG(s) dict_keys(['dataset_produces_2', 'dataset_produces_1', 'dataset_consumes_1_and_2', 'dataset_consumes_unknown_never_scheduled', 'dataset_consumes_1', 'dataset_consumes_1_never_scheduled']) retrieved from /home/airflow/.local/lib/python3.7/site-packages/airflow/example_dags/example_datasets.py
[2023-05-10T15:00:35.675+0000] {logging_mixin.py:137} INFO - [2023-05-10T15:00:35.675+0000] {dag.py:2693} INFO - Sync 6 DAGs
[2023-05-10T15:00:35.738+0000] {logging_mixin.py:137} INFO - [2023-05-10T15:00:35.737+0000] {dag.py:3444} INFO - Setting next_dagrun for dataset_consumes_1 to None, run_after=None
[2023-05-10T15:00:35.741+0000] {logging_mixin.py:137} INFO - [2023-05-10T15:00:35.741+0000] {dag.py:3444} INFO - Setting next_dagrun for dataset_consumes_1_and_2 to None, run_after=None
[2023-05-10T15:00:35.743+0000] {logging_mixin.py:137} INFO - [2023-05-10T15:00:35.743+0000] {dag.py:3444} INFO - Setting next_dagrun for dataset_consumes_1_never_scheduled to None, run_after=None
[2023-05-10T15:00:35.744+0000] {logging_mixin.py:137} INFO - [2023-05-10T15:00:35.744+0000] {dag.py:3444} INFO - Setting next_dagrun for dataset_consumes_unknown_never_scheduled to None, run_after=None
[2023-05-10T15:00:35.747+0000] {logging_mixin.py:137} INFO - [2023-05-10T15:00:35.747+0000] {dag.py:3444} INFO - Setting next_dagrun for dataset_produces_1 to 2023-05-09T00:00:00+00:00, run_after=2023-05-10T00:00:00+00:00
[2023-05-10T15:00:35.748+0000] {logging_mixin.py:137} INFO - [2023-05-10T15:00:35.748+0000] {dag.py:3444} INFO - Setting next_dagrun for dataset_produces_2 to None, run_after=None
[2023-05-10T15:00:35.798+0000] {processor.py:175} INFO - Processing /home/airflow/.local/lib/python3.7/site-packages/airflow/example_dags/example_datasets.py took 0.303 seconds
[2023-05-10T15:01:05.873+0000] {processor.py:153} INFO - Started process (PID=579) to work on /home/airflow/.local/lib/python3.7/site-packages/airflow/example_dags/example_datasets.py
[2023-05-10T15:01:05.886+0000] {processor.py:743} INFO - Processing file /home/airflow/.local/lib/python3.7/site-packages/airflow/example_dags/example_datasets.py for tasks to queue
[2023-05-10T15:01:05.887+0000] {logging_mixin.py:137} INFO - [2023-05-10T15:01:05.887+0000] {dagbag.py:532} INFO - Filling up the DagBag from /home/airflow/.local/lib/python3.7/site-packages/airflow/example_dags/example_datasets.py
[2023-05-10T15:01:05.936+0000] {processor.py:753} INFO - DAG(s) dict_keys(['dataset_consumes_unknown_never_scheduled', 'dataset_consumes_1', 'dataset_consumes_1_and_2', 'dataset_produces_1', 'dataset_produces_2', 'dataset_consumes_1_never_scheduled']) retrieved from /home/airflow/.local/lib/python3.7/site-packages/airflow/example_dags/example_datasets.py
[2023-05-10T15:01:05.995+0000] {logging_mixin.py:137} INFO - [2023-05-10T15:01:05.995+0000] {dag.py:2693} INFO - Sync 6 DAGs
[2023-05-10T15:01:06.041+0000] {logging_mixin.py:137} INFO - [2023-05-10T15:01:06.041+0000] {dag.py:3444} INFO - Setting next_dagrun for dataset_consumes_1 to None, run_after=None
[2023-05-10T15:01:06.045+0000] {logging_mixin.py:137} INFO - [2023-05-10T15:01:06.045+0000] {dag.py:3444} INFO - Setting next_dagrun for dataset_consumes_1_and_2 to None, run_after=None
[2023-05-10T15:01:06.046+0000] {logging_mixin.py:137} INFO - [2023-05-10T15:01:06.046+0000] {dag.py:3444} INFO - Setting next_dagrun for dataset_consumes_1_never_scheduled to None, run_after=None
[2023-05-10T15:01:06.048+0000] {logging_mixin.py:137} INFO - [2023-05-10T15:01:06.048+0000] {dag.py:3444} INFO - Setting next_dagrun for dataset_consumes_unknown_never_scheduled to None, run_after=None
[2023-05-10T15:01:06.051+0000] {logging_mixin.py:137} INFO - [2023-05-10T15:01:06.051+0000] {dag.py:3444} INFO - Setting next_dagrun for dataset_produces_1 to 2023-05-09T00:00:00+00:00, run_after=2023-05-10T00:00:00+00:00
[2023-05-10T15:01:06.052+0000] {logging_mixin.py:137} INFO - [2023-05-10T15:01:06.052+0000] {dag.py:3444} INFO - Setting next_dagrun for dataset_produces_2 to None, run_after=None
[2023-05-10T15:01:06.130+0000] {processor.py:175} INFO - Processing /home/airflow/.local/lib/python3.7/site-packages/airflow/example_dags/example_datasets.py took 0.269 seconds
[2023-05-10T15:01:36.187+0000] {processor.py:153} INFO - Started process (PID=630) to work on /home/airflow/.local/lib/python3.7/site-packages/airflow/example_dags/example_datasets.py
[2023-05-10T15:01:36.188+0000] {processor.py:743} INFO - Processing file /home/airflow/.local/lib/python3.7/site-packages/airflow/example_dags/example_datasets.py for tasks to queue
[2023-05-10T15:01:36.188+0000] {logging_mixin.py:137} INFO - [2023-05-10T15:01:36.188+0000] {dagbag.py:532} INFO - Filling up the DagBag from /home/airflow/.local/lib/python3.7/site-packages/airflow/example_dags/example_datasets.py
[2023-05-10T15:01:36.208+0000] {processor.py:753} INFO - DAG(s) dict_keys(['dataset_produces_2', 'dataset_consumes_1_and_2', 'dataset_produces_1', 'dataset_consumes_1_never_scheduled', 'dataset_consumes_1', 'dataset_consumes_unknown_never_scheduled']) retrieved from /home/airflow/.local/lib/python3.7/site-packages/airflow/example_dags/example_datasets.py
[2023-05-10T15:01:36.256+0000] {logging_mixin.py:137} INFO - [2023-05-10T15:01:36.256+0000] {dag.py:2693} INFO - Sync 6 DAGs
[2023-05-10T15:01:36.289+0000] {logging_mixin.py:137} INFO - [2023-05-10T15:01:36.289+0000] {dag.py:3444} INFO - Setting next_dagrun for dataset_consumes_1 to None, run_after=None
[2023-05-10T15:01:36.293+0000] {logging_mixin.py:137} INFO - [2023-05-10T15:01:36.292+0000] {dag.py:3444} INFO - Setting next_dagrun for dataset_consumes_1_and_2 to None, run_after=None
[2023-05-10T15:01:36.294+0000] {logging_mixin.py:137} INFO - [2023-05-10T15:01:36.294+0000] {dag.py:3444} INFO - Setting next_dagrun for dataset_consumes_1_never_scheduled to None, run_after=None
[2023-05-10T15:01:36.295+0000] {logging_mixin.py:137} INFO - [2023-05-10T15:01:36.295+0000] {dag.py:3444} INFO - Setting next_dagrun for dataset_consumes_unknown_never_scheduled to None, run_after=None
[2023-05-10T15:01:36.298+0000] {logging_mixin.py:137} INFO - [2023-05-10T15:01:36.298+0000] {dag.py:3444} INFO - Setting next_dagrun for dataset_produces_1 to 2023-05-09T00:00:00+00:00, run_after=2023-05-10T00:00:00+00:00
[2023-05-10T15:01:36.300+0000] {logging_mixin.py:137} INFO - [2023-05-10T15:01:36.299+0000] {dag.py:3444} INFO - Setting next_dagrun for dataset_produces_2 to None, run_after=None
[2023-05-10T15:01:36.341+0000] {processor.py:175} INFO - Processing /home/airflow/.local/lib/python3.7/site-packages/airflow/example_dags/example_datasets.py took 0.158 seconds
[2023-05-10T15:02:07.237+0000] {processor.py:153} INFO - Started process (PID=681) to work on /home/airflow/.local/lib/python3.7/site-packages/airflow/example_dags/example_datasets.py
[2023-05-10T15:02:07.239+0000] {processor.py:743} INFO - Processing file /home/airflow/.local/lib/python3.7/site-packages/airflow/example_dags/example_datasets.py for tasks to queue
[2023-05-10T15:02:07.240+0000] {logging_mixin.py:137} INFO - [2023-05-10T15:02:07.239+0000] {dagbag.py:532} INFO - Filling up the DagBag from /home/airflow/.local/lib/python3.7/site-packages/airflow/example_dags/example_datasets.py
[2023-05-10T15:02:07.259+0000] {processor.py:753} INFO - DAG(s) dict_keys(['dataset_consumes_1_and_2', 'dataset_consumes_unknown_never_scheduled', 'dataset_produces_1', 'dataset_consumes_1', 'dataset_produces_2', 'dataset_consumes_1_never_scheduled']) retrieved from /home/airflow/.local/lib/python3.7/site-packages/airflow/example_dags/example_datasets.py
[2023-05-10T15:02:07.309+0000] {logging_mixin.py:137} INFO - [2023-05-10T15:02:07.309+0000] {dag.py:2693} INFO - Sync 6 DAGs
[2023-05-10T15:02:07.349+0000] {logging_mixin.py:137} INFO - [2023-05-10T15:02:07.349+0000] {dag.py:3444} INFO - Setting next_dagrun for dataset_consumes_1 to None, run_after=None
[2023-05-10T15:02:07.355+0000] {logging_mixin.py:137} INFO - [2023-05-10T15:02:07.355+0000] {dag.py:3444} INFO - Setting next_dagrun for dataset_consumes_1_and_2 to None, run_after=None
[2023-05-10T15:02:07.357+0000] {logging_mixin.py:137} INFO - [2023-05-10T15:02:07.357+0000] {dag.py:3444} INFO - Setting next_dagrun for dataset_consumes_1_never_scheduled to None, run_after=None
[2023-05-10T15:02:07.358+0000] {logging_mixin.py:137} INFO - [2023-05-10T15:02:07.358+0000] {dag.py:3444} INFO - Setting next_dagrun for dataset_consumes_unknown_never_scheduled to None, run_after=None
[2023-05-10T15:02:07.361+0000] {logging_mixin.py:137} INFO - [2023-05-10T15:02:07.361+0000] {dag.py:3444} INFO - Setting next_dagrun for dataset_produces_1 to 2023-05-09T00:00:00+00:00, run_after=2023-05-10T00:00:00+00:00
[2023-05-10T15:02:07.363+0000] {logging_mixin.py:137} INFO - [2023-05-10T15:02:07.362+0000] {dag.py:3444} INFO - Setting next_dagrun for dataset_produces_2 to None, run_after=None
[2023-05-10T15:02:07.401+0000] {processor.py:175} INFO - Processing /home/airflow/.local/lib/python3.7/site-packages/airflow/example_dags/example_datasets.py took 0.168 seconds
[2023-05-10T15:02:38.233+0000] {processor.py:153} INFO - Started process (PID=732) to work on /home/airflow/.local/lib/python3.7/site-packages/airflow/example_dags/example_datasets.py
[2023-05-10T15:02:38.234+0000] {processor.py:743} INFO - Processing file /home/airflow/.local/lib/python3.7/site-packages/airflow/example_dags/example_datasets.py for tasks to queue
[2023-05-10T15:02:38.235+0000] {logging_mixin.py:137} INFO - [2023-05-10T15:02:38.234+0000] {dagbag.py:532} INFO - Filling up the DagBag from /home/airflow/.local/lib/python3.7/site-packages/airflow/example_dags/example_datasets.py
[2023-05-10T15:02:38.255+0000] {processor.py:753} INFO - DAG(s) dict_keys(['dataset_consumes_1_and_2', 'dataset_consumes_unknown_never_scheduled', 'dataset_produces_2', 'dataset_consumes_1_never_scheduled', 'dataset_consumes_1', 'dataset_produces_1']) retrieved from /home/airflow/.local/lib/python3.7/site-packages/airflow/example_dags/example_datasets.py
[2023-05-10T15:02:38.303+0000] {logging_mixin.py:137} INFO - [2023-05-10T15:02:38.303+0000] {dag.py:2693} INFO - Sync 6 DAGs
[2023-05-10T15:02:38.335+0000] {logging_mixin.py:137} INFO - [2023-05-10T15:02:38.335+0000] {dag.py:3444} INFO - Setting next_dagrun for dataset_consumes_1 to None, run_after=None
[2023-05-10T15:02:38.339+0000] {logging_mixin.py:137} INFO - [2023-05-10T15:02:38.339+0000] {dag.py:3444} INFO - Setting next_dagrun for dataset_consumes_1_and_2 to None, run_after=None
[2023-05-10T15:02:38.341+0000] {logging_mixin.py:137} INFO - [2023-05-10T15:02:38.340+0000] {dag.py:3444} INFO - Setting next_dagrun for dataset_consumes_1_never_scheduled to None, run_after=None
[2023-05-10T15:02:38.342+0000] {logging_mixin.py:137} INFO - [2023-05-10T15:02:38.342+0000] {dag.py:3444} INFO - Setting next_dagrun for dataset_consumes_unknown_never_scheduled to None, run_after=None
[2023-05-10T15:02:38.345+0000] {logging_mixin.py:137} INFO - [2023-05-10T15:02:38.345+0000] {dag.py:3444} INFO - Setting next_dagrun for dataset_produces_1 to 2023-05-09T00:00:00+00:00, run_after=2023-05-10T00:00:00+00:00
[2023-05-10T15:02:38.347+0000] {logging_mixin.py:137} INFO - [2023-05-10T15:02:38.347+0000] {dag.py:3444} INFO - Setting next_dagrun for dataset_produces_2 to None, run_after=None
[2023-05-10T15:02:38.387+0000] {processor.py:175} INFO - Processing /home/airflow/.local/lib/python3.7/site-packages/airflow/example_dags/example_datasets.py took 0.158 seconds
[2023-05-10T15:03:08.748+0000] {processor.py:153} INFO - Started process (PID=783) to work on /home/airflow/.local/lib/python3.7/site-packages/airflow/example_dags/example_datasets.py
[2023-05-10T15:03:08.749+0000] {processor.py:743} INFO - Processing file /home/airflow/.local/lib/python3.7/site-packages/airflow/example_dags/example_datasets.py for tasks to queue
[2023-05-10T15:03:08.750+0000] {logging_mixin.py:137} INFO - [2023-05-10T15:03:08.750+0000] {dagbag.py:532} INFO - Filling up the DagBag from /home/airflow/.local/lib/python3.7/site-packages/airflow/example_dags/example_datasets.py
[2023-05-10T15:03:08.770+0000] {processor.py:753} INFO - DAG(s) dict_keys(['dataset_consumes_1_never_scheduled', 'dataset_produces_2', 'dataset_consumes_1_and_2', 'dataset_consumes_unknown_never_scheduled', 'dataset_consumes_1', 'dataset_produces_1']) retrieved from /home/airflow/.local/lib/python3.7/site-packages/airflow/example_dags/example_datasets.py
[2023-05-10T15:03:08.818+0000] {logging_mixin.py:137} INFO - [2023-05-10T15:03:08.817+0000] {dag.py:2693} INFO - Sync 6 DAGs
[2023-05-10T15:03:08.851+0000] {logging_mixin.py:137} INFO - [2023-05-10T15:03:08.850+0000] {dag.py:3444} INFO - Setting next_dagrun for dataset_consumes_1 to None, run_after=None
[2023-05-10T15:03:08.865+0000] {logging_mixin.py:137} INFO - [2023-05-10T15:03:08.865+0000] {dag.py:3444} INFO - Setting next_dagrun for dataset_consumes_1_and_2 to None, run_after=None
[2023-05-10T15:03:08.866+0000] {logging_mixin.py:137} INFO - [2023-05-10T15:03:08.866+0000] {dag.py:3444} INFO - Setting next_dagrun for dataset_consumes_1_never_scheduled to None, run_after=None
[2023-05-10T15:03:08.868+0000] {logging_mixin.py:137} INFO - [2023-05-10T15:03:08.867+0000] {dag.py:3444} INFO - Setting next_dagrun for dataset_consumes_unknown_never_scheduled to None, run_after=None
[2023-05-10T15:03:08.871+0000] {logging_mixin.py:137} INFO - [2023-05-10T15:03:08.871+0000] {dag.py:3444} INFO - Setting next_dagrun for dataset_produces_1 to 2023-05-09T00:00:00+00:00, run_after=2023-05-10T00:00:00+00:00
[2023-05-10T15:03:08.872+0000] {logging_mixin.py:137} INFO - [2023-05-10T15:03:08.872+0000] {dag.py:3444} INFO - Setting next_dagrun for dataset_produces_2 to None, run_after=None
[2023-05-10T15:03:08.965+0000] {processor.py:175} INFO - Processing /home/airflow/.local/lib/python3.7/site-packages/airflow/example_dags/example_datasets.py took 0.221 seconds
[2023-05-10T15:03:39.317+0000] {processor.py:153} INFO - Started process (PID=833) to work on /home/airflow/.local/lib/python3.7/site-packages/airflow/example_dags/example_datasets.py
[2023-05-10T15:03:39.317+0000] {processor.py:743} INFO - Processing file /home/airflow/.local/lib/python3.7/site-packages/airflow/example_dags/example_datasets.py for tasks to queue
[2023-05-10T15:03:39.318+0000] {logging_mixin.py:137} INFO - [2023-05-10T15:03:39.318+0000] {dagbag.py:532} INFO - Filling up the DagBag from /home/airflow/.local/lib/python3.7/site-packages/airflow/example_dags/example_datasets.py
[2023-05-10T15:03:39.339+0000] {processor.py:753} INFO - DAG(s) dict_keys(['dataset_consumes_1', 'dataset_consumes_unknown_never_scheduled', 'dataset_consumes_1_never_scheduled', 'dataset_produces_1', 'dataset_produces_2', 'dataset_consumes_1_and_2']) retrieved from /home/airflow/.local/lib/python3.7/site-packages/airflow/example_dags/example_datasets.py
[2023-05-10T15:03:39.387+0000] {logging_mixin.py:137} INFO - [2023-05-10T15:03:39.387+0000] {dag.py:2693} INFO - Sync 6 DAGs
[2023-05-10T15:03:39.420+0000] {logging_mixin.py:137} INFO - [2023-05-10T15:03:39.420+0000] {dag.py:3444} INFO - Setting next_dagrun for dataset_consumes_1 to None, run_after=None
[2023-05-10T15:03:39.424+0000] {logging_mixin.py:137} INFO - [2023-05-10T15:03:39.424+0000] {dag.py:3444} INFO - Setting next_dagrun for dataset_consumes_1_and_2 to None, run_after=None
[2023-05-10T15:03:39.425+0000] {logging_mixin.py:137} INFO - [2023-05-10T15:03:39.425+0000] {dag.py:3444} INFO - Setting next_dagrun for dataset_consumes_1_never_scheduled to None, run_after=None
[2023-05-10T15:03:39.426+0000] {logging_mixin.py:137} INFO - [2023-05-10T15:03:39.426+0000] {dag.py:3444} INFO - Setting next_dagrun for dataset_consumes_unknown_never_scheduled to None, run_after=None
[2023-05-10T15:03:39.430+0000] {logging_mixin.py:137} INFO - [2023-05-10T15:03:39.429+0000] {dag.py:3444} INFO - Setting next_dagrun for dataset_produces_1 to 2023-05-09T00:00:00+00:00, run_after=2023-05-10T00:00:00+00:00
[2023-05-10T15:03:39.431+0000] {logging_mixin.py:137} INFO - [2023-05-10T15:03:39.431+0000] {dag.py:3444} INFO - Setting next_dagrun for dataset_produces_2 to None, run_after=None
[2023-05-10T15:03:39.469+0000] {processor.py:175} INFO - Processing /home/airflow/.local/lib/python3.7/site-packages/airflow/example_dags/example_datasets.py took 0.157 seconds
[2023-05-10T15:04:09.614+0000] {processor.py:153} INFO - Started process (PID=884) to work on /home/airflow/.local/lib/python3.7/site-packages/airflow/example_dags/example_datasets.py
[2023-05-10T15:04:09.618+0000] {processor.py:743} INFO - Processing file /home/airflow/.local/lib/python3.7/site-packages/airflow/example_dags/example_datasets.py for tasks to queue
[2023-05-10T15:04:09.619+0000] {logging_mixin.py:137} INFO - [2023-05-10T15:04:09.619+0000] {dagbag.py:532} INFO - Filling up the DagBag from /home/airflow/.local/lib/python3.7/site-packages/airflow/example_dags/example_datasets.py
[2023-05-10T15:04:09.651+0000] {processor.py:753} INFO - DAG(s) dict_keys(['dataset_produces_1', 'dataset_consumes_unknown_never_scheduled', 'dataset_consumes_1_and_2', 'dataset_consumes_1', 'dataset_produces_2', 'dataset_consumes_1_never_scheduled']) retrieved from /home/airflow/.local/lib/python3.7/site-packages/airflow/example_dags/example_datasets.py
[2023-05-10T15:04:09.701+0000] {logging_mixin.py:137} INFO - [2023-05-10T15:04:09.700+0000] {dag.py:2693} INFO - Sync 6 DAGs
[2023-05-10T15:04:09.732+0000] {logging_mixin.py:137} INFO - [2023-05-10T15:04:09.732+0000] {dag.py:3444} INFO - Setting next_dagrun for dataset_consumes_1 to None, run_after=None
[2023-05-10T15:04:09.735+0000] {logging_mixin.py:137} INFO - [2023-05-10T15:04:09.735+0000] {dag.py:3444} INFO - Setting next_dagrun for dataset_consumes_1_and_2 to None, run_after=None
[2023-05-10T15:04:09.736+0000] {logging_mixin.py:137} INFO - [2023-05-10T15:04:09.736+0000] {dag.py:3444} INFO - Setting next_dagrun for dataset_consumes_1_never_scheduled to None, run_after=None
[2023-05-10T15:04:09.738+0000] {logging_mixin.py:137} INFO - [2023-05-10T15:04:09.738+0000] {dag.py:3444} INFO - Setting next_dagrun for dataset_consumes_unknown_never_scheduled to None, run_after=None
[2023-05-10T15:04:09.741+0000] {logging_mixin.py:137} INFO - [2023-05-10T15:04:09.741+0000] {dag.py:3444} INFO - Setting next_dagrun for dataset_produces_1 to 2023-05-09T00:00:00+00:00, run_after=2023-05-10T00:00:00+00:00
[2023-05-10T15:04:09.742+0000] {logging_mixin.py:137} INFO - [2023-05-10T15:04:09.742+0000] {dag.py:3444} INFO - Setting next_dagrun for dataset_produces_2 to None, run_after=None
[2023-05-10T15:04:09.780+0000] {processor.py:175} INFO - Processing /home/airflow/.local/lib/python3.7/site-packages/airflow/example_dags/example_datasets.py took 0.170 seconds
[2023-05-10T15:04:40.240+0000] {processor.py:153} INFO - Started process (PID=935) to work on /home/airflow/.local/lib/python3.7/site-packages/airflow/example_dags/example_datasets.py
[2023-05-10T15:04:40.242+0000] {processor.py:743} INFO - Processing file /home/airflow/.local/lib/python3.7/site-packages/airflow/example_dags/example_datasets.py for tasks to queue
[2023-05-10T15:04:40.242+0000] {logging_mixin.py:137} INFO - [2023-05-10T15:04:40.242+0000] {dagbag.py:532} INFO - Filling up the DagBag from /home/airflow/.local/lib/python3.7/site-packages/airflow/example_dags/example_datasets.py
[2023-05-10T15:04:40.262+0000] {processor.py:753} INFO - DAG(s) dict_keys(['dataset_consumes_1', 'dataset_consumes_1_never_scheduled', 'dataset_produces_1', 'dataset_consumes_1_and_2', 'dataset_produces_2', 'dataset_consumes_unknown_never_scheduled']) retrieved from /home/airflow/.local/lib/python3.7/site-packages/airflow/example_dags/example_datasets.py
[2023-05-10T15:04:40.316+0000] {logging_mixin.py:137} INFO - [2023-05-10T15:04:40.315+0000] {dag.py:2693} INFO - Sync 6 DAGs
[2023-05-10T15:04:40.347+0000] {logging_mixin.py:137} INFO - [2023-05-10T15:04:40.347+0000] {dag.py:3444} INFO - Setting next_dagrun for dataset_consumes_1 to None, run_after=None
[2023-05-10T15:04:40.351+0000] {logging_mixin.py:137} INFO - [2023-05-10T15:04:40.351+0000] {dag.py:3444} INFO - Setting next_dagrun for dataset_consumes_1_and_2 to None, run_after=None
[2023-05-10T15:04:40.356+0000] {logging_mixin.py:137} INFO - [2023-05-10T15:04:40.355+0000] {dag.py:3444} INFO - Setting next_dagrun for dataset_consumes_1_never_scheduled to None, run_after=None
[2023-05-10T15:04:40.357+0000] {logging_mixin.py:137} INFO - [2023-05-10T15:04:40.357+0000] {dag.py:3444} INFO - Setting next_dagrun for dataset_consumes_unknown_never_scheduled to None, run_after=None
[2023-05-10T15:04:40.360+0000] {logging_mixin.py:137} INFO - [2023-05-10T15:04:40.360+0000] {dag.py:3444} INFO - Setting next_dagrun for dataset_produces_1 to 2023-05-09T00:00:00+00:00, run_after=2023-05-10T00:00:00+00:00
[2023-05-10T15:04:40.361+0000] {logging_mixin.py:137} INFO - [2023-05-10T15:04:40.361+0000] {dag.py:3444} INFO - Setting next_dagrun for dataset_produces_2 to None, run_after=None
[2023-05-10T15:04:40.401+0000] {processor.py:175} INFO - Processing /home/airflow/.local/lib/python3.7/site-packages/airflow/example_dags/example_datasets.py took 0.165 seconds
[2023-05-10T15:05:10.510+0000] {processor.py:153} INFO - Started process (PID=986) to work on /home/airflow/.local/lib/python3.7/site-packages/airflow/example_dags/example_datasets.py
[2023-05-10T15:05:10.513+0000] {processor.py:743} INFO - Processing file /home/airflow/.local/lib/python3.7/site-packages/airflow/example_dags/example_datasets.py for tasks to queue
[2023-05-10T15:05:10.514+0000] {logging_mixin.py:137} INFO - [2023-05-10T15:05:10.514+0000] {dagbag.py:532} INFO - Filling up the DagBag from /home/airflow/.local/lib/python3.7/site-packages/airflow/example_dags/example_datasets.py
[2023-05-10T15:05:10.542+0000] {processor.py:753} INFO - DAG(s) dict_keys(['dataset_consumes_1_and_2', 'dataset_consumes_1_never_scheduled', 'dataset_produces_1', 'dataset_produces_2', 'dataset_consumes_unknown_never_scheduled', 'dataset_consumes_1']) retrieved from /home/airflow/.local/lib/python3.7/site-packages/airflow/example_dags/example_datasets.py
[2023-05-10T15:05:10.599+0000] {logging_mixin.py:137} INFO - [2023-05-10T15:05:10.599+0000] {dag.py:2693} INFO - Sync 6 DAGs
[2023-05-10T15:05:10.634+0000] {logging_mixin.py:137} INFO - [2023-05-10T15:05:10.633+0000] {dag.py:3444} INFO - Setting next_dagrun for dataset_consumes_1 to None, run_after=None
[2023-05-10T15:05:10.637+0000] {logging_mixin.py:137} INFO - [2023-05-10T15:05:10.637+0000] {dag.py:3444} INFO - Setting next_dagrun for dataset_consumes_1_and_2 to None, run_after=None
[2023-05-10T15:05:10.639+0000] {logging_mixin.py:137} INFO - [2023-05-10T15:05:10.639+0000] {dag.py:3444} INFO - Setting next_dagrun for dataset_consumes_1_never_scheduled to None, run_after=None
[2023-05-10T15:05:10.640+0000] {logging_mixin.py:137} INFO - [2023-05-10T15:05:10.640+0000] {dag.py:3444} INFO - Setting next_dagrun for dataset_consumes_unknown_never_scheduled to None, run_after=None
[2023-05-10T15:05:10.643+0000] {logging_mixin.py:137} INFO - [2023-05-10T15:05:10.643+0000] {dag.py:3444} INFO - Setting next_dagrun for dataset_produces_1 to 2023-05-09T00:00:00+00:00, run_after=2023-05-10T00:00:00+00:00
[2023-05-10T15:05:10.644+0000] {logging_mixin.py:137} INFO - [2023-05-10T15:05:10.644+0000] {dag.py:3444} INFO - Setting next_dagrun for dataset_produces_2 to None, run_after=None
[2023-05-10T15:05:10.683+0000] {processor.py:175} INFO - Processing /home/airflow/.local/lib/python3.7/site-packages/airflow/example_dags/example_datasets.py took 0.184 seconds
