[2023-05-10T14:55:59.938+0000] {processor.py:153} INFO - Started process (PID=70) to work on /home/airflow/.local/lib/python3.7/site-packages/airflow/example_dags/example_bash_operator.py
[2023-05-10T14:55:59.939+0000] {processor.py:743} INFO - Processing file /home/airflow/.local/lib/python3.7/site-packages/airflow/example_dags/example_bash_operator.py for tasks to queue
[2023-05-10T14:55:59.940+0000] {logging_mixin.py:137} INFO - [2023-05-10T14:55:59.940+0000] {dagbag.py:532} INFO - Filling up the DagBag from /home/airflow/.local/lib/python3.7/site-packages/airflow/example_dags/example_bash_operator.py
[2023-05-10T14:55:59.967+0000] {processor.py:753} INFO - DAG(s) dict_keys(['example_bash_operator']) retrieved from /home/airflow/.local/lib/python3.7/site-packages/airflow/example_dags/example_bash_operator.py
[2023-05-10T14:56:00.044+0000] {logging_mixin.py:137} INFO - [2023-05-10T14:56:00.044+0000] {dag.py:2693} INFO - Sync 1 DAGs
[2023-05-10T14:56:00.090+0000] {logging_mixin.py:137} INFO - [2023-05-10T14:56:00.089+0000] {dag.py:3444} INFO - Setting next_dagrun for example_bash_operator to 2023-05-09T00:00:00+00:00, run_after=2023-05-10T00:00:00+00:00
[2023-05-10T14:56:00.110+0000] {processor.py:175} INFO - Processing /home/airflow/.local/lib/python3.7/site-packages/airflow/example_dags/example_bash_operator.py took 0.176 seconds
[2023-05-10T14:56:30.836+0000] {processor.py:153} INFO - Started process (PID=121) to work on /home/airflow/.local/lib/python3.7/site-packages/airflow/example_dags/example_bash_operator.py
[2023-05-10T14:56:30.838+0000] {processor.py:743} INFO - Processing file /home/airflow/.local/lib/python3.7/site-packages/airflow/example_dags/example_bash_operator.py for tasks to queue
[2023-05-10T14:56:30.838+0000] {logging_mixin.py:137} INFO - [2023-05-10T14:56:30.838+0000] {dagbag.py:532} INFO - Filling up the DagBag from /home/airflow/.local/lib/python3.7/site-packages/airflow/example_dags/example_bash_operator.py
[2023-05-10T14:56:30.867+0000] {processor.py:753} INFO - DAG(s) dict_keys(['example_bash_operator']) retrieved from /home/airflow/.local/lib/python3.7/site-packages/airflow/example_dags/example_bash_operator.py
[2023-05-10T14:56:30.923+0000] {logging_mixin.py:137} INFO - [2023-05-10T14:56:30.922+0000] {dag.py:2693} INFO - Sync 1 DAGs
[2023-05-10T14:56:30.959+0000] {logging_mixin.py:137} INFO - [2023-05-10T14:56:30.958+0000] {dag.py:3444} INFO - Setting next_dagrun for example_bash_operator to 2023-05-09T00:00:00+00:00, run_after=2023-05-10T00:00:00+00:00
[2023-05-10T14:56:30.979+0000] {processor.py:175} INFO - Processing /home/airflow/.local/lib/python3.7/site-packages/airflow/example_dags/example_bash_operator.py took 0.147 seconds
[2023-05-10T14:57:01.486+0000] {processor.py:153} INFO - Started process (PID=172) to work on /home/airflow/.local/lib/python3.7/site-packages/airflow/example_dags/example_bash_operator.py
[2023-05-10T14:57:01.487+0000] {processor.py:743} INFO - Processing file /home/airflow/.local/lib/python3.7/site-packages/airflow/example_dags/example_bash_operator.py for tasks to queue
[2023-05-10T14:57:01.488+0000] {logging_mixin.py:137} INFO - [2023-05-10T14:57:01.488+0000] {dagbag.py:532} INFO - Filling up the DagBag from /home/airflow/.local/lib/python3.7/site-packages/airflow/example_dags/example_bash_operator.py
[2023-05-10T14:57:01.515+0000] {processor.py:753} INFO - DAG(s) dict_keys(['example_bash_operator']) retrieved from /home/airflow/.local/lib/python3.7/site-packages/airflow/example_dags/example_bash_operator.py
[2023-05-10T14:57:01.565+0000] {logging_mixin.py:137} INFO - [2023-05-10T14:57:01.565+0000] {dag.py:2693} INFO - Sync 1 DAGs
[2023-05-10T14:57:01.598+0000] {logging_mixin.py:137} INFO - [2023-05-10T14:57:01.598+0000] {dag.py:3444} INFO - Setting next_dagrun for example_bash_operator to 2023-05-09T00:00:00+00:00, run_after=2023-05-10T00:00:00+00:00
[2023-05-10T14:57:01.625+0000] {processor.py:175} INFO - Processing /home/airflow/.local/lib/python3.7/site-packages/airflow/example_dags/example_bash_operator.py took 0.143 seconds
[2023-05-10T14:57:32.031+0000] {processor.py:153} INFO - Started process (PID=224) to work on /home/airflow/.local/lib/python3.7/site-packages/airflow/example_dags/example_bash_operator.py
[2023-05-10T14:57:32.032+0000] {processor.py:743} INFO - Processing file /home/airflow/.local/lib/python3.7/site-packages/airflow/example_dags/example_bash_operator.py for tasks to queue
[2023-05-10T14:57:32.033+0000] {logging_mixin.py:137} INFO - [2023-05-10T14:57:32.033+0000] {dagbag.py:532} INFO - Filling up the DagBag from /home/airflow/.local/lib/python3.7/site-packages/airflow/example_dags/example_bash_operator.py
[2023-05-10T14:57:32.061+0000] {processor.py:753} INFO - DAG(s) dict_keys(['example_bash_operator']) retrieved from /home/airflow/.local/lib/python3.7/site-packages/airflow/example_dags/example_bash_operator.py
[2023-05-10T14:57:32.120+0000] {logging_mixin.py:137} INFO - [2023-05-10T14:57:32.120+0000] {dag.py:2693} INFO - Sync 1 DAGs
[2023-05-10T14:57:32.157+0000] {logging_mixin.py:137} INFO - [2023-05-10T14:57:32.157+0000] {dag.py:3444} INFO - Setting next_dagrun for example_bash_operator to 2023-05-09T00:00:00+00:00, run_after=2023-05-10T00:00:00+00:00
[2023-05-10T14:57:32.182+0000] {processor.py:175} INFO - Processing /home/airflow/.local/lib/python3.7/site-packages/airflow/example_dags/example_bash_operator.py took 0.154 seconds
[2023-05-10T14:58:02.563+0000] {processor.py:153} INFO - Started process (PID=275) to work on /home/airflow/.local/lib/python3.7/site-packages/airflow/example_dags/example_bash_operator.py
[2023-05-10T14:58:02.563+0000] {processor.py:743} INFO - Processing file /home/airflow/.local/lib/python3.7/site-packages/airflow/example_dags/example_bash_operator.py for tasks to queue
[2023-05-10T14:58:02.564+0000] {logging_mixin.py:137} INFO - [2023-05-10T14:58:02.564+0000] {dagbag.py:532} INFO - Filling up the DagBag from /home/airflow/.local/lib/python3.7/site-packages/airflow/example_dags/example_bash_operator.py
[2023-05-10T14:58:02.591+0000] {processor.py:753} INFO - DAG(s) dict_keys(['example_bash_operator']) retrieved from /home/airflow/.local/lib/python3.7/site-packages/airflow/example_dags/example_bash_operator.py
[2023-05-10T14:58:02.640+0000] {logging_mixin.py:137} INFO - [2023-05-10T14:58:02.640+0000] {dag.py:2693} INFO - Sync 1 DAGs
[2023-05-10T14:58:02.675+0000] {logging_mixin.py:137} INFO - [2023-05-10T14:58:02.675+0000] {dag.py:3444} INFO - Setting next_dagrun for example_bash_operator to 2023-05-09T00:00:00+00:00, run_after=2023-05-10T00:00:00+00:00
[2023-05-10T14:58:02.696+0000] {processor.py:175} INFO - Processing /home/airflow/.local/lib/python3.7/site-packages/airflow/example_dags/example_bash_operator.py took 0.137 seconds
[2023-05-10T14:58:32.812+0000] {processor.py:153} INFO - Started process (PID=326) to work on /home/airflow/.local/lib/python3.7/site-packages/airflow/example_dags/example_bash_operator.py
[2023-05-10T14:58:32.814+0000] {processor.py:743} INFO - Processing file /home/airflow/.local/lib/python3.7/site-packages/airflow/example_dags/example_bash_operator.py for tasks to queue
[2023-05-10T14:58:32.814+0000] {logging_mixin.py:137} INFO - [2023-05-10T14:58:32.814+0000] {dagbag.py:532} INFO - Filling up the DagBag from /home/airflow/.local/lib/python3.7/site-packages/airflow/example_dags/example_bash_operator.py
[2023-05-10T14:58:32.841+0000] {processor.py:753} INFO - DAG(s) dict_keys(['example_bash_operator']) retrieved from /home/airflow/.local/lib/python3.7/site-packages/airflow/example_dags/example_bash_operator.py
[2023-05-10T14:58:32.894+0000] {logging_mixin.py:137} INFO - [2023-05-10T14:58:32.894+0000] {dag.py:2693} INFO - Sync 1 DAGs
[2023-05-10T14:58:32.928+0000] {logging_mixin.py:137} INFO - [2023-05-10T14:58:32.927+0000] {dag.py:3444} INFO - Setting next_dagrun for example_bash_operator to 2023-05-09T00:00:00+00:00, run_after=2023-05-10T00:00:00+00:00
[2023-05-10T14:58:32.948+0000] {processor.py:175} INFO - Processing /home/airflow/.local/lib/python3.7/site-packages/airflow/example_dags/example_bash_operator.py took 0.139 seconds
[2023-05-10T14:59:03.180+0000] {processor.py:153} INFO - Started process (PID=377) to work on /home/airflow/.local/lib/python3.7/site-packages/airflow/example_dags/example_bash_operator.py
[2023-05-10T14:59:03.181+0000] {processor.py:743} INFO - Processing file /home/airflow/.local/lib/python3.7/site-packages/airflow/example_dags/example_bash_operator.py for tasks to queue
[2023-05-10T14:59:03.182+0000] {logging_mixin.py:137} INFO - [2023-05-10T14:59:03.181+0000] {dagbag.py:532} INFO - Filling up the DagBag from /home/airflow/.local/lib/python3.7/site-packages/airflow/example_dags/example_bash_operator.py
[2023-05-10T14:59:03.209+0000] {processor.py:753} INFO - DAG(s) dict_keys(['example_bash_operator']) retrieved from /home/airflow/.local/lib/python3.7/site-packages/airflow/example_dags/example_bash_operator.py
[2023-05-10T14:59:03.259+0000] {logging_mixin.py:137} INFO - [2023-05-10T14:59:03.259+0000] {dag.py:2693} INFO - Sync 1 DAGs
[2023-05-10T14:59:03.293+0000] {logging_mixin.py:137} INFO - [2023-05-10T14:59:03.293+0000] {dag.py:3444} INFO - Setting next_dagrun for example_bash_operator to 2023-05-09T00:00:00+00:00, run_after=2023-05-10T00:00:00+00:00
[2023-05-10T14:59:03.314+0000] {processor.py:175} INFO - Processing /home/airflow/.local/lib/python3.7/site-packages/airflow/example_dags/example_bash_operator.py took 0.138 seconds
[2023-05-10T14:59:33.922+0000] {processor.py:153} INFO - Started process (PID=428) to work on /home/airflow/.local/lib/python3.7/site-packages/airflow/example_dags/example_bash_operator.py
[2023-05-10T14:59:33.926+0000] {processor.py:743} INFO - Processing file /home/airflow/.local/lib/python3.7/site-packages/airflow/example_dags/example_bash_operator.py for tasks to queue
[2023-05-10T14:59:33.927+0000] {logging_mixin.py:137} INFO - [2023-05-10T14:59:33.927+0000] {dagbag.py:532} INFO - Filling up the DagBag from /home/airflow/.local/lib/python3.7/site-packages/airflow/example_dags/example_bash_operator.py
[2023-05-10T14:59:33.959+0000] {processor.py:753} INFO - DAG(s) dict_keys(['example_bash_operator']) retrieved from /home/airflow/.local/lib/python3.7/site-packages/airflow/example_dags/example_bash_operator.py
[2023-05-10T14:59:34.011+0000] {logging_mixin.py:137} INFO - [2023-05-10T14:59:34.011+0000] {dag.py:2693} INFO - Sync 1 DAGs
[2023-05-10T14:59:34.046+0000] {logging_mixin.py:137} INFO - [2023-05-10T14:59:34.046+0000] {dag.py:3444} INFO - Setting next_dagrun for example_bash_operator to 2023-05-09T00:00:00+00:00, run_after=2023-05-10T00:00:00+00:00
[2023-05-10T14:59:34.068+0000] {processor.py:175} INFO - Processing /home/airflow/.local/lib/python3.7/site-packages/airflow/example_dags/example_bash_operator.py took 0.150 seconds
[2023-05-10T15:00:05.908+0000] {processor.py:153} INFO - Started process (PID=485) to work on /home/airflow/.local/lib/python3.7/site-packages/airflow/example_dags/example_bash_operator.py
[2023-05-10T15:00:05.909+0000] {processor.py:743} INFO - Processing file /home/airflow/.local/lib/python3.7/site-packages/airflow/example_dags/example_bash_operator.py for tasks to queue
[2023-05-10T15:00:05.910+0000] {logging_mixin.py:137} INFO - [2023-05-10T15:00:05.910+0000] {dagbag.py:532} INFO - Filling up the DagBag from /home/airflow/.local/lib/python3.7/site-packages/airflow/example_dags/example_bash_operator.py
[2023-05-10T15:00:05.979+0000] {processor.py:753} INFO - DAG(s) dict_keys(['example_bash_operator']) retrieved from /home/airflow/.local/lib/python3.7/site-packages/airflow/example_dags/example_bash_operator.py
[2023-05-10T15:00:06.037+0000] {logging_mixin.py:137} INFO - [2023-05-10T15:00:06.037+0000] {dag.py:2693} INFO - Sync 1 DAGs
[2023-05-10T15:00:06.116+0000] {logging_mixin.py:137} INFO - [2023-05-10T15:00:06.116+0000] {dag.py:3444} INFO - Setting next_dagrun for example_bash_operator to 2023-05-09T00:00:00+00:00, run_after=2023-05-10T00:00:00+00:00
[2023-05-10T15:00:06.175+0000] {processor.py:175} INFO - Processing /home/airflow/.local/lib/python3.7/site-packages/airflow/example_dags/example_bash_operator.py took 0.295 seconds
[2023-05-10T15:00:36.702+0000] {processor.py:153} INFO - Started process (PID=537) to work on /home/airflow/.local/lib/python3.7/site-packages/airflow/example_dags/example_bash_operator.py
[2023-05-10T15:00:36.708+0000] {processor.py:743} INFO - Processing file /home/airflow/.local/lib/python3.7/site-packages/airflow/example_dags/example_bash_operator.py for tasks to queue
[2023-05-10T15:00:36.719+0000] {logging_mixin.py:137} INFO - [2023-05-10T15:00:36.719+0000] {dagbag.py:532} INFO - Filling up the DagBag from /home/airflow/.local/lib/python3.7/site-packages/airflow/example_dags/example_bash_operator.py
[2023-05-10T15:00:36.769+0000] {processor.py:753} INFO - DAG(s) dict_keys(['example_bash_operator']) retrieved from /home/airflow/.local/lib/python3.7/site-packages/airflow/example_dags/example_bash_operator.py
[2023-05-10T15:00:36.893+0000] {logging_mixin.py:137} INFO - [2023-05-10T15:00:36.893+0000] {dag.py:2693} INFO - Sync 1 DAGs
[2023-05-10T15:00:36.962+0000] {logging_mixin.py:137} INFO - [2023-05-10T15:00:36.962+0000] {dag.py:3444} INFO - Setting next_dagrun for example_bash_operator to 2023-05-09T00:00:00+00:00, run_after=2023-05-10T00:00:00+00:00
[2023-05-10T15:00:37.003+0000] {processor.py:175} INFO - Processing /home/airflow/.local/lib/python3.7/site-packages/airflow/example_dags/example_bash_operator.py took 0.304 seconds
[2023-05-10T15:01:08.106+0000] {processor.py:153} INFO - Started process (PID=588) to work on /home/airflow/.local/lib/python3.7/site-packages/airflow/example_dags/example_bash_operator.py
[2023-05-10T15:01:08.112+0000] {processor.py:743} INFO - Processing file /home/airflow/.local/lib/python3.7/site-packages/airflow/example_dags/example_bash_operator.py for tasks to queue
[2023-05-10T15:01:08.113+0000] {logging_mixin.py:137} INFO - [2023-05-10T15:01:08.113+0000] {dagbag.py:532} INFO - Filling up the DagBag from /home/airflow/.local/lib/python3.7/site-packages/airflow/example_dags/example_bash_operator.py
[2023-05-10T15:01:08.170+0000] {processor.py:753} INFO - DAG(s) dict_keys(['example_bash_operator']) retrieved from /home/airflow/.local/lib/python3.7/site-packages/airflow/example_dags/example_bash_operator.py
[2023-05-10T15:01:08.229+0000] {logging_mixin.py:137} INFO - [2023-05-10T15:01:08.228+0000] {dag.py:2693} INFO - Sync 1 DAGs
[2023-05-10T15:01:08.262+0000] {logging_mixin.py:137} INFO - [2023-05-10T15:01:08.262+0000] {dag.py:3444} INFO - Setting next_dagrun for example_bash_operator to 2023-05-09T00:00:00+00:00, run_after=2023-05-10T00:00:00+00:00
[2023-05-10T15:01:08.305+0000] {processor.py:175} INFO - Processing /home/airflow/.local/lib/python3.7/site-packages/airflow/example_dags/example_bash_operator.py took 0.203 seconds
[2023-05-10T15:01:39.302+0000] {processor.py:153} INFO - Started process (PID=639) to work on /home/airflow/.local/lib/python3.7/site-packages/airflow/example_dags/example_bash_operator.py
[2023-05-10T15:01:39.311+0000] {processor.py:743} INFO - Processing file /home/airflow/.local/lib/python3.7/site-packages/airflow/example_dags/example_bash_operator.py for tasks to queue
[2023-05-10T15:01:39.312+0000] {logging_mixin.py:137} INFO - [2023-05-10T15:01:39.312+0000] {dagbag.py:532} INFO - Filling up the DagBag from /home/airflow/.local/lib/python3.7/site-packages/airflow/example_dags/example_bash_operator.py
[2023-05-10T15:01:39.365+0000] {processor.py:753} INFO - DAG(s) dict_keys(['example_bash_operator']) retrieved from /home/airflow/.local/lib/python3.7/site-packages/airflow/example_dags/example_bash_operator.py
[2023-05-10T15:01:39.443+0000] {logging_mixin.py:137} INFO - [2023-05-10T15:01:39.443+0000] {dag.py:2693} INFO - Sync 1 DAGs
[2023-05-10T15:01:39.477+0000] {logging_mixin.py:137} INFO - [2023-05-10T15:01:39.477+0000] {dag.py:3444} INFO - Setting next_dagrun for example_bash_operator to 2023-05-09T00:00:00+00:00, run_after=2023-05-10T00:00:00+00:00
[2023-05-10T15:01:39.498+0000] {processor.py:175} INFO - Processing /home/airflow/.local/lib/python3.7/site-packages/airflow/example_dags/example_bash_operator.py took 0.199 seconds
[2023-05-10T15:02:10.234+0000] {processor.py:153} INFO - Started process (PID=690) to work on /home/airflow/.local/lib/python3.7/site-packages/airflow/example_dags/example_bash_operator.py
[2023-05-10T15:02:10.235+0000] {processor.py:743} INFO - Processing file /home/airflow/.local/lib/python3.7/site-packages/airflow/example_dags/example_bash_operator.py for tasks to queue
[2023-05-10T15:02:10.243+0000] {logging_mixin.py:137} INFO - [2023-05-10T15:02:10.243+0000] {dagbag.py:532} INFO - Filling up the DagBag from /home/airflow/.local/lib/python3.7/site-packages/airflow/example_dags/example_bash_operator.py
[2023-05-10T15:02:10.309+0000] {processor.py:753} INFO - DAG(s) dict_keys(['example_bash_operator']) retrieved from /home/airflow/.local/lib/python3.7/site-packages/airflow/example_dags/example_bash_operator.py
[2023-05-10T15:02:10.424+0000] {logging_mixin.py:137} INFO - [2023-05-10T15:02:10.423+0000] {dag.py:2693} INFO - Sync 1 DAGs
[2023-05-10T15:02:10.490+0000] {logging_mixin.py:137} INFO - [2023-05-10T15:02:10.489+0000] {dag.py:3444} INFO - Setting next_dagrun for example_bash_operator to 2023-05-09T00:00:00+00:00, run_after=2023-05-10T00:00:00+00:00
[2023-05-10T15:02:10.539+0000] {processor.py:175} INFO - Processing /home/airflow/.local/lib/python3.7/site-packages/airflow/example_dags/example_bash_operator.py took 0.322 seconds
[2023-05-10T15:02:40.869+0000] {processor.py:153} INFO - Started process (PID=741) to work on /home/airflow/.local/lib/python3.7/site-packages/airflow/example_dags/example_bash_operator.py
[2023-05-10T15:02:40.870+0000] {processor.py:743} INFO - Processing file /home/airflow/.local/lib/python3.7/site-packages/airflow/example_dags/example_bash_operator.py for tasks to queue
[2023-05-10T15:02:40.871+0000] {logging_mixin.py:137} INFO - [2023-05-10T15:02:40.871+0000] {dagbag.py:532} INFO - Filling up the DagBag from /home/airflow/.local/lib/python3.7/site-packages/airflow/example_dags/example_bash_operator.py
[2023-05-10T15:02:40.899+0000] {processor.py:753} INFO - DAG(s) dict_keys(['example_bash_operator']) retrieved from /home/airflow/.local/lib/python3.7/site-packages/airflow/example_dags/example_bash_operator.py
[2023-05-10T15:02:40.946+0000] {logging_mixin.py:137} INFO - [2023-05-10T15:02:40.946+0000] {dag.py:2693} INFO - Sync 1 DAGs
[2023-05-10T15:02:40.981+0000] {logging_mixin.py:137} INFO - [2023-05-10T15:02:40.981+0000] {dag.py:3444} INFO - Setting next_dagrun for example_bash_operator to 2023-05-09T00:00:00+00:00, run_after=2023-05-10T00:00:00+00:00
[2023-05-10T15:02:41.005+0000] {processor.py:175} INFO - Processing /home/airflow/.local/lib/python3.7/site-packages/airflow/example_dags/example_bash_operator.py took 0.140 seconds
[2023-05-10T15:03:11.470+0000] {processor.py:153} INFO - Started process (PID=792) to work on /home/airflow/.local/lib/python3.7/site-packages/airflow/example_dags/example_bash_operator.py
[2023-05-10T15:03:11.471+0000] {processor.py:743} INFO - Processing file /home/airflow/.local/lib/python3.7/site-packages/airflow/example_dags/example_bash_operator.py for tasks to queue
[2023-05-10T15:03:11.472+0000] {logging_mixin.py:137} INFO - [2023-05-10T15:03:11.472+0000] {dagbag.py:532} INFO - Filling up the DagBag from /home/airflow/.local/lib/python3.7/site-packages/airflow/example_dags/example_bash_operator.py
[2023-05-10T15:03:11.503+0000] {processor.py:753} INFO - DAG(s) dict_keys(['example_bash_operator']) retrieved from /home/airflow/.local/lib/python3.7/site-packages/airflow/example_dags/example_bash_operator.py
[2023-05-10T15:03:11.550+0000] {logging_mixin.py:137} INFO - [2023-05-10T15:03:11.550+0000] {dag.py:2693} INFO - Sync 1 DAGs
[2023-05-10T15:03:11.591+0000] {logging_mixin.py:137} INFO - [2023-05-10T15:03:11.591+0000] {dag.py:3444} INFO - Setting next_dagrun for example_bash_operator to 2023-05-09T00:00:00+00:00, run_after=2023-05-10T00:00:00+00:00
[2023-05-10T15:03:11.612+0000] {processor.py:175} INFO - Processing /home/airflow/.local/lib/python3.7/site-packages/airflow/example_dags/example_bash_operator.py took 0.146 seconds
[2023-05-10T15:03:41.929+0000] {processor.py:153} INFO - Started process (PID=842) to work on /home/airflow/.local/lib/python3.7/site-packages/airflow/example_dags/example_bash_operator.py
[2023-05-10T15:03:41.932+0000] {processor.py:743} INFO - Processing file /home/airflow/.local/lib/python3.7/site-packages/airflow/example_dags/example_bash_operator.py for tasks to queue
[2023-05-10T15:03:41.933+0000] {logging_mixin.py:137} INFO - [2023-05-10T15:03:41.932+0000] {dagbag.py:532} INFO - Filling up the DagBag from /home/airflow/.local/lib/python3.7/site-packages/airflow/example_dags/example_bash_operator.py
[2023-05-10T15:03:41.959+0000] {processor.py:753} INFO - DAG(s) dict_keys(['example_bash_operator']) retrieved from /home/airflow/.local/lib/python3.7/site-packages/airflow/example_dags/example_bash_operator.py
[2023-05-10T15:03:42.007+0000] {logging_mixin.py:137} INFO - [2023-05-10T15:03:42.007+0000] {dag.py:2693} INFO - Sync 1 DAGs
[2023-05-10T15:03:42.039+0000] {logging_mixin.py:137} INFO - [2023-05-10T15:03:42.039+0000] {dag.py:3444} INFO - Setting next_dagrun for example_bash_operator to 2023-05-09T00:00:00+00:00, run_after=2023-05-10T00:00:00+00:00
[2023-05-10T15:03:42.064+0000] {processor.py:175} INFO - Processing /home/airflow/.local/lib/python3.7/site-packages/airflow/example_dags/example_bash_operator.py took 0.139 seconds
[2023-05-10T15:04:12.251+0000] {processor.py:153} INFO - Started process (PID=893) to work on /home/airflow/.local/lib/python3.7/site-packages/airflow/example_dags/example_bash_operator.py
[2023-05-10T15:04:12.252+0000] {processor.py:743} INFO - Processing file /home/airflow/.local/lib/python3.7/site-packages/airflow/example_dags/example_bash_operator.py for tasks to queue
[2023-05-10T15:04:12.252+0000] {logging_mixin.py:137} INFO - [2023-05-10T15:04:12.252+0000] {dagbag.py:532} INFO - Filling up the DagBag from /home/airflow/.local/lib/python3.7/site-packages/airflow/example_dags/example_bash_operator.py
[2023-05-10T15:04:12.280+0000] {processor.py:753} INFO - DAG(s) dict_keys(['example_bash_operator']) retrieved from /home/airflow/.local/lib/python3.7/site-packages/airflow/example_dags/example_bash_operator.py
[2023-05-10T15:04:12.328+0000] {logging_mixin.py:137} INFO - [2023-05-10T15:04:12.328+0000] {dag.py:2693} INFO - Sync 1 DAGs
[2023-05-10T15:04:12.361+0000] {logging_mixin.py:137} INFO - [2023-05-10T15:04:12.361+0000] {dag.py:3444} INFO - Setting next_dagrun for example_bash_operator to 2023-05-09T00:00:00+00:00, run_after=2023-05-10T00:00:00+00:00
[2023-05-10T15:04:12.382+0000] {processor.py:175} INFO - Processing /home/airflow/.local/lib/python3.7/site-packages/airflow/example_dags/example_bash_operator.py took 0.135 seconds
[2023-05-10T15:04:42.890+0000] {processor.py:153} INFO - Started process (PID=944) to work on /home/airflow/.local/lib/python3.7/site-packages/airflow/example_dags/example_bash_operator.py
[2023-05-10T15:04:42.892+0000] {processor.py:743} INFO - Processing file /home/airflow/.local/lib/python3.7/site-packages/airflow/example_dags/example_bash_operator.py for tasks to queue
[2023-05-10T15:04:42.893+0000] {logging_mixin.py:137} INFO - [2023-05-10T15:04:42.893+0000] {dagbag.py:532} INFO - Filling up the DagBag from /home/airflow/.local/lib/python3.7/site-packages/airflow/example_dags/example_bash_operator.py
[2023-05-10T15:04:42.919+0000] {processor.py:753} INFO - DAG(s) dict_keys(['example_bash_operator']) retrieved from /home/airflow/.local/lib/python3.7/site-packages/airflow/example_dags/example_bash_operator.py
[2023-05-10T15:04:42.966+0000] {logging_mixin.py:137} INFO - [2023-05-10T15:04:42.965+0000] {dag.py:2693} INFO - Sync 1 DAGs
[2023-05-10T15:04:43.000+0000] {logging_mixin.py:137} INFO - [2023-05-10T15:04:43.000+0000] {dag.py:3444} INFO - Setting next_dagrun for example_bash_operator to 2023-05-09T00:00:00+00:00, run_after=2023-05-10T00:00:00+00:00
[2023-05-10T15:04:43.024+0000] {processor.py:175} INFO - Processing /home/airflow/.local/lib/python3.7/site-packages/airflow/example_dags/example_bash_operator.py took 0.139 seconds
[2023-05-10T15:05:13.210+0000] {processor.py:153} INFO - Started process (PID=995) to work on /home/airflow/.local/lib/python3.7/site-packages/airflow/example_dags/example_bash_operator.py
[2023-05-10T15:05:13.211+0000] {processor.py:743} INFO - Processing file /home/airflow/.local/lib/python3.7/site-packages/airflow/example_dags/example_bash_operator.py for tasks to queue
[2023-05-10T15:05:13.212+0000] {logging_mixin.py:137} INFO - [2023-05-10T15:05:13.211+0000] {dagbag.py:532} INFO - Filling up the DagBag from /home/airflow/.local/lib/python3.7/site-packages/airflow/example_dags/example_bash_operator.py
[2023-05-10T15:05:13.244+0000] {processor.py:753} INFO - DAG(s) dict_keys(['example_bash_operator']) retrieved from /home/airflow/.local/lib/python3.7/site-packages/airflow/example_dags/example_bash_operator.py
[2023-05-10T15:05:13.303+0000] {logging_mixin.py:137} INFO - [2023-05-10T15:05:13.302+0000] {dag.py:2693} INFO - Sync 1 DAGs
[2023-05-10T15:05:13.337+0000] {logging_mixin.py:137} INFO - [2023-05-10T15:05:13.337+0000] {dag.py:3444} INFO - Setting next_dagrun for example_bash_operator to 2023-05-09T00:00:00+00:00, run_after=2023-05-10T00:00:00+00:00
[2023-05-10T15:05:13.358+0000] {processor.py:175} INFO - Processing /home/airflow/.local/lib/python3.7/site-packages/airflow/example_dags/example_bash_operator.py took 0.153 seconds
