[2023-05-16T00:00:10.013+0000] {processor.py:153} INFO - Started process (PID=7418) to work on /opt/airflow/dags/todays_games.py
[2023-05-16T00:00:10.014+0000] {processor.py:743} INFO - Processing file /opt/airflow/dags/todays_games.py for tasks to queue
[2023-05-16T00:00:10.015+0000] {logging_mixin.py:137} INFO - [2023-05-16T00:00:10.015+0000] {dagbag.py:532} INFO - Filling up the DagBag from /opt/airflow/dags/todays_games.py
[2023-05-16T00:00:10.180+0000] {processor.py:753} INFO - DAG(s) dict_keys(['get_todays_games']) retrieved from /opt/airflow/dags/todays_games.py
[2023-05-16T00:00:10.371+0000] {logging_mixin.py:137} INFO - [2023-05-16T00:00:10.371+0000] {dag.py:2693} INFO - Sync 1 DAGs
[2023-05-16T00:00:10.403+0000] {logging_mixin.py:137} INFO - [2023-05-16T00:00:10.402+0000] {dag.py:3444} INFO - Setting next_dagrun for get_todays_games to 2023-05-14T15:00:00+00:00, run_after=2023-05-15T15:00:00+00:00
[2023-05-16T00:00:10.423+0000] {processor.py:175} INFO - Processing /opt/airflow/dags/todays_games.py took 0.413 seconds
[2023-05-16T00:00:40.467+0000] {processor.py:153} INFO - Started process (PID=7472) to work on /opt/airflow/dags/todays_games.py
[2023-05-16T00:00:40.468+0000] {processor.py:743} INFO - Processing file /opt/airflow/dags/todays_games.py for tasks to queue
[2023-05-16T00:00:40.469+0000] {logging_mixin.py:137} INFO - [2023-05-16T00:00:40.469+0000] {dagbag.py:532} INFO - Filling up the DagBag from /opt/airflow/dags/todays_games.py
[2023-05-16T00:00:40.800+0000] {processor.py:753} INFO - DAG(s) dict_keys(['get_todays_games']) retrieved from /opt/airflow/dags/todays_games.py
[2023-05-16T00:00:40.827+0000] {logging_mixin.py:137} INFO - [2023-05-16T00:00:40.827+0000] {dag.py:2693} INFO - Sync 1 DAGs
[2023-05-16T00:00:40.858+0000] {logging_mixin.py:137} INFO - [2023-05-16T00:00:40.858+0000] {dag.py:3444} INFO - Setting next_dagrun for get_todays_games to 2023-05-14T15:00:00+00:00, run_after=2023-05-15T15:00:00+00:00
[2023-05-16T00:00:40.880+0000] {processor.py:175} INFO - Processing /opt/airflow/dags/todays_games.py took 0.417 seconds
[2023-05-16T00:01:11.404+0000] {processor.py:153} INFO - Started process (PID=7524) to work on /opt/airflow/dags/todays_games.py
[2023-05-16T00:01:11.411+0000] {processor.py:743} INFO - Processing file /opt/airflow/dags/todays_games.py for tasks to queue
[2023-05-16T00:01:11.412+0000] {logging_mixin.py:137} INFO - [2023-05-16T00:01:11.412+0000] {dagbag.py:532} INFO - Filling up the DagBag from /opt/airflow/dags/todays_games.py
[2023-05-16T00:01:11.936+0000] {processor.py:753} INFO - DAG(s) dict_keys(['get_todays_games']) retrieved from /opt/airflow/dags/todays_games.py
[2023-05-16T00:01:11.995+0000] {logging_mixin.py:137} INFO - [2023-05-16T00:01:11.995+0000] {dag.py:2693} INFO - Sync 1 DAGs
[2023-05-16T00:01:12.062+0000] {logging_mixin.py:137} INFO - [2023-05-16T00:01:12.062+0000] {dag.py:3444} INFO - Setting next_dagrun for get_todays_games to 2023-05-14T15:00:00+00:00, run_after=2023-05-15T15:00:00+00:00
[2023-05-16T00:01:12.100+0000] {processor.py:175} INFO - Processing /opt/airflow/dags/todays_games.py took 0.700 seconds
[2023-05-16T00:01:42.250+0000] {processor.py:153} INFO - Started process (PID=7575) to work on /opt/airflow/dags/todays_games.py
[2023-05-16T00:01:42.258+0000] {processor.py:743} INFO - Processing file /opt/airflow/dags/todays_games.py for tasks to queue
[2023-05-16T00:01:42.270+0000] {logging_mixin.py:137} INFO - [2023-05-16T00:01:42.269+0000] {dagbag.py:532} INFO - Filling up the DagBag from /opt/airflow/dags/todays_games.py
[2023-05-16T00:01:42.448+0000] {processor.py:753} INFO - DAG(s) dict_keys(['get_todays_games']) retrieved from /opt/airflow/dags/todays_games.py
[2023-05-16T00:01:42.479+0000] {logging_mixin.py:137} INFO - [2023-05-16T00:01:42.479+0000] {dag.py:2693} INFO - Sync 1 DAGs
[2023-05-16T00:01:42.663+0000] {logging_mixin.py:137} INFO - [2023-05-16T00:01:42.663+0000] {dag.py:3444} INFO - Setting next_dagrun for get_todays_games to 2023-05-14T15:00:00+00:00, run_after=2023-05-15T15:00:00+00:00
[2023-05-16T00:01:42.683+0000] {processor.py:175} INFO - Processing /opt/airflow/dags/todays_games.py took 0.437 seconds
[2023-05-16T00:02:12.838+0000] {processor.py:153} INFO - Started process (PID=7627) to work on /opt/airflow/dags/todays_games.py
[2023-05-16T00:02:12.839+0000] {processor.py:743} INFO - Processing file /opt/airflow/dags/todays_games.py for tasks to queue
[2023-05-16T00:02:12.839+0000] {logging_mixin.py:137} INFO - [2023-05-16T00:02:12.839+0000] {dagbag.py:532} INFO - Filling up the DagBag from /opt/airflow/dags/todays_games.py
[2023-05-16T00:02:13.172+0000] {processor.py:753} INFO - DAG(s) dict_keys(['get_todays_games']) retrieved from /opt/airflow/dags/todays_games.py
[2023-05-16T00:02:13.198+0000] {logging_mixin.py:137} INFO - [2023-05-16T00:02:13.198+0000] {dag.py:2693} INFO - Sync 1 DAGs
[2023-05-16T00:02:13.228+0000] {logging_mixin.py:137} INFO - [2023-05-16T00:02:13.228+0000] {dag.py:3444} INFO - Setting next_dagrun for get_todays_games to 2023-05-14T15:00:00+00:00, run_after=2023-05-15T15:00:00+00:00
[2023-05-16T00:02:13.247+0000] {processor.py:175} INFO - Processing /opt/airflow/dags/todays_games.py took 0.414 seconds
[2023-05-16T00:02:43.349+0000] {processor.py:153} INFO - Started process (PID=7678) to work on /opt/airflow/dags/todays_games.py
[2023-05-16T00:02:43.354+0000] {processor.py:743} INFO - Processing file /opt/airflow/dags/todays_games.py for tasks to queue
[2023-05-16T00:02:43.355+0000] {logging_mixin.py:137} INFO - [2023-05-16T00:02:43.354+0000] {dagbag.py:532} INFO - Filling up the DagBag from /opt/airflow/dags/todays_games.py
[2023-05-16T00:02:43.964+0000] {processor.py:753} INFO - DAG(s) dict_keys(['get_todays_games']) retrieved from /opt/airflow/dags/todays_games.py
[2023-05-16T00:02:43.991+0000] {logging_mixin.py:137} INFO - [2023-05-16T00:02:43.991+0000] {dag.py:2693} INFO - Sync 1 DAGs
[2023-05-16T00:02:44.023+0000] {logging_mixin.py:137} INFO - [2023-05-16T00:02:44.023+0000] {dag.py:3444} INFO - Setting next_dagrun for get_todays_games to 2023-05-14T15:00:00+00:00, run_after=2023-05-15T15:00:00+00:00
[2023-05-16T00:02:44.059+0000] {processor.py:175} INFO - Processing /opt/airflow/dags/todays_games.py took 0.714 seconds
[2023-05-16T00:03:14.170+0000] {processor.py:153} INFO - Started process (PID=7726) to work on /opt/airflow/dags/todays_games.py
[2023-05-16T00:03:14.171+0000] {processor.py:743} INFO - Processing file /opt/airflow/dags/todays_games.py for tasks to queue
[2023-05-16T00:03:14.172+0000] {logging_mixin.py:137} INFO - [2023-05-16T00:03:14.172+0000] {dagbag.py:532} INFO - Filling up the DagBag from /opt/airflow/dags/todays_games.py
[2023-05-16T00:03:14.346+0000] {processor.py:753} INFO - DAG(s) dict_keys(['get_todays_games']) retrieved from /opt/airflow/dags/todays_games.py
[2023-05-16T00:03:14.383+0000] {logging_mixin.py:137} INFO - [2023-05-16T00:03:14.383+0000] {dag.py:2693} INFO - Sync 1 DAGs
[2023-05-16T00:03:14.579+0000] {logging_mixin.py:137} INFO - [2023-05-16T00:03:14.579+0000] {dag.py:3444} INFO - Setting next_dagrun for get_todays_games to 2023-05-14T15:00:00+00:00, run_after=2023-05-15T15:00:00+00:00
[2023-05-16T00:03:14.598+0000] {processor.py:175} INFO - Processing /opt/airflow/dags/todays_games.py took 0.432 seconds
[2023-05-16T00:03:44.881+0000] {processor.py:153} INFO - Started process (PID=7780) to work on /opt/airflow/dags/todays_games.py
[2023-05-16T00:03:44.884+0000] {processor.py:743} INFO - Processing file /opt/airflow/dags/todays_games.py for tasks to queue
[2023-05-16T00:03:44.885+0000] {logging_mixin.py:137} INFO - [2023-05-16T00:03:44.885+0000] {dagbag.py:532} INFO - Filling up the DagBag from /opt/airflow/dags/todays_games.py
[2023-05-16T00:03:45.325+0000] {processor.py:753} INFO - DAG(s) dict_keys(['get_todays_games']) retrieved from /opt/airflow/dags/todays_games.py
[2023-05-16T00:03:45.719+0000] {logging_mixin.py:137} INFO - [2023-05-16T00:03:45.719+0000] {dag.py:2693} INFO - Sync 1 DAGs
[2023-05-16T00:03:45.810+0000] {logging_mixin.py:137} INFO - [2023-05-16T00:03:45.810+0000] {dag.py:3444} INFO - Setting next_dagrun for get_todays_games to 2023-05-14T15:00:00+00:00, run_after=2023-05-15T15:00:00+00:00
[2023-05-16T00:03:45.861+0000] {processor.py:175} INFO - Processing /opt/airflow/dags/todays_games.py took 0.987 seconds
[2023-05-16T00:04:16.107+0000] {processor.py:153} INFO - Started process (PID=7831) to work on /opt/airflow/dags/todays_games.py
[2023-05-16T00:04:16.108+0000] {processor.py:743} INFO - Processing file /opt/airflow/dags/todays_games.py for tasks to queue
[2023-05-16T00:04:16.108+0000] {logging_mixin.py:137} INFO - [2023-05-16T00:04:16.108+0000] {dagbag.py:532} INFO - Filling up the DagBag from /opt/airflow/dags/todays_games.py
[2023-05-16T00:04:16.458+0000] {processor.py:753} INFO - DAG(s) dict_keys(['get_todays_games']) retrieved from /opt/airflow/dags/todays_games.py
[2023-05-16T00:04:16.484+0000] {logging_mixin.py:137} INFO - [2023-05-16T00:04:16.483+0000] {dag.py:2693} INFO - Sync 1 DAGs
[2023-05-16T00:04:16.514+0000] {logging_mixin.py:137} INFO - [2023-05-16T00:04:16.514+0000] {dag.py:3444} INFO - Setting next_dagrun for get_todays_games to 2023-05-14T15:00:00+00:00, run_after=2023-05-15T15:00:00+00:00
[2023-05-16T00:04:16.535+0000] {processor.py:175} INFO - Processing /opt/airflow/dags/todays_games.py took 0.432 seconds
[2023-05-16T14:55:58.225+0000] {processor.py:153} INFO - Started process (PID=33) to work on /opt/airflow/dags/todays_games.py
[2023-05-16T14:55:58.227+0000] {processor.py:743} INFO - Processing file /opt/airflow/dags/todays_games.py for tasks to queue
[2023-05-16T14:55:58.228+0000] {logging_mixin.py:137} INFO - [2023-05-16T14:55:58.228+0000] {dagbag.py:532} INFO - Filling up the DagBag from /opt/airflow/dags/todays_games.py
[2023-05-16T14:55:58.713+0000] {processor.py:753} INFO - DAG(s) dict_keys(['get_todays_games']) retrieved from /opt/airflow/dags/todays_games.py
[2023-05-16T14:55:58.747+0000] {logging_mixin.py:137} INFO - [2023-05-16T14:55:58.747+0000] {dag.py:2693} INFO - Sync 1 DAGs
[2023-05-16T14:55:58.786+0000] {logging_mixin.py:137} INFO - [2023-05-16T14:55:58.786+0000] {dag.py:3444} INFO - Setting next_dagrun for get_todays_games to 2023-05-14T15:00:00+00:00, run_after=2023-05-15T15:00:00+00:00
[2023-05-16T14:55:58.810+0000] {processor.py:175} INFO - Processing /opt/airflow/dags/todays_games.py took 0.588 seconds
[2023-05-16T14:56:29.179+0000] {processor.py:153} INFO - Started process (PID=83) to work on /opt/airflow/dags/todays_games.py
[2023-05-16T14:56:29.181+0000] {processor.py:743} INFO - Processing file /opt/airflow/dags/todays_games.py for tasks to queue
[2023-05-16T14:56:29.181+0000] {logging_mixin.py:137} INFO - [2023-05-16T14:56:29.181+0000] {dagbag.py:532} INFO - Filling up the DagBag from /opt/airflow/dags/todays_games.py
[2023-05-16T14:56:29.365+0000] {processor.py:753} INFO - DAG(s) dict_keys(['get_todays_games']) retrieved from /opt/airflow/dags/todays_games.py
[2023-05-16T14:56:29.404+0000] {logging_mixin.py:137} INFO - [2023-05-16T14:56:29.403+0000] {dag.py:2693} INFO - Sync 1 DAGs
[2023-05-16T14:56:29.437+0000] {logging_mixin.py:137} INFO - [2023-05-16T14:56:29.436+0000] {dag.py:3444} INFO - Setting next_dagrun for get_todays_games to 2023-05-14T15:00:00+00:00, run_after=2023-05-15T15:00:00+00:00
[2023-05-16T14:56:29.457+0000] {processor.py:175} INFO - Processing /opt/airflow/dags/todays_games.py took 0.281 seconds
[2023-05-16T14:56:59.479+0000] {processor.py:153} INFO - Started process (PID=134) to work on /opt/airflow/dags/todays_games.py
[2023-05-16T14:56:59.480+0000] {processor.py:743} INFO - Processing file /opt/airflow/dags/todays_games.py for tasks to queue
[2023-05-16T14:56:59.481+0000] {logging_mixin.py:137} INFO - [2023-05-16T14:56:59.481+0000] {dagbag.py:532} INFO - Filling up the DagBag from /opt/airflow/dags/todays_games.py
[2023-05-16T14:56:59.662+0000] {processor.py:753} INFO - DAG(s) dict_keys(['get_todays_games']) retrieved from /opt/airflow/dags/todays_games.py
[2023-05-16T14:56:59.691+0000] {logging_mixin.py:137} INFO - [2023-05-16T14:56:59.691+0000] {dag.py:2693} INFO - Sync 1 DAGs
[2023-05-16T14:56:59.731+0000] {logging_mixin.py:137} INFO - [2023-05-16T14:56:59.731+0000] {dag.py:3444} INFO - Setting next_dagrun for get_todays_games to 2023-05-14T15:00:00+00:00, run_after=2023-05-15T15:00:00+00:00
[2023-05-16T14:56:59.751+0000] {processor.py:175} INFO - Processing /opt/airflow/dags/todays_games.py took 0.275 seconds
[2023-05-16T14:57:30.184+0000] {processor.py:153} INFO - Started process (PID=184) to work on /opt/airflow/dags/todays_games.py
[2023-05-16T14:57:30.185+0000] {processor.py:743} INFO - Processing file /opt/airflow/dags/todays_games.py for tasks to queue
[2023-05-16T14:57:30.186+0000] {logging_mixin.py:137} INFO - [2023-05-16T14:57:30.186+0000] {dagbag.py:532} INFO - Filling up the DagBag from /opt/airflow/dags/todays_games.py
[2023-05-16T14:57:30.353+0000] {processor.py:753} INFO - DAG(s) dict_keys(['get_todays_games']) retrieved from /opt/airflow/dags/todays_games.py
[2023-05-16T14:57:30.396+0000] {logging_mixin.py:137} INFO - [2023-05-16T14:57:30.396+0000] {dag.py:2693} INFO - Sync 1 DAGs
[2023-05-16T14:57:30.430+0000] {logging_mixin.py:137} INFO - [2023-05-16T14:57:30.430+0000] {dag.py:3444} INFO - Setting next_dagrun for get_todays_games to 2023-05-14T15:00:00+00:00, run_after=2023-05-15T15:00:00+00:00
[2023-05-16T14:57:30.450+0000] {processor.py:175} INFO - Processing /opt/airflow/dags/todays_games.py took 0.270 seconds
[2023-05-16T14:58:00.605+0000] {processor.py:153} INFO - Started process (PID=235) to work on /opt/airflow/dags/todays_games.py
[2023-05-16T14:58:00.606+0000] {processor.py:743} INFO - Processing file /opt/airflow/dags/todays_games.py for tasks to queue
[2023-05-16T14:58:00.607+0000] {logging_mixin.py:137} INFO - [2023-05-16T14:58:00.607+0000] {dagbag.py:532} INFO - Filling up the DagBag from /opt/airflow/dags/todays_games.py
[2023-05-16T14:58:00.773+0000] {processor.py:753} INFO - DAG(s) dict_keys(['get_todays_games']) retrieved from /opt/airflow/dags/todays_games.py
[2023-05-16T14:58:00.808+0000] {logging_mixin.py:137} INFO - [2023-05-16T14:58:00.808+0000] {dag.py:2693} INFO - Sync 1 DAGs
[2023-05-16T14:58:00.843+0000] {logging_mixin.py:137} INFO - [2023-05-16T14:58:00.843+0000] {dag.py:3444} INFO - Setting next_dagrun for get_todays_games to 2023-05-14T15:00:00+00:00, run_after=2023-05-15T15:00:00+00:00
[2023-05-16T14:58:00.864+0000] {processor.py:175} INFO - Processing /opt/airflow/dags/todays_games.py took 0.262 seconds
[2023-05-16T14:58:31.084+0000] {processor.py:153} INFO - Started process (PID=286) to work on /opt/airflow/dags/todays_games.py
[2023-05-16T14:58:31.085+0000] {processor.py:743} INFO - Processing file /opt/airflow/dags/todays_games.py for tasks to queue
[2023-05-16T14:58:31.086+0000] {logging_mixin.py:137} INFO - [2023-05-16T14:58:31.086+0000] {dagbag.py:532} INFO - Filling up the DagBag from /opt/airflow/dags/todays_games.py
[2023-05-16T14:58:31.270+0000] {processor.py:753} INFO - DAG(s) dict_keys(['get_todays_games']) retrieved from /opt/airflow/dags/todays_games.py
[2023-05-16T14:58:31.303+0000] {logging_mixin.py:137} INFO - [2023-05-16T14:58:31.303+0000] {dag.py:2693} INFO - Sync 1 DAGs
[2023-05-16T14:58:31.337+0000] {logging_mixin.py:137} INFO - [2023-05-16T14:58:31.337+0000] {dag.py:3444} INFO - Setting next_dagrun for get_todays_games to 2023-05-14T15:00:00+00:00, run_after=2023-05-15T15:00:00+00:00
[2023-05-16T14:58:31.363+0000] {processor.py:175} INFO - Processing /opt/airflow/dags/todays_games.py took 0.283 seconds
[2023-05-16T14:59:01.529+0000] {processor.py:153} INFO - Started process (PID=337) to work on /opt/airflow/dags/todays_games.py
[2023-05-16T14:59:01.531+0000] {processor.py:743} INFO - Processing file /opt/airflow/dags/todays_games.py for tasks to queue
[2023-05-16T14:59:01.531+0000] {logging_mixin.py:137} INFO - [2023-05-16T14:59:01.531+0000] {dagbag.py:532} INFO - Filling up the DagBag from /opt/airflow/dags/todays_games.py
[2023-05-16T14:59:01.718+0000] {processor.py:753} INFO - DAG(s) dict_keys(['get_todays_games']) retrieved from /opt/airflow/dags/todays_games.py
[2023-05-16T14:59:01.750+0000] {logging_mixin.py:137} INFO - [2023-05-16T14:59:01.750+0000] {dag.py:2693} INFO - Sync 1 DAGs
[2023-05-16T14:59:01.785+0000] {logging_mixin.py:137} INFO - [2023-05-16T14:59:01.785+0000] {dag.py:3444} INFO - Setting next_dagrun for get_todays_games to 2023-05-14T15:00:00+00:00, run_after=2023-05-15T15:00:00+00:00
[2023-05-16T14:59:01.807+0000] {processor.py:175} INFO - Processing /opt/airflow/dags/todays_games.py took 0.282 seconds
[2023-05-16T14:59:31.925+0000] {processor.py:153} INFO - Started process (PID=388) to work on /opt/airflow/dags/todays_games.py
[2023-05-16T14:59:31.926+0000] {processor.py:743} INFO - Processing file /opt/airflow/dags/todays_games.py for tasks to queue
[2023-05-16T14:59:31.927+0000] {logging_mixin.py:137} INFO - [2023-05-16T14:59:31.927+0000] {dagbag.py:532} INFO - Filling up the DagBag from /opt/airflow/dags/todays_games.py
[2023-05-16T14:59:32.104+0000] {processor.py:753} INFO - DAG(s) dict_keys(['get_todays_games']) retrieved from /opt/airflow/dags/todays_games.py
[2023-05-16T14:59:32.136+0000] {logging_mixin.py:137} INFO - [2023-05-16T14:59:32.136+0000] {dag.py:2693} INFO - Sync 1 DAGs
[2023-05-16T14:59:32.170+0000] {logging_mixin.py:137} INFO - [2023-05-16T14:59:32.170+0000] {dag.py:3444} INFO - Setting next_dagrun for get_todays_games to 2023-05-14T15:00:00+00:00, run_after=2023-05-15T15:00:00+00:00
[2023-05-16T14:59:32.191+0000] {processor.py:175} INFO - Processing /opt/airflow/dags/todays_games.py took 0.269 seconds
[2023-05-16T15:00:02.641+0000] {processor.py:153} INFO - Started process (PID=438) to work on /opt/airflow/dags/todays_games.py
[2023-05-16T15:00:02.643+0000] {processor.py:743} INFO - Processing file /opt/airflow/dags/todays_games.py for tasks to queue
[2023-05-16T15:00:02.643+0000] {logging_mixin.py:137} INFO - [2023-05-16T15:00:02.643+0000] {dagbag.py:532} INFO - Filling up the DagBag from /opt/airflow/dags/todays_games.py
[2023-05-16T15:00:02.852+0000] {processor.py:753} INFO - DAG(s) dict_keys(['get_todays_games']) retrieved from /opt/airflow/dags/todays_games.py
[2023-05-16T15:00:02.950+0000] {logging_mixin.py:137} INFO - [2023-05-16T15:00:02.950+0000] {dag.py:2693} INFO - Sync 1 DAGs
[2023-05-16T15:00:03.051+0000] {logging_mixin.py:137} INFO - [2023-05-16T15:00:03.051+0000] {dag.py:3444} INFO - Setting next_dagrun for get_todays_games to 2023-05-15T15:00:00+00:00, run_after=2023-05-16T15:00:00+00:00
[2023-05-16T15:00:03.091+0000] {processor.py:175} INFO - Processing /opt/airflow/dags/todays_games.py took 0.453 seconds
[2023-05-16T15:00:33.371+0000] {processor.py:153} INFO - Started process (PID=489) to work on /opt/airflow/dags/todays_games.py
[2023-05-16T15:00:33.379+0000] {processor.py:743} INFO - Processing file /opt/airflow/dags/todays_games.py for tasks to queue
[2023-05-16T15:00:33.380+0000] {logging_mixin.py:137} INFO - [2023-05-16T15:00:33.379+0000] {dagbag.py:532} INFO - Filling up the DagBag from /opt/airflow/dags/todays_games.py
[2023-05-16T15:00:33.718+0000] {processor.py:753} INFO - DAG(s) dict_keys(['get_todays_games']) retrieved from /opt/airflow/dags/todays_games.py
[2023-05-16T15:00:33.784+0000] {logging_mixin.py:137} INFO - [2023-05-16T15:00:33.784+0000] {dag.py:2693} INFO - Sync 1 DAGs
[2023-05-16T15:00:33.846+0000] {logging_mixin.py:137} INFO - [2023-05-16T15:00:33.846+0000] {dag.py:3444} INFO - Setting next_dagrun for get_todays_games to 2023-05-15T15:00:00+00:00, run_after=2023-05-16T15:00:00+00:00
[2023-05-16T15:00:33.900+0000] {processor.py:175} INFO - Processing /opt/airflow/dags/todays_games.py took 0.541 seconds
[2023-05-16T15:01:04.555+0000] {processor.py:153} INFO - Started process (PID=540) to work on /opt/airflow/dags/todays_games.py
[2023-05-16T15:01:04.556+0000] {processor.py:743} INFO - Processing file /opt/airflow/dags/todays_games.py for tasks to queue
[2023-05-16T15:01:04.557+0000] {logging_mixin.py:137} INFO - [2023-05-16T15:01:04.556+0000] {dagbag.py:532} INFO - Filling up the DagBag from /opt/airflow/dags/todays_games.py
[2023-05-16T15:01:04.927+0000] {processor.py:753} INFO - DAG(s) dict_keys(['get_todays_games']) retrieved from /opt/airflow/dags/todays_games.py
[2023-05-16T15:01:05.012+0000] {logging_mixin.py:137} INFO - [2023-05-16T15:01:05.012+0000] {dag.py:2693} INFO - Sync 1 DAGs
[2023-05-16T15:01:05.078+0000] {logging_mixin.py:137} INFO - [2023-05-16T15:01:05.078+0000] {dag.py:3444} INFO - Setting next_dagrun for get_todays_games to 2023-05-15T15:00:00+00:00, run_after=2023-05-16T15:00:00+00:00
[2023-05-16T15:01:05.139+0000] {processor.py:175} INFO - Processing /opt/airflow/dags/todays_games.py took 0.596 seconds
[2023-05-16T15:01:35.745+0000] {processor.py:153} INFO - Started process (PID=591) to work on /opt/airflow/dags/todays_games.py
[2023-05-16T15:01:35.747+0000] {processor.py:743} INFO - Processing file /opt/airflow/dags/todays_games.py for tasks to queue
[2023-05-16T15:01:35.747+0000] {logging_mixin.py:137} INFO - [2023-05-16T15:01:35.747+0000] {dagbag.py:532} INFO - Filling up the DagBag from /opt/airflow/dags/todays_games.py
[2023-05-16T15:01:35.917+0000] {processor.py:753} INFO - DAG(s) dict_keys(['get_todays_games']) retrieved from /opt/airflow/dags/todays_games.py
[2023-05-16T15:01:35.951+0000] {logging_mixin.py:137} INFO - [2023-05-16T15:01:35.951+0000] {dag.py:2693} INFO - Sync 1 DAGs
[2023-05-16T15:01:35.989+0000] {logging_mixin.py:137} INFO - [2023-05-16T15:01:35.989+0000] {dag.py:3444} INFO - Setting next_dagrun for get_todays_games to 2023-05-15T15:00:00+00:00, run_after=2023-05-16T15:00:00+00:00
[2023-05-16T15:01:36.013+0000] {processor.py:175} INFO - Processing /opt/airflow/dags/todays_games.py took 0.272 seconds
[2023-05-16T15:02:06.364+0000] {processor.py:153} INFO - Started process (PID=642) to work on /opt/airflow/dags/todays_games.py
[2023-05-16T15:02:06.365+0000] {processor.py:743} INFO - Processing file /opt/airflow/dags/todays_games.py for tasks to queue
[2023-05-16T15:02:06.366+0000] {logging_mixin.py:137} INFO - [2023-05-16T15:02:06.366+0000] {dagbag.py:532} INFO - Filling up the DagBag from /opt/airflow/dags/todays_games.py
[2023-05-16T15:02:06.550+0000] {processor.py:753} INFO - DAG(s) dict_keys(['get_todays_games']) retrieved from /opt/airflow/dags/todays_games.py
[2023-05-16T15:02:06.581+0000] {logging_mixin.py:137} INFO - [2023-05-16T15:02:06.581+0000] {dag.py:2693} INFO - Sync 1 DAGs
[2023-05-16T15:02:06.615+0000] {logging_mixin.py:137} INFO - [2023-05-16T15:02:06.615+0000] {dag.py:3444} INFO - Setting next_dagrun for get_todays_games to 2023-05-15T15:00:00+00:00, run_after=2023-05-16T15:00:00+00:00
[2023-05-16T15:02:06.637+0000] {processor.py:175} INFO - Processing /opt/airflow/dags/todays_games.py took 0.276 seconds
[2023-05-16T15:02:36.874+0000] {processor.py:153} INFO - Started process (PID=693) to work on /opt/airflow/dags/todays_games.py
[2023-05-16T15:02:36.875+0000] {processor.py:743} INFO - Processing file /opt/airflow/dags/todays_games.py for tasks to queue
[2023-05-16T15:02:36.876+0000] {logging_mixin.py:137} INFO - [2023-05-16T15:02:36.876+0000] {dagbag.py:532} INFO - Filling up the DagBag from /opt/airflow/dags/todays_games.py
[2023-05-16T15:02:37.057+0000] {processor.py:753} INFO - DAG(s) dict_keys(['get_todays_games']) retrieved from /opt/airflow/dags/todays_games.py
[2023-05-16T15:02:37.088+0000] {logging_mixin.py:137} INFO - [2023-05-16T15:02:37.088+0000] {dag.py:2693} INFO - Sync 1 DAGs
[2023-05-16T15:02:37.123+0000] {logging_mixin.py:137} INFO - [2023-05-16T15:02:37.123+0000] {dag.py:3444} INFO - Setting next_dagrun for get_todays_games to 2023-05-15T15:00:00+00:00, run_after=2023-05-16T15:00:00+00:00
[2023-05-16T15:02:37.143+0000] {processor.py:175} INFO - Processing /opt/airflow/dags/todays_games.py took 0.273 seconds
[2023-05-16T15:03:07.811+0000] {processor.py:153} INFO - Started process (PID=751) to work on /opt/airflow/dags/todays_games.py
[2023-05-16T15:03:07.813+0000] {processor.py:743} INFO - Processing file /opt/airflow/dags/todays_games.py for tasks to queue
[2023-05-16T15:03:07.813+0000] {logging_mixin.py:137} INFO - [2023-05-16T15:03:07.813+0000] {dagbag.py:532} INFO - Filling up the DagBag from /opt/airflow/dags/todays_games.py
[2023-05-16T15:03:07.985+0000] {processor.py:753} INFO - DAG(s) dict_keys(['get_todays_games']) retrieved from /opt/airflow/dags/todays_games.py
[2023-05-16T15:03:08.015+0000] {logging_mixin.py:137} INFO - [2023-05-16T15:03:08.015+0000] {dag.py:2693} INFO - Sync 1 DAGs
[2023-05-16T15:03:08.051+0000] {logging_mixin.py:137} INFO - [2023-05-16T15:03:08.051+0000] {dag.py:3444} INFO - Setting next_dagrun for get_todays_games to 2023-05-15T15:00:00+00:00, run_after=2023-05-16T15:00:00+00:00
[2023-05-16T15:03:08.077+0000] {processor.py:175} INFO - Processing /opt/airflow/dags/todays_games.py took 0.269 seconds
[2023-05-16T15:03:38.265+0000] {processor.py:153} INFO - Started process (PID=802) to work on /opt/airflow/dags/todays_games.py
[2023-05-16T15:03:38.268+0000] {processor.py:743} INFO - Processing file /opt/airflow/dags/todays_games.py for tasks to queue
[2023-05-16T15:03:38.269+0000] {logging_mixin.py:137} INFO - [2023-05-16T15:03:38.269+0000] {dagbag.py:532} INFO - Filling up the DagBag from /opt/airflow/dags/todays_games.py
[2023-05-16T15:03:38.439+0000] {processor.py:753} INFO - DAG(s) dict_keys(['get_todays_games']) retrieved from /opt/airflow/dags/todays_games.py
[2023-05-16T15:03:38.474+0000] {logging_mixin.py:137} INFO - [2023-05-16T15:03:38.474+0000] {dag.py:2693} INFO - Sync 1 DAGs
[2023-05-16T15:03:38.508+0000] {logging_mixin.py:137} INFO - [2023-05-16T15:03:38.508+0000] {dag.py:3444} INFO - Setting next_dagrun for get_todays_games to 2023-05-15T15:00:00+00:00, run_after=2023-05-16T15:00:00+00:00
[2023-05-16T15:03:38.533+0000] {processor.py:175} INFO - Processing /opt/airflow/dags/todays_games.py took 0.271 seconds
[2023-05-16T15:04:08.671+0000] {processor.py:153} INFO - Started process (PID=853) to work on /opt/airflow/dags/todays_games.py
[2023-05-16T15:04:08.671+0000] {processor.py:743} INFO - Processing file /opt/airflow/dags/todays_games.py for tasks to queue
[2023-05-16T15:04:08.672+0000] {logging_mixin.py:137} INFO - [2023-05-16T15:04:08.672+0000] {dagbag.py:532} INFO - Filling up the DagBag from /opt/airflow/dags/todays_games.py
[2023-05-16T15:04:08.840+0000] {processor.py:753} INFO - DAG(s) dict_keys(['get_todays_games']) retrieved from /opt/airflow/dags/todays_games.py
[2023-05-16T15:04:08.870+0000] {logging_mixin.py:137} INFO - [2023-05-16T15:04:08.870+0000] {dag.py:2693} INFO - Sync 1 DAGs
[2023-05-16T15:04:08.905+0000] {logging_mixin.py:137} INFO - [2023-05-16T15:04:08.905+0000] {dag.py:3444} INFO - Setting next_dagrun for get_todays_games to 2023-05-15T15:00:00+00:00, run_after=2023-05-16T15:00:00+00:00
[2023-05-16T15:04:08.927+0000] {processor.py:175} INFO - Processing /opt/airflow/dags/todays_games.py took 0.260 seconds
[2023-05-16T15:04:39.280+0000] {processor.py:153} INFO - Started process (PID=905) to work on /opt/airflow/dags/todays_games.py
[2023-05-16T15:04:39.282+0000] {processor.py:743} INFO - Processing file /opt/airflow/dags/todays_games.py for tasks to queue
[2023-05-16T15:04:39.282+0000] {logging_mixin.py:137} INFO - [2023-05-16T15:04:39.282+0000] {dagbag.py:532} INFO - Filling up the DagBag from /opt/airflow/dags/todays_games.py
[2023-05-16T15:04:39.453+0000] {processor.py:753} INFO - DAG(s) dict_keys(['get_todays_games']) retrieved from /opt/airflow/dags/todays_games.py
[2023-05-16T15:04:39.489+0000] {logging_mixin.py:137} INFO - [2023-05-16T15:04:39.489+0000] {dag.py:2693} INFO - Sync 1 DAGs
[2023-05-16T15:04:39.524+0000] {logging_mixin.py:137} INFO - [2023-05-16T15:04:39.524+0000] {dag.py:3444} INFO - Setting next_dagrun for get_todays_games to 2023-05-15T15:00:00+00:00, run_after=2023-05-16T15:00:00+00:00
[2023-05-16T15:04:39.549+0000] {processor.py:175} INFO - Processing /opt/airflow/dags/todays_games.py took 0.273 seconds
[2023-05-16T15:05:09.786+0000] {processor.py:153} INFO - Started process (PID=957) to work on /opt/airflow/dags/todays_games.py
[2023-05-16T15:05:09.787+0000] {processor.py:743} INFO - Processing file /opt/airflow/dags/todays_games.py for tasks to queue
[2023-05-16T15:05:09.788+0000] {logging_mixin.py:137} INFO - [2023-05-16T15:05:09.788+0000] {dagbag.py:532} INFO - Filling up the DagBag from /opt/airflow/dags/todays_games.py
[2023-05-16T15:05:10.015+0000] {processor.py:753} INFO - DAG(s) dict_keys(['get_todays_games']) retrieved from /opt/airflow/dags/todays_games.py
[2023-05-16T15:05:10.046+0000] {logging_mixin.py:137} INFO - [2023-05-16T15:05:10.046+0000] {dag.py:2693} INFO - Sync 1 DAGs
[2023-05-16T15:05:10.085+0000] {logging_mixin.py:137} INFO - [2023-05-16T15:05:10.084+0000] {dag.py:3444} INFO - Setting next_dagrun for get_todays_games to 2023-05-15T15:00:00+00:00, run_after=2023-05-16T15:00:00+00:00
[2023-05-16T15:05:10.105+0000] {processor.py:175} INFO - Processing /opt/airflow/dags/todays_games.py took 0.323 seconds
[2023-05-16T15:05:40.356+0000] {processor.py:153} INFO - Started process (PID=1008) to work on /opt/airflow/dags/todays_games.py
[2023-05-16T15:05:40.358+0000] {processor.py:743} INFO - Processing file /opt/airflow/dags/todays_games.py for tasks to queue
[2023-05-16T15:05:40.358+0000] {logging_mixin.py:137} INFO - [2023-05-16T15:05:40.358+0000] {dagbag.py:532} INFO - Filling up the DagBag from /opt/airflow/dags/todays_games.py
[2023-05-16T15:05:40.528+0000] {processor.py:753} INFO - DAG(s) dict_keys(['get_todays_games']) retrieved from /opt/airflow/dags/todays_games.py
[2023-05-16T15:05:40.576+0000] {logging_mixin.py:137} INFO - [2023-05-16T15:05:40.576+0000] {dag.py:2693} INFO - Sync 1 DAGs
[2023-05-16T15:05:40.609+0000] {logging_mixin.py:137} INFO - [2023-05-16T15:05:40.609+0000] {dag.py:3444} INFO - Setting next_dagrun for get_todays_games to 2023-05-15T15:00:00+00:00, run_after=2023-05-16T15:00:00+00:00
[2023-05-16T15:05:40.632+0000] {processor.py:175} INFO - Processing /opt/airflow/dags/todays_games.py took 0.279 seconds
[2023-05-16T15:06:10.855+0000] {processor.py:153} INFO - Started process (PID=1059) to work on /opt/airflow/dags/todays_games.py
[2023-05-16T15:06:10.856+0000] {processor.py:743} INFO - Processing file /opt/airflow/dags/todays_games.py for tasks to queue
[2023-05-16T15:06:10.856+0000] {logging_mixin.py:137} INFO - [2023-05-16T15:06:10.856+0000] {dagbag.py:532} INFO - Filling up the DagBag from /opt/airflow/dags/todays_games.py
[2023-05-16T15:06:11.032+0000] {processor.py:753} INFO - DAG(s) dict_keys(['get_todays_games']) retrieved from /opt/airflow/dags/todays_games.py
[2023-05-16T15:06:11.064+0000] {logging_mixin.py:137} INFO - [2023-05-16T15:06:11.063+0000] {dag.py:2693} INFO - Sync 1 DAGs
[2023-05-16T15:06:11.100+0000] {logging_mixin.py:137} INFO - [2023-05-16T15:06:11.100+0000] {dag.py:3444} INFO - Setting next_dagrun for get_todays_games to 2023-05-15T15:00:00+00:00, run_after=2023-05-16T15:00:00+00:00
[2023-05-16T15:06:11.129+0000] {processor.py:175} INFO - Processing /opt/airflow/dags/todays_games.py took 0.278 seconds
[2023-05-16T15:06:41.374+0000] {processor.py:153} INFO - Started process (PID=1110) to work on /opt/airflow/dags/todays_games.py
[2023-05-16T15:06:41.376+0000] {processor.py:743} INFO - Processing file /opt/airflow/dags/todays_games.py for tasks to queue
[2023-05-16T15:06:41.377+0000] {logging_mixin.py:137} INFO - [2023-05-16T15:06:41.376+0000] {dagbag.py:532} INFO - Filling up the DagBag from /opt/airflow/dags/todays_games.py
[2023-05-16T15:06:41.733+0000] {processor.py:753} INFO - DAG(s) dict_keys(['get_todays_games']) retrieved from /opt/airflow/dags/todays_games.py
[2023-05-16T15:06:41.787+0000] {logging_mixin.py:137} INFO - [2023-05-16T15:06:41.787+0000] {dag.py:2693} INFO - Sync 1 DAGs
[2023-05-16T15:06:41.855+0000] {logging_mixin.py:137} INFO - [2023-05-16T15:06:41.854+0000] {dag.py:3444} INFO - Setting next_dagrun for get_todays_games to 2023-05-15T15:00:00+00:00, run_after=2023-05-16T15:00:00+00:00
[2023-05-16T15:06:41.925+0000] {processor.py:175} INFO - Processing /opt/airflow/dags/todays_games.py took 0.562 seconds
[2023-05-16T15:07:11.947+0000] {processor.py:153} INFO - Started process (PID=1163) to work on /opt/airflow/dags/todays_games.py
[2023-05-16T15:07:11.949+0000] {processor.py:743} INFO - Processing file /opt/airflow/dags/todays_games.py for tasks to queue
[2023-05-16T15:07:11.949+0000] {logging_mixin.py:137} INFO - [2023-05-16T15:07:11.949+0000] {dagbag.py:532} INFO - Filling up the DagBag from /opt/airflow/dags/todays_games.py
[2023-05-16T15:07:12.112+0000] {processor.py:753} INFO - DAG(s) dict_keys(['get_todays_games']) retrieved from /opt/airflow/dags/todays_games.py
[2023-05-16T15:07:12.145+0000] {logging_mixin.py:137} INFO - [2023-05-16T15:07:12.145+0000] {dag.py:2693} INFO - Sync 1 DAGs
[2023-05-16T15:07:12.180+0000] {logging_mixin.py:137} INFO - [2023-05-16T15:07:12.179+0000] {dag.py:3444} INFO - Setting next_dagrun for get_todays_games to 2023-05-15T15:00:00+00:00, run_after=2023-05-16T15:00:00+00:00
[2023-05-16T15:07:12.202+0000] {processor.py:175} INFO - Processing /opt/airflow/dags/todays_games.py took 0.258 seconds
[2023-05-16T15:07:43.004+0000] {processor.py:153} INFO - Started process (PID=1215) to work on /opt/airflow/dags/todays_games.py
[2023-05-16T15:07:43.005+0000] {processor.py:743} INFO - Processing file /opt/airflow/dags/todays_games.py for tasks to queue
[2023-05-16T15:07:43.006+0000] {logging_mixin.py:137} INFO - [2023-05-16T15:07:43.006+0000] {dagbag.py:532} INFO - Filling up the DagBag from /opt/airflow/dags/todays_games.py
[2023-05-16T15:07:43.183+0000] {processor.py:753} INFO - DAG(s) dict_keys(['get_todays_games']) retrieved from /opt/airflow/dags/todays_games.py
[2023-05-16T15:07:43.218+0000] {logging_mixin.py:137} INFO - [2023-05-16T15:07:43.217+0000] {dag.py:2693} INFO - Sync 1 DAGs
[2023-05-16T15:07:43.252+0000] {logging_mixin.py:137} INFO - [2023-05-16T15:07:43.252+0000] {dag.py:3444} INFO - Setting next_dagrun for get_todays_games to 2023-05-15T15:00:00+00:00, run_after=2023-05-16T15:00:00+00:00
[2023-05-16T15:07:43.272+0000] {processor.py:175} INFO - Processing /opt/airflow/dags/todays_games.py took 0.273 seconds
[2023-05-16T15:08:13.972+0000] {processor.py:153} INFO - Started process (PID=1267) to work on /opt/airflow/dags/todays_games.py
[2023-05-16T15:08:13.972+0000] {processor.py:743} INFO - Processing file /opt/airflow/dags/todays_games.py for tasks to queue
[2023-05-16T15:08:13.973+0000] {logging_mixin.py:137} INFO - [2023-05-16T15:08:13.973+0000] {dagbag.py:532} INFO - Filling up the DagBag from /opt/airflow/dags/todays_games.py
[2023-05-16T15:08:14.375+0000] {processor.py:753} INFO - DAG(s) dict_keys(['get_todays_games']) retrieved from /opt/airflow/dags/todays_games.py
[2023-05-16T15:08:14.448+0000] {logging_mixin.py:137} INFO - [2023-05-16T15:08:14.448+0000] {dag.py:2693} INFO - Sync 1 DAGs
[2023-05-16T15:08:14.511+0000] {logging_mixin.py:137} INFO - [2023-05-16T15:08:14.511+0000] {dag.py:3444} INFO - Setting next_dagrun for get_todays_games to 2023-05-15T15:00:00+00:00, run_after=2023-05-16T15:00:00+00:00
[2023-05-16T15:08:14.540+0000] {processor.py:175} INFO - Processing /opt/airflow/dags/todays_games.py took 0.572 seconds
[2023-05-16T15:08:45.358+0000] {processor.py:153} INFO - Started process (PID=1319) to work on /opt/airflow/dags/todays_games.py
[2023-05-16T15:08:45.359+0000] {processor.py:743} INFO - Processing file /opt/airflow/dags/todays_games.py for tasks to queue
[2023-05-16T15:08:45.360+0000] {logging_mixin.py:137} INFO - [2023-05-16T15:08:45.360+0000] {dagbag.py:532} INFO - Filling up the DagBag from /opt/airflow/dags/todays_games.py
[2023-05-16T15:08:45.710+0000] {processor.py:753} INFO - DAG(s) dict_keys(['get_todays_games']) retrieved from /opt/airflow/dags/todays_games.py
[2023-05-16T15:08:45.770+0000] {logging_mixin.py:137} INFO - [2023-05-16T15:08:45.770+0000] {dag.py:2693} INFO - Sync 1 DAGs
[2023-05-16T15:08:45.831+0000] {logging_mixin.py:137} INFO - [2023-05-16T15:08:45.831+0000] {dag.py:3444} INFO - Setting next_dagrun for get_todays_games to 2023-05-15T15:00:00+00:00, run_after=2023-05-16T15:00:00+00:00
[2023-05-16T15:08:45.886+0000] {processor.py:175} INFO - Processing /opt/airflow/dags/todays_games.py took 0.536 seconds
[2023-05-16T15:09:16.654+0000] {processor.py:153} INFO - Started process (PID=1371) to work on /opt/airflow/dags/todays_games.py
[2023-05-16T15:09:16.655+0000] {processor.py:743} INFO - Processing file /opt/airflow/dags/todays_games.py for tasks to queue
[2023-05-16T15:09:16.655+0000] {logging_mixin.py:137} INFO - [2023-05-16T15:09:16.655+0000] {dagbag.py:532} INFO - Filling up the DagBag from /opt/airflow/dags/todays_games.py
[2023-05-16T15:09:16.823+0000] {processor.py:753} INFO - DAG(s) dict_keys(['get_todays_games']) retrieved from /opt/airflow/dags/todays_games.py
[2023-05-16T15:09:16.853+0000] {logging_mixin.py:137} INFO - [2023-05-16T15:09:16.853+0000] {dag.py:2693} INFO - Sync 1 DAGs
[2023-05-16T15:09:16.885+0000] {logging_mixin.py:137} INFO - [2023-05-16T15:09:16.885+0000] {dag.py:3444} INFO - Setting next_dagrun for get_todays_games to 2023-05-15T15:00:00+00:00, run_after=2023-05-16T15:00:00+00:00
[2023-05-16T15:09:16.906+0000] {processor.py:175} INFO - Processing /opt/airflow/dags/todays_games.py took 0.256 seconds
[2023-05-16T15:09:47.497+0000] {processor.py:153} INFO - Started process (PID=1422) to work on /opt/airflow/dags/todays_games.py
[2023-05-16T15:09:47.499+0000] {processor.py:743} INFO - Processing file /opt/airflow/dags/todays_games.py for tasks to queue
[2023-05-16T15:09:47.500+0000] {logging_mixin.py:137} INFO - [2023-05-16T15:09:47.500+0000] {dagbag.py:532} INFO - Filling up the DagBag from /opt/airflow/dags/todays_games.py
[2023-05-16T15:09:47.678+0000] {processor.py:753} INFO - DAG(s) dict_keys(['get_todays_games']) retrieved from /opt/airflow/dags/todays_games.py
[2023-05-16T15:09:47.707+0000] {logging_mixin.py:137} INFO - [2023-05-16T15:09:47.707+0000] {dag.py:2693} INFO - Sync 1 DAGs
[2023-05-16T15:09:47.740+0000] {logging_mixin.py:137} INFO - [2023-05-16T15:09:47.740+0000] {dag.py:3444} INFO - Setting next_dagrun for get_todays_games to 2023-05-15T15:00:00+00:00, run_after=2023-05-16T15:00:00+00:00
[2023-05-16T15:09:47.765+0000] {processor.py:175} INFO - Processing /opt/airflow/dags/todays_games.py took 0.272 seconds
[2023-05-16T15:10:18.208+0000] {processor.py:153} INFO - Started process (PID=1473) to work on /opt/airflow/dags/todays_games.py
[2023-05-16T15:10:18.209+0000] {processor.py:743} INFO - Processing file /opt/airflow/dags/todays_games.py for tasks to queue
[2023-05-16T15:10:18.210+0000] {logging_mixin.py:137} INFO - [2023-05-16T15:10:18.210+0000] {dagbag.py:532} INFO - Filling up the DagBag from /opt/airflow/dags/todays_games.py
[2023-05-16T15:10:18.383+0000] {processor.py:753} INFO - DAG(s) dict_keys(['get_todays_games']) retrieved from /opt/airflow/dags/todays_games.py
[2023-05-16T15:10:18.414+0000] {logging_mixin.py:137} INFO - [2023-05-16T15:10:18.414+0000] {dag.py:2693} INFO - Sync 1 DAGs
[2023-05-16T15:10:18.451+0000] {logging_mixin.py:137} INFO - [2023-05-16T15:10:18.451+0000] {dag.py:3444} INFO - Setting next_dagrun for get_todays_games to 2023-05-15T15:00:00+00:00, run_after=2023-05-16T15:00:00+00:00
[2023-05-16T15:10:18.479+0000] {processor.py:175} INFO - Processing /opt/airflow/dags/todays_games.py took 0.274 seconds
