[2023-05-21T22:05:38.400+0000] {taskinstance.py:1084} INFO - Dependencies all met for dep_context=non-requeueable deps ti=<TaskInstance: get_todays_gamesv3.scrape_prob_task manual__2023-05-21T22:05:26.659413+00:00 [queued]>
[2023-05-21T22:05:38.414+0000] {taskinstance.py:1084} INFO - Dependencies all met for dep_context=requeueable deps ti=<TaskInstance: get_todays_gamesv3.scrape_prob_task manual__2023-05-21T22:05:26.659413+00:00 [queued]>
[2023-05-21T22:05:38.414+0000] {taskinstance.py:1282} INFO - 
--------------------------------------------------------------------------------
[2023-05-21T22:05:38.415+0000] {taskinstance.py:1283} INFO - Starting attempt 1 of 1
[2023-05-21T22:05:38.415+0000] {taskinstance.py:1284} INFO - 
--------------------------------------------------------------------------------
[2023-05-21T22:05:38.440+0000] {taskinstance.py:1303} INFO - Executing <Task(PythonOperator): scrape_prob_task> on 2023-05-21 22:05:26.659413+00:00
[2023-05-21T22:05:38.453+0000] {standard_task_runner.py:55} INFO - Started process 1399 to run task
[2023-05-21T22:05:38.464+0000] {standard_task_runner.py:82} INFO - Running: ['***', 'tasks', 'run', 'get_todays_gamesv3', 'scrape_prob_task', 'manual__2023-05-21T22:05:26.659413+00:00', '--job-id', '297', '--raw', '--subdir', 'DAGS_FOLDER/todays_gamesv3.py', '--cfg-path', '/tmp/tmpyalp53zn']
[2023-05-21T22:05:38.464+0000] {standard_task_runner.py:83} INFO - Job 297: Subtask scrape_prob_task
[2023-05-21T22:05:38.590+0000] {task_command.py:388} INFO - Running <TaskInstance: get_todays_gamesv3.scrape_prob_task manual__2023-05-21T22:05:26.659413+00:00 [running]> on host b03c83f459ca
[2023-05-21T22:05:38.695+0000] {taskinstance.py:1511} INFO - Exporting the following env vars:
AIRFLOW_CTX_DAG_OWNER=***
AIRFLOW_CTX_DAG_ID=get_todays_gamesv3
AIRFLOW_CTX_TASK_ID=scrape_prob_task
AIRFLOW_CTX_EXECUTION_DATE=2023-05-21T22:05:26.659413+00:00
AIRFLOW_CTX_TRY_NUMBER=1
AIRFLOW_CTX_DAG_RUN_ID=manual__2023-05-21T22:05:26.659413+00:00
[2023-05-21T22:05:39.814+0000] {logging_mixin.py:137} INFO - Win Prob 63%
[2023-05-21T22:05:39.830+0000] {python.py:177} INFO - Done. Returned value was: None
[2023-05-21T22:05:39.841+0000] {taskinstance.py:1326} INFO - Marking task as SUCCESS. dag_id=get_todays_gamesv3, task_id=scrape_prob_task, execution_date=20230521T220526, start_date=20230521T220538, end_date=20230521T220539
[2023-05-21T22:05:39.869+0000] {local_task_job.py:212} INFO - Task exited with return code 0
[2023-05-21T22:05:39.909+0000] {taskinstance.py:2585} INFO - 0 downstream tasks scheduled from follow-on schedule check
