[2023-05-28T14:55:57.339+0000] {processor.py:153} INFO - Started process (PID=32) to work on /opt/airflow/dags/game_alert.py
[2023-05-28T14:55:57.339+0000] {processor.py:743} INFO - Processing file /opt/airflow/dags/game_alert.py for tasks to queue
[2023-05-28T14:55:57.340+0000] {logging_mixin.py:137} INFO - [2023-05-28T14:55:57.340+0000] {dagbag.py:532} INFO - Filling up the DagBag from /opt/airflow/dags/game_alert.py
[2023-05-28T14:55:58.219+0000] {processor.py:753} INFO - DAG(s) dict_keys(['game_alert']) retrieved from /opt/airflow/dags/game_alert.py
[2023-05-28T14:55:58.286+0000] {logging_mixin.py:137} INFO - [2023-05-28T14:55:58.285+0000] {dag.py:2693} INFO - Sync 1 DAGs
[2023-05-28T14:55:58.363+0000] {logging_mixin.py:137} INFO - [2023-05-28T14:55:58.363+0000] {dag.py:3444} INFO - Setting next_dagrun for game_alert to 2023-05-27T15:00:00+00:00, run_after=2023-05-28T15:00:00+00:00
[2023-05-28T14:55:58.406+0000] {processor.py:175} INFO - Processing /opt/airflow/dags/game_alert.py took 1.079 seconds
[2023-05-28T14:56:29.356+0000] {processor.py:153} INFO - Started process (PID=83) to work on /opt/airflow/dags/game_alert.py
[2023-05-28T14:56:29.358+0000] {processor.py:743} INFO - Processing file /opt/airflow/dags/game_alert.py for tasks to queue
[2023-05-28T14:56:29.358+0000] {logging_mixin.py:137} INFO - [2023-05-28T14:56:29.358+0000] {dagbag.py:532} INFO - Filling up the DagBag from /opt/airflow/dags/game_alert.py
[2023-05-28T14:56:29.650+0000] {processor.py:753} INFO - DAG(s) dict_keys(['game_alert']) retrieved from /opt/airflow/dags/game_alert.py
[2023-05-28T14:56:29.684+0000] {logging_mixin.py:137} INFO - [2023-05-28T14:56:29.684+0000] {dag.py:2693} INFO - Sync 1 DAGs
[2023-05-28T14:56:29.733+0000] {logging_mixin.py:137} INFO - [2023-05-28T14:56:29.732+0000] {dag.py:3444} INFO - Setting next_dagrun for game_alert to 2023-05-27T15:00:00+00:00, run_after=2023-05-28T15:00:00+00:00
[2023-05-28T14:56:29.758+0000] {processor.py:175} INFO - Processing /opt/airflow/dags/game_alert.py took 0.406 seconds
[2023-05-28T14:56:59.873+0000] {processor.py:153} INFO - Started process (PID=134) to work on /opt/airflow/dags/game_alert.py
[2023-05-28T14:56:59.874+0000] {processor.py:743} INFO - Processing file /opt/airflow/dags/game_alert.py for tasks to queue
[2023-05-28T14:56:59.875+0000] {logging_mixin.py:137} INFO - [2023-05-28T14:56:59.875+0000] {dagbag.py:532} INFO - Filling up the DagBag from /opt/airflow/dags/game_alert.py
[2023-05-28T14:57:00.165+0000] {processor.py:753} INFO - DAG(s) dict_keys(['game_alert']) retrieved from /opt/airflow/dags/game_alert.py
[2023-05-28T14:57:00.196+0000] {logging_mixin.py:137} INFO - [2023-05-28T14:57:00.195+0000] {dag.py:2693} INFO - Sync 1 DAGs
[2023-05-28T14:57:00.230+0000] {logging_mixin.py:137} INFO - [2023-05-28T14:57:00.230+0000] {dag.py:3444} INFO - Setting next_dagrun for game_alert to 2023-05-27T15:00:00+00:00, run_after=2023-05-28T15:00:00+00:00
[2023-05-28T14:57:00.254+0000] {processor.py:175} INFO - Processing /opt/airflow/dags/game_alert.py took 0.386 seconds
[2023-05-28T14:57:30.676+0000] {processor.py:153} INFO - Started process (PID=184) to work on /opt/airflow/dags/game_alert.py
[2023-05-28T14:57:30.677+0000] {processor.py:743} INFO - Processing file /opt/airflow/dags/game_alert.py for tasks to queue
[2023-05-28T14:57:30.678+0000] {logging_mixin.py:137} INFO - [2023-05-28T14:57:30.678+0000] {dagbag.py:532} INFO - Filling up the DagBag from /opt/airflow/dags/game_alert.py
[2023-05-28T14:57:30.949+0000] {processor.py:753} INFO - DAG(s) dict_keys(['game_alert']) retrieved from /opt/airflow/dags/game_alert.py
[2023-05-28T14:57:30.980+0000] {logging_mixin.py:137} INFO - [2023-05-28T14:57:30.979+0000] {dag.py:2693} INFO - Sync 1 DAGs
[2023-05-28T14:57:31.174+0000] {logging_mixin.py:137} INFO - [2023-05-28T14:57:31.174+0000] {dag.py:3444} INFO - Setting next_dagrun for game_alert to 2023-05-27T15:00:00+00:00, run_after=2023-05-28T15:00:00+00:00
[2023-05-28T14:57:31.193+0000] {processor.py:175} INFO - Processing /opt/airflow/dags/game_alert.py took 0.521 seconds
[2023-05-28T14:58:01.309+0000] {processor.py:153} INFO - Started process (PID=235) to work on /opt/airflow/dags/game_alert.py
[2023-05-28T14:58:01.310+0000] {processor.py:743} INFO - Processing file /opt/airflow/dags/game_alert.py for tasks to queue
[2023-05-28T14:58:01.311+0000] {logging_mixin.py:137} INFO - [2023-05-28T14:58:01.311+0000] {dagbag.py:532} INFO - Filling up the DagBag from /opt/airflow/dags/game_alert.py
[2023-05-28T14:58:01.595+0000] {processor.py:753} INFO - DAG(s) dict_keys(['game_alert']) retrieved from /opt/airflow/dags/game_alert.py
[2023-05-28T14:58:01.630+0000] {logging_mixin.py:137} INFO - [2023-05-28T14:58:01.629+0000] {dag.py:2693} INFO - Sync 1 DAGs
[2023-05-28T14:58:01.835+0000] {logging_mixin.py:137} INFO - [2023-05-28T14:58:01.835+0000] {dag.py:3444} INFO - Setting next_dagrun for game_alert to 2023-05-27T15:00:00+00:00, run_after=2023-05-28T15:00:00+00:00
[2023-05-28T14:58:01.857+0000] {processor.py:175} INFO - Processing /opt/airflow/dags/game_alert.py took 0.552 seconds
[2023-05-28T14:58:31.974+0000] {processor.py:153} INFO - Started process (PID=288) to work on /opt/airflow/dags/game_alert.py
[2023-05-28T14:58:31.975+0000] {processor.py:743} INFO - Processing file /opt/airflow/dags/game_alert.py for tasks to queue
[2023-05-28T14:58:31.976+0000] {logging_mixin.py:137} INFO - [2023-05-28T14:58:31.976+0000] {dagbag.py:532} INFO - Filling up the DagBag from /opt/airflow/dags/game_alert.py
[2023-05-28T14:58:32.260+0000] {processor.py:753} INFO - DAG(s) dict_keys(['game_alert']) retrieved from /opt/airflow/dags/game_alert.py
[2023-05-28T14:58:32.292+0000] {logging_mixin.py:137} INFO - [2023-05-28T14:58:32.292+0000] {dag.py:2693} INFO - Sync 1 DAGs
[2023-05-28T14:58:32.328+0000] {logging_mixin.py:137} INFO - [2023-05-28T14:58:32.328+0000] {dag.py:3444} INFO - Setting next_dagrun for game_alert to 2023-05-27T15:00:00+00:00, run_after=2023-05-28T15:00:00+00:00
[2023-05-28T14:58:32.348+0000] {processor.py:175} INFO - Processing /opt/airflow/dags/game_alert.py took 0.378 seconds
[2023-05-28T14:59:02.499+0000] {processor.py:153} INFO - Started process (PID=341) to work on /opt/airflow/dags/game_alert.py
[2023-05-28T14:59:02.501+0000] {processor.py:743} INFO - Processing file /opt/airflow/dags/game_alert.py for tasks to queue
[2023-05-28T14:59:02.501+0000] {logging_mixin.py:137} INFO - [2023-05-28T14:59:02.501+0000] {dagbag.py:532} INFO - Filling up the DagBag from /opt/airflow/dags/game_alert.py
[2023-05-28T14:59:02.788+0000] {processor.py:753} INFO - DAG(s) dict_keys(['game_alert']) retrieved from /opt/airflow/dags/game_alert.py
[2023-05-28T14:59:02.820+0000] {logging_mixin.py:137} INFO - [2023-05-28T14:59:02.819+0000] {dag.py:2693} INFO - Sync 1 DAGs
[2023-05-28T14:59:02.855+0000] {logging_mixin.py:137} INFO - [2023-05-28T14:59:02.855+0000] {dag.py:3444} INFO - Setting next_dagrun for game_alert to 2023-05-27T15:00:00+00:00, run_after=2023-05-28T15:00:00+00:00
[2023-05-28T14:59:02.891+0000] {processor.py:175} INFO - Processing /opt/airflow/dags/game_alert.py took 0.395 seconds
[2023-05-28T14:59:33.066+0000] {processor.py:153} INFO - Started process (PID=394) to work on /opt/airflow/dags/game_alert.py
[2023-05-28T14:59:33.066+0000] {processor.py:743} INFO - Processing file /opt/airflow/dags/game_alert.py for tasks to queue
[2023-05-28T14:59:33.067+0000] {logging_mixin.py:137} INFO - [2023-05-28T14:59:33.067+0000] {dagbag.py:532} INFO - Filling up the DagBag from /opt/airflow/dags/game_alert.py
[2023-05-28T14:59:33.353+0000] {processor.py:753} INFO - DAG(s) dict_keys(['game_alert']) retrieved from /opt/airflow/dags/game_alert.py
[2023-05-28T14:59:33.387+0000] {logging_mixin.py:137} INFO - [2023-05-28T14:59:33.386+0000] {dag.py:2693} INFO - Sync 1 DAGs
[2023-05-28T14:59:33.596+0000] {logging_mixin.py:137} INFO - [2023-05-28T14:59:33.596+0000] {dag.py:3444} INFO - Setting next_dagrun for game_alert to 2023-05-27T15:00:00+00:00, run_after=2023-05-28T15:00:00+00:00
[2023-05-28T14:59:33.615+0000] {processor.py:175} INFO - Processing /opt/airflow/dags/game_alert.py took 0.555 seconds
[2023-05-28T15:00:04.471+0000] {processor.py:153} INFO - Started process (PID=447) to work on /opt/airflow/dags/game_alert.py
[2023-05-28T15:00:04.474+0000] {processor.py:743} INFO - Processing file /opt/airflow/dags/game_alert.py for tasks to queue
[2023-05-28T15:00:04.475+0000] {logging_mixin.py:137} INFO - [2023-05-28T15:00:04.475+0000] {dagbag.py:532} INFO - Filling up the DagBag from /opt/airflow/dags/game_alert.py
[2023-05-28T15:00:04.761+0000] {processor.py:753} INFO - DAG(s) dict_keys(['game_alert']) retrieved from /opt/airflow/dags/game_alert.py
[2023-05-28T15:00:04.798+0000] {logging_mixin.py:137} INFO - [2023-05-28T15:00:04.798+0000] {dag.py:2693} INFO - Sync 1 DAGs
[2023-05-28T15:00:04.833+0000] {logging_mixin.py:137} INFO - [2023-05-28T15:00:04.833+0000] {dag.py:3444} INFO - Setting next_dagrun for game_alert to 2023-05-27T15:00:00+00:00, run_after=2023-05-28T15:00:00+00:00
[2023-05-28T15:00:04.852+0000] {processor.py:175} INFO - Processing /opt/airflow/dags/game_alert.py took 0.385 seconds
[2023-05-28T15:00:36.160+0000] {processor.py:153} INFO - Started process (PID=497) to work on /opt/airflow/dags/game_alert.py
[2023-05-28T15:00:36.161+0000] {processor.py:743} INFO - Processing file /opt/airflow/dags/game_alert.py for tasks to queue
[2023-05-28T15:00:36.162+0000] {logging_mixin.py:137} INFO - [2023-05-28T15:00:36.162+0000] {dagbag.py:532} INFO - Filling up the DagBag from /opt/airflow/dags/game_alert.py
[2023-05-28T15:00:36.659+0000] {processor.py:753} INFO - DAG(s) dict_keys(['game_alert']) retrieved from /opt/airflow/dags/game_alert.py
[2023-05-28T15:00:36.693+0000] {logging_mixin.py:137} INFO - [2023-05-28T15:00:36.692+0000] {dag.py:2693} INFO - Sync 1 DAGs
[2023-05-28T15:00:36.729+0000] {logging_mixin.py:137} INFO - [2023-05-28T15:00:36.729+0000] {dag.py:3444} INFO - Setting next_dagrun for game_alert to 2023-05-27T15:00:00+00:00, run_after=2023-05-28T15:00:00+00:00
[2023-05-28T15:00:36.761+0000] {processor.py:175} INFO - Processing /opt/airflow/dags/game_alert.py took 0.605 seconds
[2023-05-28T15:01:07.467+0000] {processor.py:153} INFO - Started process (PID=548) to work on /opt/airflow/dags/game_alert.py
[2023-05-28T15:01:07.470+0000] {processor.py:743} INFO - Processing file /opt/airflow/dags/game_alert.py for tasks to queue
[2023-05-28T15:01:07.470+0000] {logging_mixin.py:137} INFO - [2023-05-28T15:01:07.470+0000] {dagbag.py:532} INFO - Filling up the DagBag from /opt/airflow/dags/game_alert.py
[2023-05-28T15:01:08.015+0000] {processor.py:753} INFO - DAG(s) dict_keys(['game_alert']) retrieved from /opt/airflow/dags/game_alert.py
[2023-05-28T15:01:08.061+0000] {logging_mixin.py:137} INFO - [2023-05-28T15:01:08.060+0000] {dag.py:2693} INFO - Sync 1 DAGs
[2023-05-28T15:01:08.565+0000] {logging_mixin.py:137} INFO - [2023-05-28T15:01:08.564+0000] {dag.py:3444} INFO - Setting next_dagrun for game_alert to 2023-05-27T15:00:00+00:00, run_after=2023-05-28T15:00:00+00:00
[2023-05-28T15:01:08.622+0000] {processor.py:175} INFO - Processing /opt/airflow/dags/game_alert.py took 1.165 seconds
[2023-05-28T15:01:38.732+0000] {processor.py:153} INFO - Started process (PID=609) to work on /opt/airflow/dags/game_alert.py
[2023-05-28T15:01:38.733+0000] {processor.py:743} INFO - Processing file /opt/airflow/dags/game_alert.py for tasks to queue
[2023-05-28T15:01:38.734+0000] {logging_mixin.py:137} INFO - [2023-05-28T15:01:38.734+0000] {dagbag.py:532} INFO - Filling up the DagBag from /opt/airflow/dags/game_alert.py
[2023-05-28T15:01:38.999+0000] {processor.py:753} INFO - DAG(s) dict_keys(['game_alert']) retrieved from /opt/airflow/dags/game_alert.py
[2023-05-28T15:01:39.035+0000] {logging_mixin.py:137} INFO - [2023-05-28T15:01:39.035+0000] {dag.py:2693} INFO - Sync 1 DAGs
[2023-05-28T15:01:39.236+0000] {logging_mixin.py:137} INFO - [2023-05-28T15:01:39.236+0000] {dag.py:3444} INFO - Setting next_dagrun for game_alert to 2023-05-27T15:00:00+00:00, run_after=2023-05-28T15:00:00+00:00
[2023-05-28T15:01:39.258+0000] {processor.py:175} INFO - Processing /opt/airflow/dags/game_alert.py took 0.530 seconds
[2023-05-28T15:02:09.286+0000] {processor.py:153} INFO - Started process (PID=660) to work on /opt/airflow/dags/game_alert.py
[2023-05-28T15:02:09.287+0000] {processor.py:743} INFO - Processing file /opt/airflow/dags/game_alert.py for tasks to queue
[2023-05-28T15:02:09.288+0000] {logging_mixin.py:137} INFO - [2023-05-28T15:02:09.288+0000] {dagbag.py:532} INFO - Filling up the DagBag from /opt/airflow/dags/game_alert.py
[2023-05-28T15:02:09.555+0000] {processor.py:753} INFO - DAG(s) dict_keys(['game_alert']) retrieved from /opt/airflow/dags/game_alert.py
[2023-05-28T15:02:09.587+0000] {logging_mixin.py:137} INFO - [2023-05-28T15:02:09.587+0000] {dag.py:2693} INFO - Sync 1 DAGs
[2023-05-28T15:02:09.622+0000] {logging_mixin.py:137} INFO - [2023-05-28T15:02:09.621+0000] {dag.py:3444} INFO - Setting next_dagrun for game_alert to 2023-05-27T15:00:00+00:00, run_after=2023-05-28T15:00:00+00:00
[2023-05-28T15:02:09.642+0000] {processor.py:175} INFO - Processing /opt/airflow/dags/game_alert.py took 0.360 seconds
[2023-05-28T15:02:39.731+0000] {processor.py:153} INFO - Started process (PID=712) to work on /opt/airflow/dags/game_alert.py
[2023-05-28T15:02:39.733+0000] {processor.py:743} INFO - Processing file /opt/airflow/dags/game_alert.py for tasks to queue
[2023-05-28T15:02:39.733+0000] {logging_mixin.py:137} INFO - [2023-05-28T15:02:39.733+0000] {dagbag.py:532} INFO - Filling up the DagBag from /opt/airflow/dags/game_alert.py
[2023-05-28T15:02:40.006+0000] {processor.py:753} INFO - DAG(s) dict_keys(['game_alert']) retrieved from /opt/airflow/dags/game_alert.py
[2023-05-28T15:02:40.039+0000] {logging_mixin.py:137} INFO - [2023-05-28T15:02:40.039+0000] {dag.py:2693} INFO - Sync 1 DAGs
[2023-05-28T15:02:40.075+0000] {logging_mixin.py:137} INFO - [2023-05-28T15:02:40.075+0000] {dag.py:3444} INFO - Setting next_dagrun for game_alert to 2023-05-27T15:00:00+00:00, run_after=2023-05-28T15:00:00+00:00
[2023-05-28T15:02:40.261+0000] {processor.py:175} INFO - Processing /opt/airflow/dags/game_alert.py took 0.539 seconds
[2023-05-28T15:03:10.641+0000] {processor.py:153} INFO - Started process (PID=763) to work on /opt/airflow/dags/game_alert.py
[2023-05-28T15:03:10.642+0000] {processor.py:743} INFO - Processing file /opt/airflow/dags/game_alert.py for tasks to queue
[2023-05-28T15:03:10.643+0000] {logging_mixin.py:137} INFO - [2023-05-28T15:03:10.642+0000] {dagbag.py:532} INFO - Filling up the DagBag from /opt/airflow/dags/game_alert.py
[2023-05-28T15:03:10.927+0000] {processor.py:753} INFO - DAG(s) dict_keys(['game_alert']) retrieved from /opt/airflow/dags/game_alert.py
[2023-05-28T15:03:10.959+0000] {logging_mixin.py:137} INFO - [2023-05-28T15:03:10.958+0000] {dag.py:2693} INFO - Sync 1 DAGs
[2023-05-28T15:03:11.156+0000] {logging_mixin.py:137} INFO - [2023-05-28T15:03:11.156+0000] {dag.py:3444} INFO - Setting next_dagrun for game_alert to 2023-05-27T15:00:00+00:00, run_after=2023-05-28T15:00:00+00:00
[2023-05-28T15:03:11.177+0000] {processor.py:175} INFO - Processing /opt/airflow/dags/game_alert.py took 0.543 seconds
[2023-05-28T15:03:41.507+0000] {processor.py:153} INFO - Started process (PID=816) to work on /opt/airflow/dags/game_alert.py
[2023-05-28T15:03:41.509+0000] {processor.py:743} INFO - Processing file /opt/airflow/dags/game_alert.py for tasks to queue
[2023-05-28T15:03:41.509+0000] {logging_mixin.py:137} INFO - [2023-05-28T15:03:41.509+0000] {dagbag.py:532} INFO - Filling up the DagBag from /opt/airflow/dags/game_alert.py
[2023-05-28T15:03:41.779+0000] {processor.py:753} INFO - DAG(s) dict_keys(['game_alert']) retrieved from /opt/airflow/dags/game_alert.py
[2023-05-28T15:03:41.814+0000] {logging_mixin.py:137} INFO - [2023-05-28T15:03:41.814+0000] {dag.py:2693} INFO - Sync 1 DAGs
[2023-05-28T15:03:41.849+0000] {logging_mixin.py:137} INFO - [2023-05-28T15:03:41.849+0000] {dag.py:3444} INFO - Setting next_dagrun for game_alert to 2023-05-27T15:00:00+00:00, run_after=2023-05-28T15:00:00+00:00
[2023-05-28T15:03:41.870+0000] {processor.py:175} INFO - Processing /opt/airflow/dags/game_alert.py took 0.367 seconds
[2023-05-28T15:04:12.058+0000] {processor.py:153} INFO - Started process (PID=868) to work on /opt/airflow/dags/game_alert.py
[2023-05-28T15:04:12.059+0000] {processor.py:743} INFO - Processing file /opt/airflow/dags/game_alert.py for tasks to queue
[2023-05-28T15:04:12.061+0000] {logging_mixin.py:137} INFO - [2023-05-28T15:04:12.060+0000] {dagbag.py:532} INFO - Filling up the DagBag from /opt/airflow/dags/game_alert.py
[2023-05-28T15:04:12.329+0000] {processor.py:753} INFO - DAG(s) dict_keys(['game_alert']) retrieved from /opt/airflow/dags/game_alert.py
[2023-05-28T15:04:12.364+0000] {logging_mixin.py:137} INFO - [2023-05-28T15:04:12.363+0000] {dag.py:2693} INFO - Sync 1 DAGs
[2023-05-28T15:04:12.400+0000] {logging_mixin.py:137} INFO - [2023-05-28T15:04:12.400+0000] {dag.py:3444} INFO - Setting next_dagrun for game_alert to 2023-05-27T15:00:00+00:00, run_after=2023-05-28T15:00:00+00:00
[2023-05-28T15:04:12.422+0000] {processor.py:175} INFO - Processing /opt/airflow/dags/game_alert.py took 0.368 seconds
[2023-05-28T15:04:42.699+0000] {processor.py:153} INFO - Started process (PID=919) to work on /opt/airflow/dags/game_alert.py
[2023-05-28T15:04:42.700+0000] {processor.py:743} INFO - Processing file /opt/airflow/dags/game_alert.py for tasks to queue
[2023-05-28T15:04:42.701+0000] {logging_mixin.py:137} INFO - [2023-05-28T15:04:42.700+0000] {dagbag.py:532} INFO - Filling up the DagBag from /opt/airflow/dags/game_alert.py
[2023-05-28T15:04:43.129+0000] {processor.py:753} INFO - DAG(s) dict_keys(['game_alert']) retrieved from /opt/airflow/dags/game_alert.py
[2023-05-28T15:04:43.158+0000] {logging_mixin.py:137} INFO - [2023-05-28T15:04:43.158+0000] {dag.py:2693} INFO - Sync 1 DAGs
[2023-05-28T15:04:43.193+0000] {logging_mixin.py:137} INFO - [2023-05-28T15:04:43.192+0000] {dag.py:3444} INFO - Setting next_dagrun for game_alert to 2023-05-27T15:00:00+00:00, run_after=2023-05-28T15:00:00+00:00
[2023-05-28T15:04:43.213+0000] {processor.py:175} INFO - Processing /opt/airflow/dags/game_alert.py took 0.518 seconds
[2023-05-28T15:05:13.330+0000] {processor.py:153} INFO - Started process (PID=968) to work on /opt/airflow/dags/game_alert.py
[2023-05-28T15:05:13.331+0000] {processor.py:743} INFO - Processing file /opt/airflow/dags/game_alert.py for tasks to queue
[2023-05-28T15:05:13.332+0000] {logging_mixin.py:137} INFO - [2023-05-28T15:05:13.331+0000] {dagbag.py:532} INFO - Filling up the DagBag from /opt/airflow/dags/game_alert.py
[2023-05-28T15:05:13.617+0000] {processor.py:753} INFO - DAG(s) dict_keys(['game_alert']) retrieved from /opt/airflow/dags/game_alert.py
[2023-05-28T15:05:13.653+0000] {logging_mixin.py:137} INFO - [2023-05-28T15:05:13.652+0000] {dag.py:2693} INFO - Sync 1 DAGs
[2023-05-28T15:05:13.857+0000] {logging_mixin.py:137} INFO - [2023-05-28T15:05:13.857+0000] {dag.py:3444} INFO - Setting next_dagrun for game_alert to 2023-05-27T15:00:00+00:00, run_after=2023-05-28T15:00:00+00:00
[2023-05-28T15:05:13.878+0000] {processor.py:175} INFO - Processing /opt/airflow/dags/game_alert.py took 0.552 seconds
[2023-05-28T15:05:44.249+0000] {processor.py:153} INFO - Started process (PID=1022) to work on /opt/airflow/dags/game_alert.py
[2023-05-28T15:05:44.250+0000] {processor.py:743} INFO - Processing file /opt/airflow/dags/game_alert.py for tasks to queue
[2023-05-28T15:05:44.251+0000] {logging_mixin.py:137} INFO - [2023-05-28T15:05:44.251+0000] {dagbag.py:532} INFO - Filling up the DagBag from /opt/airflow/dags/game_alert.py
[2023-05-28T15:05:44.524+0000] {processor.py:753} INFO - DAG(s) dict_keys(['game_alert']) retrieved from /opt/airflow/dags/game_alert.py
[2023-05-28T15:05:44.560+0000] {logging_mixin.py:137} INFO - [2023-05-28T15:05:44.559+0000] {dag.py:2693} INFO - Sync 1 DAGs
[2023-05-28T15:05:44.598+0000] {logging_mixin.py:137} INFO - [2023-05-28T15:05:44.598+0000] {dag.py:3444} INFO - Setting next_dagrun for game_alert to 2023-05-27T15:00:00+00:00, run_after=2023-05-28T15:00:00+00:00
[2023-05-28T15:05:44.620+0000] {processor.py:175} INFO - Processing /opt/airflow/dags/game_alert.py took 0.375 seconds
[2023-05-28T15:06:14.652+0000] {processor.py:153} INFO - Started process (PID=1070) to work on /opt/airflow/dags/game_alert.py
[2023-05-28T15:06:14.653+0000] {processor.py:743} INFO - Processing file /opt/airflow/dags/game_alert.py for tasks to queue
[2023-05-28T15:06:14.654+0000] {logging_mixin.py:137} INFO - [2023-05-28T15:06:14.654+0000] {dagbag.py:532} INFO - Filling up the DagBag from /opt/airflow/dags/game_alert.py
[2023-05-28T15:06:14.956+0000] {processor.py:753} INFO - DAG(s) dict_keys(['game_alert']) retrieved from /opt/airflow/dags/game_alert.py
[2023-05-28T15:06:14.991+0000] {logging_mixin.py:137} INFO - [2023-05-28T15:06:14.991+0000] {dag.py:2693} INFO - Sync 1 DAGs
[2023-05-28T15:06:15.030+0000] {logging_mixin.py:137} INFO - [2023-05-28T15:06:15.029+0000] {dag.py:3444} INFO - Setting next_dagrun for game_alert to 2023-05-27T15:00:00+00:00, run_after=2023-05-28T15:00:00+00:00
[2023-05-28T15:06:15.059+0000] {processor.py:175} INFO - Processing /opt/airflow/dags/game_alert.py took 0.411 seconds
[2023-05-28T15:06:45.746+0000] {processor.py:153} INFO - Started process (PID=1121) to work on /opt/airflow/dags/game_alert.py
[2023-05-28T15:06:45.747+0000] {processor.py:743} INFO - Processing file /opt/airflow/dags/game_alert.py for tasks to queue
[2023-05-28T15:06:45.748+0000] {logging_mixin.py:137} INFO - [2023-05-28T15:06:45.748+0000] {dagbag.py:532} INFO - Filling up the DagBag from /opt/airflow/dags/game_alert.py
[2023-05-28T15:06:46.031+0000] {processor.py:753} INFO - DAG(s) dict_keys(['game_alert']) retrieved from /opt/airflow/dags/game_alert.py
[2023-05-28T15:06:46.063+0000] {logging_mixin.py:137} INFO - [2023-05-28T15:06:46.063+0000] {dag.py:2693} INFO - Sync 1 DAGs
[2023-05-28T15:06:46.266+0000] {logging_mixin.py:137} INFO - [2023-05-28T15:06:46.265+0000] {dag.py:3444} INFO - Setting next_dagrun for game_alert to 2023-05-27T15:00:00+00:00, run_after=2023-05-28T15:00:00+00:00
[2023-05-28T15:06:46.286+0000] {processor.py:175} INFO - Processing /opt/airflow/dags/game_alert.py took 0.544 seconds
[2023-05-28T15:07:17.050+0000] {processor.py:153} INFO - Started process (PID=1173) to work on /opt/airflow/dags/game_alert.py
[2023-05-28T15:07:17.054+0000] {processor.py:743} INFO - Processing file /opt/airflow/dags/game_alert.py for tasks to queue
[2023-05-28T15:07:17.054+0000] {logging_mixin.py:137} INFO - [2023-05-28T15:07:17.054+0000] {dagbag.py:532} INFO - Filling up the DagBag from /opt/airflow/dags/game_alert.py
[2023-05-28T15:07:17.520+0000] {processor.py:753} INFO - DAG(s) dict_keys(['game_alert']) retrieved from /opt/airflow/dags/game_alert.py
[2023-05-28T15:07:17.587+0000] {logging_mixin.py:137} INFO - [2023-05-28T15:07:17.586+0000] {dag.py:2693} INFO - Sync 1 DAGs
[2023-05-28T15:07:17.978+0000] {logging_mixin.py:137} INFO - [2023-05-28T15:07:17.977+0000] {dag.py:3444} INFO - Setting next_dagrun for game_alert to 2023-05-27T15:00:00+00:00, run_after=2023-05-28T15:00:00+00:00
[2023-05-28T15:07:18.007+0000] {processor.py:175} INFO - Processing /opt/airflow/dags/game_alert.py took 0.962 seconds
[2023-05-28T15:07:48.102+0000] {processor.py:153} INFO - Started process (PID=1226) to work on /opt/airflow/dags/game_alert.py
[2023-05-28T15:07:48.103+0000] {processor.py:743} INFO - Processing file /opt/airflow/dags/game_alert.py for tasks to queue
[2023-05-28T15:07:48.104+0000] {logging_mixin.py:137} INFO - [2023-05-28T15:07:48.104+0000] {dagbag.py:532} INFO - Filling up the DagBag from /opt/airflow/dags/game_alert.py
[2023-05-28T15:07:48.381+0000] {processor.py:753} INFO - DAG(s) dict_keys(['game_alert']) retrieved from /opt/airflow/dags/game_alert.py
[2023-05-28T15:07:48.414+0000] {logging_mixin.py:137} INFO - [2023-05-28T15:07:48.413+0000] {dag.py:2693} INFO - Sync 1 DAGs
[2023-05-28T15:07:48.450+0000] {logging_mixin.py:137} INFO - [2023-05-28T15:07:48.450+0000] {dag.py:3444} INFO - Setting next_dagrun for game_alert to 2023-05-27T15:00:00+00:00, run_after=2023-05-28T15:00:00+00:00
[2023-05-28T15:07:48.471+0000] {processor.py:175} INFO - Processing /opt/airflow/dags/game_alert.py took 0.374 seconds
[2023-05-28T15:08:18.803+0000] {processor.py:153} INFO - Started process (PID=1276) to work on /opt/airflow/dags/game_alert.py
[2023-05-28T15:08:18.804+0000] {processor.py:743} INFO - Processing file /opt/airflow/dags/game_alert.py for tasks to queue
[2023-05-28T15:08:18.805+0000] {logging_mixin.py:137} INFO - [2023-05-28T15:08:18.804+0000] {dagbag.py:532} INFO - Filling up the DagBag from /opt/airflow/dags/game_alert.py
[2023-05-28T15:08:19.248+0000] {processor.py:753} INFO - DAG(s) dict_keys(['game_alert']) retrieved from /opt/airflow/dags/game_alert.py
[2023-05-28T15:08:19.277+0000] {logging_mixin.py:137} INFO - [2023-05-28T15:08:19.277+0000] {dag.py:2693} INFO - Sync 1 DAGs
[2023-05-28T15:08:19.315+0000] {logging_mixin.py:137} INFO - [2023-05-28T15:08:19.315+0000] {dag.py:3444} INFO - Setting next_dagrun for game_alert to 2023-05-27T15:00:00+00:00, run_after=2023-05-28T15:00:00+00:00
[2023-05-28T15:08:19.339+0000] {processor.py:175} INFO - Processing /opt/airflow/dags/game_alert.py took 0.540 seconds
[2023-05-28T15:08:50.471+0000] {processor.py:153} INFO - Started process (PID=1329) to work on /opt/airflow/dags/game_alert.py
[2023-05-28T15:08:50.478+0000] {processor.py:743} INFO - Processing file /opt/airflow/dags/game_alert.py for tasks to queue
[2023-05-28T15:08:50.479+0000] {logging_mixin.py:137} INFO - [2023-05-28T15:08:50.479+0000] {dagbag.py:532} INFO - Filling up the DagBag from /opt/airflow/dags/game_alert.py
[2023-05-28T15:08:51.047+0000] {processor.py:753} INFO - DAG(s) dict_keys(['game_alert']) retrieved from /opt/airflow/dags/game_alert.py
[2023-05-28T15:08:51.121+0000] {logging_mixin.py:137} INFO - [2023-05-28T15:08:51.120+0000] {dag.py:2693} INFO - Sync 1 DAGs
[2023-05-28T15:08:51.543+0000] {logging_mixin.py:137} INFO - [2023-05-28T15:08:51.543+0000] {dag.py:3444} INFO - Setting next_dagrun for game_alert to 2023-05-27T15:00:00+00:00, run_after=2023-05-28T15:00:00+00:00
[2023-05-28T15:08:51.577+0000] {processor.py:175} INFO - Processing /opt/airflow/dags/game_alert.py took 1.115 seconds
[2023-05-28T15:09:21.738+0000] {processor.py:153} INFO - Started process (PID=1382) to work on /opt/airflow/dags/game_alert.py
[2023-05-28T15:09:21.739+0000] {processor.py:743} INFO - Processing file /opt/airflow/dags/game_alert.py for tasks to queue
[2023-05-28T15:09:21.740+0000] {logging_mixin.py:137} INFO - [2023-05-28T15:09:21.739+0000] {dagbag.py:532} INFO - Filling up the DagBag from /opt/airflow/dags/game_alert.py
[2023-05-28T15:09:22.189+0000] {processor.py:753} INFO - DAG(s) dict_keys(['game_alert']) retrieved from /opt/airflow/dags/game_alert.py
[2023-05-28T15:09:22.256+0000] {logging_mixin.py:137} INFO - [2023-05-28T15:09:22.256+0000] {dag.py:2693} INFO - Sync 1 DAGs
[2023-05-28T15:09:22.291+0000] {logging_mixin.py:137} INFO - [2023-05-28T15:09:22.291+0000] {dag.py:3444} INFO - Setting next_dagrun for game_alert to 2023-05-27T15:00:00+00:00, run_after=2023-05-28T15:00:00+00:00
[2023-05-28T15:09:22.344+0000] {processor.py:175} INFO - Processing /opt/airflow/dags/game_alert.py took 0.610 seconds
[2023-05-28T15:09:52.546+0000] {processor.py:153} INFO - Started process (PID=1434) to work on /opt/airflow/dags/game_alert.py
[2023-05-28T15:09:52.547+0000] {processor.py:743} INFO - Processing file /opt/airflow/dags/game_alert.py for tasks to queue
[2023-05-28T15:09:52.548+0000] {logging_mixin.py:137} INFO - [2023-05-28T15:09:52.547+0000] {dagbag.py:532} INFO - Filling up the DagBag from /opt/airflow/dags/game_alert.py
[2023-05-28T15:09:52.823+0000] {processor.py:753} INFO - DAG(s) dict_keys(['game_alert']) retrieved from /opt/airflow/dags/game_alert.py
[2023-05-28T15:09:52.857+0000] {logging_mixin.py:137} INFO - [2023-05-28T15:09:52.857+0000] {dag.py:2693} INFO - Sync 1 DAGs
[2023-05-28T15:09:52.893+0000] {logging_mixin.py:137} INFO - [2023-05-28T15:09:52.893+0000] {dag.py:3444} INFO - Setting next_dagrun for game_alert to 2023-05-27T15:00:00+00:00, run_after=2023-05-28T15:00:00+00:00
[2023-05-28T15:09:52.913+0000] {processor.py:175} INFO - Processing /opt/airflow/dags/game_alert.py took 0.372 seconds
[2023-05-28T15:10:22.941+0000] {processor.py:153} INFO - Started process (PID=1487) to work on /opt/airflow/dags/game_alert.py
[2023-05-28T15:10:22.942+0000] {processor.py:743} INFO - Processing file /opt/airflow/dags/game_alert.py for tasks to queue
[2023-05-28T15:10:22.942+0000] {logging_mixin.py:137} INFO - [2023-05-28T15:10:22.942+0000] {dagbag.py:532} INFO - Filling up the DagBag from /opt/airflow/dags/game_alert.py
[2023-05-28T15:10:23.228+0000] {processor.py:753} INFO - DAG(s) dict_keys(['game_alert']) retrieved from /opt/airflow/dags/game_alert.py
[2023-05-28T15:10:23.261+0000] {logging_mixin.py:137} INFO - [2023-05-28T15:10:23.261+0000] {dag.py:2693} INFO - Sync 1 DAGs
[2023-05-28T15:10:23.468+0000] {logging_mixin.py:137} INFO - [2023-05-28T15:10:23.468+0000] {dag.py:3444} INFO - Setting next_dagrun for game_alert to 2023-05-27T15:00:00+00:00, run_after=2023-05-28T15:00:00+00:00
[2023-05-28T15:10:23.488+0000] {processor.py:175} INFO - Processing /opt/airflow/dags/game_alert.py took 0.551 seconds
[2023-05-28T16:05:03.764+0000] {processor.py:153} INFO - Started process (PID=32) to work on /opt/airflow/dags/game_alert.py
[2023-05-28T16:05:03.775+0000] {processor.py:743} INFO - Processing file /opt/airflow/dags/game_alert.py for tasks to queue
[2023-05-28T16:05:03.776+0000] {logging_mixin.py:137} INFO - [2023-05-28T16:05:03.776+0000] {dagbag.py:532} INFO - Filling up the DagBag from /opt/airflow/dags/game_alert.py
[2023-05-28T16:05:04.618+0000] {processor.py:753} INFO - DAG(s) dict_keys(['game_alert']) retrieved from /opt/airflow/dags/game_alert.py
[2023-05-28T16:05:04.676+0000] {logging_mixin.py:137} INFO - [2023-05-28T16:05:04.676+0000] {dag.py:2693} INFO - Sync 1 DAGs
[2023-05-28T16:05:04.734+0000] {logging_mixin.py:137} INFO - [2023-05-28T16:05:04.734+0000] {dag.py:3444} INFO - Setting next_dagrun for game_alert to 2023-05-28T15:00:00+00:00, run_after=2023-05-29T15:00:00+00:00
[2023-05-28T16:05:04.781+0000] {processor.py:175} INFO - Processing /opt/airflow/dags/game_alert.py took 1.020 seconds
[2023-05-28T16:05:35.715+0000] {processor.py:153} INFO - Started process (PID=85) to work on /opt/airflow/dags/game_alert.py
[2023-05-28T16:05:35.716+0000] {processor.py:743} INFO - Processing file /opt/airflow/dags/game_alert.py for tasks to queue
[2023-05-28T16:05:35.717+0000] {logging_mixin.py:137} INFO - [2023-05-28T16:05:35.717+0000] {dagbag.py:532} INFO - Filling up the DagBag from /opt/airflow/dags/game_alert.py
[2023-05-28T16:05:36.000+0000] {processor.py:753} INFO - DAG(s) dict_keys(['game_alert']) retrieved from /opt/airflow/dags/game_alert.py
[2023-05-28T16:05:36.035+0000] {logging_mixin.py:137} INFO - [2023-05-28T16:05:36.034+0000] {dag.py:2693} INFO - Sync 1 DAGs
[2023-05-28T16:05:36.072+0000] {logging_mixin.py:137} INFO - [2023-05-28T16:05:36.072+0000] {dag.py:3444} INFO - Setting next_dagrun for game_alert to 2023-05-28T15:00:00+00:00, run_after=2023-05-29T15:00:00+00:00
[2023-05-28T16:05:36.100+0000] {processor.py:175} INFO - Processing /opt/airflow/dags/game_alert.py took 0.390 seconds
[2023-05-28T16:06:06.283+0000] {processor.py:153} INFO - Started process (PID=137) to work on /opt/airflow/dags/game_alert.py
[2023-05-28T16:06:06.288+0000] {processor.py:743} INFO - Processing file /opt/airflow/dags/game_alert.py for tasks to queue
[2023-05-28T16:06:06.289+0000] {logging_mixin.py:137} INFO - [2023-05-28T16:06:06.289+0000] {dagbag.py:532} INFO - Filling up the DagBag from /opt/airflow/dags/game_alert.py
[2023-05-28T16:06:06.704+0000] {processor.py:753} INFO - DAG(s) dict_keys(['game_alert']) retrieved from /opt/airflow/dags/game_alert.py
[2023-05-28T16:06:06.770+0000] {logging_mixin.py:137} INFO - [2023-05-28T16:06:06.769+0000] {dag.py:2693} INFO - Sync 1 DAGs
[2023-05-28T16:06:06.858+0000] {logging_mixin.py:137} INFO - [2023-05-28T16:06:06.857+0000] {dag.py:3444} INFO - Setting next_dagrun for game_alert to 2023-05-28T15:00:00+00:00, run_after=2023-05-29T15:00:00+00:00
[2023-05-28T16:06:06.919+0000] {processor.py:175} INFO - Processing /opt/airflow/dags/game_alert.py took 0.640 seconds
[2023-05-28T16:06:37.062+0000] {processor.py:153} INFO - Started process (PID=189) to work on /opt/airflow/dags/game_alert.py
[2023-05-28T16:06:37.062+0000] {processor.py:743} INFO - Processing file /opt/airflow/dags/game_alert.py for tasks to queue
[2023-05-28T16:06:37.063+0000] {logging_mixin.py:137} INFO - [2023-05-28T16:06:37.063+0000] {dagbag.py:532} INFO - Filling up the DagBag from /opt/airflow/dags/game_alert.py
[2023-05-28T16:06:37.338+0000] {processor.py:753} INFO - DAG(s) dict_keys(['game_alert']) retrieved from /opt/airflow/dags/game_alert.py
[2023-05-28T16:06:37.372+0000] {logging_mixin.py:137} INFO - [2023-05-28T16:06:37.371+0000] {dag.py:2693} INFO - Sync 1 DAGs
[2023-05-28T16:06:37.586+0000] {logging_mixin.py:137} INFO - [2023-05-28T16:06:37.586+0000] {dag.py:3444} INFO - Setting next_dagrun for game_alert to 2023-05-28T15:00:00+00:00, run_after=2023-05-29T15:00:00+00:00
[2023-05-28T16:06:37.606+0000] {processor.py:175} INFO - Processing /opt/airflow/dags/game_alert.py took 0.548 seconds
[2023-05-28T16:07:07.979+0000] {processor.py:153} INFO - Started process (PID=242) to work on /opt/airflow/dags/game_alert.py
[2023-05-28T16:07:07.980+0000] {processor.py:743} INFO - Processing file /opt/airflow/dags/game_alert.py for tasks to queue
[2023-05-28T16:07:07.980+0000] {logging_mixin.py:137} INFO - [2023-05-28T16:07:07.980+0000] {dagbag.py:532} INFO - Filling up the DagBag from /opt/airflow/dags/game_alert.py
[2023-05-28T16:07:08.245+0000] {processor.py:753} INFO - DAG(s) dict_keys(['game_alert']) retrieved from /opt/airflow/dags/game_alert.py
[2023-05-28T16:07:08.278+0000] {logging_mixin.py:137} INFO - [2023-05-28T16:07:08.278+0000] {dag.py:2693} INFO - Sync 1 DAGs
[2023-05-28T16:07:08.312+0000] {logging_mixin.py:137} INFO - [2023-05-28T16:07:08.312+0000] {dag.py:3444} INFO - Setting next_dagrun for game_alert to 2023-05-28T15:00:00+00:00, run_after=2023-05-29T15:00:00+00:00
[2023-05-28T16:07:08.333+0000] {processor.py:175} INFO - Processing /opt/airflow/dags/game_alert.py took 0.358 seconds
[2023-05-28T16:07:38.427+0000] {processor.py:153} INFO - Started process (PID=289) to work on /opt/airflow/dags/game_alert.py
[2023-05-28T16:07:38.428+0000] {processor.py:743} INFO - Processing file /opt/airflow/dags/game_alert.py for tasks to queue
[2023-05-28T16:07:38.429+0000] {logging_mixin.py:137} INFO - [2023-05-28T16:07:38.428+0000] {dagbag.py:532} INFO - Filling up the DagBag from /opt/airflow/dags/game_alert.py
[2023-05-28T16:07:38.711+0000] {processor.py:753} INFO - DAG(s) dict_keys(['game_alert']) retrieved from /opt/airflow/dags/game_alert.py
[2023-05-28T16:07:38.752+0000] {logging_mixin.py:137} INFO - [2023-05-28T16:07:38.752+0000] {dag.py:2693} INFO - Sync 1 DAGs
[2023-05-28T16:07:38.787+0000] {logging_mixin.py:137} INFO - [2023-05-28T16:07:38.787+0000] {dag.py:3444} INFO - Setting next_dagrun for game_alert to 2023-05-28T15:00:00+00:00, run_after=2023-05-29T15:00:00+00:00
[2023-05-28T16:07:38.806+0000] {processor.py:175} INFO - Processing /opt/airflow/dags/game_alert.py took 0.383 seconds
[2023-05-28T16:08:09.332+0000] {processor.py:153} INFO - Started process (PID=340) to work on /opt/airflow/dags/game_alert.py
[2023-05-28T16:08:09.334+0000] {processor.py:743} INFO - Processing file /opt/airflow/dags/game_alert.py for tasks to queue
[2023-05-28T16:08:09.335+0000] {logging_mixin.py:137} INFO - [2023-05-28T16:08:09.335+0000] {dagbag.py:532} INFO - Filling up the DagBag from /opt/airflow/dags/game_alert.py
[2023-05-28T16:08:09.610+0000] {processor.py:753} INFO - DAG(s) dict_keys(['game_alert']) retrieved from /opt/airflow/dags/game_alert.py
[2023-05-28T16:08:09.645+0000] {logging_mixin.py:137} INFO - [2023-05-28T16:08:09.645+0000] {dag.py:2693} INFO - Sync 1 DAGs
[2023-05-28T16:08:09.689+0000] {logging_mixin.py:137} INFO - [2023-05-28T16:08:09.688+0000] {dag.py:3444} INFO - Setting next_dagrun for game_alert to 2023-05-28T15:00:00+00:00, run_after=2023-05-29T15:00:00+00:00
[2023-05-28T16:08:09.712+0000] {processor.py:175} INFO - Processing /opt/airflow/dags/game_alert.py took 0.384 seconds
[2023-05-28T16:08:40.012+0000] {processor.py:153} INFO - Started process (PID=391) to work on /opt/airflow/dags/game_alert.py
[2023-05-28T16:08:40.013+0000] {processor.py:743} INFO - Processing file /opt/airflow/dags/game_alert.py for tasks to queue
[2023-05-28T16:08:40.014+0000] {logging_mixin.py:137} INFO - [2023-05-28T16:08:40.014+0000] {dagbag.py:532} INFO - Filling up the DagBag from /opt/airflow/dags/game_alert.py
[2023-05-28T16:08:40.310+0000] {processor.py:753} INFO - DAG(s) dict_keys(['game_alert']) retrieved from /opt/airflow/dags/game_alert.py
[2023-05-28T16:08:40.341+0000] {logging_mixin.py:137} INFO - [2023-05-28T16:08:40.340+0000] {dag.py:2693} INFO - Sync 1 DAGs
[2023-05-28T16:08:40.530+0000] {logging_mixin.py:137} INFO - [2023-05-28T16:08:40.530+0000] {dag.py:3444} INFO - Setting next_dagrun for game_alert to 2023-05-28T15:00:00+00:00, run_after=2023-05-29T15:00:00+00:00
[2023-05-28T16:08:40.550+0000] {processor.py:175} INFO - Processing /opt/airflow/dags/game_alert.py took 0.542 seconds
[2023-05-28T16:09:10.631+0000] {processor.py:153} INFO - Started process (PID=442) to work on /opt/airflow/dags/game_alert.py
[2023-05-28T16:09:10.638+0000] {processor.py:743} INFO - Processing file /opt/airflow/dags/game_alert.py for tasks to queue
[2023-05-28T16:09:10.639+0000] {logging_mixin.py:137} INFO - [2023-05-28T16:09:10.639+0000] {dagbag.py:532} INFO - Filling up the DagBag from /opt/airflow/dags/game_alert.py
[2023-05-28T16:09:11.573+0000] {processor.py:753} INFO - DAG(s) dict_keys(['game_alert']) retrieved from /opt/airflow/dags/game_alert.py
[2023-05-28T16:09:11.687+0000] {logging_mixin.py:137} INFO - [2023-05-28T16:09:11.686+0000] {dag.py:2693} INFO - Sync 1 DAGs
[2023-05-28T16:09:11.798+0000] {logging_mixin.py:137} INFO - [2023-05-28T16:09:11.798+0000] {dag.py:3444} INFO - Setting next_dagrun for game_alert to 2023-05-28T15:00:00+00:00, run_after=2023-05-29T15:00:00+00:00
[2023-05-28T16:09:11.863+0000] {processor.py:175} INFO - Processing /opt/airflow/dags/game_alert.py took 1.245 seconds
[2023-05-28T16:09:42.174+0000] {processor.py:153} INFO - Started process (PID=493) to work on /opt/airflow/dags/game_alert.py
[2023-05-28T16:09:42.176+0000] {processor.py:743} INFO - Processing file /opt/airflow/dags/game_alert.py for tasks to queue
[2023-05-28T16:09:42.177+0000] {logging_mixin.py:137} INFO - [2023-05-28T16:09:42.176+0000] {dagbag.py:532} INFO - Filling up the DagBag from /opt/airflow/dags/game_alert.py
[2023-05-28T16:09:43.089+0000] {processor.py:753} INFO - DAG(s) dict_keys(['game_alert']) retrieved from /opt/airflow/dags/game_alert.py
[2023-05-28T16:09:43.191+0000] {logging_mixin.py:137} INFO - [2023-05-28T16:09:43.190+0000] {dag.py:2693} INFO - Sync 1 DAGs
[2023-05-28T16:09:43.292+0000] {logging_mixin.py:137} INFO - [2023-05-28T16:09:43.291+0000] {dag.py:3444} INFO - Setting next_dagrun for game_alert to 2023-05-28T15:00:00+00:00, run_after=2023-05-29T15:00:00+00:00
[2023-05-28T16:09:43.363+0000] {processor.py:175} INFO - Processing /opt/airflow/dags/game_alert.py took 1.202 seconds
[2023-05-28T16:10:13.430+0000] {processor.py:153} INFO - Started process (PID=546) to work on /opt/airflow/dags/game_alert.py
[2023-05-28T16:10:13.431+0000] {processor.py:743} INFO - Processing file /opt/airflow/dags/game_alert.py for tasks to queue
[2023-05-28T16:10:13.431+0000] {logging_mixin.py:137} INFO - [2023-05-28T16:10:13.431+0000] {dagbag.py:532} INFO - Filling up the DagBag from /opt/airflow/dags/game_alert.py
[2023-05-28T16:10:13.696+0000] {processor.py:753} INFO - DAG(s) dict_keys(['game_alert']) retrieved from /opt/airflow/dags/game_alert.py
[2023-05-28T16:10:13.729+0000] {logging_mixin.py:137} INFO - [2023-05-28T16:10:13.728+0000] {dag.py:2693} INFO - Sync 1 DAGs
[2023-05-28T16:10:13.918+0000] {logging_mixin.py:137} INFO - [2023-05-28T16:10:13.918+0000] {dag.py:3444} INFO - Setting next_dagrun for game_alert to 2023-05-28T15:00:00+00:00, run_after=2023-05-29T15:00:00+00:00
[2023-05-28T16:10:13.938+0000] {processor.py:175} INFO - Processing /opt/airflow/dags/game_alert.py took 0.512 seconds
[2023-05-28T16:10:44.501+0000] {processor.py:153} INFO - Started process (PID=597) to work on /opt/airflow/dags/game_alert.py
[2023-05-28T16:10:44.503+0000] {processor.py:743} INFO - Processing file /opt/airflow/dags/game_alert.py for tasks to queue
[2023-05-28T16:10:44.504+0000] {logging_mixin.py:137} INFO - [2023-05-28T16:10:44.504+0000] {dagbag.py:532} INFO - Filling up the DagBag from /opt/airflow/dags/game_alert.py
[2023-05-28T16:10:44.799+0000] {processor.py:753} INFO - DAG(s) dict_keys(['game_alert']) retrieved from /opt/airflow/dags/game_alert.py
[2023-05-28T16:10:44.834+0000] {logging_mixin.py:137} INFO - [2023-05-28T16:10:44.833+0000] {dag.py:2693} INFO - Sync 1 DAGs
[2023-05-28T16:10:45.031+0000] {logging_mixin.py:137} INFO - [2023-05-28T16:10:45.031+0000] {dag.py:3444} INFO - Setting next_dagrun for game_alert to 2023-05-28T15:00:00+00:00, run_after=2023-05-29T15:00:00+00:00
[2023-05-28T16:10:45.051+0000] {processor.py:175} INFO - Processing /opt/airflow/dags/game_alert.py took 0.554 seconds
[2023-05-28T16:11:15.412+0000] {processor.py:153} INFO - Started process (PID=648) to work on /opt/airflow/dags/game_alert.py
[2023-05-28T16:11:15.415+0000] {processor.py:743} INFO - Processing file /opt/airflow/dags/game_alert.py for tasks to queue
[2023-05-28T16:11:15.416+0000] {logging_mixin.py:137} INFO - [2023-05-28T16:11:15.415+0000] {dagbag.py:532} INFO - Filling up the DagBag from /opt/airflow/dags/game_alert.py
[2023-05-28T16:11:15.768+0000] {processor.py:753} INFO - DAG(s) dict_keys(['game_alert']) retrieved from /opt/airflow/dags/game_alert.py
[2023-05-28T16:11:15.799+0000] {logging_mixin.py:137} INFO - [2023-05-28T16:11:15.799+0000] {dag.py:2693} INFO - Sync 1 DAGs
[2023-05-28T16:11:15.833+0000] {logging_mixin.py:137} INFO - [2023-05-28T16:11:15.833+0000] {dag.py:3444} INFO - Setting next_dagrun for game_alert to 2023-05-28T15:00:00+00:00, run_after=2023-05-29T15:00:00+00:00
[2023-05-28T16:11:15.853+0000] {processor.py:175} INFO - Processing /opt/airflow/dags/game_alert.py took 0.444 seconds
[2023-05-28T16:11:45.892+0000] {processor.py:153} INFO - Started process (PID=709) to work on /opt/airflow/dags/game_alert.py
[2023-05-28T16:11:45.893+0000] {processor.py:743} INFO - Processing file /opt/airflow/dags/game_alert.py for tasks to queue
[2023-05-28T16:11:45.894+0000] {logging_mixin.py:137} INFO - [2023-05-28T16:11:45.894+0000] {dagbag.py:532} INFO - Filling up the DagBag from /opt/airflow/dags/game_alert.py
[2023-05-28T16:11:46.169+0000] {processor.py:753} INFO - DAG(s) dict_keys(['game_alert']) retrieved from /opt/airflow/dags/game_alert.py
[2023-05-28T16:11:46.201+0000] {logging_mixin.py:137} INFO - [2023-05-28T16:11:46.200+0000] {dag.py:2693} INFO - Sync 1 DAGs
[2023-05-28T16:11:46.235+0000] {logging_mixin.py:137} INFO - [2023-05-28T16:11:46.235+0000] {dag.py:3444} INFO - Setting next_dagrun for game_alert to 2023-05-28T15:00:00+00:00, run_after=2023-05-29T15:00:00+00:00
[2023-05-28T16:11:46.416+0000] {processor.py:175} INFO - Processing /opt/airflow/dags/game_alert.py took 0.528 seconds
[2023-05-28T16:12:16.496+0000] {processor.py:153} INFO - Started process (PID=761) to work on /opt/airflow/dags/game_alert.py
[2023-05-28T16:12:16.497+0000] {processor.py:743} INFO - Processing file /opt/airflow/dags/game_alert.py for tasks to queue
[2023-05-28T16:12:16.498+0000] {logging_mixin.py:137} INFO - [2023-05-28T16:12:16.497+0000] {dagbag.py:532} INFO - Filling up the DagBag from /opt/airflow/dags/game_alert.py
[2023-05-28T16:12:16.770+0000] {processor.py:753} INFO - DAG(s) dict_keys(['game_alert']) retrieved from /opt/airflow/dags/game_alert.py
[2023-05-28T16:12:16.803+0000] {logging_mixin.py:137} INFO - [2023-05-28T16:12:16.802+0000] {dag.py:2693} INFO - Sync 1 DAGs
[2023-05-28T16:12:16.989+0000] {logging_mixin.py:137} INFO - [2023-05-28T16:12:16.989+0000] {dag.py:3444} INFO - Setting next_dagrun for game_alert to 2023-05-28T15:00:00+00:00, run_after=2023-05-29T15:00:00+00:00
[2023-05-28T16:12:17.010+0000] {processor.py:175} INFO - Processing /opt/airflow/dags/game_alert.py took 0.519 seconds
[2023-05-28T16:12:47.090+0000] {processor.py:153} INFO - Started process (PID=812) to work on /opt/airflow/dags/game_alert.py
[2023-05-28T16:12:47.091+0000] {processor.py:743} INFO - Processing file /opt/airflow/dags/game_alert.py for tasks to queue
[2023-05-28T16:12:47.092+0000] {logging_mixin.py:137} INFO - [2023-05-28T16:12:47.092+0000] {dagbag.py:532} INFO - Filling up the DagBag from /opt/airflow/dags/game_alert.py
[2023-05-28T16:12:47.362+0000] {processor.py:753} INFO - DAG(s) dict_keys(['game_alert']) retrieved from /opt/airflow/dags/game_alert.py
[2023-05-28T16:12:47.550+0000] {logging_mixin.py:137} INFO - [2023-05-28T16:12:47.550+0000] {dag.py:2693} INFO - Sync 1 DAGs
[2023-05-28T16:12:47.583+0000] {logging_mixin.py:137} INFO - [2023-05-28T16:12:47.582+0000] {dag.py:3444} INFO - Setting next_dagrun for game_alert to 2023-05-28T15:00:00+00:00, run_after=2023-05-29T15:00:00+00:00
[2023-05-28T16:12:47.603+0000] {processor.py:175} INFO - Processing /opt/airflow/dags/game_alert.py took 0.518 seconds
[2023-05-28T16:13:18.343+0000] {processor.py:153} INFO - Started process (PID=863) to work on /opt/airflow/dags/game_alert.py
[2023-05-28T16:13:18.344+0000] {processor.py:743} INFO - Processing file /opt/airflow/dags/game_alert.py for tasks to queue
[2023-05-28T16:13:18.345+0000] {logging_mixin.py:137} INFO - [2023-05-28T16:13:18.345+0000] {dagbag.py:532} INFO - Filling up the DagBag from /opt/airflow/dags/game_alert.py
[2023-05-28T16:13:18.615+0000] {processor.py:753} INFO - DAG(s) dict_keys(['game_alert']) retrieved from /opt/airflow/dags/game_alert.py
[2023-05-28T16:13:18.649+0000] {logging_mixin.py:137} INFO - [2023-05-28T16:13:18.648+0000] {dag.py:2693} INFO - Sync 1 DAGs
[2023-05-28T16:13:18.685+0000] {logging_mixin.py:137} INFO - [2023-05-28T16:13:18.685+0000] {dag.py:3444} INFO - Setting next_dagrun for game_alert to 2023-05-28T15:00:00+00:00, run_after=2023-05-29T15:00:00+00:00
[2023-05-28T16:13:18.706+0000] {processor.py:175} INFO - Processing /opt/airflow/dags/game_alert.py took 0.367 seconds
[2023-05-28T16:13:48.897+0000] {processor.py:153} INFO - Started process (PID=914) to work on /opt/airflow/dags/game_alert.py
[2023-05-28T16:13:48.898+0000] {processor.py:743} INFO - Processing file /opt/airflow/dags/game_alert.py for tasks to queue
[2023-05-28T16:13:48.899+0000] {logging_mixin.py:137} INFO - [2023-05-28T16:13:48.899+0000] {dagbag.py:532} INFO - Filling up the DagBag from /opt/airflow/dags/game_alert.py
[2023-05-28T16:13:49.423+0000] {processor.py:753} INFO - DAG(s) dict_keys(['game_alert']) retrieved from /opt/airflow/dags/game_alert.py
[2023-05-28T16:13:49.453+0000] {logging_mixin.py:137} INFO - [2023-05-28T16:13:49.452+0000] {dag.py:2693} INFO - Sync 1 DAGs
[2023-05-28T16:13:49.487+0000] {logging_mixin.py:137} INFO - [2023-05-28T16:13:49.486+0000] {dag.py:3444} INFO - Setting next_dagrun for game_alert to 2023-05-28T15:00:00+00:00, run_after=2023-05-29T15:00:00+00:00
[2023-05-28T16:13:49.506+0000] {processor.py:175} INFO - Processing /opt/airflow/dags/game_alert.py took 0.613 seconds
[2023-05-28T16:14:19.535+0000] {processor.py:153} INFO - Started process (PID=968) to work on /opt/airflow/dags/game_alert.py
[2023-05-28T16:14:19.537+0000] {processor.py:743} INFO - Processing file /opt/airflow/dags/game_alert.py for tasks to queue
[2023-05-28T16:14:19.538+0000] {logging_mixin.py:137} INFO - [2023-05-28T16:14:19.537+0000] {dagbag.py:532} INFO - Filling up the DagBag from /opt/airflow/dags/game_alert.py
[2023-05-28T16:14:19.831+0000] {processor.py:753} INFO - DAG(s) dict_keys(['game_alert']) retrieved from /opt/airflow/dags/game_alert.py
[2023-05-28T16:14:19.867+0000] {logging_mixin.py:137} INFO - [2023-05-28T16:14:19.867+0000] {dag.py:2693} INFO - Sync 1 DAGs
[2023-05-28T16:14:20.059+0000] {logging_mixin.py:137} INFO - [2023-05-28T16:14:20.059+0000] {dag.py:3444} INFO - Setting next_dagrun for game_alert to 2023-05-28T15:00:00+00:00, run_after=2023-05-29T15:00:00+00:00
[2023-05-28T16:14:20.081+0000] {processor.py:175} INFO - Processing /opt/airflow/dags/game_alert.py took 0.550 seconds
[2023-05-28T16:14:50.512+0000] {processor.py:153} INFO - Started process (PID=1021) to work on /opt/airflow/dags/game_alert.py
[2023-05-28T16:14:50.513+0000] {processor.py:743} INFO - Processing file /opt/airflow/dags/game_alert.py for tasks to queue
[2023-05-28T16:14:50.514+0000] {logging_mixin.py:137} INFO - [2023-05-28T16:14:50.514+0000] {dagbag.py:532} INFO - Filling up the DagBag from /opt/airflow/dags/game_alert.py
[2023-05-28T16:14:50.793+0000] {processor.py:753} INFO - DAG(s) dict_keys(['game_alert']) retrieved from /opt/airflow/dags/game_alert.py
[2023-05-28T16:14:50.827+0000] {logging_mixin.py:137} INFO - [2023-05-28T16:14:50.827+0000] {dag.py:2693} INFO - Sync 1 DAGs
[2023-05-28T16:14:50.862+0000] {logging_mixin.py:137} INFO - [2023-05-28T16:14:50.862+0000] {dag.py:3444} INFO - Setting next_dagrun for game_alert to 2023-05-28T15:00:00+00:00, run_after=2023-05-29T15:00:00+00:00
[2023-05-28T16:14:50.882+0000] {processor.py:175} INFO - Processing /opt/airflow/dags/game_alert.py took 0.374 seconds
[2023-05-28T16:15:21.197+0000] {processor.py:153} INFO - Started process (PID=1072) to work on /opt/airflow/dags/game_alert.py
[2023-05-28T16:15:21.198+0000] {processor.py:743} INFO - Processing file /opt/airflow/dags/game_alert.py for tasks to queue
[2023-05-28T16:15:21.199+0000] {logging_mixin.py:137} INFO - [2023-05-28T16:15:21.199+0000] {dagbag.py:532} INFO - Filling up the DagBag from /opt/airflow/dags/game_alert.py
[2023-05-28T16:15:21.588+0000] {processor.py:753} INFO - DAG(s) dict_keys(['game_alert']) retrieved from /opt/airflow/dags/game_alert.py
[2023-05-28T16:15:21.621+0000] {logging_mixin.py:137} INFO - [2023-05-28T16:15:21.621+0000] {dag.py:2693} INFO - Sync 1 DAGs
[2023-05-28T16:15:21.662+0000] {logging_mixin.py:137} INFO - [2023-05-28T16:15:21.661+0000] {dag.py:3444} INFO - Setting next_dagrun for game_alert to 2023-05-28T15:00:00+00:00, run_after=2023-05-29T15:00:00+00:00
[2023-05-28T16:15:21.684+0000] {processor.py:175} INFO - Processing /opt/airflow/dags/game_alert.py took 0.491 seconds
[2023-05-28T16:15:51.842+0000] {processor.py:153} INFO - Started process (PID=1124) to work on /opt/airflow/dags/game_alert.py
[2023-05-28T16:15:51.844+0000] {processor.py:743} INFO - Processing file /opt/airflow/dags/game_alert.py for tasks to queue
[2023-05-28T16:15:51.845+0000] {logging_mixin.py:137} INFO - [2023-05-28T16:15:51.844+0000] {dagbag.py:532} INFO - Filling up the DagBag from /opt/airflow/dags/game_alert.py
[2023-05-28T16:15:52.169+0000] {processor.py:753} INFO - DAG(s) dict_keys(['game_alert']) retrieved from /opt/airflow/dags/game_alert.py
[2023-05-28T16:15:52.227+0000] {logging_mixin.py:137} INFO - [2023-05-28T16:15:52.227+0000] {dag.py:2693} INFO - Sync 1 DAGs
[2023-05-28T16:15:52.413+0000] {logging_mixin.py:137} INFO - [2023-05-28T16:15:52.413+0000] {dag.py:3444} INFO - Setting next_dagrun for game_alert to 2023-05-28T15:00:00+00:00, run_after=2023-05-29T15:00:00+00:00
[2023-05-28T16:15:52.433+0000] {processor.py:175} INFO - Processing /opt/airflow/dags/game_alert.py took 0.602 seconds
[2023-05-28T16:16:23.024+0000] {processor.py:153} INFO - Started process (PID=1176) to work on /opt/airflow/dags/game_alert.py
[2023-05-28T16:16:23.025+0000] {processor.py:743} INFO - Processing file /opt/airflow/dags/game_alert.py for tasks to queue
[2023-05-28T16:16:23.026+0000] {logging_mixin.py:137} INFO - [2023-05-28T16:16:23.025+0000] {dagbag.py:532} INFO - Filling up the DagBag from /opt/airflow/dags/game_alert.py
[2023-05-28T16:16:23.360+0000] {processor.py:753} INFO - DAG(s) dict_keys(['game_alert']) retrieved from /opt/airflow/dags/game_alert.py
[2023-05-28T16:16:23.393+0000] {logging_mixin.py:137} INFO - [2023-05-28T16:16:23.393+0000] {dag.py:2693} INFO - Sync 1 DAGs
[2023-05-28T16:16:23.583+0000] {logging_mixin.py:137} INFO - [2023-05-28T16:16:23.583+0000] {dag.py:3444} INFO - Setting next_dagrun for game_alert to 2023-05-28T15:00:00+00:00, run_after=2023-05-29T15:00:00+00:00
[2023-05-28T16:16:23.602+0000] {processor.py:175} INFO - Processing /opt/airflow/dags/game_alert.py took 0.600 seconds
[2023-05-28T16:16:54.209+0000] {processor.py:153} INFO - Started process (PID=1227) to work on /opt/airflow/dags/game_alert.py
[2023-05-28T16:16:54.211+0000] {processor.py:743} INFO - Processing file /opt/airflow/dags/game_alert.py for tasks to queue
[2023-05-28T16:16:54.212+0000] {logging_mixin.py:137} INFO - [2023-05-28T16:16:54.212+0000] {dagbag.py:532} INFO - Filling up the DagBag from /opt/airflow/dags/game_alert.py
[2023-05-28T16:16:54.519+0000] {processor.py:753} INFO - DAG(s) dict_keys(['game_alert']) retrieved from /opt/airflow/dags/game_alert.py
[2023-05-28T16:16:54.553+0000] {logging_mixin.py:137} INFO - [2023-05-28T16:16:54.553+0000] {dag.py:2693} INFO - Sync 1 DAGs
[2023-05-28T16:16:54.589+0000] {logging_mixin.py:137} INFO - [2023-05-28T16:16:54.589+0000] {dag.py:3444} INFO - Setting next_dagrun for game_alert to 2023-05-28T15:00:00+00:00, run_after=2023-05-29T15:00:00+00:00
[2023-05-28T16:16:54.611+0000] {processor.py:175} INFO - Processing /opt/airflow/dags/game_alert.py took 0.406 seconds
[2023-05-28T16:17:24.767+0000] {processor.py:153} INFO - Started process (PID=1280) to work on /opt/airflow/dags/game_alert.py
[2023-05-28T16:17:24.767+0000] {processor.py:743} INFO - Processing file /opt/airflow/dags/game_alert.py for tasks to queue
[2023-05-28T16:17:24.768+0000] {logging_mixin.py:137} INFO - [2023-05-28T16:17:24.768+0000] {dagbag.py:532} INFO - Filling up the DagBag from /opt/airflow/dags/game_alert.py
[2023-05-28T16:17:25.207+0000] {processor.py:753} INFO - DAG(s) dict_keys(['game_alert']) retrieved from /opt/airflow/dags/game_alert.py
[2023-05-28T16:17:25.238+0000] {logging_mixin.py:137} INFO - [2023-05-28T16:17:25.238+0000] {dag.py:2693} INFO - Sync 1 DAGs
[2023-05-28T16:17:25.272+0000] {logging_mixin.py:137} INFO - [2023-05-28T16:17:25.272+0000] {dag.py:3444} INFO - Setting next_dagrun for game_alert to 2023-05-28T15:00:00+00:00, run_after=2023-05-29T15:00:00+00:00
[2023-05-28T16:17:25.292+0000] {processor.py:175} INFO - Processing /opt/airflow/dags/game_alert.py took 0.529 seconds
[2023-05-28T16:17:55.392+0000] {processor.py:153} INFO - Started process (PID=1333) to work on /opt/airflow/dags/game_alert.py
[2023-05-28T16:17:55.393+0000] {processor.py:743} INFO - Processing file /opt/airflow/dags/game_alert.py for tasks to queue
[2023-05-28T16:17:55.394+0000] {logging_mixin.py:137} INFO - [2023-05-28T16:17:55.393+0000] {dagbag.py:532} INFO - Filling up the DagBag from /opt/airflow/dags/game_alert.py
[2023-05-28T16:17:55.683+0000] {processor.py:753} INFO - DAG(s) dict_keys(['game_alert']) retrieved from /opt/airflow/dags/game_alert.py
[2023-05-28T16:17:55.715+0000] {logging_mixin.py:137} INFO - [2023-05-28T16:17:55.714+0000] {dag.py:2693} INFO - Sync 1 DAGs
[2023-05-28T16:17:55.907+0000] {logging_mixin.py:137} INFO - [2023-05-28T16:17:55.907+0000] {dag.py:3444} INFO - Setting next_dagrun for game_alert to 2023-05-28T15:00:00+00:00, run_after=2023-05-29T15:00:00+00:00
[2023-05-28T16:17:55.926+0000] {processor.py:175} INFO - Processing /opt/airflow/dags/game_alert.py took 0.539 seconds
[2023-05-28T16:18:25.991+0000] {processor.py:153} INFO - Started process (PID=1387) to work on /opt/airflow/dags/game_alert.py
[2023-05-28T16:18:25.992+0000] {processor.py:743} INFO - Processing file /opt/airflow/dags/game_alert.py for tasks to queue
[2023-05-28T16:18:25.993+0000] {logging_mixin.py:137} INFO - [2023-05-28T16:18:25.993+0000] {dagbag.py:532} INFO - Filling up the DagBag from /opt/airflow/dags/game_alert.py
[2023-05-28T16:18:26.296+0000] {processor.py:753} INFO - DAG(s) dict_keys(['game_alert']) retrieved from /opt/airflow/dags/game_alert.py
[2023-05-28T16:18:26.332+0000] {logging_mixin.py:137} INFO - [2023-05-28T16:18:26.331+0000] {dag.py:2693} INFO - Sync 1 DAGs
[2023-05-28T16:18:26.365+0000] {logging_mixin.py:137} INFO - [2023-05-28T16:18:26.364+0000] {dag.py:3444} INFO - Setting next_dagrun for game_alert to 2023-05-28T15:00:00+00:00, run_after=2023-05-29T15:00:00+00:00
[2023-05-28T16:18:26.384+0000] {processor.py:175} INFO - Processing /opt/airflow/dags/game_alert.py took 0.396 seconds
[2023-05-28T16:18:56.636+0000] {processor.py:153} INFO - Started process (PID=1439) to work on /opt/airflow/dags/game_alert.py
[2023-05-28T16:18:56.639+0000] {processor.py:743} INFO - Processing file /opt/airflow/dags/game_alert.py for tasks to queue
[2023-05-28T16:18:56.640+0000] {logging_mixin.py:137} INFO - [2023-05-28T16:18:56.640+0000] {dagbag.py:532} INFO - Filling up the DagBag from /opt/airflow/dags/game_alert.py
[2023-05-28T16:18:56.914+0000] {processor.py:753} INFO - DAG(s) dict_keys(['game_alert']) retrieved from /opt/airflow/dags/game_alert.py
[2023-05-28T16:18:56.946+0000] {logging_mixin.py:137} INFO - [2023-05-28T16:18:56.945+0000] {dag.py:2693} INFO - Sync 1 DAGs
[2023-05-28T16:18:56.980+0000] {logging_mixin.py:137} INFO - [2023-05-28T16:18:56.980+0000] {dag.py:3444} INFO - Setting next_dagrun for game_alert to 2023-05-28T15:00:00+00:00, run_after=2023-05-29T15:00:00+00:00
[2023-05-28T16:18:57.000+0000] {processor.py:175} INFO - Processing /opt/airflow/dags/game_alert.py took 0.367 seconds
[2023-05-28T16:19:27.078+0000] {processor.py:153} INFO - Started process (PID=1489) to work on /opt/airflow/dags/game_alert.py
[2023-05-28T16:19:27.079+0000] {processor.py:743} INFO - Processing file /opt/airflow/dags/game_alert.py for tasks to queue
[2023-05-28T16:19:27.080+0000] {logging_mixin.py:137} INFO - [2023-05-28T16:19:27.079+0000] {dagbag.py:532} INFO - Filling up the DagBag from /opt/airflow/dags/game_alert.py
[2023-05-28T16:19:27.343+0000] {processor.py:753} INFO - DAG(s) dict_keys(['game_alert']) retrieved from /opt/airflow/dags/game_alert.py
[2023-05-28T16:19:27.377+0000] {logging_mixin.py:137} INFO - [2023-05-28T16:19:27.376+0000] {dag.py:2693} INFO - Sync 1 DAGs
[2023-05-28T16:19:27.560+0000] {logging_mixin.py:137} INFO - [2023-05-28T16:19:27.560+0000] {dag.py:3444} INFO - Setting next_dagrun for game_alert to 2023-05-28T15:00:00+00:00, run_after=2023-05-29T15:00:00+00:00
[2023-05-28T16:19:27.580+0000] {processor.py:175} INFO - Processing /opt/airflow/dags/game_alert.py took 0.506 seconds
[2023-05-28T16:19:58.054+0000] {processor.py:153} INFO - Started process (PID=1540) to work on /opt/airflow/dags/game_alert.py
[2023-05-28T16:19:58.055+0000] {processor.py:743} INFO - Processing file /opt/airflow/dags/game_alert.py for tasks to queue
[2023-05-28T16:19:58.056+0000] {logging_mixin.py:137} INFO - [2023-05-28T16:19:58.056+0000] {dagbag.py:532} INFO - Filling up the DagBag from /opt/airflow/dags/game_alert.py
[2023-05-28T16:19:58.336+0000] {processor.py:753} INFO - DAG(s) dict_keys(['game_alert']) retrieved from /opt/airflow/dags/game_alert.py
[2023-05-28T16:19:58.370+0000] {logging_mixin.py:137} INFO - [2023-05-28T16:19:58.370+0000] {dag.py:2693} INFO - Sync 1 DAGs
[2023-05-28T16:19:58.553+0000] {logging_mixin.py:137} INFO - [2023-05-28T16:19:58.553+0000] {dag.py:3444} INFO - Setting next_dagrun for game_alert to 2023-05-28T15:00:00+00:00, run_after=2023-05-29T15:00:00+00:00
[2023-05-28T16:19:58.573+0000] {processor.py:175} INFO - Processing /opt/airflow/dags/game_alert.py took 0.524 seconds
[2023-05-28T16:20:28.638+0000] {processor.py:153} INFO - Started process (PID=1594) to work on /opt/airflow/dags/game_alert.py
[2023-05-28T16:20:28.639+0000] {processor.py:743} INFO - Processing file /opt/airflow/dags/game_alert.py for tasks to queue
[2023-05-28T16:20:28.640+0000] {logging_mixin.py:137} INFO - [2023-05-28T16:20:28.640+0000] {dagbag.py:532} INFO - Filling up the DagBag from /opt/airflow/dags/game_alert.py
[2023-05-28T16:20:28.905+0000] {processor.py:753} INFO - DAG(s) dict_keys(['game_alert']) retrieved from /opt/airflow/dags/game_alert.py
[2023-05-28T16:20:28.938+0000] {logging_mixin.py:137} INFO - [2023-05-28T16:20:28.938+0000] {dag.py:2693} INFO - Sync 1 DAGs
[2023-05-28T16:20:28.973+0000] {logging_mixin.py:137} INFO - [2023-05-28T16:20:28.973+0000] {dag.py:3444} INFO - Setting next_dagrun for game_alert to 2023-05-28T15:00:00+00:00, run_after=2023-05-29T15:00:00+00:00
[2023-05-28T16:20:28.994+0000] {processor.py:175} INFO - Processing /opt/airflow/dags/game_alert.py took 0.359 seconds
[2023-05-28T16:20:59.781+0000] {processor.py:153} INFO - Started process (PID=1644) to work on /opt/airflow/dags/game_alert.py
[2023-05-28T16:20:59.782+0000] {processor.py:743} INFO - Processing file /opt/airflow/dags/game_alert.py for tasks to queue
[2023-05-28T16:20:59.783+0000] {logging_mixin.py:137} INFO - [2023-05-28T16:20:59.783+0000] {dagbag.py:532} INFO - Filling up the DagBag from /opt/airflow/dags/game_alert.py
[2023-05-28T16:21:00.210+0000] {processor.py:753} INFO - DAG(s) dict_keys(['game_alert']) retrieved from /opt/airflow/dags/game_alert.py
[2023-05-28T16:21:00.241+0000] {logging_mixin.py:137} INFO - [2023-05-28T16:21:00.240+0000] {dag.py:2693} INFO - Sync 1 DAGs
[2023-05-28T16:21:00.274+0000] {logging_mixin.py:137} INFO - [2023-05-28T16:21:00.273+0000] {dag.py:3444} INFO - Setting next_dagrun for game_alert to 2023-05-28T15:00:00+00:00, run_after=2023-05-29T15:00:00+00:00
[2023-05-28T16:21:00.294+0000] {processor.py:175} INFO - Processing /opt/airflow/dags/game_alert.py took 0.518 seconds
[2023-05-28T16:21:31.018+0000] {processor.py:153} INFO - Started process (PID=1696) to work on /opt/airflow/dags/game_alert.py
[2023-05-28T16:21:31.019+0000] {processor.py:743} INFO - Processing file /opt/airflow/dags/game_alert.py for tasks to queue
[2023-05-28T16:21:31.020+0000] {logging_mixin.py:137} INFO - [2023-05-28T16:21:31.020+0000] {dagbag.py:532} INFO - Filling up the DagBag from /opt/airflow/dags/game_alert.py
[2023-05-28T16:21:31.311+0000] {processor.py:753} INFO - DAG(s) dict_keys(['game_alert']) retrieved from /opt/airflow/dags/game_alert.py
[2023-05-28T16:21:31.345+0000] {logging_mixin.py:137} INFO - [2023-05-28T16:21:31.345+0000] {dag.py:2693} INFO - Sync 1 DAGs
[2023-05-28T16:21:31.533+0000] {logging_mixin.py:137} INFO - [2023-05-28T16:21:31.533+0000] {dag.py:3444} INFO - Setting next_dagrun for game_alert to 2023-05-28T15:00:00+00:00, run_after=2023-05-29T15:00:00+00:00
[2023-05-28T16:21:31.552+0000] {processor.py:175} INFO - Processing /opt/airflow/dags/game_alert.py took 0.538 seconds
[2023-05-28T16:22:02.048+0000] {processor.py:153} INFO - Started process (PID=1747) to work on /opt/airflow/dags/game_alert.py
[2023-05-28T16:22:02.054+0000] {processor.py:743} INFO - Processing file /opt/airflow/dags/game_alert.py for tasks to queue
[2023-05-28T16:22:02.054+0000] {logging_mixin.py:137} INFO - [2023-05-28T16:22:02.054+0000] {dagbag.py:532} INFO - Filling up the DagBag from /opt/airflow/dags/game_alert.py
[2023-05-28T16:22:02.336+0000] {processor.py:753} INFO - DAG(s) dict_keys(['game_alert']) retrieved from /opt/airflow/dags/game_alert.py
[2023-05-28T16:22:02.369+0000] {logging_mixin.py:137} INFO - [2023-05-28T16:22:02.369+0000] {dag.py:2693} INFO - Sync 1 DAGs
[2023-05-28T16:22:02.405+0000] {logging_mixin.py:137} INFO - [2023-05-28T16:22:02.405+0000] {dag.py:3444} INFO - Setting next_dagrun for game_alert to 2023-05-28T15:00:00+00:00, run_after=2023-05-29T15:00:00+00:00
[2023-05-28T16:22:02.425+0000] {processor.py:175} INFO - Processing /opt/airflow/dags/game_alert.py took 0.385 seconds
[2023-05-28T16:22:32.480+0000] {processor.py:153} INFO - Started process (PID=1799) to work on /opt/airflow/dags/game_alert.py
[2023-05-28T16:22:32.480+0000] {processor.py:743} INFO - Processing file /opt/airflow/dags/game_alert.py for tasks to queue
[2023-05-28T16:22:32.481+0000] {logging_mixin.py:137} INFO - [2023-05-28T16:22:32.481+0000] {dagbag.py:532} INFO - Filling up the DagBag from /opt/airflow/dags/game_alert.py
[2023-05-28T16:22:33.036+0000] {processor.py:753} INFO - DAG(s) dict_keys(['game_alert']) retrieved from /opt/airflow/dags/game_alert.py
[2023-05-28T16:22:33.096+0000] {logging_mixin.py:137} INFO - [2023-05-28T16:22:33.096+0000] {dag.py:2693} INFO - Sync 1 DAGs
[2023-05-28T16:22:33.163+0000] {logging_mixin.py:137} INFO - [2023-05-28T16:22:33.163+0000] {dag.py:3444} INFO - Setting next_dagrun for game_alert to 2023-05-28T15:00:00+00:00, run_after=2023-05-29T15:00:00+00:00
[2023-05-28T16:22:33.214+0000] {processor.py:175} INFO - Processing /opt/airflow/dags/game_alert.py took 0.750 seconds
[2023-05-28T16:23:03.721+0000] {processor.py:153} INFO - Started process (PID=1850) to work on /opt/airflow/dags/game_alert.py
[2023-05-28T16:23:03.722+0000] {processor.py:743} INFO - Processing file /opt/airflow/dags/game_alert.py for tasks to queue
[2023-05-28T16:23:03.723+0000] {logging_mixin.py:137} INFO - [2023-05-28T16:23:03.723+0000] {dagbag.py:532} INFO - Filling up the DagBag from /opt/airflow/dags/game_alert.py
[2023-05-28T16:23:04.001+0000] {processor.py:753} INFO - DAG(s) dict_keys(['game_alert']) retrieved from /opt/airflow/dags/game_alert.py
[2023-05-28T16:23:04.035+0000] {logging_mixin.py:137} INFO - [2023-05-28T16:23:04.035+0000] {dag.py:2693} INFO - Sync 1 DAGs
[2023-05-28T16:23:04.232+0000] {logging_mixin.py:137} INFO - [2023-05-28T16:23:04.231+0000] {dag.py:3444} INFO - Setting next_dagrun for game_alert to 2023-05-28T15:00:00+00:00, run_after=2023-05-29T15:00:00+00:00
[2023-05-28T16:23:04.252+0000] {processor.py:175} INFO - Processing /opt/airflow/dags/game_alert.py took 0.535 seconds
[2023-05-28T16:23:34.471+0000] {processor.py:153} INFO - Started process (PID=1900) to work on /opt/airflow/dags/game_alert.py
[2023-05-28T16:23:34.478+0000] {processor.py:743} INFO - Processing file /opt/airflow/dags/game_alert.py for tasks to queue
[2023-05-28T16:23:34.479+0000] {logging_mixin.py:137} INFO - [2023-05-28T16:23:34.479+0000] {dagbag.py:532} INFO - Filling up the DagBag from /opt/airflow/dags/game_alert.py
[2023-05-28T16:23:35.076+0000] {processor.py:753} INFO - DAG(s) dict_keys(['game_alert']) retrieved from /opt/airflow/dags/game_alert.py
[2023-05-28T16:23:35.180+0000] {logging_mixin.py:137} INFO - [2023-05-28T16:23:35.177+0000] {dag.py:2693} INFO - Sync 1 DAGs
[2023-05-28T16:23:35.515+0000] {logging_mixin.py:137} INFO - [2023-05-28T16:23:35.514+0000] {dag.py:3444} INFO - Setting next_dagrun for game_alert to 2023-05-28T15:00:00+00:00, run_after=2023-05-29T15:00:00+00:00
[2023-05-28T16:23:35.533+0000] {processor.py:175} INFO - Processing /opt/airflow/dags/game_alert.py took 1.082 seconds
[2023-05-28T16:24:05.567+0000] {processor.py:153} INFO - Started process (PID=1953) to work on /opt/airflow/dags/game_alert.py
[2023-05-28T16:24:05.575+0000] {processor.py:743} INFO - Processing file /opt/airflow/dags/game_alert.py for tasks to queue
[2023-05-28T16:24:05.576+0000] {logging_mixin.py:137} INFO - [2023-05-28T16:24:05.576+0000] {dagbag.py:532} INFO - Filling up the DagBag from /opt/airflow/dags/game_alert.py
[2023-05-28T16:24:06.043+0000] {processor.py:753} INFO - DAG(s) dict_keys(['game_alert']) retrieved from /opt/airflow/dags/game_alert.py
[2023-05-28T16:24:06.100+0000] {logging_mixin.py:137} INFO - [2023-05-28T16:24:06.099+0000] {dag.py:2693} INFO - Sync 1 DAGs
[2023-05-28T16:24:06.142+0000] {logging_mixin.py:137} INFO - [2023-05-28T16:24:06.142+0000] {dag.py:3444} INFO - Setting next_dagrun for game_alert to 2023-05-28T15:00:00+00:00, run_after=2023-05-29T15:00:00+00:00
[2023-05-28T16:24:06.180+0000] {processor.py:175} INFO - Processing /opt/airflow/dags/game_alert.py took 0.617 seconds
[2023-05-28T16:24:36.269+0000] {processor.py:153} INFO - Started process (PID=2006) to work on /opt/airflow/dags/game_alert.py
[2023-05-28T16:24:36.270+0000] {processor.py:743} INFO - Processing file /opt/airflow/dags/game_alert.py for tasks to queue
[2023-05-28T16:24:36.271+0000] {logging_mixin.py:137} INFO - [2023-05-28T16:24:36.271+0000] {dagbag.py:532} INFO - Filling up the DagBag from /opt/airflow/dags/game_alert.py
[2023-05-28T16:24:36.690+0000] {processor.py:753} INFO - DAG(s) dict_keys(['game_alert']) retrieved from /opt/airflow/dags/game_alert.py
[2023-05-28T16:24:36.720+0000] {logging_mixin.py:137} INFO - [2023-05-28T16:24:36.719+0000] {dag.py:2693} INFO - Sync 1 DAGs
[2023-05-28T16:24:36.752+0000] {logging_mixin.py:137} INFO - [2023-05-28T16:24:36.752+0000] {dag.py:3444} INFO - Setting next_dagrun for game_alert to 2023-05-28T15:00:00+00:00, run_after=2023-05-29T15:00:00+00:00
[2023-05-28T16:24:36.774+0000] {processor.py:175} INFO - Processing /opt/airflow/dags/game_alert.py took 0.510 seconds
[2023-05-28T16:25:07.072+0000] {processor.py:153} INFO - Started process (PID=2057) to work on /opt/airflow/dags/game_alert.py
[2023-05-28T16:25:07.074+0000] {processor.py:743} INFO - Processing file /opt/airflow/dags/game_alert.py for tasks to queue
[2023-05-28T16:25:07.075+0000] {logging_mixin.py:137} INFO - [2023-05-28T16:25:07.075+0000] {dagbag.py:532} INFO - Filling up the DagBag from /opt/airflow/dags/game_alert.py
[2023-05-28T16:25:07.355+0000] {processor.py:753} INFO - DAG(s) dict_keys(['game_alert']) retrieved from /opt/airflow/dags/game_alert.py
[2023-05-28T16:25:07.402+0000] {logging_mixin.py:137} INFO - [2023-05-28T16:25:07.401+0000] {dag.py:2693} INFO - Sync 1 DAGs
[2023-05-28T16:25:07.597+0000] {logging_mixin.py:137} INFO - [2023-05-28T16:25:07.597+0000] {dag.py:3444} INFO - Setting next_dagrun for game_alert to 2023-05-28T15:00:00+00:00, run_after=2023-05-29T15:00:00+00:00
[2023-05-28T16:25:07.617+0000] {processor.py:175} INFO - Processing /opt/airflow/dags/game_alert.py took 0.550 seconds
[2023-05-28T16:25:37.665+0000] {processor.py:153} INFO - Started process (PID=2111) to work on /opt/airflow/dags/game_alert.py
[2023-05-28T16:25:37.665+0000] {processor.py:743} INFO - Processing file /opt/airflow/dags/game_alert.py for tasks to queue
[2023-05-28T16:25:37.666+0000] {logging_mixin.py:137} INFO - [2023-05-28T16:25:37.666+0000] {dagbag.py:532} INFO - Filling up the DagBag from /opt/airflow/dags/game_alert.py
[2023-05-28T16:25:37.930+0000] {processor.py:753} INFO - DAG(s) dict_keys(['game_alert']) retrieved from /opt/airflow/dags/game_alert.py
[2023-05-28T16:25:37.964+0000] {logging_mixin.py:137} INFO - [2023-05-28T16:25:37.963+0000] {dag.py:2693} INFO - Sync 1 DAGs
[2023-05-28T16:25:37.999+0000] {logging_mixin.py:137} INFO - [2023-05-28T16:25:37.999+0000] {dag.py:3444} INFO - Setting next_dagrun for game_alert to 2023-05-28T15:00:00+00:00, run_after=2023-05-29T15:00:00+00:00
[2023-05-28T16:25:38.020+0000] {processor.py:175} INFO - Processing /opt/airflow/dags/game_alert.py took 0.360 seconds
[2023-05-28T16:26:08.964+0000] {processor.py:153} INFO - Started process (PID=2163) to work on /opt/airflow/dags/game_alert.py
[2023-05-28T16:26:08.967+0000] {processor.py:743} INFO - Processing file /opt/airflow/dags/game_alert.py for tasks to queue
[2023-05-28T16:26:08.968+0000] {logging_mixin.py:137} INFO - [2023-05-28T16:26:08.968+0000] {dagbag.py:532} INFO - Filling up the DagBag from /opt/airflow/dags/game_alert.py
[2023-05-28T16:26:09.272+0000] {processor.py:753} INFO - DAG(s) dict_keys(['game_alert']) retrieved from /opt/airflow/dags/game_alert.py
[2023-05-28T16:26:09.306+0000] {logging_mixin.py:137} INFO - [2023-05-28T16:26:09.306+0000] {dag.py:2693} INFO - Sync 1 DAGs
[2023-05-28T16:26:09.340+0000] {logging_mixin.py:137} INFO - [2023-05-28T16:26:09.340+0000] {dag.py:3444} INFO - Setting next_dagrun for game_alert to 2023-05-28T15:00:00+00:00, run_after=2023-05-29T15:00:00+00:00
[2023-05-28T16:26:09.368+0000] {processor.py:175} INFO - Processing /opt/airflow/dags/game_alert.py took 0.408 seconds
[2023-05-28T16:26:39.397+0000] {processor.py:153} INFO - Started process (PID=2215) to work on /opt/airflow/dags/game_alert.py
[2023-05-28T16:26:39.398+0000] {processor.py:743} INFO - Processing file /opt/airflow/dags/game_alert.py for tasks to queue
[2023-05-28T16:26:39.398+0000] {logging_mixin.py:137} INFO - [2023-05-28T16:26:39.398+0000] {dagbag.py:532} INFO - Filling up the DagBag from /opt/airflow/dags/game_alert.py
[2023-05-28T16:26:39.896+0000] {processor.py:753} INFO - DAG(s) dict_keys(['game_alert']) retrieved from /opt/airflow/dags/game_alert.py
[2023-05-28T16:26:39.926+0000] {logging_mixin.py:137} INFO - [2023-05-28T16:26:39.925+0000] {dag.py:2693} INFO - Sync 1 DAGs
[2023-05-28T16:26:39.960+0000] {logging_mixin.py:137} INFO - [2023-05-28T16:26:39.960+0000] {dag.py:3444} INFO - Setting next_dagrun for game_alert to 2023-05-28T15:00:00+00:00, run_after=2023-05-29T15:00:00+00:00
[2023-05-28T16:26:39.980+0000] {processor.py:175} INFO - Processing /opt/airflow/dags/game_alert.py took 0.588 seconds
[2023-05-28T16:27:10.707+0000] {processor.py:153} INFO - Started process (PID=2267) to work on /opt/airflow/dags/game_alert.py
[2023-05-28T16:27:10.708+0000] {processor.py:743} INFO - Processing file /opt/airflow/dags/game_alert.py for tasks to queue
[2023-05-28T16:27:10.709+0000] {logging_mixin.py:137} INFO - [2023-05-28T16:27:10.709+0000] {dagbag.py:532} INFO - Filling up the DagBag from /opt/airflow/dags/game_alert.py
[2023-05-28T16:27:11.004+0000] {processor.py:753} INFO - DAG(s) dict_keys(['game_alert']) retrieved from /opt/airflow/dags/game_alert.py
[2023-05-28T16:27:11.210+0000] {logging_mixin.py:137} INFO - [2023-05-28T16:27:11.209+0000] {dag.py:2693} INFO - Sync 1 DAGs
[2023-05-28T16:27:11.243+0000] {logging_mixin.py:137} INFO - [2023-05-28T16:27:11.243+0000] {dag.py:3444} INFO - Setting next_dagrun for game_alert to 2023-05-28T15:00:00+00:00, run_after=2023-05-29T15:00:00+00:00
[2023-05-28T16:27:11.263+0000] {processor.py:175} INFO - Processing /opt/airflow/dags/game_alert.py took 0.560 seconds
[2023-05-28T16:27:41.492+0000] {processor.py:153} INFO - Started process (PID=2318) to work on /opt/airflow/dags/game_alert.py
[2023-05-28T16:27:41.493+0000] {processor.py:743} INFO - Processing file /opt/airflow/dags/game_alert.py for tasks to queue
[2023-05-28T16:27:41.494+0000] {logging_mixin.py:137} INFO - [2023-05-28T16:27:41.493+0000] {dagbag.py:532} INFO - Filling up the DagBag from /opt/airflow/dags/game_alert.py
[2023-05-28T16:27:41.788+0000] {processor.py:753} INFO - DAG(s) dict_keys(['game_alert']) retrieved from /opt/airflow/dags/game_alert.py
[2023-05-28T16:27:41.822+0000] {logging_mixin.py:137} INFO - [2023-05-28T16:27:41.821+0000] {dag.py:2693} INFO - Sync 1 DAGs
[2023-05-28T16:27:41.855+0000] {logging_mixin.py:137} INFO - [2023-05-28T16:27:41.855+0000] {dag.py:3444} INFO - Setting next_dagrun for game_alert to 2023-05-28T15:00:00+00:00, run_after=2023-05-29T15:00:00+00:00
[2023-05-28T16:27:41.875+0000] {processor.py:175} INFO - Processing /opt/airflow/dags/game_alert.py took 0.387 seconds
[2023-05-28T16:28:12.256+0000] {processor.py:153} INFO - Started process (PID=2370) to work on /opt/airflow/dags/game_alert.py
[2023-05-28T16:28:12.257+0000] {processor.py:743} INFO - Processing file /opt/airflow/dags/game_alert.py for tasks to queue
[2023-05-28T16:28:12.258+0000] {logging_mixin.py:137} INFO - [2023-05-28T16:28:12.258+0000] {dagbag.py:532} INFO - Filling up the DagBag from /opt/airflow/dags/game_alert.py
[2023-05-28T16:28:12.721+0000] {processor.py:753} INFO - DAG(s) dict_keys(['game_alert']) retrieved from /opt/airflow/dags/game_alert.py
[2023-05-28T16:28:12.750+0000] {logging_mixin.py:137} INFO - [2023-05-28T16:28:12.750+0000] {dag.py:2693} INFO - Sync 1 DAGs
[2023-05-28T16:28:12.781+0000] {logging_mixin.py:137} INFO - [2023-05-28T16:28:12.781+0000] {dag.py:3444} INFO - Setting next_dagrun for game_alert to 2023-05-28T15:00:00+00:00, run_after=2023-05-29T15:00:00+00:00
[2023-05-28T16:28:12.808+0000] {processor.py:175} INFO - Processing /opt/airflow/dags/game_alert.py took 0.557 seconds
[2023-05-28T16:28:43.246+0000] {processor.py:153} INFO - Started process (PID=2422) to work on /opt/airflow/dags/game_alert.py
[2023-05-28T16:28:43.247+0000] {processor.py:743} INFO - Processing file /opt/airflow/dags/game_alert.py for tasks to queue
[2023-05-28T16:28:43.248+0000] {logging_mixin.py:137} INFO - [2023-05-28T16:28:43.248+0000] {dagbag.py:532} INFO - Filling up the DagBag from /opt/airflow/dags/game_alert.py
[2023-05-28T16:28:43.529+0000] {processor.py:753} INFO - DAG(s) dict_keys(['game_alert']) retrieved from /opt/airflow/dags/game_alert.py
[2023-05-28T16:28:43.561+0000] {logging_mixin.py:137} INFO - [2023-05-28T16:28:43.561+0000] {dag.py:2693} INFO - Sync 1 DAGs
[2023-05-28T16:28:43.762+0000] {logging_mixin.py:137} INFO - [2023-05-28T16:28:43.761+0000] {dag.py:3444} INFO - Setting next_dagrun for game_alert to 2023-05-28T15:00:00+00:00, run_after=2023-05-29T15:00:00+00:00
[2023-05-28T16:28:43.781+0000] {processor.py:175} INFO - Processing /opt/airflow/dags/game_alert.py took 0.539 seconds
[2023-05-28T16:29:14.068+0000] {processor.py:153} INFO - Started process (PID=2473) to work on /opt/airflow/dags/game_alert.py
[2023-05-28T16:29:14.069+0000] {processor.py:743} INFO - Processing file /opt/airflow/dags/game_alert.py for tasks to queue
[2023-05-28T16:29:14.070+0000] {logging_mixin.py:137} INFO - [2023-05-28T16:29:14.069+0000] {dagbag.py:532} INFO - Filling up the DagBag from /opt/airflow/dags/game_alert.py
[2023-05-28T16:29:14.528+0000] {processor.py:753} INFO - DAG(s) dict_keys(['game_alert']) retrieved from /opt/airflow/dags/game_alert.py
[2023-05-28T16:29:14.591+0000] {logging_mixin.py:137} INFO - [2023-05-28T16:29:14.590+0000] {dag.py:2693} INFO - Sync 1 DAGs
[2023-05-28T16:29:14.625+0000] {logging_mixin.py:137} INFO - [2023-05-28T16:29:14.625+0000] {dag.py:3444} INFO - Setting next_dagrun for game_alert to 2023-05-28T15:00:00+00:00, run_after=2023-05-29T15:00:00+00:00
[2023-05-28T16:29:14.671+0000] {processor.py:175} INFO - Processing /opt/airflow/dags/game_alert.py took 0.614 seconds
[2023-05-28T16:29:45.284+0000] {processor.py:153} INFO - Started process (PID=2525) to work on /opt/airflow/dags/game_alert.py
[2023-05-28T16:29:45.293+0000] {processor.py:743} INFO - Processing file /opt/airflow/dags/game_alert.py for tasks to queue
[2023-05-28T16:29:45.294+0000] {logging_mixin.py:137} INFO - [2023-05-28T16:29:45.294+0000] {dagbag.py:532} INFO - Filling up the DagBag from /opt/airflow/dags/game_alert.py
[2023-05-28T16:29:45.953+0000] {processor.py:753} INFO - DAG(s) dict_keys(['game_alert']) retrieved from /opt/airflow/dags/game_alert.py
[2023-05-28T16:29:45.997+0000] {logging_mixin.py:137} INFO - [2023-05-28T16:29:45.997+0000] {dag.py:2693} INFO - Sync 1 DAGs
[2023-05-28T16:29:46.032+0000] {logging_mixin.py:137} INFO - [2023-05-28T16:29:46.032+0000] {dag.py:3444} INFO - Setting next_dagrun for game_alert to 2023-05-28T15:00:00+00:00, run_after=2023-05-29T15:00:00+00:00
[2023-05-28T16:29:46.063+0000] {processor.py:175} INFO - Processing /opt/airflow/dags/game_alert.py took 0.783 seconds
[2023-05-28T16:30:16.970+0000] {processor.py:153} INFO - Started process (PID=2578) to work on /opt/airflow/dags/game_alert.py
[2023-05-28T16:30:16.971+0000] {processor.py:743} INFO - Processing file /opt/airflow/dags/game_alert.py for tasks to queue
[2023-05-28T16:30:16.972+0000] {logging_mixin.py:137} INFO - [2023-05-28T16:30:16.972+0000] {dagbag.py:532} INFO - Filling up the DagBag from /opt/airflow/dags/game_alert.py
[2023-05-28T16:30:17.386+0000] {processor.py:753} INFO - DAG(s) dict_keys(['game_alert']) retrieved from /opt/airflow/dags/game_alert.py
[2023-05-28T16:30:17.415+0000] {logging_mixin.py:137} INFO - [2023-05-28T16:30:17.415+0000] {dag.py:2693} INFO - Sync 1 DAGs
[2023-05-28T16:30:17.449+0000] {logging_mixin.py:137} INFO - [2023-05-28T16:30:17.448+0000] {dag.py:3444} INFO - Setting next_dagrun for game_alert to 2023-05-28T15:00:00+00:00, run_after=2023-05-29T15:00:00+00:00
[2023-05-28T16:30:17.469+0000] {processor.py:175} INFO - Processing /opt/airflow/dags/game_alert.py took 0.504 seconds
[2023-05-28T16:30:48.418+0000] {processor.py:153} INFO - Started process (PID=2629) to work on /opt/airflow/dags/game_alert.py
[2023-05-28T16:30:48.419+0000] {processor.py:743} INFO - Processing file /opt/airflow/dags/game_alert.py for tasks to queue
[2023-05-28T16:30:48.420+0000] {logging_mixin.py:137} INFO - [2023-05-28T16:30:48.420+0000] {dagbag.py:532} INFO - Filling up the DagBag from /opt/airflow/dags/game_alert.py
[2023-05-28T16:30:48.710+0000] {processor.py:753} INFO - DAG(s) dict_keys(['game_alert']) retrieved from /opt/airflow/dags/game_alert.py
[2023-05-28T16:30:48.909+0000] {logging_mixin.py:137} INFO - [2023-05-28T16:30:48.908+0000] {dag.py:2693} INFO - Sync 1 DAGs
[2023-05-28T16:30:48.942+0000] {logging_mixin.py:137} INFO - [2023-05-28T16:30:48.942+0000] {dag.py:3444} INFO - Setting next_dagrun for game_alert to 2023-05-28T15:00:00+00:00, run_after=2023-05-29T15:00:00+00:00
[2023-05-28T16:30:48.963+0000] {processor.py:175} INFO - Processing /opt/airflow/dags/game_alert.py took 0.549 seconds
