[2023-05-09T02:32:06.862+0000] {taskinstance.py:1084} INFO - Dependencies all met for dep_context=non-requeueable deps ti=<TaskInstance: get_todays_gamesv2.call_standings_task manual__2023-05-09T02:32:00.371848+00:00 [queued]>
[2023-05-09T02:32:06.874+0000] {taskinstance.py:1084} INFO - Dependencies all met for dep_context=requeueable deps ti=<TaskInstance: get_todays_gamesv2.call_standings_task manual__2023-05-09T02:32:00.371848+00:00 [queued]>
[2023-05-09T02:32:06.875+0000] {taskinstance.py:1282} INFO - 
--------------------------------------------------------------------------------
[2023-05-09T02:32:06.875+0000] {taskinstance.py:1283} INFO - Starting attempt 1 of 1
[2023-05-09T02:32:06.875+0000] {taskinstance.py:1284} INFO - 
--------------------------------------------------------------------------------
[2023-05-09T02:32:06.891+0000] {taskinstance.py:1303} INFO - Executing <Task(PythonOperator): call_standings_task> on 2023-05-09 02:32:00.371848+00:00
[2023-05-09T02:32:06.897+0000] {standard_task_runner.py:55} INFO - Started process 959 to run task
[2023-05-09T02:32:06.901+0000] {standard_task_runner.py:82} INFO - Running: ['***', 'tasks', 'run', 'get_todays_gamesv2', 'call_standings_task', 'manual__2023-05-09T02:32:00.371848+00:00', '--job-id', '1186', '--raw', '--subdir', 'DAGS_FOLDER/todays_gamesv2.py', '--cfg-path', '/tmp/tmpywq4778y']
[2023-05-09T02:32:06.901+0000] {standard_task_runner.py:83} INFO - Job 1186: Subtask call_standings_task
[2023-05-09T02:32:06.972+0000] {task_command.py:388} INFO - Running <TaskInstance: get_todays_gamesv2.call_standings_task manual__2023-05-09T02:32:00.371848+00:00 [running]> on host f7ab54451666
[2023-05-09T02:32:07.054+0000] {taskinstance.py:1511} INFO - Exporting the following env vars:
AIRFLOW_CTX_DAG_OWNER=***
AIRFLOW_CTX_DAG_ID=get_todays_gamesv2
AIRFLOW_CTX_TASK_ID=call_standings_task
AIRFLOW_CTX_EXECUTION_DATE=2023-05-09T02:32:00.371848+00:00
AIRFLOW_CTX_TRY_NUMBER=1
AIRFLOW_CTX_DAG_RUN_ID=manual__2023-05-09T02:32:00.371848+00:00
[2023-05-09T02:32:07.064+0000] {logging_mixin.py:137} INFO - {'0': {'game_id': 718247, 'game_datetime': '2023-05-09T23:05:00Z', 'game_date': '2023-05-09', 'game_type': 'R', 'status': 'Scheduled', 'away_name': 'Oakland Athletics', 'home_name': 'New York Yankees', 'away_id': 133, 'home_id': 147, 'doubleheader': 'N', 'game_num': 1, 'home_probable_pitcher': 'Clarke Schmidt', 'away_probable_pitcher': 'Drew Rucinski', 'home_pitcher_note': '', 'away_pitcher_note': '', 'away_score': '0', 'home_score': '0', 'current_inning': '', 'inning_state': '', 'venue_id': 3313, 'venue_name': 'Yankee Stadium', 'national_broadcasts': [], 'series_status': None, 'summary': '2023-05-09 - Oakland Athletics @ New York Yankees (Scheduled)'}}
[2023-05-09T02:32:07.280+0000] {python.py:177} INFO - Done. Returned value was: None
[2023-05-09T02:32:07.291+0000] {taskinstance.py:1326} INFO - Marking task as SUCCESS. dag_id=get_todays_gamesv2, task_id=call_standings_task, execution_date=20230509T023200, start_date=20230509T023206, end_date=20230509T023207
[2023-05-09T02:32:07.312+0000] {local_task_job.py:212} INFO - Task exited with return code 0
[2023-05-09T02:32:07.352+0000] {taskinstance.py:2585} INFO - 2 downstream tasks scheduled from follow-on schedule check
