[2023-05-02T01:06:19.701+0000] {taskinstance.py:1084} INFO - Dependencies all met for dep_context=non-requeueable deps ti=<TaskInstance: get_todays_gamesv2.delete_xcoms manual__2023-05-02T01:06:08.690760+00:00 [queued]>
[2023-05-02T01:06:19.714+0000] {taskinstance.py:1084} INFO - Dependencies all met for dep_context=requeueable deps ti=<TaskInstance: get_todays_gamesv2.delete_xcoms manual__2023-05-02T01:06:08.690760+00:00 [queued]>
[2023-05-02T01:06:19.714+0000] {taskinstance.py:1282} INFO - 
--------------------------------------------------------------------------------
[2023-05-02T01:06:19.715+0000] {taskinstance.py:1283} INFO - Starting attempt 1 of 1
[2023-05-02T01:06:19.715+0000] {taskinstance.py:1284} INFO - 
--------------------------------------------------------------------------------
[2023-05-02T01:06:19.738+0000] {taskinstance.py:1303} INFO - Executing <Task(PythonOperator): delete_xcoms> on 2023-05-02 01:06:08.690760+00:00
[2023-05-02T01:06:19.746+0000] {standard_task_runner.py:55} INFO - Started process 33284 to run task
[2023-05-02T01:06:19.754+0000] {standard_task_runner.py:82} INFO - Running: ['***', 'tasks', 'run', 'get_todays_gamesv2', 'delete_xcoms', 'manual__2023-05-02T01:06:08.690760+00:00', '--job-id', '783', '--raw', '--subdir', 'DAGS_FOLDER/todays_gamesv2.py', '--cfg-path', '/tmp/tmp5o6176s1']
[2023-05-02T01:06:19.755+0000] {standard_task_runner.py:83} INFO - Job 783: Subtask delete_xcoms
[2023-05-02T01:06:19.851+0000] {task_command.py:388} INFO - Running <TaskInstance: get_todays_gamesv2.delete_xcoms manual__2023-05-02T01:06:08.690760+00:00 [running]> on host f789e77bc70a
[2023-05-02T01:06:20.010+0000] {taskinstance.py:1511} INFO - Exporting the following env vars:
AIRFLOW_CTX_DAG_OWNER=***
AIRFLOW_CTX_DAG_ID=get_todays_gamesv2
AIRFLOW_CTX_TASK_ID=delete_xcoms
AIRFLOW_CTX_EXECUTION_DATE=2023-05-02T01:06:08.690760+00:00
AIRFLOW_CTX_TRY_NUMBER=1
AIRFLOW_CTX_DAG_RUN_ID=manual__2023-05-02T01:06:08.690760+00:00
[2023-05-02T01:06:20.020+0000] {logging_mixin.py:137} INFO - Deleted 2 XCom rows
[2023-05-02T01:06:20.021+0000] {python.py:177} INFO - Done. Returned value was: None
[2023-05-02T01:06:20.035+0000] {taskinstance.py:1326} INFO - Marking task as SUCCESS. dag_id=get_todays_gamesv2, task_id=delete_xcoms, execution_date=20230502T010608, start_date=20230502T010619, end_date=20230502T010620
[2023-05-02T01:06:20.086+0000] {local_task_job.py:212} INFO - Task exited with return code 0
[2023-05-02T01:06:20.123+0000] {taskinstance.py:2585} INFO - 0 downstream tasks scheduled from follow-on schedule check
