[2023-05-24T15:00:11.429+0000] {taskinstance.py:1084} INFO - Dependencies all met for dep_context=non-requeueable deps ti=<TaskInstance: get_todays_gamesv3.create_sql_table_task scheduled__2023-05-23T15:00:00+00:00 [queued]>
[2023-05-24T15:00:11.480+0000] {taskinstance.py:1084} INFO - Dependencies all met for dep_context=requeueable deps ti=<TaskInstance: get_todays_gamesv3.create_sql_table_task scheduled__2023-05-23T15:00:00+00:00 [queued]>
[2023-05-24T15:00:11.480+0000] {taskinstance.py:1282} INFO - 
--------------------------------------------------------------------------------
[2023-05-24T15:00:11.480+0000] {taskinstance.py:1283} INFO - Starting attempt 1 of 1
[2023-05-24T15:00:11.480+0000] {taskinstance.py:1284} INFO - 
--------------------------------------------------------------------------------
[2023-05-24T15:00:11.571+0000] {taskinstance.py:1303} INFO - Executing <Task(PostgresOperator): create_sql_table_task> on 2023-05-23 15:00:00+00:00
[2023-05-24T15:00:11.602+0000] {standard_task_runner.py:55} INFO - Started process 143 to run task
[2023-05-24T15:00:11.622+0000] {standard_task_runner.py:82} INFO - Running: ['***', 'tasks', 'run', 'get_todays_gamesv3', 'create_sql_table_task', 'scheduled__2023-05-23T15:00:00+00:00', '--job-id', '709', '--raw', '--subdir', 'DAGS_FOLDER/todays_gamesv3.py', '--cfg-path', '/tmp/tmpi_sqzodk']
[2023-05-24T15:00:11.622+0000] {standard_task_runner.py:83} INFO - Job 709: Subtask create_sql_table_task
[2023-05-24T15:00:11.833+0000] {task_command.py:388} INFO - Running <TaskInstance: get_todays_gamesv3.create_sql_table_task scheduled__2023-05-23T15:00:00+00:00 [running]> on host b03c83f459ca
[2023-05-24T15:00:12.106+0000] {taskinstance.py:1511} INFO - Exporting the following env vars:
AIRFLOW_CTX_DAG_OWNER=***
AIRFLOW_CTX_DAG_ID=get_todays_gamesv3
AIRFLOW_CTX_TASK_ID=create_sql_table_task
AIRFLOW_CTX_EXECUTION_DATE=2023-05-23T15:00:00+00:00
AIRFLOW_CTX_TRY_NUMBER=1
AIRFLOW_CTX_DAG_RUN_ID=scheduled__2023-05-23T15:00:00+00:00
[2023-05-24T15:00:12.108+0000] {sql.py:254} INFO - Executing: drop table if exists games;
create table games (
            away_name VARCHAR(40),
            home_name VARCHAR(40),
            away_probable_pitcher VARCHAR(40),
            home_probable_pitcher VARCHAR(40),
            venue_name VARCHAR(40),
            game_date DATE,
            home_wins INT,
            home_losses INT,
            home_gb DECIMAL,
            away_wins INT,
            away_losses INT,
            away_gb DECIMAL,
            team_win_prob VARCHAR(4),
            game_time VARCHAR(9)
            );
[2023-05-24T15:00:12.129+0000] {base.py:73} INFO - Using connection ID 'postgres_localhost' for task execution.
[2023-05-24T15:00:12.974+0000] {base.py:73} INFO - Using connection ID 'postgres_localhost' for task execution.
[2023-05-24T15:00:12.978+0000] {sql.py:375} INFO - Running statement: drop table if exists games;
create table games (
            away_name VARCHAR(40),
            home_name VARCHAR(40),
            away_probable_pitcher VARCHAR(40),
            home_probable_pitcher VARCHAR(40),
            venue_name VARCHAR(40),
            game_date DATE,
            home_wins INT,
            home_losses INT,
            home_gb DECIMAL,
            away_wins INT,
            away_losses INT,
            away_gb DECIMAL,
            team_win_prob VARCHAR(4),
            game_time VARCHAR(9)
            );, parameters: None
[2023-05-24T15:00:13.065+0000] {taskinstance.py:1326} INFO - Marking task as SUCCESS. dag_id=get_todays_gamesv3, task_id=create_sql_table_task, execution_date=20230523T150000, start_date=20230524T150011, end_date=20230524T150013
[2023-05-24T15:00:13.127+0000] {local_task_job.py:212} INFO - Task exited with return code 0
[2023-05-24T15:00:13.237+0000] {taskinstance.py:2585} INFO - 0 downstream tasks scheduled from follow-on schedule check
