[2023-05-23T23:20:25.128+0000] {taskinstance.py:1084} INFO - Dependencies all met for dep_context=non-requeueable deps ti=<TaskInstance: get_todays_gamesv3.check_game_today_task manual__2023-05-23T23:20:19.216408+00:00 [queued]>
[2023-05-23T23:20:25.138+0000] {taskinstance.py:1084} INFO - Dependencies all met for dep_context=requeueable deps ti=<TaskInstance: get_todays_gamesv3.check_game_today_task manual__2023-05-23T23:20:19.216408+00:00 [queued]>
[2023-05-23T23:20:25.138+0000] {taskinstance.py:1282} INFO - 
--------------------------------------------------------------------------------
[2023-05-23T23:20:25.139+0000] {taskinstance.py:1283} INFO - Starting attempt 1 of 1
[2023-05-23T23:20:25.139+0000] {taskinstance.py:1284} INFO - 
--------------------------------------------------------------------------------
[2023-05-23T23:20:25.154+0000] {taskinstance.py:1303} INFO - Executing <Task(BranchPythonOperator): check_game_today_task> on 2023-05-23 23:20:19.216408+00:00
[2023-05-23T23:20:25.161+0000] {standard_task_runner.py:55} INFO - Started process 416 to run task
[2023-05-23T23:20:25.165+0000] {standard_task_runner.py:82} INFO - Running: ['***', 'tasks', 'run', 'get_todays_gamesv3', 'check_game_today_task', 'manual__2023-05-23T23:20:19.216408+00:00', '--job-id', '508', '--raw', '--subdir', 'DAGS_FOLDER/todays_gamesv3.py', '--cfg-path', '/tmp/tmp5g1kb6nl']
[2023-05-23T23:20:25.165+0000] {standard_task_runner.py:83} INFO - Job 508: Subtask check_game_today_task
[2023-05-23T23:20:25.234+0000] {task_command.py:388} INFO - Running <TaskInstance: get_todays_gamesv3.check_game_today_task manual__2023-05-23T23:20:19.216408+00:00 [running]> on host b03c83f459ca
[2023-05-23T23:20:25.317+0000] {taskinstance.py:1511} INFO - Exporting the following env vars:
AIRFLOW_CTX_DAG_OWNER=***
AIRFLOW_CTX_DAG_ID=get_todays_gamesv3
AIRFLOW_CTX_TASK_ID=check_game_today_task
AIRFLOW_CTX_EXECUTION_DATE=2023-05-23T23:20:19.216408+00:00
AIRFLOW_CTX_TRY_NUMBER=1
AIRFLOW_CTX_DAG_RUN_ID=manual__2023-05-23T23:20:19.216408+00:00
[2023-05-23T23:20:25.320+0000] {logging_mixin.py:137} INFO - 2023-05-23
[2023-05-23T23:20:25.331+0000] {logging_mixin.py:137} INFO - There is a game today.
[2023-05-23T23:20:25.331+0000] {python.py:177} INFO - Done. Returned value was: print_game_today
[2023-05-23T23:20:25.331+0000] {python.py:211} INFO - Branch callable return print_game_today
[2023-05-23T23:20:25.331+0000] {skipmixin.py:155} INFO - Following branch print_game_today
[2023-05-23T23:20:25.332+0000] {skipmixin.py:211} INFO - Skipping tasks []
[2023-05-23T23:20:25.380+0000] {taskinstance.py:1326} INFO - Marking task as SUCCESS. dag_id=get_todays_gamesv3, task_id=check_game_today_task, execution_date=20230523T232019, start_date=20230523T232025, end_date=20230523T232025
[2023-05-23T23:20:25.416+0000] {local_task_job.py:212} INFO - Task exited with return code 0
[2023-05-23T23:20:25.483+0000] {taskinstance.py:2585} INFO - 0 downstream tasks scheduled from follow-on schedule check
