[2023-04-28T02:02:13.632+0000] {taskinstance.py:1084} INFO - Dependencies all met for dep_context=non-requeueable deps ti=<TaskInstance: get_todays_gamesv4.call_games manual__2023-04-28T02:02:10.730500+00:00 [queued]>
[2023-04-28T02:02:13.642+0000] {taskinstance.py:1084} INFO - Dependencies all met for dep_context=requeueable deps ti=<TaskInstance: get_todays_gamesv4.call_games manual__2023-04-28T02:02:10.730500+00:00 [queued]>
[2023-04-28T02:02:13.642+0000] {taskinstance.py:1282} INFO - 
--------------------------------------------------------------------------------
[2023-04-28T02:02:13.643+0000] {taskinstance.py:1283} INFO - Starting attempt 1 of 1
[2023-04-28T02:02:13.643+0000] {taskinstance.py:1284} INFO - 
--------------------------------------------------------------------------------
[2023-04-28T02:02:13.660+0000] {taskinstance.py:1303} INFO - Executing <Task(PythonOperator): call_games> on 2023-04-28 02:02:10.730500+00:00
[2023-04-28T02:02:13.670+0000] {standard_task_runner.py:55} INFO - Started process 1291 to run task
[2023-04-28T02:02:13.677+0000] {standard_task_runner.py:82} INFO - Running: ['***', 'tasks', 'run', 'get_todays_gamesv4', 'call_games', 'manual__2023-04-28T02:02:10.730500+00:00', '--job-id', '300', '--raw', '--subdir', 'DAGS_FOLDER/todays_games.py', '--cfg-path', '/tmp/tmpe0iz3y77']
[2023-04-28T02:02:13.678+0000] {standard_task_runner.py:83} INFO - Job 300: Subtask call_games
[2023-04-28T02:02:13.765+0000] {task_command.py:388} INFO - Running <TaskInstance: get_todays_gamesv4.call_games manual__2023-04-28T02:02:10.730500+00:00 [running]> on host f789e77bc70a
[2023-04-28T02:02:13.868+0000] {taskinstance.py:1511} INFO - Exporting the following env vars:
AIRFLOW_CTX_DAG_OWNER=***
AIRFLOW_CTX_DAG_ID=get_todays_gamesv4
AIRFLOW_CTX_TASK_ID=call_games
AIRFLOW_CTX_EXECUTION_DATE=2023-04-28T02:02:10.730500+00:00
AIRFLOW_CTX_TRY_NUMBER=1
AIRFLOW_CTX_DAG_RUN_ID=manual__2023-04-28T02:02:10.730500+00:00
[2023-04-28T02:02:14.154+0000] {python.py:177} INFO - Done. Returned value was: None
[2023-04-28T02:02:14.165+0000] {taskinstance.py:1326} INFO - Marking task as SUCCESS. dag_id=get_todays_gamesv4, task_id=call_games, execution_date=20230428T020210, start_date=20230428T020213, end_date=20230428T020214
[2023-04-28T02:02:14.224+0000] {local_task_job.py:212} INFO - Task exited with return code 0
[2023-04-28T02:02:14.260+0000] {taskinstance.py:2585} INFO - 1 downstream tasks scheduled from follow-on schedule check
