[2023-04-30T19:56:32.601+0000] {taskinstance.py:1084} INFO - Dependencies all met for dep_context=non-requeueable deps ti=<TaskInstance: get_todays_gamesv4.write_insert_query_task manual__2023-04-30T19:56:26.486443+00:00 [queued]>
[2023-04-30T19:56:32.624+0000] {taskinstance.py:1084} INFO - Dependencies all met for dep_context=requeueable deps ti=<TaskInstance: get_todays_gamesv4.write_insert_query_task manual__2023-04-30T19:56:26.486443+00:00 [queued]>
[2023-04-30T19:56:32.625+0000] {taskinstance.py:1282} INFO - 
--------------------------------------------------------------------------------
[2023-04-30T19:56:32.625+0000] {taskinstance.py:1283} INFO - Starting attempt 1 of 1
[2023-04-30T19:56:32.625+0000] {taskinstance.py:1284} INFO - 
--------------------------------------------------------------------------------
[2023-04-30T19:56:32.664+0000] {taskinstance.py:1303} INFO - Executing <Task(PythonOperator): write_insert_query_task> on 2023-04-30 19:56:26.486443+00:00
[2023-04-30T19:56:32.679+0000] {standard_task_runner.py:55} INFO - Started process 676 to run task
[2023-04-30T19:56:32.691+0000] {standard_task_runner.py:82} INFO - Running: ['***', 'tasks', 'run', 'get_todays_gamesv4', 'write_insert_query_task', 'manual__2023-04-30T19:56:26.486443+00:00', '--job-id', '548', '--raw', '--subdir', 'DAGS_FOLDER/todays_games.py', '--cfg-path', '/tmp/tmpbk7qhr0q']
[2023-04-30T19:56:32.693+0000] {standard_task_runner.py:83} INFO - Job 548: Subtask write_insert_query_task
[2023-04-30T19:56:32.846+0000] {task_command.py:388} INFO - Running <TaskInstance: get_todays_gamesv4.write_insert_query_task manual__2023-04-30T19:56:26.486443+00:00 [running]> on host f789e77bc70a
[2023-04-30T19:56:33.039+0000] {taskinstance.py:1511} INFO - Exporting the following env vars:
AIRFLOW_CTX_DAG_OWNER=***
AIRFLOW_CTX_DAG_ID=get_todays_gamesv4
AIRFLOW_CTX_TASK_ID=write_insert_query_task
AIRFLOW_CTX_EXECUTION_DATE=2023-04-30T19:56:26.486443+00:00
AIRFLOW_CTX_TRY_NUMBER=1
AIRFLOW_CTX_DAG_RUN_ID=manual__2023-04-30T19:56:26.486443+00:00
[2023-04-30T19:56:33.100+0000] {python.py:177} INFO - Done. Returned value was: None
[2023-04-30T19:56:33.123+0000] {taskinstance.py:1326} INFO - Marking task as SUCCESS. dag_id=get_todays_gamesv4, task_id=write_insert_query_task, execution_date=20230430T195626, start_date=20230430T195632, end_date=20230430T195633
[2023-04-30T19:56:33.157+0000] {local_task_job.py:212} INFO - Task exited with return code 0
[2023-04-30T19:56:33.197+0000] {taskinstance.py:2585} INFO - 1 downstream tasks scheduled from follow-on schedule check
