[2023-04-30T20:19:10.048+0000] {taskinstance.py:1084} INFO - Dependencies all met for dep_context=non-requeueable deps ti=<TaskInstance: get_todays_gamesv4.delete_xcoms manual__2023-04-30T20:19:00.491152+00:00 [queued]>
[2023-04-30T20:19:10.059+0000] {taskinstance.py:1084} INFO - Dependencies all met for dep_context=requeueable deps ti=<TaskInstance: get_todays_gamesv4.delete_xcoms manual__2023-04-30T20:19:00.491152+00:00 [queued]>
[2023-04-30T20:19:10.059+0000] {taskinstance.py:1282} INFO - 
--------------------------------------------------------------------------------
[2023-04-30T20:19:10.059+0000] {taskinstance.py:1283} INFO - Starting attempt 1 of 1
[2023-04-30T20:19:10.060+0000] {taskinstance.py:1284} INFO - 
--------------------------------------------------------------------------------
[2023-04-30T20:19:10.084+0000] {taskinstance.py:1303} INFO - Executing <Task(PythonOperator): delete_xcoms> on 2023-04-30 20:19:00.491152+00:00
[2023-04-30T20:19:10.090+0000] {standard_task_runner.py:55} INFO - Started process 1287 to run task
[2023-04-30T20:19:10.097+0000] {standard_task_runner.py:82} INFO - Running: ['***', 'tasks', 'run', 'get_todays_gamesv4', 'delete_xcoms', 'manual__2023-04-30T20:19:00.491152+00:00', '--job-id', '630', '--raw', '--subdir', 'DAGS_FOLDER/todays_games.py', '--cfg-path', '/tmp/tmptcjeimmi']
[2023-04-30T20:19:10.098+0000] {standard_task_runner.py:83} INFO - Job 630: Subtask delete_xcoms
[2023-04-30T20:19:10.184+0000] {task_command.py:388} INFO - Running <TaskInstance: get_todays_gamesv4.delete_xcoms manual__2023-04-30T20:19:00.491152+00:00 [running]> on host f789e77bc70a
[2023-04-30T20:19:10.278+0000] {taskinstance.py:1511} INFO - Exporting the following env vars:
AIRFLOW_CTX_DAG_OWNER=***
AIRFLOW_CTX_DAG_ID=get_todays_gamesv4
AIRFLOW_CTX_TASK_ID=delete_xcoms
AIRFLOW_CTX_EXECUTION_DATE=2023-04-30T20:19:00.491152+00:00
AIRFLOW_CTX_TRY_NUMBER=1
AIRFLOW_CTX_DAG_RUN_ID=manual__2023-04-30T20:19:00.491152+00:00
[2023-04-30T20:19:10.292+0000] {logging_mixin.py:137} INFO - Deleted 2 XCom rows
[2023-04-30T20:19:10.294+0000] {python.py:177} INFO - Done. Returned value was: None
[2023-04-30T20:19:10.306+0000] {taskinstance.py:1326} INFO - Marking task as SUCCESS. dag_id=get_todays_gamesv4, task_id=delete_xcoms, execution_date=20230430T201900, start_date=20230430T201910, end_date=20230430T201910
[2023-04-30T20:19:10.347+0000] {local_task_job.py:212} INFO - Task exited with return code 0
[2023-04-30T20:19:10.398+0000] {taskinstance.py:2585} INFO - 0 downstream tasks scheduled from follow-on schedule check
