[2023-05-14T18:00:08.514+0000] {taskinstance.py:1084} INFO - Dependencies all met for dep_context=non-requeueable deps ti=<TaskInstance: get_todays_gamesv2.check_game_today_task manual__2023-05-14T18:00:02.517800+00:00 [queued]>
[2023-05-14T18:00:08.526+0000] {taskinstance.py:1084} INFO - Dependencies all met for dep_context=requeueable deps ti=<TaskInstance: get_todays_gamesv2.check_game_today_task manual__2023-05-14T18:00:02.517800+00:00 [queued]>
[2023-05-14T18:00:08.526+0000] {taskinstance.py:1282} INFO - 
--------------------------------------------------------------------------------
[2023-05-14T18:00:08.526+0000] {taskinstance.py:1283} INFO - Starting attempt 1 of 1
[2023-05-14T18:00:08.526+0000] {taskinstance.py:1284} INFO - 
--------------------------------------------------------------------------------
[2023-05-14T18:00:08.544+0000] {taskinstance.py:1303} INFO - Executing <Task(BranchPythonOperator): check_game_today_task> on 2023-05-14 18:00:02.517800+00:00
[2023-05-14T18:00:08.550+0000] {standard_task_runner.py:55} INFO - Started process 3057 to run task
[2023-05-14T18:00:08.554+0000] {standard_task_runner.py:82} INFO - Running: ['***', 'tasks', 'run', 'get_todays_gamesv2', 'check_game_today_task', 'manual__2023-05-14T18:00:02.517800+00:00', '--job-id', '1432', '--raw', '--subdir', 'DAGS_FOLDER/todays_gamesv2.py', '--cfg-path', '/tmp/tmptg9y6h63']
[2023-05-14T18:00:08.555+0000] {standard_task_runner.py:83} INFO - Job 1432: Subtask check_game_today_task
[2023-05-14T18:00:08.633+0000] {task_command.py:388} INFO - Running <TaskInstance: get_todays_gamesv2.check_game_today_task manual__2023-05-14T18:00:02.517800+00:00 [running]> on host f7ab54451666
[2023-05-14T18:00:08.730+0000] {taskinstance.py:1511} INFO - Exporting the following env vars:
AIRFLOW_CTX_DAG_OWNER=***
AIRFLOW_CTX_DAG_ID=get_todays_gamesv2
AIRFLOW_CTX_TASK_ID=check_game_today_task
AIRFLOW_CTX_EXECUTION_DATE=2023-05-14T18:00:02.517800+00:00
AIRFLOW_CTX_TRY_NUMBER=1
AIRFLOW_CTX_DAG_RUN_ID=manual__2023-05-14T18:00:02.517800+00:00
[2023-05-14T18:00:08.747+0000] {logging_mixin.py:137} INFO - There is a game today.
[2023-05-14T18:00:08.747+0000] {python.py:177} INFO - Done. Returned value was: print_game_today
[2023-05-14T18:00:08.747+0000] {python.py:211} INFO - Branch callable return print_game_today
[2023-05-14T18:00:08.747+0000] {skipmixin.py:155} INFO - Following branch print_game_today
[2023-05-14T18:00:08.748+0000] {skipmixin.py:211} INFO - Skipping tasks []
[2023-05-14T18:00:08.802+0000] {taskinstance.py:1326} INFO - Marking task as SUCCESS. dag_id=get_todays_gamesv2, task_id=check_game_today_task, execution_date=20230514T180002, start_date=20230514T180008, end_date=20230514T180008
[2023-05-14T18:00:08.846+0000] {local_task_job.py:212} INFO - Task exited with return code 0
[2023-05-14T18:00:08.899+0000] {taskinstance.py:2585} INFO - 1 downstream tasks scheduled from follow-on schedule check
