[2023-05-02T00:42:36.492+0000] {taskinstance.py:1084} INFO - Dependencies all met for dep_context=non-requeueable deps ti=<TaskInstance: get_todays_gamesv2.call_games manual__2023-05-02T00:42:33.547514+00:00 [queued]>
[2023-05-02T00:42:36.507+0000] {taskinstance.py:1084} INFO - Dependencies all met for dep_context=requeueable deps ti=<TaskInstance: get_todays_gamesv2.call_games manual__2023-05-02T00:42:33.547514+00:00 [queued]>
[2023-05-02T00:42:36.507+0000] {taskinstance.py:1282} INFO - 
--------------------------------------------------------------------------------
[2023-05-02T00:42:36.508+0000] {taskinstance.py:1283} INFO - Starting attempt 1 of 1
[2023-05-02T00:42:36.508+0000] {taskinstance.py:1284} INFO - 
--------------------------------------------------------------------------------
[2023-05-02T00:42:36.531+0000] {taskinstance.py:1303} INFO - Executing <Task(PythonOperator): call_games> on 2023-05-02 00:42:33.547514+00:00
[2023-05-02T00:42:36.538+0000] {standard_task_runner.py:55} INFO - Started process 32695 to run task
[2023-05-02T00:42:36.548+0000] {standard_task_runner.py:82} INFO - Running: ['***', 'tasks', 'run', 'get_todays_gamesv2', 'call_games', 'manual__2023-05-02T00:42:33.547514+00:00', '--job-id', '720', '--raw', '--subdir', 'DAGS_FOLDER/todays_gamesv2.py', '--cfg-path', '/tmp/tmpec264ts9']
[2023-05-02T00:42:36.549+0000] {standard_task_runner.py:83} INFO - Job 720: Subtask call_games
[2023-05-02T00:42:36.639+0000] {task_command.py:388} INFO - Running <TaskInstance: get_todays_gamesv2.call_games manual__2023-05-02T00:42:33.547514+00:00 [running]> on host f789e77bc70a
[2023-05-02T00:42:36.805+0000] {taskinstance.py:1511} INFO - Exporting the following env vars:
AIRFLOW_CTX_DAG_OWNER=***
AIRFLOW_CTX_DAG_ID=get_todays_gamesv2
AIRFLOW_CTX_TASK_ID=call_games
AIRFLOW_CTX_EXECUTION_DATE=2023-05-02T00:42:33.547514+00:00
AIRFLOW_CTX_TRY_NUMBER=1
AIRFLOW_CTX_DAG_RUN_ID=manual__2023-05-02T00:42:33.547514+00:00
[2023-05-02T00:42:37.040+0000] {python.py:177} INFO - Done. Returned value was: None
[2023-05-02T00:42:37.053+0000] {taskinstance.py:1326} INFO - Marking task as SUCCESS. dag_id=get_todays_gamesv2, task_id=call_games, execution_date=20230502T004233, start_date=20230502T004236, end_date=20230502T004237
[2023-05-02T00:42:37.082+0000] {local_task_job.py:212} INFO - Task exited with return code 0
[2023-05-02T00:42:37.124+0000] {taskinstance.py:2585} INFO - 1 downstream tasks scheduled from follow-on schedule check
