[2023-03-31T03:06:36.323+0000] {taskinstance.py:1084} INFO - Dependencies all met for dep_context=non-requeueable deps ti=<TaskInstance: get_todays_gamesv4.delete-xcom-task manual__2023-03-31T03:06:27.978845+00:00 [queued]>
[2023-03-31T03:06:36.335+0000] {taskinstance.py:1084} INFO - Dependencies all met for dep_context=requeueable deps ti=<TaskInstance: get_todays_gamesv4.delete-xcom-task manual__2023-03-31T03:06:27.978845+00:00 [queued]>
[2023-03-31T03:06:36.335+0000] {taskinstance.py:1282} INFO - 
--------------------------------------------------------------------------------
[2023-03-31T03:06:36.335+0000] {taskinstance.py:1283} INFO - Starting attempt 1 of 1
[2023-03-31T03:06:36.335+0000] {taskinstance.py:1284} INFO - 
--------------------------------------------------------------------------------
[2023-03-31T03:06:36.352+0000] {taskinstance.py:1303} INFO - Executing <Task(PostgresOperator): delete-xcom-task> on 2023-03-31 03:06:27.978845+00:00
[2023-03-31T03:06:36.358+0000] {standard_task_runner.py:55} INFO - Started process 356 to run task
[2023-03-31T03:06:36.363+0000] {standard_task_runner.py:82} INFO - Running: ['***', 'tasks', 'run', 'get_todays_gamesv4', 'delete-xcom-task', 'manual__2023-03-31T03:06:27.978845+00:00', '--job-id', '20', '--raw', '--subdir', 'DAGS_FOLDER/todays_games.py', '--cfg-path', '/tmp/tmp78b0j811']
[2023-03-31T03:06:36.363+0000] {standard_task_runner.py:83} INFO - Job 20: Subtask delete-xcom-task
[2023-03-31T03:06:36.437+0000] {task_command.py:388} INFO - Running <TaskInstance: get_todays_gamesv4.delete-xcom-task manual__2023-03-31T03:06:27.978845+00:00 [running]> on host c73de31c854d
[2023-03-31T03:06:36.525+0000] {taskinstance.py:1511} INFO - Exporting the following env vars:
AIRFLOW_CTX_DAG_OWNER=***
AIRFLOW_CTX_DAG_ID=get_todays_gamesv4
AIRFLOW_CTX_TASK_ID=delete-xcom-task
AIRFLOW_CTX_EXECUTION_DATE=2023-03-31T03:06:27.978845+00:00
AIRFLOW_CTX_TRY_NUMBER=1
AIRFLOW_CTX_DAG_RUN_ID=manual__2023-03-31T03:06:27.978845+00:00
[2023-03-31T03:06:36.526+0000] {sql.py:254} INFO - Executing: delete from xcom where dag_id=dag.dag_id and task_id='your_task_id' and execution_date=2023-03-31
[2023-03-31T03:06:36.551+0000] {taskinstance.py:1775} ERROR - Task failed with exception
Traceback (most recent call last):
  File "/home/airflow/.local/lib/python3.7/site-packages/airflow/providers/common/sql/operators/sql.py", line 255, in execute
    hook = self.get_db_hook()
  File "/home/airflow/.local/lib/python3.7/site-packages/airflow/providers/common/sql/operators/sql.py", line 179, in get_db_hook
    return self._hook
  File "/home/airflow/.local/lib/python3.7/site-packages/cached_property.py", line 36, in __get__
    value = obj.__dict__[self.func.__name__] = self.func(obj)
  File "/home/airflow/.local/lib/python3.7/site-packages/airflow/providers/common/sql/operators/sql.py", line 141, in _hook
    conn = BaseHook.get_connection(self.conn_id)
  File "/home/airflow/.local/lib/python3.7/site-packages/airflow/hooks/base.py", line 72, in get_connection
    conn = Connection.get_connection_from_secrets(conn_id)
  File "/home/airflow/.local/lib/python3.7/site-packages/airflow/models/connection.py", line 435, in get_connection_from_secrets
    raise AirflowNotFoundException(f"The conn_id `{conn_id}` isn't defined")
airflow.exceptions.AirflowNotFoundException: The conn_id `***_db` isn't defined
[2023-03-31T03:06:36.556+0000] {taskinstance.py:1326} INFO - Marking task as FAILED. dag_id=get_todays_gamesv4, task_id=delete-xcom-task, execution_date=20230331T030627, start_date=20230331T030636, end_date=20230331T030636
[2023-03-31T03:06:36.572+0000] {standard_task_runner.py:105} ERROR - Failed to execute job 20 for task delete-xcom-task (The conn_id `***_db` isn't defined; 356)
[2023-03-31T03:06:36.614+0000] {local_task_job.py:212} INFO - Task exited with return code 1
[2023-03-31T03:06:36.640+0000] {taskinstance.py:2585} INFO - 0 downstream tasks scheduled from follow-on schedule check
