[2023-05-01T02:01:23.595+0000] {taskinstance.py:1084} INFO - Dependencies all met for dep_context=non-requeueable deps ti=<TaskInstance: get_todays_gamesv4.create_sql_table_task manual__2023-05-01T02:01:20.149910+00:00 [queued]>
[2023-05-01T02:01:23.620+0000] {taskinstance.py:1084} INFO - Dependencies all met for dep_context=requeueable deps ti=<TaskInstance: get_todays_gamesv4.create_sql_table_task manual__2023-05-01T02:01:20.149910+00:00 [queued]>
[2023-05-01T02:01:23.622+0000] {taskinstance.py:1282} INFO - 
--------------------------------------------------------------------------------
[2023-05-01T02:01:23.623+0000] {taskinstance.py:1283} INFO - Starting attempt 1 of 1
[2023-05-01T02:01:23.624+0000] {taskinstance.py:1284} INFO - 
--------------------------------------------------------------------------------
[2023-05-01T02:01:23.702+0000] {taskinstance.py:1303} INFO - Executing <Task(PostgresOperator): create_sql_table_task> on 2023-05-01 02:01:20.149910+00:00
[2023-05-01T02:01:23.732+0000] {standard_task_runner.py:55} INFO - Started process 7694 to run task
[2023-05-01T02:01:23.734+0000] {standard_task_runner.py:82} INFO - Running: ['***', 'tasks', 'run', 'get_todays_gamesv4', 'create_sql_table_task', 'manual__2023-05-01T02:01:20.149910+00:00', '--job-id', '682', '--raw', '--subdir', 'DAGS_FOLDER/todays_games.py', '--cfg-path', '/tmp/tmpj5d1pntx']
[2023-05-01T02:01:23.744+0000] {standard_task_runner.py:83} INFO - Job 682: Subtask create_sql_table_task
[2023-05-01T02:01:23.981+0000] {task_command.py:388} INFO - Running <TaskInstance: get_todays_gamesv4.create_sql_table_task manual__2023-05-01T02:01:20.149910+00:00 [running]> on host f789e77bc70a
[2023-05-01T02:01:24.222+0000] {taskinstance.py:1511} INFO - Exporting the following env vars:
AIRFLOW_CTX_DAG_OWNER=***
AIRFLOW_CTX_DAG_ID=get_todays_gamesv4
AIRFLOW_CTX_TASK_ID=create_sql_table_task
AIRFLOW_CTX_EXECUTION_DATE=2023-05-01T02:01:20.149910+00:00
AIRFLOW_CTX_TRY_NUMBER=1
AIRFLOW_CTX_DAG_RUN_ID=manual__2023-05-01T02:01:20.149910+00:00
[2023-05-01T02:01:24.224+0000] {sql.py:254} INFO - Executing: 
        drop table if exists games;
        create table games (
            away_name VARCHAR(40),
            home_name VARCHAR(40),
            away_probable_pitcher VARCHAR(40),
            home_probable_pitcher VARCHAR(40),
            venue_name VARCHAR(40)
            );
    
[2023-05-01T02:01:24.256+0000] {base.py:73} INFO - Using connection ID 'postgres_localhost' for task execution.
[2023-05-01T02:01:25.324+0000] {base.py:73} INFO - Using connection ID 'postgres_localhost' for task execution.
[2023-05-01T02:01:25.329+0000] {sql.py:375} INFO - Running statement: 
        drop table if exists games;
        create table games (
            away_name VARCHAR(40),
            home_name VARCHAR(40),
            away_probable_pitcher VARCHAR(40),
            home_probable_pitcher VARCHAR(40),
            venue_name VARCHAR(40)
            );
    , parameters: None
[2023-05-01T02:01:25.393+0000] {taskinstance.py:1326} INFO - Marking task as SUCCESS. dag_id=get_todays_gamesv4, task_id=create_sql_table_task, execution_date=20230501T020120, start_date=20230501T020123, end_date=20230501T020125
[2023-05-01T02:01:25.486+0000] {local_task_job.py:212} INFO - Task exited with return code 0
[2023-05-01T02:01:25.546+0000] {taskinstance.py:2585} INFO - 0 downstream tasks scheduled from follow-on schedule check
