[2023-05-23T23:13:47.992+0000] {taskinstance.py:1084} INFO - Dependencies all met for dep_context=non-requeueable deps ti=<TaskInstance: get_todays_gamesv3.exec_insert_query_task manual__2023-05-23T23:13:33.775763+00:00 [queued]>
[2023-05-23T23:13:48.006+0000] {taskinstance.py:1084} INFO - Dependencies all met for dep_context=requeueable deps ti=<TaskInstance: get_todays_gamesv3.exec_insert_query_task manual__2023-05-23T23:13:33.775763+00:00 [queued]>
[2023-05-23T23:13:48.007+0000] {taskinstance.py:1282} INFO - 
--------------------------------------------------------------------------------
[2023-05-23T23:13:48.007+0000] {taskinstance.py:1283} INFO - Starting attempt 1 of 1
[2023-05-23T23:13:48.007+0000] {taskinstance.py:1284} INFO - 
--------------------------------------------------------------------------------
[2023-05-23T23:13:48.029+0000] {taskinstance.py:1303} INFO - Executing <Task(PostgresOperator): exec_insert_query_task> on 2023-05-23 23:13:33.775763+00:00
[2023-05-23T23:13:48.035+0000] {standard_task_runner.py:55} INFO - Started process 185 to run task
[2023-05-23T23:13:48.039+0000] {standard_task_runner.py:82} INFO - Running: ['***', 'tasks', 'run', 'get_todays_gamesv3', 'exec_insert_query_task', 'manual__2023-05-23T23:13:33.775763+00:00', '--job-id', '458', '--raw', '--subdir', 'DAGS_FOLDER/todays_gamesv3.py', '--cfg-path', '/tmp/tmp8szo1hjd']
[2023-05-23T23:13:48.046+0000] {standard_task_runner.py:83} INFO - Job 458: Subtask exec_insert_query_task
[2023-05-23T23:13:48.136+0000] {task_command.py:388} INFO - Running <TaskInstance: get_todays_gamesv3.exec_insert_query_task manual__2023-05-23T23:13:33.775763+00:00 [running]> on host b03c83f459ca
[2023-05-23T23:13:48.241+0000] {taskinstance.py:1511} INFO - Exporting the following env vars:
AIRFLOW_CTX_DAG_OWNER=***
AIRFLOW_CTX_DAG_ID=get_todays_gamesv3
AIRFLOW_CTX_TASK_ID=exec_insert_query_task
AIRFLOW_CTX_EXECUTION_DATE=2023-05-23T23:13:33.775763+00:00
AIRFLOW_CTX_TRY_NUMBER=1
AIRFLOW_CTX_DAG_RUN_ID=manual__2023-05-23T23:13:33.775763+00:00
[2023-05-23T23:13:48.243+0000] {sql.py:254} INFO - Executing: 
INSERT INTO games (away_name,home_name,away_probable_pitcher,home_probable_pitcher,venue_name,game_date,
                                                              home_wins, home_losses, home_gb, away_wins, away_losses, away_gb, team_win_prob, game_time)
                                   VALUES ('Baltimore Orioles','New York Yankees','Kyle Bradish',
                                   'Gerrit Cole','Yankee Stadium','2023-05-23',
                                   '29','20','6.0','31','16','3.0','63%','7:05 PM');
[2023-05-23T23:13:48.253+0000] {base.py:73} INFO - Using connection ID 'postgres_localhost' for task execution.
[2023-05-23T23:13:48.544+0000] {base.py:73} INFO - Using connection ID 'postgres_localhost' for task execution.
[2023-05-23T23:13:48.547+0000] {sql.py:375} INFO - Running statement: 
INSERT INTO games (away_name,home_name,away_probable_pitcher,home_probable_pitcher,venue_name,game_date,
                                                              home_wins, home_losses, home_gb, away_wins, away_losses, away_gb, team_win_prob, game_time)
                                   VALUES ('Baltimore Orioles','New York Yankees','Kyle Bradish',
                                   'Gerrit Cole','Yankee Stadium','2023-05-23',
                                   '29','20','6.0','31','16','3.0','63%','7:05 PM');, parameters: None
[2023-05-23T23:13:48.548+0000] {sql.py:384} INFO - Rows affected: 1
[2023-05-23T23:13:48.561+0000] {taskinstance.py:1326} INFO - Marking task as SUCCESS. dag_id=get_todays_gamesv3, task_id=exec_insert_query_task, execution_date=20230523T231333, start_date=20230523T231347, end_date=20230523T231348
[2023-05-23T23:13:48.619+0000] {local_task_job.py:212} INFO - Task exited with return code 0
[2023-05-23T23:13:48.661+0000] {taskinstance.py:2585} INFO - 2 downstream tasks scheduled from follow-on schedule check
