[2023-05-24T00:00:24.728+0000] {processor.py:153} INFO - Started process (PID=5273) to work on /home/airflow/.local/lib/python3.7/site-packages/airflow/example_dags/example_branch_operator.py
[2023-05-24T00:00:24.729+0000] {processor.py:743} INFO - Processing file /home/airflow/.local/lib/python3.7/site-packages/airflow/example_dags/example_branch_operator.py for tasks to queue
[2023-05-24T00:00:24.730+0000] {logging_mixin.py:137} INFO - [2023-05-24T00:00:24.729+0000] {dagbag.py:532} INFO - Filling up the DagBag from /home/airflow/.local/lib/python3.7/site-packages/airflow/example_dags/example_branch_operator.py
[2023-05-24T00:00:24.780+0000] {processor.py:753} INFO - DAG(s) dict_keys(['example_branch_operator']) retrieved from /home/airflow/.local/lib/python3.7/site-packages/airflow/example_dags/example_branch_operator.py
[2023-05-24T00:00:24.846+0000] {logging_mixin.py:137} INFO - [2023-05-24T00:00:24.846+0000] {dag.py:2693} INFO - Sync 1 DAGs
[2023-05-24T00:00:24.913+0000] {logging_mixin.py:137} INFO - [2023-05-24T00:00:24.912+0000] {dag.py:3444} INFO - Setting next_dagrun for example_branch_operator to 2023-05-23T00:00:00+00:00, run_after=2023-05-24T00:00:00+00:00
[2023-05-24T00:00:24.959+0000] {processor.py:175} INFO - Processing /home/airflow/.local/lib/python3.7/site-packages/airflow/example_dags/example_branch_operator.py took 0.235 seconds
[2023-05-24T00:00:55.141+0000] {processor.py:153} INFO - Started process (PID=5324) to work on /home/airflow/.local/lib/python3.7/site-packages/airflow/example_dags/example_branch_operator.py
[2023-05-24T00:00:55.142+0000] {processor.py:743} INFO - Processing file /home/airflow/.local/lib/python3.7/site-packages/airflow/example_dags/example_branch_operator.py for tasks to queue
[2023-05-24T00:00:55.143+0000] {logging_mixin.py:137} INFO - [2023-05-24T00:00:55.143+0000] {dagbag.py:532} INFO - Filling up the DagBag from /home/airflow/.local/lib/python3.7/site-packages/airflow/example_dags/example_branch_operator.py
[2023-05-24T00:00:55.165+0000] {processor.py:753} INFO - DAG(s) dict_keys(['example_branch_operator']) retrieved from /home/airflow/.local/lib/python3.7/site-packages/airflow/example_dags/example_branch_operator.py
[2023-05-24T00:00:55.200+0000] {logging_mixin.py:137} INFO - [2023-05-24T00:00:55.200+0000] {dag.py:2693} INFO - Sync 1 DAGs
[2023-05-24T00:00:55.233+0000] {logging_mixin.py:137} INFO - [2023-05-24T00:00:55.233+0000] {dag.py:3444} INFO - Setting next_dagrun for example_branch_operator to 2023-05-23T00:00:00+00:00, run_after=2023-05-24T00:00:00+00:00
[2023-05-24T00:00:55.254+0000] {processor.py:175} INFO - Processing /home/airflow/.local/lib/python3.7/site-packages/airflow/example_dags/example_branch_operator.py took 0.117 seconds
[2023-05-24T00:01:25.893+0000] {processor.py:153} INFO - Started process (PID=5376) to work on /home/airflow/.local/lib/python3.7/site-packages/airflow/example_dags/example_branch_operator.py
[2023-05-24T00:01:25.894+0000] {processor.py:743} INFO - Processing file /home/airflow/.local/lib/python3.7/site-packages/airflow/example_dags/example_branch_operator.py for tasks to queue
[2023-05-24T00:01:25.895+0000] {logging_mixin.py:137} INFO - [2023-05-24T00:01:25.894+0000] {dagbag.py:532} INFO - Filling up the DagBag from /home/airflow/.local/lib/python3.7/site-packages/airflow/example_dags/example_branch_operator.py
[2023-05-24T00:01:25.952+0000] {processor.py:753} INFO - DAG(s) dict_keys(['example_branch_operator']) retrieved from /home/airflow/.local/lib/python3.7/site-packages/airflow/example_dags/example_branch_operator.py
[2023-05-24T00:01:26.062+0000] {logging_mixin.py:137} INFO - [2023-05-24T00:01:26.062+0000] {dag.py:2693} INFO - Sync 1 DAGs
[2023-05-24T00:01:26.131+0000] {logging_mixin.py:137} INFO - [2023-05-24T00:01:26.130+0000] {dag.py:3444} INFO - Setting next_dagrun for example_branch_operator to 2023-05-23T00:00:00+00:00, run_after=2023-05-24T00:00:00+00:00
[2023-05-24T00:01:26.170+0000] {processor.py:175} INFO - Processing /home/airflow/.local/lib/python3.7/site-packages/airflow/example_dags/example_branch_operator.py took 0.285 seconds
[2023-05-24T00:01:56.363+0000] {processor.py:153} INFO - Started process (PID=5428) to work on /home/airflow/.local/lib/python3.7/site-packages/airflow/example_dags/example_branch_operator.py
[2023-05-24T00:01:56.365+0000] {processor.py:743} INFO - Processing file /home/airflow/.local/lib/python3.7/site-packages/airflow/example_dags/example_branch_operator.py for tasks to queue
[2023-05-24T00:01:56.366+0000] {logging_mixin.py:137} INFO - [2023-05-24T00:01:56.366+0000] {dagbag.py:532} INFO - Filling up the DagBag from /home/airflow/.local/lib/python3.7/site-packages/airflow/example_dags/example_branch_operator.py
[2023-05-24T00:01:56.398+0000] {processor.py:753} INFO - DAG(s) dict_keys(['example_branch_operator']) retrieved from /home/airflow/.local/lib/python3.7/site-packages/airflow/example_dags/example_branch_operator.py
[2023-05-24T00:01:56.434+0000] {logging_mixin.py:137} INFO - [2023-05-24T00:01:56.434+0000] {dag.py:2693} INFO - Sync 1 DAGs
[2023-05-24T00:01:56.487+0000] {logging_mixin.py:137} INFO - [2023-05-24T00:01:56.487+0000] {dag.py:3444} INFO - Setting next_dagrun for example_branch_operator to 2023-05-23T00:00:00+00:00, run_after=2023-05-24T00:00:00+00:00
[2023-05-24T00:01:56.547+0000] {processor.py:175} INFO - Processing /home/airflow/.local/lib/python3.7/site-packages/airflow/example_dags/example_branch_operator.py took 0.187 seconds
[2023-05-24T00:02:27.312+0000] {processor.py:153} INFO - Started process (PID=5480) to work on /home/airflow/.local/lib/python3.7/site-packages/airflow/example_dags/example_branch_operator.py
[2023-05-24T00:02:27.313+0000] {processor.py:743} INFO - Processing file /home/airflow/.local/lib/python3.7/site-packages/airflow/example_dags/example_branch_operator.py for tasks to queue
[2023-05-24T00:02:27.313+0000] {logging_mixin.py:137} INFO - [2023-05-24T00:02:27.313+0000] {dagbag.py:532} INFO - Filling up the DagBag from /home/airflow/.local/lib/python3.7/site-packages/airflow/example_dags/example_branch_operator.py
[2023-05-24T00:02:27.366+0000] {processor.py:753} INFO - DAG(s) dict_keys(['example_branch_operator']) retrieved from /home/airflow/.local/lib/python3.7/site-packages/airflow/example_dags/example_branch_operator.py
[2023-05-24T00:02:27.458+0000] {logging_mixin.py:137} INFO - [2023-05-24T00:02:27.458+0000] {dag.py:2693} INFO - Sync 1 DAGs
[2023-05-24T00:02:27.531+0000] {logging_mixin.py:137} INFO - [2023-05-24T00:02:27.530+0000] {dag.py:3444} INFO - Setting next_dagrun for example_branch_operator to 2023-05-23T00:00:00+00:00, run_after=2023-05-24T00:00:00+00:00
[2023-05-24T00:02:27.571+0000] {processor.py:175} INFO - Processing /home/airflow/.local/lib/python3.7/site-packages/airflow/example_dags/example_branch_operator.py took 0.271 seconds
[2023-05-24T00:02:57.615+0000] {processor.py:153} INFO - Started process (PID=5533) to work on /home/airflow/.local/lib/python3.7/site-packages/airflow/example_dags/example_branch_operator.py
[2023-05-24T00:02:57.616+0000] {processor.py:743} INFO - Processing file /home/airflow/.local/lib/python3.7/site-packages/airflow/example_dags/example_branch_operator.py for tasks to queue
[2023-05-24T00:02:57.617+0000] {logging_mixin.py:137} INFO - [2023-05-24T00:02:57.617+0000] {dagbag.py:532} INFO - Filling up the DagBag from /home/airflow/.local/lib/python3.7/site-packages/airflow/example_dags/example_branch_operator.py
[2023-05-24T00:02:57.638+0000] {processor.py:753} INFO - DAG(s) dict_keys(['example_branch_operator']) retrieved from /home/airflow/.local/lib/python3.7/site-packages/airflow/example_dags/example_branch_operator.py
[2023-05-24T00:02:57.672+0000] {logging_mixin.py:137} INFO - [2023-05-24T00:02:57.671+0000] {dag.py:2693} INFO - Sync 1 DAGs
[2023-05-24T00:02:57.705+0000] {logging_mixin.py:137} INFO - [2023-05-24T00:02:57.704+0000] {dag.py:3444} INFO - Setting next_dagrun for example_branch_operator to 2023-05-23T00:00:00+00:00, run_after=2023-05-24T00:00:00+00:00
[2023-05-24T00:02:57.728+0000] {processor.py:175} INFO - Processing /home/airflow/.local/lib/python3.7/site-packages/airflow/example_dags/example_branch_operator.py took 0.116 seconds
[2023-05-24T00:03:27.772+0000] {processor.py:153} INFO - Started process (PID=5586) to work on /home/airflow/.local/lib/python3.7/site-packages/airflow/example_dags/example_branch_operator.py
[2023-05-24T00:03:27.773+0000] {processor.py:743} INFO - Processing file /home/airflow/.local/lib/python3.7/site-packages/airflow/example_dags/example_branch_operator.py for tasks to queue
[2023-05-24T00:03:27.774+0000] {logging_mixin.py:137} INFO - [2023-05-24T00:03:27.774+0000] {dagbag.py:532} INFO - Filling up the DagBag from /home/airflow/.local/lib/python3.7/site-packages/airflow/example_dags/example_branch_operator.py
[2023-05-24T00:03:27.795+0000] {processor.py:753} INFO - DAG(s) dict_keys(['example_branch_operator']) retrieved from /home/airflow/.local/lib/python3.7/site-packages/airflow/example_dags/example_branch_operator.py
[2023-05-24T00:03:27.828+0000] {logging_mixin.py:137} INFO - [2023-05-24T00:03:27.828+0000] {dag.py:2693} INFO - Sync 1 DAGs
[2023-05-24T00:03:27.865+0000] {logging_mixin.py:137} INFO - [2023-05-24T00:03:27.865+0000] {dag.py:3444} INFO - Setting next_dagrun for example_branch_operator to 2023-05-23T00:00:00+00:00, run_after=2023-05-24T00:00:00+00:00
[2023-05-24T00:03:27.888+0000] {processor.py:175} INFO - Processing /home/airflow/.local/lib/python3.7/site-packages/airflow/example_dags/example_branch_operator.py took 0.119 seconds
[2023-05-24T00:03:58.075+0000] {processor.py:153} INFO - Started process (PID=5638) to work on /home/airflow/.local/lib/python3.7/site-packages/airflow/example_dags/example_branch_operator.py
[2023-05-24T00:03:58.076+0000] {processor.py:743} INFO - Processing file /home/airflow/.local/lib/python3.7/site-packages/airflow/example_dags/example_branch_operator.py for tasks to queue
[2023-05-24T00:03:58.077+0000] {logging_mixin.py:137} INFO - [2023-05-24T00:03:58.077+0000] {dagbag.py:532} INFO - Filling up the DagBag from /home/airflow/.local/lib/python3.7/site-packages/airflow/example_dags/example_branch_operator.py
[2023-05-24T00:03:58.099+0000] {processor.py:753} INFO - DAG(s) dict_keys(['example_branch_operator']) retrieved from /home/airflow/.local/lib/python3.7/site-packages/airflow/example_dags/example_branch_operator.py
[2023-05-24T00:03:58.135+0000] {logging_mixin.py:137} INFO - [2023-05-24T00:03:58.135+0000] {dag.py:2693} INFO - Sync 1 DAGs
[2023-05-24T00:03:58.171+0000] {logging_mixin.py:137} INFO - [2023-05-24T00:03:58.170+0000] {dag.py:3444} INFO - Setting next_dagrun for example_branch_operator to 2023-05-23T00:00:00+00:00, run_after=2023-05-24T00:00:00+00:00
[2023-05-24T00:03:58.195+0000] {processor.py:175} INFO - Processing /home/airflow/.local/lib/python3.7/site-packages/airflow/example_dags/example_branch_operator.py took 0.125 seconds
[2023-05-24T00:04:28.885+0000] {processor.py:153} INFO - Started process (PID=5690) to work on /home/airflow/.local/lib/python3.7/site-packages/airflow/example_dags/example_branch_operator.py
[2023-05-24T00:04:28.886+0000] {processor.py:743} INFO - Processing file /home/airflow/.local/lib/python3.7/site-packages/airflow/example_dags/example_branch_operator.py for tasks to queue
[2023-05-24T00:04:28.886+0000] {logging_mixin.py:137} INFO - [2023-05-24T00:04:28.886+0000] {dagbag.py:532} INFO - Filling up the DagBag from /home/airflow/.local/lib/python3.7/site-packages/airflow/example_dags/example_branch_operator.py
[2023-05-24T00:04:28.923+0000] {processor.py:753} INFO - DAG(s) dict_keys(['example_branch_operator']) retrieved from /home/airflow/.local/lib/python3.7/site-packages/airflow/example_dags/example_branch_operator.py
[2023-05-24T00:04:28.958+0000] {logging_mixin.py:137} INFO - [2023-05-24T00:04:28.958+0000] {dag.py:2693} INFO - Sync 1 DAGs
[2023-05-24T00:04:28.992+0000] {logging_mixin.py:137} INFO - [2023-05-24T00:04:28.992+0000] {dag.py:3444} INFO - Setting next_dagrun for example_branch_operator to 2023-05-23T00:00:00+00:00, run_after=2023-05-24T00:00:00+00:00
[2023-05-24T00:04:29.014+0000] {processor.py:175} INFO - Processing /home/airflow/.local/lib/python3.7/site-packages/airflow/example_dags/example_branch_operator.py took 0.144 seconds
[2023-05-24T00:04:59.873+0000] {processor.py:153} INFO - Started process (PID=5743) to work on /home/airflow/.local/lib/python3.7/site-packages/airflow/example_dags/example_branch_operator.py
[2023-05-24T00:04:59.874+0000] {processor.py:743} INFO - Processing file /home/airflow/.local/lib/python3.7/site-packages/airflow/example_dags/example_branch_operator.py for tasks to queue
[2023-05-24T00:04:59.875+0000] {logging_mixin.py:137} INFO - [2023-05-24T00:04:59.875+0000] {dagbag.py:532} INFO - Filling up the DagBag from /home/airflow/.local/lib/python3.7/site-packages/airflow/example_dags/example_branch_operator.py
[2023-05-24T00:04:59.897+0000] {processor.py:753} INFO - DAG(s) dict_keys(['example_branch_operator']) retrieved from /home/airflow/.local/lib/python3.7/site-packages/airflow/example_dags/example_branch_operator.py
[2023-05-24T00:04:59.932+0000] {logging_mixin.py:137} INFO - [2023-05-24T00:04:59.932+0000] {dag.py:2693} INFO - Sync 1 DAGs
[2023-05-24T00:04:59.966+0000] {logging_mixin.py:137} INFO - [2023-05-24T00:04:59.966+0000] {dag.py:3444} INFO - Setting next_dagrun for example_branch_operator to 2023-05-23T00:00:00+00:00, run_after=2023-05-24T00:00:00+00:00
[2023-05-24T00:04:59.987+0000] {processor.py:175} INFO - Processing /home/airflow/.local/lib/python3.7/site-packages/airflow/example_dags/example_branch_operator.py took 0.118 seconds
[2023-05-24T00:05:30.678+0000] {processor.py:153} INFO - Started process (PID=5796) to work on /home/airflow/.local/lib/python3.7/site-packages/airflow/example_dags/example_branch_operator.py
[2023-05-24T00:05:30.707+0000] {processor.py:743} INFO - Processing file /home/airflow/.local/lib/python3.7/site-packages/airflow/example_dags/example_branch_operator.py for tasks to queue
[2023-05-24T00:05:30.710+0000] {logging_mixin.py:137} INFO - [2023-05-24T00:05:30.710+0000] {dagbag.py:532} INFO - Filling up the DagBag from /home/airflow/.local/lib/python3.7/site-packages/airflow/example_dags/example_branch_operator.py
[2023-05-24T00:05:30.817+0000] {processor.py:753} INFO - DAG(s) dict_keys(['example_branch_operator']) retrieved from /home/airflow/.local/lib/python3.7/site-packages/airflow/example_dags/example_branch_operator.py
[2023-05-24T00:05:30.918+0000] {logging_mixin.py:137} INFO - [2023-05-24T00:05:30.918+0000] {dag.py:2693} INFO - Sync 1 DAGs
[2023-05-24T00:05:31.039+0000] {logging_mixin.py:137} INFO - [2023-05-24T00:05:31.039+0000] {dag.py:3444} INFO - Setting next_dagrun for example_branch_operator to 2023-05-23T00:00:00+00:00, run_after=2023-05-24T00:00:00+00:00
[2023-05-24T00:05:31.083+0000] {processor.py:175} INFO - Processing /home/airflow/.local/lib/python3.7/site-packages/airflow/example_dags/example_branch_operator.py took 0.437 seconds
[2023-05-24T00:06:02.025+0000] {processor.py:153} INFO - Started process (PID=5855) to work on /home/airflow/.local/lib/python3.7/site-packages/airflow/example_dags/example_branch_operator.py
[2023-05-24T00:06:02.029+0000] {processor.py:743} INFO - Processing file /home/airflow/.local/lib/python3.7/site-packages/airflow/example_dags/example_branch_operator.py for tasks to queue
[2023-05-24T00:06:02.033+0000] {logging_mixin.py:137} INFO - [2023-05-24T00:06:02.033+0000] {dagbag.py:532} INFO - Filling up the DagBag from /home/airflow/.local/lib/python3.7/site-packages/airflow/example_dags/example_branch_operator.py
[2023-05-24T00:06:02.111+0000] {processor.py:753} INFO - DAG(s) dict_keys(['example_branch_operator']) retrieved from /home/airflow/.local/lib/python3.7/site-packages/airflow/example_dags/example_branch_operator.py
[2023-05-24T00:06:02.166+0000] {logging_mixin.py:137} INFO - [2023-05-24T00:06:02.166+0000] {dag.py:2693} INFO - Sync 1 DAGs
[2023-05-24T00:06:02.240+0000] {logging_mixin.py:137} INFO - [2023-05-24T00:06:02.240+0000] {dag.py:3444} INFO - Setting next_dagrun for example_branch_operator to 2023-05-23T00:00:00+00:00, run_after=2023-05-24T00:00:00+00:00
[2023-05-24T00:06:02.281+0000] {processor.py:175} INFO - Processing /home/airflow/.local/lib/python3.7/site-packages/airflow/example_dags/example_branch_operator.py took 0.260 seconds
[2023-05-24T14:56:06.811+0000] {processor.py:153} INFO - Started process (PID=54) to work on /home/airflow/.local/lib/python3.7/site-packages/airflow/example_dags/example_branch_operator.py
[2023-05-24T14:56:06.818+0000] {processor.py:743} INFO - Processing file /home/airflow/.local/lib/python3.7/site-packages/airflow/example_dags/example_branch_operator.py for tasks to queue
[2023-05-24T14:56:06.819+0000] {logging_mixin.py:137} INFO - [2023-05-24T14:56:06.819+0000] {dagbag.py:532} INFO - Filling up the DagBag from /home/airflow/.local/lib/python3.7/site-packages/airflow/example_dags/example_branch_operator.py
[2023-05-24T14:56:06.884+0000] {processor.py:753} INFO - DAG(s) dict_keys(['example_branch_operator']) retrieved from /home/airflow/.local/lib/python3.7/site-packages/airflow/example_dags/example_branch_operator.py
[2023-05-24T14:56:06.962+0000] {logging_mixin.py:137} INFO - [2023-05-24T14:56:06.962+0000] {dag.py:2693} INFO - Sync 1 DAGs
[2023-05-24T14:56:07.031+0000] {logging_mixin.py:137} INFO - [2023-05-24T14:56:07.031+0000] {dag.py:3444} INFO - Setting next_dagrun for example_branch_operator to 2023-05-23T00:00:00+00:00, run_after=2023-05-24T00:00:00+00:00
[2023-05-24T14:56:07.074+0000] {processor.py:175} INFO - Processing /home/airflow/.local/lib/python3.7/site-packages/airflow/example_dags/example_branch_operator.py took 0.268 seconds
[2023-05-24T14:56:37.273+0000] {processor.py:153} INFO - Started process (PID=106) to work on /home/airflow/.local/lib/python3.7/site-packages/airflow/example_dags/example_branch_operator.py
[2023-05-24T14:56:37.274+0000] {processor.py:743} INFO - Processing file /home/airflow/.local/lib/python3.7/site-packages/airflow/example_dags/example_branch_operator.py for tasks to queue
[2023-05-24T14:56:37.275+0000] {logging_mixin.py:137} INFO - [2023-05-24T14:56:37.275+0000] {dagbag.py:532} INFO - Filling up the DagBag from /home/airflow/.local/lib/python3.7/site-packages/airflow/example_dags/example_branch_operator.py
[2023-05-24T14:56:37.296+0000] {processor.py:753} INFO - DAG(s) dict_keys(['example_branch_operator']) retrieved from /home/airflow/.local/lib/python3.7/site-packages/airflow/example_dags/example_branch_operator.py
[2023-05-24T14:56:37.331+0000] {logging_mixin.py:137} INFO - [2023-05-24T14:56:37.331+0000] {dag.py:2693} INFO - Sync 1 DAGs
[2023-05-24T14:56:37.366+0000] {logging_mixin.py:137} INFO - [2023-05-24T14:56:37.366+0000] {dag.py:3444} INFO - Setting next_dagrun for example_branch_operator to 2023-05-23T00:00:00+00:00, run_after=2023-05-24T00:00:00+00:00
[2023-05-24T14:56:37.387+0000] {processor.py:175} INFO - Processing /home/airflow/.local/lib/python3.7/site-packages/airflow/example_dags/example_branch_operator.py took 0.118 seconds
[2023-05-24T14:57:07.940+0000] {processor.py:153} INFO - Started process (PID=158) to work on /home/airflow/.local/lib/python3.7/site-packages/airflow/example_dags/example_branch_operator.py
[2023-05-24T14:57:07.942+0000] {processor.py:743} INFO - Processing file /home/airflow/.local/lib/python3.7/site-packages/airflow/example_dags/example_branch_operator.py for tasks to queue
[2023-05-24T14:57:07.942+0000] {logging_mixin.py:137} INFO - [2023-05-24T14:57:07.942+0000] {dagbag.py:532} INFO - Filling up the DagBag from /home/airflow/.local/lib/python3.7/site-packages/airflow/example_dags/example_branch_operator.py
[2023-05-24T14:57:07.968+0000] {processor.py:753} INFO - DAG(s) dict_keys(['example_branch_operator']) retrieved from /home/airflow/.local/lib/python3.7/site-packages/airflow/example_dags/example_branch_operator.py
[2023-05-24T14:57:08.002+0000] {logging_mixin.py:137} INFO - [2023-05-24T14:57:08.002+0000] {dag.py:2693} INFO - Sync 1 DAGs
[2023-05-24T14:57:08.043+0000] {logging_mixin.py:137} INFO - [2023-05-24T14:57:08.043+0000] {dag.py:3444} INFO - Setting next_dagrun for example_branch_operator to 2023-05-23T00:00:00+00:00, run_after=2023-05-24T00:00:00+00:00
[2023-05-24T14:57:08.065+0000] {processor.py:175} INFO - Processing /home/airflow/.local/lib/python3.7/site-packages/airflow/example_dags/example_branch_operator.py took 0.128 seconds
[2023-05-24T14:57:38.916+0000] {processor.py:153} INFO - Started process (PID=211) to work on /home/airflow/.local/lib/python3.7/site-packages/airflow/example_dags/example_branch_operator.py
[2023-05-24T14:57:38.917+0000] {processor.py:743} INFO - Processing file /home/airflow/.local/lib/python3.7/site-packages/airflow/example_dags/example_branch_operator.py for tasks to queue
[2023-05-24T14:57:38.918+0000] {logging_mixin.py:137} INFO - [2023-05-24T14:57:38.918+0000] {dagbag.py:532} INFO - Filling up the DagBag from /home/airflow/.local/lib/python3.7/site-packages/airflow/example_dags/example_branch_operator.py
[2023-05-24T14:57:38.939+0000] {processor.py:753} INFO - DAG(s) dict_keys(['example_branch_operator']) retrieved from /home/airflow/.local/lib/python3.7/site-packages/airflow/example_dags/example_branch_operator.py
[2023-05-24T14:57:38.974+0000] {logging_mixin.py:137} INFO - [2023-05-24T14:57:38.974+0000] {dag.py:2693} INFO - Sync 1 DAGs
[2023-05-24T14:57:39.008+0000] {logging_mixin.py:137} INFO - [2023-05-24T14:57:39.008+0000] {dag.py:3444} INFO - Setting next_dagrun for example_branch_operator to 2023-05-23T00:00:00+00:00, run_after=2023-05-24T00:00:00+00:00
[2023-05-24T14:57:39.031+0000] {processor.py:175} INFO - Processing /home/airflow/.local/lib/python3.7/site-packages/airflow/example_dags/example_branch_operator.py took 0.118 seconds
[2023-05-24T14:58:09.787+0000] {processor.py:153} INFO - Started process (PID=263) to work on /home/airflow/.local/lib/python3.7/site-packages/airflow/example_dags/example_branch_operator.py
[2023-05-24T14:58:09.788+0000] {processor.py:743} INFO - Processing file /home/airflow/.local/lib/python3.7/site-packages/airflow/example_dags/example_branch_operator.py for tasks to queue
[2023-05-24T14:58:09.789+0000] {logging_mixin.py:137} INFO - [2023-05-24T14:58:09.788+0000] {dagbag.py:532} INFO - Filling up the DagBag from /home/airflow/.local/lib/python3.7/site-packages/airflow/example_dags/example_branch_operator.py
[2023-05-24T14:58:09.811+0000] {processor.py:753} INFO - DAG(s) dict_keys(['example_branch_operator']) retrieved from /home/airflow/.local/lib/python3.7/site-packages/airflow/example_dags/example_branch_operator.py
[2023-05-24T14:58:09.846+0000] {logging_mixin.py:137} INFO - [2023-05-24T14:58:09.846+0000] {dag.py:2693} INFO - Sync 1 DAGs
[2023-05-24T14:58:09.882+0000] {logging_mixin.py:137} INFO - [2023-05-24T14:58:09.881+0000] {dag.py:3444} INFO - Setting next_dagrun for example_branch_operator to 2023-05-23T00:00:00+00:00, run_after=2023-05-24T00:00:00+00:00
[2023-05-24T14:58:09.907+0000] {processor.py:175} INFO - Processing /home/airflow/.local/lib/python3.7/site-packages/airflow/example_dags/example_branch_operator.py took 0.124 seconds
[2023-05-24T14:58:40.644+0000] {processor.py:153} INFO - Started process (PID=314) to work on /home/airflow/.local/lib/python3.7/site-packages/airflow/example_dags/example_branch_operator.py
[2023-05-24T14:58:40.645+0000] {processor.py:743} INFO - Processing file /home/airflow/.local/lib/python3.7/site-packages/airflow/example_dags/example_branch_operator.py for tasks to queue
[2023-05-24T14:58:40.646+0000] {logging_mixin.py:137} INFO - [2023-05-24T14:58:40.646+0000] {dagbag.py:532} INFO - Filling up the DagBag from /home/airflow/.local/lib/python3.7/site-packages/airflow/example_dags/example_branch_operator.py
[2023-05-24T14:58:40.670+0000] {processor.py:753} INFO - DAG(s) dict_keys(['example_branch_operator']) retrieved from /home/airflow/.local/lib/python3.7/site-packages/airflow/example_dags/example_branch_operator.py
[2023-05-24T14:58:40.706+0000] {logging_mixin.py:137} INFO - [2023-05-24T14:58:40.706+0000] {dag.py:2693} INFO - Sync 1 DAGs
[2023-05-24T14:58:40.741+0000] {logging_mixin.py:137} INFO - [2023-05-24T14:58:40.741+0000] {dag.py:3444} INFO - Setting next_dagrun for example_branch_operator to 2023-05-23T00:00:00+00:00, run_after=2023-05-24T00:00:00+00:00
[2023-05-24T14:58:40.762+0000] {processor.py:175} INFO - Processing /home/airflow/.local/lib/python3.7/site-packages/airflow/example_dags/example_branch_operator.py took 0.122 seconds
[2023-05-24T14:59:11.516+0000] {processor.py:153} INFO - Started process (PID=372) to work on /home/airflow/.local/lib/python3.7/site-packages/airflow/example_dags/example_branch_operator.py
[2023-05-24T14:59:11.518+0000] {processor.py:743} INFO - Processing file /home/airflow/.local/lib/python3.7/site-packages/airflow/example_dags/example_branch_operator.py for tasks to queue
[2023-05-24T14:59:11.519+0000] {logging_mixin.py:137} INFO - [2023-05-24T14:59:11.519+0000] {dagbag.py:532} INFO - Filling up the DagBag from /home/airflow/.local/lib/python3.7/site-packages/airflow/example_dags/example_branch_operator.py
[2023-05-24T14:59:11.594+0000] {processor.py:753} INFO - DAG(s) dict_keys(['example_branch_operator']) retrieved from /home/airflow/.local/lib/python3.7/site-packages/airflow/example_dags/example_branch_operator.py
[2023-05-24T14:59:11.661+0000] {logging_mixin.py:137} INFO - [2023-05-24T14:59:11.661+0000] {dag.py:2693} INFO - Sync 1 DAGs
[2023-05-24T14:59:11.712+0000] {logging_mixin.py:137} INFO - [2023-05-24T14:59:11.712+0000] {dag.py:3444} INFO - Setting next_dagrun for example_branch_operator to 2023-05-23T00:00:00+00:00, run_after=2023-05-24T00:00:00+00:00
[2023-05-24T14:59:11.737+0000] {processor.py:175} INFO - Processing /home/airflow/.local/lib/python3.7/site-packages/airflow/example_dags/example_branch_operator.py took 0.225 seconds
[2023-05-24T14:59:42.423+0000] {processor.py:153} INFO - Started process (PID=425) to work on /home/airflow/.local/lib/python3.7/site-packages/airflow/example_dags/example_branch_operator.py
[2023-05-24T14:59:42.425+0000] {processor.py:743} INFO - Processing file /home/airflow/.local/lib/python3.7/site-packages/airflow/example_dags/example_branch_operator.py for tasks to queue
[2023-05-24T14:59:42.426+0000] {logging_mixin.py:137} INFO - [2023-05-24T14:59:42.426+0000] {dagbag.py:532} INFO - Filling up the DagBag from /home/airflow/.local/lib/python3.7/site-packages/airflow/example_dags/example_branch_operator.py
[2023-05-24T14:59:42.453+0000] {processor.py:753} INFO - DAG(s) dict_keys(['example_branch_operator']) retrieved from /home/airflow/.local/lib/python3.7/site-packages/airflow/example_dags/example_branch_operator.py
[2023-05-24T14:59:42.487+0000] {logging_mixin.py:137} INFO - [2023-05-24T14:59:42.487+0000] {dag.py:2693} INFO - Sync 1 DAGs
[2023-05-24T14:59:42.524+0000] {logging_mixin.py:137} INFO - [2023-05-24T14:59:42.524+0000] {dag.py:3444} INFO - Setting next_dagrun for example_branch_operator to 2023-05-23T00:00:00+00:00, run_after=2023-05-24T00:00:00+00:00
[2023-05-24T14:59:42.546+0000] {processor.py:175} INFO - Processing /home/airflow/.local/lib/python3.7/site-packages/airflow/example_dags/example_branch_operator.py took 0.126 seconds
[2023-05-24T15:00:13.664+0000] {processor.py:153} INFO - Started process (PID=477) to work on /home/airflow/.local/lib/python3.7/site-packages/airflow/example_dags/example_branch_operator.py
[2023-05-24T15:00:13.675+0000] {processor.py:743} INFO - Processing file /home/airflow/.local/lib/python3.7/site-packages/airflow/example_dags/example_branch_operator.py for tasks to queue
[2023-05-24T15:00:13.676+0000] {logging_mixin.py:137} INFO - [2023-05-24T15:00:13.676+0000] {dagbag.py:532} INFO - Filling up the DagBag from /home/airflow/.local/lib/python3.7/site-packages/airflow/example_dags/example_branch_operator.py
[2023-05-24T15:00:13.718+0000] {processor.py:753} INFO - DAG(s) dict_keys(['example_branch_operator']) retrieved from /home/airflow/.local/lib/python3.7/site-packages/airflow/example_dags/example_branch_operator.py
[2023-05-24T15:00:13.753+0000] {logging_mixin.py:137} INFO - [2023-05-24T15:00:13.753+0000] {dag.py:2693} INFO - Sync 1 DAGs
[2023-05-24T15:00:13.790+0000] {logging_mixin.py:137} INFO - [2023-05-24T15:00:13.790+0000] {dag.py:3444} INFO - Setting next_dagrun for example_branch_operator to 2023-05-23T00:00:00+00:00, run_after=2023-05-24T00:00:00+00:00
[2023-05-24T15:00:13.835+0000] {processor.py:175} INFO - Processing /home/airflow/.local/lib/python3.7/site-packages/airflow/example_dags/example_branch_operator.py took 0.175 seconds
[2023-05-24T15:00:43.978+0000] {processor.py:153} INFO - Started process (PID=529) to work on /home/airflow/.local/lib/python3.7/site-packages/airflow/example_dags/example_branch_operator.py
[2023-05-24T15:00:43.979+0000] {processor.py:743} INFO - Processing file /home/airflow/.local/lib/python3.7/site-packages/airflow/example_dags/example_branch_operator.py for tasks to queue
[2023-05-24T15:00:43.980+0000] {logging_mixin.py:137} INFO - [2023-05-24T15:00:43.980+0000] {dagbag.py:532} INFO - Filling up the DagBag from /home/airflow/.local/lib/python3.7/site-packages/airflow/example_dags/example_branch_operator.py
[2023-05-24T15:00:44.002+0000] {processor.py:753} INFO - DAG(s) dict_keys(['example_branch_operator']) retrieved from /home/airflow/.local/lib/python3.7/site-packages/airflow/example_dags/example_branch_operator.py
[2023-05-24T15:00:44.037+0000] {logging_mixin.py:137} INFO - [2023-05-24T15:00:44.037+0000] {dag.py:2693} INFO - Sync 1 DAGs
[2023-05-24T15:00:44.072+0000] {logging_mixin.py:137} INFO - [2023-05-24T15:00:44.072+0000] {dag.py:3444} INFO - Setting next_dagrun for example_branch_operator to 2023-05-23T00:00:00+00:00, run_after=2023-05-24T00:00:00+00:00
[2023-05-24T15:00:44.096+0000] {processor.py:175} INFO - Processing /home/airflow/.local/lib/python3.7/site-packages/airflow/example_dags/example_branch_operator.py took 0.122 seconds
[2023-05-24T15:01:15.545+0000] {processor.py:153} INFO - Started process (PID=581) to work on /home/airflow/.local/lib/python3.7/site-packages/airflow/example_dags/example_branch_operator.py
[2023-05-24T15:01:15.551+0000] {processor.py:743} INFO - Processing file /home/airflow/.local/lib/python3.7/site-packages/airflow/example_dags/example_branch_operator.py for tasks to queue
[2023-05-24T15:01:15.551+0000] {logging_mixin.py:137} INFO - [2023-05-24T15:01:15.551+0000] {dagbag.py:532} INFO - Filling up the DagBag from /home/airflow/.local/lib/python3.7/site-packages/airflow/example_dags/example_branch_operator.py
[2023-05-24T15:01:15.593+0000] {processor.py:753} INFO - DAG(s) dict_keys(['example_branch_operator']) retrieved from /home/airflow/.local/lib/python3.7/site-packages/airflow/example_dags/example_branch_operator.py
[2023-05-24T15:01:15.665+0000] {logging_mixin.py:137} INFO - [2023-05-24T15:01:15.664+0000] {dag.py:2693} INFO - Sync 1 DAGs
[2023-05-24T15:01:15.738+0000] {logging_mixin.py:137} INFO - [2023-05-24T15:01:15.738+0000] {dag.py:3444} INFO - Setting next_dagrun for example_branch_operator to 2023-05-23T00:00:00+00:00, run_after=2023-05-24T00:00:00+00:00
[2023-05-24T15:01:15.785+0000] {processor.py:175} INFO - Processing /home/airflow/.local/lib/python3.7/site-packages/airflow/example_dags/example_branch_operator.py took 0.244 seconds
[2023-05-24T15:01:46.671+0000] {processor.py:153} INFO - Started process (PID=633) to work on /home/airflow/.local/lib/python3.7/site-packages/airflow/example_dags/example_branch_operator.py
[2023-05-24T15:01:46.681+0000] {processor.py:743} INFO - Processing file /home/airflow/.local/lib/python3.7/site-packages/airflow/example_dags/example_branch_operator.py for tasks to queue
[2023-05-24T15:01:46.681+0000] {logging_mixin.py:137} INFO - [2023-05-24T15:01:46.681+0000] {dagbag.py:532} INFO - Filling up the DagBag from /home/airflow/.local/lib/python3.7/site-packages/airflow/example_dags/example_branch_operator.py
[2023-05-24T15:01:46.718+0000] {processor.py:753} INFO - DAG(s) dict_keys(['example_branch_operator']) retrieved from /home/airflow/.local/lib/python3.7/site-packages/airflow/example_dags/example_branch_operator.py
[2023-05-24T15:01:46.798+0000] {logging_mixin.py:137} INFO - [2023-05-24T15:01:46.798+0000] {dag.py:2693} INFO - Sync 1 DAGs
[2023-05-24T15:01:46.862+0000] {logging_mixin.py:137} INFO - [2023-05-24T15:01:46.861+0000] {dag.py:3444} INFO - Setting next_dagrun for example_branch_operator to 2023-05-23T00:00:00+00:00, run_after=2023-05-24T00:00:00+00:00
[2023-05-24T15:01:46.914+0000] {processor.py:175} INFO - Processing /home/airflow/.local/lib/python3.7/site-packages/airflow/example_dags/example_branch_operator.py took 0.263 seconds
[2023-05-24T15:02:17.879+0000] {processor.py:153} INFO - Started process (PID=685) to work on /home/airflow/.local/lib/python3.7/site-packages/airflow/example_dags/example_branch_operator.py
[2023-05-24T15:02:17.882+0000] {processor.py:743} INFO - Processing file /home/airflow/.local/lib/python3.7/site-packages/airflow/example_dags/example_branch_operator.py for tasks to queue
[2023-05-24T15:02:17.883+0000] {logging_mixin.py:137} INFO - [2023-05-24T15:02:17.883+0000] {dagbag.py:532} INFO - Filling up the DagBag from /home/airflow/.local/lib/python3.7/site-packages/airflow/example_dags/example_branch_operator.py
[2023-05-24T15:02:17.904+0000] {processor.py:753} INFO - DAG(s) dict_keys(['example_branch_operator']) retrieved from /home/airflow/.local/lib/python3.7/site-packages/airflow/example_dags/example_branch_operator.py
[2023-05-24T15:02:17.943+0000] {logging_mixin.py:137} INFO - [2023-05-24T15:02:17.943+0000] {dag.py:2693} INFO - Sync 1 DAGs
[2023-05-24T15:02:18.005+0000] {logging_mixin.py:137} INFO - [2023-05-24T15:02:18.004+0000] {dag.py:3444} INFO - Setting next_dagrun for example_branch_operator to 2023-05-23T00:00:00+00:00, run_after=2023-05-24T00:00:00+00:00
[2023-05-24T15:02:18.045+0000] {processor.py:175} INFO - Processing /home/airflow/.local/lib/python3.7/site-packages/airflow/example_dags/example_branch_operator.py took 0.171 seconds
[2023-05-24T15:02:48.844+0000] {processor.py:153} INFO - Started process (PID=737) to work on /home/airflow/.local/lib/python3.7/site-packages/airflow/example_dags/example_branch_operator.py
[2023-05-24T15:02:48.845+0000] {processor.py:743} INFO - Processing file /home/airflow/.local/lib/python3.7/site-packages/airflow/example_dags/example_branch_operator.py for tasks to queue
[2023-05-24T15:02:48.847+0000] {logging_mixin.py:137} INFO - [2023-05-24T15:02:48.847+0000] {dagbag.py:532} INFO - Filling up the DagBag from /home/airflow/.local/lib/python3.7/site-packages/airflow/example_dags/example_branch_operator.py
[2023-05-24T15:02:48.868+0000] {processor.py:753} INFO - DAG(s) dict_keys(['example_branch_operator']) retrieved from /home/airflow/.local/lib/python3.7/site-packages/airflow/example_dags/example_branch_operator.py
[2023-05-24T15:02:48.906+0000] {logging_mixin.py:137} INFO - [2023-05-24T15:02:48.906+0000] {dag.py:2693} INFO - Sync 1 DAGs
[2023-05-24T15:02:48.940+0000] {logging_mixin.py:137} INFO - [2023-05-24T15:02:48.939+0000] {dag.py:3444} INFO - Setting next_dagrun for example_branch_operator to 2023-05-23T00:00:00+00:00, run_after=2023-05-24T00:00:00+00:00
[2023-05-24T15:02:48.960+0000] {processor.py:175} INFO - Processing /home/airflow/.local/lib/python3.7/site-packages/airflow/example_dags/example_branch_operator.py took 0.119 seconds
[2023-05-24T15:03:19.831+0000] {processor.py:153} INFO - Started process (PID=789) to work on /home/airflow/.local/lib/python3.7/site-packages/airflow/example_dags/example_branch_operator.py
[2023-05-24T15:03:19.832+0000] {processor.py:743} INFO - Processing file /home/airflow/.local/lib/python3.7/site-packages/airflow/example_dags/example_branch_operator.py for tasks to queue
[2023-05-24T15:03:19.833+0000] {logging_mixin.py:137} INFO - [2023-05-24T15:03:19.833+0000] {dagbag.py:532} INFO - Filling up the DagBag from /home/airflow/.local/lib/python3.7/site-packages/airflow/example_dags/example_branch_operator.py
[2023-05-24T15:03:19.853+0000] {processor.py:753} INFO - DAG(s) dict_keys(['example_branch_operator']) retrieved from /home/airflow/.local/lib/python3.7/site-packages/airflow/example_dags/example_branch_operator.py
[2023-05-24T15:03:19.887+0000] {logging_mixin.py:137} INFO - [2023-05-24T15:03:19.887+0000] {dag.py:2693} INFO - Sync 1 DAGs
[2023-05-24T15:03:19.922+0000] {logging_mixin.py:137} INFO - [2023-05-24T15:03:19.921+0000] {dag.py:3444} INFO - Setting next_dagrun for example_branch_operator to 2023-05-23T00:00:00+00:00, run_after=2023-05-24T00:00:00+00:00
[2023-05-24T15:03:19.944+0000] {processor.py:175} INFO - Processing /home/airflow/.local/lib/python3.7/site-packages/airflow/example_dags/example_branch_operator.py took 0.116 seconds
[2023-05-24T15:03:50.756+0000] {processor.py:153} INFO - Started process (PID=842) to work on /home/airflow/.local/lib/python3.7/site-packages/airflow/example_dags/example_branch_operator.py
[2023-05-24T15:03:50.757+0000] {processor.py:743} INFO - Processing file /home/airflow/.local/lib/python3.7/site-packages/airflow/example_dags/example_branch_operator.py for tasks to queue
[2023-05-24T15:03:50.759+0000] {logging_mixin.py:137} INFO - [2023-05-24T15:03:50.758+0000] {dagbag.py:532} INFO - Filling up the DagBag from /home/airflow/.local/lib/python3.7/site-packages/airflow/example_dags/example_branch_operator.py
[2023-05-24T15:03:50.779+0000] {processor.py:753} INFO - DAG(s) dict_keys(['example_branch_operator']) retrieved from /home/airflow/.local/lib/python3.7/site-packages/airflow/example_dags/example_branch_operator.py
[2023-05-24T15:03:50.815+0000] {logging_mixin.py:137} INFO - [2023-05-24T15:03:50.815+0000] {dag.py:2693} INFO - Sync 1 DAGs
[2023-05-24T15:03:50.849+0000] {logging_mixin.py:137} INFO - [2023-05-24T15:03:50.848+0000] {dag.py:3444} INFO - Setting next_dagrun for example_branch_operator to 2023-05-23T00:00:00+00:00, run_after=2023-05-24T00:00:00+00:00
[2023-05-24T15:03:50.871+0000] {processor.py:175} INFO - Processing /home/airflow/.local/lib/python3.7/site-packages/airflow/example_dags/example_branch_operator.py took 0.118 seconds
[2023-05-24T15:04:21.491+0000] {processor.py:153} INFO - Started process (PID=893) to work on /home/airflow/.local/lib/python3.7/site-packages/airflow/example_dags/example_branch_operator.py
[2023-05-24T15:04:21.493+0000] {processor.py:743} INFO - Processing file /home/airflow/.local/lib/python3.7/site-packages/airflow/example_dags/example_branch_operator.py for tasks to queue
[2023-05-24T15:04:21.494+0000] {logging_mixin.py:137} INFO - [2023-05-24T15:04:21.494+0000] {dagbag.py:532} INFO - Filling up the DagBag from /home/airflow/.local/lib/python3.7/site-packages/airflow/example_dags/example_branch_operator.py
[2023-05-24T15:04:21.515+0000] {processor.py:753} INFO - DAG(s) dict_keys(['example_branch_operator']) retrieved from /home/airflow/.local/lib/python3.7/site-packages/airflow/example_dags/example_branch_operator.py
[2023-05-24T15:04:21.554+0000] {logging_mixin.py:137} INFO - [2023-05-24T15:04:21.554+0000] {dag.py:2693} INFO - Sync 1 DAGs
[2023-05-24T15:04:21.588+0000] {logging_mixin.py:137} INFO - [2023-05-24T15:04:21.588+0000] {dag.py:3444} INFO - Setting next_dagrun for example_branch_operator to 2023-05-23T00:00:00+00:00, run_after=2023-05-24T00:00:00+00:00
[2023-05-24T15:04:21.611+0000] {processor.py:175} INFO - Processing /home/airflow/.local/lib/python3.7/site-packages/airflow/example_dags/example_branch_operator.py took 0.124 seconds
[2023-05-24T15:04:52.366+0000] {processor.py:153} INFO - Started process (PID=945) to work on /home/airflow/.local/lib/python3.7/site-packages/airflow/example_dags/example_branch_operator.py
[2023-05-24T15:04:52.367+0000] {processor.py:743} INFO - Processing file /home/airflow/.local/lib/python3.7/site-packages/airflow/example_dags/example_branch_operator.py for tasks to queue
[2023-05-24T15:04:52.368+0000] {logging_mixin.py:137} INFO - [2023-05-24T15:04:52.368+0000] {dagbag.py:532} INFO - Filling up the DagBag from /home/airflow/.local/lib/python3.7/site-packages/airflow/example_dags/example_branch_operator.py
[2023-05-24T15:04:52.388+0000] {processor.py:753} INFO - DAG(s) dict_keys(['example_branch_operator']) retrieved from /home/airflow/.local/lib/python3.7/site-packages/airflow/example_dags/example_branch_operator.py
[2023-05-24T15:04:52.422+0000] {logging_mixin.py:137} INFO - [2023-05-24T15:04:52.422+0000] {dag.py:2693} INFO - Sync 1 DAGs
[2023-05-24T15:04:52.457+0000] {logging_mixin.py:137} INFO - [2023-05-24T15:04:52.457+0000] {dag.py:3444} INFO - Setting next_dagrun for example_branch_operator to 2023-05-23T00:00:00+00:00, run_after=2023-05-24T00:00:00+00:00
[2023-05-24T15:04:52.482+0000] {processor.py:175} INFO - Processing /home/airflow/.local/lib/python3.7/site-packages/airflow/example_dags/example_branch_operator.py took 0.121 seconds
[2023-05-24T15:05:23.040+0000] {processor.py:153} INFO - Started process (PID=997) to work on /home/airflow/.local/lib/python3.7/site-packages/airflow/example_dags/example_branch_operator.py
[2023-05-24T15:05:23.041+0000] {processor.py:743} INFO - Processing file /home/airflow/.local/lib/python3.7/site-packages/airflow/example_dags/example_branch_operator.py for tasks to queue
[2023-05-24T15:05:23.045+0000] {logging_mixin.py:137} INFO - [2023-05-24T15:05:23.044+0000] {dagbag.py:532} INFO - Filling up the DagBag from /home/airflow/.local/lib/python3.7/site-packages/airflow/example_dags/example_branch_operator.py
[2023-05-24T15:05:23.067+0000] {processor.py:753} INFO - DAG(s) dict_keys(['example_branch_operator']) retrieved from /home/airflow/.local/lib/python3.7/site-packages/airflow/example_dags/example_branch_operator.py
[2023-05-24T15:05:23.100+0000] {logging_mixin.py:137} INFO - [2023-05-24T15:05:23.100+0000] {dag.py:2693} INFO - Sync 1 DAGs
[2023-05-24T15:05:23.134+0000] {logging_mixin.py:137} INFO - [2023-05-24T15:05:23.134+0000] {dag.py:3444} INFO - Setting next_dagrun for example_branch_operator to 2023-05-23T00:00:00+00:00, run_after=2023-05-24T00:00:00+00:00
[2023-05-24T15:05:23.157+0000] {processor.py:175} INFO - Processing /home/airflow/.local/lib/python3.7/site-packages/airflow/example_dags/example_branch_operator.py took 0.121 seconds
[2023-05-24T15:05:53.800+0000] {processor.py:153} INFO - Started process (PID=1048) to work on /home/airflow/.local/lib/python3.7/site-packages/airflow/example_dags/example_branch_operator.py
[2023-05-24T15:05:53.801+0000] {processor.py:743} INFO - Processing file /home/airflow/.local/lib/python3.7/site-packages/airflow/example_dags/example_branch_operator.py for tasks to queue
[2023-05-24T15:05:53.807+0000] {logging_mixin.py:137} INFO - [2023-05-24T15:05:53.807+0000] {dagbag.py:532} INFO - Filling up the DagBag from /home/airflow/.local/lib/python3.7/site-packages/airflow/example_dags/example_branch_operator.py
[2023-05-24T15:05:53.828+0000] {processor.py:753} INFO - DAG(s) dict_keys(['example_branch_operator']) retrieved from /home/airflow/.local/lib/python3.7/site-packages/airflow/example_dags/example_branch_operator.py
[2023-05-24T15:05:53.866+0000] {logging_mixin.py:137} INFO - [2023-05-24T15:05:53.866+0000] {dag.py:2693} INFO - Sync 1 DAGs
[2023-05-24T15:05:53.901+0000] {logging_mixin.py:137} INFO - [2023-05-24T15:05:53.901+0000] {dag.py:3444} INFO - Setting next_dagrun for example_branch_operator to 2023-05-23T00:00:00+00:00, run_after=2023-05-24T00:00:00+00:00
[2023-05-24T15:05:53.923+0000] {processor.py:175} INFO - Processing /home/airflow/.local/lib/python3.7/site-packages/airflow/example_dags/example_branch_operator.py took 0.126 seconds
[2023-05-24T15:06:24.472+0000] {processor.py:153} INFO - Started process (PID=1100) to work on /home/airflow/.local/lib/python3.7/site-packages/airflow/example_dags/example_branch_operator.py
[2023-05-24T15:06:24.474+0000] {processor.py:743} INFO - Processing file /home/airflow/.local/lib/python3.7/site-packages/airflow/example_dags/example_branch_operator.py for tasks to queue
[2023-05-24T15:06:24.475+0000] {logging_mixin.py:137} INFO - [2023-05-24T15:06:24.474+0000] {dagbag.py:532} INFO - Filling up the DagBag from /home/airflow/.local/lib/python3.7/site-packages/airflow/example_dags/example_branch_operator.py
[2023-05-24T15:06:24.495+0000] {processor.py:753} INFO - DAG(s) dict_keys(['example_branch_operator']) retrieved from /home/airflow/.local/lib/python3.7/site-packages/airflow/example_dags/example_branch_operator.py
[2023-05-24T15:06:24.530+0000] {logging_mixin.py:137} INFO - [2023-05-24T15:06:24.530+0000] {dag.py:2693} INFO - Sync 1 DAGs
[2023-05-24T15:06:24.565+0000] {logging_mixin.py:137} INFO - [2023-05-24T15:06:24.565+0000] {dag.py:3444} INFO - Setting next_dagrun for example_branch_operator to 2023-05-23T00:00:00+00:00, run_after=2023-05-24T00:00:00+00:00
[2023-05-24T15:06:24.588+0000] {processor.py:175} INFO - Processing /home/airflow/.local/lib/python3.7/site-packages/airflow/example_dags/example_branch_operator.py took 0.120 seconds
[2023-05-24T15:06:55.206+0000] {processor.py:153} INFO - Started process (PID=1151) to work on /home/airflow/.local/lib/python3.7/site-packages/airflow/example_dags/example_branch_operator.py
[2023-05-24T15:06:55.206+0000] {processor.py:743} INFO - Processing file /home/airflow/.local/lib/python3.7/site-packages/airflow/example_dags/example_branch_operator.py for tasks to queue
[2023-05-24T15:06:55.207+0000] {logging_mixin.py:137} INFO - [2023-05-24T15:06:55.207+0000] {dagbag.py:532} INFO - Filling up the DagBag from /home/airflow/.local/lib/python3.7/site-packages/airflow/example_dags/example_branch_operator.py
[2023-05-24T15:06:55.228+0000] {processor.py:753} INFO - DAG(s) dict_keys(['example_branch_operator']) retrieved from /home/airflow/.local/lib/python3.7/site-packages/airflow/example_dags/example_branch_operator.py
[2023-05-24T15:06:55.280+0000] {logging_mixin.py:137} INFO - [2023-05-24T15:06:55.280+0000] {dag.py:2693} INFO - Sync 1 DAGs
[2023-05-24T15:06:55.315+0000] {logging_mixin.py:137} INFO - [2023-05-24T15:06:55.314+0000] {dag.py:3444} INFO - Setting next_dagrun for example_branch_operator to 2023-05-23T00:00:00+00:00, run_after=2023-05-24T00:00:00+00:00
[2023-05-24T15:06:55.338+0000] {processor.py:175} INFO - Processing /home/airflow/.local/lib/python3.7/site-packages/airflow/example_dags/example_branch_operator.py took 0.137 seconds
[2023-05-24T15:07:26.056+0000] {processor.py:153} INFO - Started process (PID=1204) to work on /home/airflow/.local/lib/python3.7/site-packages/airflow/example_dags/example_branch_operator.py
[2023-05-24T15:07:26.057+0000] {processor.py:743} INFO - Processing file /home/airflow/.local/lib/python3.7/site-packages/airflow/example_dags/example_branch_operator.py for tasks to queue
[2023-05-24T15:07:26.058+0000] {logging_mixin.py:137} INFO - [2023-05-24T15:07:26.058+0000] {dagbag.py:532} INFO - Filling up the DagBag from /home/airflow/.local/lib/python3.7/site-packages/airflow/example_dags/example_branch_operator.py
[2023-05-24T15:07:26.080+0000] {processor.py:753} INFO - DAG(s) dict_keys(['example_branch_operator']) retrieved from /home/airflow/.local/lib/python3.7/site-packages/airflow/example_dags/example_branch_operator.py
[2023-05-24T15:07:26.123+0000] {logging_mixin.py:137} INFO - [2023-05-24T15:07:26.123+0000] {dag.py:2693} INFO - Sync 1 DAGs
[2023-05-24T15:07:26.158+0000] {logging_mixin.py:137} INFO - [2023-05-24T15:07:26.157+0000] {dag.py:3444} INFO - Setting next_dagrun for example_branch_operator to 2023-05-23T00:00:00+00:00, run_after=2023-05-24T00:00:00+00:00
[2023-05-24T15:07:26.179+0000] {processor.py:175} INFO - Processing /home/airflow/.local/lib/python3.7/site-packages/airflow/example_dags/example_branch_operator.py took 0.128 seconds
[2023-05-24T15:07:56.527+0000] {processor.py:153} INFO - Started process (PID=1256) to work on /home/airflow/.local/lib/python3.7/site-packages/airflow/example_dags/example_branch_operator.py
[2023-05-24T15:07:56.528+0000] {processor.py:743} INFO - Processing file /home/airflow/.local/lib/python3.7/site-packages/airflow/example_dags/example_branch_operator.py for tasks to queue
[2023-05-24T15:07:56.529+0000] {logging_mixin.py:137} INFO - [2023-05-24T15:07:56.529+0000] {dagbag.py:532} INFO - Filling up the DagBag from /home/airflow/.local/lib/python3.7/site-packages/airflow/example_dags/example_branch_operator.py
[2023-05-24T15:07:56.585+0000] {processor.py:753} INFO - DAG(s) dict_keys(['example_branch_operator']) retrieved from /home/airflow/.local/lib/python3.7/site-packages/airflow/example_dags/example_branch_operator.py
[2023-05-24T15:07:56.657+0000] {logging_mixin.py:137} INFO - [2023-05-24T15:07:56.649+0000] {dag.py:2693} INFO - Sync 1 DAGs
[2023-05-24T15:07:56.719+0000] {logging_mixin.py:137} INFO - [2023-05-24T15:07:56.719+0000] {dag.py:3444} INFO - Setting next_dagrun for example_branch_operator to 2023-05-23T00:00:00+00:00, run_after=2023-05-24T00:00:00+00:00
[2023-05-24T15:07:56.764+0000] {processor.py:175} INFO - Processing /home/airflow/.local/lib/python3.7/site-packages/airflow/example_dags/example_branch_operator.py took 0.240 seconds
[2023-05-24T15:08:26.831+0000] {processor.py:153} INFO - Started process (PID=1308) to work on /home/airflow/.local/lib/python3.7/site-packages/airflow/example_dags/example_branch_operator.py
[2023-05-24T15:08:26.832+0000] {processor.py:743} INFO - Processing file /home/airflow/.local/lib/python3.7/site-packages/airflow/example_dags/example_branch_operator.py for tasks to queue
[2023-05-24T15:08:26.833+0000] {logging_mixin.py:137} INFO - [2023-05-24T15:08:26.833+0000] {dagbag.py:532} INFO - Filling up the DagBag from /home/airflow/.local/lib/python3.7/site-packages/airflow/example_dags/example_branch_operator.py
[2023-05-24T15:08:26.860+0000] {processor.py:753} INFO - DAG(s) dict_keys(['example_branch_operator']) retrieved from /home/airflow/.local/lib/python3.7/site-packages/airflow/example_dags/example_branch_operator.py
[2023-05-24T15:08:26.940+0000] {logging_mixin.py:137} INFO - [2023-05-24T15:08:26.939+0000] {dag.py:2693} INFO - Sync 1 DAGs
[2023-05-24T15:08:26.999+0000] {logging_mixin.py:137} INFO - [2023-05-24T15:08:26.999+0000] {dag.py:3444} INFO - Setting next_dagrun for example_branch_operator to 2023-05-23T00:00:00+00:00, run_after=2023-05-24T00:00:00+00:00
[2023-05-24T15:08:27.031+0000] {processor.py:175} INFO - Processing /home/airflow/.local/lib/python3.7/site-packages/airflow/example_dags/example_branch_operator.py took 0.204 seconds
[2023-05-24T15:08:57.553+0000] {processor.py:153} INFO - Started process (PID=1361) to work on /home/airflow/.local/lib/python3.7/site-packages/airflow/example_dags/example_branch_operator.py
[2023-05-24T15:08:57.555+0000] {processor.py:743} INFO - Processing file /home/airflow/.local/lib/python3.7/site-packages/airflow/example_dags/example_branch_operator.py for tasks to queue
[2023-05-24T15:08:57.556+0000] {logging_mixin.py:137} INFO - [2023-05-24T15:08:57.556+0000] {dagbag.py:532} INFO - Filling up the DagBag from /home/airflow/.local/lib/python3.7/site-packages/airflow/example_dags/example_branch_operator.py
[2023-05-24T15:08:57.577+0000] {processor.py:753} INFO - DAG(s) dict_keys(['example_branch_operator']) retrieved from /home/airflow/.local/lib/python3.7/site-packages/airflow/example_dags/example_branch_operator.py
[2023-05-24T15:08:57.615+0000] {logging_mixin.py:137} INFO - [2023-05-24T15:08:57.614+0000] {dag.py:2693} INFO - Sync 1 DAGs
[2023-05-24T15:08:57.650+0000] {logging_mixin.py:137} INFO - [2023-05-24T15:08:57.649+0000] {dag.py:3444} INFO - Setting next_dagrun for example_branch_operator to 2023-05-23T00:00:00+00:00, run_after=2023-05-24T00:00:00+00:00
[2023-05-24T15:08:57.674+0000] {processor.py:175} INFO - Processing /home/airflow/.local/lib/python3.7/site-packages/airflow/example_dags/example_branch_operator.py took 0.126 seconds
[2023-05-24T15:09:27.981+0000] {processor.py:153} INFO - Started process (PID=1413) to work on /home/airflow/.local/lib/python3.7/site-packages/airflow/example_dags/example_branch_operator.py
[2023-05-24T15:09:27.998+0000] {processor.py:743} INFO - Processing file /home/airflow/.local/lib/python3.7/site-packages/airflow/example_dags/example_branch_operator.py for tasks to queue
[2023-05-24T15:09:27.999+0000] {logging_mixin.py:137} INFO - [2023-05-24T15:09:27.999+0000] {dagbag.py:532} INFO - Filling up the DagBag from /home/airflow/.local/lib/python3.7/site-packages/airflow/example_dags/example_branch_operator.py
[2023-05-24T15:09:28.059+0000] {processor.py:753} INFO - DAG(s) dict_keys(['example_branch_operator']) retrieved from /home/airflow/.local/lib/python3.7/site-packages/airflow/example_dags/example_branch_operator.py
[2023-05-24T15:09:28.126+0000] {logging_mixin.py:137} INFO - [2023-05-24T15:09:28.126+0000] {dag.py:2693} INFO - Sync 1 DAGs
[2023-05-24T15:09:28.189+0000] {logging_mixin.py:137} INFO - [2023-05-24T15:09:28.188+0000] {dag.py:3444} INFO - Setting next_dagrun for example_branch_operator to 2023-05-23T00:00:00+00:00, run_after=2023-05-24T00:00:00+00:00
[2023-05-24T15:09:28.234+0000] {processor.py:175} INFO - Processing /home/airflow/.local/lib/python3.7/site-packages/airflow/example_dags/example_branch_operator.py took 0.257 seconds
[2023-05-24T15:09:58.287+0000] {processor.py:153} INFO - Started process (PID=1465) to work on /home/airflow/.local/lib/python3.7/site-packages/airflow/example_dags/example_branch_operator.py
[2023-05-24T15:09:58.288+0000] {processor.py:743} INFO - Processing file /home/airflow/.local/lib/python3.7/site-packages/airflow/example_dags/example_branch_operator.py for tasks to queue
[2023-05-24T15:09:58.288+0000] {logging_mixin.py:137} INFO - [2023-05-24T15:09:58.288+0000] {dagbag.py:532} INFO - Filling up the DagBag from /home/airflow/.local/lib/python3.7/site-packages/airflow/example_dags/example_branch_operator.py
[2023-05-24T15:09:58.310+0000] {processor.py:753} INFO - DAG(s) dict_keys(['example_branch_operator']) retrieved from /home/airflow/.local/lib/python3.7/site-packages/airflow/example_dags/example_branch_operator.py
[2023-05-24T15:09:58.345+0000] {logging_mixin.py:137} INFO - [2023-05-24T15:09:58.345+0000] {dag.py:2693} INFO - Sync 1 DAGs
[2023-05-24T15:09:58.380+0000] {logging_mixin.py:137} INFO - [2023-05-24T15:09:58.380+0000] {dag.py:3444} INFO - Setting next_dagrun for example_branch_operator to 2023-05-23T00:00:00+00:00, run_after=2023-05-24T00:00:00+00:00
[2023-05-24T15:09:58.403+0000] {processor.py:175} INFO - Processing /home/airflow/.local/lib/python3.7/site-packages/airflow/example_dags/example_branch_operator.py took 0.121 seconds
[2023-05-24T15:10:29.046+0000] {processor.py:153} INFO - Started process (PID=1518) to work on /home/airflow/.local/lib/python3.7/site-packages/airflow/example_dags/example_branch_operator.py
[2023-05-24T15:10:29.047+0000] {processor.py:743} INFO - Processing file /home/airflow/.local/lib/python3.7/site-packages/airflow/example_dags/example_branch_operator.py for tasks to queue
[2023-05-24T15:10:29.047+0000] {logging_mixin.py:137} INFO - [2023-05-24T15:10:29.047+0000] {dagbag.py:532} INFO - Filling up the DagBag from /home/airflow/.local/lib/python3.7/site-packages/airflow/example_dags/example_branch_operator.py
[2023-05-24T15:10:29.068+0000] {processor.py:753} INFO - DAG(s) dict_keys(['example_branch_operator']) retrieved from /home/airflow/.local/lib/python3.7/site-packages/airflow/example_dags/example_branch_operator.py
[2023-05-24T15:10:29.106+0000] {logging_mixin.py:137} INFO - [2023-05-24T15:10:29.106+0000] {dag.py:2693} INFO - Sync 1 DAGs
[2023-05-24T15:10:29.141+0000] {logging_mixin.py:137} INFO - [2023-05-24T15:10:29.141+0000] {dag.py:3444} INFO - Setting next_dagrun for example_branch_operator to 2023-05-23T00:00:00+00:00, run_after=2023-05-24T00:00:00+00:00
[2023-05-24T15:10:29.162+0000] {processor.py:175} INFO - Processing /home/airflow/.local/lib/python3.7/site-packages/airflow/example_dags/example_branch_operator.py took 0.121 seconds
