[2023-05-24T00:00:04.464+0000] {processor.py:153} INFO - Started process (PID=5246) to work on /home/airflow/.local/lib/python3.7/site-packages/airflow/example_dags/tutorial.py
[2023-05-24T00:00:04.464+0000] {processor.py:743} INFO - Processing file /home/airflow/.local/lib/python3.7/site-packages/airflow/example_dags/tutorial.py for tasks to queue
[2023-05-24T00:00:04.465+0000] {logging_mixin.py:137} INFO - [2023-05-24T00:00:04.465+0000] {dagbag.py:532} INFO - Filling up the DagBag from /home/airflow/.local/lib/python3.7/site-packages/airflow/example_dags/tutorial.py
[2023-05-24T00:00:04.482+0000] {processor.py:753} INFO - DAG(s) dict_keys(['tutorial']) retrieved from /home/airflow/.local/lib/python3.7/site-packages/airflow/example_dags/tutorial.py
[2023-05-24T00:00:04.513+0000] {logging_mixin.py:137} INFO - [2023-05-24T00:00:04.513+0000] {dag.py:2693} INFO - Sync 1 DAGs
[2023-05-24T00:00:04.546+0000] {logging_mixin.py:137} INFO - [2023-05-24T00:00:04.546+0000] {dag.py:3444} INFO - Setting next_dagrun for tutorial to 2023-05-23T00:00:04.545879+00:00, run_after=2023-05-24T00:00:04.545879+00:00
[2023-05-24T00:00:04.568+0000] {processor.py:175} INFO - Processing /home/airflow/.local/lib/python3.7/site-packages/airflow/example_dags/tutorial.py took 0.109 seconds
[2023-05-24T00:00:35.126+0000] {processor.py:153} INFO - Started process (PID=5297) to work on /home/airflow/.local/lib/python3.7/site-packages/airflow/example_dags/tutorial.py
[2023-05-24T00:00:35.128+0000] {processor.py:743} INFO - Processing file /home/airflow/.local/lib/python3.7/site-packages/airflow/example_dags/tutorial.py for tasks to queue
[2023-05-24T00:00:35.128+0000] {logging_mixin.py:137} INFO - [2023-05-24T00:00:35.128+0000] {dagbag.py:532} INFO - Filling up the DagBag from /home/airflow/.local/lib/python3.7/site-packages/airflow/example_dags/tutorial.py
[2023-05-24T00:00:35.146+0000] {processor.py:753} INFO - DAG(s) dict_keys(['tutorial']) retrieved from /home/airflow/.local/lib/python3.7/site-packages/airflow/example_dags/tutorial.py
[2023-05-24T00:00:35.176+0000] {logging_mixin.py:137} INFO - [2023-05-24T00:00:35.176+0000] {dag.py:2693} INFO - Sync 1 DAGs
[2023-05-24T00:00:35.208+0000] {logging_mixin.py:137} INFO - [2023-05-24T00:00:35.207+0000] {dag.py:3444} INFO - Setting next_dagrun for tutorial to 2023-05-23T00:00:35.207593+00:00, run_after=2023-05-24T00:00:35.207593+00:00
[2023-05-24T00:00:35.229+0000] {processor.py:175} INFO - Processing /home/airflow/.local/lib/python3.7/site-packages/airflow/example_dags/tutorial.py took 0.107 seconds
[2023-05-24T00:01:06.031+0000] {processor.py:153} INFO - Started process (PID=5349) to work on /home/airflow/.local/lib/python3.7/site-packages/airflow/example_dags/tutorial.py
[2023-05-24T00:01:06.032+0000] {processor.py:743} INFO - Processing file /home/airflow/.local/lib/python3.7/site-packages/airflow/example_dags/tutorial.py for tasks to queue
[2023-05-24T00:01:06.035+0000] {logging_mixin.py:137} INFO - [2023-05-24T00:01:06.035+0000] {dagbag.py:532} INFO - Filling up the DagBag from /home/airflow/.local/lib/python3.7/site-packages/airflow/example_dags/tutorial.py
[2023-05-24T00:01:06.052+0000] {processor.py:753} INFO - DAG(s) dict_keys(['tutorial']) retrieved from /home/airflow/.local/lib/python3.7/site-packages/airflow/example_dags/tutorial.py
[2023-05-24T00:01:06.085+0000] {logging_mixin.py:137} INFO - [2023-05-24T00:01:06.085+0000] {dag.py:2693} INFO - Sync 1 DAGs
[2023-05-24T00:01:06.116+0000] {logging_mixin.py:137} INFO - [2023-05-24T00:01:06.116+0000] {dag.py:3444} INFO - Setting next_dagrun for tutorial to 2023-05-23T00:01:06.115929+00:00, run_after=2023-05-24T00:01:06.115929+00:00
[2023-05-24T00:01:06.143+0000] {processor.py:175} INFO - Processing /home/airflow/.local/lib/python3.7/site-packages/airflow/example_dags/tutorial.py took 0.115 seconds
[2023-05-24T00:01:36.737+0000] {processor.py:153} INFO - Started process (PID=5401) to work on /home/airflow/.local/lib/python3.7/site-packages/airflow/example_dags/tutorial.py
[2023-05-24T00:01:36.738+0000] {processor.py:743} INFO - Processing file /home/airflow/.local/lib/python3.7/site-packages/airflow/example_dags/tutorial.py for tasks to queue
[2023-05-24T00:01:36.738+0000] {logging_mixin.py:137} INFO - [2023-05-24T00:01:36.738+0000] {dagbag.py:532} INFO - Filling up the DagBag from /home/airflow/.local/lib/python3.7/site-packages/airflow/example_dags/tutorial.py
[2023-05-24T00:01:36.755+0000] {processor.py:753} INFO - DAG(s) dict_keys(['tutorial']) retrieved from /home/airflow/.local/lib/python3.7/site-packages/airflow/example_dags/tutorial.py
[2023-05-24T00:01:36.786+0000] {logging_mixin.py:137} INFO - [2023-05-24T00:01:36.786+0000] {dag.py:2693} INFO - Sync 1 DAGs
[2023-05-24T00:01:36.818+0000] {logging_mixin.py:137} INFO - [2023-05-24T00:01:36.818+0000] {dag.py:3444} INFO - Setting next_dagrun for tutorial to 2023-05-23T00:01:36.818179+00:00, run_after=2023-05-24T00:01:36.818179+00:00
[2023-05-24T00:01:36.849+0000] {processor.py:175} INFO - Processing /home/airflow/.local/lib/python3.7/site-packages/airflow/example_dags/tutorial.py took 0.117 seconds
[2023-05-24T00:02:08.861+0000] {processor.py:153} INFO - Started process (PID=5453) to work on /home/airflow/.local/lib/python3.7/site-packages/airflow/example_dags/tutorial.py
[2023-05-24T00:02:08.884+0000] {processor.py:743} INFO - Processing file /home/airflow/.local/lib/python3.7/site-packages/airflow/example_dags/tutorial.py for tasks to queue
[2023-05-24T00:02:08.884+0000] {logging_mixin.py:137} INFO - [2023-05-24T00:02:08.884+0000] {dagbag.py:532} INFO - Filling up the DagBag from /home/airflow/.local/lib/python3.7/site-packages/airflow/example_dags/tutorial.py
[2023-05-24T00:02:09.032+0000] {processor.py:753} INFO - DAG(s) dict_keys(['tutorial']) retrieved from /home/airflow/.local/lib/python3.7/site-packages/airflow/example_dags/tutorial.py
[2023-05-24T00:02:09.266+0000] {logging_mixin.py:137} INFO - [2023-05-24T00:02:09.266+0000] {dag.py:2693} INFO - Sync 1 DAGs
[2023-05-24T00:02:09.567+0000] {logging_mixin.py:137} INFO - [2023-05-24T00:02:09.567+0000] {dag.py:3444} INFO - Setting next_dagrun for tutorial to 2023-05-23T00:02:09.566930+00:00, run_after=2023-05-24T00:02:09.566930+00:00
[2023-05-24T00:02:09.682+0000] {processor.py:175} INFO - Processing /home/airflow/.local/lib/python3.7/site-packages/airflow/example_dags/tutorial.py took 0.897 seconds
[2023-05-24T00:02:39.869+0000] {processor.py:153} INFO - Started process (PID=5506) to work on /home/airflow/.local/lib/python3.7/site-packages/airflow/example_dags/tutorial.py
[2023-05-24T00:02:39.870+0000] {processor.py:743} INFO - Processing file /home/airflow/.local/lib/python3.7/site-packages/airflow/example_dags/tutorial.py for tasks to queue
[2023-05-24T00:02:39.871+0000] {logging_mixin.py:137} INFO - [2023-05-24T00:02:39.871+0000] {dagbag.py:532} INFO - Filling up the DagBag from /home/airflow/.local/lib/python3.7/site-packages/airflow/example_dags/tutorial.py
[2023-05-24T00:02:39.888+0000] {processor.py:753} INFO - DAG(s) dict_keys(['tutorial']) retrieved from /home/airflow/.local/lib/python3.7/site-packages/airflow/example_dags/tutorial.py
[2023-05-24T00:02:39.924+0000] {logging_mixin.py:137} INFO - [2023-05-24T00:02:39.923+0000] {dag.py:2693} INFO - Sync 1 DAGs
[2023-05-24T00:02:39.958+0000] {logging_mixin.py:137} INFO - [2023-05-24T00:02:39.957+0000] {dag.py:3444} INFO - Setting next_dagrun for tutorial to 2023-05-23T00:02:39.957577+00:00, run_after=2023-05-24T00:02:39.957577+00:00
[2023-05-24T00:02:39.981+0000] {processor.py:175} INFO - Processing /home/airflow/.local/lib/python3.7/site-packages/airflow/example_dags/tutorial.py took 0.116 seconds
[2023-05-24T00:03:10.689+0000] {processor.py:153} INFO - Started process (PID=5559) to work on /home/airflow/.local/lib/python3.7/site-packages/airflow/example_dags/tutorial.py
[2023-05-24T00:03:10.694+0000] {processor.py:743} INFO - Processing file /home/airflow/.local/lib/python3.7/site-packages/airflow/example_dags/tutorial.py for tasks to queue
[2023-05-24T00:03:10.695+0000] {logging_mixin.py:137} INFO - [2023-05-24T00:03:10.695+0000] {dagbag.py:532} INFO - Filling up the DagBag from /home/airflow/.local/lib/python3.7/site-packages/airflow/example_dags/tutorial.py
[2023-05-24T00:03:10.734+0000] {processor.py:753} INFO - DAG(s) dict_keys(['tutorial']) retrieved from /home/airflow/.local/lib/python3.7/site-packages/airflow/example_dags/tutorial.py
[2023-05-24T00:03:10.784+0000] {logging_mixin.py:137} INFO - [2023-05-24T00:03:10.784+0000] {dag.py:2693} INFO - Sync 1 DAGs
[2023-05-24T00:03:10.814+0000] {logging_mixin.py:137} INFO - [2023-05-24T00:03:10.814+0000] {dag.py:3444} INFO - Setting next_dagrun for tutorial to 2023-05-23T00:03:10.814140+00:00, run_after=2023-05-24T00:03:10.814140+00:00
[2023-05-24T00:03:10.837+0000] {processor.py:175} INFO - Processing /home/airflow/.local/lib/python3.7/site-packages/airflow/example_dags/tutorial.py took 0.151 seconds
[2023-05-24T00:03:41.319+0000] {processor.py:153} INFO - Started process (PID=5611) to work on /home/airflow/.local/lib/python3.7/site-packages/airflow/example_dags/tutorial.py
[2023-05-24T00:03:41.320+0000] {processor.py:743} INFO - Processing file /home/airflow/.local/lib/python3.7/site-packages/airflow/example_dags/tutorial.py for tasks to queue
[2023-05-24T00:03:41.321+0000] {logging_mixin.py:137} INFO - [2023-05-24T00:03:41.321+0000] {dagbag.py:532} INFO - Filling up the DagBag from /home/airflow/.local/lib/python3.7/site-packages/airflow/example_dags/tutorial.py
[2023-05-24T00:03:41.338+0000] {processor.py:753} INFO - DAG(s) dict_keys(['tutorial']) retrieved from /home/airflow/.local/lib/python3.7/site-packages/airflow/example_dags/tutorial.py
[2023-05-24T00:03:41.430+0000] {logging_mixin.py:137} INFO - [2023-05-24T00:03:41.430+0000] {dag.py:2693} INFO - Sync 1 DAGs
[2023-05-24T00:03:41.488+0000] {logging_mixin.py:137} INFO - [2023-05-24T00:03:41.488+0000] {dag.py:3444} INFO - Setting next_dagrun for tutorial to 2023-05-23T00:03:41.487913+00:00, run_after=2023-05-24T00:03:41.487913+00:00
[2023-05-24T00:03:41.527+0000] {processor.py:175} INFO - Processing /home/airflow/.local/lib/python3.7/site-packages/airflow/example_dags/tutorial.py took 0.212 seconds
[2023-05-24T00:04:11.713+0000] {processor.py:153} INFO - Started process (PID=5663) to work on /home/airflow/.local/lib/python3.7/site-packages/airflow/example_dags/tutorial.py
[2023-05-24T00:04:11.726+0000] {processor.py:743} INFO - Processing file /home/airflow/.local/lib/python3.7/site-packages/airflow/example_dags/tutorial.py for tasks to queue
[2023-05-24T00:04:11.727+0000] {logging_mixin.py:137} INFO - [2023-05-24T00:04:11.727+0000] {dagbag.py:532} INFO - Filling up the DagBag from /home/airflow/.local/lib/python3.7/site-packages/airflow/example_dags/tutorial.py
[2023-05-24T00:04:11.756+0000] {processor.py:753} INFO - DAG(s) dict_keys(['tutorial']) retrieved from /home/airflow/.local/lib/python3.7/site-packages/airflow/example_dags/tutorial.py
[2023-05-24T00:04:11.855+0000] {logging_mixin.py:137} INFO - [2023-05-24T00:04:11.855+0000] {dag.py:2693} INFO - Sync 1 DAGs
[2023-05-24T00:04:11.924+0000] {logging_mixin.py:137} INFO - [2023-05-24T00:04:11.924+0000] {dag.py:3444} INFO - Setting next_dagrun for tutorial to 2023-05-23T00:04:11.924203+00:00, run_after=2023-05-24T00:04:11.924203+00:00
[2023-05-24T00:04:11.950+0000] {processor.py:175} INFO - Processing /home/airflow/.local/lib/python3.7/site-packages/airflow/example_dags/tutorial.py took 0.240 seconds
[2023-05-24T00:04:42.782+0000] {processor.py:153} INFO - Started process (PID=5716) to work on /home/airflow/.local/lib/python3.7/site-packages/airflow/example_dags/tutorial.py
[2023-05-24T00:04:42.783+0000] {processor.py:743} INFO - Processing file /home/airflow/.local/lib/python3.7/site-packages/airflow/example_dags/tutorial.py for tasks to queue
[2023-05-24T00:04:42.784+0000] {logging_mixin.py:137} INFO - [2023-05-24T00:04:42.784+0000] {dagbag.py:532} INFO - Filling up the DagBag from /home/airflow/.local/lib/python3.7/site-packages/airflow/example_dags/tutorial.py
[2023-05-24T00:04:42.823+0000] {processor.py:753} INFO - DAG(s) dict_keys(['tutorial']) retrieved from /home/airflow/.local/lib/python3.7/site-packages/airflow/example_dags/tutorial.py
[2023-05-24T00:04:42.914+0000] {logging_mixin.py:137} INFO - [2023-05-24T00:04:42.913+0000] {dag.py:2693} INFO - Sync 1 DAGs
[2023-05-24T00:04:43.010+0000] {logging_mixin.py:137} INFO - [2023-05-24T00:04:43.010+0000] {dag.py:3444} INFO - Setting next_dagrun for tutorial to 2023-05-23T00:04:43.010159+00:00, run_after=2023-05-24T00:04:43.010159+00:00
[2023-05-24T00:04:43.044+0000] {processor.py:175} INFO - Processing /home/airflow/.local/lib/python3.7/site-packages/airflow/example_dags/tutorial.py took 0.279 seconds
[2023-05-24T00:05:13.220+0000] {processor.py:153} INFO - Started process (PID=5769) to work on /home/airflow/.local/lib/python3.7/site-packages/airflow/example_dags/tutorial.py
[2023-05-24T00:05:13.226+0000] {processor.py:743} INFO - Processing file /home/airflow/.local/lib/python3.7/site-packages/airflow/example_dags/tutorial.py for tasks to queue
[2023-05-24T00:05:13.227+0000] {logging_mixin.py:137} INFO - [2023-05-24T00:05:13.227+0000] {dagbag.py:532} INFO - Filling up the DagBag from /home/airflow/.local/lib/python3.7/site-packages/airflow/example_dags/tutorial.py
[2023-05-24T00:05:13.252+0000] {processor.py:753} INFO - DAG(s) dict_keys(['tutorial']) retrieved from /home/airflow/.local/lib/python3.7/site-packages/airflow/example_dags/tutorial.py
[2023-05-24T00:05:13.315+0000] {logging_mixin.py:137} INFO - [2023-05-24T00:05:13.315+0000] {dag.py:2693} INFO - Sync 1 DAGs
[2023-05-24T00:05:13.375+0000] {logging_mixin.py:137} INFO - [2023-05-24T00:05:13.375+0000] {dag.py:3444} INFO - Setting next_dagrun for tutorial to 2023-05-23T00:05:13.374751+00:00, run_after=2023-05-24T00:05:13.374751+00:00
[2023-05-24T00:05:13.424+0000] {processor.py:175} INFO - Processing /home/airflow/.local/lib/python3.7/site-packages/airflow/example_dags/tutorial.py took 0.223 seconds
