[2023-05-14T18:10:32.761+0000] {taskinstance.py:1084} INFO - Dependencies all met for dep_context=non-requeueable deps ti=<TaskInstance: get_todays_gamesv2.print_game_today manual__2023-05-14T18:10:24.401323+00:00 [queued]>
[2023-05-14T18:10:32.775+0000] {taskinstance.py:1084} INFO - Dependencies all met for dep_context=requeueable deps ti=<TaskInstance: get_todays_gamesv2.print_game_today manual__2023-05-14T18:10:24.401323+00:00 [queued]>
[2023-05-14T18:10:32.775+0000] {taskinstance.py:1282} INFO - 
--------------------------------------------------------------------------------
[2023-05-14T18:10:32.775+0000] {taskinstance.py:1283} INFO - Starting attempt 1 of 1
[2023-05-14T18:10:32.775+0000] {taskinstance.py:1284} INFO - 
--------------------------------------------------------------------------------
[2023-05-14T18:10:32.792+0000] {taskinstance.py:1303} INFO - Executing <Task(BashOperator): print_game_today> on 2023-05-14 18:10:24.401323+00:00
[2023-05-14T18:10:32.799+0000] {standard_task_runner.py:55} INFO - Started process 3367 to run task
[2023-05-14T18:10:32.807+0000] {standard_task_runner.py:82} INFO - Running: ['***', 'tasks', 'run', 'get_todays_gamesv2', 'print_game_today', 'manual__2023-05-14T18:10:24.401323+00:00', '--job-id', '1482', '--raw', '--subdir', 'DAGS_FOLDER/todays_gamesv2.py', '--cfg-path', '/tmp/tmpq2wgyno0']
[2023-05-14T18:10:32.808+0000] {standard_task_runner.py:83} INFO - Job 1482: Subtask print_game_today
[2023-05-14T18:10:32.895+0000] {task_command.py:388} INFO - Running <TaskInstance: get_todays_gamesv2.print_game_today manual__2023-05-14T18:10:24.401323+00:00 [running]> on host f7ab54451666
[2023-05-14T18:10:32.996+0000] {taskinstance.py:1511} INFO - Exporting the following env vars:
AIRFLOW_CTX_DAG_OWNER=***
AIRFLOW_CTX_DAG_ID=get_todays_gamesv2
AIRFLOW_CTX_TASK_ID=print_game_today
AIRFLOW_CTX_EXECUTION_DATE=2023-05-14T18:10:24.401323+00:00
AIRFLOW_CTX_TRY_NUMBER=1
AIRFLOW_CTX_DAG_RUN_ID=manual__2023-05-14T18:10:24.401323+00:00
[2023-05-14T18:10:32.999+0000] {subprocess.py:63} INFO - Tmp dir root location: 
 /tmp
[2023-05-14T18:10:32.999+0000] {subprocess.py:75} INFO - Running command: ['/bin/bash', '-c', 'echo Game today!']
[2023-05-14T18:10:33.015+0000] {subprocess.py:86} INFO - Output:
[2023-05-14T18:10:33.018+0000] {subprocess.py:93} INFO - Game today!
[2023-05-14T18:10:33.018+0000] {subprocess.py:97} INFO - Command exited with return code 0
[2023-05-14T18:10:33.034+0000] {taskinstance.py:1326} INFO - Marking task as SUCCESS. dag_id=get_todays_gamesv2, task_id=print_game_today, execution_date=20230514T181024, start_date=20230514T181032, end_date=20230514T181033
[2023-05-14T18:10:33.094+0000] {local_task_job.py:212} INFO - Task exited with return code 0
[2023-05-14T18:10:33.140+0000] {taskinstance.py:2585} INFO - 3 downstream tasks scheduled from follow-on schedule check
