[2023-05-16T00:00:23.742+0000] {processor.py:153} INFO - Started process (PID=7436) to work on /home/airflow/.local/lib/python3.7/site-packages/airflow/example_dags/example_branch_python_dop_operator_3.py
[2023-05-16T00:00:23.743+0000] {processor.py:743} INFO - Processing file /home/airflow/.local/lib/python3.7/site-packages/airflow/example_dags/example_branch_python_dop_operator_3.py for tasks to queue
[2023-05-16T00:00:23.751+0000] {logging_mixin.py:137} INFO - [2023-05-16T00:00:23.751+0000] {dagbag.py:532} INFO - Filling up the DagBag from /home/airflow/.local/lib/python3.7/site-packages/airflow/example_dags/example_branch_python_dop_operator_3.py
[2023-05-16T00:00:23.802+0000] {processor.py:753} INFO - DAG(s) dict_keys(['example_branch_dop_operator_v3']) retrieved from /home/airflow/.local/lib/python3.7/site-packages/airflow/example_dags/example_branch_python_dop_operator_3.py
[2023-05-16T00:00:23.834+0000] {logging_mixin.py:137} INFO - [2023-05-16T00:00:23.833+0000] {dag.py:2693} INFO - Sync 1 DAGs
[2023-05-16T00:00:23.870+0000] {logging_mixin.py:137} INFO - [2023-05-16T00:00:23.870+0000] {dag.py:3444} INFO - Setting next_dagrun for example_branch_dop_operator_v3 to 2023-05-15T23:59:00+00:00, run_after=2023-05-16T00:00:00+00:00
[2023-05-16T00:00:23.891+0000] {processor.py:175} INFO - Processing /home/airflow/.local/lib/python3.7/site-packages/airflow/example_dags/example_branch_python_dop_operator_3.py took 0.153 seconds
[2023-05-16T00:00:54.290+0000] {processor.py:153} INFO - Started process (PID=7489) to work on /home/airflow/.local/lib/python3.7/site-packages/airflow/example_dags/example_branch_python_dop_operator_3.py
[2023-05-16T00:00:54.291+0000] {processor.py:743} INFO - Processing file /home/airflow/.local/lib/python3.7/site-packages/airflow/example_dags/example_branch_python_dop_operator_3.py for tasks to queue
[2023-05-16T00:00:54.292+0000] {logging_mixin.py:137} INFO - [2023-05-16T00:00:54.292+0000] {dagbag.py:532} INFO - Filling up the DagBag from /home/airflow/.local/lib/python3.7/site-packages/airflow/example_dags/example_branch_python_dop_operator_3.py
[2023-05-16T00:00:54.326+0000] {processor.py:753} INFO - DAG(s) dict_keys(['example_branch_dop_operator_v3']) retrieved from /home/airflow/.local/lib/python3.7/site-packages/airflow/example_dags/example_branch_python_dop_operator_3.py
[2023-05-16T00:00:54.363+0000] {logging_mixin.py:137} INFO - [2023-05-16T00:00:54.362+0000] {dag.py:2693} INFO - Sync 1 DAGs
[2023-05-16T00:00:54.400+0000] {logging_mixin.py:137} INFO - [2023-05-16T00:00:54.400+0000] {dag.py:3444} INFO - Setting next_dagrun for example_branch_dop_operator_v3 to 2023-05-15T23:59:00+00:00, run_after=2023-05-16T00:00:00+00:00
[2023-05-16T00:00:54.422+0000] {processor.py:175} INFO - Processing /home/airflow/.local/lib/python3.7/site-packages/airflow/example_dags/example_branch_python_dop_operator_3.py took 0.136 seconds
[2023-05-16T00:01:25.122+0000] {processor.py:153} INFO - Started process (PID=7541) to work on /home/airflow/.local/lib/python3.7/site-packages/airflow/example_dags/example_branch_python_dop_operator_3.py
[2023-05-16T00:01:25.123+0000] {processor.py:743} INFO - Processing file /home/airflow/.local/lib/python3.7/site-packages/airflow/example_dags/example_branch_python_dop_operator_3.py for tasks to queue
[2023-05-16T00:01:25.124+0000] {logging_mixin.py:137} INFO - [2023-05-16T00:01:25.124+0000] {dagbag.py:532} INFO - Filling up the DagBag from /home/airflow/.local/lib/python3.7/site-packages/airflow/example_dags/example_branch_python_dop_operator_3.py
[2023-05-16T00:01:25.153+0000] {processor.py:753} INFO - DAG(s) dict_keys(['example_branch_dop_operator_v3']) retrieved from /home/airflow/.local/lib/python3.7/site-packages/airflow/example_dags/example_branch_python_dop_operator_3.py
[2023-05-16T00:01:25.184+0000] {logging_mixin.py:137} INFO - [2023-05-16T00:01:25.184+0000] {dag.py:2693} INFO - Sync 1 DAGs
[2023-05-16T00:01:25.222+0000] {logging_mixin.py:137} INFO - [2023-05-16T00:01:25.222+0000] {dag.py:3444} INFO - Setting next_dagrun for example_branch_dop_operator_v3 to 2023-05-16T00:00:00+00:00, run_after=2023-05-16T00:01:00+00:00
[2023-05-16T00:01:25.244+0000] {processor.py:175} INFO - Processing /home/airflow/.local/lib/python3.7/site-packages/airflow/example_dags/example_branch_python_dop_operator_3.py took 0.125 seconds
[2023-05-16T00:01:56.177+0000] {processor.py:153} INFO - Started process (PID=7592) to work on /home/airflow/.local/lib/python3.7/site-packages/airflow/example_dags/example_branch_python_dop_operator_3.py
[2023-05-16T00:01:56.187+0000] {processor.py:743} INFO - Processing file /home/airflow/.local/lib/python3.7/site-packages/airflow/example_dags/example_branch_python_dop_operator_3.py for tasks to queue
[2023-05-16T00:01:56.188+0000] {logging_mixin.py:137} INFO - [2023-05-16T00:01:56.188+0000] {dagbag.py:532} INFO - Filling up the DagBag from /home/airflow/.local/lib/python3.7/site-packages/airflow/example_dags/example_branch_python_dop_operator_3.py
[2023-05-16T00:01:56.306+0000] {processor.py:753} INFO - DAG(s) dict_keys(['example_branch_dop_operator_v3']) retrieved from /home/airflow/.local/lib/python3.7/site-packages/airflow/example_dags/example_branch_python_dop_operator_3.py
[2023-05-16T00:01:56.375+0000] {logging_mixin.py:137} INFO - [2023-05-16T00:01:56.375+0000] {dag.py:2693} INFO - Sync 1 DAGs
[2023-05-16T00:01:56.498+0000] {logging_mixin.py:137} INFO - [2023-05-16T00:01:56.498+0000] {dag.py:3444} INFO - Setting next_dagrun for example_branch_dop_operator_v3 to 2023-05-16T00:00:00+00:00, run_after=2023-05-16T00:01:00+00:00
[2023-05-16T00:01:56.542+0000] {processor.py:175} INFO - Processing /home/airflow/.local/lib/python3.7/site-packages/airflow/example_dags/example_branch_python_dop_operator_3.py took 0.377 seconds
[2023-05-16T00:02:27.108+0000] {processor.py:153} INFO - Started process (PID=7645) to work on /home/airflow/.local/lib/python3.7/site-packages/airflow/example_dags/example_branch_python_dop_operator_3.py
[2023-05-16T00:02:27.109+0000] {processor.py:743} INFO - Processing file /home/airflow/.local/lib/python3.7/site-packages/airflow/example_dags/example_branch_python_dop_operator_3.py for tasks to queue
[2023-05-16T00:02:27.110+0000] {logging_mixin.py:137} INFO - [2023-05-16T00:02:27.110+0000] {dagbag.py:532} INFO - Filling up the DagBag from /home/airflow/.local/lib/python3.7/site-packages/airflow/example_dags/example_branch_python_dop_operator_3.py
[2023-05-16T00:02:27.140+0000] {processor.py:753} INFO - DAG(s) dict_keys(['example_branch_dop_operator_v3']) retrieved from /home/airflow/.local/lib/python3.7/site-packages/airflow/example_dags/example_branch_python_dop_operator_3.py
[2023-05-16T00:02:27.176+0000] {logging_mixin.py:137} INFO - [2023-05-16T00:02:27.176+0000] {dag.py:2693} INFO - Sync 1 DAGs
[2023-05-16T00:02:27.220+0000] {logging_mixin.py:137} INFO - [2023-05-16T00:02:27.220+0000] {dag.py:3444} INFO - Setting next_dagrun for example_branch_dop_operator_v3 to 2023-05-16T00:01:00+00:00, run_after=2023-05-16T00:02:00+00:00
[2023-05-16T00:02:27.241+0000] {processor.py:175} INFO - Processing /home/airflow/.local/lib/python3.7/site-packages/airflow/example_dags/example_branch_python_dop_operator_3.py took 0.136 seconds
[2023-05-16T00:02:57.992+0000] {processor.py:153} INFO - Started process (PID=7696) to work on /home/airflow/.local/lib/python3.7/site-packages/airflow/example_dags/example_branch_python_dop_operator_3.py
[2023-05-16T00:02:58.008+0000] {processor.py:743} INFO - Processing file /home/airflow/.local/lib/python3.7/site-packages/airflow/example_dags/example_branch_python_dop_operator_3.py for tasks to queue
[2023-05-16T00:02:58.058+0000] {logging_mixin.py:137} INFO - [2023-05-16T00:02:58.058+0000] {dagbag.py:532} INFO - Filling up the DagBag from /home/airflow/.local/lib/python3.7/site-packages/airflow/example_dags/example_branch_python_dop_operator_3.py
[2023-05-16T00:02:58.214+0000] {processor.py:753} INFO - DAG(s) dict_keys(['example_branch_dop_operator_v3']) retrieved from /home/airflow/.local/lib/python3.7/site-packages/airflow/example_dags/example_branch_python_dop_operator_3.py
[2023-05-16T00:02:58.344+0000] {logging_mixin.py:137} INFO - [2023-05-16T00:02:58.344+0000] {dag.py:2693} INFO - Sync 1 DAGs
[2023-05-16T00:02:58.549+0000] {logging_mixin.py:137} INFO - [2023-05-16T00:02:58.549+0000] {dag.py:3444} INFO - Setting next_dagrun for example_branch_dop_operator_v3 to 2023-05-16T00:01:00+00:00, run_after=2023-05-16T00:02:00+00:00
[2023-05-16T00:02:58.643+0000] {processor.py:175} INFO - Processing /home/airflow/.local/lib/python3.7/site-packages/airflow/example_dags/example_branch_python_dop_operator_3.py took 0.687 seconds
[2023-05-16T00:03:29.253+0000] {processor.py:153} INFO - Started process (PID=7755) to work on /home/airflow/.local/lib/python3.7/site-packages/airflow/example_dags/example_branch_python_dop_operator_3.py
[2023-05-16T00:03:29.255+0000] {processor.py:743} INFO - Processing file /home/airflow/.local/lib/python3.7/site-packages/airflow/example_dags/example_branch_python_dop_operator_3.py for tasks to queue
[2023-05-16T00:03:29.256+0000] {logging_mixin.py:137} INFO - [2023-05-16T00:03:29.256+0000] {dagbag.py:532} INFO - Filling up the DagBag from /home/airflow/.local/lib/python3.7/site-packages/airflow/example_dags/example_branch_python_dop_operator_3.py
[2023-05-16T00:03:29.319+0000] {processor.py:753} INFO - DAG(s) dict_keys(['example_branch_dop_operator_v3']) retrieved from /home/airflow/.local/lib/python3.7/site-packages/airflow/example_dags/example_branch_python_dop_operator_3.py
[2023-05-16T00:03:29.361+0000] {logging_mixin.py:137} INFO - [2023-05-16T00:03:29.360+0000] {dag.py:2693} INFO - Sync 1 DAGs
[2023-05-16T00:03:29.436+0000] {logging_mixin.py:137} INFO - [2023-05-16T00:03:29.436+0000] {dag.py:3444} INFO - Setting next_dagrun for example_branch_dop_operator_v3 to 2023-05-16T00:02:00+00:00, run_after=2023-05-16T00:03:00+00:00
[2023-05-16T00:03:29.478+0000] {processor.py:175} INFO - Processing /home/airflow/.local/lib/python3.7/site-packages/airflow/example_dags/example_branch_python_dop_operator_3.py took 0.229 seconds
[2023-05-16T00:03:59.863+0000] {processor.py:153} INFO - Started process (PID=7806) to work on /home/airflow/.local/lib/python3.7/site-packages/airflow/example_dags/example_branch_python_dop_operator_3.py
[2023-05-16T00:03:59.864+0000] {processor.py:743} INFO - Processing file /home/airflow/.local/lib/python3.7/site-packages/airflow/example_dags/example_branch_python_dop_operator_3.py for tasks to queue
[2023-05-16T00:03:59.864+0000] {logging_mixin.py:137} INFO - [2023-05-16T00:03:59.864+0000] {dagbag.py:532} INFO - Filling up the DagBag from /home/airflow/.local/lib/python3.7/site-packages/airflow/example_dags/example_branch_python_dop_operator_3.py
[2023-05-16T00:03:59.895+0000] {processor.py:753} INFO - DAG(s) dict_keys(['example_branch_dop_operator_v3']) retrieved from /home/airflow/.local/lib/python3.7/site-packages/airflow/example_dags/example_branch_python_dop_operator_3.py
[2023-05-16T00:03:59.938+0000] {logging_mixin.py:137} INFO - [2023-05-16T00:03:59.938+0000] {dag.py:2693} INFO - Sync 1 DAGs
[2023-05-16T00:03:59.976+0000] {logging_mixin.py:137} INFO - [2023-05-16T00:03:59.976+0000] {dag.py:3444} INFO - Setting next_dagrun for example_branch_dop_operator_v3 to 2023-05-16T00:02:00+00:00, run_after=2023-05-16T00:03:00+00:00
[2023-05-16T00:03:59.998+0000] {processor.py:175} INFO - Processing /home/airflow/.local/lib/python3.7/site-packages/airflow/example_dags/example_branch_python_dop_operator_3.py took 0.139 seconds
[2023-05-16T14:56:01.106+0000] {processor.py:153} INFO - Started process (PID=54) to work on /home/airflow/.local/lib/python3.7/site-packages/airflow/example_dags/example_branch_python_dop_operator_3.py
[2023-05-16T14:56:01.117+0000] {processor.py:743} INFO - Processing file /home/airflow/.local/lib/python3.7/site-packages/airflow/example_dags/example_branch_python_dop_operator_3.py for tasks to queue
[2023-05-16T14:56:01.118+0000] {logging_mixin.py:137} INFO - [2023-05-16T14:56:01.118+0000] {dagbag.py:532} INFO - Filling up the DagBag from /home/airflow/.local/lib/python3.7/site-packages/airflow/example_dags/example_branch_python_dop_operator_3.py
[2023-05-16T14:56:01.163+0000] {processor.py:753} INFO - DAG(s) dict_keys(['example_branch_dop_operator_v3']) retrieved from /home/airflow/.local/lib/python3.7/site-packages/airflow/example_dags/example_branch_python_dop_operator_3.py
[2023-05-16T14:56:01.215+0000] {logging_mixin.py:137} INFO - [2023-05-16T14:56:01.215+0000] {dag.py:2693} INFO - Sync 1 DAGs
[2023-05-16T14:56:01.260+0000] {logging_mixin.py:137} INFO - [2023-05-16T14:56:01.260+0000] {dag.py:3444} INFO - Setting next_dagrun for example_branch_dop_operator_v3 to 2023-05-16T14:55:00+00:00, run_after=2023-05-16T14:56:00+00:00
[2023-05-16T14:56:01.297+0000] {processor.py:175} INFO - Processing /home/airflow/.local/lib/python3.7/site-packages/airflow/example_dags/example_branch_python_dop_operator_3.py took 0.198 seconds
[2023-05-16T14:56:31.363+0000] {processor.py:153} INFO - Started process (PID=105) to work on /home/airflow/.local/lib/python3.7/site-packages/airflow/example_dags/example_branch_python_dop_operator_3.py
[2023-05-16T14:56:31.364+0000] {processor.py:743} INFO - Processing file /home/airflow/.local/lib/python3.7/site-packages/airflow/example_dags/example_branch_python_dop_operator_3.py for tasks to queue
[2023-05-16T14:56:31.364+0000] {logging_mixin.py:137} INFO - [2023-05-16T14:56:31.364+0000] {dagbag.py:532} INFO - Filling up the DagBag from /home/airflow/.local/lib/python3.7/site-packages/airflow/example_dags/example_branch_python_dop_operator_3.py
[2023-05-16T14:56:31.393+0000] {processor.py:753} INFO - DAG(s) dict_keys(['example_branch_dop_operator_v3']) retrieved from /home/airflow/.local/lib/python3.7/site-packages/airflow/example_dags/example_branch_python_dop_operator_3.py
[2023-05-16T14:56:31.423+0000] {logging_mixin.py:137} INFO - [2023-05-16T14:56:31.422+0000] {dag.py:2693} INFO - Sync 1 DAGs
[2023-05-16T14:56:31.459+0000] {logging_mixin.py:137} INFO - [2023-05-16T14:56:31.459+0000] {dag.py:3444} INFO - Setting next_dagrun for example_branch_dop_operator_v3 to 2023-05-16T14:55:00+00:00, run_after=2023-05-16T14:56:00+00:00
[2023-05-16T14:56:31.479+0000] {processor.py:175} INFO - Processing /home/airflow/.local/lib/python3.7/site-packages/airflow/example_dags/example_branch_python_dop_operator_3.py took 0.121 seconds
[2023-05-16T14:57:01.547+0000] {processor.py:153} INFO - Started process (PID=155) to work on /home/airflow/.local/lib/python3.7/site-packages/airflow/example_dags/example_branch_python_dop_operator_3.py
[2023-05-16T14:57:01.549+0000] {processor.py:743} INFO - Processing file /home/airflow/.local/lib/python3.7/site-packages/airflow/example_dags/example_branch_python_dop_operator_3.py for tasks to queue
[2023-05-16T14:57:01.550+0000] {logging_mixin.py:137} INFO - [2023-05-16T14:57:01.550+0000] {dagbag.py:532} INFO - Filling up the DagBag from /home/airflow/.local/lib/python3.7/site-packages/airflow/example_dags/example_branch_python_dop_operator_3.py
[2023-05-16T14:57:01.579+0000] {processor.py:753} INFO - DAG(s) dict_keys(['example_branch_dop_operator_v3']) retrieved from /home/airflow/.local/lib/python3.7/site-packages/airflow/example_dags/example_branch_python_dop_operator_3.py
[2023-05-16T14:57:01.608+0000] {logging_mixin.py:137} INFO - [2023-05-16T14:57:01.608+0000] {dag.py:2693} INFO - Sync 1 DAGs
[2023-05-16T14:57:01.646+0000] {logging_mixin.py:137} INFO - [2023-05-16T14:57:01.646+0000] {dag.py:3444} INFO - Setting next_dagrun for example_branch_dop_operator_v3 to 2023-05-16T14:56:00+00:00, run_after=2023-05-16T14:57:00+00:00
[2023-05-16T14:57:01.669+0000] {processor.py:175} INFO - Processing /home/airflow/.local/lib/python3.7/site-packages/airflow/example_dags/example_branch_python_dop_operator_3.py took 0.126 seconds
[2023-05-16T14:57:32.006+0000] {processor.py:153} INFO - Started process (PID=206) to work on /home/airflow/.local/lib/python3.7/site-packages/airflow/example_dags/example_branch_python_dop_operator_3.py
[2023-05-16T14:57:32.007+0000] {processor.py:743} INFO - Processing file /home/airflow/.local/lib/python3.7/site-packages/airflow/example_dags/example_branch_python_dop_operator_3.py for tasks to queue
[2023-05-16T14:57:32.007+0000] {logging_mixin.py:137} INFO - [2023-05-16T14:57:32.007+0000] {dagbag.py:532} INFO - Filling up the DagBag from /home/airflow/.local/lib/python3.7/site-packages/airflow/example_dags/example_branch_python_dop_operator_3.py
[2023-05-16T14:57:32.036+0000] {processor.py:753} INFO - DAG(s) dict_keys(['example_branch_dop_operator_v3']) retrieved from /home/airflow/.local/lib/python3.7/site-packages/airflow/example_dags/example_branch_python_dop_operator_3.py
[2023-05-16T14:57:32.076+0000] {logging_mixin.py:137} INFO - [2023-05-16T14:57:32.075+0000] {dag.py:2693} INFO - Sync 1 DAGs
[2023-05-16T14:57:32.115+0000] {logging_mixin.py:137} INFO - [2023-05-16T14:57:32.115+0000] {dag.py:3444} INFO - Setting next_dagrun for example_branch_dop_operator_v3 to 2023-05-16T14:56:00+00:00, run_after=2023-05-16T14:57:00+00:00
[2023-05-16T14:57:32.139+0000] {processor.py:175} INFO - Processing /home/airflow/.local/lib/python3.7/site-packages/airflow/example_dags/example_branch_python_dop_operator_3.py took 0.137 seconds
[2023-05-16T14:58:02.472+0000] {processor.py:153} INFO - Started process (PID=257) to work on /home/airflow/.local/lib/python3.7/site-packages/airflow/example_dags/example_branch_python_dop_operator_3.py
[2023-05-16T14:58:02.473+0000] {processor.py:743} INFO - Processing file /home/airflow/.local/lib/python3.7/site-packages/airflow/example_dags/example_branch_python_dop_operator_3.py for tasks to queue
[2023-05-16T14:58:02.474+0000] {logging_mixin.py:137} INFO - [2023-05-16T14:58:02.474+0000] {dagbag.py:532} INFO - Filling up the DagBag from /home/airflow/.local/lib/python3.7/site-packages/airflow/example_dags/example_branch_python_dop_operator_3.py
[2023-05-16T14:58:02.503+0000] {processor.py:753} INFO - DAG(s) dict_keys(['example_branch_dop_operator_v3']) retrieved from /home/airflow/.local/lib/python3.7/site-packages/airflow/example_dags/example_branch_python_dop_operator_3.py
[2023-05-16T14:58:02.533+0000] {logging_mixin.py:137} INFO - [2023-05-16T14:58:02.533+0000] {dag.py:2693} INFO - Sync 1 DAGs
[2023-05-16T14:58:02.572+0000] {logging_mixin.py:137} INFO - [2023-05-16T14:58:02.571+0000] {dag.py:3444} INFO - Setting next_dagrun for example_branch_dop_operator_v3 to 2023-05-16T14:57:00+00:00, run_after=2023-05-16T14:58:00+00:00
[2023-05-16T14:58:02.593+0000] {processor.py:175} INFO - Processing /home/airflow/.local/lib/python3.7/site-packages/airflow/example_dags/example_branch_python_dop_operator_3.py took 0.124 seconds
[2023-05-16T14:58:32.873+0000] {processor.py:153} INFO - Started process (PID=308) to work on /home/airflow/.local/lib/python3.7/site-packages/airflow/example_dags/example_branch_python_dop_operator_3.py
[2023-05-16T14:58:32.874+0000] {processor.py:743} INFO - Processing file /home/airflow/.local/lib/python3.7/site-packages/airflow/example_dags/example_branch_python_dop_operator_3.py for tasks to queue
[2023-05-16T14:58:32.875+0000] {logging_mixin.py:137} INFO - [2023-05-16T14:58:32.874+0000] {dagbag.py:532} INFO - Filling up the DagBag from /home/airflow/.local/lib/python3.7/site-packages/airflow/example_dags/example_branch_python_dop_operator_3.py
[2023-05-16T14:58:32.902+0000] {processor.py:753} INFO - DAG(s) dict_keys(['example_branch_dop_operator_v3']) retrieved from /home/airflow/.local/lib/python3.7/site-packages/airflow/example_dags/example_branch_python_dop_operator_3.py
[2023-05-16T14:58:32.932+0000] {logging_mixin.py:137} INFO - [2023-05-16T14:58:32.932+0000] {dag.py:2693} INFO - Sync 1 DAGs
[2023-05-16T14:58:32.968+0000] {logging_mixin.py:137} INFO - [2023-05-16T14:58:32.968+0000] {dag.py:3444} INFO - Setting next_dagrun for example_branch_dop_operator_v3 to 2023-05-16T14:57:00+00:00, run_after=2023-05-16T14:58:00+00:00
[2023-05-16T14:58:32.989+0000] {processor.py:175} INFO - Processing /home/airflow/.local/lib/python3.7/site-packages/airflow/example_dags/example_branch_python_dop_operator_3.py took 0.121 seconds
[2023-05-16T14:59:03.408+0000] {processor.py:153} INFO - Started process (PID=359) to work on /home/airflow/.local/lib/python3.7/site-packages/airflow/example_dags/example_branch_python_dop_operator_3.py
[2023-05-16T14:59:03.409+0000] {processor.py:743} INFO - Processing file /home/airflow/.local/lib/python3.7/site-packages/airflow/example_dags/example_branch_python_dop_operator_3.py for tasks to queue
[2023-05-16T14:59:03.410+0000] {logging_mixin.py:137} INFO - [2023-05-16T14:59:03.410+0000] {dagbag.py:532} INFO - Filling up the DagBag from /home/airflow/.local/lib/python3.7/site-packages/airflow/example_dags/example_branch_python_dop_operator_3.py
[2023-05-16T14:59:03.445+0000] {processor.py:753} INFO - DAG(s) dict_keys(['example_branch_dop_operator_v3']) retrieved from /home/airflow/.local/lib/python3.7/site-packages/airflow/example_dags/example_branch_python_dop_operator_3.py
[2023-05-16T14:59:03.477+0000] {logging_mixin.py:137} INFO - [2023-05-16T14:59:03.477+0000] {dag.py:2693} INFO - Sync 1 DAGs
[2023-05-16T14:59:03.516+0000] {logging_mixin.py:137} INFO - [2023-05-16T14:59:03.516+0000] {dag.py:3444} INFO - Setting next_dagrun for example_branch_dop_operator_v3 to 2023-05-16T14:58:00+00:00, run_after=2023-05-16T14:59:00+00:00
[2023-05-16T14:59:03.538+0000] {processor.py:175} INFO - Processing /home/airflow/.local/lib/python3.7/site-packages/airflow/example_dags/example_branch_python_dop_operator_3.py took 0.134 seconds
[2023-05-16T14:59:33.787+0000] {processor.py:153} INFO - Started process (PID=410) to work on /home/airflow/.local/lib/python3.7/site-packages/airflow/example_dags/example_branch_python_dop_operator_3.py
[2023-05-16T14:59:33.789+0000] {processor.py:743} INFO - Processing file /home/airflow/.local/lib/python3.7/site-packages/airflow/example_dags/example_branch_python_dop_operator_3.py for tasks to queue
[2023-05-16T14:59:33.789+0000] {logging_mixin.py:137} INFO - [2023-05-16T14:59:33.789+0000] {dagbag.py:532} INFO - Filling up the DagBag from /home/airflow/.local/lib/python3.7/site-packages/airflow/example_dags/example_branch_python_dop_operator_3.py
[2023-05-16T14:59:33.818+0000] {processor.py:753} INFO - DAG(s) dict_keys(['example_branch_dop_operator_v3']) retrieved from /home/airflow/.local/lib/python3.7/site-packages/airflow/example_dags/example_branch_python_dop_operator_3.py
[2023-05-16T14:59:33.848+0000] {logging_mixin.py:137} INFO - [2023-05-16T14:59:33.848+0000] {dag.py:2693} INFO - Sync 1 DAGs
[2023-05-16T14:59:33.887+0000] {logging_mixin.py:137} INFO - [2023-05-16T14:59:33.887+0000] {dag.py:3444} INFO - Setting next_dagrun for example_branch_dop_operator_v3 to 2023-05-16T14:58:00+00:00, run_after=2023-05-16T14:59:00+00:00
[2023-05-16T14:59:33.911+0000] {processor.py:175} INFO - Processing /home/airflow/.local/lib/python3.7/site-packages/airflow/example_dags/example_branch_python_dop_operator_3.py took 0.127 seconds
[2023-05-16T15:00:05.219+0000] {processor.py:153} INFO - Started process (PID=460) to work on /home/airflow/.local/lib/python3.7/site-packages/airflow/example_dags/example_branch_python_dop_operator_3.py
[2023-05-16T15:00:05.220+0000] {processor.py:743} INFO - Processing file /home/airflow/.local/lib/python3.7/site-packages/airflow/example_dags/example_branch_python_dop_operator_3.py for tasks to queue
[2023-05-16T15:00:05.221+0000] {logging_mixin.py:137} INFO - [2023-05-16T15:00:05.221+0000] {dagbag.py:532} INFO - Filling up the DagBag from /home/airflow/.local/lib/python3.7/site-packages/airflow/example_dags/example_branch_python_dop_operator_3.py
[2023-05-16T15:00:05.255+0000] {processor.py:753} INFO - DAG(s) dict_keys(['example_branch_dop_operator_v3']) retrieved from /home/airflow/.local/lib/python3.7/site-packages/airflow/example_dags/example_branch_python_dop_operator_3.py
[2023-05-16T15:00:05.310+0000] {logging_mixin.py:137} INFO - [2023-05-16T15:00:05.310+0000] {dag.py:2693} INFO - Sync 1 DAGs
[2023-05-16T15:00:05.387+0000] {logging_mixin.py:137} INFO - [2023-05-16T15:00:05.387+0000] {dag.py:3444} INFO - Setting next_dagrun for example_branch_dop_operator_v3 to 2023-05-16T14:59:00+00:00, run_after=2023-05-16T15:00:00+00:00
[2023-05-16T15:00:05.449+0000] {processor.py:175} INFO - Processing /home/airflow/.local/lib/python3.7/site-packages/airflow/example_dags/example_branch_python_dop_operator_3.py took 0.234 seconds
[2023-05-16T15:00:36.610+0000] {processor.py:153} INFO - Started process (PID=511) to work on /home/airflow/.local/lib/python3.7/site-packages/airflow/example_dags/example_branch_python_dop_operator_3.py
[2023-05-16T15:00:36.613+0000] {processor.py:743} INFO - Processing file /home/airflow/.local/lib/python3.7/site-packages/airflow/example_dags/example_branch_python_dop_operator_3.py for tasks to queue
[2023-05-16T15:00:36.616+0000] {logging_mixin.py:137} INFO - [2023-05-16T15:00:36.615+0000] {dagbag.py:532} INFO - Filling up the DagBag from /home/airflow/.local/lib/python3.7/site-packages/airflow/example_dags/example_branch_python_dop_operator_3.py
[2023-05-16T15:00:36.657+0000] {processor.py:753} INFO - DAG(s) dict_keys(['example_branch_dop_operator_v3']) retrieved from /home/airflow/.local/lib/python3.7/site-packages/airflow/example_dags/example_branch_python_dop_operator_3.py
[2023-05-16T15:00:36.709+0000] {logging_mixin.py:137} INFO - [2023-05-16T15:00:36.708+0000] {dag.py:2693} INFO - Sync 1 DAGs
[2023-05-16T15:00:36.775+0000] {logging_mixin.py:137} INFO - [2023-05-16T15:00:36.774+0000] {dag.py:3444} INFO - Setting next_dagrun for example_branch_dop_operator_v3 to 2023-05-16T14:59:00+00:00, run_after=2023-05-16T15:00:00+00:00
[2023-05-16T15:00:36.799+0000] {processor.py:175} INFO - Processing /home/airflow/.local/lib/python3.7/site-packages/airflow/example_dags/example_branch_python_dop_operator_3.py took 0.203 seconds
[2023-05-16T15:01:08.210+0000] {processor.py:153} INFO - Started process (PID=569) to work on /home/airflow/.local/lib/python3.7/site-packages/airflow/example_dags/example_branch_python_dop_operator_3.py
[2023-05-16T15:01:08.215+0000] {processor.py:743} INFO - Processing file /home/airflow/.local/lib/python3.7/site-packages/airflow/example_dags/example_branch_python_dop_operator_3.py for tasks to queue
[2023-05-16T15:01:08.216+0000] {logging_mixin.py:137} INFO - [2023-05-16T15:01:08.216+0000] {dagbag.py:532} INFO - Filling up the DagBag from /home/airflow/.local/lib/python3.7/site-packages/airflow/example_dags/example_branch_python_dop_operator_3.py
[2023-05-16T15:01:08.256+0000] {processor.py:753} INFO - DAG(s) dict_keys(['example_branch_dop_operator_v3']) retrieved from /home/airflow/.local/lib/python3.7/site-packages/airflow/example_dags/example_branch_python_dop_operator_3.py
[2023-05-16T15:01:08.308+0000] {logging_mixin.py:137} INFO - [2023-05-16T15:01:08.308+0000] {dag.py:2693} INFO - Sync 1 DAGs
[2023-05-16T15:01:08.388+0000] {logging_mixin.py:137} INFO - [2023-05-16T15:01:08.388+0000] {dag.py:3444} INFO - Setting next_dagrun for example_branch_dop_operator_v3 to 2023-05-16T15:00:00+00:00, run_after=2023-05-16T15:01:00+00:00
[2023-05-16T15:01:08.431+0000] {processor.py:175} INFO - Processing /home/airflow/.local/lib/python3.7/site-packages/airflow/example_dags/example_branch_python_dop_operator_3.py took 0.237 seconds
[2023-05-16T15:01:38.818+0000] {processor.py:153} INFO - Started process (PID=620) to work on /home/airflow/.local/lib/python3.7/site-packages/airflow/example_dags/example_branch_python_dop_operator_3.py
[2023-05-16T15:01:38.818+0000] {processor.py:743} INFO - Processing file /home/airflow/.local/lib/python3.7/site-packages/airflow/example_dags/example_branch_python_dop_operator_3.py for tasks to queue
[2023-05-16T15:01:38.819+0000] {logging_mixin.py:137} INFO - [2023-05-16T15:01:38.819+0000] {dagbag.py:532} INFO - Filling up the DagBag from /home/airflow/.local/lib/python3.7/site-packages/airflow/example_dags/example_branch_python_dop_operator_3.py
[2023-05-16T15:01:38.885+0000] {processor.py:753} INFO - DAG(s) dict_keys(['example_branch_dop_operator_v3']) retrieved from /home/airflow/.local/lib/python3.7/site-packages/airflow/example_dags/example_branch_python_dop_operator_3.py
[2023-05-16T15:01:38.932+0000] {logging_mixin.py:137} INFO - [2023-05-16T15:01:38.932+0000] {dag.py:2693} INFO - Sync 1 DAGs
[2023-05-16T15:01:39.014+0000] {logging_mixin.py:137} INFO - [2023-05-16T15:01:39.014+0000] {dag.py:3444} INFO - Setting next_dagrun for example_branch_dop_operator_v3 to 2023-05-16T15:00:00+00:00, run_after=2023-05-16T15:01:00+00:00
[2023-05-16T15:01:39.078+0000] {processor.py:175} INFO - Processing /home/airflow/.local/lib/python3.7/site-packages/airflow/example_dags/example_branch_python_dop_operator_3.py took 0.263 seconds
[2023-05-16T15:02:09.443+0000] {processor.py:153} INFO - Started process (PID=671) to work on /home/airflow/.local/lib/python3.7/site-packages/airflow/example_dags/example_branch_python_dop_operator_3.py
[2023-05-16T15:02:09.445+0000] {processor.py:743} INFO - Processing file /home/airflow/.local/lib/python3.7/site-packages/airflow/example_dags/example_branch_python_dop_operator_3.py for tasks to queue
[2023-05-16T15:02:09.445+0000] {logging_mixin.py:137} INFO - [2023-05-16T15:02:09.445+0000] {dagbag.py:532} INFO - Filling up the DagBag from /home/airflow/.local/lib/python3.7/site-packages/airflow/example_dags/example_branch_python_dop_operator_3.py
[2023-05-16T15:02:09.474+0000] {processor.py:753} INFO - DAG(s) dict_keys(['example_branch_dop_operator_v3']) retrieved from /home/airflow/.local/lib/python3.7/site-packages/airflow/example_dags/example_branch_python_dop_operator_3.py
[2023-05-16T15:02:09.504+0000] {logging_mixin.py:137} INFO - [2023-05-16T15:02:09.504+0000] {dag.py:2693} INFO - Sync 1 DAGs
[2023-05-16T15:02:09.562+0000] {logging_mixin.py:137} INFO - [2023-05-16T15:02:09.562+0000] {dag.py:3444} INFO - Setting next_dagrun for example_branch_dop_operator_v3 to 2023-05-16T15:01:00+00:00, run_after=2023-05-16T15:02:00+00:00
[2023-05-16T15:02:09.584+0000] {processor.py:175} INFO - Processing /home/airflow/.local/lib/python3.7/site-packages/airflow/example_dags/example_branch_python_dop_operator_3.py took 0.144 seconds
[2023-05-16T15:02:39.884+0000] {processor.py:153} INFO - Started process (PID=722) to work on /home/airflow/.local/lib/python3.7/site-packages/airflow/example_dags/example_branch_python_dop_operator_3.py
[2023-05-16T15:02:39.884+0000] {processor.py:743} INFO - Processing file /home/airflow/.local/lib/python3.7/site-packages/airflow/example_dags/example_branch_python_dop_operator_3.py for tasks to queue
[2023-05-16T15:02:39.885+0000] {logging_mixin.py:137} INFO - [2023-05-16T15:02:39.885+0000] {dagbag.py:532} INFO - Filling up the DagBag from /home/airflow/.local/lib/python3.7/site-packages/airflow/example_dags/example_branch_python_dop_operator_3.py
[2023-05-16T15:02:39.914+0000] {processor.py:753} INFO - DAG(s) dict_keys(['example_branch_dop_operator_v3']) retrieved from /home/airflow/.local/lib/python3.7/site-packages/airflow/example_dags/example_branch_python_dop_operator_3.py
[2023-05-16T15:02:39.944+0000] {logging_mixin.py:137} INFO - [2023-05-16T15:02:39.944+0000] {dag.py:2693} INFO - Sync 1 DAGs
[2023-05-16T15:02:39.987+0000] {logging_mixin.py:137} INFO - [2023-05-16T15:02:39.986+0000] {dag.py:3444} INFO - Setting next_dagrun for example_branch_dop_operator_v3 to 2023-05-16T15:01:00+00:00, run_after=2023-05-16T15:02:00+00:00
[2023-05-16T15:02:40.015+0000] {processor.py:175} INFO - Processing /home/airflow/.local/lib/python3.7/site-packages/airflow/example_dags/example_branch_python_dop_operator_3.py took 0.135 seconds
[2023-05-16T15:03:10.643+0000] {processor.py:153} INFO - Started process (PID=773) to work on /home/airflow/.local/lib/python3.7/site-packages/airflow/example_dags/example_branch_python_dop_operator_3.py
[2023-05-16T15:03:10.645+0000] {processor.py:743} INFO - Processing file /home/airflow/.local/lib/python3.7/site-packages/airflow/example_dags/example_branch_python_dop_operator_3.py for tasks to queue
[2023-05-16T15:03:10.645+0000] {logging_mixin.py:137} INFO - [2023-05-16T15:03:10.645+0000] {dagbag.py:532} INFO - Filling up the DagBag from /home/airflow/.local/lib/python3.7/site-packages/airflow/example_dags/example_branch_python_dop_operator_3.py
[2023-05-16T15:03:10.674+0000] {processor.py:753} INFO - DAG(s) dict_keys(['example_branch_dop_operator_v3']) retrieved from /home/airflow/.local/lib/python3.7/site-packages/airflow/example_dags/example_branch_python_dop_operator_3.py
[2023-05-16T15:03:10.703+0000] {logging_mixin.py:137} INFO - [2023-05-16T15:03:10.703+0000] {dag.py:2693} INFO - Sync 1 DAGs
[2023-05-16T15:03:10.742+0000] {logging_mixin.py:137} INFO - [2023-05-16T15:03:10.742+0000] {dag.py:3444} INFO - Setting next_dagrun for example_branch_dop_operator_v3 to 2023-05-16T15:02:00+00:00, run_after=2023-05-16T15:03:00+00:00
[2023-05-16T15:03:10.763+0000] {processor.py:175} INFO - Processing /home/airflow/.local/lib/python3.7/site-packages/airflow/example_dags/example_branch_python_dop_operator_3.py took 0.124 seconds
[2023-05-16T15:03:41.025+0000] {processor.py:153} INFO - Started process (PID=824) to work on /home/airflow/.local/lib/python3.7/site-packages/airflow/example_dags/example_branch_python_dop_operator_3.py
[2023-05-16T15:03:41.026+0000] {processor.py:743} INFO - Processing file /home/airflow/.local/lib/python3.7/site-packages/airflow/example_dags/example_branch_python_dop_operator_3.py for tasks to queue
[2023-05-16T15:03:41.027+0000] {logging_mixin.py:137} INFO - [2023-05-16T15:03:41.027+0000] {dagbag.py:532} INFO - Filling up the DagBag from /home/airflow/.local/lib/python3.7/site-packages/airflow/example_dags/example_branch_python_dop_operator_3.py
[2023-05-16T15:03:41.057+0000] {processor.py:753} INFO - DAG(s) dict_keys(['example_branch_dop_operator_v3']) retrieved from /home/airflow/.local/lib/python3.7/site-packages/airflow/example_dags/example_branch_python_dop_operator_3.py
[2023-05-16T15:03:41.089+0000] {logging_mixin.py:137} INFO - [2023-05-16T15:03:41.089+0000] {dag.py:2693} INFO - Sync 1 DAGs
[2023-05-16T15:03:41.136+0000] {logging_mixin.py:137} INFO - [2023-05-16T15:03:41.135+0000] {dag.py:3444} INFO - Setting next_dagrun for example_branch_dop_operator_v3 to 2023-05-16T15:02:00+00:00, run_after=2023-05-16T15:03:00+00:00
[2023-05-16T15:03:41.158+0000] {processor.py:175} INFO - Processing /home/airflow/.local/lib/python3.7/site-packages/airflow/example_dags/example_branch_python_dop_operator_3.py took 0.137 seconds
[2023-05-16T15:04:11.618+0000] {processor.py:153} INFO - Started process (PID=875) to work on /home/airflow/.local/lib/python3.7/site-packages/airflow/example_dags/example_branch_python_dop_operator_3.py
[2023-05-16T15:04:11.619+0000] {processor.py:743} INFO - Processing file /home/airflow/.local/lib/python3.7/site-packages/airflow/example_dags/example_branch_python_dop_operator_3.py for tasks to queue
[2023-05-16T15:04:11.620+0000] {logging_mixin.py:137} INFO - [2023-05-16T15:04:11.619+0000] {dagbag.py:532} INFO - Filling up the DagBag from /home/airflow/.local/lib/python3.7/site-packages/airflow/example_dags/example_branch_python_dop_operator_3.py
[2023-05-16T15:04:11.648+0000] {processor.py:753} INFO - DAG(s) dict_keys(['example_branch_dop_operator_v3']) retrieved from /home/airflow/.local/lib/python3.7/site-packages/airflow/example_dags/example_branch_python_dop_operator_3.py
[2023-05-16T15:04:11.683+0000] {logging_mixin.py:137} INFO - [2023-05-16T15:04:11.683+0000] {dag.py:2693} INFO - Sync 1 DAGs
[2023-05-16T15:04:11.722+0000] {logging_mixin.py:137} INFO - [2023-05-16T15:04:11.722+0000] {dag.py:3444} INFO - Setting next_dagrun for example_branch_dop_operator_v3 to 2023-05-16T15:03:00+00:00, run_after=2023-05-16T15:04:00+00:00
[2023-05-16T15:04:11.745+0000] {processor.py:175} INFO - Processing /home/airflow/.local/lib/python3.7/site-packages/airflow/example_dags/example_branch_python_dop_operator_3.py took 0.130 seconds
[2023-05-16T15:04:42.192+0000] {processor.py:153} INFO - Started process (PID=927) to work on /home/airflow/.local/lib/python3.7/site-packages/airflow/example_dags/example_branch_python_dop_operator_3.py
[2023-05-16T15:04:42.193+0000] {processor.py:743} INFO - Processing file /home/airflow/.local/lib/python3.7/site-packages/airflow/example_dags/example_branch_python_dop_operator_3.py for tasks to queue
[2023-05-16T15:04:42.194+0000] {logging_mixin.py:137} INFO - [2023-05-16T15:04:42.194+0000] {dagbag.py:532} INFO - Filling up the DagBag from /home/airflow/.local/lib/python3.7/site-packages/airflow/example_dags/example_branch_python_dop_operator_3.py
[2023-05-16T15:04:42.227+0000] {processor.py:753} INFO - DAG(s) dict_keys(['example_branch_dop_operator_v3']) retrieved from /home/airflow/.local/lib/python3.7/site-packages/airflow/example_dags/example_branch_python_dop_operator_3.py
[2023-05-16T15:04:42.257+0000] {logging_mixin.py:137} INFO - [2023-05-16T15:04:42.256+0000] {dag.py:2693} INFO - Sync 1 DAGs
[2023-05-16T15:04:42.294+0000] {logging_mixin.py:137} INFO - [2023-05-16T15:04:42.294+0000] {dag.py:3444} INFO - Setting next_dagrun for example_branch_dop_operator_v3 to 2023-05-16T15:03:00+00:00, run_after=2023-05-16T15:04:00+00:00
[2023-05-16T15:04:42.317+0000] {processor.py:175} INFO - Processing /home/airflow/.local/lib/python3.7/site-packages/airflow/example_dags/example_branch_python_dop_operator_3.py took 0.130 seconds
[2023-05-16T15:05:12.701+0000] {processor.py:153} INFO - Started process (PID=979) to work on /home/airflow/.local/lib/python3.7/site-packages/airflow/example_dags/example_branch_python_dop_operator_3.py
[2023-05-16T15:05:12.701+0000] {processor.py:743} INFO - Processing file /home/airflow/.local/lib/python3.7/site-packages/airflow/example_dags/example_branch_python_dop_operator_3.py for tasks to queue
[2023-05-16T15:05:12.702+0000] {logging_mixin.py:137} INFO - [2023-05-16T15:05:12.702+0000] {dagbag.py:532} INFO - Filling up the DagBag from /home/airflow/.local/lib/python3.7/site-packages/airflow/example_dags/example_branch_python_dop_operator_3.py
[2023-05-16T15:05:12.731+0000] {processor.py:753} INFO - DAG(s) dict_keys(['example_branch_dop_operator_v3']) retrieved from /home/airflow/.local/lib/python3.7/site-packages/airflow/example_dags/example_branch_python_dop_operator_3.py
[2023-05-16T15:05:12.761+0000] {logging_mixin.py:137} INFO - [2023-05-16T15:05:12.761+0000] {dag.py:2693} INFO - Sync 1 DAGs
[2023-05-16T15:05:12.805+0000] {logging_mixin.py:137} INFO - [2023-05-16T15:05:12.805+0000] {dag.py:3444} INFO - Setting next_dagrun for example_branch_dop_operator_v3 to 2023-05-16T15:04:00+00:00, run_after=2023-05-16T15:05:00+00:00
[2023-05-16T15:05:12.826+0000] {processor.py:175} INFO - Processing /home/airflow/.local/lib/python3.7/site-packages/airflow/example_dags/example_branch_python_dop_operator_3.py took 0.130 seconds
[2023-05-16T15:05:43.229+0000] {processor.py:153} INFO - Started process (PID=1030) to work on /home/airflow/.local/lib/python3.7/site-packages/airflow/example_dags/example_branch_python_dop_operator_3.py
[2023-05-16T15:05:43.232+0000] {processor.py:743} INFO - Processing file /home/airflow/.local/lib/python3.7/site-packages/airflow/example_dags/example_branch_python_dop_operator_3.py for tasks to queue
[2023-05-16T15:05:43.233+0000] {logging_mixin.py:137} INFO - [2023-05-16T15:05:43.233+0000] {dagbag.py:532} INFO - Filling up the DagBag from /home/airflow/.local/lib/python3.7/site-packages/airflow/example_dags/example_branch_python_dop_operator_3.py
[2023-05-16T15:05:43.263+0000] {processor.py:753} INFO - DAG(s) dict_keys(['example_branch_dop_operator_v3']) retrieved from /home/airflow/.local/lib/python3.7/site-packages/airflow/example_dags/example_branch_python_dop_operator_3.py
[2023-05-16T15:05:43.294+0000] {logging_mixin.py:137} INFO - [2023-05-16T15:05:43.293+0000] {dag.py:2693} INFO - Sync 1 DAGs
[2023-05-16T15:05:43.332+0000] {logging_mixin.py:137} INFO - [2023-05-16T15:05:43.332+0000] {dag.py:3444} INFO - Setting next_dagrun for example_branch_dop_operator_v3 to 2023-05-16T15:04:00+00:00, run_after=2023-05-16T15:05:00+00:00
[2023-05-16T15:05:43.353+0000] {processor.py:175} INFO - Processing /home/airflow/.local/lib/python3.7/site-packages/airflow/example_dags/example_branch_python_dop_operator_3.py took 0.129 seconds
[2023-05-16T15:06:13.749+0000] {processor.py:153} INFO - Started process (PID=1081) to work on /home/airflow/.local/lib/python3.7/site-packages/airflow/example_dags/example_branch_python_dop_operator_3.py
[2023-05-16T15:06:13.750+0000] {processor.py:743} INFO - Processing file /home/airflow/.local/lib/python3.7/site-packages/airflow/example_dags/example_branch_python_dop_operator_3.py for tasks to queue
[2023-05-16T15:06:13.750+0000] {logging_mixin.py:137} INFO - [2023-05-16T15:06:13.750+0000] {dagbag.py:532} INFO - Filling up the DagBag from /home/airflow/.local/lib/python3.7/site-packages/airflow/example_dags/example_branch_python_dop_operator_3.py
[2023-05-16T15:06:13.780+0000] {processor.py:753} INFO - DAG(s) dict_keys(['example_branch_dop_operator_v3']) retrieved from /home/airflow/.local/lib/python3.7/site-packages/airflow/example_dags/example_branch_python_dop_operator_3.py
[2023-05-16T15:06:13.812+0000] {logging_mixin.py:137} INFO - [2023-05-16T15:06:13.812+0000] {dag.py:2693} INFO - Sync 1 DAGs
[2023-05-16T15:06:13.850+0000] {logging_mixin.py:137} INFO - [2023-05-16T15:06:13.850+0000] {dag.py:3444} INFO - Setting next_dagrun for example_branch_dop_operator_v3 to 2023-05-16T15:05:00+00:00, run_after=2023-05-16T15:06:00+00:00
[2023-05-16T15:06:13.874+0000] {processor.py:175} INFO - Processing /home/airflow/.local/lib/python3.7/site-packages/airflow/example_dags/example_branch_python_dop_operator_3.py took 0.133 seconds
[2023-05-16T15:06:44.972+0000] {processor.py:153} INFO - Started process (PID=1132) to work on /home/airflow/.local/lib/python3.7/site-packages/airflow/example_dags/example_branch_python_dop_operator_3.py
[2023-05-16T15:06:44.973+0000] {processor.py:743} INFO - Processing file /home/airflow/.local/lib/python3.7/site-packages/airflow/example_dags/example_branch_python_dop_operator_3.py for tasks to queue
[2023-05-16T15:06:44.974+0000] {logging_mixin.py:137} INFO - [2023-05-16T15:06:44.974+0000] {dagbag.py:532} INFO - Filling up the DagBag from /home/airflow/.local/lib/python3.7/site-packages/airflow/example_dags/example_branch_python_dop_operator_3.py
[2023-05-16T15:06:45.003+0000] {processor.py:753} INFO - DAG(s) dict_keys(['example_branch_dop_operator_v3']) retrieved from /home/airflow/.local/lib/python3.7/site-packages/airflow/example_dags/example_branch_python_dop_operator_3.py
[2023-05-16T15:06:45.033+0000] {logging_mixin.py:137} INFO - [2023-05-16T15:06:45.033+0000] {dag.py:2693} INFO - Sync 1 DAGs
[2023-05-16T15:06:45.072+0000] {logging_mixin.py:137} INFO - [2023-05-16T15:06:45.072+0000] {dag.py:3444} INFO - Setting next_dagrun for example_branch_dop_operator_v3 to 2023-05-16T15:05:00+00:00, run_after=2023-05-16T15:06:00+00:00
[2023-05-16T15:06:45.095+0000] {processor.py:175} INFO - Processing /home/airflow/.local/lib/python3.7/site-packages/airflow/example_dags/example_branch_python_dop_operator_3.py took 0.127 seconds
[2023-05-16T15:07:15.915+0000] {processor.py:153} INFO - Started process (PID=1183) to work on /home/airflow/.local/lib/python3.7/site-packages/airflow/example_dags/example_branch_python_dop_operator_3.py
[2023-05-16T15:07:15.917+0000] {processor.py:743} INFO - Processing file /home/airflow/.local/lib/python3.7/site-packages/airflow/example_dags/example_branch_python_dop_operator_3.py for tasks to queue
[2023-05-16T15:07:15.921+0000] {logging_mixin.py:137} INFO - [2023-05-16T15:07:15.921+0000] {dagbag.py:532} INFO - Filling up the DagBag from /home/airflow/.local/lib/python3.7/site-packages/airflow/example_dags/example_branch_python_dop_operator_3.py
[2023-05-16T15:07:15.951+0000] {processor.py:753} INFO - DAG(s) dict_keys(['example_branch_dop_operator_v3']) retrieved from /home/airflow/.local/lib/python3.7/site-packages/airflow/example_dags/example_branch_python_dop_operator_3.py
[2023-05-16T15:07:15.981+0000] {logging_mixin.py:137} INFO - [2023-05-16T15:07:15.981+0000] {dag.py:2693} INFO - Sync 1 DAGs
[2023-05-16T15:07:16.022+0000] {logging_mixin.py:137} INFO - [2023-05-16T15:07:16.022+0000] {dag.py:3444} INFO - Setting next_dagrun for example_branch_dop_operator_v3 to 2023-05-16T15:06:00+00:00, run_after=2023-05-16T15:07:00+00:00
[2023-05-16T15:07:16.045+0000] {processor.py:175} INFO - Processing /home/airflow/.local/lib/python3.7/site-packages/airflow/example_dags/example_branch_python_dop_operator_3.py took 0.134 seconds
[2023-05-16T15:07:47.117+0000] {processor.py:153} INFO - Started process (PID=1235) to work on /home/airflow/.local/lib/python3.7/site-packages/airflow/example_dags/example_branch_python_dop_operator_3.py
[2023-05-16T15:07:47.128+0000] {processor.py:743} INFO - Processing file /home/airflow/.local/lib/python3.7/site-packages/airflow/example_dags/example_branch_python_dop_operator_3.py for tasks to queue
[2023-05-16T15:07:47.128+0000] {logging_mixin.py:137} INFO - [2023-05-16T15:07:47.128+0000] {dagbag.py:532} INFO - Filling up the DagBag from /home/airflow/.local/lib/python3.7/site-packages/airflow/example_dags/example_branch_python_dop_operator_3.py
[2023-05-16T15:07:47.190+0000] {processor.py:753} INFO - DAG(s) dict_keys(['example_branch_dop_operator_v3']) retrieved from /home/airflow/.local/lib/python3.7/site-packages/airflow/example_dags/example_branch_python_dop_operator_3.py
[2023-05-16T15:07:47.244+0000] {logging_mixin.py:137} INFO - [2023-05-16T15:07:47.244+0000] {dag.py:2693} INFO - Sync 1 DAGs
[2023-05-16T15:07:47.298+0000] {logging_mixin.py:137} INFO - [2023-05-16T15:07:47.297+0000] {dag.py:3444} INFO - Setting next_dagrun for example_branch_dop_operator_v3 to 2023-05-16T15:06:00+00:00, run_after=2023-05-16T15:07:00+00:00
[2023-05-16T15:07:47.329+0000] {processor.py:175} INFO - Processing /home/airflow/.local/lib/python3.7/site-packages/airflow/example_dags/example_branch_python_dop_operator_3.py took 0.217 seconds
[2023-05-16T15:08:18.218+0000] {processor.py:153} INFO - Started process (PID=1287) to work on /home/airflow/.local/lib/python3.7/site-packages/airflow/example_dags/example_branch_python_dop_operator_3.py
[2023-05-16T15:08:18.219+0000] {processor.py:743} INFO - Processing file /home/airflow/.local/lib/python3.7/site-packages/airflow/example_dags/example_branch_python_dop_operator_3.py for tasks to queue
[2023-05-16T15:08:18.220+0000] {logging_mixin.py:137} INFO - [2023-05-16T15:08:18.220+0000] {dagbag.py:532} INFO - Filling up the DagBag from /home/airflow/.local/lib/python3.7/site-packages/airflow/example_dags/example_branch_python_dop_operator_3.py
[2023-05-16T15:08:18.249+0000] {processor.py:753} INFO - DAG(s) dict_keys(['example_branch_dop_operator_v3']) retrieved from /home/airflow/.local/lib/python3.7/site-packages/airflow/example_dags/example_branch_python_dop_operator_3.py
[2023-05-16T15:08:18.280+0000] {logging_mixin.py:137} INFO - [2023-05-16T15:08:18.280+0000] {dag.py:2693} INFO - Sync 1 DAGs
[2023-05-16T15:08:18.320+0000] {logging_mixin.py:137} INFO - [2023-05-16T15:08:18.320+0000] {dag.py:3444} INFO - Setting next_dagrun for example_branch_dop_operator_v3 to 2023-05-16T15:07:00+00:00, run_after=2023-05-16T15:08:00+00:00
[2023-05-16T15:08:18.343+0000] {processor.py:175} INFO - Processing /home/airflow/.local/lib/python3.7/site-packages/airflow/example_dags/example_branch_python_dop_operator_3.py took 0.129 seconds
[2023-05-16T15:08:48.827+0000] {processor.py:153} INFO - Started process (PID=1338) to work on /home/airflow/.local/lib/python3.7/site-packages/airflow/example_dags/example_branch_python_dop_operator_3.py
[2023-05-16T15:08:48.829+0000] {processor.py:743} INFO - Processing file /home/airflow/.local/lib/python3.7/site-packages/airflow/example_dags/example_branch_python_dop_operator_3.py for tasks to queue
[2023-05-16T15:08:48.829+0000] {logging_mixin.py:137} INFO - [2023-05-16T15:08:48.829+0000] {dagbag.py:532} INFO - Filling up the DagBag from /home/airflow/.local/lib/python3.7/site-packages/airflow/example_dags/example_branch_python_dop_operator_3.py
[2023-05-16T15:08:48.858+0000] {processor.py:753} INFO - DAG(s) dict_keys(['example_branch_dop_operator_v3']) retrieved from /home/airflow/.local/lib/python3.7/site-packages/airflow/example_dags/example_branch_python_dop_operator_3.py
[2023-05-16T15:08:48.889+0000] {logging_mixin.py:137} INFO - [2023-05-16T15:08:48.889+0000] {dag.py:2693} INFO - Sync 1 DAGs
[2023-05-16T15:08:48.928+0000] {logging_mixin.py:137} INFO - [2023-05-16T15:08:48.928+0000] {dag.py:3444} INFO - Setting next_dagrun for example_branch_dop_operator_v3 to 2023-05-16T15:07:00+00:00, run_after=2023-05-16T15:08:00+00:00
[2023-05-16T15:08:48.950+0000] {processor.py:175} INFO - Processing /home/airflow/.local/lib/python3.7/site-packages/airflow/example_dags/example_branch_python_dop_operator_3.py took 0.126 seconds
[2023-05-16T15:09:19.216+0000] {processor.py:153} INFO - Started process (PID=1388) to work on /home/airflow/.local/lib/python3.7/site-packages/airflow/example_dags/example_branch_python_dop_operator_3.py
[2023-05-16T15:09:19.217+0000] {processor.py:743} INFO - Processing file /home/airflow/.local/lib/python3.7/site-packages/airflow/example_dags/example_branch_python_dop_operator_3.py for tasks to queue
[2023-05-16T15:09:19.217+0000] {logging_mixin.py:137} INFO - [2023-05-16T15:09:19.217+0000] {dagbag.py:532} INFO - Filling up the DagBag from /home/airflow/.local/lib/python3.7/site-packages/airflow/example_dags/example_branch_python_dop_operator_3.py
[2023-05-16T15:09:19.247+0000] {processor.py:753} INFO - DAG(s) dict_keys(['example_branch_dop_operator_v3']) retrieved from /home/airflow/.local/lib/python3.7/site-packages/airflow/example_dags/example_branch_python_dop_operator_3.py
[2023-05-16T15:09:19.279+0000] {logging_mixin.py:137} INFO - [2023-05-16T15:09:19.278+0000] {dag.py:2693} INFO - Sync 1 DAGs
[2023-05-16T15:09:19.317+0000] {logging_mixin.py:137} INFO - [2023-05-16T15:09:19.317+0000] {dag.py:3444} INFO - Setting next_dagrun for example_branch_dop_operator_v3 to 2023-05-16T15:08:00+00:00, run_after=2023-05-16T15:09:00+00:00
[2023-05-16T15:09:19.341+0000] {processor.py:175} INFO - Processing /home/airflow/.local/lib/python3.7/site-packages/airflow/example_dags/example_branch_python_dop_operator_3.py took 0.129 seconds
[2023-05-16T15:09:49.689+0000] {processor.py:153} INFO - Started process (PID=1439) to work on /home/airflow/.local/lib/python3.7/site-packages/airflow/example_dags/example_branch_python_dop_operator_3.py
[2023-05-16T15:09:49.691+0000] {processor.py:743} INFO - Processing file /home/airflow/.local/lib/python3.7/site-packages/airflow/example_dags/example_branch_python_dop_operator_3.py for tasks to queue
[2023-05-16T15:09:49.692+0000] {logging_mixin.py:137} INFO - [2023-05-16T15:09:49.692+0000] {dagbag.py:532} INFO - Filling up the DagBag from /home/airflow/.local/lib/python3.7/site-packages/airflow/example_dags/example_branch_python_dop_operator_3.py
[2023-05-16T15:09:49.721+0000] {processor.py:753} INFO - DAG(s) dict_keys(['example_branch_dop_operator_v3']) retrieved from /home/airflow/.local/lib/python3.7/site-packages/airflow/example_dags/example_branch_python_dop_operator_3.py
[2023-05-16T15:09:49.752+0000] {logging_mixin.py:137} INFO - [2023-05-16T15:09:49.752+0000] {dag.py:2693} INFO - Sync 1 DAGs
[2023-05-16T15:09:49.789+0000] {logging_mixin.py:137} INFO - [2023-05-16T15:09:49.788+0000] {dag.py:3444} INFO - Setting next_dagrun for example_branch_dop_operator_v3 to 2023-05-16T15:08:00+00:00, run_after=2023-05-16T15:09:00+00:00
[2023-05-16T15:09:49.812+0000] {processor.py:175} INFO - Processing /home/airflow/.local/lib/python3.7/site-packages/airflow/example_dags/example_branch_python_dop_operator_3.py took 0.128 seconds
[2023-05-16T15:10:20.540+0000] {processor.py:153} INFO - Started process (PID=1490) to work on /home/airflow/.local/lib/python3.7/site-packages/airflow/example_dags/example_branch_python_dop_operator_3.py
[2023-05-16T15:10:20.540+0000] {processor.py:743} INFO - Processing file /home/airflow/.local/lib/python3.7/site-packages/airflow/example_dags/example_branch_python_dop_operator_3.py for tasks to queue
[2023-05-16T15:10:20.541+0000] {logging_mixin.py:137} INFO - [2023-05-16T15:10:20.541+0000] {dagbag.py:532} INFO - Filling up the DagBag from /home/airflow/.local/lib/python3.7/site-packages/airflow/example_dags/example_branch_python_dop_operator_3.py
[2023-05-16T15:10:20.570+0000] {processor.py:753} INFO - DAG(s) dict_keys(['example_branch_dop_operator_v3']) retrieved from /home/airflow/.local/lib/python3.7/site-packages/airflow/example_dags/example_branch_python_dop_operator_3.py
[2023-05-16T15:10:20.601+0000] {logging_mixin.py:137} INFO - [2023-05-16T15:10:20.600+0000] {dag.py:2693} INFO - Sync 1 DAGs
[2023-05-16T15:10:20.640+0000] {logging_mixin.py:137} INFO - [2023-05-16T15:10:20.640+0000] {dag.py:3444} INFO - Setting next_dagrun for example_branch_dop_operator_v3 to 2023-05-16T15:09:00+00:00, run_after=2023-05-16T15:10:00+00:00
[2023-05-16T15:10:20.663+0000] {processor.py:175} INFO - Processing /home/airflow/.local/lib/python3.7/site-packages/airflow/example_dags/example_branch_python_dop_operator_3.py took 0.127 seconds
