[2023-05-16T00:00:05.751+0000] {processor.py:153} INFO - Started process (PID=7407) to work on /home/airflow/.local/lib/python3.7/site-packages/airflow/example_dags/example_kubernetes_executor.py
[2023-05-16T00:00:05.752+0000] {processor.py:743} INFO - Processing file /home/airflow/.local/lib/python3.7/site-packages/airflow/example_dags/example_kubernetes_executor.py for tasks to queue
[2023-05-16T00:00:05.752+0000] {logging_mixin.py:137} INFO - [2023-05-16T00:00:05.752+0000] {dagbag.py:532} INFO - Filling up the DagBag from /home/airflow/.local/lib/python3.7/site-packages/airflow/example_dags/example_kubernetes_executor.py
[2023-05-16T00:00:05.866+0000] {processor.py:753} INFO - DAG(s) dict_keys(['example_kubernetes_executor']) retrieved from /home/airflow/.local/lib/python3.7/site-packages/airflow/example_dags/example_kubernetes_executor.py
[2023-05-16T00:00:05.986+0000] {logging_mixin.py:137} INFO - [2023-05-16T00:00:05.986+0000] {dag.py:2693} INFO - Sync 1 DAGs
[2023-05-16T00:00:06.112+0000] {logging_mixin.py:137} INFO - [2023-05-16T00:00:06.112+0000] {dag.py:3444} INFO - Setting next_dagrun for example_kubernetes_executor to None, run_after=None
[2023-05-16T00:00:06.233+0000] {processor.py:175} INFO - Processing /home/airflow/.local/lib/python3.7/site-packages/airflow/example_dags/example_kubernetes_executor.py took 0.497 seconds
[2023-05-16T00:00:36.326+0000] {processor.py:153} INFO - Started process (PID=7460) to work on /home/airflow/.local/lib/python3.7/site-packages/airflow/example_dags/example_kubernetes_executor.py
[2023-05-16T00:00:36.328+0000] {processor.py:743} INFO - Processing file /home/airflow/.local/lib/python3.7/site-packages/airflow/example_dags/example_kubernetes_executor.py for tasks to queue
[2023-05-16T00:00:36.328+0000] {logging_mixin.py:137} INFO - [2023-05-16T00:00:36.328+0000] {dagbag.py:532} INFO - Filling up the DagBag from /home/airflow/.local/lib/python3.7/site-packages/airflow/example_dags/example_kubernetes_executor.py
[2023-05-16T00:00:36.366+0000] {processor.py:753} INFO - DAG(s) dict_keys(['example_kubernetes_executor']) retrieved from /home/airflow/.local/lib/python3.7/site-packages/airflow/example_dags/example_kubernetes_executor.py
[2023-05-16T00:00:36.402+0000] {logging_mixin.py:137} INFO - [2023-05-16T00:00:36.402+0000] {dag.py:2693} INFO - Sync 1 DAGs
[2023-05-16T00:00:36.432+0000] {logging_mixin.py:137} INFO - [2023-05-16T00:00:36.431+0000] {dag.py:3444} INFO - Setting next_dagrun for example_kubernetes_executor to None, run_after=None
[2023-05-16T00:00:36.453+0000] {processor.py:175} INFO - Processing /home/airflow/.local/lib/python3.7/site-packages/airflow/example_dags/example_kubernetes_executor.py took 0.130 seconds
[2023-05-16T00:01:06.548+0000] {processor.py:153} INFO - Started process (PID=7512) to work on /home/airflow/.local/lib/python3.7/site-packages/airflow/example_dags/example_kubernetes_executor.py
[2023-05-16T00:01:06.549+0000] {processor.py:743} INFO - Processing file /home/airflow/.local/lib/python3.7/site-packages/airflow/example_dags/example_kubernetes_executor.py for tasks to queue
[2023-05-16T00:01:06.550+0000] {logging_mixin.py:137} INFO - [2023-05-16T00:01:06.549+0000] {dagbag.py:532} INFO - Filling up the DagBag from /home/airflow/.local/lib/python3.7/site-packages/airflow/example_dags/example_kubernetes_executor.py
[2023-05-16T00:01:06.585+0000] {processor.py:753} INFO - DAG(s) dict_keys(['example_kubernetes_executor']) retrieved from /home/airflow/.local/lib/python3.7/site-packages/airflow/example_dags/example_kubernetes_executor.py
[2023-05-16T00:01:06.620+0000] {logging_mixin.py:137} INFO - [2023-05-16T00:01:06.620+0000] {dag.py:2693} INFO - Sync 1 DAGs
[2023-05-16T00:01:06.650+0000] {logging_mixin.py:137} INFO - [2023-05-16T00:01:06.650+0000] {dag.py:3444} INFO - Setting next_dagrun for example_kubernetes_executor to None, run_after=None
[2023-05-16T00:01:06.672+0000] {processor.py:175} INFO - Processing /home/airflow/.local/lib/python3.7/site-packages/airflow/example_dags/example_kubernetes_executor.py took 0.128 seconds
[2023-05-16T00:01:37.089+0000] {processor.py:153} INFO - Started process (PID=7564) to work on /home/airflow/.local/lib/python3.7/site-packages/airflow/example_dags/example_kubernetes_executor.py
[2023-05-16T00:01:37.092+0000] {processor.py:743} INFO - Processing file /home/airflow/.local/lib/python3.7/site-packages/airflow/example_dags/example_kubernetes_executor.py for tasks to queue
[2023-05-16T00:01:37.092+0000] {logging_mixin.py:137} INFO - [2023-05-16T00:01:37.092+0000] {dagbag.py:532} INFO - Filling up the DagBag from /home/airflow/.local/lib/python3.7/site-packages/airflow/example_dags/example_kubernetes_executor.py
[2023-05-16T00:01:37.145+0000] {processor.py:753} INFO - DAG(s) dict_keys(['example_kubernetes_executor']) retrieved from /home/airflow/.local/lib/python3.7/site-packages/airflow/example_dags/example_kubernetes_executor.py
[2023-05-16T00:01:37.252+0000] {logging_mixin.py:137} INFO - [2023-05-16T00:01:37.252+0000] {dag.py:2693} INFO - Sync 1 DAGs
[2023-05-16T00:01:37.332+0000] {logging_mixin.py:137} INFO - [2023-05-16T00:01:37.332+0000] {dag.py:3444} INFO - Setting next_dagrun for example_kubernetes_executor to None, run_after=None
[2023-05-16T00:01:37.361+0000] {processor.py:175} INFO - Processing /home/airflow/.local/lib/python3.7/site-packages/airflow/example_dags/example_kubernetes_executor.py took 0.280 seconds
[2023-05-16T00:02:08.157+0000] {processor.py:153} INFO - Started process (PID=7615) to work on /home/airflow/.local/lib/python3.7/site-packages/airflow/example_dags/example_kubernetes_executor.py
[2023-05-16T00:02:08.157+0000] {processor.py:743} INFO - Processing file /home/airflow/.local/lib/python3.7/site-packages/airflow/example_dags/example_kubernetes_executor.py for tasks to queue
[2023-05-16T00:02:08.158+0000] {logging_mixin.py:137} INFO - [2023-05-16T00:02:08.158+0000] {dagbag.py:532} INFO - Filling up the DagBag from /home/airflow/.local/lib/python3.7/site-packages/airflow/example_dags/example_kubernetes_executor.py
[2023-05-16T00:02:08.200+0000] {processor.py:753} INFO - DAG(s) dict_keys(['example_kubernetes_executor']) retrieved from /home/airflow/.local/lib/python3.7/site-packages/airflow/example_dags/example_kubernetes_executor.py
[2023-05-16T00:02:08.242+0000] {logging_mixin.py:137} INFO - [2023-05-16T00:02:08.241+0000] {dag.py:2693} INFO - Sync 1 DAGs
[2023-05-16T00:02:08.273+0000] {logging_mixin.py:137} INFO - [2023-05-16T00:02:08.273+0000] {dag.py:3444} INFO - Setting next_dagrun for example_kubernetes_executor to None, run_after=None
[2023-05-16T00:02:08.295+0000] {processor.py:175} INFO - Processing /home/airflow/.local/lib/python3.7/site-packages/airflow/example_dags/example_kubernetes_executor.py took 0.142 seconds
[2023-05-16T00:02:38.371+0000] {processor.py:153} INFO - Started process (PID=7666) to work on /home/airflow/.local/lib/python3.7/site-packages/airflow/example_dags/example_kubernetes_executor.py
[2023-05-16T00:02:38.382+0000] {processor.py:743} INFO - Processing file /home/airflow/.local/lib/python3.7/site-packages/airflow/example_dags/example_kubernetes_executor.py for tasks to queue
[2023-05-16T00:02:38.383+0000] {logging_mixin.py:137} INFO - [2023-05-16T00:02:38.382+0000] {dagbag.py:532} INFO - Filling up the DagBag from /home/airflow/.local/lib/python3.7/site-packages/airflow/example_dags/example_kubernetes_executor.py
[2023-05-16T00:02:38.418+0000] {processor.py:753} INFO - DAG(s) dict_keys(['example_kubernetes_executor']) retrieved from /home/airflow/.local/lib/python3.7/site-packages/airflow/example_dags/example_kubernetes_executor.py
[2023-05-16T00:02:38.453+0000] {logging_mixin.py:137} INFO - [2023-05-16T00:02:38.453+0000] {dag.py:2693} INFO - Sync 1 DAGs
[2023-05-16T00:02:38.482+0000] {logging_mixin.py:137} INFO - [2023-05-16T00:02:38.482+0000] {dag.py:3444} INFO - Setting next_dagrun for example_kubernetes_executor to None, run_after=None
[2023-05-16T00:02:38.536+0000] {processor.py:175} INFO - Processing /home/airflow/.local/lib/python3.7/site-packages/airflow/example_dags/example_kubernetes_executor.py took 0.169 seconds
