[2023-05-14T18:26:42.136+0000] {taskinstance.py:1084} INFO - Dependencies all met for dep_context=non-requeueable deps ti=<TaskInstance: get_todays_gamesv2.delete_xcoms manual__2023-05-14T18:26:20.816712+00:00 [queued]>
[2023-05-14T18:26:42.149+0000] {taskinstance.py:1084} INFO - Dependencies all met for dep_context=requeueable deps ti=<TaskInstance: get_todays_gamesv2.delete_xcoms manual__2023-05-14T18:26:20.816712+00:00 [queued]>
[2023-05-14T18:26:42.149+0000] {taskinstance.py:1282} INFO - 
--------------------------------------------------------------------------------
[2023-05-14T18:26:42.150+0000] {taskinstance.py:1283} INFO - Starting attempt 1 of 1
[2023-05-14T18:26:42.150+0000] {taskinstance.py:1284} INFO - 
--------------------------------------------------------------------------------
[2023-05-14T18:26:42.170+0000] {taskinstance.py:1303} INFO - Executing <Task(PythonOperator): delete_xcoms> on 2023-05-14 18:26:20.816712+00:00
[2023-05-14T18:26:42.177+0000] {standard_task_runner.py:55} INFO - Started process 3802 to run task
[2023-05-14T18:26:42.184+0000] {standard_task_runner.py:82} INFO - Running: ['***', 'tasks', 'run', 'get_todays_gamesv2', 'delete_xcoms', 'manual__2023-05-14T18:26:20.816712+00:00', '--job-id', '1546', '--raw', '--subdir', 'DAGS_FOLDER/todays_gamesv2.py', '--cfg-path', '/tmp/tmpgf7f36fu']
[2023-05-14T18:26:42.185+0000] {standard_task_runner.py:83} INFO - Job 1546: Subtask delete_xcoms
[2023-05-14T18:26:42.263+0000] {task_command.py:388} INFO - Running <TaskInstance: get_todays_gamesv2.delete_xcoms manual__2023-05-14T18:26:20.816712+00:00 [running]> on host f7ab54451666
[2023-05-14T18:26:42.360+0000] {taskinstance.py:1511} INFO - Exporting the following env vars:
AIRFLOW_CTX_DAG_OWNER=***
AIRFLOW_CTX_DAG_ID=get_todays_gamesv2
AIRFLOW_CTX_TASK_ID=delete_xcoms
AIRFLOW_CTX_EXECUTION_DATE=2023-05-14T18:26:20.816712+00:00
AIRFLOW_CTX_TRY_NUMBER=1
AIRFLOW_CTX_DAG_RUN_ID=manual__2023-05-14T18:26:20.816712+00:00
[2023-05-14T18:26:42.372+0000] {logging_mixin.py:137} INFO - Deleted 6 XCom rows
[2023-05-14T18:26:42.372+0000] {python.py:177} INFO - Done. Returned value was: None
[2023-05-14T18:26:42.383+0000] {taskinstance.py:1326} INFO - Marking task as SUCCESS. dag_id=get_todays_gamesv2, task_id=delete_xcoms, execution_date=20230514T182620, start_date=20230514T182642, end_date=20230514T182642
[2023-05-14T18:26:42.433+0000] {local_task_job.py:212} INFO - Task exited with return code 0
[2023-05-14T18:26:42.523+0000] {taskinstance.py:2585} INFO - 0 downstream tasks scheduled from follow-on schedule check
