[2023-05-29T18:21:51.257+0000] {taskinstance.py:1084} INFO - Dependencies all met for dep_context=non-requeueable deps ti=<TaskInstance: game_alert.check_game_today_task manual__2023-05-29T18:21:46.840979+00:00 [queued]>
[2023-05-29T18:21:51.268+0000] {taskinstance.py:1084} INFO - Dependencies all met for dep_context=requeueable deps ti=<TaskInstance: game_alert.check_game_today_task manual__2023-05-29T18:21:46.840979+00:00 [queued]>
[2023-05-29T18:21:51.269+0000] {taskinstance.py:1282} INFO - 
--------------------------------------------------------------------------------
[2023-05-29T18:21:51.269+0000] {taskinstance.py:1283} INFO - Starting attempt 1 of 1
[2023-05-29T18:21:51.270+0000] {taskinstance.py:1284} INFO - 
--------------------------------------------------------------------------------
[2023-05-29T18:21:51.296+0000] {taskinstance.py:1303} INFO - Executing <Task(BranchPythonOperator): check_game_today_task> on 2023-05-29 18:21:46.840979+00:00
[2023-05-29T18:21:51.303+0000] {standard_task_runner.py:55} INFO - Started process 984 to run task
[2023-05-29T18:21:51.310+0000] {standard_task_runner.py:82} INFO - Running: ['***', 'tasks', 'run', 'game_alert', 'check_game_today_task', 'manual__2023-05-29T18:21:46.840979+00:00', '--job-id', '818', '--raw', '--subdir', 'DAGS_FOLDER/game_alert.py', '--cfg-path', '/tmp/tmpmk3it2yb']
[2023-05-29T18:21:51.311+0000] {standard_task_runner.py:83} INFO - Job 818: Subtask check_game_today_task
[2023-05-29T18:21:51.439+0000] {task_command.py:388} INFO - Running <TaskInstance: game_alert.check_game_today_task manual__2023-05-29T18:21:46.840979+00:00 [running]> on host b03c83f459ca
[2023-05-29T18:21:51.564+0000] {taskinstance.py:1511} INFO - Exporting the following env vars:
AIRFLOW_CTX_DAG_OWNER=***
AIRFLOW_CTX_DAG_ID=game_alert
AIRFLOW_CTX_TASK_ID=check_game_today_task
AIRFLOW_CTX_EXECUTION_DATE=2023-05-29T18:21:46.840979+00:00
AIRFLOW_CTX_TRY_NUMBER=1
AIRFLOW_CTX_DAG_RUN_ID=manual__2023-05-29T18:21:46.840979+00:00
[2023-05-29T18:21:51.567+0000] {logging_mixin.py:137} INFO - 2023-05-29
[2023-05-29T18:21:51.586+0000] {logging_mixin.py:137} INFO - There is a game today.
[2023-05-29T18:21:51.587+0000] {python.py:177} INFO - Done. Returned value was: game_today
[2023-05-29T18:21:51.587+0000] {python.py:211} INFO - Branch callable return game_today
[2023-05-29T18:21:51.587+0000] {skipmixin.py:155} INFO - Following branch game_today
[2023-05-29T18:21:51.588+0000] {skipmixin.py:211} INFO - Skipping tasks []
[2023-05-29T18:21:51.662+0000] {taskinstance.py:1326} INFO - Marking task as SUCCESS. dag_id=game_alert, task_id=check_game_today_task, execution_date=20230529T182146, start_date=20230529T182151, end_date=20230529T182151
[2023-05-29T18:21:51.697+0000] {local_task_job.py:212} INFO - Task exited with return code 0
[2023-05-29T18:21:51.752+0000] {taskinstance.py:2585} INFO - 1 downstream tasks scheduled from follow-on schedule check
