[2023-05-02T15:00:09.538+0000] {taskinstance.py:1084} INFO - Dependencies all met for dep_context=non-requeueable deps ti=<TaskInstance: get_todays_games.delete_xcoms scheduled__2023-05-01T15:00:00+00:00 [queued]>
[2023-05-02T15:00:09.549+0000] {taskinstance.py:1084} INFO - Dependencies all met for dep_context=requeueable deps ti=<TaskInstance: get_todays_games.delete_xcoms scheduled__2023-05-01T15:00:00+00:00 [queued]>
[2023-05-02T15:00:09.549+0000] {taskinstance.py:1282} INFO - 
--------------------------------------------------------------------------------
[2023-05-02T15:00:09.549+0000] {taskinstance.py:1283} INFO - Starting attempt 1 of 1
[2023-05-02T15:00:09.550+0000] {taskinstance.py:1284} INFO - 
--------------------------------------------------------------------------------
[2023-05-02T15:00:09.568+0000] {taskinstance.py:1303} INFO - Executing <Task(PythonOperator): delete_xcoms> on 2023-05-01 15:00:00+00:00
[2023-05-02T15:00:09.576+0000] {standard_task_runner.py:55} INFO - Started process 48637 to run task
[2023-05-02T15:00:09.583+0000] {standard_task_runner.py:82} INFO - Running: ['***', 'tasks', 'run', 'get_todays_games', 'delete_xcoms', 'scheduled__2023-05-01T15:00:00+00:00', '--job-id', '818', '--raw', '--subdir', 'DAGS_FOLDER/todays_games.py', '--cfg-path', '/tmp/tmpa_csk_94']
[2023-05-02T15:00:09.584+0000] {standard_task_runner.py:83} INFO - Job 818: Subtask delete_xcoms
[2023-05-02T15:00:09.722+0000] {task_command.py:388} INFO - Running <TaskInstance: get_todays_games.delete_xcoms scheduled__2023-05-01T15:00:00+00:00 [running]> on host f789e77bc70a
[2023-05-02T15:00:09.921+0000] {taskinstance.py:1511} INFO - Exporting the following env vars:
AIRFLOW_CTX_DAG_OWNER=***
AIRFLOW_CTX_DAG_ID=get_todays_games
AIRFLOW_CTX_TASK_ID=delete_xcoms
AIRFLOW_CTX_EXECUTION_DATE=2023-05-01T15:00:00+00:00
AIRFLOW_CTX_TRY_NUMBER=1
AIRFLOW_CTX_DAG_RUN_ID=scheduled__2023-05-01T15:00:00+00:00
[2023-05-02T15:00:09.939+0000] {logging_mixin.py:137} INFO - Deleted 2 XCom rows
[2023-05-02T15:00:09.940+0000] {python.py:177} INFO - Done. Returned value was: None
[2023-05-02T15:00:09.959+0000] {taskinstance.py:1326} INFO - Marking task as SUCCESS. dag_id=get_todays_games, task_id=delete_xcoms, execution_date=20230501T150000, start_date=20230502T150009, end_date=20230502T150009
[2023-05-02T15:00:10.002+0000] {local_task_job.py:212} INFO - Task exited with return code 0
[2023-05-02T15:00:10.035+0000] {taskinstance.py:2585} INFO - 0 downstream tasks scheduled from follow-on schedule check
