[2023-05-29T18:22:02.989+0000] {taskinstance.py:1084} INFO - Dependencies all met for dep_context=non-requeueable deps ti=<TaskInstance: game_alert.delete_xcoms manual__2023-05-29T18:21:46.840979+00:00 [queued]>
[2023-05-29T18:22:03.021+0000] {taskinstance.py:1084} INFO - Dependencies all met for dep_context=requeueable deps ti=<TaskInstance: game_alert.delete_xcoms manual__2023-05-29T18:21:46.840979+00:00 [queued]>
[2023-05-29T18:22:03.021+0000] {taskinstance.py:1282} INFO - 
--------------------------------------------------------------------------------
[2023-05-29T18:22:03.021+0000] {taskinstance.py:1283} INFO - Starting attempt 1 of 1
[2023-05-29T18:22:03.021+0000] {taskinstance.py:1284} INFO - 
--------------------------------------------------------------------------------
[2023-05-29T18:22:03.064+0000] {taskinstance.py:1303} INFO - Executing <Task(PythonOperator): delete_xcoms> on 2023-05-29 18:21:46.840979+00:00
[2023-05-29T18:22:03.075+0000] {standard_task_runner.py:55} INFO - Started process 998 to run task
[2023-05-29T18:22:03.079+0000] {standard_task_runner.py:82} INFO - Running: ['***', 'tasks', 'run', 'game_alert', 'delete_xcoms', 'manual__2023-05-29T18:21:46.840979+00:00', '--job-id', '824', '--raw', '--subdir', 'DAGS_FOLDER/game_alert.py', '--cfg-path', '/tmp/tmp19mr8vt6']
[2023-05-29T18:22:03.090+0000] {standard_task_runner.py:83} INFO - Job 824: Subtask delete_xcoms
[2023-05-29T18:22:03.250+0000] {task_command.py:388} INFO - Running <TaskInstance: game_alert.delete_xcoms manual__2023-05-29T18:21:46.840979+00:00 [running]> on host b03c83f459ca
[2023-05-29T18:22:03.441+0000] {taskinstance.py:1511} INFO - Exporting the following env vars:
AIRFLOW_CTX_DAG_OWNER=***
AIRFLOW_CTX_DAG_ID=game_alert
AIRFLOW_CTX_TASK_ID=delete_xcoms
AIRFLOW_CTX_EXECUTION_DATE=2023-05-29T18:21:46.840979+00:00
AIRFLOW_CTX_TRY_NUMBER=1
AIRFLOW_CTX_DAG_RUN_ID=manual__2023-05-29T18:21:46.840979+00:00
[2023-05-29T18:22:03.463+0000] {python.py:177} INFO - Done. Returned value was: None
[2023-05-29T18:22:03.493+0000] {taskinstance.py:1326} INFO - Marking task as SUCCESS. dag_id=game_alert, task_id=delete_xcoms, execution_date=20230529T182146, start_date=20230529T182202, end_date=20230529T182203
[2023-05-29T18:22:03.553+0000] {local_task_job.py:212} INFO - Task exited with return code 0
[2023-05-29T18:22:03.650+0000] {taskinstance.py:2585} INFO - 0 downstream tasks scheduled from follow-on schedule check
