[2023-05-27T15:00:09.503+0000] {taskinstance.py:1084} INFO - Dependencies all met for dep_context=non-requeueable deps ti=<TaskInstance: get_todays_gamesv3.print_game_today scheduled__2023-05-26T15:00:00+00:00 [queued]>
[2023-05-27T15:00:09.524+0000] {taskinstance.py:1084} INFO - Dependencies all met for dep_context=requeueable deps ti=<TaskInstance: get_todays_gamesv3.print_game_today scheduled__2023-05-26T15:00:00+00:00 [queued]>
[2023-05-27T15:00:09.525+0000] {taskinstance.py:1282} INFO - 
--------------------------------------------------------------------------------
[2023-05-27T15:00:09.525+0000] {taskinstance.py:1283} INFO - Starting attempt 1 of 1
[2023-05-27T15:00:09.525+0000] {taskinstance.py:1284} INFO - 
--------------------------------------------------------------------------------
[2023-05-27T15:00:09.554+0000] {taskinstance.py:1303} INFO - Executing <Task(BashOperator): print_game_today> on 2023-05-26 15:00:00+00:00
[2023-05-27T15:00:09.560+0000] {standard_task_runner.py:55} INFO - Started process 139 to run task
[2023-05-27T15:00:09.567+0000] {standard_task_runner.py:82} INFO - Running: ['***', 'tasks', 'run', 'get_todays_gamesv3', 'print_game_today', 'scheduled__2023-05-26T15:00:00+00:00', '--job-id', '749', '--raw', '--subdir', 'DAGS_FOLDER/todays_gamesv3.py', '--cfg-path', '/tmp/tmpcb0q185i']
[2023-05-27T15:00:09.568+0000] {standard_task_runner.py:83} INFO - Job 749: Subtask print_game_today
[2023-05-27T15:00:09.676+0000] {task_command.py:388} INFO - Running <TaskInstance: get_todays_gamesv3.print_game_today scheduled__2023-05-26T15:00:00+00:00 [running]> on host b03c83f459ca
[2023-05-27T15:00:09.796+0000] {taskinstance.py:1511} INFO - Exporting the following env vars:
AIRFLOW_CTX_DAG_OWNER=***
AIRFLOW_CTX_DAG_ID=get_todays_gamesv3
AIRFLOW_CTX_TASK_ID=print_game_today
AIRFLOW_CTX_EXECUTION_DATE=2023-05-26T15:00:00+00:00
AIRFLOW_CTX_TRY_NUMBER=1
AIRFLOW_CTX_DAG_RUN_ID=scheduled__2023-05-26T15:00:00+00:00
[2023-05-27T15:00:09.799+0000] {subprocess.py:63} INFO - Tmp dir root location: 
 /tmp
[2023-05-27T15:00:09.800+0000] {subprocess.py:75} INFO - Running command: ['/bin/bash', '-c', 'echo Game today!']
[2023-05-27T15:00:09.815+0000] {subprocess.py:86} INFO - Output:
[2023-05-27T15:00:09.820+0000] {subprocess.py:93} INFO - Game today!
[2023-05-27T15:00:09.820+0000] {subprocess.py:97} INFO - Command exited with return code 0
[2023-05-27T15:00:09.842+0000] {taskinstance.py:1326} INFO - Marking task as SUCCESS. dag_id=get_todays_gamesv3, task_id=print_game_today, execution_date=20230526T150000, start_date=20230527T150009, end_date=20230527T150009
[2023-05-27T15:00:09.868+0000] {local_task_job.py:212} INFO - Task exited with return code 0
[2023-05-27T15:00:09.928+0000] {taskinstance.py:2585} INFO - 3 downstream tasks scheduled from follow-on schedule check
