[2023-05-02T00:42:38.594+0000] {taskinstance.py:1084} INFO - Dependencies all met for dep_context=non-requeueable deps ti=<TaskInstance: get_todays_gamesv2.write_insert_query_task manual__2023-05-02T00:42:33.547514+00:00 [queued]>
[2023-05-02T00:42:38.606+0000] {taskinstance.py:1084} INFO - Dependencies all met for dep_context=requeueable deps ti=<TaskInstance: get_todays_gamesv2.write_insert_query_task manual__2023-05-02T00:42:33.547514+00:00 [queued]>
[2023-05-02T00:42:38.607+0000] {taskinstance.py:1282} INFO - 
--------------------------------------------------------------------------------
[2023-05-02T00:42:38.607+0000] {taskinstance.py:1283} INFO - Starting attempt 1 of 1
[2023-05-02T00:42:38.608+0000] {taskinstance.py:1284} INFO - 
--------------------------------------------------------------------------------
[2023-05-02T00:42:38.629+0000] {taskinstance.py:1303} INFO - Executing <Task(PythonOperator): write_insert_query_task> on 2023-05-02 00:42:33.547514+00:00
[2023-05-02T00:42:38.636+0000] {standard_task_runner.py:55} INFO - Started process 32698 to run task
[2023-05-02T00:42:38.644+0000] {standard_task_runner.py:82} INFO - Running: ['***', 'tasks', 'run', 'get_todays_gamesv2', 'write_insert_query_task', 'manual__2023-05-02T00:42:33.547514+00:00', '--job-id', '721', '--raw', '--subdir', 'DAGS_FOLDER/todays_gamesv2.py', '--cfg-path', '/tmp/tmpifxuj60e']
[2023-05-02T00:42:38.645+0000] {standard_task_runner.py:83} INFO - Job 721: Subtask write_insert_query_task
[2023-05-02T00:42:38.728+0000] {task_command.py:388} INFO - Running <TaskInstance: get_todays_gamesv2.write_insert_query_task manual__2023-05-02T00:42:33.547514+00:00 [running]> on host f789e77bc70a
[2023-05-02T00:42:38.835+0000] {taskinstance.py:1511} INFO - Exporting the following env vars:
AIRFLOW_CTX_DAG_OWNER=***
AIRFLOW_CTX_DAG_ID=get_todays_gamesv2
AIRFLOW_CTX_TASK_ID=write_insert_query_task
AIRFLOW_CTX_EXECUTION_DATE=2023-05-02T00:42:33.547514+00:00
AIRFLOW_CTX_TRY_NUMBER=1
AIRFLOW_CTX_DAG_RUN_ID=manual__2023-05-02T00:42:33.547514+00:00
[2023-05-02T00:42:38.874+0000] {python.py:177} INFO - Done. Returned value was: None
[2023-05-02T00:42:38.887+0000] {taskinstance.py:1326} INFO - Marking task as SUCCESS. dag_id=get_todays_gamesv2, task_id=write_insert_query_task, execution_date=20230502T004233, start_date=20230502T004238, end_date=20230502T004238
[2023-05-02T00:42:38.935+0000] {local_task_job.py:212} INFO - Task exited with return code 0
[2023-05-02T00:42:38.975+0000] {taskinstance.py:2585} INFO - 1 downstream tasks scheduled from follow-on schedule check
