[2023-05-02T00:47:22.750+0000] {taskinstance.py:1084} INFO - Dependencies all met for dep_context=non-requeueable deps ti=<TaskInstance: get_todays_gamesv2.print_start manual__2023-05-02T00:47:21.091300+00:00 [queued]>
[2023-05-02T00:47:22.760+0000] {taskinstance.py:1084} INFO - Dependencies all met for dep_context=requeueable deps ti=<TaskInstance: get_todays_gamesv2.print_start manual__2023-05-02T00:47:21.091300+00:00 [queued]>
[2023-05-02T00:47:22.760+0000] {taskinstance.py:1282} INFO - 
--------------------------------------------------------------------------------
[2023-05-02T00:47:22.760+0000] {taskinstance.py:1283} INFO - Starting attempt 1 of 1
[2023-05-02T00:47:22.760+0000] {taskinstance.py:1284} INFO - 
--------------------------------------------------------------------------------
[2023-05-02T00:47:22.784+0000] {taskinstance.py:1303} INFO - Executing <Task(BashOperator): print_start> on 2023-05-02 00:47:21.091300+00:00
[2023-05-02T00:47:22.791+0000] {standard_task_runner.py:55} INFO - Started process 32842 to run task
[2023-05-02T00:47:22.795+0000] {standard_task_runner.py:82} INFO - Running: ['***', 'tasks', 'run', 'get_todays_gamesv2', 'print_start', 'manual__2023-05-02T00:47:21.091300+00:00', '--job-id', '742', '--raw', '--subdir', 'DAGS_FOLDER/todays_gamesv2.py', '--cfg-path', '/tmp/tmp7wyo0dqz']
[2023-05-02T00:47:22.795+0000] {standard_task_runner.py:83} INFO - Job 742: Subtask print_start
[2023-05-02T00:47:22.871+0000] {task_command.py:388} INFO - Running <TaskInstance: get_todays_gamesv2.print_start manual__2023-05-02T00:47:21.091300+00:00 [running]> on host f789e77bc70a
[2023-05-02T00:47:22.958+0000] {taskinstance.py:1511} INFO - Exporting the following env vars:
AIRFLOW_CTX_DAG_OWNER=***
AIRFLOW_CTX_DAG_ID=get_todays_gamesv2
AIRFLOW_CTX_TASK_ID=print_start
AIRFLOW_CTX_EXECUTION_DATE=2023-05-02T00:47:21.091300+00:00
AIRFLOW_CTX_TRY_NUMBER=1
AIRFLOW_CTX_DAG_RUN_ID=manual__2023-05-02T00:47:21.091300+00:00
[2023-05-02T00:47:22.959+0000] {subprocess.py:63} INFO - Tmp dir root location: 
 /tmp
[2023-05-02T00:47:22.960+0000] {subprocess.py:75} INFO - Running command: ['/bin/bash', '-c', 'echo starting dag']
[2023-05-02T00:47:22.971+0000] {subprocess.py:86} INFO - Output:
[2023-05-02T00:47:22.973+0000] {subprocess.py:93} INFO - starting dag
[2023-05-02T00:47:22.973+0000] {subprocess.py:97} INFO - Command exited with return code 0
[2023-05-02T00:47:22.987+0000] {taskinstance.py:1326} INFO - Marking task as SUCCESS. dag_id=get_todays_gamesv2, task_id=print_start, execution_date=20230502T004721, start_date=20230502T004722, end_date=20230502T004722
[2023-05-02T00:47:23.046+0000] {local_task_job.py:212} INFO - Task exited with return code 0
[2023-05-02T00:47:23.087+0000] {taskinstance.py:2585} INFO - 2 downstream tasks scheduled from follow-on schedule check
