[2023-05-20T15:37:34.182+0000] {taskinstance.py:1084} INFO - Dependencies all met for dep_context=non-requeueable deps ti=<TaskInstance: get_todays_gamesv2.check_game_today_task manual__2023-05-20T15:37:26.797888+00:00 [queued]>
[2023-05-20T15:37:34.194+0000] {taskinstance.py:1084} INFO - Dependencies all met for dep_context=requeueable deps ti=<TaskInstance: get_todays_gamesv2.check_game_today_task manual__2023-05-20T15:37:26.797888+00:00 [queued]>
[2023-05-20T15:37:34.194+0000] {taskinstance.py:1282} INFO - 
--------------------------------------------------------------------------------
[2023-05-20T15:37:34.194+0000] {taskinstance.py:1283} INFO - Starting attempt 1 of 1
[2023-05-20T15:37:34.194+0000] {taskinstance.py:1284} INFO - 
--------------------------------------------------------------------------------
[2023-05-20T15:37:34.212+0000] {taskinstance.py:1303} INFO - Executing <Task(BranchPythonOperator): check_game_today_task> on 2023-05-20 15:37:26.797888+00:00
[2023-05-20T15:37:34.218+0000] {standard_task_runner.py:55} INFO - Started process 352 to run task
[2023-05-20T15:37:34.229+0000] {standard_task_runner.py:82} INFO - Running: ['***', 'tasks', 'run', 'get_todays_gamesv2', 'check_game_today_task', 'manual__2023-05-20T15:37:26.797888+00:00', '--job-id', '115', '--raw', '--subdir', 'DAGS_FOLDER/todays_gamesv2.py', '--cfg-path', '/tmp/tmp59t6ldsu']
[2023-05-20T15:37:34.230+0000] {standard_task_runner.py:83} INFO - Job 115: Subtask check_game_today_task
[2023-05-20T15:37:34.353+0000] {task_command.py:388} INFO - Running <TaskInstance: get_todays_gamesv2.check_game_today_task manual__2023-05-20T15:37:26.797888+00:00 [running]> on host 2e718862c733
[2023-05-20T15:37:34.450+0000] {taskinstance.py:1511} INFO - Exporting the following env vars:
AIRFLOW_CTX_DAG_OWNER=***
AIRFLOW_CTX_DAG_ID=get_todays_gamesv2
AIRFLOW_CTX_TASK_ID=check_game_today_task
AIRFLOW_CTX_EXECUTION_DATE=2023-05-20T15:37:26.797888+00:00
AIRFLOW_CTX_TRY_NUMBER=1
AIRFLOW_CTX_DAG_RUN_ID=manual__2023-05-20T15:37:26.797888+00:00
[2023-05-20T15:37:34.456+0000] {logging_mixin.py:137} INFO - 2023-05-20
[2023-05-20T15:37:34.479+0000] {logging_mixin.py:137} INFO - There is a game today.
[2023-05-20T15:37:34.479+0000] {python.py:177} INFO - Done. Returned value was: print_game_today
[2023-05-20T15:37:34.480+0000] {python.py:211} INFO - Branch callable return print_game_today
[2023-05-20T15:37:34.480+0000] {skipmixin.py:155} INFO - Following branch print_game_today
[2023-05-20T15:37:34.481+0000] {skipmixin.py:211} INFO - Skipping tasks []
[2023-05-20T15:37:34.543+0000] {taskinstance.py:1326} INFO - Marking task as SUCCESS. dag_id=get_todays_gamesv2, task_id=check_game_today_task, execution_date=20230520T153726, start_date=20230520T153734, end_date=20230520T153734
[2023-05-20T15:37:34.599+0000] {local_task_job.py:212} INFO - Task exited with return code 0
[2023-05-20T15:37:34.664+0000] {taskinstance.py:2585} INFO - 1 downstream tasks scheduled from follow-on schedule check
