[2023-05-12T14:56:00.622+0000] {processor.py:153} INFO - Started process (PID=39) to work on /home/airflow/.local/lib/python3.7/site-packages/airflow/example_dags/example_sla_dag.py
[2023-05-12T14:56:00.631+0000] {processor.py:743} INFO - Processing file /home/airflow/.local/lib/python3.7/site-packages/airflow/example_dags/example_sla_dag.py for tasks to queue
[2023-05-12T14:56:00.632+0000] {logging_mixin.py:137} INFO - [2023-05-12T14:56:00.632+0000] {dagbag.py:532} INFO - Filling up the DagBag from /home/airflow/.local/lib/python3.7/site-packages/airflow/example_dags/example_sla_dag.py
[2023-05-12T14:56:00.717+0000] {processor.py:753} INFO - DAG(s) dict_keys(['example_sla_dag']) retrieved from /home/airflow/.local/lib/python3.7/site-packages/airflow/example_dags/example_sla_dag.py
[2023-05-12T14:56:00.797+0000] {logging_mixin.py:137} INFO - [2023-05-12T14:56:00.797+0000] {dag.py:2693} INFO - Sync 1 DAGs
[2023-05-12T14:56:00.873+0000] {logging_mixin.py:137} INFO - [2023-05-12T14:56:00.873+0000] {dag.py:3444} INFO - Setting next_dagrun for example_sla_dag to 2023-05-12T14:54:00+00:00, run_after=2023-05-12T14:56:00+00:00
[2023-05-12T14:56:00.931+0000] {processor.py:175} INFO - Processing /home/airflow/.local/lib/python3.7/site-packages/airflow/example_dags/example_sla_dag.py took 0.313 seconds
[2023-05-12T14:56:30.993+0000] {processor.py:153} INFO - Started process (PID=90) to work on /home/airflow/.local/lib/python3.7/site-packages/airflow/example_dags/example_sla_dag.py
[2023-05-12T14:56:30.994+0000] {processor.py:743} INFO - Processing file /home/airflow/.local/lib/python3.7/site-packages/airflow/example_dags/example_sla_dag.py for tasks to queue
[2023-05-12T14:56:30.995+0000] {logging_mixin.py:137} INFO - [2023-05-12T14:56:30.995+0000] {dagbag.py:532} INFO - Filling up the DagBag from /home/airflow/.local/lib/python3.7/site-packages/airflow/example_dags/example_sla_dag.py
[2023-05-12T14:56:31.025+0000] {processor.py:753} INFO - DAG(s) dict_keys(['example_sla_dag']) retrieved from /home/airflow/.local/lib/python3.7/site-packages/airflow/example_dags/example_sla_dag.py
[2023-05-12T14:56:31.057+0000] {logging_mixin.py:137} INFO - [2023-05-12T14:56:31.057+0000] {dag.py:2693} INFO - Sync 1 DAGs
[2023-05-12T14:56:31.096+0000] {logging_mixin.py:137} INFO - [2023-05-12T14:56:31.096+0000] {dag.py:3444} INFO - Setting next_dagrun for example_sla_dag to 2023-05-12T14:54:00+00:00, run_after=2023-05-12T14:56:00+00:00
[2023-05-12T14:56:31.118+0000] {processor.py:175} INFO - Processing /home/airflow/.local/lib/python3.7/site-packages/airflow/example_dags/example_sla_dag.py took 0.129 seconds
[2023-05-12T14:57:02.070+0000] {processor.py:153} INFO - Started process (PID=141) to work on /home/airflow/.local/lib/python3.7/site-packages/airflow/example_dags/example_sla_dag.py
[2023-05-12T14:57:02.071+0000] {processor.py:743} INFO - Processing file /home/airflow/.local/lib/python3.7/site-packages/airflow/example_dags/example_sla_dag.py for tasks to queue
[2023-05-12T14:57:02.072+0000] {logging_mixin.py:137} INFO - [2023-05-12T14:57:02.072+0000] {dagbag.py:532} INFO - Filling up the DagBag from /home/airflow/.local/lib/python3.7/site-packages/airflow/example_dags/example_sla_dag.py
[2023-05-12T14:57:02.104+0000] {processor.py:753} INFO - DAG(s) dict_keys(['example_sla_dag']) retrieved from /home/airflow/.local/lib/python3.7/site-packages/airflow/example_dags/example_sla_dag.py
[2023-05-12T14:57:02.135+0000] {logging_mixin.py:137} INFO - [2023-05-12T14:57:02.134+0000] {dag.py:2693} INFO - Sync 1 DAGs
[2023-05-12T14:57:02.172+0000] {logging_mixin.py:137} INFO - [2023-05-12T14:57:02.171+0000] {dag.py:3444} INFO - Setting next_dagrun for example_sla_dag to 2023-05-12T14:54:00+00:00, run_after=2023-05-12T14:56:00+00:00
[2023-05-12T14:57:02.192+0000] {processor.py:175} INFO - Processing /home/airflow/.local/lib/python3.7/site-packages/airflow/example_dags/example_sla_dag.py took 0.127 seconds
[2023-05-12T14:57:32.578+0000] {processor.py:153} INFO - Started process (PID=193) to work on /home/airflow/.local/lib/python3.7/site-packages/airflow/example_dags/example_sla_dag.py
[2023-05-12T14:57:32.579+0000] {processor.py:743} INFO - Processing file /home/airflow/.local/lib/python3.7/site-packages/airflow/example_dags/example_sla_dag.py for tasks to queue
[2023-05-12T14:57:32.580+0000] {logging_mixin.py:137} INFO - [2023-05-12T14:57:32.580+0000] {dagbag.py:532} INFO - Filling up the DagBag from /home/airflow/.local/lib/python3.7/site-packages/airflow/example_dags/example_sla_dag.py
[2023-05-12T14:57:32.609+0000] {processor.py:753} INFO - DAG(s) dict_keys(['example_sla_dag']) retrieved from /home/airflow/.local/lib/python3.7/site-packages/airflow/example_dags/example_sla_dag.py
[2023-05-12T14:57:32.641+0000] {logging_mixin.py:137} INFO - [2023-05-12T14:57:32.640+0000] {dag.py:2693} INFO - Sync 1 DAGs
[2023-05-12T14:57:32.678+0000] {logging_mixin.py:137} INFO - [2023-05-12T14:57:32.678+0000] {dag.py:3444} INFO - Setting next_dagrun for example_sla_dag to 2023-05-12T14:54:00+00:00, run_after=2023-05-12T14:56:00+00:00
[2023-05-12T14:57:32.699+0000] {processor.py:175} INFO - Processing /home/airflow/.local/lib/python3.7/site-packages/airflow/example_dags/example_sla_dag.py took 0.125 seconds
[2023-05-12T14:58:03.071+0000] {processor.py:153} INFO - Started process (PID=244) to work on /home/airflow/.local/lib/python3.7/site-packages/airflow/example_dags/example_sla_dag.py
[2023-05-12T14:58:03.072+0000] {processor.py:743} INFO - Processing file /home/airflow/.local/lib/python3.7/site-packages/airflow/example_dags/example_sla_dag.py for tasks to queue
[2023-05-12T14:58:03.072+0000] {logging_mixin.py:137} INFO - [2023-05-12T14:58:03.072+0000] {dagbag.py:532} INFO - Filling up the DagBag from /home/airflow/.local/lib/python3.7/site-packages/airflow/example_dags/example_sla_dag.py
[2023-05-12T14:58:03.105+0000] {processor.py:753} INFO - DAG(s) dict_keys(['example_sla_dag']) retrieved from /home/airflow/.local/lib/python3.7/site-packages/airflow/example_dags/example_sla_dag.py
[2023-05-12T14:58:03.144+0000] {logging_mixin.py:137} INFO - [2023-05-12T14:58:03.143+0000] {dag.py:2693} INFO - Sync 1 DAGs
[2023-05-12T14:58:03.183+0000] {logging_mixin.py:137} INFO - [2023-05-12T14:58:03.183+0000] {dag.py:3444} INFO - Setting next_dagrun for example_sla_dag to 2023-05-12T14:56:00+00:00, run_after=2023-05-12T14:58:00+00:00
[2023-05-12T14:58:03.210+0000] {processor.py:175} INFO - Processing /home/airflow/.local/lib/python3.7/site-packages/airflow/example_dags/example_sla_dag.py took 0.144 seconds
[2023-05-12T14:58:33.589+0000] {processor.py:153} INFO - Started process (PID=294) to work on /home/airflow/.local/lib/python3.7/site-packages/airflow/example_dags/example_sla_dag.py
[2023-05-12T14:58:33.591+0000] {processor.py:743} INFO - Processing file /home/airflow/.local/lib/python3.7/site-packages/airflow/example_dags/example_sla_dag.py for tasks to queue
[2023-05-12T14:58:33.591+0000] {logging_mixin.py:137} INFO - [2023-05-12T14:58:33.591+0000] {dagbag.py:532} INFO - Filling up the DagBag from /home/airflow/.local/lib/python3.7/site-packages/airflow/example_dags/example_sla_dag.py
[2023-05-12T14:58:33.620+0000] {processor.py:753} INFO - DAG(s) dict_keys(['example_sla_dag']) retrieved from /home/airflow/.local/lib/python3.7/site-packages/airflow/example_dags/example_sla_dag.py
[2023-05-12T14:58:33.652+0000] {logging_mixin.py:137} INFO - [2023-05-12T14:58:33.652+0000] {dag.py:2693} INFO - Sync 1 DAGs
[2023-05-12T14:58:33.688+0000] {logging_mixin.py:137} INFO - [2023-05-12T14:58:33.688+0000] {dag.py:3444} INFO - Setting next_dagrun for example_sla_dag to 2023-05-12T14:56:00+00:00, run_after=2023-05-12T14:58:00+00:00
[2023-05-12T14:58:33.709+0000] {processor.py:175} INFO - Processing /home/airflow/.local/lib/python3.7/site-packages/airflow/example_dags/example_sla_dag.py took 0.124 seconds
[2023-05-12T14:59:04.171+0000] {processor.py:153} INFO - Started process (PID=344) to work on /home/airflow/.local/lib/python3.7/site-packages/airflow/example_dags/example_sla_dag.py
[2023-05-12T14:59:04.172+0000] {processor.py:743} INFO - Processing file /home/airflow/.local/lib/python3.7/site-packages/airflow/example_dags/example_sla_dag.py for tasks to queue
[2023-05-12T14:59:04.173+0000] {logging_mixin.py:137} INFO - [2023-05-12T14:59:04.173+0000] {dagbag.py:532} INFO - Filling up the DagBag from /home/airflow/.local/lib/python3.7/site-packages/airflow/example_dags/example_sla_dag.py
[2023-05-12T14:59:04.202+0000] {processor.py:753} INFO - DAG(s) dict_keys(['example_sla_dag']) retrieved from /home/airflow/.local/lib/python3.7/site-packages/airflow/example_dags/example_sla_dag.py
[2023-05-12T14:59:04.237+0000] {logging_mixin.py:137} INFO - [2023-05-12T14:59:04.237+0000] {dag.py:2693} INFO - Sync 1 DAGs
[2023-05-12T14:59:04.274+0000] {logging_mixin.py:137} INFO - [2023-05-12T14:59:04.273+0000] {dag.py:3444} INFO - Setting next_dagrun for example_sla_dag to 2023-05-12T14:56:00+00:00, run_after=2023-05-12T14:58:00+00:00
[2023-05-12T14:59:04.295+0000] {processor.py:175} INFO - Processing /home/airflow/.local/lib/python3.7/site-packages/airflow/example_dags/example_sla_dag.py took 0.128 seconds
[2023-05-12T14:59:34.792+0000] {processor.py:153} INFO - Started process (PID=395) to work on /home/airflow/.local/lib/python3.7/site-packages/airflow/example_dags/example_sla_dag.py
[2023-05-12T14:59:34.794+0000] {processor.py:743} INFO - Processing file /home/airflow/.local/lib/python3.7/site-packages/airflow/example_dags/example_sla_dag.py for tasks to queue
[2023-05-12T14:59:34.794+0000] {logging_mixin.py:137} INFO - [2023-05-12T14:59:34.794+0000] {dagbag.py:532} INFO - Filling up the DagBag from /home/airflow/.local/lib/python3.7/site-packages/airflow/example_dags/example_sla_dag.py
[2023-05-12T14:59:34.822+0000] {processor.py:753} INFO - DAG(s) dict_keys(['example_sla_dag']) retrieved from /home/airflow/.local/lib/python3.7/site-packages/airflow/example_dags/example_sla_dag.py
[2023-05-12T14:59:34.852+0000] {logging_mixin.py:137} INFO - [2023-05-12T14:59:34.851+0000] {dag.py:2693} INFO - Sync 1 DAGs
[2023-05-12T14:59:34.889+0000] {logging_mixin.py:137} INFO - [2023-05-12T14:59:34.889+0000] {dag.py:3444} INFO - Setting next_dagrun for example_sla_dag to 2023-05-12T14:56:00+00:00, run_after=2023-05-12T14:58:00+00:00
[2023-05-12T14:59:34.909+0000] {processor.py:175} INFO - Processing /home/airflow/.local/lib/python3.7/site-packages/airflow/example_dags/example_sla_dag.py took 0.122 seconds
[2023-05-12T15:00:06.735+0000] {processor.py:153} INFO - Started process (PID=446) to work on /home/airflow/.local/lib/python3.7/site-packages/airflow/example_dags/example_sla_dag.py
[2023-05-12T15:00:06.744+0000] {processor.py:743} INFO - Processing file /home/airflow/.local/lib/python3.7/site-packages/airflow/example_dags/example_sla_dag.py for tasks to queue
[2023-05-12T15:00:06.745+0000] {logging_mixin.py:137} INFO - [2023-05-12T15:00:06.745+0000] {dagbag.py:532} INFO - Filling up the DagBag from /home/airflow/.local/lib/python3.7/site-packages/airflow/example_dags/example_sla_dag.py
[2023-05-12T15:00:06.839+0000] {processor.py:753} INFO - DAG(s) dict_keys(['example_sla_dag']) retrieved from /home/airflow/.local/lib/python3.7/site-packages/airflow/example_dags/example_sla_dag.py
[2023-05-12T15:00:06.902+0000] {logging_mixin.py:137} INFO - [2023-05-12T15:00:06.901+0000] {dag.py:2693} INFO - Sync 1 DAGs
[2023-05-12T15:00:06.948+0000] {logging_mixin.py:137} INFO - [2023-05-12T15:00:06.948+0000] {dag.py:3444} INFO - Setting next_dagrun for example_sla_dag to 2023-05-12T14:58:00+00:00, run_after=2023-05-12T15:00:00+00:00
[2023-05-12T15:00:06.978+0000] {processor.py:175} INFO - Processing /home/airflow/.local/lib/python3.7/site-packages/airflow/example_dags/example_sla_dag.py took 0.247 seconds
[2023-05-12T15:00:37.432+0000] {processor.py:153} INFO - Started process (PID=497) to work on /home/airflow/.local/lib/python3.7/site-packages/airflow/example_dags/example_sla_dag.py
[2023-05-12T15:00:37.434+0000] {processor.py:743} INFO - Processing file /home/airflow/.local/lib/python3.7/site-packages/airflow/example_dags/example_sla_dag.py for tasks to queue
[2023-05-12T15:00:37.434+0000] {logging_mixin.py:137} INFO - [2023-05-12T15:00:37.434+0000] {dagbag.py:532} INFO - Filling up the DagBag from /home/airflow/.local/lib/python3.7/site-packages/airflow/example_dags/example_sla_dag.py
[2023-05-12T15:00:37.503+0000] {processor.py:753} INFO - DAG(s) dict_keys(['example_sla_dag']) retrieved from /home/airflow/.local/lib/python3.7/site-packages/airflow/example_dags/example_sla_dag.py
[2023-05-12T15:00:37.580+0000] {logging_mixin.py:137} INFO - [2023-05-12T15:00:37.580+0000] {dag.py:2693} INFO - Sync 1 DAGs
[2023-05-12T15:00:37.630+0000] {logging_mixin.py:137} INFO - [2023-05-12T15:00:37.630+0000] {dag.py:3444} INFO - Setting next_dagrun for example_sla_dag to 2023-05-12T14:58:00+00:00, run_after=2023-05-12T15:00:00+00:00
[2023-05-12T15:00:37.652+0000] {processor.py:175} INFO - Processing /home/airflow/.local/lib/python3.7/site-packages/airflow/example_dags/example_sla_dag.py took 0.232 seconds
[2023-05-12T15:01:08.226+0000] {processor.py:153} INFO - Started process (PID=547) to work on /home/airflow/.local/lib/python3.7/site-packages/airflow/example_dags/example_sla_dag.py
[2023-05-12T15:01:08.227+0000] {processor.py:743} INFO - Processing file /home/airflow/.local/lib/python3.7/site-packages/airflow/example_dags/example_sla_dag.py for tasks to queue
[2023-05-12T15:01:08.228+0000] {logging_mixin.py:137} INFO - [2023-05-12T15:01:08.228+0000] {dagbag.py:532} INFO - Filling up the DagBag from /home/airflow/.local/lib/python3.7/site-packages/airflow/example_dags/example_sla_dag.py
[2023-05-12T15:01:08.281+0000] {processor.py:753} INFO - DAG(s) dict_keys(['example_sla_dag']) retrieved from /home/airflow/.local/lib/python3.7/site-packages/airflow/example_dags/example_sla_dag.py
[2023-05-12T15:01:08.338+0000] {logging_mixin.py:137} INFO - [2023-05-12T15:01:08.338+0000] {dag.py:2693} INFO - Sync 1 DAGs
[2023-05-12T15:01:08.408+0000] {logging_mixin.py:137} INFO - [2023-05-12T15:01:08.404+0000] {dag.py:3444} INFO - Setting next_dagrun for example_sla_dag to 2023-05-12T14:58:00+00:00, run_after=2023-05-12T15:00:00+00:00
[2023-05-12T15:01:08.453+0000] {processor.py:175} INFO - Processing /home/airflow/.local/lib/python3.7/site-packages/airflow/example_dags/example_sla_dag.py took 0.230 seconds
[2023-05-12T15:01:39.018+0000] {processor.py:153} INFO - Started process (PID=598) to work on /home/airflow/.local/lib/python3.7/site-packages/airflow/example_dags/example_sla_dag.py
[2023-05-12T15:01:39.019+0000] {processor.py:743} INFO - Processing file /home/airflow/.local/lib/python3.7/site-packages/airflow/example_dags/example_sla_dag.py for tasks to queue
[2023-05-12T15:01:39.020+0000] {logging_mixin.py:137} INFO - [2023-05-12T15:01:39.020+0000] {dagbag.py:532} INFO - Filling up the DagBag from /home/airflow/.local/lib/python3.7/site-packages/airflow/example_dags/example_sla_dag.py
[2023-05-12T15:01:39.048+0000] {processor.py:753} INFO - DAG(s) dict_keys(['example_sla_dag']) retrieved from /home/airflow/.local/lib/python3.7/site-packages/airflow/example_dags/example_sla_dag.py
[2023-05-12T15:01:39.080+0000] {logging_mixin.py:137} INFO - [2023-05-12T15:01:39.080+0000] {dag.py:2693} INFO - Sync 1 DAGs
[2023-05-12T15:01:39.117+0000] {logging_mixin.py:137} INFO - [2023-05-12T15:01:39.117+0000] {dag.py:3444} INFO - Setting next_dagrun for example_sla_dag to 2023-05-12T14:58:00+00:00, run_after=2023-05-12T15:00:00+00:00
[2023-05-12T15:01:39.137+0000] {processor.py:175} INFO - Processing /home/airflow/.local/lib/python3.7/site-packages/airflow/example_dags/example_sla_dag.py took 0.123 seconds
[2023-05-12T15:02:09.287+0000] {processor.py:153} INFO - Started process (PID=648) to work on /home/airflow/.local/lib/python3.7/site-packages/airflow/example_dags/example_sla_dag.py
[2023-05-12T15:02:09.288+0000] {processor.py:743} INFO - Processing file /home/airflow/.local/lib/python3.7/site-packages/airflow/example_dags/example_sla_dag.py for tasks to queue
[2023-05-12T15:02:09.289+0000] {logging_mixin.py:137} INFO - [2023-05-12T15:02:09.289+0000] {dagbag.py:532} INFO - Filling up the DagBag from /home/airflow/.local/lib/python3.7/site-packages/airflow/example_dags/example_sla_dag.py
[2023-05-12T15:02:09.318+0000] {processor.py:753} INFO - DAG(s) dict_keys(['example_sla_dag']) retrieved from /home/airflow/.local/lib/python3.7/site-packages/airflow/example_dags/example_sla_dag.py
[2023-05-12T15:02:09.351+0000] {logging_mixin.py:137} INFO - [2023-05-12T15:02:09.351+0000] {dag.py:2693} INFO - Sync 1 DAGs
[2023-05-12T15:02:09.391+0000] {logging_mixin.py:137} INFO - [2023-05-12T15:02:09.391+0000] {dag.py:3444} INFO - Setting next_dagrun for example_sla_dag to 2023-05-12T15:00:00+00:00, run_after=2023-05-12T15:02:00+00:00
[2023-05-12T15:02:09.412+0000] {processor.py:175} INFO - Processing /home/airflow/.local/lib/python3.7/site-packages/airflow/example_dags/example_sla_dag.py took 0.129 seconds
[2023-05-12T15:02:40.248+0000] {processor.py:153} INFO - Started process (PID=705) to work on /home/airflow/.local/lib/python3.7/site-packages/airflow/example_dags/example_sla_dag.py
[2023-05-12T15:02:40.249+0000] {processor.py:743} INFO - Processing file /home/airflow/.local/lib/python3.7/site-packages/airflow/example_dags/example_sla_dag.py for tasks to queue
[2023-05-12T15:02:40.250+0000] {logging_mixin.py:137} INFO - [2023-05-12T15:02:40.250+0000] {dagbag.py:532} INFO - Filling up the DagBag from /home/airflow/.local/lib/python3.7/site-packages/airflow/example_dags/example_sla_dag.py
[2023-05-12T15:02:40.282+0000] {processor.py:753} INFO - DAG(s) dict_keys(['example_sla_dag']) retrieved from /home/airflow/.local/lib/python3.7/site-packages/airflow/example_dags/example_sla_dag.py
[2023-05-12T15:02:40.321+0000] {logging_mixin.py:137} INFO - [2023-05-12T15:02:40.321+0000] {dag.py:2693} INFO - Sync 1 DAGs
[2023-05-12T15:02:40.358+0000] {logging_mixin.py:137} INFO - [2023-05-12T15:02:40.357+0000] {dag.py:3444} INFO - Setting next_dagrun for example_sla_dag to 2023-05-12T15:00:00+00:00, run_after=2023-05-12T15:02:00+00:00
[2023-05-12T15:02:40.386+0000] {processor.py:175} INFO - Processing /home/airflow/.local/lib/python3.7/site-packages/airflow/example_dags/example_sla_dag.py took 0.142 seconds
[2023-05-12T15:03:11.053+0000] {processor.py:153} INFO - Started process (PID=756) to work on /home/airflow/.local/lib/python3.7/site-packages/airflow/example_dags/example_sla_dag.py
[2023-05-12T15:03:11.054+0000] {processor.py:743} INFO - Processing file /home/airflow/.local/lib/python3.7/site-packages/airflow/example_dags/example_sla_dag.py for tasks to queue
[2023-05-12T15:03:11.054+0000] {logging_mixin.py:137} INFO - [2023-05-12T15:03:11.054+0000] {dagbag.py:532} INFO - Filling up the DagBag from /home/airflow/.local/lib/python3.7/site-packages/airflow/example_dags/example_sla_dag.py
[2023-05-12T15:03:11.083+0000] {processor.py:753} INFO - DAG(s) dict_keys(['example_sla_dag']) retrieved from /home/airflow/.local/lib/python3.7/site-packages/airflow/example_dags/example_sla_dag.py
[2023-05-12T15:03:11.115+0000] {logging_mixin.py:137} INFO - [2023-05-12T15:03:11.115+0000] {dag.py:2693} INFO - Sync 1 DAGs
[2023-05-12T15:03:11.153+0000] {logging_mixin.py:137} INFO - [2023-05-12T15:03:11.153+0000] {dag.py:3444} INFO - Setting next_dagrun for example_sla_dag to 2023-05-12T15:00:00+00:00, run_after=2023-05-12T15:02:00+00:00
[2023-05-12T15:03:11.173+0000] {processor.py:175} INFO - Processing /home/airflow/.local/lib/python3.7/site-packages/airflow/example_dags/example_sla_dag.py took 0.124 seconds
[2023-05-12T15:03:41.702+0000] {processor.py:153} INFO - Started process (PID=807) to work on /home/airflow/.local/lib/python3.7/site-packages/airflow/example_dags/example_sla_dag.py
[2023-05-12T15:03:41.703+0000] {processor.py:743} INFO - Processing file /home/airflow/.local/lib/python3.7/site-packages/airflow/example_dags/example_sla_dag.py for tasks to queue
[2023-05-12T15:03:41.704+0000] {logging_mixin.py:137} INFO - [2023-05-12T15:03:41.703+0000] {dagbag.py:532} INFO - Filling up the DagBag from /home/airflow/.local/lib/python3.7/site-packages/airflow/example_dags/example_sla_dag.py
[2023-05-12T15:03:41.733+0000] {processor.py:753} INFO - DAG(s) dict_keys(['example_sla_dag']) retrieved from /home/airflow/.local/lib/python3.7/site-packages/airflow/example_dags/example_sla_dag.py
[2023-05-12T15:03:41.762+0000] {logging_mixin.py:137} INFO - [2023-05-12T15:03:41.762+0000] {dag.py:2693} INFO - Sync 1 DAGs
[2023-05-12T15:03:41.800+0000] {logging_mixin.py:137} INFO - [2023-05-12T15:03:41.800+0000] {dag.py:3444} INFO - Setting next_dagrun for example_sla_dag to 2023-05-12T15:00:00+00:00, run_after=2023-05-12T15:02:00+00:00
[2023-05-12T15:03:41.821+0000] {processor.py:175} INFO - Processing /home/airflow/.local/lib/python3.7/site-packages/airflow/example_dags/example_sla_dag.py took 0.123 seconds
[2023-05-12T15:04:12.271+0000] {processor.py:153} INFO - Started process (PID=858) to work on /home/airflow/.local/lib/python3.7/site-packages/airflow/example_dags/example_sla_dag.py
[2023-05-12T15:04:12.272+0000] {processor.py:743} INFO - Processing file /home/airflow/.local/lib/python3.7/site-packages/airflow/example_dags/example_sla_dag.py for tasks to queue
[2023-05-12T15:04:12.273+0000] {logging_mixin.py:137} INFO - [2023-05-12T15:04:12.273+0000] {dagbag.py:532} INFO - Filling up the DagBag from /home/airflow/.local/lib/python3.7/site-packages/airflow/example_dags/example_sla_dag.py
[2023-05-12T15:04:12.302+0000] {processor.py:753} INFO - DAG(s) dict_keys(['example_sla_dag']) retrieved from /home/airflow/.local/lib/python3.7/site-packages/airflow/example_dags/example_sla_dag.py
[2023-05-12T15:04:12.335+0000] {logging_mixin.py:137} INFO - [2023-05-12T15:04:12.335+0000] {dag.py:2693} INFO - Sync 1 DAGs
[2023-05-12T15:04:12.372+0000] {logging_mixin.py:137} INFO - [2023-05-12T15:04:12.372+0000] {dag.py:3444} INFO - Setting next_dagrun for example_sla_dag to 2023-05-12T15:02:00+00:00, run_after=2023-05-12T15:04:00+00:00
[2023-05-12T15:04:12.393+0000] {processor.py:175} INFO - Processing /home/airflow/.local/lib/python3.7/site-packages/airflow/example_dags/example_sla_dag.py took 0.126 seconds
[2023-05-12T15:04:42.802+0000] {processor.py:153} INFO - Started process (PID=909) to work on /home/airflow/.local/lib/python3.7/site-packages/airflow/example_dags/example_sla_dag.py
[2023-05-12T15:04:42.803+0000] {processor.py:743} INFO - Processing file /home/airflow/.local/lib/python3.7/site-packages/airflow/example_dags/example_sla_dag.py for tasks to queue
[2023-05-12T15:04:42.804+0000] {logging_mixin.py:137} INFO - [2023-05-12T15:04:42.804+0000] {dagbag.py:532} INFO - Filling up the DagBag from /home/airflow/.local/lib/python3.7/site-packages/airflow/example_dags/example_sla_dag.py
[2023-05-12T15:04:42.836+0000] {processor.py:753} INFO - DAG(s) dict_keys(['example_sla_dag']) retrieved from /home/airflow/.local/lib/python3.7/site-packages/airflow/example_dags/example_sla_dag.py
[2023-05-12T15:04:42.867+0000] {logging_mixin.py:137} INFO - [2023-05-12T15:04:42.867+0000] {dag.py:2693} INFO - Sync 1 DAGs
[2023-05-12T15:04:42.907+0000] {logging_mixin.py:137} INFO - [2023-05-12T15:04:42.907+0000] {dag.py:3444} INFO - Setting next_dagrun for example_sla_dag to 2023-05-12T15:02:00+00:00, run_after=2023-05-12T15:04:00+00:00
[2023-05-12T15:04:42.930+0000] {processor.py:175} INFO - Processing /home/airflow/.local/lib/python3.7/site-packages/airflow/example_dags/example_sla_dag.py took 0.135 seconds
[2023-05-12T15:05:13.253+0000] {processor.py:153} INFO - Started process (PID=960) to work on /home/airflow/.local/lib/python3.7/site-packages/airflow/example_dags/example_sla_dag.py
[2023-05-12T15:05:13.254+0000] {processor.py:743} INFO - Processing file /home/airflow/.local/lib/python3.7/site-packages/airflow/example_dags/example_sla_dag.py for tasks to queue
[2023-05-12T15:05:13.255+0000] {logging_mixin.py:137} INFO - [2023-05-12T15:05:13.255+0000] {dagbag.py:532} INFO - Filling up the DagBag from /home/airflow/.local/lib/python3.7/site-packages/airflow/example_dags/example_sla_dag.py
[2023-05-12T15:05:13.284+0000] {processor.py:753} INFO - DAG(s) dict_keys(['example_sla_dag']) retrieved from /home/airflow/.local/lib/python3.7/site-packages/airflow/example_dags/example_sla_dag.py
[2023-05-12T15:05:13.314+0000] {logging_mixin.py:137} INFO - [2023-05-12T15:05:13.314+0000] {dag.py:2693} INFO - Sync 1 DAGs
[2023-05-12T15:05:13.351+0000] {logging_mixin.py:137} INFO - [2023-05-12T15:05:13.351+0000] {dag.py:3444} INFO - Setting next_dagrun for example_sla_dag to 2023-05-12T15:02:00+00:00, run_after=2023-05-12T15:04:00+00:00
[2023-05-12T15:05:13.383+0000] {processor.py:175} INFO - Processing /home/airflow/.local/lib/python3.7/site-packages/airflow/example_dags/example_sla_dag.py took 0.134 seconds
