[2023-05-12T14:56:05.390+0000] {processor.py:153} INFO - Started process (PID=67) to work on /home/airflow/.local/lib/python3.7/site-packages/airflow/example_dags/example_sensor_decorator.py
[2023-05-12T14:56:05.391+0000] {processor.py:743} INFO - Processing file /home/airflow/.local/lib/python3.7/site-packages/airflow/example_dags/example_sensor_decorator.py for tasks to queue
[2023-05-12T14:56:05.391+0000] {logging_mixin.py:137} INFO - [2023-05-12T14:56:05.391+0000] {dagbag.py:532} INFO - Filling up the DagBag from /home/airflow/.local/lib/python3.7/site-packages/airflow/example_dags/example_sensor_decorator.py
[2023-05-12T14:56:05.420+0000] {processor.py:753} INFO - DAG(s) dict_keys(['example_sensor_decorator']) retrieved from /home/airflow/.local/lib/python3.7/site-packages/airflow/example_dags/example_sensor_decorator.py
[2023-05-12T14:56:05.452+0000] {logging_mixin.py:137} INFO - [2023-05-12T14:56:05.451+0000] {dag.py:2693} INFO - Sync 1 DAGs
[2023-05-12T14:56:05.525+0000] {logging_mixin.py:137} INFO - [2023-05-12T14:56:05.524+0000] {dag.py:3444} INFO - Setting next_dagrun for example_sensor_decorator to None, run_after=None
[2023-05-12T14:56:05.565+0000] {processor.py:175} INFO - Processing /home/airflow/.local/lib/python3.7/site-packages/airflow/example_dags/example_sensor_decorator.py took 0.180 seconds
[2023-05-12T14:56:35.608+0000] {processor.py:153} INFO - Started process (PID=118) to work on /home/airflow/.local/lib/python3.7/site-packages/airflow/example_dags/example_sensor_decorator.py
[2023-05-12T14:56:35.609+0000] {processor.py:743} INFO - Processing file /home/airflow/.local/lib/python3.7/site-packages/airflow/example_dags/example_sensor_decorator.py for tasks to queue
[2023-05-12T14:56:35.610+0000] {logging_mixin.py:137} INFO - [2023-05-12T14:56:35.610+0000] {dagbag.py:532} INFO - Filling up the DagBag from /home/airflow/.local/lib/python3.7/site-packages/airflow/example_dags/example_sensor_decorator.py
[2023-05-12T14:56:35.637+0000] {processor.py:753} INFO - DAG(s) dict_keys(['example_sensor_decorator']) retrieved from /home/airflow/.local/lib/python3.7/site-packages/airflow/example_dags/example_sensor_decorator.py
[2023-05-12T14:56:35.668+0000] {logging_mixin.py:137} INFO - [2023-05-12T14:56:35.668+0000] {dag.py:2693} INFO - Sync 1 DAGs
[2023-05-12T14:56:35.700+0000] {logging_mixin.py:137} INFO - [2023-05-12T14:56:35.700+0000] {dag.py:3444} INFO - Setting next_dagrun for example_sensor_decorator to None, run_after=None
[2023-05-12T14:56:35.722+0000] {processor.py:175} INFO - Processing /home/airflow/.local/lib/python3.7/site-packages/airflow/example_dags/example_sensor_decorator.py took 0.118 seconds
[2023-05-12T14:57:06.262+0000] {processor.py:153} INFO - Started process (PID=169) to work on /home/airflow/.local/lib/python3.7/site-packages/airflow/example_dags/example_sensor_decorator.py
[2023-05-12T14:57:06.263+0000] {processor.py:743} INFO - Processing file /home/airflow/.local/lib/python3.7/site-packages/airflow/example_dags/example_sensor_decorator.py for tasks to queue
[2023-05-12T14:57:06.264+0000] {logging_mixin.py:137} INFO - [2023-05-12T14:57:06.264+0000] {dagbag.py:532} INFO - Filling up the DagBag from /home/airflow/.local/lib/python3.7/site-packages/airflow/example_dags/example_sensor_decorator.py
[2023-05-12T14:57:06.292+0000] {processor.py:753} INFO - DAG(s) dict_keys(['example_sensor_decorator']) retrieved from /home/airflow/.local/lib/python3.7/site-packages/airflow/example_dags/example_sensor_decorator.py
[2023-05-12T14:57:06.320+0000] {logging_mixin.py:137} INFO - [2023-05-12T14:57:06.320+0000] {dag.py:2693} INFO - Sync 1 DAGs
[2023-05-12T14:57:06.351+0000] {logging_mixin.py:137} INFO - [2023-05-12T14:57:06.350+0000] {dag.py:3444} INFO - Setting next_dagrun for example_sensor_decorator to None, run_after=None
[2023-05-12T14:57:06.371+0000] {processor.py:175} INFO - Processing /home/airflow/.local/lib/python3.7/site-packages/airflow/example_dags/example_sensor_decorator.py took 0.113 seconds
[2023-05-12T14:57:36.751+0000] {processor.py:153} INFO - Started process (PID=221) to work on /home/airflow/.local/lib/python3.7/site-packages/airflow/example_dags/example_sensor_decorator.py
[2023-05-12T14:57:36.752+0000] {processor.py:743} INFO - Processing file /home/airflow/.local/lib/python3.7/site-packages/airflow/example_dags/example_sensor_decorator.py for tasks to queue
[2023-05-12T14:57:36.753+0000] {logging_mixin.py:137} INFO - [2023-05-12T14:57:36.753+0000] {dagbag.py:532} INFO - Filling up the DagBag from /home/airflow/.local/lib/python3.7/site-packages/airflow/example_dags/example_sensor_decorator.py
[2023-05-12T14:57:36.784+0000] {processor.py:753} INFO - DAG(s) dict_keys(['example_sensor_decorator']) retrieved from /home/airflow/.local/lib/python3.7/site-packages/airflow/example_dags/example_sensor_decorator.py
[2023-05-12T14:57:36.819+0000] {logging_mixin.py:137} INFO - [2023-05-12T14:57:36.819+0000] {dag.py:2693} INFO - Sync 1 DAGs
[2023-05-12T14:57:36.852+0000] {logging_mixin.py:137} INFO - [2023-05-12T14:57:36.852+0000] {dag.py:3444} INFO - Setting next_dagrun for example_sensor_decorator to None, run_after=None
[2023-05-12T14:57:36.874+0000] {processor.py:175} INFO - Processing /home/airflow/.local/lib/python3.7/site-packages/airflow/example_dags/example_sensor_decorator.py took 0.127 seconds
[2023-05-12T14:58:07.295+0000] {processor.py:153} INFO - Started process (PID=272) to work on /home/airflow/.local/lib/python3.7/site-packages/airflow/example_dags/example_sensor_decorator.py
[2023-05-12T14:58:07.298+0000] {processor.py:743} INFO - Processing file /home/airflow/.local/lib/python3.7/site-packages/airflow/example_dags/example_sensor_decorator.py for tasks to queue
[2023-05-12T14:58:07.298+0000] {logging_mixin.py:137} INFO - [2023-05-12T14:58:07.298+0000] {dagbag.py:532} INFO - Filling up the DagBag from /home/airflow/.local/lib/python3.7/site-packages/airflow/example_dags/example_sensor_decorator.py
[2023-05-12T14:58:07.326+0000] {processor.py:753} INFO - DAG(s) dict_keys(['example_sensor_decorator']) retrieved from /home/airflow/.local/lib/python3.7/site-packages/airflow/example_dags/example_sensor_decorator.py
[2023-05-12T14:58:07.355+0000] {logging_mixin.py:137} INFO - [2023-05-12T14:58:07.354+0000] {dag.py:2693} INFO - Sync 1 DAGs
[2023-05-12T14:58:07.390+0000] {logging_mixin.py:137} INFO - [2023-05-12T14:58:07.390+0000] {dag.py:3444} INFO - Setting next_dagrun for example_sensor_decorator to None, run_after=None
[2023-05-12T14:58:07.412+0000] {processor.py:175} INFO - Processing /home/airflow/.local/lib/python3.7/site-packages/airflow/example_dags/example_sensor_decorator.py took 0.121 seconds
[2023-05-12T14:58:37.781+0000] {processor.py:153} INFO - Started process (PID=322) to work on /home/airflow/.local/lib/python3.7/site-packages/airflow/example_dags/example_sensor_decorator.py
[2023-05-12T14:58:37.782+0000] {processor.py:743} INFO - Processing file /home/airflow/.local/lib/python3.7/site-packages/airflow/example_dags/example_sensor_decorator.py for tasks to queue
[2023-05-12T14:58:37.783+0000] {logging_mixin.py:137} INFO - [2023-05-12T14:58:37.783+0000] {dagbag.py:532} INFO - Filling up the DagBag from /home/airflow/.local/lib/python3.7/site-packages/airflow/example_dags/example_sensor_decorator.py
[2023-05-12T14:58:37.812+0000] {processor.py:753} INFO - DAG(s) dict_keys(['example_sensor_decorator']) retrieved from /home/airflow/.local/lib/python3.7/site-packages/airflow/example_dags/example_sensor_decorator.py
[2023-05-12T14:58:37.841+0000] {logging_mixin.py:137} INFO - [2023-05-12T14:58:37.841+0000] {dag.py:2693} INFO - Sync 1 DAGs
[2023-05-12T14:58:37.874+0000] {logging_mixin.py:137} INFO - [2023-05-12T14:58:37.873+0000] {dag.py:3444} INFO - Setting next_dagrun for example_sensor_decorator to None, run_after=None
[2023-05-12T14:58:37.895+0000] {processor.py:175} INFO - Processing /home/airflow/.local/lib/python3.7/site-packages/airflow/example_dags/example_sensor_decorator.py took 0.118 seconds
[2023-05-12T14:59:08.476+0000] {processor.py:153} INFO - Started process (PID=372) to work on /home/airflow/.local/lib/python3.7/site-packages/airflow/example_dags/example_sensor_decorator.py
[2023-05-12T14:59:08.480+0000] {processor.py:743} INFO - Processing file /home/airflow/.local/lib/python3.7/site-packages/airflow/example_dags/example_sensor_decorator.py for tasks to queue
[2023-05-12T14:59:08.481+0000] {logging_mixin.py:137} INFO - [2023-05-12T14:59:08.481+0000] {dagbag.py:532} INFO - Filling up the DagBag from /home/airflow/.local/lib/python3.7/site-packages/airflow/example_dags/example_sensor_decorator.py
[2023-05-12T14:59:08.509+0000] {processor.py:753} INFO - DAG(s) dict_keys(['example_sensor_decorator']) retrieved from /home/airflow/.local/lib/python3.7/site-packages/airflow/example_dags/example_sensor_decorator.py
[2023-05-12T14:59:08.545+0000] {logging_mixin.py:137} INFO - [2023-05-12T14:59:08.544+0000] {dag.py:2693} INFO - Sync 1 DAGs
[2023-05-12T14:59:08.578+0000] {logging_mixin.py:137} INFO - [2023-05-12T14:59:08.578+0000] {dag.py:3444} INFO - Setting next_dagrun for example_sensor_decorator to None, run_after=None
[2023-05-12T14:59:08.600+0000] {processor.py:175} INFO - Processing /home/airflow/.local/lib/python3.7/site-packages/airflow/example_dags/example_sensor_decorator.py took 0.138 seconds
[2023-05-12T14:59:39.119+0000] {processor.py:153} INFO - Started process (PID=423) to work on /home/airflow/.local/lib/python3.7/site-packages/airflow/example_dags/example_sensor_decorator.py
[2023-05-12T14:59:39.120+0000] {processor.py:743} INFO - Processing file /home/airflow/.local/lib/python3.7/site-packages/airflow/example_dags/example_sensor_decorator.py for tasks to queue
[2023-05-12T14:59:39.121+0000] {logging_mixin.py:137} INFO - [2023-05-12T14:59:39.121+0000] {dagbag.py:532} INFO - Filling up the DagBag from /home/airflow/.local/lib/python3.7/site-packages/airflow/example_dags/example_sensor_decorator.py
[2023-05-12T14:59:39.151+0000] {processor.py:753} INFO - DAG(s) dict_keys(['example_sensor_decorator']) retrieved from /home/airflow/.local/lib/python3.7/site-packages/airflow/example_dags/example_sensor_decorator.py
[2023-05-12T14:59:39.182+0000] {logging_mixin.py:137} INFO - [2023-05-12T14:59:39.181+0000] {dag.py:2693} INFO - Sync 1 DAGs
[2023-05-12T14:59:39.216+0000] {logging_mixin.py:137} INFO - [2023-05-12T14:59:39.215+0000] {dag.py:3444} INFO - Setting next_dagrun for example_sensor_decorator to None, run_after=None
[2023-05-12T14:59:39.237+0000] {processor.py:175} INFO - Processing /home/airflow/.local/lib/python3.7/site-packages/airflow/example_dags/example_sensor_decorator.py took 0.122 seconds
[2023-05-12T15:00:10.489+0000] {processor.py:153} INFO - Started process (PID=481) to work on /home/airflow/.local/lib/python3.7/site-packages/airflow/example_dags/example_sensor_decorator.py
[2023-05-12T15:00:10.495+0000] {processor.py:743} INFO - Processing file /home/airflow/.local/lib/python3.7/site-packages/airflow/example_dags/example_sensor_decorator.py for tasks to queue
[2023-05-12T15:00:10.496+0000] {logging_mixin.py:137} INFO - [2023-05-12T15:00:10.496+0000] {dagbag.py:532} INFO - Filling up the DagBag from /home/airflow/.local/lib/python3.7/site-packages/airflow/example_dags/example_sensor_decorator.py
[2023-05-12T15:00:10.555+0000] {processor.py:753} INFO - DAG(s) dict_keys(['example_sensor_decorator']) retrieved from /home/airflow/.local/lib/python3.7/site-packages/airflow/example_dags/example_sensor_decorator.py
[2023-05-12T15:00:10.620+0000] {logging_mixin.py:137} INFO - [2023-05-12T15:00:10.620+0000] {dag.py:2693} INFO - Sync 1 DAGs
[2023-05-12T15:00:10.709+0000] {logging_mixin.py:137} INFO - [2023-05-12T15:00:10.709+0000] {dag.py:3444} INFO - Setting next_dagrun for example_sensor_decorator to None, run_after=None
[2023-05-12T15:00:10.777+0000] {processor.py:175} INFO - Processing /home/airflow/.local/lib/python3.7/site-packages/airflow/example_dags/example_sensor_decorator.py took 0.300 seconds
[2023-05-12T15:00:41.498+0000] {processor.py:153} INFO - Started process (PID=531) to work on /home/airflow/.local/lib/python3.7/site-packages/airflow/example_dags/example_sensor_decorator.py
[2023-05-12T15:00:41.499+0000] {processor.py:743} INFO - Processing file /home/airflow/.local/lib/python3.7/site-packages/airflow/example_dags/example_sensor_decorator.py for tasks to queue
[2023-05-12T15:00:41.500+0000] {logging_mixin.py:137} INFO - [2023-05-12T15:00:41.499+0000] {dagbag.py:532} INFO - Filling up the DagBag from /home/airflow/.local/lib/python3.7/site-packages/airflow/example_dags/example_sensor_decorator.py
[2023-05-12T15:00:41.527+0000] {processor.py:753} INFO - DAG(s) dict_keys(['example_sensor_decorator']) retrieved from /home/airflow/.local/lib/python3.7/site-packages/airflow/example_dags/example_sensor_decorator.py
[2023-05-12T15:00:41.586+0000] {logging_mixin.py:137} INFO - [2023-05-12T15:00:41.586+0000] {dag.py:2693} INFO - Sync 1 DAGs
[2023-05-12T15:00:41.633+0000] {logging_mixin.py:137} INFO - [2023-05-12T15:00:41.633+0000] {dag.py:3444} INFO - Setting next_dagrun for example_sensor_decorator to None, run_after=None
[2023-05-12T15:00:41.654+0000] {processor.py:175} INFO - Processing /home/airflow/.local/lib/python3.7/site-packages/airflow/example_dags/example_sensor_decorator.py took 0.162 seconds
[2023-05-12T15:01:12.200+0000] {processor.py:153} INFO - Started process (PID=582) to work on /home/airflow/.local/lib/python3.7/site-packages/airflow/example_dags/example_sensor_decorator.py
[2023-05-12T15:01:12.201+0000] {processor.py:743} INFO - Processing file /home/airflow/.local/lib/python3.7/site-packages/airflow/example_dags/example_sensor_decorator.py for tasks to queue
[2023-05-12T15:01:12.201+0000] {logging_mixin.py:137} INFO - [2023-05-12T15:01:12.201+0000] {dagbag.py:532} INFO - Filling up the DagBag from /home/airflow/.local/lib/python3.7/site-packages/airflow/example_dags/example_sensor_decorator.py
[2023-05-12T15:01:12.249+0000] {processor.py:753} INFO - DAG(s) dict_keys(['example_sensor_decorator']) retrieved from /home/airflow/.local/lib/python3.7/site-packages/airflow/example_dags/example_sensor_decorator.py
[2023-05-12T15:01:12.300+0000] {logging_mixin.py:137} INFO - [2023-05-12T15:01:12.300+0000] {dag.py:2693} INFO - Sync 1 DAGs
[2023-05-12T15:01:12.334+0000] {logging_mixin.py:137} INFO - [2023-05-12T15:01:12.333+0000] {dag.py:3444} INFO - Setting next_dagrun for example_sensor_decorator to None, run_after=None
[2023-05-12T15:01:12.364+0000] {processor.py:175} INFO - Processing /home/airflow/.local/lib/python3.7/site-packages/airflow/example_dags/example_sensor_decorator.py took 0.172 seconds
[2023-05-12T15:01:43.378+0000] {processor.py:153} INFO - Started process (PID=632) to work on /home/airflow/.local/lib/python3.7/site-packages/airflow/example_dags/example_sensor_decorator.py
[2023-05-12T15:01:43.384+0000] {processor.py:743} INFO - Processing file /home/airflow/.local/lib/python3.7/site-packages/airflow/example_dags/example_sensor_decorator.py for tasks to queue
[2023-05-12T15:01:43.384+0000] {logging_mixin.py:137} INFO - [2023-05-12T15:01:43.384+0000] {dagbag.py:532} INFO - Filling up the DagBag from /home/airflow/.local/lib/python3.7/site-packages/airflow/example_dags/example_sensor_decorator.py
[2023-05-12T15:01:43.434+0000] {processor.py:753} INFO - DAG(s) dict_keys(['example_sensor_decorator']) retrieved from /home/airflow/.local/lib/python3.7/site-packages/airflow/example_dags/example_sensor_decorator.py
[2023-05-12T15:01:43.536+0000] {logging_mixin.py:137} INFO - [2023-05-12T15:01:43.535+0000] {dag.py:2693} INFO - Sync 1 DAGs
[2023-05-12T15:01:43.611+0000] {logging_mixin.py:137} INFO - [2023-05-12T15:01:43.611+0000] {dag.py:3444} INFO - Setting next_dagrun for example_sensor_decorator to None, run_after=None
[2023-05-12T15:01:43.643+0000] {processor.py:175} INFO - Processing /home/airflow/.local/lib/python3.7/site-packages/airflow/example_dags/example_sensor_decorator.py took 0.269 seconds
[2023-05-12T15:02:13.730+0000] {processor.py:153} INFO - Started process (PID=684) to work on /home/airflow/.local/lib/python3.7/site-packages/airflow/example_dags/example_sensor_decorator.py
[2023-05-12T15:02:13.731+0000] {processor.py:743} INFO - Processing file /home/airflow/.local/lib/python3.7/site-packages/airflow/example_dags/example_sensor_decorator.py for tasks to queue
[2023-05-12T15:02:13.732+0000] {logging_mixin.py:137} INFO - [2023-05-12T15:02:13.732+0000] {dagbag.py:532} INFO - Filling up the DagBag from /home/airflow/.local/lib/python3.7/site-packages/airflow/example_dags/example_sensor_decorator.py
[2023-05-12T15:02:13.759+0000] {processor.py:753} INFO - DAG(s) dict_keys(['example_sensor_decorator']) retrieved from /home/airflow/.local/lib/python3.7/site-packages/airflow/example_dags/example_sensor_decorator.py
[2023-05-12T15:02:13.789+0000] {logging_mixin.py:137} INFO - [2023-05-12T15:02:13.788+0000] {dag.py:2693} INFO - Sync 1 DAGs
[2023-05-12T15:02:13.820+0000] {logging_mixin.py:137} INFO - [2023-05-12T15:02:13.820+0000] {dag.py:3444} INFO - Setting next_dagrun for example_sensor_decorator to None, run_after=None
[2023-05-12T15:02:13.842+0000] {processor.py:175} INFO - Processing /home/airflow/.local/lib/python3.7/site-packages/airflow/example_dags/example_sensor_decorator.py took 0.115 seconds
[2023-05-12T15:02:44.543+0000] {processor.py:153} INFO - Started process (PID=733) to work on /home/airflow/.local/lib/python3.7/site-packages/airflow/example_dags/example_sensor_decorator.py
[2023-05-12T15:02:44.544+0000] {processor.py:743} INFO - Processing file /home/airflow/.local/lib/python3.7/site-packages/airflow/example_dags/example_sensor_decorator.py for tasks to queue
[2023-05-12T15:02:44.545+0000] {logging_mixin.py:137} INFO - [2023-05-12T15:02:44.545+0000] {dagbag.py:532} INFO - Filling up the DagBag from /home/airflow/.local/lib/python3.7/site-packages/airflow/example_dags/example_sensor_decorator.py
[2023-05-12T15:02:44.588+0000] {processor.py:753} INFO - DAG(s) dict_keys(['example_sensor_decorator']) retrieved from /home/airflow/.local/lib/python3.7/site-packages/airflow/example_dags/example_sensor_decorator.py
[2023-05-12T15:02:44.621+0000] {logging_mixin.py:137} INFO - [2023-05-12T15:02:44.621+0000] {dag.py:2693} INFO - Sync 1 DAGs
[2023-05-12T15:02:44.654+0000] {logging_mixin.py:137} INFO - [2023-05-12T15:02:44.654+0000] {dag.py:3444} INFO - Setting next_dagrun for example_sensor_decorator to None, run_after=None
[2023-05-12T15:02:44.676+0000] {processor.py:175} INFO - Processing /home/airflow/.local/lib/python3.7/site-packages/airflow/example_dags/example_sensor_decorator.py took 0.139 seconds
[2023-05-12T15:03:15.314+0000] {processor.py:153} INFO - Started process (PID=784) to work on /home/airflow/.local/lib/python3.7/site-packages/airflow/example_dags/example_sensor_decorator.py
[2023-05-12T15:03:15.316+0000] {processor.py:743} INFO - Processing file /home/airflow/.local/lib/python3.7/site-packages/airflow/example_dags/example_sensor_decorator.py for tasks to queue
[2023-05-12T15:03:15.317+0000] {logging_mixin.py:137} INFO - [2023-05-12T15:03:15.317+0000] {dagbag.py:532} INFO - Filling up the DagBag from /home/airflow/.local/lib/python3.7/site-packages/airflow/example_dags/example_sensor_decorator.py
[2023-05-12T15:03:15.349+0000] {processor.py:753} INFO - DAG(s) dict_keys(['example_sensor_decorator']) retrieved from /home/airflow/.local/lib/python3.7/site-packages/airflow/example_dags/example_sensor_decorator.py
[2023-05-12T15:03:15.378+0000] {logging_mixin.py:137} INFO - [2023-05-12T15:03:15.378+0000] {dag.py:2693} INFO - Sync 1 DAGs
[2023-05-12T15:03:15.413+0000] {logging_mixin.py:137} INFO - [2023-05-12T15:03:15.413+0000] {dag.py:3444} INFO - Setting next_dagrun for example_sensor_decorator to None, run_after=None
[2023-05-12T15:03:15.441+0000] {processor.py:175} INFO - Processing /home/airflow/.local/lib/python3.7/site-packages/airflow/example_dags/example_sensor_decorator.py took 0.131 seconds
[2023-05-12T15:03:45.862+0000] {processor.py:153} INFO - Started process (PID=835) to work on /home/airflow/.local/lib/python3.7/site-packages/airflow/example_dags/example_sensor_decorator.py
[2023-05-12T15:03:45.862+0000] {processor.py:743} INFO - Processing file /home/airflow/.local/lib/python3.7/site-packages/airflow/example_dags/example_sensor_decorator.py for tasks to queue
[2023-05-12T15:03:45.863+0000] {logging_mixin.py:137} INFO - [2023-05-12T15:03:45.863+0000] {dagbag.py:532} INFO - Filling up the DagBag from /home/airflow/.local/lib/python3.7/site-packages/airflow/example_dags/example_sensor_decorator.py
[2023-05-12T15:03:45.891+0000] {processor.py:753} INFO - DAG(s) dict_keys(['example_sensor_decorator']) retrieved from /home/airflow/.local/lib/python3.7/site-packages/airflow/example_dags/example_sensor_decorator.py
[2023-05-12T15:03:45.920+0000] {logging_mixin.py:137} INFO - [2023-05-12T15:03:45.920+0000] {dag.py:2693} INFO - Sync 1 DAGs
[2023-05-12T15:03:45.963+0000] {logging_mixin.py:137} INFO - [2023-05-12T15:03:45.963+0000] {dag.py:3444} INFO - Setting next_dagrun for example_sensor_decorator to None, run_after=None
[2023-05-12T15:03:45.984+0000] {processor.py:175} INFO - Processing /home/airflow/.local/lib/python3.7/site-packages/airflow/example_dags/example_sensor_decorator.py took 0.127 seconds
[2023-05-12T15:04:16.520+0000] {processor.py:153} INFO - Started process (PID=886) to work on /home/airflow/.local/lib/python3.7/site-packages/airflow/example_dags/example_sensor_decorator.py
[2023-05-12T15:04:16.521+0000] {processor.py:743} INFO - Processing file /home/airflow/.local/lib/python3.7/site-packages/airflow/example_dags/example_sensor_decorator.py for tasks to queue
[2023-05-12T15:04:16.522+0000] {logging_mixin.py:137} INFO - [2023-05-12T15:04:16.522+0000] {dagbag.py:532} INFO - Filling up the DagBag from /home/airflow/.local/lib/python3.7/site-packages/airflow/example_dags/example_sensor_decorator.py
[2023-05-12T15:04:16.549+0000] {processor.py:753} INFO - DAG(s) dict_keys(['example_sensor_decorator']) retrieved from /home/airflow/.local/lib/python3.7/site-packages/airflow/example_dags/example_sensor_decorator.py
[2023-05-12T15:04:16.577+0000] {logging_mixin.py:137} INFO - [2023-05-12T15:04:16.577+0000] {dag.py:2693} INFO - Sync 1 DAGs
[2023-05-12T15:04:16.608+0000] {logging_mixin.py:137} INFO - [2023-05-12T15:04:16.608+0000] {dag.py:3444} INFO - Setting next_dagrun for example_sensor_decorator to None, run_after=None
[2023-05-12T15:04:16.630+0000] {processor.py:175} INFO - Processing /home/airflow/.local/lib/python3.7/site-packages/airflow/example_dags/example_sensor_decorator.py took 0.115 seconds
[2023-05-12T15:04:46.825+0000] {processor.py:153} INFO - Started process (PID=937) to work on /home/airflow/.local/lib/python3.7/site-packages/airflow/example_dags/example_sensor_decorator.py
[2023-05-12T15:04:46.826+0000] {processor.py:743} INFO - Processing file /home/airflow/.local/lib/python3.7/site-packages/airflow/example_dags/example_sensor_decorator.py for tasks to queue
[2023-05-12T15:04:46.827+0000] {logging_mixin.py:137} INFO - [2023-05-12T15:04:46.827+0000] {dagbag.py:532} INFO - Filling up the DagBag from /home/airflow/.local/lib/python3.7/site-packages/airflow/example_dags/example_sensor_decorator.py
[2023-05-12T15:04:46.854+0000] {processor.py:753} INFO - DAG(s) dict_keys(['example_sensor_decorator']) retrieved from /home/airflow/.local/lib/python3.7/site-packages/airflow/example_dags/example_sensor_decorator.py
[2023-05-12T15:04:46.883+0000] {logging_mixin.py:137} INFO - [2023-05-12T15:04:46.883+0000] {dag.py:2693} INFO - Sync 1 DAGs
[2023-05-12T15:04:46.915+0000] {logging_mixin.py:137} INFO - [2023-05-12T15:04:46.914+0000] {dag.py:3444} INFO - Setting next_dagrun for example_sensor_decorator to None, run_after=None
[2023-05-12T15:04:46.941+0000] {processor.py:175} INFO - Processing /home/airflow/.local/lib/python3.7/site-packages/airflow/example_dags/example_sensor_decorator.py took 0.119 seconds
[2023-05-12T15:05:17.297+0000] {processor.py:153} INFO - Started process (PID=988) to work on /home/airflow/.local/lib/python3.7/site-packages/airflow/example_dags/example_sensor_decorator.py
[2023-05-12T15:05:17.299+0000] {processor.py:743} INFO - Processing file /home/airflow/.local/lib/python3.7/site-packages/airflow/example_dags/example_sensor_decorator.py for tasks to queue
[2023-05-12T15:05:17.307+0000] {logging_mixin.py:137} INFO - [2023-05-12T15:05:17.307+0000] {dagbag.py:532} INFO - Filling up the DagBag from /home/airflow/.local/lib/python3.7/site-packages/airflow/example_dags/example_sensor_decorator.py
[2023-05-12T15:05:17.338+0000] {processor.py:753} INFO - DAG(s) dict_keys(['example_sensor_decorator']) retrieved from /home/airflow/.local/lib/python3.7/site-packages/airflow/example_dags/example_sensor_decorator.py
[2023-05-12T15:05:17.367+0000] {logging_mixin.py:137} INFO - [2023-05-12T15:05:17.367+0000] {dag.py:2693} INFO - Sync 1 DAGs
[2023-05-12T15:05:17.400+0000] {logging_mixin.py:137} INFO - [2023-05-12T15:05:17.400+0000] {dag.py:3444} INFO - Setting next_dagrun for example_sensor_decorator to None, run_after=None
[2023-05-12T15:05:17.421+0000] {processor.py:175} INFO - Processing /home/airflow/.local/lib/python3.7/site-packages/airflow/example_dags/example_sensor_decorator.py took 0.128 seconds
