[2023-05-12T14:56:05.481+0000] {processor.py:153} INFO - Started process (PID=68) to work on /home/airflow/.local/lib/python3.7/site-packages/airflow/example_dags/tutorial.py
[2023-05-12T14:56:05.482+0000] {processor.py:743} INFO - Processing file /home/airflow/.local/lib/python3.7/site-packages/airflow/example_dags/tutorial.py for tasks to queue
[2023-05-12T14:56:05.482+0000] {logging_mixin.py:137} INFO - [2023-05-12T14:56:05.482+0000] {dagbag.py:532} INFO - Filling up the DagBag from /home/airflow/.local/lib/python3.7/site-packages/airflow/example_dags/tutorial.py
[2023-05-12T14:56:05.501+0000] {processor.py:753} INFO - DAG(s) dict_keys(['tutorial']) retrieved from /home/airflow/.local/lib/python3.7/site-packages/airflow/example_dags/tutorial.py
[2023-05-12T14:56:05.535+0000] {logging_mixin.py:137} INFO - [2023-05-12T14:56:05.535+0000] {dag.py:2693} INFO - Sync 1 DAGs
[2023-05-12T14:56:05.586+0000] {logging_mixin.py:137} INFO - [2023-05-12T14:56:05.586+0000] {dag.py:3444} INFO - Setting next_dagrun for tutorial to 2023-05-11T14:56:05.585924+00:00, run_after=2023-05-12T14:56:05.585924+00:00
[2023-05-12T14:56:05.609+0000] {processor.py:175} INFO - Processing /home/airflow/.local/lib/python3.7/site-packages/airflow/example_dags/tutorial.py took 0.132 seconds
[2023-05-12T14:56:35.725+0000] {processor.py:153} INFO - Started process (PID=119) to work on /home/airflow/.local/lib/python3.7/site-packages/airflow/example_dags/tutorial.py
[2023-05-12T14:56:35.726+0000] {processor.py:743} INFO - Processing file /home/airflow/.local/lib/python3.7/site-packages/airflow/example_dags/tutorial.py for tasks to queue
[2023-05-12T14:56:35.727+0000] {logging_mixin.py:137} INFO - [2023-05-12T14:56:35.727+0000] {dagbag.py:532} INFO - Filling up the DagBag from /home/airflow/.local/lib/python3.7/site-packages/airflow/example_dags/tutorial.py
[2023-05-12T14:56:35.746+0000] {processor.py:753} INFO - DAG(s) dict_keys(['tutorial']) retrieved from /home/airflow/.local/lib/python3.7/site-packages/airflow/example_dags/tutorial.py
[2023-05-12T14:56:35.778+0000] {logging_mixin.py:137} INFO - [2023-05-12T14:56:35.777+0000] {dag.py:2693} INFO - Sync 1 DAGs
[2023-05-12T14:56:35.810+0000] {logging_mixin.py:137} INFO - [2023-05-12T14:56:35.810+0000] {dag.py:3444} INFO - Setting next_dagrun for tutorial to 2023-05-11T14:56:35.809891+00:00, run_after=2023-05-12T14:56:35.809891+00:00
[2023-05-12T14:56:35.838+0000] {processor.py:175} INFO - Processing /home/airflow/.local/lib/python3.7/site-packages/airflow/example_dags/tutorial.py took 0.117 seconds
[2023-05-12T14:57:06.263+0000] {processor.py:153} INFO - Started process (PID=170) to work on /home/airflow/.local/lib/python3.7/site-packages/airflow/example_dags/tutorial.py
[2023-05-12T14:57:06.264+0000] {processor.py:743} INFO - Processing file /home/airflow/.local/lib/python3.7/site-packages/airflow/example_dags/tutorial.py for tasks to queue
[2023-05-12T14:57:06.265+0000] {logging_mixin.py:137} INFO - [2023-05-12T14:57:06.265+0000] {dagbag.py:532} INFO - Filling up the DagBag from /home/airflow/.local/lib/python3.7/site-packages/airflow/example_dags/tutorial.py
[2023-05-12T14:57:06.282+0000] {processor.py:753} INFO - DAG(s) dict_keys(['tutorial']) retrieved from /home/airflow/.local/lib/python3.7/site-packages/airflow/example_dags/tutorial.py
[2023-05-12T14:57:06.313+0000] {logging_mixin.py:137} INFO - [2023-05-12T14:57:06.313+0000] {dag.py:2693} INFO - Sync 1 DAGs
[2023-05-12T14:57:06.345+0000] {logging_mixin.py:137} INFO - [2023-05-12T14:57:06.345+0000] {dag.py:3444} INFO - Setting next_dagrun for tutorial to 2023-05-11T14:57:06.344840+00:00, run_after=2023-05-12T14:57:06.344840+00:00
[2023-05-12T14:57:06.366+0000] {processor.py:175} INFO - Processing /home/airflow/.local/lib/python3.7/site-packages/airflow/example_dags/tutorial.py took 0.107 seconds
[2023-05-12T14:57:36.828+0000] {processor.py:153} INFO - Started process (PID=222) to work on /home/airflow/.local/lib/python3.7/site-packages/airflow/example_dags/tutorial.py
[2023-05-12T14:57:36.829+0000] {processor.py:743} INFO - Processing file /home/airflow/.local/lib/python3.7/site-packages/airflow/example_dags/tutorial.py for tasks to queue
[2023-05-12T14:57:36.830+0000] {logging_mixin.py:137} INFO - [2023-05-12T14:57:36.830+0000] {dagbag.py:532} INFO - Filling up the DagBag from /home/airflow/.local/lib/python3.7/site-packages/airflow/example_dags/tutorial.py
[2023-05-12T14:57:36.848+0000] {processor.py:753} INFO - DAG(s) dict_keys(['tutorial']) retrieved from /home/airflow/.local/lib/python3.7/site-packages/airflow/example_dags/tutorial.py
[2023-05-12T14:57:36.879+0000] {logging_mixin.py:137} INFO - [2023-05-12T14:57:36.879+0000] {dag.py:2693} INFO - Sync 1 DAGs
[2023-05-12T14:57:36.912+0000] {logging_mixin.py:137} INFO - [2023-05-12T14:57:36.912+0000] {dag.py:3444} INFO - Setting next_dagrun for tutorial to 2023-05-11T14:57:36.911939+00:00, run_after=2023-05-12T14:57:36.911939+00:00
[2023-05-12T14:57:36.934+0000] {processor.py:175} INFO - Processing /home/airflow/.local/lib/python3.7/site-packages/airflow/example_dags/tutorial.py took 0.110 seconds
[2023-05-12T14:58:07.395+0000] {processor.py:153} INFO - Started process (PID=273) to work on /home/airflow/.local/lib/python3.7/site-packages/airflow/example_dags/tutorial.py
[2023-05-12T14:58:07.396+0000] {processor.py:743} INFO - Processing file /home/airflow/.local/lib/python3.7/site-packages/airflow/example_dags/tutorial.py for tasks to queue
[2023-05-12T14:58:07.397+0000] {logging_mixin.py:137} INFO - [2023-05-12T14:58:07.397+0000] {dagbag.py:532} INFO - Filling up the DagBag from /home/airflow/.local/lib/python3.7/site-packages/airflow/example_dags/tutorial.py
[2023-05-12T14:58:07.414+0000] {processor.py:753} INFO - DAG(s) dict_keys(['tutorial']) retrieved from /home/airflow/.local/lib/python3.7/site-packages/airflow/example_dags/tutorial.py
[2023-05-12T14:58:07.447+0000] {logging_mixin.py:137} INFO - [2023-05-12T14:58:07.447+0000] {dag.py:2693} INFO - Sync 1 DAGs
[2023-05-12T14:58:07.480+0000] {logging_mixin.py:137} INFO - [2023-05-12T14:58:07.480+0000] {dag.py:3444} INFO - Setting next_dagrun for tutorial to 2023-05-11T14:58:07.480474+00:00, run_after=2023-05-12T14:58:07.480474+00:00
[2023-05-12T14:58:07.504+0000] {processor.py:175} INFO - Processing /home/airflow/.local/lib/python3.7/site-packages/airflow/example_dags/tutorial.py took 0.114 seconds
[2023-05-12T14:58:37.854+0000] {processor.py:153} INFO - Started process (PID=323) to work on /home/airflow/.local/lib/python3.7/site-packages/airflow/example_dags/tutorial.py
[2023-05-12T14:58:37.855+0000] {processor.py:743} INFO - Processing file /home/airflow/.local/lib/python3.7/site-packages/airflow/example_dags/tutorial.py for tasks to queue
[2023-05-12T14:58:37.856+0000] {logging_mixin.py:137} INFO - [2023-05-12T14:58:37.856+0000] {dagbag.py:532} INFO - Filling up the DagBag from /home/airflow/.local/lib/python3.7/site-packages/airflow/example_dags/tutorial.py
[2023-05-12T14:58:37.874+0000] {processor.py:753} INFO - DAG(s) dict_keys(['tutorial']) retrieved from /home/airflow/.local/lib/python3.7/site-packages/airflow/example_dags/tutorial.py
[2023-05-12T14:58:37.911+0000] {logging_mixin.py:137} INFO - [2023-05-12T14:58:37.911+0000] {dag.py:2693} INFO - Sync 1 DAGs
[2023-05-12T14:58:37.944+0000] {logging_mixin.py:137} INFO - [2023-05-12T14:58:37.943+0000] {dag.py:3444} INFO - Setting next_dagrun for tutorial to 2023-05-11T14:58:37.943480+00:00, run_after=2023-05-12T14:58:37.943480+00:00
[2023-05-12T14:58:37.966+0000] {processor.py:175} INFO - Processing /home/airflow/.local/lib/python3.7/site-packages/airflow/example_dags/tutorial.py took 0.117 seconds
[2023-05-12T14:59:08.559+0000] {processor.py:153} INFO - Started process (PID=373) to work on /home/airflow/.local/lib/python3.7/site-packages/airflow/example_dags/tutorial.py
[2023-05-12T14:59:08.560+0000] {processor.py:743} INFO - Processing file /home/airflow/.local/lib/python3.7/site-packages/airflow/example_dags/tutorial.py for tasks to queue
[2023-05-12T14:59:08.561+0000] {logging_mixin.py:137} INFO - [2023-05-12T14:59:08.561+0000] {dagbag.py:532} INFO - Filling up the DagBag from /home/airflow/.local/lib/python3.7/site-packages/airflow/example_dags/tutorial.py
[2023-05-12T14:59:08.578+0000] {processor.py:753} INFO - DAG(s) dict_keys(['tutorial']) retrieved from /home/airflow/.local/lib/python3.7/site-packages/airflow/example_dags/tutorial.py
[2023-05-12T14:59:08.609+0000] {logging_mixin.py:137} INFO - [2023-05-12T14:59:08.609+0000] {dag.py:2693} INFO - Sync 1 DAGs
[2023-05-12T14:59:08.641+0000] {logging_mixin.py:137} INFO - [2023-05-12T14:59:08.641+0000] {dag.py:3444} INFO - Setting next_dagrun for tutorial to 2023-05-11T14:59:08.641258+00:00, run_after=2023-05-12T14:59:08.641258+00:00
[2023-05-12T14:59:08.665+0000] {processor.py:175} INFO - Processing /home/airflow/.local/lib/python3.7/site-packages/airflow/example_dags/tutorial.py took 0.110 seconds
[2023-05-12T14:59:39.218+0000] {processor.py:153} INFO - Started process (PID=424) to work on /home/airflow/.local/lib/python3.7/site-packages/airflow/example_dags/tutorial.py
[2023-05-12T14:59:39.219+0000] {processor.py:743} INFO - Processing file /home/airflow/.local/lib/python3.7/site-packages/airflow/example_dags/tutorial.py for tasks to queue
[2023-05-12T14:59:39.220+0000] {logging_mixin.py:137} INFO - [2023-05-12T14:59:39.220+0000] {dagbag.py:532} INFO - Filling up the DagBag from /home/airflow/.local/lib/python3.7/site-packages/airflow/example_dags/tutorial.py
[2023-05-12T14:59:39.239+0000] {processor.py:753} INFO - DAG(s) dict_keys(['tutorial']) retrieved from /home/airflow/.local/lib/python3.7/site-packages/airflow/example_dags/tutorial.py
[2023-05-12T14:59:39.280+0000] {logging_mixin.py:137} INFO - [2023-05-12T14:59:39.280+0000] {dag.py:2693} INFO - Sync 1 DAGs
[2023-05-12T14:59:39.322+0000] {logging_mixin.py:137} INFO - [2023-05-12T14:59:39.321+0000] {dag.py:3444} INFO - Setting next_dagrun for tutorial to 2023-05-11T14:59:39.321686+00:00, run_after=2023-05-12T14:59:39.321686+00:00
[2023-05-12T14:59:39.360+0000] {processor.py:175} INFO - Processing /home/airflow/.local/lib/python3.7/site-packages/airflow/example_dags/tutorial.py took 0.146 seconds
[2023-05-12T15:00:10.627+0000] {processor.py:153} INFO - Started process (PID=482) to work on /home/airflow/.local/lib/python3.7/site-packages/airflow/example_dags/tutorial.py
[2023-05-12T15:00:10.636+0000] {processor.py:743} INFO - Processing file /home/airflow/.local/lib/python3.7/site-packages/airflow/example_dags/tutorial.py for tasks to queue
[2023-05-12T15:00:10.637+0000] {logging_mixin.py:137} INFO - [2023-05-12T15:00:10.637+0000] {dagbag.py:532} INFO - Filling up the DagBag from /home/airflow/.local/lib/python3.7/site-packages/airflow/example_dags/tutorial.py
[2023-05-12T15:00:10.673+0000] {processor.py:753} INFO - DAG(s) dict_keys(['tutorial']) retrieved from /home/airflow/.local/lib/python3.7/site-packages/airflow/example_dags/tutorial.py
[2023-05-12T15:00:10.754+0000] {logging_mixin.py:137} INFO - [2023-05-12T15:00:10.754+0000] {dag.py:2693} INFO - Sync 1 DAGs
[2023-05-12T15:00:10.834+0000] {logging_mixin.py:137} INFO - [2023-05-12T15:00:10.834+0000] {dag.py:3444} INFO - Setting next_dagrun for tutorial to 2023-05-11T15:00:10.834041+00:00, run_after=2023-05-12T15:00:10.834041+00:00
[2023-05-12T15:00:10.875+0000] {processor.py:175} INFO - Processing /home/airflow/.local/lib/python3.7/site-packages/airflow/example_dags/tutorial.py took 0.252 seconds
[2023-05-12T15:00:41.509+0000] {processor.py:153} INFO - Started process (PID=532) to work on /home/airflow/.local/lib/python3.7/site-packages/airflow/example_dags/tutorial.py
[2023-05-12T15:00:41.510+0000] {processor.py:743} INFO - Processing file /home/airflow/.local/lib/python3.7/site-packages/airflow/example_dags/tutorial.py for tasks to queue
[2023-05-12T15:00:41.511+0000] {logging_mixin.py:137} INFO - [2023-05-12T15:00:41.511+0000] {dagbag.py:532} INFO - Filling up the DagBag from /home/airflow/.local/lib/python3.7/site-packages/airflow/example_dags/tutorial.py
[2023-05-12T15:00:41.529+0000] {processor.py:753} INFO - DAG(s) dict_keys(['tutorial']) retrieved from /home/airflow/.local/lib/python3.7/site-packages/airflow/example_dags/tutorial.py
[2023-05-12T15:00:41.561+0000] {logging_mixin.py:137} INFO - [2023-05-12T15:00:41.560+0000] {dag.py:2693} INFO - Sync 1 DAGs
[2023-05-12T15:00:41.593+0000] {logging_mixin.py:137} INFO - [2023-05-12T15:00:41.592+0000] {dag.py:3444} INFO - Setting next_dagrun for tutorial to 2023-05-11T15:00:41.592698+00:00, run_after=2023-05-12T15:00:41.592698+00:00
[2023-05-12T15:00:41.626+0000] {processor.py:175} INFO - Processing /home/airflow/.local/lib/python3.7/site-packages/airflow/example_dags/tutorial.py took 0.122 seconds
[2023-05-12T15:01:12.300+0000] {processor.py:153} INFO - Started process (PID=583) to work on /home/airflow/.local/lib/python3.7/site-packages/airflow/example_dags/tutorial.py
[2023-05-12T15:01:12.301+0000] {processor.py:743} INFO - Processing file /home/airflow/.local/lib/python3.7/site-packages/airflow/example_dags/tutorial.py for tasks to queue
[2023-05-12T15:01:12.302+0000] {logging_mixin.py:137} INFO - [2023-05-12T15:01:12.301+0000] {dagbag.py:532} INFO - Filling up the DagBag from /home/airflow/.local/lib/python3.7/site-packages/airflow/example_dags/tutorial.py
[2023-05-12T15:01:12.356+0000] {processor.py:753} INFO - DAG(s) dict_keys(['tutorial']) retrieved from /home/airflow/.local/lib/python3.7/site-packages/airflow/example_dags/tutorial.py
[2023-05-12T15:01:12.416+0000] {logging_mixin.py:137} INFO - [2023-05-12T15:01:12.415+0000] {dag.py:2693} INFO - Sync 1 DAGs
[2023-05-12T15:01:12.489+0000] {logging_mixin.py:137} INFO - [2023-05-12T15:01:12.489+0000] {dag.py:3444} INFO - Setting next_dagrun for tutorial to 2023-05-11T15:01:12.489279+00:00, run_after=2023-05-12T15:01:12.489279+00:00
[2023-05-12T15:01:12.562+0000] {processor.py:175} INFO - Processing /home/airflow/.local/lib/python3.7/site-packages/airflow/example_dags/tutorial.py took 0.278 seconds
[2023-05-12T15:01:43.462+0000] {processor.py:153} INFO - Started process (PID=633) to work on /home/airflow/.local/lib/python3.7/site-packages/airflow/example_dags/tutorial.py
[2023-05-12T15:01:43.465+0000] {processor.py:743} INFO - Processing file /home/airflow/.local/lib/python3.7/site-packages/airflow/example_dags/tutorial.py for tasks to queue
[2023-05-12T15:01:43.467+0000] {logging_mixin.py:137} INFO - [2023-05-12T15:01:43.467+0000] {dagbag.py:532} INFO - Filling up the DagBag from /home/airflow/.local/lib/python3.7/site-packages/airflow/example_dags/tutorial.py
[2023-05-12T15:01:43.484+0000] {processor.py:753} INFO - DAG(s) dict_keys(['tutorial']) retrieved from /home/airflow/.local/lib/python3.7/site-packages/airflow/example_dags/tutorial.py
[2023-05-12T15:01:43.516+0000] {logging_mixin.py:137} INFO - [2023-05-12T15:01:43.516+0000] {dag.py:2693} INFO - Sync 1 DAGs
[2023-05-12T15:01:43.549+0000] {logging_mixin.py:137} INFO - [2023-05-12T15:01:43.549+0000] {dag.py:3444} INFO - Setting next_dagrun for tutorial to 2023-05-11T15:01:43.549189+00:00, run_after=2023-05-12T15:01:43.549189+00:00
[2023-05-12T15:01:43.583+0000] {processor.py:175} INFO - Processing /home/airflow/.local/lib/python3.7/site-packages/airflow/example_dags/tutorial.py took 0.125 seconds
[2023-05-12T15:02:13.606+0000] {processor.py:153} INFO - Started process (PID=683) to work on /home/airflow/.local/lib/python3.7/site-packages/airflow/example_dags/tutorial.py
[2023-05-12T15:02:13.607+0000] {processor.py:743} INFO - Processing file /home/airflow/.local/lib/python3.7/site-packages/airflow/example_dags/tutorial.py for tasks to queue
[2023-05-12T15:02:13.607+0000] {logging_mixin.py:137} INFO - [2023-05-12T15:02:13.607+0000] {dagbag.py:532} INFO - Filling up the DagBag from /home/airflow/.local/lib/python3.7/site-packages/airflow/example_dags/tutorial.py
[2023-05-12T15:02:13.626+0000] {processor.py:753} INFO - DAG(s) dict_keys(['tutorial']) retrieved from /home/airflow/.local/lib/python3.7/site-packages/airflow/example_dags/tutorial.py
[2023-05-12T15:02:13.656+0000] {logging_mixin.py:137} INFO - [2023-05-12T15:02:13.656+0000] {dag.py:2693} INFO - Sync 1 DAGs
[2023-05-12T15:02:13.688+0000] {logging_mixin.py:137} INFO - [2023-05-12T15:02:13.688+0000] {dag.py:3444} INFO - Setting next_dagrun for tutorial to 2023-05-11T15:02:13.687889+00:00, run_after=2023-05-12T15:02:13.687889+00:00
[2023-05-12T15:02:13.710+0000] {processor.py:175} INFO - Processing /home/airflow/.local/lib/python3.7/site-packages/airflow/example_dags/tutorial.py took 0.108 seconds
[2023-05-12T15:02:44.556+0000] {processor.py:153} INFO - Started process (PID=734) to work on /home/airflow/.local/lib/python3.7/site-packages/airflow/example_dags/tutorial.py
[2023-05-12T15:02:44.563+0000] {processor.py:743} INFO - Processing file /home/airflow/.local/lib/python3.7/site-packages/airflow/example_dags/tutorial.py for tasks to queue
[2023-05-12T15:02:44.564+0000] {logging_mixin.py:137} INFO - [2023-05-12T15:02:44.564+0000] {dagbag.py:532} INFO - Filling up the DagBag from /home/airflow/.local/lib/python3.7/site-packages/airflow/example_dags/tutorial.py
[2023-05-12T15:02:44.590+0000] {processor.py:753} INFO - DAG(s) dict_keys(['tutorial']) retrieved from /home/airflow/.local/lib/python3.7/site-packages/airflow/example_dags/tutorial.py
[2023-05-12T15:02:44.629+0000] {logging_mixin.py:137} INFO - [2023-05-12T15:02:44.629+0000] {dag.py:2693} INFO - Sync 1 DAGs
[2023-05-12T15:02:44.665+0000] {logging_mixin.py:137} INFO - [2023-05-12T15:02:44.665+0000] {dag.py:3444} INFO - Setting next_dagrun for tutorial to 2023-05-11T15:02:44.664897+00:00, run_after=2023-05-12T15:02:44.664897+00:00
[2023-05-12T15:02:44.695+0000] {processor.py:175} INFO - Processing /home/airflow/.local/lib/python3.7/site-packages/airflow/example_dags/tutorial.py took 0.144 seconds
[2023-05-12T15:03:15.361+0000] {processor.py:153} INFO - Started process (PID=785) to work on /home/airflow/.local/lib/python3.7/site-packages/airflow/example_dags/tutorial.py
[2023-05-12T15:03:15.362+0000] {processor.py:743} INFO - Processing file /home/airflow/.local/lib/python3.7/site-packages/airflow/example_dags/tutorial.py for tasks to queue
[2023-05-12T15:03:15.362+0000] {logging_mixin.py:137} INFO - [2023-05-12T15:03:15.362+0000] {dagbag.py:532} INFO - Filling up the DagBag from /home/airflow/.local/lib/python3.7/site-packages/airflow/example_dags/tutorial.py
[2023-05-12T15:03:15.380+0000] {processor.py:753} INFO - DAG(s) dict_keys(['tutorial']) retrieved from /home/airflow/.local/lib/python3.7/site-packages/airflow/example_dags/tutorial.py
[2023-05-12T15:03:15.411+0000] {logging_mixin.py:137} INFO - [2023-05-12T15:03:15.410+0000] {dag.py:2693} INFO - Sync 1 DAGs
[2023-05-12T15:03:15.444+0000] {logging_mixin.py:137} INFO - [2023-05-12T15:03:15.442+0000] {dag.py:3444} INFO - Setting next_dagrun for tutorial to 2023-05-11T15:03:15.442484+00:00, run_after=2023-05-12T15:03:15.442484+00:00
[2023-05-12T15:03:15.466+0000] {processor.py:175} INFO - Processing /home/airflow/.local/lib/python3.7/site-packages/airflow/example_dags/tutorial.py took 0.110 seconds
[2023-05-12T15:03:45.972+0000] {processor.py:153} INFO - Started process (PID=836) to work on /home/airflow/.local/lib/python3.7/site-packages/airflow/example_dags/tutorial.py
[2023-05-12T15:03:45.973+0000] {processor.py:743} INFO - Processing file /home/airflow/.local/lib/python3.7/site-packages/airflow/example_dags/tutorial.py for tasks to queue
[2023-05-12T15:03:45.974+0000] {logging_mixin.py:137} INFO - [2023-05-12T15:03:45.974+0000] {dagbag.py:532} INFO - Filling up the DagBag from /home/airflow/.local/lib/python3.7/site-packages/airflow/example_dags/tutorial.py
[2023-05-12T15:03:45.991+0000] {processor.py:753} INFO - DAG(s) dict_keys(['tutorial']) retrieved from /home/airflow/.local/lib/python3.7/site-packages/airflow/example_dags/tutorial.py
[2023-05-12T15:03:46.024+0000] {logging_mixin.py:137} INFO - [2023-05-12T15:03:46.024+0000] {dag.py:2693} INFO - Sync 1 DAGs
[2023-05-12T15:03:46.056+0000] {logging_mixin.py:137} INFO - [2023-05-12T15:03:46.056+0000] {dag.py:3444} INFO - Setting next_dagrun for tutorial to 2023-05-11T15:03:46.056479+00:00, run_after=2023-05-12T15:03:46.056479+00:00
[2023-05-12T15:03:46.078+0000] {processor.py:175} INFO - Processing /home/airflow/.local/lib/python3.7/site-packages/airflow/example_dags/tutorial.py took 0.110 seconds
[2023-05-12T15:04:16.630+0000] {processor.py:153} INFO - Started process (PID=887) to work on /home/airflow/.local/lib/python3.7/site-packages/airflow/example_dags/tutorial.py
[2023-05-12T15:04:16.633+0000] {processor.py:743} INFO - Processing file /home/airflow/.local/lib/python3.7/site-packages/airflow/example_dags/tutorial.py for tasks to queue
[2023-05-12T15:04:16.633+0000] {logging_mixin.py:137} INFO - [2023-05-12T15:04:16.633+0000] {dagbag.py:532} INFO - Filling up the DagBag from /home/airflow/.local/lib/python3.7/site-packages/airflow/example_dags/tutorial.py
[2023-05-12T15:04:16.654+0000] {processor.py:753} INFO - DAG(s) dict_keys(['tutorial']) retrieved from /home/airflow/.local/lib/python3.7/site-packages/airflow/example_dags/tutorial.py
[2023-05-12T15:04:16.685+0000] {logging_mixin.py:137} INFO - [2023-05-12T15:04:16.684+0000] {dag.py:2693} INFO - Sync 1 DAGs
[2023-05-12T15:04:16.716+0000] {logging_mixin.py:137} INFO - [2023-05-12T15:04:16.716+0000] {dag.py:3444} INFO - Setting next_dagrun for tutorial to 2023-05-11T15:04:16.716434+00:00, run_after=2023-05-12T15:04:16.716434+00:00
[2023-05-12T15:04:16.739+0000] {processor.py:175} INFO - Processing /home/airflow/.local/lib/python3.7/site-packages/airflow/example_dags/tutorial.py took 0.113 seconds
[2023-05-12T15:04:46.942+0000] {processor.py:153} INFO - Started process (PID=938) to work on /home/airflow/.local/lib/python3.7/site-packages/airflow/example_dags/tutorial.py
[2023-05-12T15:04:46.942+0000] {processor.py:743} INFO - Processing file /home/airflow/.local/lib/python3.7/site-packages/airflow/example_dags/tutorial.py for tasks to queue
[2023-05-12T15:04:46.943+0000] {logging_mixin.py:137} INFO - [2023-05-12T15:04:46.943+0000] {dagbag.py:532} INFO - Filling up the DagBag from /home/airflow/.local/lib/python3.7/site-packages/airflow/example_dags/tutorial.py
[2023-05-12T15:04:46.960+0000] {processor.py:753} INFO - DAG(s) dict_keys(['tutorial']) retrieved from /home/airflow/.local/lib/python3.7/site-packages/airflow/example_dags/tutorial.py
[2023-05-12T15:04:46.989+0000] {logging_mixin.py:137} INFO - [2023-05-12T15:04:46.989+0000] {dag.py:2693} INFO - Sync 1 DAGs
[2023-05-12T15:04:47.021+0000] {logging_mixin.py:137} INFO - [2023-05-12T15:04:47.021+0000] {dag.py:3444} INFO - Setting next_dagrun for tutorial to 2023-05-11T15:04:47.021216+00:00, run_after=2023-05-12T15:04:47.021216+00:00
[2023-05-12T15:04:47.043+0000] {processor.py:175} INFO - Processing /home/airflow/.local/lib/python3.7/site-packages/airflow/example_dags/tutorial.py took 0.105 seconds
[2023-05-12T15:05:17.406+0000] {processor.py:153} INFO - Started process (PID=989) to work on /home/airflow/.local/lib/python3.7/site-packages/airflow/example_dags/tutorial.py
[2023-05-12T15:05:17.407+0000] {processor.py:743} INFO - Processing file /home/airflow/.local/lib/python3.7/site-packages/airflow/example_dags/tutorial.py for tasks to queue
[2023-05-12T15:05:17.408+0000] {logging_mixin.py:137} INFO - [2023-05-12T15:05:17.408+0000] {dagbag.py:532} INFO - Filling up the DagBag from /home/airflow/.local/lib/python3.7/site-packages/airflow/example_dags/tutorial.py
[2023-05-12T15:05:17.425+0000] {processor.py:753} INFO - DAG(s) dict_keys(['tutorial']) retrieved from /home/airflow/.local/lib/python3.7/site-packages/airflow/example_dags/tutorial.py
[2023-05-12T15:05:17.460+0000] {logging_mixin.py:137} INFO - [2023-05-12T15:05:17.460+0000] {dag.py:2693} INFO - Sync 1 DAGs
[2023-05-12T15:05:17.493+0000] {logging_mixin.py:137} INFO - [2023-05-12T15:05:17.493+0000] {dag.py:3444} INFO - Setting next_dagrun for tutorial to 2023-05-11T15:05:17.492920+00:00, run_after=2023-05-12T15:05:17.492920+00:00
[2023-05-12T15:05:17.515+0000] {processor.py:175} INFO - Processing /home/airflow/.local/lib/python3.7/site-packages/airflow/example_dags/tutorial.py took 0.113 seconds
