[2023-05-15T23:17:18.805+0000] {taskinstance.py:1084} INFO - Dependencies all met for dep_context=non-requeueable deps ti=<TaskInstance: get_todays_gamesv2.exec_insert_query_task manual__2023-05-15T23:17:04.081594+00:00 [queued]>
[2023-05-15T23:17:18.817+0000] {taskinstance.py:1084} INFO - Dependencies all met for dep_context=requeueable deps ti=<TaskInstance: get_todays_gamesv2.exec_insert_query_task manual__2023-05-15T23:17:04.081594+00:00 [queued]>
[2023-05-15T23:17:18.817+0000] {taskinstance.py:1282} INFO - 
--------------------------------------------------------------------------------
[2023-05-15T23:17:18.817+0000] {taskinstance.py:1283} INFO - Starting attempt 1 of 1
[2023-05-15T23:17:18.817+0000] {taskinstance.py:1284} INFO - 
--------------------------------------------------------------------------------
[2023-05-15T23:17:18.836+0000] {taskinstance.py:1303} INFO - Executing <Task(PostgresOperator): exec_insert_query_task> on 2023-05-15 23:17:04.081594+00:00
[2023-05-15T23:17:18.842+0000] {standard_task_runner.py:55} INFO - Started process 707 to run task
[2023-05-15T23:17:18.848+0000] {standard_task_runner.py:82} INFO - Running: ['***', 'tasks', 'run', 'get_todays_gamesv2', 'exec_insert_query_task', 'manual__2023-05-15T23:17:04.081594+00:00', '--job-id', '1612', '--raw', '--subdir', 'DAGS_FOLDER/todays_gamesv2.py', '--cfg-path', '/tmp/tmp_6ywc1ox']
[2023-05-15T23:17:18.849+0000] {standard_task_runner.py:83} INFO - Job 1612: Subtask exec_insert_query_task
[2023-05-15T23:17:18.926+0000] {task_command.py:388} INFO - Running <TaskInstance: get_todays_gamesv2.exec_insert_query_task manual__2023-05-15T23:17:04.081594+00:00 [running]> on host 79f30fa538b6
[2023-05-15T23:17:19.023+0000] {taskinstance.py:1511} INFO - Exporting the following env vars:
AIRFLOW_CTX_DAG_OWNER=***
AIRFLOW_CTX_DAG_ID=get_todays_gamesv2
AIRFLOW_CTX_TASK_ID=exec_insert_query_task
AIRFLOW_CTX_EXECUTION_DATE=2023-05-15T23:17:04.081594+00:00
AIRFLOW_CTX_TRY_NUMBER=1
AIRFLOW_CTX_DAG_RUN_ID=manual__2023-05-15T23:17:04.081594+00:00
[2023-05-15T23:17:19.025+0000] {sql.py:254} INFO - Executing: 
INSERT INTO games (away_name,home_name,away_probable_pitcher,home_probable_pitcher,venue_name,game_date,
                                                              home_wins, home_losses, home_gb, away_wins, away_losses, away_gb, team_win_prob, game_time)
                                   VALUES ('New York Yankees','Toronto Blue Jays','Jimmy Cordero',
                                   'Alek Manoah','Rogers Centre','2023-05-15',
                                   '24','16','6.0','23','19','8.0','40%','7:07 PM');
[2023-05-15T23:17:19.035+0000] {base.py:73} INFO - Using connection ID 'postgres_localhost' for task execution.
[2023-05-15T23:17:19.328+0000] {base.py:73} INFO - Using connection ID 'postgres_localhost' for task execution.
[2023-05-15T23:17:19.331+0000] {sql.py:375} INFO - Running statement: 
INSERT INTO games (away_name,home_name,away_probable_pitcher,home_probable_pitcher,venue_name,game_date,
                                                              home_wins, home_losses, home_gb, away_wins, away_losses, away_gb, team_win_prob, game_time)
                                   VALUES ('New York Yankees','Toronto Blue Jays','Jimmy Cordero',
                                   'Alek Manoah','Rogers Centre','2023-05-15',
                                   '24','16','6.0','23','19','8.0','40%','7:07 PM');, parameters: None
[2023-05-15T23:17:19.332+0000] {sql.py:384} INFO - Rows affected: 1
[2023-05-15T23:17:19.344+0000] {taskinstance.py:1326} INFO - Marking task as SUCCESS. dag_id=get_todays_gamesv2, task_id=exec_insert_query_task, execution_date=20230515T231704, start_date=20230515T231718, end_date=20230515T231719
[2023-05-15T23:17:19.379+0000] {local_task_job.py:212} INFO - Task exited with return code 0
[2023-05-15T23:17:19.422+0000] {taskinstance.py:2585} INFO - 2 downstream tasks scheduled from follow-on schedule check
