[2023-05-21T21:12:14.713+0000] {taskinstance.py:1084} INFO - Dependencies all met for dep_context=non-requeueable deps ti=<TaskInstance: get_todays_gamesv2.create_sql_table_task manual__2023-05-21T21:11:09.727494+00:00 [queued]>
[2023-05-21T21:12:14.729+0000] {taskinstance.py:1084} INFO - Dependencies all met for dep_context=requeueable deps ti=<TaskInstance: get_todays_gamesv2.create_sql_table_task manual__2023-05-21T21:11:09.727494+00:00 [queued]>
[2023-05-21T21:12:14.730+0000] {taskinstance.py:1282} INFO - 
--------------------------------------------------------------------------------
[2023-05-21T21:12:14.730+0000] {taskinstance.py:1283} INFO - Starting attempt 1 of 1
[2023-05-21T21:12:14.730+0000] {taskinstance.py:1284} INFO - 
--------------------------------------------------------------------------------
[2023-05-21T21:12:14.752+0000] {taskinstance.py:1303} INFO - Executing <Task(PostgresOperator): create_sql_table_task> on 2023-05-21 21:11:09.727494+00:00
[2023-05-21T21:12:14.762+0000] {standard_task_runner.py:55} INFO - Started process 122 to run task
[2023-05-21T21:12:14.780+0000] {standard_task_runner.py:82} INFO - Running: ['***', 'tasks', 'run', 'get_todays_gamesv2', 'create_sql_table_task', 'manual__2023-05-21T21:11:09.727494+00:00', '--job-id', '161', '--raw', '--subdir', 'DAGS_FOLDER/todays_gamesv2.py', '--cfg-path', '/tmp/tmp1zc19tt_']
[2023-05-21T21:12:14.781+0000] {standard_task_runner.py:83} INFO - Job 161: Subtask create_sql_table_task
[2023-05-21T21:12:14.885+0000] {task_command.py:388} INFO - Running <TaskInstance: get_todays_gamesv2.create_sql_table_task manual__2023-05-21T21:11:09.727494+00:00 [running]> on host b03c83f459ca
[2023-05-21T21:12:15.057+0000] {taskinstance.py:1511} INFO - Exporting the following env vars:
AIRFLOW_CTX_DAG_OWNER=***
AIRFLOW_CTX_DAG_ID=get_todays_gamesv2
AIRFLOW_CTX_TASK_ID=create_sql_table_task
AIRFLOW_CTX_EXECUTION_DATE=2023-05-21T21:11:09.727494+00:00
AIRFLOW_CTX_TRY_NUMBER=1
AIRFLOW_CTX_DAG_RUN_ID=manual__2023-05-21T21:11:09.727494+00:00
[2023-05-21T21:12:15.062+0000] {sql.py:254} INFO - Executing: 
        drop table if exists games;
        create table games (
            away_name VARCHAR(40),
            home_name VARCHAR(40),
            away_probable_pitcher VARCHAR(40),
            home_probable_pitcher VARCHAR(40),
            venue_name VARCHAR(40),
            game_date DATE,
            home_wins INT,
            home_losses INT,
            home_gb DECIMAL,
            away_wins INT,
            away_losses INT,
            away_gb DECIMAL,
            team_win_prob VARCHAR(4),
            game_time VARCHAR(9)
            );
    
[2023-05-21T21:12:15.077+0000] {base.py:73} INFO - Using connection ID 'postgres_localhost' for task execution.
[2023-05-21T21:12:15.436+0000] {base.py:73} INFO - Using connection ID 'postgres_localhost' for task execution.
[2023-05-21T21:12:15.440+0000] {sql.py:375} INFO - Running statement: 
        drop table if exists games;
        create table games (
            away_name VARCHAR(40),
            home_name VARCHAR(40),
            away_probable_pitcher VARCHAR(40),
            home_probable_pitcher VARCHAR(40),
            venue_name VARCHAR(40),
            game_date DATE,
            home_wins INT,
            home_losses INT,
            home_gb DECIMAL,
            away_wins INT,
            away_losses INT,
            away_gb DECIMAL,
            team_win_prob VARCHAR(4),
            game_time VARCHAR(9)
            );
    , parameters: None
[2023-05-21T21:12:15.493+0000] {taskinstance.py:1326} INFO - Marking task as SUCCESS. dag_id=get_todays_gamesv2, task_id=create_sql_table_task, execution_date=20230521T211109, start_date=20230521T211214, end_date=20230521T211215
[2023-05-21T21:12:15.517+0000] {local_task_job.py:212} INFO - Task exited with return code 0
[2023-05-21T21:12:15.565+0000] {taskinstance.py:2585} INFO - 1 downstream tasks scheduled from follow-on schedule check
