[2023-04-28T21:55:03.208+0000] {taskinstance.py:1084} INFO - Dependencies all met for dep_context=non-requeueable deps ti=<TaskInstance: get_todays_gamesv4.call_games manual__2023-04-28T21:54:59.793198+00:00 [queued]>
[2023-04-28T21:55:03.245+0000] {taskinstance.py:1084} INFO - Dependencies all met for dep_context=requeueable deps ti=<TaskInstance: get_todays_gamesv4.call_games manual__2023-04-28T21:54:59.793198+00:00 [queued]>
[2023-04-28T21:55:03.245+0000] {taskinstance.py:1282} INFO - 
--------------------------------------------------------------------------------
[2023-04-28T21:55:03.246+0000] {taskinstance.py:1283} INFO - Starting attempt 1 of 1
[2023-04-28T21:55:03.246+0000] {taskinstance.py:1284} INFO - 
--------------------------------------------------------------------------------
[2023-04-28T21:55:03.283+0000] {taskinstance.py:1303} INFO - Executing <Task(PythonOperator): call_games> on 2023-04-28 21:54:59.793198+00:00
[2023-04-28T21:55:03.295+0000] {standard_task_runner.py:55} INFO - Started process 1242 to run task
[2023-04-28T21:55:03.307+0000] {standard_task_runner.py:82} INFO - Running: ['***', 'tasks', 'run', 'get_todays_gamesv4', 'call_games', 'manual__2023-04-28T21:54:59.793198+00:00', '--job-id', '449', '--raw', '--subdir', 'DAGS_FOLDER/todays_games.py', '--cfg-path', '/tmp/tmpdazeku40']
[2023-04-28T21:55:03.309+0000] {standard_task_runner.py:83} INFO - Job 449: Subtask call_games
[2023-04-28T21:55:03.455+0000] {task_command.py:388} INFO - Running <TaskInstance: get_todays_gamesv4.call_games manual__2023-04-28T21:54:59.793198+00:00 [running]> on host f789e77bc70a
[2023-04-28T21:55:03.653+0000] {taskinstance.py:1511} INFO - Exporting the following env vars:
AIRFLOW_CTX_DAG_OWNER=***
AIRFLOW_CTX_DAG_ID=get_todays_gamesv4
AIRFLOW_CTX_TASK_ID=call_games
AIRFLOW_CTX_EXECUTION_DATE=2023-04-28T21:54:59.793198+00:00
AIRFLOW_CTX_TRY_NUMBER=1
AIRFLOW_CTX_DAG_RUN_ID=manual__2023-04-28T21:54:59.793198+00:00
[2023-04-28T21:55:03.946+0000] {python.py:177} INFO - Done. Returned value was: None
[2023-04-28T21:55:03.975+0000] {taskinstance.py:1326} INFO - Marking task as SUCCESS. dag_id=get_todays_gamesv4, task_id=call_games, execution_date=20230428T215459, start_date=20230428T215503, end_date=20230428T215503
[2023-04-28T21:55:04.016+0000] {local_task_job.py:212} INFO - Task exited with return code 0
[2023-04-28T21:55:04.107+0000] {taskinstance.py:2585} INFO - 1 downstream tasks scheduled from follow-on schedule check
