[2023-05-19T21:48:45.287+0000] {taskinstance.py:1084} INFO - Dependencies all met for dep_context=non-requeueable deps ti=<TaskInstance: get_todays_gamesv2.delete_xcoms manual__2023-05-19T21:48:23.292275+00:00 [queued]>
[2023-05-19T21:48:45.298+0000] {taskinstance.py:1084} INFO - Dependencies all met for dep_context=requeueable deps ti=<TaskInstance: get_todays_gamesv2.delete_xcoms manual__2023-05-19T21:48:23.292275+00:00 [queued]>
[2023-05-19T21:48:45.298+0000] {taskinstance.py:1282} INFO - 
--------------------------------------------------------------------------------
[2023-05-19T21:48:45.298+0000] {taskinstance.py:1283} INFO - Starting attempt 1 of 1
[2023-05-19T21:48:45.299+0000] {taskinstance.py:1284} INFO - 
--------------------------------------------------------------------------------
[2023-05-19T21:48:45.316+0000] {taskinstance.py:1303} INFO - Executing <Task(PythonOperator): delete_xcoms> on 2023-05-19 21:48:23.292275+00:00
[2023-05-19T21:48:45.325+0000] {standard_task_runner.py:55} INFO - Started process 580 to run task
[2023-05-19T21:48:45.333+0000] {standard_task_runner.py:82} INFO - Running: ['***', 'tasks', 'run', 'get_todays_gamesv2', 'delete_xcoms', 'manual__2023-05-19T21:48:23.292275+00:00', '--job-id', '72', '--raw', '--subdir', 'DAGS_FOLDER/todays_gamesv2.py', '--cfg-path', '/tmp/tmp2qa0jz5v']
[2023-05-19T21:48:45.334+0000] {standard_task_runner.py:83} INFO - Job 72: Subtask delete_xcoms
[2023-05-19T21:48:45.457+0000] {task_command.py:388} INFO - Running <TaskInstance: get_todays_gamesv2.delete_xcoms manual__2023-05-19T21:48:23.292275+00:00 [running]> on host 2e718862c733
[2023-05-19T21:48:45.559+0000] {taskinstance.py:1511} INFO - Exporting the following env vars:
AIRFLOW_CTX_DAG_OWNER=***
AIRFLOW_CTX_DAG_ID=get_todays_gamesv2
AIRFLOW_CTX_TASK_ID=delete_xcoms
AIRFLOW_CTX_EXECUTION_DATE=2023-05-19T21:48:23.292275+00:00
AIRFLOW_CTX_TRY_NUMBER=1
AIRFLOW_CTX_DAG_RUN_ID=manual__2023-05-19T21:48:23.292275+00:00
[2023-05-19T21:48:45.571+0000] {logging_mixin.py:137} INFO - Deleted 6 XCom rows
[2023-05-19T21:48:45.571+0000] {python.py:177} INFO - Done. Returned value was: None
[2023-05-19T21:48:45.581+0000] {taskinstance.py:1326} INFO - Marking task as SUCCESS. dag_id=get_todays_gamesv2, task_id=delete_xcoms, execution_date=20230519T214823, start_date=20230519T214845, end_date=20230519T214845
[2023-05-19T21:48:45.623+0000] {local_task_job.py:212} INFO - Task exited with return code 0
[2023-05-19T21:48:45.700+0000] {taskinstance.py:2585} INFO - 0 downstream tasks scheduled from follow-on schedule check
