[2023-03-30T02:44:40.802+0000] {taskinstance.py:1084} INFO - Dependencies all met for dep_context=non-requeueable deps ti=<TaskInstance: get_todays_gamesv4.postgres_to_s3_task manual__2023-03-30T02:44:27.875941+00:00 [queued]>
[2023-03-30T02:44:40.812+0000] {taskinstance.py:1084} INFO - Dependencies all met for dep_context=requeueable deps ti=<TaskInstance: get_todays_gamesv4.postgres_to_s3_task manual__2023-03-30T02:44:27.875941+00:00 [queued]>
[2023-03-30T02:44:40.813+0000] {taskinstance.py:1282} INFO - 
--------------------------------------------------------------------------------
[2023-03-30T02:44:40.813+0000] {taskinstance.py:1283} INFO - Starting attempt 1 of 1
[2023-03-30T02:44:40.813+0000] {taskinstance.py:1284} INFO - 
--------------------------------------------------------------------------------
[2023-03-30T02:44:40.829+0000] {taskinstance.py:1303} INFO - Executing <Task(PythonOperator): postgres_to_s3_task> on 2023-03-30 02:44:27.875941+00:00
[2023-03-30T02:44:40.836+0000] {standard_task_runner.py:55} INFO - Started process 299 to run task
[2023-03-30T02:44:40.840+0000] {standard_task_runner.py:82} INFO - Running: ['***', 'tasks', 'run', 'get_todays_gamesv4', 'postgres_to_s3_task', 'manual__2023-03-30T02:44:27.875941+00:00', '--job-id', '50', '--raw', '--subdir', 'DAGS_FOLDER/todays_games.py', '--cfg-path', '/tmp/tmp760nqws1']
[2023-03-30T02:44:40.840+0000] {standard_task_runner.py:83} INFO - Job 50: Subtask postgres_to_s3_task
[2023-03-30T02:44:40.910+0000] {task_command.py:388} INFO - Running <TaskInstance: get_todays_gamesv4.postgres_to_s3_task manual__2023-03-30T02:44:27.875941+00:00 [running]> on host 61694d142bcd
[2023-03-30T02:44:40.993+0000] {taskinstance.py:1511} INFO - Exporting the following env vars:
AIRFLOW_CTX_DAG_OWNER=***
AIRFLOW_CTX_DAG_ID=get_todays_gamesv4
AIRFLOW_CTX_TASK_ID=postgres_to_s3_task
AIRFLOW_CTX_EXECUTION_DATE=2023-03-30T02:44:27.875941+00:00
AIRFLOW_CTX_TRY_NUMBER=1
AIRFLOW_CTX_DAG_RUN_ID=manual__2023-03-30T02:44:27.875941+00:00
[2023-03-30T02:44:41.003+0000] {base.py:73} INFO - Using connection ID 'postgres_localhost' for task execution.
[2023-03-30T02:44:41.007+0000] {todays_games.py:55} INFO - Ran this on 2023-03-30. Saved postgres data in text file: test_data.txt
[2023-03-30T02:44:41.013+0000] {base.py:73} INFO - Using connection ID 'aws_hook' for task execution.
[2023-03-30T02:44:41.014+0000] {connection_wrapper.py:337} INFO - AWS Connection (conn_id='aws_hook', conn_type='aws') credentials retrieved from login and password.
[2023-03-30T02:44:42.050+0000] {python.py:177} INFO - Done. Returned value was: None
[2023-03-30T02:44:42.062+0000] {taskinstance.py:1326} INFO - Marking task as SUCCESS. dag_id=get_todays_gamesv4, task_id=postgres_to_s3_task, execution_date=20230330T024427, start_date=20230330T024440, end_date=20230330T024442
[2023-03-30T02:44:42.098+0000] {local_task_job.py:212} INFO - Task exited with return code 0
[2023-03-30T02:44:42.125+0000] {taskinstance.py:2585} INFO - 1 downstream tasks scheduled from follow-on schedule check
