[2023-05-27T18:51:19.594+0000] {taskinstance.py:1084} INFO - Dependencies all met for dep_context=non-requeueable deps ti=<TaskInstance: game_alert.postgres_to_s3_task manual__2023-05-27T18:51:03.838966+00:00 [queued]>
[2023-05-27T18:51:19.616+0000] {taskinstance.py:1084} INFO - Dependencies all met for dep_context=requeueable deps ti=<TaskInstance: game_alert.postgres_to_s3_task manual__2023-05-27T18:51:03.838966+00:00 [queued]>
[2023-05-27T18:51:19.616+0000] {taskinstance.py:1282} INFO - 
--------------------------------------------------------------------------------
[2023-05-27T18:51:19.616+0000] {taskinstance.py:1283} INFO - Starting attempt 1 of 1
[2023-05-27T18:51:19.616+0000] {taskinstance.py:1284} INFO - 
--------------------------------------------------------------------------------
[2023-05-27T18:51:19.647+0000] {taskinstance.py:1303} INFO - Executing <Task(PythonOperator): postgres_to_s3_task> on 2023-05-27 18:51:03.838966+00:00
[2023-05-27T18:51:19.654+0000] {standard_task_runner.py:55} INFO - Started process 2946 to run task
[2023-05-27T18:51:19.669+0000] {standard_task_runner.py:82} INFO - Running: ['***', 'tasks', 'run', 'game_alert', 'postgres_to_s3_task', 'manual__2023-05-27T18:51:03.838966+00:00', '--job-id', '789', '--raw', '--subdir', 'DAGS_FOLDER/game_alert.py', '--cfg-path', '/tmp/tmp_g4twu0z']
[2023-05-27T18:51:19.684+0000] {standard_task_runner.py:83} INFO - Job 789: Subtask postgres_to_s3_task
[2023-05-27T18:51:19.837+0000] {task_command.py:388} INFO - Running <TaskInstance: game_alert.postgres_to_s3_task manual__2023-05-27T18:51:03.838966+00:00 [running]> on host b03c83f459ca
[2023-05-27T18:51:20.000+0000] {taskinstance.py:1511} INFO - Exporting the following env vars:
AIRFLOW_CTX_DAG_OWNER=***
AIRFLOW_CTX_DAG_ID=game_alert
AIRFLOW_CTX_TASK_ID=postgres_to_s3_task
AIRFLOW_CTX_EXECUTION_DATE=2023-05-27T18:51:03.838966+00:00
AIRFLOW_CTX_TRY_NUMBER=1
AIRFLOW_CTX_DAG_RUN_ID=manual__2023-05-27T18:51:03.838966+00:00
[2023-05-27T18:51:20.032+0000] {base.py:73} INFO - Using connection ID 'postgres_localhost' for task execution.
[2023-05-27T18:51:20.042+0000] {postgres_to_s3.py:23} INFO - Saved postgres data in text file: games.txt
[2023-05-27T18:51:20.063+0000] {base.py:73} INFO - Using connection ID 'aws_hook' for task execution.
[2023-05-27T18:51:20.063+0000] {connection_wrapper.py:337} INFO - AWS Connection (conn_id='aws_hook', conn_type='aws') credentials retrieved from login and password.
[2023-05-27T18:51:21.280+0000] {postgres_to_s3.py:32} INFO -  /tmp/tmp16le0vzx has been pushed to S3
[2023-05-27T18:51:21.281+0000] {python.py:177} INFO - Done. Returned value was: None
[2023-05-27T18:51:21.302+0000] {taskinstance.py:1326} INFO - Marking task as SUCCESS. dag_id=game_alert, task_id=postgres_to_s3_task, execution_date=20230527T185103, start_date=20230527T185119, end_date=20230527T185121
[2023-05-27T18:51:21.393+0000] {local_task_job.py:212} INFO - Task exited with return code 0
[2023-05-27T18:51:21.463+0000] {taskinstance.py:2585} INFO - 1 downstream tasks scheduled from follow-on schedule check
