[2023-05-14T17:07:32.404+0000] {taskinstance.py:1084} INFO - Dependencies all met for dep_context=non-requeueable deps ti=<TaskInstance: get_todays_gamesv2.write_insert_query_task manual__2023-05-14T17:07:17.438062+00:00 [queued]>
[2023-05-14T17:07:32.424+0000] {taskinstance.py:1084} INFO - Dependencies all met for dep_context=requeueable deps ti=<TaskInstance: get_todays_gamesv2.write_insert_query_task manual__2023-05-14T17:07:17.438062+00:00 [queued]>
[2023-05-14T17:07:32.425+0000] {taskinstance.py:1282} INFO - 
--------------------------------------------------------------------------------
[2023-05-14T17:07:32.425+0000] {taskinstance.py:1283} INFO - Starting attempt 1 of 1
[2023-05-14T17:07:32.426+0000] {taskinstance.py:1284} INFO - 
--------------------------------------------------------------------------------
[2023-05-14T17:07:32.458+0000] {taskinstance.py:1303} INFO - Executing <Task(PythonOperator): write_insert_query_task> on 2023-05-14 17:07:17.438062+00:00
[2023-05-14T17:07:32.469+0000] {standard_task_runner.py:55} INFO - Started process 1949 to run task
[2023-05-14T17:07:32.477+0000] {standard_task_runner.py:82} INFO - Running: ['***', 'tasks', 'run', 'get_todays_gamesv2', 'write_insert_query_task', 'manual__2023-05-14T17:07:17.438062+00:00', '--job-id', '1369', '--raw', '--subdir', 'DAGS_FOLDER/todays_gamesv2.py', '--cfg-path', '/tmp/tmp910h7em1']
[2023-05-14T17:07:32.482+0000] {standard_task_runner.py:83} INFO - Job 1369: Subtask write_insert_query_task
[2023-05-14T17:07:32.589+0000] {task_command.py:388} INFO - Running <TaskInstance: get_todays_gamesv2.write_insert_query_task manual__2023-05-14T17:07:17.438062+00:00 [running]> on host f7ab54451666
[2023-05-14T17:07:32.688+0000] {taskinstance.py:1511} INFO - Exporting the following env vars:
AIRFLOW_CTX_DAG_OWNER=***
AIRFLOW_CTX_DAG_ID=get_todays_gamesv2
AIRFLOW_CTX_TASK_ID=write_insert_query_task
AIRFLOW_CTX_EXECUTION_DATE=2023-05-14T17:07:17.438062+00:00
AIRFLOW_CTX_TRY_NUMBER=1
AIRFLOW_CTX_DAG_RUN_ID=manual__2023-05-14T17:07:17.438062+00:00
[2023-05-14T17:07:32.713+0000] {logging_mixin.py:137} INFO - 49%
[2023-05-14T17:07:32.728+0000] {python.py:177} INFO - Done. Returned value was: None
[2023-05-14T17:07:32.740+0000] {taskinstance.py:1326} INFO - Marking task as SUCCESS. dag_id=get_todays_gamesv2, task_id=write_insert_query_task, execution_date=20230514T170717, start_date=20230514T170732, end_date=20230514T170732
[2023-05-14T17:07:32.766+0000] {local_task_job.py:212} INFO - Task exited with return code 0
[2023-05-14T17:07:32.813+0000] {taskinstance.py:2585} INFO - 1 downstream tasks scheduled from follow-on schedule check
