[2023-05-23T23:27:11.261+0000] {taskinstance.py:1084} INFO - Dependencies all met for dep_context=non-requeueable deps ti=<TaskInstance: get_todays_gamesv3.create_sql_table_task manual__2023-05-23T23:27:01.711597+00:00 [queued]>
[2023-05-23T23:27:11.294+0000] {taskinstance.py:1084} INFO - Dependencies all met for dep_context=requeueable deps ti=<TaskInstance: get_todays_gamesv3.create_sql_table_task manual__2023-05-23T23:27:01.711597+00:00 [queued]>
[2023-05-23T23:27:11.294+0000] {taskinstance.py:1282} INFO - 
--------------------------------------------------------------------------------
[2023-05-23T23:27:11.294+0000] {taskinstance.py:1283} INFO - Starting attempt 1 of 1
[2023-05-23T23:27:11.295+0000] {taskinstance.py:1284} INFO - 
--------------------------------------------------------------------------------
[2023-05-23T23:27:11.328+0000] {taskinstance.py:1303} INFO - Executing <Task(PostgresOperator): create_sql_table_task> on 2023-05-23 23:27:01.711597+00:00
[2023-05-23T23:27:11.340+0000] {standard_task_runner.py:55} INFO - Started process 760 to run task
[2023-05-23T23:27:11.348+0000] {standard_task_runner.py:82} INFO - Running: ['***', 'tasks', 'run', 'get_todays_gamesv3', 'create_sql_table_task', 'manual__2023-05-23T23:27:01.711597+00:00', '--job-id', '603', '--raw', '--subdir', 'DAGS_FOLDER/todays_gamesv3.py', '--cfg-path', '/tmp/tmpvu782qcy']
[2023-05-23T23:27:11.349+0000] {standard_task_runner.py:83} INFO - Job 603: Subtask create_sql_table_task
[2023-05-23T23:27:11.426+0000] {task_command.py:388} INFO - Running <TaskInstance: get_todays_gamesv3.create_sql_table_task manual__2023-05-23T23:27:01.711597+00:00 [running]> on host b03c83f459ca
[2023-05-23T23:27:11.572+0000] {taskinstance.py:1511} INFO - Exporting the following env vars:
AIRFLOW_CTX_DAG_OWNER=***
AIRFLOW_CTX_DAG_ID=get_todays_gamesv3
AIRFLOW_CTX_TASK_ID=create_sql_table_task
AIRFLOW_CTX_EXECUTION_DATE=2023-05-23T23:27:01.711597+00:00
AIRFLOW_CTX_TRY_NUMBER=1
AIRFLOW_CTX_DAG_RUN_ID=manual__2023-05-23T23:27:01.711597+00:00
[2023-05-23T23:27:11.574+0000] {sql.py:254} INFO - Executing: drop table if exists games;
create table games (
            away_name VARCHAR(40),
            home_name VARCHAR(40),
            away_probable_pitcher VARCHAR(40),
            home_probable_pitcher VARCHAR(40),
            venue_name VARCHAR(40),
            game_date DATE,
            home_wins INT,
            home_losses INT,
            home_gb DECIMAL,
            away_wins INT,
            away_losses INT,
            away_gb DECIMAL,
            team_win_prob VARCHAR(4),
            game_time VARCHAR(9)
            );
[2023-05-23T23:27:11.591+0000] {base.py:73} INFO - Using connection ID 'postgres_localhost' for task execution.
[2023-05-23T23:27:12.030+0000] {base.py:73} INFO - Using connection ID 'postgres_localhost' for task execution.
[2023-05-23T23:27:12.037+0000] {sql.py:375} INFO - Running statement: drop table if exists games;
create table games (
            away_name VARCHAR(40),
            home_name VARCHAR(40),
            away_probable_pitcher VARCHAR(40),
            home_probable_pitcher VARCHAR(40),
            venue_name VARCHAR(40),
            game_date DATE,
            home_wins INT,
            home_losses INT,
            home_gb DECIMAL,
            away_wins INT,
            away_losses INT,
            away_gb DECIMAL,
            team_win_prob VARCHAR(4),
            game_time VARCHAR(9)
            );, parameters: None
[2023-05-23T23:27:12.072+0000] {taskinstance.py:1326} INFO - Marking task as SUCCESS. dag_id=get_todays_gamesv3, task_id=create_sql_table_task, execution_date=20230523T232701, start_date=20230523T232711, end_date=20230523T232712
[2023-05-23T23:27:12.121+0000] {local_task_job.py:212} INFO - Task exited with return code 0
[2023-05-23T23:27:12.164+0000] {taskinstance.py:2585} INFO - 0 downstream tasks scheduled from follow-on schedule check
