[2023-05-15T22:52:25.712+0000] {taskinstance.py:1084} INFO - Dependencies all met for dep_context=non-requeueable deps ti=<TaskInstance: get_todays_gamesv2.create_sql_table_task manual__2023-05-15T22:52:14.703688+00:00 [queued]>
[2023-05-15T22:52:25.764+0000] {taskinstance.py:1084} INFO - Dependencies all met for dep_context=requeueable deps ti=<TaskInstance: get_todays_gamesv2.create_sql_table_task manual__2023-05-15T22:52:14.703688+00:00 [queued]>
[2023-05-15T22:52:25.765+0000] {taskinstance.py:1282} INFO - 
--------------------------------------------------------------------------------
[2023-05-15T22:52:25.765+0000] {taskinstance.py:1283} INFO - Starting attempt 1 of 1
[2023-05-15T22:52:25.766+0000] {taskinstance.py:1284} INFO - 
--------------------------------------------------------------------------------
[2023-05-15T22:52:25.815+0000] {taskinstance.py:1303} INFO - Executing <Task(PostgresOperator): create_sql_table_task> on 2023-05-15 22:52:14.703688+00:00
[2023-05-15T22:52:25.825+0000] {standard_task_runner.py:55} INFO - Started process 192 to run task
[2023-05-15T22:52:25.844+0000] {standard_task_runner.py:82} INFO - Running: ['***', 'tasks', 'run', 'get_todays_gamesv2', 'create_sql_table_task', 'manual__2023-05-15T22:52:14.703688+00:00', '--job-id', '1584', '--raw', '--subdir', 'DAGS_FOLDER/todays_gamesv2.py', '--cfg-path', '/tmp/tmpyd5u88tz']
[2023-05-15T22:52:25.845+0000] {standard_task_runner.py:83} INFO - Job 1584: Subtask create_sql_table_task
[2023-05-15T22:52:25.981+0000] {task_command.py:388} INFO - Running <TaskInstance: get_todays_gamesv2.create_sql_table_task manual__2023-05-15T22:52:14.703688+00:00 [running]> on host 79f30fa538b6
[2023-05-15T22:52:26.131+0000] {taskinstance.py:1511} INFO - Exporting the following env vars:
AIRFLOW_CTX_DAG_OWNER=***
AIRFLOW_CTX_DAG_ID=get_todays_gamesv2
AIRFLOW_CTX_TASK_ID=create_sql_table_task
AIRFLOW_CTX_EXECUTION_DATE=2023-05-15T22:52:14.703688+00:00
AIRFLOW_CTX_TRY_NUMBER=1
AIRFLOW_CTX_DAG_RUN_ID=manual__2023-05-15T22:52:14.703688+00:00
[2023-05-15T22:52:26.133+0000] {sql.py:254} INFO - Executing: 
        drop table if exists games;
        create table games (
            away_name VARCHAR(40),
            home_name VARCHAR(40),
            away_probable_pitcher VARCHAR(40),
            home_probable_pitcher VARCHAR(40),
            venue_name VARCHAR(40),
            game_date DATE,
            home_wins INT,
            home_losses INT,
            home_gb DECIMAL,
            away_wins INT,
            away_losses INT,
            away_gb DECIMAL,
            team_win_prob VARCHAR(4),
            game_time VARCHAR(9)
            );
    
[2023-05-15T22:52:26.145+0000] {base.py:73} INFO - Using connection ID 'postgres_localhost' for task execution.
[2023-05-15T22:52:26.521+0000] {base.py:73} INFO - Using connection ID 'postgres_localhost' for task execution.
[2023-05-15T22:52:26.525+0000] {sql.py:375} INFO - Running statement: 
        drop table if exists games;
        create table games (
            away_name VARCHAR(40),
            home_name VARCHAR(40),
            away_probable_pitcher VARCHAR(40),
            home_probable_pitcher VARCHAR(40),
            venue_name VARCHAR(40),
            game_date DATE,
            home_wins INT,
            home_losses INT,
            home_gb DECIMAL,
            away_wins INT,
            away_losses INT,
            away_gb DECIMAL,
            team_win_prob VARCHAR(4),
            game_time VARCHAR(9)
            );
    , parameters: None
[2023-05-15T22:52:26.550+0000] {taskinstance.py:1326} INFO - Marking task as SUCCESS. dag_id=get_todays_gamesv2, task_id=create_sql_table_task, execution_date=20230515T225214, start_date=20230515T225225, end_date=20230515T225226
[2023-05-15T22:52:26.582+0000] {local_task_job.py:212} INFO - Task exited with return code 0
[2023-05-15T22:52:26.631+0000] {taskinstance.py:2585} INFO - 1 downstream tasks scheduled from follow-on schedule check
