[2023-05-27T18:43:57.685+0000] {taskinstance.py:1084} INFO - Dependencies all met for dep_context=non-requeueable deps ti=<TaskInstance: game_alert.call_standings_task manual__2023-05-27T18:43:48.533175+00:00 [queued]>
[2023-05-27T18:43:57.713+0000] {taskinstance.py:1084} INFO - Dependencies all met for dep_context=requeueable deps ti=<TaskInstance: game_alert.call_standings_task manual__2023-05-27T18:43:48.533175+00:00 [queued]>
[2023-05-27T18:43:57.714+0000] {taskinstance.py:1282} INFO - 
--------------------------------------------------------------------------------
[2023-05-27T18:43:57.714+0000] {taskinstance.py:1283} INFO - Starting attempt 1 of 1
[2023-05-27T18:43:57.714+0000] {taskinstance.py:1284} INFO - 
--------------------------------------------------------------------------------
[2023-05-27T18:43:57.750+0000] {taskinstance.py:1303} INFO - Executing <Task(PythonOperator): call_standings_task> on 2023-05-27 18:43:48.533175+00:00
[2023-05-27T18:43:57.759+0000] {standard_task_runner.py:55} INFO - Started process 2785 to run task
[2023-05-27T18:43:57.778+0000] {standard_task_runner.py:82} INFO - Running: ['***', 'tasks', 'run', 'game_alert', 'call_standings_task', 'manual__2023-05-27T18:43:48.533175+00:00', '--job-id', '777', '--raw', '--subdir', 'DAGS_FOLDER/game_alert.py', '--cfg-path', '/tmp/tmp9ek0vgc3']
[2023-05-27T18:43:57.778+0000] {standard_task_runner.py:83} INFO - Job 777: Subtask call_standings_task
[2023-05-27T18:43:57.953+0000] {task_command.py:388} INFO - Running <TaskInstance: game_alert.call_standings_task manual__2023-05-27T18:43:48.533175+00:00 [running]> on host b03c83f459ca
[2023-05-27T18:43:58.173+0000] {taskinstance.py:1511} INFO - Exporting the following env vars:
AIRFLOW_CTX_DAG_OWNER=***
AIRFLOW_CTX_DAG_ID=game_alert
AIRFLOW_CTX_TASK_ID=call_standings_task
AIRFLOW_CTX_EXECUTION_DATE=2023-05-27T18:43:48.533175+00:00
AIRFLOW_CTX_TRY_NUMBER=1
AIRFLOW_CTX_DAG_RUN_ID=manual__2023-05-27T18:43:48.533175+00:00
[2023-05-27T18:43:58.194+0000] {logging_mixin.py:137} INFO - {'0': {'game_id': 718006, 'game_datetime': '2023-05-27T17:05:00Z', 'game_date': '2023-05-27', 'game_type': 'R', 'status': 'In Progress', 'away_name': 'San Diego Padres', 'home_name': 'New York Yankees', 'away_id': 135, 'home_id': 147, 'doubleheader': 'N', 'game_num': 1, 'home_probable_pitcher': 'Luis Severino', 'away_probable_pitcher': 'Michael Wacha', 'home_pitcher_note': '', 'away_pitcher_note': '', 'away_score': 2, 'home_score': 1, 'current_inning': 7, 'inning_state': 'Bottom', 'venue_id': 3313, 'venue_name': 'Yankee Stadium', 'national_broadcasts': ['MLBN (out-of-market only)'], 'series_status': 'SD leads 1-0', 'summary': '2023-05-27 - San Diego Padres (2) @ New York Yankees (1) (Bottom of the 7th)', 'game_time': '1:05 PM'}}
[2023-05-27T18:43:58.389+0000] {python.py:177} INFO - Done. Returned value was: None
[2023-05-27T18:43:58.416+0000] {taskinstance.py:1326} INFO - Marking task as SUCCESS. dag_id=game_alert, task_id=call_standings_task, execution_date=20230527T184348, start_date=20230527T184357, end_date=20230527T184358
[2023-05-27T18:43:58.482+0000] {local_task_job.py:212} INFO - Task exited with return code 0
[2023-05-27T18:43:58.611+0000] {taskinstance.py:2585} INFO - 0 downstream tasks scheduled from follow-on schedule check
