[2023-05-23T23:15:15.066+0000] {taskinstance.py:1084} INFO - Dependencies all met for dep_context=non-requeueable deps ti=<TaskInstance: get_todays_gamesv3.scrape_prob_task manual__2023-05-23T23:15:05.846822+00:00 [queued]>
[2023-05-23T23:15:15.079+0000] {taskinstance.py:1084} INFO - Dependencies all met for dep_context=requeueable deps ti=<TaskInstance: get_todays_gamesv3.scrape_prob_task manual__2023-05-23T23:15:05.846822+00:00 [queued]>
[2023-05-23T23:15:15.079+0000] {taskinstance.py:1282} INFO - 
--------------------------------------------------------------------------------
[2023-05-23T23:15:15.079+0000] {taskinstance.py:1283} INFO - Starting attempt 1 of 1
[2023-05-23T23:15:15.079+0000] {taskinstance.py:1284} INFO - 
--------------------------------------------------------------------------------
[2023-05-23T23:15:15.098+0000] {taskinstance.py:1303} INFO - Executing <Task(PythonOperator): scrape_prob_task> on 2023-05-23 23:15:05.846822+00:00
[2023-05-23T23:15:15.112+0000] {standard_task_runner.py:55} INFO - Started process 258 to run task
[2023-05-23T23:15:15.121+0000] {standard_task_runner.py:82} INFO - Running: ['***', 'tasks', 'run', 'get_todays_gamesv3', 'scrape_prob_task', 'manual__2023-05-23T23:15:05.846822+00:00', '--job-id', '478', '--raw', '--subdir', 'DAGS_FOLDER/todays_gamesv3.py', '--cfg-path', '/tmp/tmp7yqw_5t5']
[2023-05-23T23:15:15.128+0000] {standard_task_runner.py:83} INFO - Job 478: Subtask scrape_prob_task
[2023-05-23T23:15:15.253+0000] {task_command.py:388} INFO - Running <TaskInstance: get_todays_gamesv3.scrape_prob_task manual__2023-05-23T23:15:05.846822+00:00 [running]> on host b03c83f459ca
[2023-05-23T23:15:15.427+0000] {taskinstance.py:1511} INFO - Exporting the following env vars:
AIRFLOW_CTX_DAG_OWNER=***
AIRFLOW_CTX_DAG_ID=get_todays_gamesv3
AIRFLOW_CTX_TASK_ID=scrape_prob_task
AIRFLOW_CTX_EXECUTION_DATE=2023-05-23T23:15:05.846822+00:00
AIRFLOW_CTX_TRY_NUMBER=1
AIRFLOW_CTX_DAG_RUN_ID=manual__2023-05-23T23:15:05.846822+00:00
[2023-05-23T23:15:16.575+0000] {logging_mixin.py:137} INFO - Win Prob 63%
[2023-05-23T23:15:16.591+0000] {python.py:177} INFO - Done. Returned value was: None
[2023-05-23T23:15:16.602+0000] {taskinstance.py:1326} INFO - Marking task as SUCCESS. dag_id=get_todays_gamesv3, task_id=scrape_prob_task, execution_date=20230523T231505, start_date=20230523T231515, end_date=20230523T231516
[2023-05-23T23:15:16.663+0000] {local_task_job.py:212} INFO - Task exited with return code 0
[2023-05-23T23:15:16.708+0000] {taskinstance.py:2585} INFO - 1 downstream tasks scheduled from follow-on schedule check
