[2023-05-15T23:29:19.482+0000] {taskinstance.py:1084} INFO - Dependencies all met for dep_context=non-requeueable deps ti=<TaskInstance: get_todays_gamesv2.check_game_today_task manual__2023-05-15T23:29:13.419921+00:00 [queued]>
[2023-05-15T23:29:19.509+0000] {taskinstance.py:1084} INFO - Dependencies all met for dep_context=requeueable deps ti=<TaskInstance: get_todays_gamesv2.check_game_today_task manual__2023-05-15T23:29:13.419921+00:00 [queued]>
[2023-05-15T23:29:19.510+0000] {taskinstance.py:1282} INFO - 
--------------------------------------------------------------------------------
[2023-05-15T23:29:19.510+0000] {taskinstance.py:1283} INFO - Starting attempt 1 of 1
[2023-05-15T23:29:19.511+0000] {taskinstance.py:1284} INFO - 
--------------------------------------------------------------------------------
[2023-05-15T23:29:19.555+0000] {taskinstance.py:1303} INFO - Executing <Task(BranchPythonOperator): check_game_today_task> on 2023-05-15 23:29:13.419921+00:00
[2023-05-15T23:29:19.562+0000] {standard_task_runner.py:55} INFO - Started process 969 to run task
[2023-05-15T23:29:19.568+0000] {standard_task_runner.py:82} INFO - Running: ['***', 'tasks', 'run', 'get_todays_gamesv2', 'check_game_today_task', 'manual__2023-05-15T23:29:13.419921+00:00', '--job-id', '1627', '--raw', '--subdir', 'DAGS_FOLDER/todays_gamesv2.py', '--cfg-path', '/tmp/tmparcp6u3y']
[2023-05-15T23:29:19.568+0000] {standard_task_runner.py:83} INFO - Job 1627: Subtask check_game_today_task
[2023-05-15T23:29:19.640+0000] {task_command.py:388} INFO - Running <TaskInstance: get_todays_gamesv2.check_game_today_task manual__2023-05-15T23:29:13.419921+00:00 [running]> on host 79f30fa538b6
[2023-05-15T23:29:19.728+0000] {taskinstance.py:1511} INFO - Exporting the following env vars:
AIRFLOW_CTX_DAG_OWNER=***
AIRFLOW_CTX_DAG_ID=get_todays_gamesv2
AIRFLOW_CTX_TASK_ID=check_game_today_task
AIRFLOW_CTX_EXECUTION_DATE=2023-05-15T23:29:13.419921+00:00
AIRFLOW_CTX_TRY_NUMBER=1
AIRFLOW_CTX_DAG_RUN_ID=manual__2023-05-15T23:29:13.419921+00:00
[2023-05-15T23:29:19.730+0000] {logging_mixin.py:137} INFO - {{ds}}
[2023-05-15T23:29:19.745+0000] {logging_mixin.py:137} INFO - No game today.
[2023-05-15T23:29:19.745+0000] {python.py:177} INFO - Done. Returned value was: print_end
[2023-05-15T23:29:19.746+0000] {python.py:211} INFO - Branch callable return print_end
[2023-05-15T23:29:19.746+0000] {skipmixin.py:155} INFO - Following branch print_end
[2023-05-15T23:29:19.747+0000] {skipmixin.py:211} INFO - Skipping tasks ['print_game_today']
[2023-05-15T23:29:19.794+0000] {taskinstance.py:1326} INFO - Marking task as SUCCESS. dag_id=get_todays_gamesv2, task_id=check_game_today_task, execution_date=20230515T232913, start_date=20230515T232919, end_date=20230515T232919
[2023-05-15T23:29:19.825+0000] {local_task_job.py:212} INFO - Task exited with return code 0
[2023-05-15T23:29:19.874+0000] {taskinstance.py:2585} INFO - 0 downstream tasks scheduled from follow-on schedule check
