[2023-03-31T03:01:47.933+0000] {taskinstance.py:1084} INFO - Dependencies all met for dep_context=non-requeueable deps ti=<TaskInstance: get_todays_gamesv4.call_games manual__2023-03-31T03:01:42.375844+00:00 [queued]>
[2023-03-31T03:01:47.945+0000] {taskinstance.py:1084} INFO - Dependencies all met for dep_context=requeueable deps ti=<TaskInstance: get_todays_gamesv4.call_games manual__2023-03-31T03:01:42.375844+00:00 [queued]>
[2023-03-31T03:01:47.946+0000] {taskinstance.py:1282} INFO - 
--------------------------------------------------------------------------------
[2023-03-31T03:01:47.946+0000] {taskinstance.py:1283} INFO - Starting attempt 1 of 1
[2023-03-31T03:01:47.947+0000] {taskinstance.py:1284} INFO - 
--------------------------------------------------------------------------------
[2023-03-31T03:01:47.965+0000] {taskinstance.py:1303} INFO - Executing <Task(PythonOperator): call_games> on 2023-03-31 03:01:42.375844+00:00
[2023-03-31T03:01:47.972+0000] {standard_task_runner.py:55} INFO - Started process 240 to run task
[2023-03-31T03:01:47.977+0000] {standard_task_runner.py:82} INFO - Running: ['***', 'tasks', 'run', 'get_todays_gamesv4', 'call_games', 'manual__2023-03-31T03:01:42.375844+00:00', '--job-id', '9', '--raw', '--subdir', 'DAGS_FOLDER/todays_games.py', '--cfg-path', '/tmp/tmpilmk3fdr']
[2023-03-31T03:01:47.978+0000] {standard_task_runner.py:83} INFO - Job 9: Subtask call_games
[2023-03-31T03:01:48.054+0000] {task_command.py:388} INFO - Running <TaskInstance: get_todays_gamesv4.call_games manual__2023-03-31T03:01:42.375844+00:00 [running]> on host c73de31c854d
[2023-03-31T03:01:48.144+0000] {taskinstance.py:1511} INFO - Exporting the following env vars:
AIRFLOW_CTX_DAG_OWNER=***
AIRFLOW_CTX_DAG_ID=get_todays_gamesv4
AIRFLOW_CTX_TASK_ID=call_games
AIRFLOW_CTX_EXECUTION_DATE=2023-03-31T03:01:42.375844+00:00
AIRFLOW_CTX_TRY_NUMBER=1
AIRFLOW_CTX_DAG_RUN_ID=manual__2023-03-31T03:01:42.375844+00:00
[2023-03-31T03:01:48.477+0000] {python.py:177} INFO - Done. Returned value was: None
[2023-03-31T03:01:48.489+0000] {taskinstance.py:1326} INFO - Marking task as SUCCESS. dag_id=get_todays_gamesv4, task_id=call_games, execution_date=20230331T030142, start_date=20230331T030147, end_date=20230331T030148
[2023-03-31T03:01:48.509+0000] {local_task_job.py:212} INFO - Task exited with return code 0
[2023-03-31T03:01:48.532+0000] {taskinstance.py:2585} INFO - 0 downstream tasks scheduled from follow-on schedule check
