[2023-05-09T02:40:04.970+0000] {taskinstance.py:1084} INFO - Dependencies all met for dep_context=non-requeueable deps ti=<TaskInstance: get_todays_gamesv2.delete_xcoms manual__2023-05-09T02:39:52.007168+00:00 [queued]>
[2023-05-09T02:40:04.996+0000] {taskinstance.py:1084} INFO - Dependencies all met for dep_context=requeueable deps ti=<TaskInstance: get_todays_gamesv2.delete_xcoms manual__2023-05-09T02:39:52.007168+00:00 [queued]>
[2023-05-09T02:40:04.997+0000] {taskinstance.py:1282} INFO - 
--------------------------------------------------------------------------------
[2023-05-09T02:40:04.997+0000] {taskinstance.py:1283} INFO - Starting attempt 1 of 1
[2023-05-09T02:40:04.997+0000] {taskinstance.py:1284} INFO - 
--------------------------------------------------------------------------------
[2023-05-09T02:40:05.034+0000] {taskinstance.py:1303} INFO - Executing <Task(PythonOperator): delete_xcoms> on 2023-05-09 02:39:52.007168+00:00
[2023-05-09T02:40:05.039+0000] {standard_task_runner.py:55} INFO - Started process 1206 to run task
[2023-05-09T02:40:05.043+0000] {standard_task_runner.py:82} INFO - Running: ['***', 'tasks', 'run', 'get_todays_gamesv2', 'delete_xcoms', 'manual__2023-05-09T02:39:52.007168+00:00', '--job-id', '1231', '--raw', '--subdir', 'DAGS_FOLDER/todays_gamesv2.py', '--cfg-path', '/tmp/tmphcbxd53a']
[2023-05-09T02:40:05.061+0000] {standard_task_runner.py:83} INFO - Job 1231: Subtask delete_xcoms
[2023-05-09T02:40:05.174+0000] {task_command.py:388} INFO - Running <TaskInstance: get_todays_gamesv2.delete_xcoms manual__2023-05-09T02:39:52.007168+00:00 [running]> on host f7ab54451666
[2023-05-09T02:40:05.375+0000] {taskinstance.py:1511} INFO - Exporting the following env vars:
AIRFLOW_CTX_DAG_OWNER=***
AIRFLOW_CTX_DAG_ID=get_todays_gamesv2
AIRFLOW_CTX_TASK_ID=delete_xcoms
AIRFLOW_CTX_EXECUTION_DATE=2023-05-09T02:39:52.007168+00:00
AIRFLOW_CTX_TRY_NUMBER=1
AIRFLOW_CTX_DAG_RUN_ID=manual__2023-05-09T02:39:52.007168+00:00
[2023-05-09T02:40:05.387+0000] {logging_mixin.py:137} INFO - Deleted 5 XCom rows
[2023-05-09T02:40:05.388+0000] {python.py:177} INFO - Done. Returned value was: None
[2023-05-09T02:40:05.412+0000] {taskinstance.py:1326} INFO - Marking task as SUCCESS. dag_id=get_todays_gamesv2, task_id=delete_xcoms, execution_date=20230509T023952, start_date=20230509T024004, end_date=20230509T024005
[2023-05-09T02:40:05.481+0000] {local_task_job.py:212} INFO - Task exited with return code 0
[2023-05-09T02:40:05.555+0000] {taskinstance.py:2585} INFO - 0 downstream tasks scheduled from follow-on schedule check
