[2023-05-04T14:46:00.785+0000] {processor.py:153} INFO - Started process (PID=33) to work on /opt/airflow/dags/todays_gamesv2.py
[2023-05-04T14:46:00.786+0000] {processor.py:743} INFO - Processing file /opt/airflow/dags/todays_gamesv2.py for tasks to queue
[2023-05-04T14:46:00.786+0000] {logging_mixin.py:137} INFO - [2023-05-04T14:46:00.786+0000] {dagbag.py:532} INFO - Filling up the DagBag from /opt/airflow/dags/todays_gamesv2.py
[2023-05-04T14:46:01.416+0000] {processor.py:753} INFO - DAG(s) dict_keys(['get_todays_gamesv2']) retrieved from /opt/airflow/dags/todays_gamesv2.py
[2023-05-04T14:46:01.520+0000] {logging_mixin.py:137} INFO - [2023-05-04T14:46:01.520+0000] {dag.py:2693} INFO - Sync 1 DAGs
[2023-05-04T14:46:01.599+0000] {logging_mixin.py:137} INFO - [2023-05-04T14:46:01.598+0000] {dag.py:3444} INFO - Setting next_dagrun for get_todays_gamesv2 to 2023-05-03T15:00:00+00:00, run_after=2023-05-04T15:00:00+00:00
[2023-05-04T14:46:01.640+0000] {processor.py:175} INFO - Processing /opt/airflow/dags/todays_gamesv2.py took 0.885 seconds
[2023-05-04T14:46:31.927+0000] {processor.py:153} INFO - Started process (PID=86) to work on /opt/airflow/dags/todays_gamesv2.py
[2023-05-04T14:46:31.929+0000] {processor.py:743} INFO - Processing file /opt/airflow/dags/todays_gamesv2.py for tasks to queue
[2023-05-04T14:46:31.930+0000] {logging_mixin.py:137} INFO - [2023-05-04T14:46:31.929+0000] {dagbag.py:532} INFO - Filling up the DagBag from /opt/airflow/dags/todays_gamesv2.py
[2023-05-04T14:46:32.106+0000] {processor.py:753} INFO - DAG(s) dict_keys(['get_todays_gamesv2']) retrieved from /opt/airflow/dags/todays_gamesv2.py
[2023-05-04T14:46:32.137+0000] {logging_mixin.py:137} INFO - [2023-05-04T14:46:32.137+0000] {dag.py:2693} INFO - Sync 1 DAGs
[2023-05-04T14:46:32.171+0000] {logging_mixin.py:137} INFO - [2023-05-04T14:46:32.171+0000] {dag.py:3444} INFO - Setting next_dagrun for get_todays_gamesv2 to 2023-05-03T15:00:00+00:00, run_after=2023-05-04T15:00:00+00:00
[2023-05-04T14:46:32.192+0000] {processor.py:175} INFO - Processing /opt/airflow/dags/todays_gamesv2.py took 0.269 seconds
[2023-05-04T14:47:02.607+0000] {processor.py:153} INFO - Started process (PID=137) to work on /opt/airflow/dags/todays_gamesv2.py
[2023-05-04T14:47:02.608+0000] {processor.py:743} INFO - Processing file /opt/airflow/dags/todays_gamesv2.py for tasks to queue
[2023-05-04T14:47:02.609+0000] {logging_mixin.py:137} INFO - [2023-05-04T14:47:02.608+0000] {dagbag.py:532} INFO - Filling up the DagBag from /opt/airflow/dags/todays_gamesv2.py
[2023-05-04T14:47:02.780+0000] {processor.py:753} INFO - DAG(s) dict_keys(['get_todays_gamesv2']) retrieved from /opt/airflow/dags/todays_gamesv2.py
[2023-05-04T14:47:02.817+0000] {logging_mixin.py:137} INFO - [2023-05-04T14:47:02.817+0000] {dag.py:2693} INFO - Sync 1 DAGs
[2023-05-04T14:47:02.855+0000] {logging_mixin.py:137} INFO - [2023-05-04T14:47:02.855+0000] {dag.py:3444} INFO - Setting next_dagrun for get_todays_gamesv2 to 2023-05-03T15:00:00+00:00, run_after=2023-05-04T15:00:00+00:00
[2023-05-04T14:47:02.882+0000] {processor.py:175} INFO - Processing /opt/airflow/dags/todays_gamesv2.py took 0.280 seconds
[2023-05-04T14:47:33.208+0000] {processor.py:153} INFO - Started process (PID=187) to work on /opt/airflow/dags/todays_gamesv2.py
[2023-05-04T14:47:33.209+0000] {processor.py:743} INFO - Processing file /opt/airflow/dags/todays_gamesv2.py for tasks to queue
[2023-05-04T14:47:33.210+0000] {logging_mixin.py:137} INFO - [2023-05-04T14:47:33.210+0000] {dagbag.py:532} INFO - Filling up the DagBag from /opt/airflow/dags/todays_gamesv2.py
[2023-05-04T14:47:33.382+0000] {processor.py:753} INFO - DAG(s) dict_keys(['get_todays_gamesv2']) retrieved from /opt/airflow/dags/todays_gamesv2.py
[2023-05-04T14:47:33.416+0000] {logging_mixin.py:137} INFO - [2023-05-04T14:47:33.416+0000] {dag.py:2693} INFO - Sync 1 DAGs
[2023-05-04T14:47:33.453+0000] {logging_mixin.py:137} INFO - [2023-05-04T14:47:33.453+0000] {dag.py:3444} INFO - Setting next_dagrun for get_todays_gamesv2 to 2023-05-03T15:00:00+00:00, run_after=2023-05-04T15:00:00+00:00
[2023-05-04T14:47:33.475+0000] {processor.py:175} INFO - Processing /opt/airflow/dags/todays_gamesv2.py took 0.270 seconds
[2023-05-04T14:48:03.824+0000] {processor.py:153} INFO - Started process (PID=237) to work on /opt/airflow/dags/todays_gamesv2.py
[2023-05-04T14:48:03.826+0000] {processor.py:743} INFO - Processing file /opt/airflow/dags/todays_gamesv2.py for tasks to queue
[2023-05-04T14:48:03.826+0000] {logging_mixin.py:137} INFO - [2023-05-04T14:48:03.826+0000] {dagbag.py:532} INFO - Filling up the DagBag from /opt/airflow/dags/todays_gamesv2.py
[2023-05-04T14:48:04.035+0000] {processor.py:753} INFO - DAG(s) dict_keys(['get_todays_gamesv2']) retrieved from /opt/airflow/dags/todays_gamesv2.py
[2023-05-04T14:48:04.075+0000] {logging_mixin.py:137} INFO - [2023-05-04T14:48:04.075+0000] {dag.py:2693} INFO - Sync 1 DAGs
[2023-05-04T14:48:04.109+0000] {logging_mixin.py:137} INFO - [2023-05-04T14:48:04.109+0000] {dag.py:3444} INFO - Setting next_dagrun for get_todays_gamesv2 to 2023-05-03T15:00:00+00:00, run_after=2023-05-04T15:00:00+00:00
[2023-05-04T14:48:04.130+0000] {processor.py:175} INFO - Processing /opt/airflow/dags/todays_gamesv2.py took 0.310 seconds
[2023-05-04T14:48:34.433+0000] {processor.py:153} INFO - Started process (PID=288) to work on /opt/airflow/dags/todays_gamesv2.py
[2023-05-04T14:48:34.434+0000] {processor.py:743} INFO - Processing file /opt/airflow/dags/todays_gamesv2.py for tasks to queue
[2023-05-04T14:48:34.434+0000] {logging_mixin.py:137} INFO - [2023-05-04T14:48:34.434+0000] {dagbag.py:532} INFO - Filling up the DagBag from /opt/airflow/dags/todays_gamesv2.py
[2023-05-04T14:48:34.607+0000] {processor.py:753} INFO - DAG(s) dict_keys(['get_todays_gamesv2']) retrieved from /opt/airflow/dags/todays_gamesv2.py
[2023-05-04T14:48:34.643+0000] {logging_mixin.py:137} INFO - [2023-05-04T14:48:34.642+0000] {dag.py:2693} INFO - Sync 1 DAGs
[2023-05-04T14:48:34.678+0000] {logging_mixin.py:137} INFO - [2023-05-04T14:48:34.678+0000] {dag.py:3444} INFO - Setting next_dagrun for get_todays_gamesv2 to 2023-05-03T15:00:00+00:00, run_after=2023-05-04T15:00:00+00:00
[2023-05-04T14:48:34.699+0000] {processor.py:175} INFO - Processing /opt/airflow/dags/todays_gamesv2.py took 0.270 seconds
[2023-05-04T14:49:05.187+0000] {processor.py:153} INFO - Started process (PID=339) to work on /opt/airflow/dags/todays_gamesv2.py
[2023-05-04T14:49:05.188+0000] {processor.py:743} INFO - Processing file /opt/airflow/dags/todays_gamesv2.py for tasks to queue
[2023-05-04T14:49:05.189+0000] {logging_mixin.py:137} INFO - [2023-05-04T14:49:05.188+0000] {dagbag.py:532} INFO - Filling up the DagBag from /opt/airflow/dags/todays_gamesv2.py
[2023-05-04T14:49:05.376+0000] {processor.py:753} INFO - DAG(s) dict_keys(['get_todays_gamesv2']) retrieved from /opt/airflow/dags/todays_gamesv2.py
[2023-05-04T14:49:05.408+0000] {logging_mixin.py:137} INFO - [2023-05-04T14:49:05.408+0000] {dag.py:2693} INFO - Sync 1 DAGs
[2023-05-04T14:49:05.446+0000] {logging_mixin.py:137} INFO - [2023-05-04T14:49:05.446+0000] {dag.py:3444} INFO - Setting next_dagrun for get_todays_gamesv2 to 2023-05-03T15:00:00+00:00, run_after=2023-05-04T15:00:00+00:00
[2023-05-04T14:49:05.467+0000] {processor.py:175} INFO - Processing /opt/airflow/dags/todays_gamesv2.py took 0.285 seconds
[2023-05-04T14:49:35.943+0000] {processor.py:153} INFO - Started process (PID=390) to work on /opt/airflow/dags/todays_gamesv2.py
[2023-05-04T14:49:35.944+0000] {processor.py:743} INFO - Processing file /opt/airflow/dags/todays_gamesv2.py for tasks to queue
[2023-05-04T14:49:35.945+0000] {logging_mixin.py:137} INFO - [2023-05-04T14:49:35.944+0000] {dagbag.py:532} INFO - Filling up the DagBag from /opt/airflow/dags/todays_gamesv2.py
[2023-05-04T14:49:36.120+0000] {processor.py:753} INFO - DAG(s) dict_keys(['get_todays_gamesv2']) retrieved from /opt/airflow/dags/todays_gamesv2.py
[2023-05-04T14:49:36.154+0000] {logging_mixin.py:137} INFO - [2023-05-04T14:49:36.154+0000] {dag.py:2693} INFO - Sync 1 DAGs
[2023-05-04T14:49:36.188+0000] {logging_mixin.py:137} INFO - [2023-05-04T14:49:36.188+0000] {dag.py:3444} INFO - Setting next_dagrun for get_todays_gamesv2 to 2023-05-03T15:00:00+00:00, run_after=2023-05-04T15:00:00+00:00
[2023-05-04T14:49:36.208+0000] {processor.py:175} INFO - Processing /opt/airflow/dags/todays_gamesv2.py took 0.270 seconds
[2023-05-04T14:50:06.635+0000] {processor.py:153} INFO - Started process (PID=440) to work on /opt/airflow/dags/todays_gamesv2.py
[2023-05-04T14:50:06.650+0000] {processor.py:743} INFO - Processing file /opt/airflow/dags/todays_gamesv2.py for tasks to queue
[2023-05-04T14:50:06.651+0000] {logging_mixin.py:137} INFO - [2023-05-04T14:50:06.650+0000] {dagbag.py:532} INFO - Filling up the DagBag from /opt/airflow/dags/todays_gamesv2.py
[2023-05-04T14:50:07.020+0000] {processor.py:753} INFO - DAG(s) dict_keys(['get_todays_gamesv2']) retrieved from /opt/airflow/dags/todays_gamesv2.py
[2023-05-04T14:50:07.072+0000] {logging_mixin.py:137} INFO - [2023-05-04T14:50:07.071+0000] {dag.py:2693} INFO - Sync 1 DAGs
[2023-05-04T14:50:07.127+0000] {logging_mixin.py:137} INFO - [2023-05-04T14:50:07.126+0000] {dag.py:3444} INFO - Setting next_dagrun for get_todays_gamesv2 to 2023-05-03T15:00:00+00:00, run_after=2023-05-04T15:00:00+00:00
[2023-05-04T14:50:07.204+0000] {processor.py:175} INFO - Processing /opt/airflow/dags/todays_gamesv2.py took 0.574 seconds
[2023-05-04T14:50:37.975+0000] {processor.py:153} INFO - Started process (PID=491) to work on /opt/airflow/dags/todays_gamesv2.py
[2023-05-04T14:50:37.992+0000] {processor.py:743} INFO - Processing file /opt/airflow/dags/todays_gamesv2.py for tasks to queue
[2023-05-04T14:50:37.992+0000] {logging_mixin.py:137} INFO - [2023-05-04T14:50:37.992+0000] {dagbag.py:532} INFO - Filling up the DagBag from /opt/airflow/dags/todays_gamesv2.py
[2023-05-04T14:50:38.379+0000] {processor.py:753} INFO - DAG(s) dict_keys(['get_todays_gamesv2']) retrieved from /opt/airflow/dags/todays_gamesv2.py
[2023-05-04T14:50:38.442+0000] {logging_mixin.py:137} INFO - [2023-05-04T14:50:38.441+0000] {dag.py:2693} INFO - Sync 1 DAGs
[2023-05-04T14:50:38.528+0000] {logging_mixin.py:137} INFO - [2023-05-04T14:50:38.527+0000] {dag.py:3444} INFO - Setting next_dagrun for get_todays_gamesv2 to 2023-05-03T15:00:00+00:00, run_after=2023-05-04T15:00:00+00:00
[2023-05-04T14:50:38.592+0000] {processor.py:175} INFO - Processing /opt/airflow/dags/todays_gamesv2.py took 0.621 seconds
[2023-05-04T14:51:09.027+0000] {processor.py:153} INFO - Started process (PID=542) to work on /opt/airflow/dags/todays_gamesv2.py
[2023-05-04T14:51:09.032+0000] {processor.py:743} INFO - Processing file /opt/airflow/dags/todays_gamesv2.py for tasks to queue
[2023-05-04T14:51:09.033+0000] {logging_mixin.py:137} INFO - [2023-05-04T14:51:09.032+0000] {dagbag.py:532} INFO - Filling up the DagBag from /opt/airflow/dags/todays_gamesv2.py
[2023-05-04T14:51:09.384+0000] {processor.py:753} INFO - DAG(s) dict_keys(['get_todays_gamesv2']) retrieved from /opt/airflow/dags/todays_gamesv2.py
[2023-05-04T14:51:09.446+0000] {logging_mixin.py:137} INFO - [2023-05-04T14:51:09.445+0000] {dag.py:2693} INFO - Sync 1 DAGs
[2023-05-04T14:51:09.510+0000] {logging_mixin.py:137} INFO - [2023-05-04T14:51:09.509+0000] {dag.py:3444} INFO - Setting next_dagrun for get_todays_gamesv2 to 2023-05-03T15:00:00+00:00, run_after=2023-05-04T15:00:00+00:00
[2023-05-04T14:51:09.550+0000] {processor.py:175} INFO - Processing /opt/airflow/dags/todays_gamesv2.py took 0.527 seconds
[2023-05-04T14:51:39.932+0000] {processor.py:153} INFO - Started process (PID=593) to work on /opt/airflow/dags/todays_gamesv2.py
[2023-05-04T14:51:39.933+0000] {processor.py:743} INFO - Processing file /opt/airflow/dags/todays_gamesv2.py for tasks to queue
[2023-05-04T14:51:39.933+0000] {logging_mixin.py:137} INFO - [2023-05-04T14:51:39.933+0000] {dagbag.py:532} INFO - Filling up the DagBag from /opt/airflow/dags/todays_gamesv2.py
[2023-05-04T14:51:40.136+0000] {processor.py:753} INFO - DAG(s) dict_keys(['get_todays_gamesv2']) retrieved from /opt/airflow/dags/todays_gamesv2.py
[2023-05-04T14:51:40.170+0000] {logging_mixin.py:137} INFO - [2023-05-04T14:51:40.170+0000] {dag.py:2693} INFO - Sync 1 DAGs
[2023-05-04T14:51:40.207+0000] {logging_mixin.py:137} INFO - [2023-05-04T14:51:40.207+0000] {dag.py:3444} INFO - Setting next_dagrun for get_todays_gamesv2 to 2023-05-03T15:00:00+00:00, run_after=2023-05-04T15:00:00+00:00
[2023-05-04T14:51:40.233+0000] {processor.py:175} INFO - Processing /opt/airflow/dags/todays_gamesv2.py took 0.305 seconds
[2023-05-04T14:52:10.308+0000] {processor.py:153} INFO - Started process (PID=644) to work on /opt/airflow/dags/todays_gamesv2.py
[2023-05-04T14:52:10.309+0000] {processor.py:743} INFO - Processing file /opt/airflow/dags/todays_gamesv2.py for tasks to queue
[2023-05-04T14:52:10.309+0000] {logging_mixin.py:137} INFO - [2023-05-04T14:52:10.309+0000] {dagbag.py:532} INFO - Filling up the DagBag from /opt/airflow/dags/todays_gamesv2.py
[2023-05-04T14:52:10.516+0000] {processor.py:753} INFO - DAG(s) dict_keys(['get_todays_gamesv2']) retrieved from /opt/airflow/dags/todays_gamesv2.py
[2023-05-04T14:52:10.547+0000] {logging_mixin.py:137} INFO - [2023-05-04T14:52:10.546+0000] {dag.py:2693} INFO - Sync 1 DAGs
[2023-05-04T14:52:10.580+0000] {logging_mixin.py:137} INFO - [2023-05-04T14:52:10.580+0000] {dag.py:3444} INFO - Setting next_dagrun for get_todays_gamesv2 to 2023-05-03T15:00:00+00:00, run_after=2023-05-04T15:00:00+00:00
[2023-05-04T14:52:10.605+0000] {processor.py:175} INFO - Processing /opt/airflow/dags/todays_gamesv2.py took 0.302 seconds
[2023-05-04T14:52:40.847+0000] {processor.py:153} INFO - Started process (PID=696) to work on /opt/airflow/dags/todays_gamesv2.py
[2023-05-04T14:52:40.848+0000] {processor.py:743} INFO - Processing file /opt/airflow/dags/todays_gamesv2.py for tasks to queue
[2023-05-04T14:52:40.849+0000] {logging_mixin.py:137} INFO - [2023-05-04T14:52:40.849+0000] {dagbag.py:532} INFO - Filling up the DagBag from /opt/airflow/dags/todays_gamesv2.py
[2023-05-04T14:52:41.021+0000] {processor.py:753} INFO - DAG(s) dict_keys(['get_todays_gamesv2']) retrieved from /opt/airflow/dags/todays_gamesv2.py
[2023-05-04T14:52:41.058+0000] {logging_mixin.py:137} INFO - [2023-05-04T14:52:41.057+0000] {dag.py:2693} INFO - Sync 1 DAGs
[2023-05-04T14:52:41.094+0000] {logging_mixin.py:137} INFO - [2023-05-04T14:52:41.094+0000] {dag.py:3444} INFO - Setting next_dagrun for get_todays_gamesv2 to 2023-05-03T15:00:00+00:00, run_after=2023-05-04T15:00:00+00:00
[2023-05-04T14:52:41.116+0000] {processor.py:175} INFO - Processing /opt/airflow/dags/todays_gamesv2.py took 0.273 seconds
[2023-05-04T14:53:11.598+0000] {processor.py:153} INFO - Started process (PID=746) to work on /opt/airflow/dags/todays_gamesv2.py
[2023-05-04T14:53:11.599+0000] {processor.py:743} INFO - Processing file /opt/airflow/dags/todays_gamesv2.py for tasks to queue
[2023-05-04T14:53:11.600+0000] {logging_mixin.py:137} INFO - [2023-05-04T14:53:11.600+0000] {dagbag.py:532} INFO - Filling up the DagBag from /opt/airflow/dags/todays_gamesv2.py
[2023-05-04T14:53:11.775+0000] {processor.py:753} INFO - DAG(s) dict_keys(['get_todays_gamesv2']) retrieved from /opt/airflow/dags/todays_gamesv2.py
[2023-05-04T14:53:11.812+0000] {logging_mixin.py:137} INFO - [2023-05-04T14:53:11.812+0000] {dag.py:2693} INFO - Sync 1 DAGs
[2023-05-04T14:53:11.851+0000] {logging_mixin.py:137} INFO - [2023-05-04T14:53:11.851+0000] {dag.py:3444} INFO - Setting next_dagrun for get_todays_gamesv2 to 2023-05-03T15:00:00+00:00, run_after=2023-05-04T15:00:00+00:00
[2023-05-04T14:53:11.875+0000] {processor.py:175} INFO - Processing /opt/airflow/dags/todays_gamesv2.py took 0.281 seconds
[2023-05-04T14:53:42.430+0000] {processor.py:153} INFO - Started process (PID=805) to work on /opt/airflow/dags/todays_gamesv2.py
[2023-05-04T14:53:42.431+0000] {processor.py:743} INFO - Processing file /opt/airflow/dags/todays_gamesv2.py for tasks to queue
[2023-05-04T14:53:42.432+0000] {logging_mixin.py:137} INFO - [2023-05-04T14:53:42.432+0000] {dagbag.py:532} INFO - Filling up the DagBag from /opt/airflow/dags/todays_gamesv2.py
[2023-05-04T14:53:42.607+0000] {processor.py:753} INFO - DAG(s) dict_keys(['get_todays_gamesv2']) retrieved from /opt/airflow/dags/todays_gamesv2.py
[2023-05-04T14:53:42.642+0000] {logging_mixin.py:137} INFO - [2023-05-04T14:53:42.642+0000] {dag.py:2693} INFO - Sync 1 DAGs
[2023-05-04T14:53:42.676+0000] {logging_mixin.py:137} INFO - [2023-05-04T14:53:42.676+0000] {dag.py:3444} INFO - Setting next_dagrun for get_todays_gamesv2 to 2023-05-03T15:00:00+00:00, run_after=2023-05-04T15:00:00+00:00
[2023-05-04T14:53:42.697+0000] {processor.py:175} INFO - Processing /opt/airflow/dags/todays_gamesv2.py took 0.272 seconds
[2023-05-04T14:54:13.007+0000] {processor.py:153} INFO - Started process (PID=856) to work on /opt/airflow/dags/todays_gamesv2.py
[2023-05-04T14:54:13.009+0000] {processor.py:743} INFO - Processing file /opt/airflow/dags/todays_gamesv2.py for tasks to queue
[2023-05-04T14:54:13.010+0000] {logging_mixin.py:137} INFO - [2023-05-04T14:54:13.009+0000] {dagbag.py:532} INFO - Filling up the DagBag from /opt/airflow/dags/todays_gamesv2.py
[2023-05-04T14:54:13.188+0000] {processor.py:753} INFO - DAG(s) dict_keys(['get_todays_gamesv2']) retrieved from /opt/airflow/dags/todays_gamesv2.py
[2023-05-04T14:54:13.225+0000] {logging_mixin.py:137} INFO - [2023-05-04T14:54:13.225+0000] {dag.py:2693} INFO - Sync 1 DAGs
[2023-05-04T14:54:13.259+0000] {logging_mixin.py:137} INFO - [2023-05-04T14:54:13.259+0000] {dag.py:3444} INFO - Setting next_dagrun for get_todays_gamesv2 to 2023-05-03T15:00:00+00:00, run_after=2023-05-04T15:00:00+00:00
[2023-05-04T14:54:13.281+0000] {processor.py:175} INFO - Processing /opt/airflow/dags/todays_gamesv2.py took 0.278 seconds
[2023-05-04T14:54:43.793+0000] {processor.py:153} INFO - Started process (PID=907) to work on /opt/airflow/dags/todays_gamesv2.py
[2023-05-04T14:54:43.794+0000] {processor.py:743} INFO - Processing file /opt/airflow/dags/todays_gamesv2.py for tasks to queue
[2023-05-04T14:54:43.795+0000] {logging_mixin.py:137} INFO - [2023-05-04T14:54:43.794+0000] {dagbag.py:532} INFO - Filling up the DagBag from /opt/airflow/dags/todays_gamesv2.py
[2023-05-04T14:54:43.971+0000] {processor.py:753} INFO - DAG(s) dict_keys(['get_todays_gamesv2']) retrieved from /opt/airflow/dags/todays_gamesv2.py
[2023-05-04T14:54:44.008+0000] {logging_mixin.py:137} INFO - [2023-05-04T14:54:44.008+0000] {dag.py:2693} INFO - Sync 1 DAGs
[2023-05-04T14:54:44.063+0000] {logging_mixin.py:137} INFO - [2023-05-04T14:54:44.062+0000] {dag.py:3444} INFO - Setting next_dagrun for get_todays_gamesv2 to 2023-05-03T15:00:00+00:00, run_after=2023-05-04T15:00:00+00:00
[2023-05-04T14:54:44.091+0000] {processor.py:175} INFO - Processing /opt/airflow/dags/todays_gamesv2.py took 0.302 seconds
[2023-05-04T14:55:14.502+0000] {processor.py:153} INFO - Started process (PID=958) to work on /opt/airflow/dags/todays_gamesv2.py
[2023-05-04T14:55:14.503+0000] {processor.py:743} INFO - Processing file /opt/airflow/dags/todays_gamesv2.py for tasks to queue
[2023-05-04T14:55:14.504+0000] {logging_mixin.py:137} INFO - [2023-05-04T14:55:14.504+0000] {dagbag.py:532} INFO - Filling up the DagBag from /opt/airflow/dags/todays_gamesv2.py
[2023-05-04T14:55:14.719+0000] {processor.py:753} INFO - DAG(s) dict_keys(['get_todays_gamesv2']) retrieved from /opt/airflow/dags/todays_gamesv2.py
[2023-05-04T14:55:14.763+0000] {logging_mixin.py:137} INFO - [2023-05-04T14:55:14.763+0000] {dag.py:2693} INFO - Sync 1 DAGs
[2023-05-04T14:55:14.800+0000] {logging_mixin.py:137} INFO - [2023-05-04T14:55:14.800+0000] {dag.py:3444} INFO - Setting next_dagrun for get_todays_gamesv2 to 2023-05-03T15:00:00+00:00, run_after=2023-05-04T15:00:00+00:00
[2023-05-04T14:55:14.821+0000] {processor.py:175} INFO - Processing /opt/airflow/dags/todays_gamesv2.py took 0.324 seconds
[2023-05-04T14:55:45.114+0000] {processor.py:153} INFO - Started process (PID=1010) to work on /opt/airflow/dags/todays_gamesv2.py
[2023-05-04T14:55:45.114+0000] {processor.py:743} INFO - Processing file /opt/airflow/dags/todays_gamesv2.py for tasks to queue
[2023-05-04T14:55:45.115+0000] {logging_mixin.py:137} INFO - [2023-05-04T14:55:45.115+0000] {dagbag.py:532} INFO - Filling up the DagBag from /opt/airflow/dags/todays_gamesv2.py
[2023-05-04T14:55:45.299+0000] {processor.py:753} INFO - DAG(s) dict_keys(['get_todays_gamesv2']) retrieved from /opt/airflow/dags/todays_gamesv2.py
[2023-05-04T14:55:45.334+0000] {logging_mixin.py:137} INFO - [2023-05-04T14:55:45.334+0000] {dag.py:2693} INFO - Sync 1 DAGs
[2023-05-04T14:55:45.393+0000] {logging_mixin.py:137} INFO - [2023-05-04T14:55:45.393+0000] {dag.py:3444} INFO - Setting next_dagrun for get_todays_gamesv2 to 2023-05-03T15:00:00+00:00, run_after=2023-05-04T15:00:00+00:00
[2023-05-04T14:55:45.414+0000] {processor.py:175} INFO - Processing /opt/airflow/dags/todays_gamesv2.py took 0.304 seconds
[2023-05-04T14:56:15.748+0000] {processor.py:153} INFO - Started process (PID=1060) to work on /opt/airflow/dags/todays_gamesv2.py
[2023-05-04T14:56:15.751+0000] {processor.py:743} INFO - Processing file /opt/airflow/dags/todays_gamesv2.py for tasks to queue
[2023-05-04T14:56:15.752+0000] {logging_mixin.py:137} INFO - [2023-05-04T14:56:15.752+0000] {dagbag.py:532} INFO - Filling up the DagBag from /opt/airflow/dags/todays_gamesv2.py
[2023-05-04T14:56:15.928+0000] {processor.py:753} INFO - DAG(s) dict_keys(['get_todays_gamesv2']) retrieved from /opt/airflow/dags/todays_gamesv2.py
[2023-05-04T14:56:15.961+0000] {logging_mixin.py:137} INFO - [2023-05-04T14:56:15.960+0000] {dag.py:2693} INFO - Sync 1 DAGs
[2023-05-04T14:56:15.995+0000] {logging_mixin.py:137} INFO - [2023-05-04T14:56:15.995+0000] {dag.py:3444} INFO - Setting next_dagrun for get_todays_gamesv2 to 2023-05-03T15:00:00+00:00, run_after=2023-05-04T15:00:00+00:00
[2023-05-04T14:56:16.017+0000] {processor.py:175} INFO - Processing /opt/airflow/dags/todays_gamesv2.py took 0.274 seconds
[2023-05-04T14:56:46.449+0000] {processor.py:153} INFO - Started process (PID=1112) to work on /opt/airflow/dags/todays_gamesv2.py
[2023-05-04T14:56:46.450+0000] {processor.py:743} INFO - Processing file /opt/airflow/dags/todays_gamesv2.py for tasks to queue
[2023-05-04T14:56:46.450+0000] {logging_mixin.py:137} INFO - [2023-05-04T14:56:46.450+0000] {dagbag.py:532} INFO - Filling up the DagBag from /opt/airflow/dags/todays_gamesv2.py
[2023-05-04T14:56:46.825+0000] {processor.py:753} INFO - DAG(s) dict_keys(['get_todays_gamesv2']) retrieved from /opt/airflow/dags/todays_gamesv2.py
[2023-05-04T14:56:46.886+0000] {logging_mixin.py:137} INFO - [2023-05-04T14:56:46.886+0000] {dag.py:2693} INFO - Sync 1 DAGs
[2023-05-04T14:56:46.952+0000] {logging_mixin.py:137} INFO - [2023-05-04T14:56:46.952+0000] {dag.py:3444} INFO - Setting next_dagrun for get_todays_gamesv2 to 2023-05-03T15:00:00+00:00, run_after=2023-05-04T15:00:00+00:00
[2023-05-04T14:56:47.013+0000] {processor.py:175} INFO - Processing /opt/airflow/dags/todays_gamesv2.py took 0.578 seconds
[2023-05-04T14:57:17.245+0000] {processor.py:153} INFO - Started process (PID=1163) to work on /opt/airflow/dags/todays_gamesv2.py
[2023-05-04T14:57:17.246+0000] {processor.py:743} INFO - Processing file /opt/airflow/dags/todays_gamesv2.py for tasks to queue
[2023-05-04T14:57:17.247+0000] {logging_mixin.py:137} INFO - [2023-05-04T14:57:17.247+0000] {dagbag.py:532} INFO - Filling up the DagBag from /opt/airflow/dags/todays_gamesv2.py
[2023-05-04T14:57:17.458+0000] {processor.py:753} INFO - DAG(s) dict_keys(['get_todays_gamesv2']) retrieved from /opt/airflow/dags/todays_gamesv2.py
[2023-05-04T14:57:17.491+0000] {logging_mixin.py:137} INFO - [2023-05-04T14:57:17.490+0000] {dag.py:2693} INFO - Sync 1 DAGs
[2023-05-04T14:57:17.525+0000] {logging_mixin.py:137} INFO - [2023-05-04T14:57:17.525+0000] {dag.py:3444} INFO - Setting next_dagrun for get_todays_gamesv2 to 2023-05-03T15:00:00+00:00, run_after=2023-05-04T15:00:00+00:00
[2023-05-04T14:57:17.546+0000] {processor.py:175} INFO - Processing /opt/airflow/dags/todays_gamesv2.py took 0.306 seconds
[2023-05-04T14:57:47.875+0000] {processor.py:153} INFO - Started process (PID=1215) to work on /opt/airflow/dags/todays_gamesv2.py
[2023-05-04T14:57:47.876+0000] {processor.py:743} INFO - Processing file /opt/airflow/dags/todays_gamesv2.py for tasks to queue
[2023-05-04T14:57:47.877+0000] {logging_mixin.py:137} INFO - [2023-05-04T14:57:47.877+0000] {dagbag.py:532} INFO - Filling up the DagBag from /opt/airflow/dags/todays_gamesv2.py
[2023-05-04T14:57:48.192+0000] {processor.py:753} INFO - DAG(s) dict_keys(['get_todays_gamesv2']) retrieved from /opt/airflow/dags/todays_gamesv2.py
[2023-05-04T14:57:48.254+0000] {logging_mixin.py:137} INFO - [2023-05-04T14:57:48.254+0000] {dag.py:2693} INFO - Sync 1 DAGs
[2023-05-04T14:57:48.350+0000] {logging_mixin.py:137} INFO - [2023-05-04T14:57:48.349+0000] {dag.py:3444} INFO - Setting next_dagrun for get_todays_gamesv2 to 2023-05-03T15:00:00+00:00, run_after=2023-05-04T15:00:00+00:00
[2023-05-04T14:57:48.466+0000] {processor.py:175} INFO - Processing /opt/airflow/dags/todays_gamesv2.py took 0.600 seconds
[2023-05-04T14:58:18.815+0000] {processor.py:153} INFO - Started process (PID=1266) to work on /opt/airflow/dags/todays_gamesv2.py
[2023-05-04T14:58:18.826+0000] {processor.py:743} INFO - Processing file /opt/airflow/dags/todays_gamesv2.py for tasks to queue
[2023-05-04T14:58:18.827+0000] {logging_mixin.py:137} INFO - [2023-05-04T14:58:18.827+0000] {dagbag.py:532} INFO - Filling up the DagBag from /opt/airflow/dags/todays_gamesv2.py
[2023-05-04T14:58:19.220+0000] {processor.py:753} INFO - DAG(s) dict_keys(['get_todays_gamesv2']) retrieved from /opt/airflow/dags/todays_gamesv2.py
[2023-05-04T14:58:19.280+0000] {logging_mixin.py:137} INFO - [2023-05-04T14:58:19.280+0000] {dag.py:2693} INFO - Sync 1 DAGs
[2023-05-04T14:58:19.354+0000] {logging_mixin.py:137} INFO - [2023-05-04T14:58:19.354+0000] {dag.py:3444} INFO - Setting next_dagrun for get_todays_gamesv2 to 2023-05-03T15:00:00+00:00, run_after=2023-05-04T15:00:00+00:00
[2023-05-04T14:58:19.403+0000] {processor.py:175} INFO - Processing /opt/airflow/dags/todays_gamesv2.py took 0.592 seconds
[2023-05-04T14:58:49.708+0000] {processor.py:153} INFO - Started process (PID=1317) to work on /opt/airflow/dags/todays_gamesv2.py
[2023-05-04T14:58:49.708+0000] {processor.py:743} INFO - Processing file /opt/airflow/dags/todays_gamesv2.py for tasks to queue
[2023-05-04T14:58:49.709+0000] {logging_mixin.py:137} INFO - [2023-05-04T14:58:49.709+0000] {dagbag.py:532} INFO - Filling up the DagBag from /opt/airflow/dags/todays_gamesv2.py
[2023-05-04T14:58:49.879+0000] {processor.py:753} INFO - DAG(s) dict_keys(['get_todays_gamesv2']) retrieved from /opt/airflow/dags/todays_gamesv2.py
[2023-05-04T14:58:49.912+0000] {logging_mixin.py:137} INFO - [2023-05-04T14:58:49.912+0000] {dag.py:2693} INFO - Sync 1 DAGs
[2023-05-04T14:58:49.949+0000] {logging_mixin.py:137} INFO - [2023-05-04T14:58:49.949+0000] {dag.py:3444} INFO - Setting next_dagrun for get_todays_gamesv2 to 2023-05-03T15:00:00+00:00, run_after=2023-05-04T15:00:00+00:00
[2023-05-04T14:58:49.971+0000] {processor.py:175} INFO - Processing /opt/airflow/dags/todays_gamesv2.py took 0.267 seconds
[2023-05-04T14:59:20.837+0000] {processor.py:153} INFO - Started process (PID=1368) to work on /opt/airflow/dags/todays_gamesv2.py
[2023-05-04T14:59:20.839+0000] {processor.py:743} INFO - Processing file /opt/airflow/dags/todays_gamesv2.py for tasks to queue
[2023-05-04T14:59:20.840+0000] {logging_mixin.py:137} INFO - [2023-05-04T14:59:20.840+0000] {dagbag.py:532} INFO - Filling up the DagBag from /opt/airflow/dags/todays_gamesv2.py
[2023-05-04T14:59:21.011+0000] {processor.py:753} INFO - DAG(s) dict_keys(['get_todays_gamesv2']) retrieved from /opt/airflow/dags/todays_gamesv2.py
[2023-05-04T14:59:21.044+0000] {logging_mixin.py:137} INFO - [2023-05-04T14:59:21.044+0000] {dag.py:2693} INFO - Sync 1 DAGs
[2023-05-04T14:59:21.078+0000] {logging_mixin.py:137} INFO - [2023-05-04T14:59:21.078+0000] {dag.py:3444} INFO - Setting next_dagrun for get_todays_gamesv2 to 2023-05-03T15:00:00+00:00, run_after=2023-05-04T15:00:00+00:00
[2023-05-04T14:59:21.099+0000] {processor.py:175} INFO - Processing /opt/airflow/dags/todays_gamesv2.py took 0.266 seconds
[2023-05-04T14:59:51.284+0000] {processor.py:153} INFO - Started process (PID=1419) to work on /opt/airflow/dags/todays_gamesv2.py
[2023-05-04T14:59:51.285+0000] {processor.py:743} INFO - Processing file /opt/airflow/dags/todays_gamesv2.py for tasks to queue
[2023-05-04T14:59:51.285+0000] {logging_mixin.py:137} INFO - [2023-05-04T14:59:51.285+0000] {dagbag.py:532} INFO - Filling up the DagBag from /opt/airflow/dags/todays_gamesv2.py
[2023-05-04T14:59:51.460+0000] {processor.py:753} INFO - DAG(s) dict_keys(['get_todays_gamesv2']) retrieved from /opt/airflow/dags/todays_gamesv2.py
[2023-05-04T14:59:51.495+0000] {logging_mixin.py:137} INFO - [2023-05-04T14:59:51.494+0000] {dag.py:2693} INFO - Sync 1 DAGs
[2023-05-04T14:59:51.529+0000] {logging_mixin.py:137} INFO - [2023-05-04T14:59:51.528+0000] {dag.py:3444} INFO - Setting next_dagrun for get_todays_gamesv2 to 2023-05-03T15:00:00+00:00, run_after=2023-05-04T15:00:00+00:00
[2023-05-04T14:59:51.551+0000] {processor.py:175} INFO - Processing /opt/airflow/dags/todays_gamesv2.py took 0.271 seconds
[2023-05-04T15:00:22.183+0000] {processor.py:153} INFO - Started process (PID=1470) to work on /opt/airflow/dags/todays_gamesv2.py
[2023-05-04T15:00:22.184+0000] {processor.py:743} INFO - Processing file /opt/airflow/dags/todays_gamesv2.py for tasks to queue
[2023-05-04T15:00:22.185+0000] {logging_mixin.py:137} INFO - [2023-05-04T15:00:22.185+0000] {dagbag.py:532} INFO - Filling up the DagBag from /opt/airflow/dags/todays_gamesv2.py
[2023-05-04T15:00:22.380+0000] {processor.py:753} INFO - DAG(s) dict_keys(['get_todays_gamesv2']) retrieved from /opt/airflow/dags/todays_gamesv2.py
[2023-05-04T15:00:22.412+0000] {logging_mixin.py:137} INFO - [2023-05-04T15:00:22.412+0000] {dag.py:2693} INFO - Sync 1 DAGs
[2023-05-04T15:00:22.447+0000] {logging_mixin.py:137} INFO - [2023-05-04T15:00:22.447+0000] {dag.py:3444} INFO - Setting next_dagrun for get_todays_gamesv2 to 2023-05-04T15:00:00+00:00, run_after=2023-05-05T15:00:00+00:00
[2023-05-04T15:00:22.468+0000] {processor.py:175} INFO - Processing /opt/airflow/dags/todays_gamesv2.py took 0.289 seconds
[2023-05-04T15:00:53.441+0000] {processor.py:153} INFO - Started process (PID=1522) to work on /opt/airflow/dags/todays_gamesv2.py
[2023-05-04T15:00:53.442+0000] {processor.py:743} INFO - Processing file /opt/airflow/dags/todays_gamesv2.py for tasks to queue
[2023-05-04T15:00:53.442+0000] {logging_mixin.py:137} INFO - [2023-05-04T15:00:53.442+0000] {dagbag.py:532} INFO - Filling up the DagBag from /opt/airflow/dags/todays_gamesv2.py
[2023-05-04T15:00:53.631+0000] {processor.py:753} INFO - DAG(s) dict_keys(['get_todays_gamesv2']) retrieved from /opt/airflow/dags/todays_gamesv2.py
[2023-05-04T15:00:53.665+0000] {logging_mixin.py:137} INFO - [2023-05-04T15:00:53.665+0000] {dag.py:2693} INFO - Sync 1 DAGs
[2023-05-04T15:00:53.703+0000] {logging_mixin.py:137} INFO - [2023-05-04T15:00:53.702+0000] {dag.py:3444} INFO - Setting next_dagrun for get_todays_gamesv2 to 2023-05-04T15:00:00+00:00, run_after=2023-05-05T15:00:00+00:00
[2023-05-04T15:00:53.725+0000] {processor.py:175} INFO - Processing /opt/airflow/dags/todays_gamesv2.py took 0.288 seconds
[2023-05-04T15:01:24.602+0000] {processor.py:153} INFO - Started process (PID=1572) to work on /opt/airflow/dags/todays_gamesv2.py
[2023-05-04T15:01:24.603+0000] {processor.py:743} INFO - Processing file /opt/airflow/dags/todays_gamesv2.py for tasks to queue
[2023-05-04T15:01:24.604+0000] {logging_mixin.py:137} INFO - [2023-05-04T15:01:24.603+0000] {dagbag.py:532} INFO - Filling up the DagBag from /opt/airflow/dags/todays_gamesv2.py
[2023-05-04T15:01:24.779+0000] {processor.py:753} INFO - DAG(s) dict_keys(['get_todays_gamesv2']) retrieved from /opt/airflow/dags/todays_gamesv2.py
[2023-05-04T15:01:24.817+0000] {logging_mixin.py:137} INFO - [2023-05-04T15:01:24.817+0000] {dag.py:2693} INFO - Sync 1 DAGs
[2023-05-04T15:01:24.856+0000] {logging_mixin.py:137} INFO - [2023-05-04T15:01:24.856+0000] {dag.py:3444} INFO - Setting next_dagrun for get_todays_gamesv2 to 2023-05-04T15:00:00+00:00, run_after=2023-05-05T15:00:00+00:00
[2023-05-04T15:01:24.878+0000] {processor.py:175} INFO - Processing /opt/airflow/dags/todays_gamesv2.py took 0.281 seconds
[2023-05-04T15:01:55.252+0000] {processor.py:153} INFO - Started process (PID=1623) to work on /opt/airflow/dags/todays_gamesv2.py
[2023-05-04T15:01:55.253+0000] {processor.py:743} INFO - Processing file /opt/airflow/dags/todays_gamesv2.py for tasks to queue
[2023-05-04T15:01:55.254+0000] {logging_mixin.py:137} INFO - [2023-05-04T15:01:55.254+0000] {dagbag.py:532} INFO - Filling up the DagBag from /opt/airflow/dags/todays_gamesv2.py
[2023-05-04T15:01:55.466+0000] {processor.py:753} INFO - DAG(s) dict_keys(['get_todays_gamesv2']) retrieved from /opt/airflow/dags/todays_gamesv2.py
[2023-05-04T15:01:55.499+0000] {logging_mixin.py:137} INFO - [2023-05-04T15:01:55.499+0000] {dag.py:2693} INFO - Sync 1 DAGs
[2023-05-04T15:01:55.544+0000] {logging_mixin.py:137} INFO - [2023-05-04T15:01:55.544+0000] {dag.py:3444} INFO - Setting next_dagrun for get_todays_gamesv2 to 2023-05-04T15:00:00+00:00, run_after=2023-05-05T15:00:00+00:00
[2023-05-04T15:01:55.565+0000] {processor.py:175} INFO - Processing /opt/airflow/dags/todays_gamesv2.py took 0.317 seconds
[2023-05-04T15:02:26.082+0000] {processor.py:153} INFO - Started process (PID=1674) to work on /opt/airflow/dags/todays_gamesv2.py
[2023-05-04T15:02:26.083+0000] {processor.py:743} INFO - Processing file /opt/airflow/dags/todays_gamesv2.py for tasks to queue
[2023-05-04T15:02:26.084+0000] {logging_mixin.py:137} INFO - [2023-05-04T15:02:26.084+0000] {dagbag.py:532} INFO - Filling up the DagBag from /opt/airflow/dags/todays_gamesv2.py
[2023-05-04T15:02:26.259+0000] {processor.py:753} INFO - DAG(s) dict_keys(['get_todays_gamesv2']) retrieved from /opt/airflow/dags/todays_gamesv2.py
[2023-05-04T15:02:26.296+0000] {logging_mixin.py:137} INFO - [2023-05-04T15:02:26.295+0000] {dag.py:2693} INFO - Sync 1 DAGs
[2023-05-04T15:02:26.332+0000] {logging_mixin.py:137} INFO - [2023-05-04T15:02:26.332+0000] {dag.py:3444} INFO - Setting next_dagrun for get_todays_gamesv2 to 2023-05-04T15:00:00+00:00, run_after=2023-05-05T15:00:00+00:00
[2023-05-04T15:02:26.353+0000] {processor.py:175} INFO - Processing /opt/airflow/dags/todays_gamesv2.py took 0.275 seconds
[2023-05-04T15:02:56.795+0000] {processor.py:153} INFO - Started process (PID=1725) to work on /opt/airflow/dags/todays_gamesv2.py
[2023-05-04T15:02:56.795+0000] {processor.py:743} INFO - Processing file /opt/airflow/dags/todays_gamesv2.py for tasks to queue
[2023-05-04T15:02:56.796+0000] {logging_mixin.py:137} INFO - [2023-05-04T15:02:56.796+0000] {dagbag.py:532} INFO - Filling up the DagBag from /opt/airflow/dags/todays_gamesv2.py
[2023-05-04T15:02:56.968+0000] {processor.py:753} INFO - DAG(s) dict_keys(['get_todays_gamesv2']) retrieved from /opt/airflow/dags/todays_gamesv2.py
[2023-05-04T15:02:57.001+0000] {logging_mixin.py:137} INFO - [2023-05-04T15:02:57.001+0000] {dag.py:2693} INFO - Sync 1 DAGs
[2023-05-04T15:02:57.035+0000] {logging_mixin.py:137} INFO - [2023-05-04T15:02:57.035+0000] {dag.py:3444} INFO - Setting next_dagrun for get_todays_gamesv2 to 2023-05-04T15:00:00+00:00, run_after=2023-05-05T15:00:00+00:00
[2023-05-04T15:02:57.056+0000] {processor.py:175} INFO - Processing /opt/airflow/dags/todays_gamesv2.py took 0.265 seconds
[2023-05-04T15:03:27.635+0000] {processor.py:153} INFO - Started process (PID=1777) to work on /opt/airflow/dags/todays_gamesv2.py
[2023-05-04T15:03:27.637+0000] {processor.py:743} INFO - Processing file /opt/airflow/dags/todays_gamesv2.py for tasks to queue
[2023-05-04T15:03:27.637+0000] {logging_mixin.py:137} INFO - [2023-05-04T15:03:27.637+0000] {dagbag.py:532} INFO - Filling up the DagBag from /opt/airflow/dags/todays_gamesv2.py
[2023-05-04T15:03:27.914+0000] {processor.py:753} INFO - DAG(s) dict_keys(['get_todays_gamesv2']) retrieved from /opt/airflow/dags/todays_gamesv2.py
[2023-05-04T15:03:27.984+0000] {logging_mixin.py:137} INFO - [2023-05-04T15:03:27.984+0000] {dag.py:2693} INFO - Sync 1 DAGs
[2023-05-04T15:03:28.045+0000] {logging_mixin.py:137} INFO - [2023-05-04T15:03:28.045+0000] {dag.py:3444} INFO - Setting next_dagrun for get_todays_gamesv2 to 2023-05-04T15:00:00+00:00, run_after=2023-05-05T15:00:00+00:00
[2023-05-04T15:03:28.103+0000] {processor.py:175} INFO - Processing /opt/airflow/dags/todays_gamesv2.py took 0.481 seconds
[2023-05-04T15:03:59.025+0000] {processor.py:153} INFO - Started process (PID=1828) to work on /opt/airflow/dags/todays_gamesv2.py
[2023-05-04T15:03:59.029+0000] {processor.py:743} INFO - Processing file /opt/airflow/dags/todays_gamesv2.py for tasks to queue
[2023-05-04T15:03:59.030+0000] {logging_mixin.py:137} INFO - [2023-05-04T15:03:59.029+0000] {dagbag.py:532} INFO - Filling up the DagBag from /opt/airflow/dags/todays_gamesv2.py
[2023-05-04T15:03:59.199+0000] {processor.py:753} INFO - DAG(s) dict_keys(['get_todays_gamesv2']) retrieved from /opt/airflow/dags/todays_gamesv2.py
[2023-05-04T15:03:59.232+0000] {logging_mixin.py:137} INFO - [2023-05-04T15:03:59.232+0000] {dag.py:2693} INFO - Sync 1 DAGs
[2023-05-04T15:03:59.268+0000] {logging_mixin.py:137} INFO - [2023-05-04T15:03:59.268+0000] {dag.py:3444} INFO - Setting next_dagrun for get_todays_gamesv2 to 2023-05-04T15:00:00+00:00, run_after=2023-05-05T15:00:00+00:00
[2023-05-04T15:03:59.289+0000] {processor.py:175} INFO - Processing /opt/airflow/dags/todays_gamesv2.py took 0.269 seconds
[2023-05-04T15:04:29.431+0000] {processor.py:153} INFO - Started process (PID=1879) to work on /opt/airflow/dags/todays_gamesv2.py
[2023-05-04T15:04:29.432+0000] {processor.py:743} INFO - Processing file /opt/airflow/dags/todays_gamesv2.py for tasks to queue
[2023-05-04T15:04:29.433+0000] {logging_mixin.py:137} INFO - [2023-05-04T15:04:29.432+0000] {dagbag.py:532} INFO - Filling up the DagBag from /opt/airflow/dags/todays_gamesv2.py
[2023-05-04T15:04:29.606+0000] {processor.py:753} INFO - DAG(s) dict_keys(['get_todays_gamesv2']) retrieved from /opt/airflow/dags/todays_gamesv2.py
[2023-05-04T15:04:29.639+0000] {logging_mixin.py:137} INFO - [2023-05-04T15:04:29.639+0000] {dag.py:2693} INFO - Sync 1 DAGs
[2023-05-04T15:04:29.676+0000] {logging_mixin.py:137} INFO - [2023-05-04T15:04:29.675+0000] {dag.py:3444} INFO - Setting next_dagrun for get_todays_gamesv2 to 2023-05-04T15:00:00+00:00, run_after=2023-05-05T15:00:00+00:00
[2023-05-04T15:04:29.697+0000] {processor.py:175} INFO - Processing /opt/airflow/dags/todays_gamesv2.py took 0.270 seconds
[2023-05-04T15:05:00.101+0000] {processor.py:153} INFO - Started process (PID=1930) to work on /opt/airflow/dags/todays_gamesv2.py
[2023-05-04T15:05:00.102+0000] {processor.py:743} INFO - Processing file /opt/airflow/dags/todays_gamesv2.py for tasks to queue
[2023-05-04T15:05:00.103+0000] {logging_mixin.py:137} INFO - [2023-05-04T15:05:00.103+0000] {dagbag.py:532} INFO - Filling up the DagBag from /opt/airflow/dags/todays_gamesv2.py
[2023-05-04T15:05:00.278+0000] {processor.py:753} INFO - DAG(s) dict_keys(['get_todays_gamesv2']) retrieved from /opt/airflow/dags/todays_gamesv2.py
[2023-05-04T15:05:00.317+0000] {logging_mixin.py:137} INFO - [2023-05-04T15:05:00.317+0000] {dag.py:2693} INFO - Sync 1 DAGs
[2023-05-04T15:05:00.353+0000] {logging_mixin.py:137} INFO - [2023-05-04T15:05:00.353+0000] {dag.py:3444} INFO - Setting next_dagrun for get_todays_gamesv2 to 2023-05-04T15:00:00+00:00, run_after=2023-05-05T15:00:00+00:00
[2023-05-04T15:05:00.376+0000] {processor.py:175} INFO - Processing /opt/airflow/dags/todays_gamesv2.py took 0.279 seconds
[2023-05-04T15:05:30.575+0000] {processor.py:153} INFO - Started process (PID=1980) to work on /opt/airflow/dags/todays_gamesv2.py
[2023-05-04T15:05:30.582+0000] {processor.py:743} INFO - Processing file /opt/airflow/dags/todays_gamesv2.py for tasks to queue
[2023-05-04T15:05:30.583+0000] {logging_mixin.py:137} INFO - [2023-05-04T15:05:30.582+0000] {dagbag.py:532} INFO - Filling up the DagBag from /opt/airflow/dags/todays_gamesv2.py
[2023-05-04T15:05:30.940+0000] {processor.py:753} INFO - DAG(s) dict_keys(['get_todays_gamesv2']) retrieved from /opt/airflow/dags/todays_gamesv2.py
[2023-05-04T15:05:30.970+0000] {logging_mixin.py:137} INFO - [2023-05-04T15:05:30.970+0000] {dag.py:2693} INFO - Sync 1 DAGs
[2023-05-04T15:05:31.020+0000] {logging_mixin.py:137} INFO - [2023-05-04T15:05:31.020+0000] {dag.py:3444} INFO - Setting next_dagrun for get_todays_gamesv2 to 2023-05-04T15:00:00+00:00, run_after=2023-05-05T15:00:00+00:00
[2023-05-04T15:05:31.043+0000] {processor.py:175} INFO - Processing /opt/airflow/dags/todays_gamesv2.py took 0.472 seconds
[2023-05-04T15:06:01.323+0000] {processor.py:153} INFO - Started process (PID=2032) to work on /opt/airflow/dags/todays_gamesv2.py
[2023-05-04T15:06:01.324+0000] {processor.py:743} INFO - Processing file /opt/airflow/dags/todays_gamesv2.py for tasks to queue
[2023-05-04T15:06:01.325+0000] {logging_mixin.py:137} INFO - [2023-05-04T15:06:01.325+0000] {dagbag.py:532} INFO - Filling up the DagBag from /opt/airflow/dags/todays_gamesv2.py
[2023-05-04T15:06:01.736+0000] {processor.py:753} INFO - DAG(s) dict_keys(['get_todays_gamesv2']) retrieved from /opt/airflow/dags/todays_gamesv2.py
[2023-05-04T15:06:01.823+0000] {logging_mixin.py:137} INFO - [2023-05-04T15:06:01.823+0000] {dag.py:2693} INFO - Sync 1 DAGs
[2023-05-04T15:06:01.897+0000] {logging_mixin.py:137} INFO - [2023-05-04T15:06:01.897+0000] {dag.py:3444} INFO - Setting next_dagrun for get_todays_gamesv2 to 2023-05-04T15:00:00+00:00, run_after=2023-05-05T15:00:00+00:00
[2023-05-04T15:06:01.936+0000] {processor.py:175} INFO - Processing /opt/airflow/dags/todays_gamesv2.py took 0.616 seconds
[2023-05-04T15:06:32.274+0000] {processor.py:153} INFO - Started process (PID=2083) to work on /opt/airflow/dags/todays_gamesv2.py
[2023-05-04T15:06:32.276+0000] {processor.py:743} INFO - Processing file /opt/airflow/dags/todays_gamesv2.py for tasks to queue
[2023-05-04T15:06:32.276+0000] {logging_mixin.py:137} INFO - [2023-05-04T15:06:32.276+0000] {dagbag.py:532} INFO - Filling up the DagBag from /opt/airflow/dags/todays_gamesv2.py
[2023-05-04T15:06:32.472+0000] {processor.py:753} INFO - DAG(s) dict_keys(['get_todays_gamesv2']) retrieved from /opt/airflow/dags/todays_gamesv2.py
[2023-05-04T15:06:32.505+0000] {logging_mixin.py:137} INFO - [2023-05-04T15:06:32.505+0000] {dag.py:2693} INFO - Sync 1 DAGs
[2023-05-04T15:06:32.542+0000] {logging_mixin.py:137} INFO - [2023-05-04T15:06:32.542+0000] {dag.py:3444} INFO - Setting next_dagrun for get_todays_gamesv2 to 2023-05-04T15:00:00+00:00, run_after=2023-05-05T15:00:00+00:00
[2023-05-04T15:06:32.567+0000] {processor.py:175} INFO - Processing /opt/airflow/dags/todays_gamesv2.py took 0.296 seconds
[2023-05-04T15:07:03.028+0000] {processor.py:153} INFO - Started process (PID=2134) to work on /opt/airflow/dags/todays_gamesv2.py
[2023-05-04T15:07:03.032+0000] {processor.py:743} INFO - Processing file /opt/airflow/dags/todays_gamesv2.py for tasks to queue
[2023-05-04T15:07:03.032+0000] {logging_mixin.py:137} INFO - [2023-05-04T15:07:03.032+0000] {dagbag.py:532} INFO - Filling up the DagBag from /opt/airflow/dags/todays_gamesv2.py
[2023-05-04T15:07:03.207+0000] {processor.py:753} INFO - DAG(s) dict_keys(['get_todays_gamesv2']) retrieved from /opt/airflow/dags/todays_gamesv2.py
[2023-05-04T15:07:03.249+0000] {logging_mixin.py:137} INFO - [2023-05-04T15:07:03.249+0000] {dag.py:2693} INFO - Sync 1 DAGs
[2023-05-04T15:07:03.284+0000] {logging_mixin.py:137} INFO - [2023-05-04T15:07:03.284+0000] {dag.py:3444} INFO - Setting next_dagrun for get_todays_gamesv2 to 2023-05-04T15:00:00+00:00, run_after=2023-05-05T15:00:00+00:00
[2023-05-04T15:07:03.305+0000] {processor.py:175} INFO - Processing /opt/airflow/dags/todays_gamesv2.py took 0.282 seconds
[2023-05-04T15:07:33.516+0000] {processor.py:153} INFO - Started process (PID=2184) to work on /opt/airflow/dags/todays_gamesv2.py
[2023-05-04T15:07:33.517+0000] {processor.py:743} INFO - Processing file /opt/airflow/dags/todays_gamesv2.py for tasks to queue
[2023-05-04T15:07:33.518+0000] {logging_mixin.py:137} INFO - [2023-05-04T15:07:33.518+0000] {dagbag.py:532} INFO - Filling up the DagBag from /opt/airflow/dags/todays_gamesv2.py
[2023-05-04T15:07:33.692+0000] {processor.py:753} INFO - DAG(s) dict_keys(['get_todays_gamesv2']) retrieved from /opt/airflow/dags/todays_gamesv2.py
[2023-05-04T15:07:33.730+0000] {logging_mixin.py:137} INFO - [2023-05-04T15:07:33.730+0000] {dag.py:2693} INFO - Sync 1 DAGs
[2023-05-04T15:07:33.766+0000] {logging_mixin.py:137} INFO - [2023-05-04T15:07:33.766+0000] {dag.py:3444} INFO - Setting next_dagrun for get_todays_gamesv2 to 2023-05-04T15:00:00+00:00, run_after=2023-05-05T15:00:00+00:00
[2023-05-04T15:07:33.790+0000] {processor.py:175} INFO - Processing /opt/airflow/dags/todays_gamesv2.py took 0.279 seconds
[2023-05-04T15:08:04.659+0000] {processor.py:153} INFO - Started process (PID=2235) to work on /opt/airflow/dags/todays_gamesv2.py
[2023-05-04T15:08:04.661+0000] {processor.py:743} INFO - Processing file /opt/airflow/dags/todays_gamesv2.py for tasks to queue
[2023-05-04T15:08:04.661+0000] {logging_mixin.py:137} INFO - [2023-05-04T15:08:04.661+0000] {dagbag.py:532} INFO - Filling up the DagBag from /opt/airflow/dags/todays_gamesv2.py
[2023-05-04T15:08:04.830+0000] {processor.py:753} INFO - DAG(s) dict_keys(['get_todays_gamesv2']) retrieved from /opt/airflow/dags/todays_gamesv2.py
[2023-05-04T15:08:04.863+0000] {logging_mixin.py:137} INFO - [2023-05-04T15:08:04.863+0000] {dag.py:2693} INFO - Sync 1 DAGs
[2023-05-04T15:08:04.898+0000] {logging_mixin.py:137} INFO - [2023-05-04T15:08:04.898+0000] {dag.py:3444} INFO - Setting next_dagrun for get_todays_gamesv2 to 2023-05-04T15:00:00+00:00, run_after=2023-05-05T15:00:00+00:00
[2023-05-04T15:08:04.919+0000] {processor.py:175} INFO - Processing /opt/airflow/dags/todays_gamesv2.py took 0.264 seconds
[2023-05-04T15:08:35.840+0000] {processor.py:153} INFO - Started process (PID=2286) to work on /opt/airflow/dags/todays_gamesv2.py
[2023-05-04T15:08:35.841+0000] {processor.py:743} INFO - Processing file /opt/airflow/dags/todays_gamesv2.py for tasks to queue
[2023-05-04T15:08:35.842+0000] {logging_mixin.py:137} INFO - [2023-05-04T15:08:35.842+0000] {dagbag.py:532} INFO - Filling up the DagBag from /opt/airflow/dags/todays_gamesv2.py
[2023-05-04T15:08:36.012+0000] {processor.py:753} INFO - DAG(s) dict_keys(['get_todays_gamesv2']) retrieved from /opt/airflow/dags/todays_gamesv2.py
[2023-05-04T15:08:36.045+0000] {logging_mixin.py:137} INFO - [2023-05-04T15:08:36.045+0000] {dag.py:2693} INFO - Sync 1 DAGs
[2023-05-04T15:08:36.080+0000] {logging_mixin.py:137} INFO - [2023-05-04T15:08:36.080+0000] {dag.py:3444} INFO - Setting next_dagrun for get_todays_gamesv2 to 2023-05-04T15:00:00+00:00, run_after=2023-05-05T15:00:00+00:00
[2023-05-04T15:08:36.101+0000] {processor.py:175} INFO - Processing /opt/airflow/dags/todays_gamesv2.py took 0.265 seconds
[2023-05-04T15:09:06.420+0000] {processor.py:153} INFO - Started process (PID=2337) to work on /opt/airflow/dags/todays_gamesv2.py
[2023-05-04T15:09:06.425+0000] {processor.py:743} INFO - Processing file /opt/airflow/dags/todays_gamesv2.py for tasks to queue
[2023-05-04T15:09:06.425+0000] {logging_mixin.py:137} INFO - [2023-05-04T15:09:06.425+0000] {dagbag.py:532} INFO - Filling up the DagBag from /opt/airflow/dags/todays_gamesv2.py
[2023-05-04T15:09:06.595+0000] {processor.py:753} INFO - DAG(s) dict_keys(['get_todays_gamesv2']) retrieved from /opt/airflow/dags/todays_gamesv2.py
[2023-05-04T15:09:06.631+0000] {logging_mixin.py:137} INFO - [2023-05-04T15:09:06.631+0000] {dag.py:2693} INFO - Sync 1 DAGs
[2023-05-04T15:09:06.665+0000] {logging_mixin.py:137} INFO - [2023-05-04T15:09:06.665+0000] {dag.py:3444} INFO - Setting next_dagrun for get_todays_gamesv2 to 2023-05-04T15:00:00+00:00, run_after=2023-05-05T15:00:00+00:00
[2023-05-04T15:09:06.685+0000] {processor.py:175} INFO - Processing /opt/airflow/dags/todays_gamesv2.py took 0.270 seconds
[2023-05-04T15:09:37.114+0000] {processor.py:153} INFO - Started process (PID=2388) to work on /opt/airflow/dags/todays_gamesv2.py
[2023-05-04T15:09:37.115+0000] {processor.py:743} INFO - Processing file /opt/airflow/dags/todays_gamesv2.py for tasks to queue
[2023-05-04T15:09:37.116+0000] {logging_mixin.py:137} INFO - [2023-05-04T15:09:37.115+0000] {dagbag.py:532} INFO - Filling up the DagBag from /opt/airflow/dags/todays_gamesv2.py
[2023-05-04T15:09:37.310+0000] {processor.py:753} INFO - DAG(s) dict_keys(['get_todays_gamesv2']) retrieved from /opt/airflow/dags/todays_gamesv2.py
[2023-05-04T15:09:37.344+0000] {logging_mixin.py:137} INFO - [2023-05-04T15:09:37.343+0000] {dag.py:2693} INFO - Sync 1 DAGs
[2023-05-04T15:09:37.378+0000] {logging_mixin.py:137} INFO - [2023-05-04T15:09:37.378+0000] {dag.py:3444} INFO - Setting next_dagrun for get_todays_gamesv2 to 2023-05-04T15:00:00+00:00, run_after=2023-05-05T15:00:00+00:00
[2023-05-04T15:09:37.399+0000] {processor.py:175} INFO - Processing /opt/airflow/dags/todays_gamesv2.py took 0.289 seconds
[2023-05-04T15:10:07.939+0000] {processor.py:153} INFO - Started process (PID=2439) to work on /opt/airflow/dags/todays_gamesv2.py
[2023-05-04T15:10:07.941+0000] {processor.py:743} INFO - Processing file /opt/airflow/dags/todays_gamesv2.py for tasks to queue
[2023-05-04T15:10:07.941+0000] {logging_mixin.py:137} INFO - [2023-05-04T15:10:07.941+0000] {dagbag.py:532} INFO - Filling up the DagBag from /opt/airflow/dags/todays_gamesv2.py
[2023-05-04T15:10:08.305+0000] {processor.py:753} INFO - DAG(s) dict_keys(['get_todays_gamesv2']) retrieved from /opt/airflow/dags/todays_gamesv2.py
[2023-05-04T15:10:08.381+0000] {logging_mixin.py:137} INFO - [2023-05-04T15:10:08.381+0000] {dag.py:2693} INFO - Sync 1 DAGs
[2023-05-04T15:10:08.447+0000] {logging_mixin.py:137} INFO - [2023-05-04T15:10:08.447+0000] {dag.py:3444} INFO - Setting next_dagrun for get_todays_gamesv2 to 2023-05-04T15:00:00+00:00, run_after=2023-05-05T15:00:00+00:00
[2023-05-04T15:10:08.491+0000] {processor.py:175} INFO - Processing /opt/airflow/dags/todays_gamesv2.py took 0.565 seconds
[2023-05-04T15:10:39.319+0000] {processor.py:153} INFO - Started process (PID=2490) to work on /opt/airflow/dags/todays_gamesv2.py
[2023-05-04T15:10:39.335+0000] {processor.py:743} INFO - Processing file /opt/airflow/dags/todays_gamesv2.py for tasks to queue
[2023-05-04T15:10:39.336+0000] {logging_mixin.py:137} INFO - [2023-05-04T15:10:39.336+0000] {dagbag.py:532} INFO - Filling up the DagBag from /opt/airflow/dags/todays_gamesv2.py
[2023-05-04T15:10:39.627+0000] {processor.py:753} INFO - DAG(s) dict_keys(['get_todays_gamesv2']) retrieved from /opt/airflow/dags/todays_gamesv2.py
[2023-05-04T15:10:39.660+0000] {logging_mixin.py:137} INFO - [2023-05-04T15:10:39.660+0000] {dag.py:2693} INFO - Sync 1 DAGs
[2023-05-04T15:10:39.695+0000] {logging_mixin.py:137} INFO - [2023-05-04T15:10:39.694+0000] {dag.py:3444} INFO - Setting next_dagrun for get_todays_gamesv2 to 2023-05-04T15:00:00+00:00, run_after=2023-05-05T15:00:00+00:00
[2023-05-04T15:10:39.724+0000] {processor.py:175} INFO - Processing /opt/airflow/dags/todays_gamesv2.py took 0.410 seconds
[2023-05-04T15:11:10.611+0000] {processor.py:153} INFO - Started process (PID=2541) to work on /opt/airflow/dags/todays_gamesv2.py
[2023-05-04T15:11:10.612+0000] {processor.py:743} INFO - Processing file /opt/airflow/dags/todays_gamesv2.py for tasks to queue
[2023-05-04T15:11:10.613+0000] {logging_mixin.py:137} INFO - [2023-05-04T15:11:10.613+0000] {dagbag.py:532} INFO - Filling up the DagBag from /opt/airflow/dags/todays_gamesv2.py
[2023-05-04T15:11:10.797+0000] {processor.py:753} INFO - DAG(s) dict_keys(['get_todays_gamesv2']) retrieved from /opt/airflow/dags/todays_gamesv2.py
[2023-05-04T15:11:10.834+0000] {logging_mixin.py:137} INFO - [2023-05-04T15:11:10.834+0000] {dag.py:2693} INFO - Sync 1 DAGs
[2023-05-04T15:11:10.871+0000] {logging_mixin.py:137} INFO - [2023-05-04T15:11:10.871+0000] {dag.py:3444} INFO - Setting next_dagrun for get_todays_gamesv2 to 2023-05-04T15:00:00+00:00, run_after=2023-05-05T15:00:00+00:00
[2023-05-04T15:11:10.911+0000] {processor.py:175} INFO - Processing /opt/airflow/dags/todays_gamesv2.py took 0.305 seconds
[2023-05-04T15:11:40.985+0000] {processor.py:153} INFO - Started process (PID=2592) to work on /opt/airflow/dags/todays_gamesv2.py
[2023-05-04T15:11:40.986+0000] {processor.py:743} INFO - Processing file /opt/airflow/dags/todays_gamesv2.py for tasks to queue
[2023-05-04T15:11:40.987+0000] {logging_mixin.py:137} INFO - [2023-05-04T15:11:40.987+0000] {dagbag.py:532} INFO - Filling up the DagBag from /opt/airflow/dags/todays_gamesv2.py
[2023-05-04T15:11:41.163+0000] {processor.py:753} INFO - DAG(s) dict_keys(['get_todays_gamesv2']) retrieved from /opt/airflow/dags/todays_gamesv2.py
[2023-05-04T15:11:41.199+0000] {logging_mixin.py:137} INFO - [2023-05-04T15:11:41.199+0000] {dag.py:2693} INFO - Sync 1 DAGs
[2023-05-04T15:11:41.235+0000] {logging_mixin.py:137} INFO - [2023-05-04T15:11:41.235+0000] {dag.py:3444} INFO - Setting next_dagrun for get_todays_gamesv2 to 2023-05-04T15:00:00+00:00, run_after=2023-05-05T15:00:00+00:00
[2023-05-04T15:11:41.258+0000] {processor.py:175} INFO - Processing /opt/airflow/dags/todays_gamesv2.py took 0.276 seconds
[2023-05-04T15:12:12.230+0000] {processor.py:153} INFO - Started process (PID=2642) to work on /opt/airflow/dags/todays_gamesv2.py
[2023-05-04T15:12:12.235+0000] {processor.py:743} INFO - Processing file /opt/airflow/dags/todays_gamesv2.py for tasks to queue
[2023-05-04T15:12:12.236+0000] {logging_mixin.py:137} INFO - [2023-05-04T15:12:12.236+0000] {dagbag.py:532} INFO - Filling up the DagBag from /opt/airflow/dags/todays_gamesv2.py
[2023-05-04T15:12:12.406+0000] {processor.py:753} INFO - DAG(s) dict_keys(['get_todays_gamesv2']) retrieved from /opt/airflow/dags/todays_gamesv2.py
[2023-05-04T15:12:12.443+0000] {logging_mixin.py:137} INFO - [2023-05-04T15:12:12.442+0000] {dag.py:2693} INFO - Sync 1 DAGs
[2023-05-04T15:12:12.477+0000] {logging_mixin.py:137} INFO - [2023-05-04T15:12:12.477+0000] {dag.py:3444} INFO - Setting next_dagrun for get_todays_gamesv2 to 2023-05-04T15:00:00+00:00, run_after=2023-05-05T15:00:00+00:00
[2023-05-04T15:12:12.508+0000] {processor.py:175} INFO - Processing /opt/airflow/dags/todays_gamesv2.py took 0.283 seconds
[2023-05-04T15:12:42.777+0000] {processor.py:153} INFO - Started process (PID=2693) to work on /opt/airflow/dags/todays_gamesv2.py
[2023-05-04T15:12:42.778+0000] {processor.py:743} INFO - Processing file /opt/airflow/dags/todays_gamesv2.py for tasks to queue
[2023-05-04T15:12:42.778+0000] {logging_mixin.py:137} INFO - [2023-05-04T15:12:42.778+0000] {dagbag.py:532} INFO - Filling up the DagBag from /opt/airflow/dags/todays_gamesv2.py
[2023-05-04T15:12:42.991+0000] {processor.py:753} INFO - DAG(s) dict_keys(['get_todays_gamesv2']) retrieved from /opt/airflow/dags/todays_gamesv2.py
[2023-05-04T15:12:43.026+0000] {logging_mixin.py:137} INFO - [2023-05-04T15:12:43.026+0000] {dag.py:2693} INFO - Sync 1 DAGs
[2023-05-04T15:12:43.066+0000] {logging_mixin.py:137} INFO - [2023-05-04T15:12:43.066+0000] {dag.py:3444} INFO - Setting next_dagrun for get_todays_gamesv2 to 2023-05-04T15:00:00+00:00, run_after=2023-05-05T15:00:00+00:00
[2023-05-04T15:12:43.087+0000] {processor.py:175} INFO - Processing /opt/airflow/dags/todays_gamesv2.py took 0.315 seconds
[2023-05-04T15:13:13.409+0000] {processor.py:153} INFO - Started process (PID=2744) to work on /opt/airflow/dags/todays_gamesv2.py
[2023-05-04T15:13:13.414+0000] {processor.py:743} INFO - Processing file /opt/airflow/dags/todays_gamesv2.py for tasks to queue
[2023-05-04T15:13:13.415+0000] {logging_mixin.py:137} INFO - [2023-05-04T15:13:13.415+0000] {dagbag.py:532} INFO - Filling up the DagBag from /opt/airflow/dags/todays_gamesv2.py
[2023-05-04T15:13:13.585+0000] {processor.py:753} INFO - DAG(s) dict_keys(['get_todays_gamesv2']) retrieved from /opt/airflow/dags/todays_gamesv2.py
[2023-05-04T15:13:13.616+0000] {logging_mixin.py:137} INFO - [2023-05-04T15:13:13.616+0000] {dag.py:2693} INFO - Sync 1 DAGs
[2023-05-04T15:13:13.651+0000] {logging_mixin.py:137} INFO - [2023-05-04T15:13:13.651+0000] {dag.py:3444} INFO - Setting next_dagrun for get_todays_gamesv2 to 2023-05-04T15:00:00+00:00, run_after=2023-05-05T15:00:00+00:00
[2023-05-04T15:13:13.672+0000] {processor.py:175} INFO - Processing /opt/airflow/dags/todays_gamesv2.py took 0.267 seconds
[2023-05-04T15:13:44.315+0000] {processor.py:153} INFO - Started process (PID=2796) to work on /opt/airflow/dags/todays_gamesv2.py
[2023-05-04T15:13:44.327+0000] {processor.py:743} INFO - Processing file /opt/airflow/dags/todays_gamesv2.py for tasks to queue
[2023-05-04T15:13:44.327+0000] {logging_mixin.py:137} INFO - [2023-05-04T15:13:44.327+0000] {dagbag.py:532} INFO - Filling up the DagBag from /opt/airflow/dags/todays_gamesv2.py
[2023-05-04T15:13:44.710+0000] {processor.py:753} INFO - DAG(s) dict_keys(['get_todays_gamesv2']) retrieved from /opt/airflow/dags/todays_gamesv2.py
[2023-05-04T15:13:44.768+0000] {logging_mixin.py:137} INFO - [2023-05-04T15:13:44.768+0000] {dag.py:2693} INFO - Sync 1 DAGs
[2023-05-04T15:13:44.840+0000] {logging_mixin.py:137} INFO - [2023-05-04T15:13:44.840+0000] {dag.py:3444} INFO - Setting next_dagrun for get_todays_gamesv2 to 2023-05-04T15:00:00+00:00, run_after=2023-05-05T15:00:00+00:00
[2023-05-04T15:13:44.878+0000] {processor.py:175} INFO - Processing /opt/airflow/dags/todays_gamesv2.py took 0.568 seconds
[2023-05-04T15:14:15.748+0000] {processor.py:153} INFO - Started process (PID=2847) to work on /opt/airflow/dags/todays_gamesv2.py
[2023-05-04T15:14:15.749+0000] {processor.py:743} INFO - Processing file /opt/airflow/dags/todays_gamesv2.py for tasks to queue
[2023-05-04T15:14:15.750+0000] {logging_mixin.py:137} INFO - [2023-05-04T15:14:15.750+0000] {dagbag.py:532} INFO - Filling up the DagBag from /opt/airflow/dags/todays_gamesv2.py
[2023-05-04T15:14:16.150+0000] {processor.py:753} INFO - DAG(s) dict_keys(['get_todays_gamesv2']) retrieved from /opt/airflow/dags/todays_gamesv2.py
[2023-05-04T15:14:16.236+0000] {logging_mixin.py:137} INFO - [2023-05-04T15:14:16.236+0000] {dag.py:2693} INFO - Sync 1 DAGs
[2023-05-04T15:14:16.296+0000] {logging_mixin.py:137} INFO - [2023-05-04T15:14:16.296+0000] {dag.py:3444} INFO - Setting next_dagrun for get_todays_gamesv2 to 2023-05-04T15:00:00+00:00, run_after=2023-05-05T15:00:00+00:00
[2023-05-04T15:14:16.327+0000] {processor.py:175} INFO - Processing /opt/airflow/dags/todays_gamesv2.py took 0.582 seconds
[2023-05-04T15:14:47.100+0000] {processor.py:153} INFO - Started process (PID=2904) to work on /opt/airflow/dags/todays_gamesv2.py
[2023-05-04T15:14:47.102+0000] {processor.py:743} INFO - Processing file /opt/airflow/dags/todays_gamesv2.py for tasks to queue
[2023-05-04T15:14:47.103+0000] {logging_mixin.py:137} INFO - [2023-05-04T15:14:47.103+0000] {dagbag.py:532} INFO - Filling up the DagBag from /opt/airflow/dags/todays_gamesv2.py
[2023-05-04T15:14:47.293+0000] {processor.py:753} INFO - DAG(s) dict_keys(['get_todays_gamesv2']) retrieved from /opt/airflow/dags/todays_gamesv2.py
[2023-05-04T15:14:47.334+0000] {logging_mixin.py:137} INFO - [2023-05-04T15:14:47.334+0000] {dag.py:2693} INFO - Sync 1 DAGs
[2023-05-04T15:14:47.370+0000] {logging_mixin.py:137} INFO - [2023-05-04T15:14:47.369+0000] {dag.py:3444} INFO - Setting next_dagrun for get_todays_gamesv2 to 2023-05-04T15:00:00+00:00, run_after=2023-05-05T15:00:00+00:00
[2023-05-04T15:14:47.392+0000] {processor.py:175} INFO - Processing /opt/airflow/dags/todays_gamesv2.py took 0.296 seconds
[2023-05-04T15:15:18.011+0000] {processor.py:153} INFO - Started process (PID=2955) to work on /opt/airflow/dags/todays_gamesv2.py
[2023-05-04T15:15:18.012+0000] {processor.py:743} INFO - Processing file /opt/airflow/dags/todays_gamesv2.py for tasks to queue
[2023-05-04T15:15:18.013+0000] {logging_mixin.py:137} INFO - [2023-05-04T15:15:18.013+0000] {dagbag.py:532} INFO - Filling up the DagBag from /opt/airflow/dags/todays_gamesv2.py
[2023-05-04T15:15:18.184+0000] {processor.py:753} INFO - DAG(s) dict_keys(['get_todays_gamesv2']) retrieved from /opt/airflow/dags/todays_gamesv2.py
[2023-05-04T15:15:18.220+0000] {logging_mixin.py:137} INFO - [2023-05-04T15:15:18.220+0000] {dag.py:2693} INFO - Sync 1 DAGs
[2023-05-04T15:15:18.258+0000] {logging_mixin.py:137} INFO - [2023-05-04T15:15:18.258+0000] {dag.py:3444} INFO - Setting next_dagrun for get_todays_gamesv2 to 2023-05-04T15:00:00+00:00, run_after=2023-05-05T15:00:00+00:00
[2023-05-04T15:15:18.279+0000] {processor.py:175} INFO - Processing /opt/airflow/dags/todays_gamesv2.py took 0.272 seconds
