[2023-05-22T14:56:01.836+0000] {processor.py:153} INFO - Started process (PID=49) to work on /home/airflow/.local/lib/python3.7/site-packages/airflow/example_dags/example_trigger_target_dag.py
[2023-05-22T14:56:01.839+0000] {processor.py:743} INFO - Processing file /home/airflow/.local/lib/python3.7/site-packages/airflow/example_dags/example_trigger_target_dag.py for tasks to queue
[2023-05-22T14:56:01.844+0000] {logging_mixin.py:137} INFO - [2023-05-22T14:56:01.843+0000] {dagbag.py:532} INFO - Filling up the DagBag from /home/airflow/.local/lib/python3.7/site-packages/airflow/example_dags/example_trigger_target_dag.py
[2023-05-22T14:56:01.899+0000] {processor.py:753} INFO - DAG(s) dict_keys(['example_trigger_target_dag']) retrieved from /home/airflow/.local/lib/python3.7/site-packages/airflow/example_dags/example_trigger_target_dag.py
[2023-05-22T14:56:01.990+0000] {logging_mixin.py:137} INFO - [2023-05-22T14:56:01.990+0000] {dag.py:2693} INFO - Sync 1 DAGs
[2023-05-22T14:56:02.045+0000] {logging_mixin.py:137} INFO - [2023-05-22T14:56:02.045+0000] {dag.py:3444} INFO - Setting next_dagrun for example_trigger_target_dag to None, run_after=None
[2023-05-22T14:56:02.087+0000] {processor.py:175} INFO - Processing /home/airflow/.local/lib/python3.7/site-packages/airflow/example_dags/example_trigger_target_dag.py took 0.280 seconds
[2023-05-22T14:56:32.622+0000] {processor.py:153} INFO - Started process (PID=101) to work on /home/airflow/.local/lib/python3.7/site-packages/airflow/example_dags/example_trigger_target_dag.py
[2023-05-22T14:56:32.623+0000] {processor.py:743} INFO - Processing file /home/airflow/.local/lib/python3.7/site-packages/airflow/example_dags/example_trigger_target_dag.py for tasks to queue
[2023-05-22T14:56:32.624+0000] {logging_mixin.py:137} INFO - [2023-05-22T14:56:32.624+0000] {dagbag.py:532} INFO - Filling up the DagBag from /home/airflow/.local/lib/python3.7/site-packages/airflow/example_dags/example_trigger_target_dag.py
[2023-05-22T14:56:32.650+0000] {processor.py:753} INFO - DAG(s) dict_keys(['example_trigger_target_dag']) retrieved from /home/airflow/.local/lib/python3.7/site-packages/airflow/example_dags/example_trigger_target_dag.py
[2023-05-22T14:56:32.684+0000] {logging_mixin.py:137} INFO - [2023-05-22T14:56:32.684+0000] {dag.py:2693} INFO - Sync 1 DAGs
[2023-05-22T14:56:32.715+0000] {logging_mixin.py:137} INFO - [2023-05-22T14:56:32.715+0000] {dag.py:3444} INFO - Setting next_dagrun for example_trigger_target_dag to None, run_after=None
[2023-05-22T14:56:32.736+0000] {processor.py:175} INFO - Processing /home/airflow/.local/lib/python3.7/site-packages/airflow/example_dags/example_trigger_target_dag.py took 0.118 seconds
[2023-05-22T14:57:02.834+0000] {processor.py:153} INFO - Started process (PID=154) to work on /home/airflow/.local/lib/python3.7/site-packages/airflow/example_dags/example_trigger_target_dag.py
[2023-05-22T14:57:02.835+0000] {processor.py:743} INFO - Processing file /home/airflow/.local/lib/python3.7/site-packages/airflow/example_dags/example_trigger_target_dag.py for tasks to queue
[2023-05-22T14:57:02.836+0000] {logging_mixin.py:137} INFO - [2023-05-22T14:57:02.836+0000] {dagbag.py:532} INFO - Filling up the DagBag from /home/airflow/.local/lib/python3.7/site-packages/airflow/example_dags/example_trigger_target_dag.py
[2023-05-22T14:57:02.865+0000] {processor.py:753} INFO - DAG(s) dict_keys(['example_trigger_target_dag']) retrieved from /home/airflow/.local/lib/python3.7/site-packages/airflow/example_dags/example_trigger_target_dag.py
[2023-05-22T14:57:02.898+0000] {logging_mixin.py:137} INFO - [2023-05-22T14:57:02.897+0000] {dag.py:2693} INFO - Sync 1 DAGs
[2023-05-22T14:57:02.930+0000] {logging_mixin.py:137} INFO - [2023-05-22T14:57:02.930+0000] {dag.py:3444} INFO - Setting next_dagrun for example_trigger_target_dag to None, run_after=None
[2023-05-22T14:57:02.969+0000] {processor.py:175} INFO - Processing /home/airflow/.local/lib/python3.7/site-packages/airflow/example_dags/example_trigger_target_dag.py took 0.139 seconds
[2023-05-22T14:57:33.742+0000] {processor.py:153} INFO - Started process (PID=207) to work on /home/airflow/.local/lib/python3.7/site-packages/airflow/example_dags/example_trigger_target_dag.py
[2023-05-22T14:57:33.746+0000] {processor.py:743} INFO - Processing file /home/airflow/.local/lib/python3.7/site-packages/airflow/example_dags/example_trigger_target_dag.py for tasks to queue
[2023-05-22T14:57:33.747+0000] {logging_mixin.py:137} INFO - [2023-05-22T14:57:33.747+0000] {dagbag.py:532} INFO - Filling up the DagBag from /home/airflow/.local/lib/python3.7/site-packages/airflow/example_dags/example_trigger_target_dag.py
[2023-05-22T14:57:33.779+0000] {processor.py:753} INFO - DAG(s) dict_keys(['example_trigger_target_dag']) retrieved from /home/airflow/.local/lib/python3.7/site-packages/airflow/example_dags/example_trigger_target_dag.py
[2023-05-22T14:57:33.815+0000] {logging_mixin.py:137} INFO - [2023-05-22T14:57:33.814+0000] {dag.py:2693} INFO - Sync 1 DAGs
[2023-05-22T14:57:33.853+0000] {logging_mixin.py:137} INFO - [2023-05-22T14:57:33.853+0000] {dag.py:3444} INFO - Setting next_dagrun for example_trigger_target_dag to None, run_after=None
[2023-05-22T14:57:33.876+0000] {processor.py:175} INFO - Processing /home/airflow/.local/lib/python3.7/site-packages/airflow/example_dags/example_trigger_target_dag.py took 0.138 seconds
[2023-05-22T14:58:04.802+0000] {processor.py:153} INFO - Started process (PID=259) to work on /home/airflow/.local/lib/python3.7/site-packages/airflow/example_dags/example_trigger_target_dag.py
[2023-05-22T14:58:04.803+0000] {processor.py:743} INFO - Processing file /home/airflow/.local/lib/python3.7/site-packages/airflow/example_dags/example_trigger_target_dag.py for tasks to queue
[2023-05-22T14:58:04.804+0000] {logging_mixin.py:137} INFO - [2023-05-22T14:58:04.804+0000] {dagbag.py:532} INFO - Filling up the DagBag from /home/airflow/.local/lib/python3.7/site-packages/airflow/example_dags/example_trigger_target_dag.py
[2023-05-22T14:58:04.833+0000] {processor.py:753} INFO - DAG(s) dict_keys(['example_trigger_target_dag']) retrieved from /home/airflow/.local/lib/python3.7/site-packages/airflow/example_dags/example_trigger_target_dag.py
[2023-05-22T14:58:04.879+0000] {logging_mixin.py:137} INFO - [2023-05-22T14:58:04.878+0000] {dag.py:2693} INFO - Sync 1 DAGs
[2023-05-22T14:58:04.914+0000] {logging_mixin.py:137} INFO - [2023-05-22T14:58:04.914+0000] {dag.py:3444} INFO - Setting next_dagrun for example_trigger_target_dag to None, run_after=None
[2023-05-22T14:58:04.936+0000] {processor.py:175} INFO - Processing /home/airflow/.local/lib/python3.7/site-packages/airflow/example_dags/example_trigger_target_dag.py took 0.139 seconds
[2023-05-22T14:58:36.003+0000] {processor.py:153} INFO - Started process (PID=310) to work on /home/airflow/.local/lib/python3.7/site-packages/airflow/example_dags/example_trigger_target_dag.py
[2023-05-22T14:58:36.004+0000] {processor.py:743} INFO - Processing file /home/airflow/.local/lib/python3.7/site-packages/airflow/example_dags/example_trigger_target_dag.py for tasks to queue
[2023-05-22T14:58:36.005+0000] {logging_mixin.py:137} INFO - [2023-05-22T14:58:36.005+0000] {dagbag.py:532} INFO - Filling up the DagBag from /home/airflow/.local/lib/python3.7/site-packages/airflow/example_dags/example_trigger_target_dag.py
[2023-05-22T14:58:36.032+0000] {processor.py:753} INFO - DAG(s) dict_keys(['example_trigger_target_dag']) retrieved from /home/airflow/.local/lib/python3.7/site-packages/airflow/example_dags/example_trigger_target_dag.py
[2023-05-22T14:58:36.064+0000] {logging_mixin.py:137} INFO - [2023-05-22T14:58:36.064+0000] {dag.py:2693} INFO - Sync 1 DAGs
[2023-05-22T14:58:36.097+0000] {logging_mixin.py:137} INFO - [2023-05-22T14:58:36.097+0000] {dag.py:3444} INFO - Setting next_dagrun for example_trigger_target_dag to None, run_after=None
[2023-05-22T14:58:36.126+0000] {processor.py:175} INFO - Processing /home/airflow/.local/lib/python3.7/site-packages/airflow/example_dags/example_trigger_target_dag.py took 0.128 seconds
[2023-05-22T14:59:06.895+0000] {processor.py:153} INFO - Started process (PID=362) to work on /home/airflow/.local/lib/python3.7/site-packages/airflow/example_dags/example_trigger_target_dag.py
[2023-05-22T14:59:06.896+0000] {processor.py:743} INFO - Processing file /home/airflow/.local/lib/python3.7/site-packages/airflow/example_dags/example_trigger_target_dag.py for tasks to queue
[2023-05-22T14:59:06.897+0000] {logging_mixin.py:137} INFO - [2023-05-22T14:59:06.897+0000] {dagbag.py:532} INFO - Filling up the DagBag from /home/airflow/.local/lib/python3.7/site-packages/airflow/example_dags/example_trigger_target_dag.py
[2023-05-22T14:59:06.925+0000] {processor.py:753} INFO - DAG(s) dict_keys(['example_trigger_target_dag']) retrieved from /home/airflow/.local/lib/python3.7/site-packages/airflow/example_dags/example_trigger_target_dag.py
[2023-05-22T14:59:06.956+0000] {logging_mixin.py:137} INFO - [2023-05-22T14:59:06.955+0000] {dag.py:2693} INFO - Sync 1 DAGs
[2023-05-22T14:59:06.987+0000] {logging_mixin.py:137} INFO - [2023-05-22T14:59:06.987+0000] {dag.py:3444} INFO - Setting next_dagrun for example_trigger_target_dag to None, run_after=None
[2023-05-22T14:59:07.009+0000] {processor.py:175} INFO - Processing /home/airflow/.local/lib/python3.7/site-packages/airflow/example_dags/example_trigger_target_dag.py took 0.118 seconds
[2023-05-22T14:59:38.242+0000] {processor.py:153} INFO - Started process (PID=414) to work on /home/airflow/.local/lib/python3.7/site-packages/airflow/example_dags/example_trigger_target_dag.py
[2023-05-22T14:59:38.244+0000] {processor.py:743} INFO - Processing file /home/airflow/.local/lib/python3.7/site-packages/airflow/example_dags/example_trigger_target_dag.py for tasks to queue
[2023-05-22T14:59:38.245+0000] {logging_mixin.py:137} INFO - [2023-05-22T14:59:38.244+0000] {dagbag.py:532} INFO - Filling up the DagBag from /home/airflow/.local/lib/python3.7/site-packages/airflow/example_dags/example_trigger_target_dag.py
[2023-05-22T14:59:38.273+0000] {processor.py:753} INFO - DAG(s) dict_keys(['example_trigger_target_dag']) retrieved from /home/airflow/.local/lib/python3.7/site-packages/airflow/example_dags/example_trigger_target_dag.py
[2023-05-22T14:59:38.306+0000] {logging_mixin.py:137} INFO - [2023-05-22T14:59:38.305+0000] {dag.py:2693} INFO - Sync 1 DAGs
[2023-05-22T14:59:38.340+0000] {logging_mixin.py:137} INFO - [2023-05-22T14:59:38.339+0000] {dag.py:3444} INFO - Setting next_dagrun for example_trigger_target_dag to None, run_after=None
[2023-05-22T14:59:38.361+0000] {processor.py:175} INFO - Processing /home/airflow/.local/lib/python3.7/site-packages/airflow/example_dags/example_trigger_target_dag.py took 0.123 seconds
[2023-05-22T15:00:09.698+0000] {processor.py:153} INFO - Started process (PID=472) to work on /home/airflow/.local/lib/python3.7/site-packages/airflow/example_dags/example_trigger_target_dag.py
[2023-05-22T15:00:09.700+0000] {processor.py:743} INFO - Processing file /home/airflow/.local/lib/python3.7/site-packages/airflow/example_dags/example_trigger_target_dag.py for tasks to queue
[2023-05-22T15:00:09.700+0000] {logging_mixin.py:137} INFO - [2023-05-22T15:00:09.700+0000] {dagbag.py:532} INFO - Filling up the DagBag from /home/airflow/.local/lib/python3.7/site-packages/airflow/example_dags/example_trigger_target_dag.py
[2023-05-22T15:00:09.729+0000] {processor.py:753} INFO - DAG(s) dict_keys(['example_trigger_target_dag']) retrieved from /home/airflow/.local/lib/python3.7/site-packages/airflow/example_dags/example_trigger_target_dag.py
[2023-05-22T15:00:09.765+0000] {logging_mixin.py:137} INFO - [2023-05-22T15:00:09.765+0000] {dag.py:2693} INFO - Sync 1 DAGs
[2023-05-22T15:00:09.798+0000] {logging_mixin.py:137} INFO - [2023-05-22T15:00:09.798+0000] {dag.py:3444} INFO - Setting next_dagrun for example_trigger_target_dag to None, run_after=None
[2023-05-22T15:00:09.822+0000] {processor.py:175} INFO - Processing /home/airflow/.local/lib/python3.7/site-packages/airflow/example_dags/example_trigger_target_dag.py took 0.128 seconds
[2023-05-22T15:00:42.506+0000] {processor.py:153} INFO - Started process (PID=524) to work on /home/airflow/.local/lib/python3.7/site-packages/airflow/example_dags/example_trigger_target_dag.py
[2023-05-22T15:00:42.507+0000] {processor.py:743} INFO - Processing file /home/airflow/.local/lib/python3.7/site-packages/airflow/example_dags/example_trigger_target_dag.py for tasks to queue
[2023-05-22T15:00:42.508+0000] {logging_mixin.py:137} INFO - [2023-05-22T15:00:42.508+0000] {dagbag.py:532} INFO - Filling up the DagBag from /home/airflow/.local/lib/python3.7/site-packages/airflow/example_dags/example_trigger_target_dag.py
[2023-05-22T15:00:42.541+0000] {processor.py:753} INFO - DAG(s) dict_keys(['example_trigger_target_dag']) retrieved from /home/airflow/.local/lib/python3.7/site-packages/airflow/example_dags/example_trigger_target_dag.py
[2023-05-22T15:00:42.572+0000] {logging_mixin.py:137} INFO - [2023-05-22T15:00:42.572+0000] {dag.py:2693} INFO - Sync 1 DAGs
[2023-05-22T15:00:42.607+0000] {logging_mixin.py:137} INFO - [2023-05-22T15:00:42.607+0000] {dag.py:3444} INFO - Setting next_dagrun for example_trigger_target_dag to None, run_after=None
[2023-05-22T15:00:42.628+0000] {processor.py:175} INFO - Processing /home/airflow/.local/lib/python3.7/site-packages/airflow/example_dags/example_trigger_target_dag.py took 0.126 seconds
[2023-05-22T15:01:14.921+0000] {processor.py:153} INFO - Started process (PID=576) to work on /home/airflow/.local/lib/python3.7/site-packages/airflow/example_dags/example_trigger_target_dag.py
[2023-05-22T15:01:14.928+0000] {processor.py:743} INFO - Processing file /home/airflow/.local/lib/python3.7/site-packages/airflow/example_dags/example_trigger_target_dag.py for tasks to queue
[2023-05-22T15:01:14.931+0000] {logging_mixin.py:137} INFO - [2023-05-22T15:01:14.931+0000] {dagbag.py:532} INFO - Filling up the DagBag from /home/airflow/.local/lib/python3.7/site-packages/airflow/example_dags/example_trigger_target_dag.py
[2023-05-22T15:01:15.030+0000] {processor.py:753} INFO - DAG(s) dict_keys(['example_trigger_target_dag']) retrieved from /home/airflow/.local/lib/python3.7/site-packages/airflow/example_dags/example_trigger_target_dag.py
[2023-05-22T15:01:15.112+0000] {logging_mixin.py:137} INFO - [2023-05-22T15:01:15.112+0000] {dag.py:2693} INFO - Sync 1 DAGs
[2023-05-22T15:01:15.192+0000] {logging_mixin.py:137} INFO - [2023-05-22T15:01:15.192+0000] {dag.py:3444} INFO - Setting next_dagrun for example_trigger_target_dag to None, run_after=None
[2023-05-22T15:01:15.235+0000] {processor.py:175} INFO - Processing /home/airflow/.local/lib/python3.7/site-packages/airflow/example_dags/example_trigger_target_dag.py took 0.326 seconds
[2023-05-22T15:01:45.993+0000] {processor.py:153} INFO - Started process (PID=629) to work on /home/airflow/.local/lib/python3.7/site-packages/airflow/example_dags/example_trigger_target_dag.py
[2023-05-22T15:01:45.999+0000] {processor.py:743} INFO - Processing file /home/airflow/.local/lib/python3.7/site-packages/airflow/example_dags/example_trigger_target_dag.py for tasks to queue
[2023-05-22T15:01:45.999+0000] {logging_mixin.py:137} INFO - [2023-05-22T15:01:45.999+0000] {dagbag.py:532} INFO - Filling up the DagBag from /home/airflow/.local/lib/python3.7/site-packages/airflow/example_dags/example_trigger_target_dag.py
[2023-05-22T15:01:46.058+0000] {processor.py:753} INFO - DAG(s) dict_keys(['example_trigger_target_dag']) retrieved from /home/airflow/.local/lib/python3.7/site-packages/airflow/example_dags/example_trigger_target_dag.py
[2023-05-22T15:01:46.118+0000] {logging_mixin.py:137} INFO - [2023-05-22T15:01:46.117+0000] {dag.py:2693} INFO - Sync 1 DAGs
[2023-05-22T15:01:46.150+0000] {logging_mixin.py:137} INFO - [2023-05-22T15:01:46.150+0000] {dag.py:3444} INFO - Setting next_dagrun for example_trigger_target_dag to None, run_after=None
[2023-05-22T15:01:46.181+0000] {processor.py:175} INFO - Processing /home/airflow/.local/lib/python3.7/site-packages/airflow/example_dags/example_trigger_target_dag.py took 0.200 seconds
[2023-05-22T15:02:17.162+0000] {processor.py:153} INFO - Started process (PID=681) to work on /home/airflow/.local/lib/python3.7/site-packages/airflow/example_dags/example_trigger_target_dag.py
[2023-05-22T15:02:17.163+0000] {processor.py:743} INFO - Processing file /home/airflow/.local/lib/python3.7/site-packages/airflow/example_dags/example_trigger_target_dag.py for tasks to queue
[2023-05-22T15:02:17.164+0000] {logging_mixin.py:137} INFO - [2023-05-22T15:02:17.164+0000] {dagbag.py:532} INFO - Filling up the DagBag from /home/airflow/.local/lib/python3.7/site-packages/airflow/example_dags/example_trigger_target_dag.py
[2023-05-22T15:02:17.192+0000] {processor.py:753} INFO - DAG(s) dict_keys(['example_trigger_target_dag']) retrieved from /home/airflow/.local/lib/python3.7/site-packages/airflow/example_dags/example_trigger_target_dag.py
[2023-05-22T15:02:17.224+0000] {logging_mixin.py:137} INFO - [2023-05-22T15:02:17.224+0000] {dag.py:2693} INFO - Sync 1 DAGs
[2023-05-22T15:02:17.258+0000] {logging_mixin.py:137} INFO - [2023-05-22T15:02:17.258+0000] {dag.py:3444} INFO - Setting next_dagrun for example_trigger_target_dag to None, run_after=None
[2023-05-22T15:02:17.283+0000] {processor.py:175} INFO - Processing /home/airflow/.local/lib/python3.7/site-packages/airflow/example_dags/example_trigger_target_dag.py took 0.125 seconds
[2023-05-22T15:02:47.694+0000] {processor.py:153} INFO - Started process (PID=733) to work on /home/airflow/.local/lib/python3.7/site-packages/airflow/example_dags/example_trigger_target_dag.py
[2023-05-22T15:02:47.695+0000] {processor.py:743} INFO - Processing file /home/airflow/.local/lib/python3.7/site-packages/airflow/example_dags/example_trigger_target_dag.py for tasks to queue
[2023-05-22T15:02:47.695+0000] {logging_mixin.py:137} INFO - [2023-05-22T15:02:47.695+0000] {dagbag.py:532} INFO - Filling up the DagBag from /home/airflow/.local/lib/python3.7/site-packages/airflow/example_dags/example_trigger_target_dag.py
[2023-05-22T15:02:47.723+0000] {processor.py:753} INFO - DAG(s) dict_keys(['example_trigger_target_dag']) retrieved from /home/airflow/.local/lib/python3.7/site-packages/airflow/example_dags/example_trigger_target_dag.py
[2023-05-22T15:02:47.756+0000] {logging_mixin.py:137} INFO - [2023-05-22T15:02:47.756+0000] {dag.py:2693} INFO - Sync 1 DAGs
[2023-05-22T15:02:47.787+0000] {logging_mixin.py:137} INFO - [2023-05-22T15:02:47.787+0000] {dag.py:3444} INFO - Setting next_dagrun for example_trigger_target_dag to None, run_after=None
[2023-05-22T15:02:47.810+0000] {processor.py:175} INFO - Processing /home/airflow/.local/lib/python3.7/site-packages/airflow/example_dags/example_trigger_target_dag.py took 0.120 seconds
[2023-05-22T15:03:18.736+0000] {processor.py:153} INFO - Started process (PID=786) to work on /home/airflow/.local/lib/python3.7/site-packages/airflow/example_dags/example_trigger_target_dag.py
[2023-05-22T15:03:18.737+0000] {processor.py:743} INFO - Processing file /home/airflow/.local/lib/python3.7/site-packages/airflow/example_dags/example_trigger_target_dag.py for tasks to queue
[2023-05-22T15:03:18.738+0000] {logging_mixin.py:137} INFO - [2023-05-22T15:03:18.737+0000] {dagbag.py:532} INFO - Filling up the DagBag from /home/airflow/.local/lib/python3.7/site-packages/airflow/example_dags/example_trigger_target_dag.py
[2023-05-22T15:03:18.764+0000] {processor.py:753} INFO - DAG(s) dict_keys(['example_trigger_target_dag']) retrieved from /home/airflow/.local/lib/python3.7/site-packages/airflow/example_dags/example_trigger_target_dag.py
[2023-05-22T15:03:18.797+0000] {logging_mixin.py:137} INFO - [2023-05-22T15:03:18.797+0000] {dag.py:2693} INFO - Sync 1 DAGs
[2023-05-22T15:03:18.833+0000] {logging_mixin.py:137} INFO - [2023-05-22T15:03:18.833+0000] {dag.py:3444} INFO - Setting next_dagrun for example_trigger_target_dag to None, run_after=None
[2023-05-22T15:03:18.854+0000] {processor.py:175} INFO - Processing /home/airflow/.local/lib/python3.7/site-packages/airflow/example_dags/example_trigger_target_dag.py took 0.122 seconds
[2023-05-22T15:03:49.815+0000] {processor.py:153} INFO - Started process (PID=838) to work on /home/airflow/.local/lib/python3.7/site-packages/airflow/example_dags/example_trigger_target_dag.py
[2023-05-22T15:03:49.816+0000] {processor.py:743} INFO - Processing file /home/airflow/.local/lib/python3.7/site-packages/airflow/example_dags/example_trigger_target_dag.py for tasks to queue
[2023-05-22T15:03:49.817+0000] {logging_mixin.py:137} INFO - [2023-05-22T15:03:49.817+0000] {dagbag.py:532} INFO - Filling up the DagBag from /home/airflow/.local/lib/python3.7/site-packages/airflow/example_dags/example_trigger_target_dag.py
[2023-05-22T15:03:49.843+0000] {processor.py:753} INFO - DAG(s) dict_keys(['example_trigger_target_dag']) retrieved from /home/airflow/.local/lib/python3.7/site-packages/airflow/example_dags/example_trigger_target_dag.py
[2023-05-22T15:03:49.877+0000] {logging_mixin.py:137} INFO - [2023-05-22T15:03:49.876+0000] {dag.py:2693} INFO - Sync 1 DAGs
[2023-05-22T15:03:49.907+0000] {logging_mixin.py:137} INFO - [2023-05-22T15:03:49.907+0000] {dag.py:3444} INFO - Setting next_dagrun for example_trigger_target_dag to None, run_after=None
[2023-05-22T15:03:49.930+0000] {processor.py:175} INFO - Processing /home/airflow/.local/lib/python3.7/site-packages/airflow/example_dags/example_trigger_target_dag.py took 0.120 seconds
[2023-05-22T15:04:20.748+0000] {processor.py:153} INFO - Started process (PID=891) to work on /home/airflow/.local/lib/python3.7/site-packages/airflow/example_dags/example_trigger_target_dag.py
[2023-05-22T15:04:20.751+0000] {processor.py:743} INFO - Processing file /home/airflow/.local/lib/python3.7/site-packages/airflow/example_dags/example_trigger_target_dag.py for tasks to queue
[2023-05-22T15:04:20.751+0000] {logging_mixin.py:137} INFO - [2023-05-22T15:04:20.751+0000] {dagbag.py:532} INFO - Filling up the DagBag from /home/airflow/.local/lib/python3.7/site-packages/airflow/example_dags/example_trigger_target_dag.py
[2023-05-22T15:04:20.779+0000] {processor.py:753} INFO - DAG(s) dict_keys(['example_trigger_target_dag']) retrieved from /home/airflow/.local/lib/python3.7/site-packages/airflow/example_dags/example_trigger_target_dag.py
[2023-05-22T15:04:20.812+0000] {logging_mixin.py:137} INFO - [2023-05-22T15:04:20.811+0000] {dag.py:2693} INFO - Sync 1 DAGs
[2023-05-22T15:04:20.842+0000] {logging_mixin.py:137} INFO - [2023-05-22T15:04:20.842+0000] {dag.py:3444} INFO - Setting next_dagrun for example_trigger_target_dag to None, run_after=None
[2023-05-22T15:04:20.864+0000] {processor.py:175} INFO - Processing /home/airflow/.local/lib/python3.7/site-packages/airflow/example_dags/example_trigger_target_dag.py took 0.120 seconds
[2023-05-22T15:04:51.793+0000] {processor.py:153} INFO - Started process (PID=944) to work on /home/airflow/.local/lib/python3.7/site-packages/airflow/example_dags/example_trigger_target_dag.py
[2023-05-22T15:04:51.794+0000] {processor.py:743} INFO - Processing file /home/airflow/.local/lib/python3.7/site-packages/airflow/example_dags/example_trigger_target_dag.py for tasks to queue
[2023-05-22T15:04:51.795+0000] {logging_mixin.py:137} INFO - [2023-05-22T15:04:51.795+0000] {dagbag.py:532} INFO - Filling up the DagBag from /home/airflow/.local/lib/python3.7/site-packages/airflow/example_dags/example_trigger_target_dag.py
[2023-05-22T15:04:51.823+0000] {processor.py:753} INFO - DAG(s) dict_keys(['example_trigger_target_dag']) retrieved from /home/airflow/.local/lib/python3.7/site-packages/airflow/example_dags/example_trigger_target_dag.py
[2023-05-22T15:04:51.859+0000] {logging_mixin.py:137} INFO - [2023-05-22T15:04:51.858+0000] {dag.py:2693} INFO - Sync 1 DAGs
[2023-05-22T15:04:51.893+0000] {logging_mixin.py:137} INFO - [2023-05-22T15:04:51.892+0000] {dag.py:3444} INFO - Setting next_dagrun for example_trigger_target_dag to None, run_after=None
[2023-05-22T15:04:51.915+0000] {processor.py:175} INFO - Processing /home/airflow/.local/lib/python3.7/site-packages/airflow/example_dags/example_trigger_target_dag.py took 0.126 seconds
[2023-05-22T15:05:22.531+0000] {processor.py:153} INFO - Started process (PID=995) to work on /home/airflow/.local/lib/python3.7/site-packages/airflow/example_dags/example_trigger_target_dag.py
[2023-05-22T15:05:22.532+0000] {processor.py:743} INFO - Processing file /home/airflow/.local/lib/python3.7/site-packages/airflow/example_dags/example_trigger_target_dag.py for tasks to queue
[2023-05-22T15:05:22.533+0000] {logging_mixin.py:137} INFO - [2023-05-22T15:05:22.533+0000] {dagbag.py:532} INFO - Filling up the DagBag from /home/airflow/.local/lib/python3.7/site-packages/airflow/example_dags/example_trigger_target_dag.py
[2023-05-22T15:05:22.560+0000] {processor.py:753} INFO - DAG(s) dict_keys(['example_trigger_target_dag']) retrieved from /home/airflow/.local/lib/python3.7/site-packages/airflow/example_dags/example_trigger_target_dag.py
[2023-05-22T15:05:22.593+0000] {logging_mixin.py:137} INFO - [2023-05-22T15:05:22.592+0000] {dag.py:2693} INFO - Sync 1 DAGs
[2023-05-22T15:05:22.625+0000] {logging_mixin.py:137} INFO - [2023-05-22T15:05:22.625+0000] {dag.py:3444} INFO - Setting next_dagrun for example_trigger_target_dag to None, run_after=None
[2023-05-22T15:05:22.646+0000] {processor.py:175} INFO - Processing /home/airflow/.local/lib/python3.7/site-packages/airflow/example_dags/example_trigger_target_dag.py took 0.119 seconds
[2023-05-22T15:05:53.014+0000] {processor.py:153} INFO - Started process (PID=1047) to work on /home/airflow/.local/lib/python3.7/site-packages/airflow/example_dags/example_trigger_target_dag.py
[2023-05-22T15:05:53.014+0000] {processor.py:743} INFO - Processing file /home/airflow/.local/lib/python3.7/site-packages/airflow/example_dags/example_trigger_target_dag.py for tasks to queue
[2023-05-22T15:05:53.015+0000] {logging_mixin.py:137} INFO - [2023-05-22T15:05:53.015+0000] {dagbag.py:532} INFO - Filling up the DagBag from /home/airflow/.local/lib/python3.7/site-packages/airflow/example_dags/example_trigger_target_dag.py
[2023-05-22T15:05:53.042+0000] {processor.py:753} INFO - DAG(s) dict_keys(['example_trigger_target_dag']) retrieved from /home/airflow/.local/lib/python3.7/site-packages/airflow/example_dags/example_trigger_target_dag.py
[2023-05-22T15:05:53.074+0000] {logging_mixin.py:137} INFO - [2023-05-22T15:05:53.074+0000] {dag.py:2693} INFO - Sync 1 DAGs
[2023-05-22T15:05:53.104+0000] {logging_mixin.py:137} INFO - [2023-05-22T15:05:53.104+0000] {dag.py:3444} INFO - Setting next_dagrun for example_trigger_target_dag to None, run_after=None
[2023-05-22T15:05:53.126+0000] {processor.py:175} INFO - Processing /home/airflow/.local/lib/python3.7/site-packages/airflow/example_dags/example_trigger_target_dag.py took 0.116 seconds
[2023-05-22T15:06:23.244+0000] {processor.py:153} INFO - Started process (PID=1100) to work on /home/airflow/.local/lib/python3.7/site-packages/airflow/example_dags/example_trigger_target_dag.py
[2023-05-22T15:06:23.246+0000] {processor.py:743} INFO - Processing file /home/airflow/.local/lib/python3.7/site-packages/airflow/example_dags/example_trigger_target_dag.py for tasks to queue
[2023-05-22T15:06:23.247+0000] {logging_mixin.py:137} INFO - [2023-05-22T15:06:23.246+0000] {dagbag.py:532} INFO - Filling up the DagBag from /home/airflow/.local/lib/python3.7/site-packages/airflow/example_dags/example_trigger_target_dag.py
[2023-05-22T15:06:23.275+0000] {processor.py:753} INFO - DAG(s) dict_keys(['example_trigger_target_dag']) retrieved from /home/airflow/.local/lib/python3.7/site-packages/airflow/example_dags/example_trigger_target_dag.py
[2023-05-22T15:06:23.306+0000] {logging_mixin.py:137} INFO - [2023-05-22T15:06:23.306+0000] {dag.py:2693} INFO - Sync 1 DAGs
[2023-05-22T15:06:23.336+0000] {logging_mixin.py:137} INFO - [2023-05-22T15:06:23.336+0000] {dag.py:3444} INFO - Setting next_dagrun for example_trigger_target_dag to None, run_after=None
[2023-05-22T15:06:23.364+0000] {processor.py:175} INFO - Processing /home/airflow/.local/lib/python3.7/site-packages/airflow/example_dags/example_trigger_target_dag.py took 0.125 seconds
[2023-05-22T15:06:54.178+0000] {processor.py:153} INFO - Started process (PID=1152) to work on /home/airflow/.local/lib/python3.7/site-packages/airflow/example_dags/example_trigger_target_dag.py
[2023-05-22T15:06:54.179+0000] {processor.py:743} INFO - Processing file /home/airflow/.local/lib/python3.7/site-packages/airflow/example_dags/example_trigger_target_dag.py for tasks to queue
[2023-05-22T15:06:54.180+0000] {logging_mixin.py:137} INFO - [2023-05-22T15:06:54.180+0000] {dagbag.py:532} INFO - Filling up the DagBag from /home/airflow/.local/lib/python3.7/site-packages/airflow/example_dags/example_trigger_target_dag.py
[2023-05-22T15:06:54.207+0000] {processor.py:753} INFO - DAG(s) dict_keys(['example_trigger_target_dag']) retrieved from /home/airflow/.local/lib/python3.7/site-packages/airflow/example_dags/example_trigger_target_dag.py
[2023-05-22T15:06:54.237+0000] {logging_mixin.py:137} INFO - [2023-05-22T15:06:54.236+0000] {dag.py:2693} INFO - Sync 1 DAGs
[2023-05-22T15:06:54.269+0000] {logging_mixin.py:137} INFO - [2023-05-22T15:06:54.269+0000] {dag.py:3444} INFO - Setting next_dagrun for example_trigger_target_dag to None, run_after=None
[2023-05-22T15:06:54.290+0000] {processor.py:175} INFO - Processing /home/airflow/.local/lib/python3.7/site-packages/airflow/example_dags/example_trigger_target_dag.py took 0.116 seconds
[2023-05-22T15:07:26.193+0000] {processor.py:153} INFO - Started process (PID=1204) to work on /home/airflow/.local/lib/python3.7/site-packages/airflow/example_dags/example_trigger_target_dag.py
[2023-05-22T15:07:26.194+0000] {processor.py:743} INFO - Processing file /home/airflow/.local/lib/python3.7/site-packages/airflow/example_dags/example_trigger_target_dag.py for tasks to queue
[2023-05-22T15:07:26.195+0000] {logging_mixin.py:137} INFO - [2023-05-22T15:07:26.195+0000] {dagbag.py:532} INFO - Filling up the DagBag from /home/airflow/.local/lib/python3.7/site-packages/airflow/example_dags/example_trigger_target_dag.py
[2023-05-22T15:07:26.222+0000] {processor.py:753} INFO - DAG(s) dict_keys(['example_trigger_target_dag']) retrieved from /home/airflow/.local/lib/python3.7/site-packages/airflow/example_dags/example_trigger_target_dag.py
[2023-05-22T15:07:26.259+0000] {logging_mixin.py:137} INFO - [2023-05-22T15:07:26.258+0000] {dag.py:2693} INFO - Sync 1 DAGs
[2023-05-22T15:07:26.293+0000] {logging_mixin.py:137} INFO - [2023-05-22T15:07:26.293+0000] {dag.py:3444} INFO - Setting next_dagrun for example_trigger_target_dag to None, run_after=None
[2023-05-22T15:07:26.325+0000] {processor.py:175} INFO - Processing /home/airflow/.local/lib/python3.7/site-packages/airflow/example_dags/example_trigger_target_dag.py took 0.135 seconds
[2023-05-22T15:07:57.901+0000] {processor.py:153} INFO - Started process (PID=1256) to work on /home/airflow/.local/lib/python3.7/site-packages/airflow/example_dags/example_trigger_target_dag.py
[2023-05-22T15:07:57.904+0000] {processor.py:743} INFO - Processing file /home/airflow/.local/lib/python3.7/site-packages/airflow/example_dags/example_trigger_target_dag.py for tasks to queue
[2023-05-22T15:07:57.906+0000] {logging_mixin.py:137} INFO - [2023-05-22T15:07:57.906+0000] {dagbag.py:532} INFO - Filling up the DagBag from /home/airflow/.local/lib/python3.7/site-packages/airflow/example_dags/example_trigger_target_dag.py
[2023-05-22T15:07:57.961+0000] {processor.py:753} INFO - DAG(s) dict_keys(['example_trigger_target_dag']) retrieved from /home/airflow/.local/lib/python3.7/site-packages/airflow/example_dags/example_trigger_target_dag.py
[2023-05-22T15:07:57.992+0000] {logging_mixin.py:137} INFO - [2023-05-22T15:07:57.992+0000] {dag.py:2693} INFO - Sync 1 DAGs
[2023-05-22T15:07:58.023+0000] {logging_mixin.py:137} INFO - [2023-05-22T15:07:58.023+0000] {dag.py:3444} INFO - Setting next_dagrun for example_trigger_target_dag to None, run_after=None
[2023-05-22T15:07:58.056+0000] {processor.py:175} INFO - Processing /home/airflow/.local/lib/python3.7/site-packages/airflow/example_dags/example_trigger_target_dag.py took 0.171 seconds
[2023-05-22T15:08:28.649+0000] {processor.py:153} INFO - Started process (PID=1308) to work on /home/airflow/.local/lib/python3.7/site-packages/airflow/example_dags/example_trigger_target_dag.py
[2023-05-22T15:08:28.650+0000] {processor.py:743} INFO - Processing file /home/airflow/.local/lib/python3.7/site-packages/airflow/example_dags/example_trigger_target_dag.py for tasks to queue
[2023-05-22T15:08:28.651+0000] {logging_mixin.py:137} INFO - [2023-05-22T15:08:28.651+0000] {dagbag.py:532} INFO - Filling up the DagBag from /home/airflow/.local/lib/python3.7/site-packages/airflow/example_dags/example_trigger_target_dag.py
[2023-05-22T15:08:28.678+0000] {processor.py:753} INFO - DAG(s) dict_keys(['example_trigger_target_dag']) retrieved from /home/airflow/.local/lib/python3.7/site-packages/airflow/example_dags/example_trigger_target_dag.py
[2023-05-22T15:08:28.710+0000] {logging_mixin.py:137} INFO - [2023-05-22T15:08:28.710+0000] {dag.py:2693} INFO - Sync 1 DAGs
[2023-05-22T15:08:28.743+0000] {logging_mixin.py:137} INFO - [2023-05-22T15:08:28.742+0000] {dag.py:3444} INFO - Setting next_dagrun for example_trigger_target_dag to None, run_after=None
[2023-05-22T15:08:28.765+0000] {processor.py:175} INFO - Processing /home/airflow/.local/lib/python3.7/site-packages/airflow/example_dags/example_trigger_target_dag.py took 0.120 seconds
[2023-05-22T15:08:59.674+0000] {processor.py:153} INFO - Started process (PID=1359) to work on /home/airflow/.local/lib/python3.7/site-packages/airflow/example_dags/example_trigger_target_dag.py
[2023-05-22T15:08:59.676+0000] {processor.py:743} INFO - Processing file /home/airflow/.local/lib/python3.7/site-packages/airflow/example_dags/example_trigger_target_dag.py for tasks to queue
[2023-05-22T15:08:59.676+0000] {logging_mixin.py:137} INFO - [2023-05-22T15:08:59.676+0000] {dagbag.py:532} INFO - Filling up the DagBag from /home/airflow/.local/lib/python3.7/site-packages/airflow/example_dags/example_trigger_target_dag.py
[2023-05-22T15:08:59.703+0000] {processor.py:753} INFO - DAG(s) dict_keys(['example_trigger_target_dag']) retrieved from /home/airflow/.local/lib/python3.7/site-packages/airflow/example_dags/example_trigger_target_dag.py
[2023-05-22T15:08:59.737+0000] {logging_mixin.py:137} INFO - [2023-05-22T15:08:59.736+0000] {dag.py:2693} INFO - Sync 1 DAGs
[2023-05-22T15:08:59.769+0000] {logging_mixin.py:137} INFO - [2023-05-22T15:08:59.769+0000] {dag.py:3444} INFO - Setting next_dagrun for example_trigger_target_dag to None, run_after=None
[2023-05-22T15:08:59.791+0000] {processor.py:175} INFO - Processing /home/airflow/.local/lib/python3.7/site-packages/airflow/example_dags/example_trigger_target_dag.py took 0.121 seconds
[2023-05-22T15:09:30.615+0000] {processor.py:153} INFO - Started process (PID=1411) to work on /home/airflow/.local/lib/python3.7/site-packages/airflow/example_dags/example_trigger_target_dag.py
[2023-05-22T15:09:30.617+0000] {processor.py:743} INFO - Processing file /home/airflow/.local/lib/python3.7/site-packages/airflow/example_dags/example_trigger_target_dag.py for tasks to queue
[2023-05-22T15:09:30.618+0000] {logging_mixin.py:137} INFO - [2023-05-22T15:09:30.617+0000] {dagbag.py:532} INFO - Filling up the DagBag from /home/airflow/.local/lib/python3.7/site-packages/airflow/example_dags/example_trigger_target_dag.py
[2023-05-22T15:09:30.653+0000] {processor.py:753} INFO - DAG(s) dict_keys(['example_trigger_target_dag']) retrieved from /home/airflow/.local/lib/python3.7/site-packages/airflow/example_dags/example_trigger_target_dag.py
[2023-05-22T15:09:30.683+0000] {logging_mixin.py:137} INFO - [2023-05-22T15:09:30.683+0000] {dag.py:2693} INFO - Sync 1 DAGs
[2023-05-22T15:09:30.714+0000] {logging_mixin.py:137} INFO - [2023-05-22T15:09:30.714+0000] {dag.py:3444} INFO - Setting next_dagrun for example_trigger_target_dag to None, run_after=None
[2023-05-22T15:09:30.768+0000] {processor.py:175} INFO - Processing /home/airflow/.local/lib/python3.7/site-packages/airflow/example_dags/example_trigger_target_dag.py took 0.157 seconds
[2023-05-22T15:10:01.798+0000] {processor.py:153} INFO - Started process (PID=1463) to work on /home/airflow/.local/lib/python3.7/site-packages/airflow/example_dags/example_trigger_target_dag.py
[2023-05-22T15:10:01.802+0000] {processor.py:743} INFO - Processing file /home/airflow/.local/lib/python3.7/site-packages/airflow/example_dags/example_trigger_target_dag.py for tasks to queue
[2023-05-22T15:10:01.803+0000] {logging_mixin.py:137} INFO - [2023-05-22T15:10:01.803+0000] {dagbag.py:532} INFO - Filling up the DagBag from /home/airflow/.local/lib/python3.7/site-packages/airflow/example_dags/example_trigger_target_dag.py
[2023-05-22T15:10:01.831+0000] {processor.py:753} INFO - DAG(s) dict_keys(['example_trigger_target_dag']) retrieved from /home/airflow/.local/lib/python3.7/site-packages/airflow/example_dags/example_trigger_target_dag.py
[2023-05-22T15:10:01.869+0000] {logging_mixin.py:137} INFO - [2023-05-22T15:10:01.868+0000] {dag.py:2693} INFO - Sync 1 DAGs
[2023-05-22T15:10:01.901+0000] {logging_mixin.py:137} INFO - [2023-05-22T15:10:01.901+0000] {dag.py:3444} INFO - Setting next_dagrun for example_trigger_target_dag to None, run_after=None
[2023-05-22T15:10:01.926+0000] {processor.py:175} INFO - Processing /home/airflow/.local/lib/python3.7/site-packages/airflow/example_dags/example_trigger_target_dag.py took 0.133 seconds
[2023-05-22T15:10:32.530+0000] {processor.py:153} INFO - Started process (PID=1515) to work on /home/airflow/.local/lib/python3.7/site-packages/airflow/example_dags/example_trigger_target_dag.py
[2023-05-22T15:10:32.531+0000] {processor.py:743} INFO - Processing file /home/airflow/.local/lib/python3.7/site-packages/airflow/example_dags/example_trigger_target_dag.py for tasks to queue
[2023-05-22T15:10:32.532+0000] {logging_mixin.py:137} INFO - [2023-05-22T15:10:32.531+0000] {dagbag.py:532} INFO - Filling up the DagBag from /home/airflow/.local/lib/python3.7/site-packages/airflow/example_dags/example_trigger_target_dag.py
[2023-05-22T15:10:32.558+0000] {processor.py:753} INFO - DAG(s) dict_keys(['example_trigger_target_dag']) retrieved from /home/airflow/.local/lib/python3.7/site-packages/airflow/example_dags/example_trigger_target_dag.py
[2023-05-22T15:10:32.591+0000] {logging_mixin.py:137} INFO - [2023-05-22T15:10:32.590+0000] {dag.py:2693} INFO - Sync 1 DAGs
[2023-05-22T15:10:32.625+0000] {logging_mixin.py:137} INFO - [2023-05-22T15:10:32.625+0000] {dag.py:3444} INFO - Setting next_dagrun for example_trigger_target_dag to None, run_after=None
[2023-05-22T15:10:32.646+0000] {processor.py:175} INFO - Processing /home/airflow/.local/lib/python3.7/site-packages/airflow/example_dags/example_trigger_target_dag.py took 0.120 seconds
