[2023-05-22T14:56:01.681+0000] {processor.py:153} INFO - Started process (PID=48) to work on /home/airflow/.local/lib/python3.7/site-packages/airflow/example_dags/example_branch_datetime_operator.py
[2023-05-22T14:56:01.682+0000] {processor.py:743} INFO - Processing file /home/airflow/.local/lib/python3.7/site-packages/airflow/example_dags/example_branch_datetime_operator.py for tasks to queue
[2023-05-22T14:56:01.682+0000] {logging_mixin.py:137} INFO - [2023-05-22T14:56:01.682+0000] {dagbag.py:532} INFO - Filling up the DagBag from /home/airflow/.local/lib/python3.7/site-packages/airflow/example_dags/example_branch_datetime_operator.py
[2023-05-22T14:56:01.728+0000] {processor.py:753} INFO - DAG(s) dict_keys(['example_branch_datetime_operator', 'example_branch_datetime_operator_3', 'example_branch_datetime_operator_2']) retrieved from /home/airflow/.local/lib/python3.7/site-packages/airflow/example_dags/example_branch_datetime_operator.py
[2023-05-22T14:56:01.810+0000] {logging_mixin.py:137} INFO - [2023-05-22T14:56:01.810+0000] {dag.py:2693} INFO - Sync 3 DAGs
[2023-05-22T14:56:01.855+0000] {logging_mixin.py:137} INFO - [2023-05-22T14:56:01.855+0000] {dag.py:3444} INFO - Setting next_dagrun for example_branch_datetime_operator to 2023-05-21T00:00:00+00:00, run_after=2023-05-22T00:00:00+00:00
[2023-05-22T14:56:01.862+0000] {logging_mixin.py:137} INFO - [2023-05-22T14:56:01.862+0000] {dag.py:3444} INFO - Setting next_dagrun for example_branch_datetime_operator_2 to 2023-05-21T00:00:00+00:00, run_after=2023-05-22T00:00:00+00:00
[2023-05-22T14:56:01.869+0000] {logging_mixin.py:137} INFO - [2023-05-22T14:56:01.869+0000] {dag.py:3444} INFO - Setting next_dagrun for example_branch_datetime_operator_3 to 2023-05-21T00:00:00+00:00, run_after=2023-05-22T00:00:00+00:00
[2023-05-22T14:56:01.909+0000] {processor.py:175} INFO - Processing /home/airflow/.local/lib/python3.7/site-packages/airflow/example_dags/example_branch_datetime_operator.py took 0.241 seconds
[2023-05-22T14:56:32.472+0000] {processor.py:153} INFO - Started process (PID=100) to work on /home/airflow/.local/lib/python3.7/site-packages/airflow/example_dags/example_branch_datetime_operator.py
[2023-05-22T14:56:32.473+0000] {processor.py:743} INFO - Processing file /home/airflow/.local/lib/python3.7/site-packages/airflow/example_dags/example_branch_datetime_operator.py for tasks to queue
[2023-05-22T14:56:32.475+0000] {logging_mixin.py:137} INFO - [2023-05-22T14:56:32.475+0000] {dagbag.py:532} INFO - Filling up the DagBag from /home/airflow/.local/lib/python3.7/site-packages/airflow/example_dags/example_branch_datetime_operator.py
[2023-05-22T14:56:32.496+0000] {processor.py:753} INFO - DAG(s) dict_keys(['example_branch_datetime_operator_3', 'example_branch_datetime_operator_2', 'example_branch_datetime_operator']) retrieved from /home/airflow/.local/lib/python3.7/site-packages/airflow/example_dags/example_branch_datetime_operator.py
[2023-05-22T14:56:32.537+0000] {logging_mixin.py:137} INFO - [2023-05-22T14:56:32.537+0000] {dag.py:2693} INFO - Sync 3 DAGs
[2023-05-22T14:56:32.571+0000] {logging_mixin.py:137} INFO - [2023-05-22T14:56:32.571+0000] {dag.py:3444} INFO - Setting next_dagrun for example_branch_datetime_operator to 2023-05-21T00:00:00+00:00, run_after=2023-05-22T00:00:00+00:00
[2023-05-22T14:56:32.577+0000] {logging_mixin.py:137} INFO - [2023-05-22T14:56:32.577+0000] {dag.py:3444} INFO - Setting next_dagrun for example_branch_datetime_operator_2 to 2023-05-21T00:00:00+00:00, run_after=2023-05-22T00:00:00+00:00
[2023-05-22T14:56:32.581+0000] {logging_mixin.py:137} INFO - [2023-05-22T14:56:32.580+0000] {dag.py:3444} INFO - Setting next_dagrun for example_branch_datetime_operator_3 to 2023-05-21T00:00:00+00:00, run_after=2023-05-22T00:00:00+00:00
[2023-05-22T14:56:32.600+0000] {processor.py:175} INFO - Processing /home/airflow/.local/lib/python3.7/site-packages/airflow/example_dags/example_branch_datetime_operator.py took 0.132 seconds
[2023-05-22T14:57:02.742+0000] {processor.py:153} INFO - Started process (PID=153) to work on /home/airflow/.local/lib/python3.7/site-packages/airflow/example_dags/example_branch_datetime_operator.py
[2023-05-22T14:57:02.744+0000] {processor.py:743} INFO - Processing file /home/airflow/.local/lib/python3.7/site-packages/airflow/example_dags/example_branch_datetime_operator.py for tasks to queue
[2023-05-22T14:57:02.744+0000] {logging_mixin.py:137} INFO - [2023-05-22T14:57:02.744+0000] {dagbag.py:532} INFO - Filling up the DagBag from /home/airflow/.local/lib/python3.7/site-packages/airflow/example_dags/example_branch_datetime_operator.py
[2023-05-22T14:57:02.769+0000] {processor.py:753} INFO - DAG(s) dict_keys(['example_branch_datetime_operator', 'example_branch_datetime_operator_3', 'example_branch_datetime_operator_2']) retrieved from /home/airflow/.local/lib/python3.7/site-packages/airflow/example_dags/example_branch_datetime_operator.py
[2023-05-22T14:57:02.811+0000] {logging_mixin.py:137} INFO - [2023-05-22T14:57:02.810+0000] {dag.py:2693} INFO - Sync 3 DAGs
[2023-05-22T14:57:02.846+0000] {logging_mixin.py:137} INFO - [2023-05-22T14:57:02.846+0000] {dag.py:3444} INFO - Setting next_dagrun for example_branch_datetime_operator to 2023-05-21T00:00:00+00:00, run_after=2023-05-22T00:00:00+00:00
[2023-05-22T14:57:02.852+0000] {logging_mixin.py:137} INFO - [2023-05-22T14:57:02.852+0000] {dag.py:3444} INFO - Setting next_dagrun for example_branch_datetime_operator_2 to 2023-05-21T00:00:00+00:00, run_after=2023-05-22T00:00:00+00:00
[2023-05-22T14:57:02.855+0000] {logging_mixin.py:137} INFO - [2023-05-22T14:57:02.855+0000] {dag.py:3444} INFO - Setting next_dagrun for example_branch_datetime_operator_3 to 2023-05-21T00:00:00+00:00, run_after=2023-05-22T00:00:00+00:00
[2023-05-22T14:57:02.875+0000] {processor.py:175} INFO - Processing /home/airflow/.local/lib/python3.7/site-packages/airflow/example_dags/example_branch_datetime_operator.py took 0.137 seconds
[2023-05-22T14:57:33.626+0000] {processor.py:153} INFO - Started process (PID=206) to work on /home/airflow/.local/lib/python3.7/site-packages/airflow/example_dags/example_branch_datetime_operator.py
[2023-05-22T14:57:33.627+0000] {processor.py:743} INFO - Processing file /home/airflow/.local/lib/python3.7/site-packages/airflow/example_dags/example_branch_datetime_operator.py for tasks to queue
[2023-05-22T14:57:33.628+0000] {logging_mixin.py:137} INFO - [2023-05-22T14:57:33.628+0000] {dagbag.py:532} INFO - Filling up the DagBag from /home/airflow/.local/lib/python3.7/site-packages/airflow/example_dags/example_branch_datetime_operator.py
[2023-05-22T14:57:33.653+0000] {processor.py:753} INFO - DAG(s) dict_keys(['example_branch_datetime_operator_2', 'example_branch_datetime_operator', 'example_branch_datetime_operator_3']) retrieved from /home/airflow/.local/lib/python3.7/site-packages/airflow/example_dags/example_branch_datetime_operator.py
[2023-05-22T14:57:33.692+0000] {logging_mixin.py:137} INFO - [2023-05-22T14:57:33.692+0000] {dag.py:2693} INFO - Sync 3 DAGs
[2023-05-22T14:57:33.733+0000] {logging_mixin.py:137} INFO - [2023-05-22T14:57:33.726+0000] {dag.py:3444} INFO - Setting next_dagrun for example_branch_datetime_operator to 2023-05-21T00:00:00+00:00, run_after=2023-05-22T00:00:00+00:00
[2023-05-22T14:57:33.745+0000] {logging_mixin.py:137} INFO - [2023-05-22T14:57:33.745+0000] {dag.py:3444} INFO - Setting next_dagrun for example_branch_datetime_operator_2 to 2023-05-21T00:00:00+00:00, run_after=2023-05-22T00:00:00+00:00
[2023-05-22T14:57:33.758+0000] {logging_mixin.py:137} INFO - [2023-05-22T14:57:33.757+0000] {dag.py:3444} INFO - Setting next_dagrun for example_branch_datetime_operator_3 to 2023-05-21T00:00:00+00:00, run_after=2023-05-22T00:00:00+00:00
[2023-05-22T14:57:33.785+0000] {processor.py:175} INFO - Processing /home/airflow/.local/lib/python3.7/site-packages/airflow/example_dags/example_branch_datetime_operator.py took 0.164 seconds
[2023-05-22T14:58:04.741+0000] {processor.py:153} INFO - Started process (PID=258) to work on /home/airflow/.local/lib/python3.7/site-packages/airflow/example_dags/example_branch_datetime_operator.py
[2023-05-22T14:58:04.743+0000] {processor.py:743} INFO - Processing file /home/airflow/.local/lib/python3.7/site-packages/airflow/example_dags/example_branch_datetime_operator.py for tasks to queue
[2023-05-22T14:58:04.743+0000] {logging_mixin.py:137} INFO - [2023-05-22T14:58:04.743+0000] {dagbag.py:532} INFO - Filling up the DagBag from /home/airflow/.local/lib/python3.7/site-packages/airflow/example_dags/example_branch_datetime_operator.py
[2023-05-22T14:58:04.766+0000] {processor.py:753} INFO - DAG(s) dict_keys(['example_branch_datetime_operator_2', 'example_branch_datetime_operator', 'example_branch_datetime_operator_3']) retrieved from /home/airflow/.local/lib/python3.7/site-packages/airflow/example_dags/example_branch_datetime_operator.py
[2023-05-22T14:58:04.810+0000] {logging_mixin.py:137} INFO - [2023-05-22T14:58:04.809+0000] {dag.py:2693} INFO - Sync 3 DAGs
[2023-05-22T14:58:04.849+0000] {logging_mixin.py:137} INFO - [2023-05-22T14:58:04.849+0000] {dag.py:3444} INFO - Setting next_dagrun for example_branch_datetime_operator to 2023-05-21T00:00:00+00:00, run_after=2023-05-22T00:00:00+00:00
[2023-05-22T14:58:04.856+0000] {logging_mixin.py:137} INFO - [2023-05-22T14:58:04.856+0000] {dag.py:3444} INFO - Setting next_dagrun for example_branch_datetime_operator_2 to 2023-05-21T00:00:00+00:00, run_after=2023-05-22T00:00:00+00:00
[2023-05-22T14:58:04.859+0000] {logging_mixin.py:137} INFO - [2023-05-22T14:58:04.859+0000] {dag.py:3444} INFO - Setting next_dagrun for example_branch_datetime_operator_3 to 2023-05-21T00:00:00+00:00, run_after=2023-05-22T00:00:00+00:00
[2023-05-22T14:58:04.878+0000] {processor.py:175} INFO - Processing /home/airflow/.local/lib/python3.7/site-packages/airflow/example_dags/example_branch_datetime_operator.py took 0.140 seconds
[2023-05-22T14:58:35.855+0000] {processor.py:153} INFO - Started process (PID=309) to work on /home/airflow/.local/lib/python3.7/site-packages/airflow/example_dags/example_branch_datetime_operator.py
[2023-05-22T14:58:35.856+0000] {processor.py:743} INFO - Processing file /home/airflow/.local/lib/python3.7/site-packages/airflow/example_dags/example_branch_datetime_operator.py for tasks to queue
[2023-05-22T14:58:35.857+0000] {logging_mixin.py:137} INFO - [2023-05-22T14:58:35.856+0000] {dagbag.py:532} INFO - Filling up the DagBag from /home/airflow/.local/lib/python3.7/site-packages/airflow/example_dags/example_branch_datetime_operator.py
[2023-05-22T14:58:35.879+0000] {processor.py:753} INFO - DAG(s) dict_keys(['example_branch_datetime_operator_2', 'example_branch_datetime_operator', 'example_branch_datetime_operator_3']) retrieved from /home/airflow/.local/lib/python3.7/site-packages/airflow/example_dags/example_branch_datetime_operator.py
[2023-05-22T14:58:35.920+0000] {logging_mixin.py:137} INFO - [2023-05-22T14:58:35.920+0000] {dag.py:2693} INFO - Sync 3 DAGs
[2023-05-22T14:58:35.955+0000] {logging_mixin.py:137} INFO - [2023-05-22T14:58:35.955+0000] {dag.py:3444} INFO - Setting next_dagrun for example_branch_datetime_operator to 2023-05-21T00:00:00+00:00, run_after=2023-05-22T00:00:00+00:00
[2023-05-22T14:58:35.961+0000] {logging_mixin.py:137} INFO - [2023-05-22T14:58:35.961+0000] {dag.py:3444} INFO - Setting next_dagrun for example_branch_datetime_operator_2 to 2023-05-21T00:00:00+00:00, run_after=2023-05-22T00:00:00+00:00
[2023-05-22T14:58:35.964+0000] {logging_mixin.py:137} INFO - [2023-05-22T14:58:35.964+0000] {dag.py:3444} INFO - Setting next_dagrun for example_branch_datetime_operator_3 to 2023-05-21T00:00:00+00:00, run_after=2023-05-22T00:00:00+00:00
[2023-05-22T14:58:35.983+0000] {processor.py:175} INFO - Processing /home/airflow/.local/lib/python3.7/site-packages/airflow/example_dags/example_branch_datetime_operator.py took 0.133 seconds
[2023-05-22T14:59:06.890+0000] {processor.py:153} INFO - Started process (PID=361) to work on /home/airflow/.local/lib/python3.7/site-packages/airflow/example_dags/example_branch_datetime_operator.py
[2023-05-22T14:59:06.891+0000] {processor.py:743} INFO - Processing file /home/airflow/.local/lib/python3.7/site-packages/airflow/example_dags/example_branch_datetime_operator.py for tasks to queue
[2023-05-22T14:59:06.892+0000] {logging_mixin.py:137} INFO - [2023-05-22T14:59:06.892+0000] {dagbag.py:532} INFO - Filling up the DagBag from /home/airflow/.local/lib/python3.7/site-packages/airflow/example_dags/example_branch_datetime_operator.py
[2023-05-22T14:59:06.914+0000] {processor.py:753} INFO - DAG(s) dict_keys(['example_branch_datetime_operator_2', 'example_branch_datetime_operator', 'example_branch_datetime_operator_3']) retrieved from /home/airflow/.local/lib/python3.7/site-packages/airflow/example_dags/example_branch_datetime_operator.py
[2023-05-22T14:59:06.958+0000] {logging_mixin.py:137} INFO - [2023-05-22T14:59:06.958+0000] {dag.py:2693} INFO - Sync 3 DAGs
[2023-05-22T14:59:06.992+0000] {logging_mixin.py:137} INFO - [2023-05-22T14:59:06.992+0000] {dag.py:3444} INFO - Setting next_dagrun for example_branch_datetime_operator to 2023-05-21T00:00:00+00:00, run_after=2023-05-22T00:00:00+00:00
[2023-05-22T14:59:06.998+0000] {logging_mixin.py:137} INFO - [2023-05-22T14:59:06.997+0000] {dag.py:3444} INFO - Setting next_dagrun for example_branch_datetime_operator_2 to 2023-05-21T00:00:00+00:00, run_after=2023-05-22T00:00:00+00:00
[2023-05-22T14:59:07.001+0000] {logging_mixin.py:137} INFO - [2023-05-22T14:59:07.001+0000] {dag.py:3444} INFO - Setting next_dagrun for example_branch_datetime_operator_3 to 2023-05-21T00:00:00+00:00, run_after=2023-05-22T00:00:00+00:00
[2023-05-22T14:59:07.022+0000] {processor.py:175} INFO - Processing /home/airflow/.local/lib/python3.7/site-packages/airflow/example_dags/example_branch_datetime_operator.py took 0.136 seconds
[2023-05-22T14:59:38.087+0000] {processor.py:153} INFO - Started process (PID=413) to work on /home/airflow/.local/lib/python3.7/site-packages/airflow/example_dags/example_branch_datetime_operator.py
[2023-05-22T14:59:38.088+0000] {processor.py:743} INFO - Processing file /home/airflow/.local/lib/python3.7/site-packages/airflow/example_dags/example_branch_datetime_operator.py for tasks to queue
[2023-05-22T14:59:38.088+0000] {logging_mixin.py:137} INFO - [2023-05-22T14:59:38.088+0000] {dagbag.py:532} INFO - Filling up the DagBag from /home/airflow/.local/lib/python3.7/site-packages/airflow/example_dags/example_branch_datetime_operator.py
[2023-05-22T14:59:38.110+0000] {processor.py:753} INFO - DAG(s) dict_keys(['example_branch_datetime_operator', 'example_branch_datetime_operator_2', 'example_branch_datetime_operator_3']) retrieved from /home/airflow/.local/lib/python3.7/site-packages/airflow/example_dags/example_branch_datetime_operator.py
[2023-05-22T14:59:38.157+0000] {logging_mixin.py:137} INFO - [2023-05-22T14:59:38.157+0000] {dag.py:2693} INFO - Sync 3 DAGs
[2023-05-22T14:59:38.192+0000] {logging_mixin.py:137} INFO - [2023-05-22T14:59:38.192+0000] {dag.py:3444} INFO - Setting next_dagrun for example_branch_datetime_operator to 2023-05-21T00:00:00+00:00, run_after=2023-05-22T00:00:00+00:00
[2023-05-22T14:59:38.200+0000] {logging_mixin.py:137} INFO - [2023-05-22T14:59:38.200+0000] {dag.py:3444} INFO - Setting next_dagrun for example_branch_datetime_operator_2 to 2023-05-21T00:00:00+00:00, run_after=2023-05-22T00:00:00+00:00
[2023-05-22T14:59:38.203+0000] {logging_mixin.py:137} INFO - [2023-05-22T14:59:38.203+0000] {dag.py:3444} INFO - Setting next_dagrun for example_branch_datetime_operator_3 to 2023-05-21T00:00:00+00:00, run_after=2023-05-22T00:00:00+00:00
[2023-05-22T14:59:38.235+0000] {processor.py:175} INFO - Processing /home/airflow/.local/lib/python3.7/site-packages/airflow/example_dags/example_branch_datetime_operator.py took 0.152 seconds
[2023-05-22T15:00:09.655+0000] {processor.py:153} INFO - Started process (PID=471) to work on /home/airflow/.local/lib/python3.7/site-packages/airflow/example_dags/example_branch_datetime_operator.py
[2023-05-22T15:00:09.656+0000] {processor.py:743} INFO - Processing file /home/airflow/.local/lib/python3.7/site-packages/airflow/example_dags/example_branch_datetime_operator.py for tasks to queue
[2023-05-22T15:00:09.656+0000] {logging_mixin.py:137} INFO - [2023-05-22T15:00:09.656+0000] {dagbag.py:532} INFO - Filling up the DagBag from /home/airflow/.local/lib/python3.7/site-packages/airflow/example_dags/example_branch_datetime_operator.py
[2023-05-22T15:00:09.683+0000] {processor.py:753} INFO - DAG(s) dict_keys(['example_branch_datetime_operator_2', 'example_branch_datetime_operator_3', 'example_branch_datetime_operator']) retrieved from /home/airflow/.local/lib/python3.7/site-packages/airflow/example_dags/example_branch_datetime_operator.py
[2023-05-22T15:00:09.734+0000] {logging_mixin.py:137} INFO - [2023-05-22T15:00:09.725+0000] {dag.py:2693} INFO - Sync 3 DAGs
[2023-05-22T15:00:09.774+0000] {logging_mixin.py:137} INFO - [2023-05-22T15:00:09.774+0000] {dag.py:3444} INFO - Setting next_dagrun for example_branch_datetime_operator to 2023-05-21T00:00:00+00:00, run_after=2023-05-22T00:00:00+00:00
[2023-05-22T15:00:09.782+0000] {logging_mixin.py:137} INFO - [2023-05-22T15:00:09.782+0000] {dag.py:3444} INFO - Setting next_dagrun for example_branch_datetime_operator_2 to 2023-05-21T00:00:00+00:00, run_after=2023-05-22T00:00:00+00:00
[2023-05-22T15:00:09.785+0000] {logging_mixin.py:137} INFO - [2023-05-22T15:00:09.785+0000] {dag.py:3444} INFO - Setting next_dagrun for example_branch_datetime_operator_3 to 2023-05-21T00:00:00+00:00, run_after=2023-05-22T00:00:00+00:00
[2023-05-22T15:00:09.807+0000] {processor.py:175} INFO - Processing /home/airflow/.local/lib/python3.7/site-packages/airflow/example_dags/example_branch_datetime_operator.py took 0.157 seconds
[2023-05-22T15:00:42.397+0000] {processor.py:153} INFO - Started process (PID=523) to work on /home/airflow/.local/lib/python3.7/site-packages/airflow/example_dags/example_branch_datetime_operator.py
[2023-05-22T15:00:42.398+0000] {processor.py:743} INFO - Processing file /home/airflow/.local/lib/python3.7/site-packages/airflow/example_dags/example_branch_datetime_operator.py for tasks to queue
[2023-05-22T15:00:42.399+0000] {logging_mixin.py:137} INFO - [2023-05-22T15:00:42.398+0000] {dagbag.py:532} INFO - Filling up the DagBag from /home/airflow/.local/lib/python3.7/site-packages/airflow/example_dags/example_branch_datetime_operator.py
[2023-05-22T15:00:42.420+0000] {processor.py:753} INFO - DAG(s) dict_keys(['example_branch_datetime_operator_3', 'example_branch_datetime_operator_2', 'example_branch_datetime_operator']) retrieved from /home/airflow/.local/lib/python3.7/site-packages/airflow/example_dags/example_branch_datetime_operator.py
[2023-05-22T15:00:42.461+0000] {logging_mixin.py:137} INFO - [2023-05-22T15:00:42.461+0000] {dag.py:2693} INFO - Sync 3 DAGs
[2023-05-22T15:00:42.497+0000] {logging_mixin.py:137} INFO - [2023-05-22T15:00:42.497+0000] {dag.py:3444} INFO - Setting next_dagrun for example_branch_datetime_operator to 2023-05-21T00:00:00+00:00, run_after=2023-05-22T00:00:00+00:00
[2023-05-22T15:00:42.504+0000] {logging_mixin.py:137} INFO - [2023-05-22T15:00:42.503+0000] {dag.py:3444} INFO - Setting next_dagrun for example_branch_datetime_operator_2 to 2023-05-21T00:00:00+00:00, run_after=2023-05-22T00:00:00+00:00
[2023-05-22T15:00:42.507+0000] {logging_mixin.py:137} INFO - [2023-05-22T15:00:42.507+0000] {dag.py:3444} INFO - Setting next_dagrun for example_branch_datetime_operator_3 to 2023-05-21T00:00:00+00:00, run_after=2023-05-22T00:00:00+00:00
[2023-05-22T15:00:42.526+0000] {processor.py:175} INFO - Processing /home/airflow/.local/lib/python3.7/site-packages/airflow/example_dags/example_branch_datetime_operator.py took 0.133 seconds
[2023-05-22T15:01:14.550+0000] {processor.py:153} INFO - Started process (PID=575) to work on /home/airflow/.local/lib/python3.7/site-packages/airflow/example_dags/example_branch_datetime_operator.py
[2023-05-22T15:01:14.552+0000] {processor.py:743} INFO - Processing file /home/airflow/.local/lib/python3.7/site-packages/airflow/example_dags/example_branch_datetime_operator.py for tasks to queue
[2023-05-22T15:01:14.556+0000] {logging_mixin.py:137} INFO - [2023-05-22T15:01:14.556+0000] {dagbag.py:532} INFO - Filling up the DagBag from /home/airflow/.local/lib/python3.7/site-packages/airflow/example_dags/example_branch_datetime_operator.py
[2023-05-22T15:01:14.633+0000] {processor.py:753} INFO - DAG(s) dict_keys(['example_branch_datetime_operator', 'example_branch_datetime_operator_3', 'example_branch_datetime_operator_2']) retrieved from /home/airflow/.local/lib/python3.7/site-packages/airflow/example_dags/example_branch_datetime_operator.py
[2023-05-22T15:01:14.771+0000] {logging_mixin.py:137} INFO - [2023-05-22T15:01:14.770+0000] {dag.py:2693} INFO - Sync 3 DAGs
[2023-05-22T15:01:14.857+0000] {logging_mixin.py:137} INFO - [2023-05-22T15:01:14.856+0000] {dag.py:3444} INFO - Setting next_dagrun for example_branch_datetime_operator to 2023-05-21T00:00:00+00:00, run_after=2023-05-22T00:00:00+00:00
[2023-05-22T15:01:14.878+0000] {logging_mixin.py:137} INFO - [2023-05-22T15:01:14.878+0000] {dag.py:3444} INFO - Setting next_dagrun for example_branch_datetime_operator_2 to 2023-05-21T00:00:00+00:00, run_after=2023-05-22T00:00:00+00:00
[2023-05-22T15:01:14.897+0000] {logging_mixin.py:137} INFO - [2023-05-22T15:01:14.896+0000] {dag.py:3444} INFO - Setting next_dagrun for example_branch_datetime_operator_3 to 2023-05-21T00:00:00+00:00, run_after=2023-05-22T00:00:00+00:00
[2023-05-22T15:01:14.959+0000] {processor.py:175} INFO - Processing /home/airflow/.local/lib/python3.7/site-packages/airflow/example_dags/example_branch_datetime_operator.py took 0.429 seconds
[2023-05-22T15:01:45.679+0000] {processor.py:153} INFO - Started process (PID=628) to work on /home/airflow/.local/lib/python3.7/site-packages/airflow/example_dags/example_branch_datetime_operator.py
[2023-05-22T15:01:45.687+0000] {processor.py:743} INFO - Processing file /home/airflow/.local/lib/python3.7/site-packages/airflow/example_dags/example_branch_datetime_operator.py for tasks to queue
[2023-05-22T15:01:45.688+0000] {logging_mixin.py:137} INFO - [2023-05-22T15:01:45.688+0000] {dagbag.py:532} INFO - Filling up the DagBag from /home/airflow/.local/lib/python3.7/site-packages/airflow/example_dags/example_branch_datetime_operator.py
[2023-05-22T15:01:45.734+0000] {processor.py:753} INFO - DAG(s) dict_keys(['example_branch_datetime_operator_2', 'example_branch_datetime_operator_3', 'example_branch_datetime_operator']) retrieved from /home/airflow/.local/lib/python3.7/site-packages/airflow/example_dags/example_branch_datetime_operator.py
[2023-05-22T15:01:45.826+0000] {logging_mixin.py:137} INFO - [2023-05-22T15:01:45.826+0000] {dag.py:2693} INFO - Sync 3 DAGs
[2023-05-22T15:01:45.907+0000] {logging_mixin.py:137} INFO - [2023-05-22T15:01:45.907+0000] {dag.py:3444} INFO - Setting next_dagrun for example_branch_datetime_operator to 2023-05-21T00:00:00+00:00, run_after=2023-05-22T00:00:00+00:00
[2023-05-22T15:01:45.918+0000] {logging_mixin.py:137} INFO - [2023-05-22T15:01:45.917+0000] {dag.py:3444} INFO - Setting next_dagrun for example_branch_datetime_operator_2 to 2023-05-21T00:00:00+00:00, run_after=2023-05-22T00:00:00+00:00
[2023-05-22T15:01:45.927+0000] {logging_mixin.py:137} INFO - [2023-05-22T15:01:45.927+0000] {dag.py:3444} INFO - Setting next_dagrun for example_branch_datetime_operator_3 to 2023-05-21T00:00:00+00:00, run_after=2023-05-22T00:00:00+00:00
[2023-05-22T15:01:45.967+0000] {processor.py:175} INFO - Processing /home/airflow/.local/lib/python3.7/site-packages/airflow/example_dags/example_branch_datetime_operator.py took 0.293 seconds
[2023-05-22T15:02:16.032+0000] {processor.py:153} INFO - Started process (PID=680) to work on /home/airflow/.local/lib/python3.7/site-packages/airflow/example_dags/example_branch_datetime_operator.py
[2023-05-22T15:02:16.033+0000] {processor.py:743} INFO - Processing file /home/airflow/.local/lib/python3.7/site-packages/airflow/example_dags/example_branch_datetime_operator.py for tasks to queue
[2023-05-22T15:02:16.034+0000] {logging_mixin.py:137} INFO - [2023-05-22T15:02:16.034+0000] {dagbag.py:532} INFO - Filling up the DagBag from /home/airflow/.local/lib/python3.7/site-packages/airflow/example_dags/example_branch_datetime_operator.py
[2023-05-22T15:02:16.055+0000] {processor.py:753} INFO - DAG(s) dict_keys(['example_branch_datetime_operator_3', 'example_branch_datetime_operator', 'example_branch_datetime_operator_2']) retrieved from /home/airflow/.local/lib/python3.7/site-packages/airflow/example_dags/example_branch_datetime_operator.py
[2023-05-22T15:02:16.096+0000] {logging_mixin.py:137} INFO - [2023-05-22T15:02:16.096+0000] {dag.py:2693} INFO - Sync 3 DAGs
[2023-05-22T15:02:16.131+0000] {logging_mixin.py:137} INFO - [2023-05-22T15:02:16.130+0000] {dag.py:3444} INFO - Setting next_dagrun for example_branch_datetime_operator to 2023-05-21T00:00:00+00:00, run_after=2023-05-22T00:00:00+00:00
[2023-05-22T15:02:16.136+0000] {logging_mixin.py:137} INFO - [2023-05-22T15:02:16.136+0000] {dag.py:3444} INFO - Setting next_dagrun for example_branch_datetime_operator_2 to 2023-05-21T00:00:00+00:00, run_after=2023-05-22T00:00:00+00:00
[2023-05-22T15:02:16.140+0000] {logging_mixin.py:137} INFO - [2023-05-22T15:02:16.139+0000] {dag.py:3444} INFO - Setting next_dagrun for example_branch_datetime_operator_3 to 2023-05-21T00:00:00+00:00, run_after=2023-05-22T00:00:00+00:00
[2023-05-22T15:02:16.159+0000] {processor.py:175} INFO - Processing /home/airflow/.local/lib/python3.7/site-packages/airflow/example_dags/example_branch_datetime_operator.py took 0.132 seconds
[2023-05-22T15:02:46.596+0000] {processor.py:153} INFO - Started process (PID=732) to work on /home/airflow/.local/lib/python3.7/site-packages/airflow/example_dags/example_branch_datetime_operator.py
[2023-05-22T15:02:46.596+0000] {processor.py:743} INFO - Processing file /home/airflow/.local/lib/python3.7/site-packages/airflow/example_dags/example_branch_datetime_operator.py for tasks to queue
[2023-05-22T15:02:46.597+0000] {logging_mixin.py:137} INFO - [2023-05-22T15:02:46.597+0000] {dagbag.py:532} INFO - Filling up the DagBag from /home/airflow/.local/lib/python3.7/site-packages/airflow/example_dags/example_branch_datetime_operator.py
[2023-05-22T15:02:46.622+0000] {processor.py:753} INFO - DAG(s) dict_keys(['example_branch_datetime_operator', 'example_branch_datetime_operator_3', 'example_branch_datetime_operator_2']) retrieved from /home/airflow/.local/lib/python3.7/site-packages/airflow/example_dags/example_branch_datetime_operator.py
[2023-05-22T15:02:46.673+0000] {logging_mixin.py:137} INFO - [2023-05-22T15:02:46.673+0000] {dag.py:2693} INFO - Sync 3 DAGs
[2023-05-22T15:02:46.709+0000] {logging_mixin.py:137} INFO - [2023-05-22T15:02:46.709+0000] {dag.py:3444} INFO - Setting next_dagrun for example_branch_datetime_operator to 2023-05-21T00:00:00+00:00, run_after=2023-05-22T00:00:00+00:00
[2023-05-22T15:02:46.715+0000] {logging_mixin.py:137} INFO - [2023-05-22T15:02:46.715+0000] {dag.py:3444} INFO - Setting next_dagrun for example_branch_datetime_operator_2 to 2023-05-21T00:00:00+00:00, run_after=2023-05-22T00:00:00+00:00
[2023-05-22T15:02:46.718+0000] {logging_mixin.py:137} INFO - [2023-05-22T15:02:46.718+0000] {dag.py:3444} INFO - Setting next_dagrun for example_branch_datetime_operator_3 to 2023-05-21T00:00:00+00:00, run_after=2023-05-22T00:00:00+00:00
[2023-05-22T15:02:46.739+0000] {processor.py:175} INFO - Processing /home/airflow/.local/lib/python3.7/site-packages/airflow/example_dags/example_branch_datetime_operator.py took 0.148 seconds
[2023-05-22T15:03:17.672+0000] {processor.py:153} INFO - Started process (PID=785) to work on /home/airflow/.local/lib/python3.7/site-packages/airflow/example_dags/example_branch_datetime_operator.py
[2023-05-22T15:03:17.673+0000] {processor.py:743} INFO - Processing file /home/airflow/.local/lib/python3.7/site-packages/airflow/example_dags/example_branch_datetime_operator.py for tasks to queue
[2023-05-22T15:03:17.674+0000] {logging_mixin.py:137} INFO - [2023-05-22T15:03:17.674+0000] {dagbag.py:532} INFO - Filling up the DagBag from /home/airflow/.local/lib/python3.7/site-packages/airflow/example_dags/example_branch_datetime_operator.py
[2023-05-22T15:03:17.696+0000] {processor.py:753} INFO - DAG(s) dict_keys(['example_branch_datetime_operator_2', 'example_branch_datetime_operator', 'example_branch_datetime_operator_3']) retrieved from /home/airflow/.local/lib/python3.7/site-packages/airflow/example_dags/example_branch_datetime_operator.py
[2023-05-22T15:03:17.737+0000] {logging_mixin.py:137} INFO - [2023-05-22T15:03:17.737+0000] {dag.py:2693} INFO - Sync 3 DAGs
[2023-05-22T15:03:17.772+0000] {logging_mixin.py:137} INFO - [2023-05-22T15:03:17.772+0000] {dag.py:3444} INFO - Setting next_dagrun for example_branch_datetime_operator to 2023-05-21T00:00:00+00:00, run_after=2023-05-22T00:00:00+00:00
[2023-05-22T15:03:17.778+0000] {logging_mixin.py:137} INFO - [2023-05-22T15:03:17.778+0000] {dag.py:3444} INFO - Setting next_dagrun for example_branch_datetime_operator_2 to 2023-05-21T00:00:00+00:00, run_after=2023-05-22T00:00:00+00:00
[2023-05-22T15:03:17.781+0000] {logging_mixin.py:137} INFO - [2023-05-22T15:03:17.781+0000] {dag.py:3444} INFO - Setting next_dagrun for example_branch_datetime_operator_3 to 2023-05-21T00:00:00+00:00, run_after=2023-05-22T00:00:00+00:00
[2023-05-22T15:03:17.800+0000] {processor.py:175} INFO - Processing /home/airflow/.local/lib/python3.7/site-packages/airflow/example_dags/example_branch_datetime_operator.py took 0.132 seconds
[2023-05-22T15:03:48.695+0000] {processor.py:153} INFO - Started process (PID=837) to work on /home/airflow/.local/lib/python3.7/site-packages/airflow/example_dags/example_branch_datetime_operator.py
[2023-05-22T15:03:48.697+0000] {processor.py:743} INFO - Processing file /home/airflow/.local/lib/python3.7/site-packages/airflow/example_dags/example_branch_datetime_operator.py for tasks to queue
[2023-05-22T15:03:48.697+0000] {logging_mixin.py:137} INFO - [2023-05-22T15:03:48.697+0000] {dagbag.py:532} INFO - Filling up the DagBag from /home/airflow/.local/lib/python3.7/site-packages/airflow/example_dags/example_branch_datetime_operator.py
[2023-05-22T15:03:48.720+0000] {processor.py:753} INFO - DAG(s) dict_keys(['example_branch_datetime_operator_3', 'example_branch_datetime_operator', 'example_branch_datetime_operator_2']) retrieved from /home/airflow/.local/lib/python3.7/site-packages/airflow/example_dags/example_branch_datetime_operator.py
[2023-05-22T15:03:48.762+0000] {logging_mixin.py:137} INFO - [2023-05-22T15:03:48.761+0000] {dag.py:2693} INFO - Sync 3 DAGs
[2023-05-22T15:03:48.800+0000] {logging_mixin.py:137} INFO - [2023-05-22T15:03:48.800+0000] {dag.py:3444} INFO - Setting next_dagrun for example_branch_datetime_operator to 2023-05-21T00:00:00+00:00, run_after=2023-05-22T00:00:00+00:00
[2023-05-22T15:03:48.807+0000] {logging_mixin.py:137} INFO - [2023-05-22T15:03:48.806+0000] {dag.py:3444} INFO - Setting next_dagrun for example_branch_datetime_operator_2 to 2023-05-21T00:00:00+00:00, run_after=2023-05-22T00:00:00+00:00
[2023-05-22T15:03:48.810+0000] {logging_mixin.py:137} INFO - [2023-05-22T15:03:48.810+0000] {dag.py:3444} INFO - Setting next_dagrun for example_branch_datetime_operator_3 to 2023-05-21T00:00:00+00:00, run_after=2023-05-22T00:00:00+00:00
[2023-05-22T15:03:48.829+0000] {processor.py:175} INFO - Processing /home/airflow/.local/lib/python3.7/site-packages/airflow/example_dags/example_branch_datetime_operator.py took 0.138 seconds
[2023-05-22T15:04:19.705+0000] {processor.py:153} INFO - Started process (PID=890) to work on /home/airflow/.local/lib/python3.7/site-packages/airflow/example_dags/example_branch_datetime_operator.py
[2023-05-22T15:04:19.707+0000] {processor.py:743} INFO - Processing file /home/airflow/.local/lib/python3.7/site-packages/airflow/example_dags/example_branch_datetime_operator.py for tasks to queue
[2023-05-22T15:04:19.707+0000] {logging_mixin.py:137} INFO - [2023-05-22T15:04:19.707+0000] {dagbag.py:532} INFO - Filling up the DagBag from /home/airflow/.local/lib/python3.7/site-packages/airflow/example_dags/example_branch_datetime_operator.py
[2023-05-22T15:04:19.734+0000] {processor.py:753} INFO - DAG(s) dict_keys(['example_branch_datetime_operator', 'example_branch_datetime_operator_3', 'example_branch_datetime_operator_2']) retrieved from /home/airflow/.local/lib/python3.7/site-packages/airflow/example_dags/example_branch_datetime_operator.py
[2023-05-22T15:04:19.772+0000] {logging_mixin.py:137} INFO - [2023-05-22T15:04:19.772+0000] {dag.py:2693} INFO - Sync 3 DAGs
[2023-05-22T15:04:19.806+0000] {logging_mixin.py:137} INFO - [2023-05-22T15:04:19.806+0000] {dag.py:3444} INFO - Setting next_dagrun for example_branch_datetime_operator to 2023-05-21T00:00:00+00:00, run_after=2023-05-22T00:00:00+00:00
[2023-05-22T15:04:19.812+0000] {logging_mixin.py:137} INFO - [2023-05-22T15:04:19.811+0000] {dag.py:3444} INFO - Setting next_dagrun for example_branch_datetime_operator_2 to 2023-05-21T00:00:00+00:00, run_after=2023-05-22T00:00:00+00:00
[2023-05-22T15:04:19.815+0000] {logging_mixin.py:137} INFO - [2023-05-22T15:04:19.814+0000] {dag.py:3444} INFO - Setting next_dagrun for example_branch_datetime_operator_3 to 2023-05-21T00:00:00+00:00, run_after=2023-05-22T00:00:00+00:00
[2023-05-22T15:04:19.834+0000] {processor.py:175} INFO - Processing /home/airflow/.local/lib/python3.7/site-packages/airflow/example_dags/example_branch_datetime_operator.py took 0.132 seconds
[2023-05-22T15:04:50.697+0000] {processor.py:153} INFO - Started process (PID=943) to work on /home/airflow/.local/lib/python3.7/site-packages/airflow/example_dags/example_branch_datetime_operator.py
[2023-05-22T15:04:50.697+0000] {processor.py:743} INFO - Processing file /home/airflow/.local/lib/python3.7/site-packages/airflow/example_dags/example_branch_datetime_operator.py for tasks to queue
[2023-05-22T15:04:50.698+0000] {logging_mixin.py:137} INFO - [2023-05-22T15:04:50.698+0000] {dagbag.py:532} INFO - Filling up the DagBag from /home/airflow/.local/lib/python3.7/site-packages/airflow/example_dags/example_branch_datetime_operator.py
[2023-05-22T15:04:50.720+0000] {processor.py:753} INFO - DAG(s) dict_keys(['example_branch_datetime_operator_2', 'example_branch_datetime_operator_3', 'example_branch_datetime_operator']) retrieved from /home/airflow/.local/lib/python3.7/site-packages/airflow/example_dags/example_branch_datetime_operator.py
[2023-05-22T15:04:50.760+0000] {logging_mixin.py:137} INFO - [2023-05-22T15:04:50.760+0000] {dag.py:2693} INFO - Sync 3 DAGs
[2023-05-22T15:04:50.796+0000] {logging_mixin.py:137} INFO - [2023-05-22T15:04:50.796+0000] {dag.py:3444} INFO - Setting next_dagrun for example_branch_datetime_operator to 2023-05-21T00:00:00+00:00, run_after=2023-05-22T00:00:00+00:00
[2023-05-22T15:04:50.802+0000] {logging_mixin.py:137} INFO - [2023-05-22T15:04:50.802+0000] {dag.py:3444} INFO - Setting next_dagrun for example_branch_datetime_operator_2 to 2023-05-21T00:00:00+00:00, run_after=2023-05-22T00:00:00+00:00
[2023-05-22T15:04:50.805+0000] {logging_mixin.py:137} INFO - [2023-05-22T15:04:50.805+0000] {dag.py:3444} INFO - Setting next_dagrun for example_branch_datetime_operator_3 to 2023-05-21T00:00:00+00:00, run_after=2023-05-22T00:00:00+00:00
[2023-05-22T15:04:50.827+0000] {processor.py:175} INFO - Processing /home/airflow/.local/lib/python3.7/site-packages/airflow/example_dags/example_branch_datetime_operator.py took 0.135 seconds
[2023-05-22T15:05:21.495+0000] {processor.py:153} INFO - Started process (PID=994) to work on /home/airflow/.local/lib/python3.7/site-packages/airflow/example_dags/example_branch_datetime_operator.py
[2023-05-22T15:05:21.496+0000] {processor.py:743} INFO - Processing file /home/airflow/.local/lib/python3.7/site-packages/airflow/example_dags/example_branch_datetime_operator.py for tasks to queue
[2023-05-22T15:05:21.497+0000] {logging_mixin.py:137} INFO - [2023-05-22T15:05:21.497+0000] {dagbag.py:532} INFO - Filling up the DagBag from /home/airflow/.local/lib/python3.7/site-packages/airflow/example_dags/example_branch_datetime_operator.py
[2023-05-22T15:05:21.523+0000] {processor.py:753} INFO - DAG(s) dict_keys(['example_branch_datetime_operator', 'example_branch_datetime_operator_2', 'example_branch_datetime_operator_3']) retrieved from /home/airflow/.local/lib/python3.7/site-packages/airflow/example_dags/example_branch_datetime_operator.py
[2023-05-22T15:05:21.561+0000] {logging_mixin.py:137} INFO - [2023-05-22T15:05:21.561+0000] {dag.py:2693} INFO - Sync 3 DAGs
[2023-05-22T15:05:21.596+0000] {logging_mixin.py:137} INFO - [2023-05-22T15:05:21.596+0000] {dag.py:3444} INFO - Setting next_dagrun for example_branch_datetime_operator to 2023-05-21T00:00:00+00:00, run_after=2023-05-22T00:00:00+00:00
[2023-05-22T15:05:21.602+0000] {logging_mixin.py:137} INFO - [2023-05-22T15:05:21.602+0000] {dag.py:3444} INFO - Setting next_dagrun for example_branch_datetime_operator_2 to 2023-05-21T00:00:00+00:00, run_after=2023-05-22T00:00:00+00:00
[2023-05-22T15:05:21.605+0000] {logging_mixin.py:137} INFO - [2023-05-22T15:05:21.605+0000] {dag.py:3444} INFO - Setting next_dagrun for example_branch_datetime_operator_3 to 2023-05-21T00:00:00+00:00, run_after=2023-05-22T00:00:00+00:00
[2023-05-22T15:05:21.629+0000] {processor.py:175} INFO - Processing /home/airflow/.local/lib/python3.7/site-packages/airflow/example_dags/example_branch_datetime_operator.py took 0.138 seconds
[2023-05-22T15:05:52.870+0000] {processor.py:153} INFO - Started process (PID=1046) to work on /home/airflow/.local/lib/python3.7/site-packages/airflow/example_dags/example_branch_datetime_operator.py
[2023-05-22T15:05:52.870+0000] {processor.py:743} INFO - Processing file /home/airflow/.local/lib/python3.7/site-packages/airflow/example_dags/example_branch_datetime_operator.py for tasks to queue
[2023-05-22T15:05:52.871+0000] {logging_mixin.py:137} INFO - [2023-05-22T15:05:52.871+0000] {dagbag.py:532} INFO - Filling up the DagBag from /home/airflow/.local/lib/python3.7/site-packages/airflow/example_dags/example_branch_datetime_operator.py
[2023-05-22T15:05:52.893+0000] {processor.py:753} INFO - DAG(s) dict_keys(['example_branch_datetime_operator_3', 'example_branch_datetime_operator', 'example_branch_datetime_operator_2']) retrieved from /home/airflow/.local/lib/python3.7/site-packages/airflow/example_dags/example_branch_datetime_operator.py
[2023-05-22T15:05:52.933+0000] {logging_mixin.py:137} INFO - [2023-05-22T15:05:52.933+0000] {dag.py:2693} INFO - Sync 3 DAGs
[2023-05-22T15:05:52.967+0000] {logging_mixin.py:137} INFO - [2023-05-22T15:05:52.966+0000] {dag.py:3444} INFO - Setting next_dagrun for example_branch_datetime_operator to 2023-05-21T00:00:00+00:00, run_after=2023-05-22T00:00:00+00:00
[2023-05-22T15:05:52.972+0000] {logging_mixin.py:137} INFO - [2023-05-22T15:05:52.972+0000] {dag.py:3444} INFO - Setting next_dagrun for example_branch_datetime_operator_2 to 2023-05-21T00:00:00+00:00, run_after=2023-05-22T00:00:00+00:00
[2023-05-22T15:05:52.975+0000] {logging_mixin.py:137} INFO - [2023-05-22T15:05:52.975+0000] {dag.py:3444} INFO - Setting next_dagrun for example_branch_datetime_operator_3 to 2023-05-21T00:00:00+00:00, run_after=2023-05-22T00:00:00+00:00
[2023-05-22T15:05:52.997+0000] {processor.py:175} INFO - Processing /home/airflow/.local/lib/python3.7/site-packages/airflow/example_dags/example_branch_datetime_operator.py took 0.131 seconds
[2023-05-22T15:06:23.199+0000] {processor.py:153} INFO - Started process (PID=1099) to work on /home/airflow/.local/lib/python3.7/site-packages/airflow/example_dags/example_branch_datetime_operator.py
[2023-05-22T15:06:23.201+0000] {processor.py:743} INFO - Processing file /home/airflow/.local/lib/python3.7/site-packages/airflow/example_dags/example_branch_datetime_operator.py for tasks to queue
[2023-05-22T15:06:23.202+0000] {logging_mixin.py:137} INFO - [2023-05-22T15:06:23.202+0000] {dagbag.py:532} INFO - Filling up the DagBag from /home/airflow/.local/lib/python3.7/site-packages/airflow/example_dags/example_branch_datetime_operator.py
[2023-05-22T15:06:23.226+0000] {processor.py:753} INFO - DAG(s) dict_keys(['example_branch_datetime_operator', 'example_branch_datetime_operator_2', 'example_branch_datetime_operator_3']) retrieved from /home/airflow/.local/lib/python3.7/site-packages/airflow/example_dags/example_branch_datetime_operator.py
[2023-05-22T15:06:23.268+0000] {logging_mixin.py:137} INFO - [2023-05-22T15:06:23.268+0000] {dag.py:2693} INFO - Sync 3 DAGs
[2023-05-22T15:06:23.304+0000] {logging_mixin.py:137} INFO - [2023-05-22T15:06:23.304+0000] {dag.py:3444} INFO - Setting next_dagrun for example_branch_datetime_operator to 2023-05-21T00:00:00+00:00, run_after=2023-05-22T00:00:00+00:00
[2023-05-22T15:06:23.310+0000] {logging_mixin.py:137} INFO - [2023-05-22T15:06:23.310+0000] {dag.py:3444} INFO - Setting next_dagrun for example_branch_datetime_operator_2 to 2023-05-21T00:00:00+00:00, run_after=2023-05-22T00:00:00+00:00
[2023-05-22T15:06:23.313+0000] {logging_mixin.py:137} INFO - [2023-05-22T15:06:23.313+0000] {dag.py:3444} INFO - Setting next_dagrun for example_branch_datetime_operator_3 to 2023-05-21T00:00:00+00:00, run_after=2023-05-22T00:00:00+00:00
[2023-05-22T15:06:23.333+0000] {processor.py:175} INFO - Processing /home/airflow/.local/lib/python3.7/site-packages/airflow/example_dags/example_branch_datetime_operator.py took 0.138 seconds
[2023-05-22T15:06:54.173+0000] {processor.py:153} INFO - Started process (PID=1151) to work on /home/airflow/.local/lib/python3.7/site-packages/airflow/example_dags/example_branch_datetime_operator.py
[2023-05-22T15:06:54.174+0000] {processor.py:743} INFO - Processing file /home/airflow/.local/lib/python3.7/site-packages/airflow/example_dags/example_branch_datetime_operator.py for tasks to queue
[2023-05-22T15:06:54.175+0000] {logging_mixin.py:137} INFO - [2023-05-22T15:06:54.175+0000] {dagbag.py:532} INFO - Filling up the DagBag from /home/airflow/.local/lib/python3.7/site-packages/airflow/example_dags/example_branch_datetime_operator.py
[2023-05-22T15:06:54.197+0000] {processor.py:753} INFO - DAG(s) dict_keys(['example_branch_datetime_operator_3', 'example_branch_datetime_operator', 'example_branch_datetime_operator_2']) retrieved from /home/airflow/.local/lib/python3.7/site-packages/airflow/example_dags/example_branch_datetime_operator.py
[2023-05-22T15:06:54.238+0000] {logging_mixin.py:137} INFO - [2023-05-22T15:06:54.238+0000] {dag.py:2693} INFO - Sync 3 DAGs
[2023-05-22T15:06:54.272+0000] {logging_mixin.py:137} INFO - [2023-05-22T15:06:54.272+0000] {dag.py:3444} INFO - Setting next_dagrun for example_branch_datetime_operator to 2023-05-21T00:00:00+00:00, run_after=2023-05-22T00:00:00+00:00
[2023-05-22T15:06:54.278+0000] {logging_mixin.py:137} INFO - [2023-05-22T15:06:54.278+0000] {dag.py:3444} INFO - Setting next_dagrun for example_branch_datetime_operator_2 to 2023-05-21T00:00:00+00:00, run_after=2023-05-22T00:00:00+00:00
[2023-05-22T15:06:54.281+0000] {logging_mixin.py:137} INFO - [2023-05-22T15:06:54.281+0000] {dag.py:3444} INFO - Setting next_dagrun for example_branch_datetime_operator_3 to 2023-05-21T00:00:00+00:00, run_after=2023-05-22T00:00:00+00:00
[2023-05-22T15:06:54.300+0000] {processor.py:175} INFO - Processing /home/airflow/.local/lib/python3.7/site-packages/airflow/example_dags/example_branch_datetime_operator.py took 0.131 seconds
[2023-05-22T15:07:26.111+0000] {processor.py:153} INFO - Started process (PID=1203) to work on /home/airflow/.local/lib/python3.7/site-packages/airflow/example_dags/example_branch_datetime_operator.py
[2023-05-22T15:07:26.112+0000] {processor.py:743} INFO - Processing file /home/airflow/.local/lib/python3.7/site-packages/airflow/example_dags/example_branch_datetime_operator.py for tasks to queue
[2023-05-22T15:07:26.113+0000] {logging_mixin.py:137} INFO - [2023-05-22T15:07:26.112+0000] {dagbag.py:532} INFO - Filling up the DagBag from /home/airflow/.local/lib/python3.7/site-packages/airflow/example_dags/example_branch_datetime_operator.py
[2023-05-22T15:07:26.136+0000] {processor.py:753} INFO - DAG(s) dict_keys(['example_branch_datetime_operator', 'example_branch_datetime_operator_3', 'example_branch_datetime_operator_2']) retrieved from /home/airflow/.local/lib/python3.7/site-packages/airflow/example_dags/example_branch_datetime_operator.py
[2023-05-22T15:07:26.194+0000] {logging_mixin.py:137} INFO - [2023-05-22T15:07:26.193+0000] {dag.py:2693} INFO - Sync 3 DAGs
[2023-05-22T15:07:26.232+0000] {logging_mixin.py:137} INFO - [2023-05-22T15:07:26.232+0000] {dag.py:3444} INFO - Setting next_dagrun for example_branch_datetime_operator to 2023-05-21T00:00:00+00:00, run_after=2023-05-22T00:00:00+00:00
[2023-05-22T15:07:26.238+0000] {logging_mixin.py:137} INFO - [2023-05-22T15:07:26.238+0000] {dag.py:3444} INFO - Setting next_dagrun for example_branch_datetime_operator_2 to 2023-05-21T00:00:00+00:00, run_after=2023-05-22T00:00:00+00:00
[2023-05-22T15:07:26.241+0000] {logging_mixin.py:137} INFO - [2023-05-22T15:07:26.241+0000] {dag.py:3444} INFO - Setting next_dagrun for example_branch_datetime_operator_3 to 2023-05-21T00:00:00+00:00, run_after=2023-05-22T00:00:00+00:00
[2023-05-22T15:07:26.262+0000] {processor.py:175} INFO - Processing /home/airflow/.local/lib/python3.7/site-packages/airflow/example_dags/example_branch_datetime_operator.py took 0.162 seconds
[2023-05-22T15:07:57.703+0000] {processor.py:153} INFO - Started process (PID=1255) to work on /home/airflow/.local/lib/python3.7/site-packages/airflow/example_dags/example_branch_datetime_operator.py
[2023-05-22T15:07:57.712+0000] {processor.py:743} INFO - Processing file /home/airflow/.local/lib/python3.7/site-packages/airflow/example_dags/example_branch_datetime_operator.py for tasks to queue
[2023-05-22T15:07:57.712+0000] {logging_mixin.py:137} INFO - [2023-05-22T15:07:57.712+0000] {dagbag.py:532} INFO - Filling up the DagBag from /home/airflow/.local/lib/python3.7/site-packages/airflow/example_dags/example_branch_datetime_operator.py
[2023-05-22T15:07:57.761+0000] {processor.py:753} INFO - DAG(s) dict_keys(['example_branch_datetime_operator', 'example_branch_datetime_operator_3', 'example_branch_datetime_operator_2']) retrieved from /home/airflow/.local/lib/python3.7/site-packages/airflow/example_dags/example_branch_datetime_operator.py
[2023-05-22T15:07:57.831+0000] {logging_mixin.py:137} INFO - [2023-05-22T15:07:57.830+0000] {dag.py:2693} INFO - Sync 3 DAGs
[2023-05-22T15:07:57.886+0000] {logging_mixin.py:137} INFO - [2023-05-22T15:07:57.886+0000] {dag.py:3444} INFO - Setting next_dagrun for example_branch_datetime_operator to 2023-05-21T00:00:00+00:00, run_after=2023-05-22T00:00:00+00:00
[2023-05-22T15:07:57.892+0000] {logging_mixin.py:137} INFO - [2023-05-22T15:07:57.892+0000] {dag.py:3444} INFO - Setting next_dagrun for example_branch_datetime_operator_2 to 2023-05-21T00:00:00+00:00, run_after=2023-05-22T00:00:00+00:00
[2023-05-22T15:07:57.895+0000] {logging_mixin.py:137} INFO - [2023-05-22T15:07:57.895+0000] {dag.py:3444} INFO - Setting next_dagrun for example_branch_datetime_operator_3 to 2023-05-21T00:00:00+00:00, run_after=2023-05-22T00:00:00+00:00
[2023-05-22T15:07:57.921+0000] {processor.py:175} INFO - Processing /home/airflow/.local/lib/python3.7/site-packages/airflow/example_dags/example_branch_datetime_operator.py took 0.223 seconds
[2023-05-22T15:08:28.505+0000] {processor.py:153} INFO - Started process (PID=1307) to work on /home/airflow/.local/lib/python3.7/site-packages/airflow/example_dags/example_branch_datetime_operator.py
[2023-05-22T15:08:28.506+0000] {processor.py:743} INFO - Processing file /home/airflow/.local/lib/python3.7/site-packages/airflow/example_dags/example_branch_datetime_operator.py for tasks to queue
[2023-05-22T15:08:28.507+0000] {logging_mixin.py:137} INFO - [2023-05-22T15:08:28.507+0000] {dagbag.py:532} INFO - Filling up the DagBag from /home/airflow/.local/lib/python3.7/site-packages/airflow/example_dags/example_branch_datetime_operator.py
[2023-05-22T15:08:28.529+0000] {processor.py:753} INFO - DAG(s) dict_keys(['example_branch_datetime_operator', 'example_branch_datetime_operator_2', 'example_branch_datetime_operator_3']) retrieved from /home/airflow/.local/lib/python3.7/site-packages/airflow/example_dags/example_branch_datetime_operator.py
[2023-05-22T15:08:28.567+0000] {logging_mixin.py:137} INFO - [2023-05-22T15:08:28.567+0000] {dag.py:2693} INFO - Sync 3 DAGs
[2023-05-22T15:08:28.601+0000] {logging_mixin.py:137} INFO - [2023-05-22T15:08:28.601+0000] {dag.py:3444} INFO - Setting next_dagrun for example_branch_datetime_operator to 2023-05-21T00:00:00+00:00, run_after=2023-05-22T00:00:00+00:00
[2023-05-22T15:08:28.607+0000] {logging_mixin.py:137} INFO - [2023-05-22T15:08:28.607+0000] {dag.py:3444} INFO - Setting next_dagrun for example_branch_datetime_operator_2 to 2023-05-21T00:00:00+00:00, run_after=2023-05-22T00:00:00+00:00
[2023-05-22T15:08:28.610+0000] {logging_mixin.py:137} INFO - [2023-05-22T15:08:28.610+0000] {dag.py:3444} INFO - Setting next_dagrun for example_branch_datetime_operator_3 to 2023-05-21T00:00:00+00:00, run_after=2023-05-22T00:00:00+00:00
[2023-05-22T15:08:28.631+0000] {processor.py:175} INFO - Processing /home/airflow/.local/lib/python3.7/site-packages/airflow/example_dags/example_branch_datetime_operator.py took 0.129 seconds
[2023-05-22T15:08:59.638+0000] {processor.py:153} INFO - Started process (PID=1358) to work on /home/airflow/.local/lib/python3.7/site-packages/airflow/example_dags/example_branch_datetime_operator.py
[2023-05-22T15:08:59.639+0000] {processor.py:743} INFO - Processing file /home/airflow/.local/lib/python3.7/site-packages/airflow/example_dags/example_branch_datetime_operator.py for tasks to queue
[2023-05-22T15:08:59.640+0000] {logging_mixin.py:137} INFO - [2023-05-22T15:08:59.640+0000] {dagbag.py:532} INFO - Filling up the DagBag from /home/airflow/.local/lib/python3.7/site-packages/airflow/example_dags/example_branch_datetime_operator.py
[2023-05-22T15:08:59.663+0000] {processor.py:753} INFO - DAG(s) dict_keys(['example_branch_datetime_operator_3', 'example_branch_datetime_operator', 'example_branch_datetime_operator_2']) retrieved from /home/airflow/.local/lib/python3.7/site-packages/airflow/example_dags/example_branch_datetime_operator.py
[2023-05-22T15:08:59.704+0000] {logging_mixin.py:137} INFO - [2023-05-22T15:08:59.703+0000] {dag.py:2693} INFO - Sync 3 DAGs
[2023-05-22T15:08:59.746+0000] {logging_mixin.py:137} INFO - [2023-05-22T15:08:59.746+0000] {dag.py:3444} INFO - Setting next_dagrun for example_branch_datetime_operator to 2023-05-21T00:00:00+00:00, run_after=2023-05-22T00:00:00+00:00
[2023-05-22T15:08:59.753+0000] {logging_mixin.py:137} INFO - [2023-05-22T15:08:59.753+0000] {dag.py:3444} INFO - Setting next_dagrun for example_branch_datetime_operator_2 to 2023-05-21T00:00:00+00:00, run_after=2023-05-22T00:00:00+00:00
[2023-05-22T15:08:59.756+0000] {logging_mixin.py:137} INFO - [2023-05-22T15:08:59.756+0000] {dag.py:3444} INFO - Setting next_dagrun for example_branch_datetime_operator_3 to 2023-05-21T00:00:00+00:00, run_after=2023-05-22T00:00:00+00:00
[2023-05-22T15:08:59.776+0000] {processor.py:175} INFO - Processing /home/airflow/.local/lib/python3.7/site-packages/airflow/example_dags/example_branch_datetime_operator.py took 0.143 seconds
[2023-05-22T15:09:30.450+0000] {processor.py:153} INFO - Started process (PID=1410) to work on /home/airflow/.local/lib/python3.7/site-packages/airflow/example_dags/example_branch_datetime_operator.py
[2023-05-22T15:09:30.452+0000] {processor.py:743} INFO - Processing file /home/airflow/.local/lib/python3.7/site-packages/airflow/example_dags/example_branch_datetime_operator.py for tasks to queue
[2023-05-22T15:09:30.453+0000] {logging_mixin.py:137} INFO - [2023-05-22T15:09:30.452+0000] {dagbag.py:532} INFO - Filling up the DagBag from /home/airflow/.local/lib/python3.7/site-packages/airflow/example_dags/example_branch_datetime_operator.py
[2023-05-22T15:09:30.474+0000] {processor.py:753} INFO - DAG(s) dict_keys(['example_branch_datetime_operator_2', 'example_branch_datetime_operator_3', 'example_branch_datetime_operator']) retrieved from /home/airflow/.local/lib/python3.7/site-packages/airflow/example_dags/example_branch_datetime_operator.py
[2023-05-22T15:09:30.517+0000] {logging_mixin.py:137} INFO - [2023-05-22T15:09:30.517+0000] {dag.py:2693} INFO - Sync 3 DAGs
[2023-05-22T15:09:30.560+0000] {logging_mixin.py:137} INFO - [2023-05-22T15:09:30.560+0000] {dag.py:3444} INFO - Setting next_dagrun for example_branch_datetime_operator to 2023-05-21T00:00:00+00:00, run_after=2023-05-22T00:00:00+00:00
[2023-05-22T15:09:30.574+0000] {logging_mixin.py:137} INFO - [2023-05-22T15:09:30.574+0000] {dag.py:3444} INFO - Setting next_dagrun for example_branch_datetime_operator_2 to 2023-05-21T00:00:00+00:00, run_after=2023-05-22T00:00:00+00:00
[2023-05-22T15:09:30.577+0000] {logging_mixin.py:137} INFO - [2023-05-22T15:09:30.577+0000] {dag.py:3444} INFO - Setting next_dagrun for example_branch_datetime_operator_3 to 2023-05-21T00:00:00+00:00, run_after=2023-05-22T00:00:00+00:00
[2023-05-22T15:09:30.599+0000] {processor.py:175} INFO - Processing /home/airflow/.local/lib/python3.7/site-packages/airflow/example_dags/example_branch_datetime_operator.py took 0.160 seconds
[2023-05-22T15:10:00.644+0000] {processor.py:153} INFO - Started process (PID=1462) to work on /home/airflow/.local/lib/python3.7/site-packages/airflow/example_dags/example_branch_datetime_operator.py
[2023-05-22T15:10:00.645+0000] {processor.py:743} INFO - Processing file /home/airflow/.local/lib/python3.7/site-packages/airflow/example_dags/example_branch_datetime_operator.py for tasks to queue
[2023-05-22T15:10:00.646+0000] {logging_mixin.py:137} INFO - [2023-05-22T15:10:00.646+0000] {dagbag.py:532} INFO - Filling up the DagBag from /home/airflow/.local/lib/python3.7/site-packages/airflow/example_dags/example_branch_datetime_operator.py
[2023-05-22T15:10:00.667+0000] {processor.py:753} INFO - DAG(s) dict_keys(['example_branch_datetime_operator', 'example_branch_datetime_operator_2', 'example_branch_datetime_operator_3']) retrieved from /home/airflow/.local/lib/python3.7/site-packages/airflow/example_dags/example_branch_datetime_operator.py
[2023-05-22T15:10:00.709+0000] {logging_mixin.py:137} INFO - [2023-05-22T15:10:00.708+0000] {dag.py:2693} INFO - Sync 3 DAGs
[2023-05-22T15:10:00.744+0000] {logging_mixin.py:137} INFO - [2023-05-22T15:10:00.744+0000] {dag.py:3444} INFO - Setting next_dagrun for example_branch_datetime_operator to 2023-05-21T00:00:00+00:00, run_after=2023-05-22T00:00:00+00:00
[2023-05-22T15:10:00.750+0000] {logging_mixin.py:137} INFO - [2023-05-22T15:10:00.750+0000] {dag.py:3444} INFO - Setting next_dagrun for example_branch_datetime_operator_2 to 2023-05-21T00:00:00+00:00, run_after=2023-05-22T00:00:00+00:00
[2023-05-22T15:10:00.753+0000] {logging_mixin.py:137} INFO - [2023-05-22T15:10:00.753+0000] {dag.py:3444} INFO - Setting next_dagrun for example_branch_datetime_operator_3 to 2023-05-21T00:00:00+00:00, run_after=2023-05-22T00:00:00+00:00
[2023-05-22T15:10:00.773+0000] {processor.py:175} INFO - Processing /home/airflow/.local/lib/python3.7/site-packages/airflow/example_dags/example_branch_datetime_operator.py took 0.133 seconds
[2023-05-22T15:10:31.509+0000] {processor.py:153} INFO - Started process (PID=1514) to work on /home/airflow/.local/lib/python3.7/site-packages/airflow/example_dags/example_branch_datetime_operator.py
[2023-05-22T15:10:31.509+0000] {processor.py:743} INFO - Processing file /home/airflow/.local/lib/python3.7/site-packages/airflow/example_dags/example_branch_datetime_operator.py for tasks to queue
[2023-05-22T15:10:31.510+0000] {logging_mixin.py:137} INFO - [2023-05-22T15:10:31.510+0000] {dagbag.py:532} INFO - Filling up the DagBag from /home/airflow/.local/lib/python3.7/site-packages/airflow/example_dags/example_branch_datetime_operator.py
[2023-05-22T15:10:31.531+0000] {processor.py:753} INFO - DAG(s) dict_keys(['example_branch_datetime_operator_2', 'example_branch_datetime_operator', 'example_branch_datetime_operator_3']) retrieved from /home/airflow/.local/lib/python3.7/site-packages/airflow/example_dags/example_branch_datetime_operator.py
[2023-05-22T15:10:31.571+0000] {logging_mixin.py:137} INFO - [2023-05-22T15:10:31.571+0000] {dag.py:2693} INFO - Sync 3 DAGs
[2023-05-22T15:10:31.607+0000] {logging_mixin.py:137} INFO - [2023-05-22T15:10:31.607+0000] {dag.py:3444} INFO - Setting next_dagrun for example_branch_datetime_operator to 2023-05-21T00:00:00+00:00, run_after=2023-05-22T00:00:00+00:00
[2023-05-22T15:10:31.613+0000] {logging_mixin.py:137} INFO - [2023-05-22T15:10:31.613+0000] {dag.py:3444} INFO - Setting next_dagrun for example_branch_datetime_operator_2 to 2023-05-21T00:00:00+00:00, run_after=2023-05-22T00:00:00+00:00
[2023-05-22T15:10:31.616+0000] {logging_mixin.py:137} INFO - [2023-05-22T15:10:31.616+0000] {dag.py:3444} INFO - Setting next_dagrun for example_branch_datetime_operator_3 to 2023-05-21T00:00:00+00:00, run_after=2023-05-22T00:00:00+00:00
[2023-05-22T15:10:31.637+0000] {processor.py:175} INFO - Processing /home/airflow/.local/lib/python3.7/site-packages/airflow/example_dags/example_branch_datetime_operator.py took 0.132 seconds
