[2023-05-22T14:55:59.981+0000] {processor.py:153} INFO - Started process (PID=38) to work on /home/airflow/.local/lib/python3.7/site-packages/airflow/example_dags/example_external_task_marker_dag.py
[2023-05-22T14:55:59.982+0000] {processor.py:743} INFO - Processing file /home/airflow/.local/lib/python3.7/site-packages/airflow/example_dags/example_external_task_marker_dag.py for tasks to queue
[2023-05-22T14:55:59.983+0000] {logging_mixin.py:137} INFO - [2023-05-22T14:55:59.983+0000] {dagbag.py:532} INFO - Filling up the DagBag from /home/airflow/.local/lib/python3.7/site-packages/airflow/example_dags/example_external_task_marker_dag.py
[2023-05-22T14:56:00.005+0000] {processor.py:753} INFO - DAG(s) dict_keys(['example_external_task_marker_parent', 'example_external_task_marker_child']) retrieved from /home/airflow/.local/lib/python3.7/site-packages/airflow/example_dags/example_external_task_marker_dag.py
[2023-05-22T14:56:00.042+0000] {logging_mixin.py:137} INFO - [2023-05-22T14:56:00.042+0000] {dag.py:2693} INFO - Sync 2 DAGs
[2023-05-22T14:56:00.076+0000] {logging_mixin.py:137} INFO - [2023-05-22T14:56:00.075+0000] {dag.py:3444} INFO - Setting next_dagrun for example_external_task_marker_child to None, run_after=None
[2023-05-22T14:56:00.082+0000] {logging_mixin.py:137} INFO - [2023-05-22T14:56:00.081+0000] {dag.py:3444} INFO - Setting next_dagrun for example_external_task_marker_parent to None, run_after=None
[2023-05-22T14:56:00.115+0000] {processor.py:175} INFO - Processing /home/airflow/.local/lib/python3.7/site-packages/airflow/example_dags/example_external_task_marker_dag.py took 0.137 seconds
[2023-05-22T14:56:30.662+0000] {processor.py:153} INFO - Started process (PID=90) to work on /home/airflow/.local/lib/python3.7/site-packages/airflow/example_dags/example_external_task_marker_dag.py
[2023-05-22T14:56:30.663+0000] {processor.py:743} INFO - Processing file /home/airflow/.local/lib/python3.7/site-packages/airflow/example_dags/example_external_task_marker_dag.py for tasks to queue
[2023-05-22T14:56:30.664+0000] {logging_mixin.py:137} INFO - [2023-05-22T14:56:30.664+0000] {dagbag.py:532} INFO - Filling up the DagBag from /home/airflow/.local/lib/python3.7/site-packages/airflow/example_dags/example_external_task_marker_dag.py
[2023-05-22T14:56:30.681+0000] {processor.py:753} INFO - DAG(s) dict_keys(['example_external_task_marker_child', 'example_external_task_marker_parent']) retrieved from /home/airflow/.local/lib/python3.7/site-packages/airflow/example_dags/example_external_task_marker_dag.py
[2023-05-22T14:56:30.718+0000] {logging_mixin.py:137} INFO - [2023-05-22T14:56:30.717+0000] {dag.py:2693} INFO - Sync 2 DAGs
[2023-05-22T14:56:30.754+0000] {logging_mixin.py:137} INFO - [2023-05-22T14:56:30.754+0000] {dag.py:3444} INFO - Setting next_dagrun for example_external_task_marker_child to None, run_after=None
[2023-05-22T14:56:30.758+0000] {logging_mixin.py:137} INFO - [2023-05-22T14:56:30.758+0000] {dag.py:3444} INFO - Setting next_dagrun for example_external_task_marker_parent to None, run_after=None
[2023-05-22T14:56:30.778+0000] {processor.py:175} INFO - Processing /home/airflow/.local/lib/python3.7/site-packages/airflow/example_dags/example_external_task_marker_dag.py took 0.120 seconds
[2023-05-22T14:57:01.959+0000] {processor.py:153} INFO - Started process (PID=143) to work on /home/airflow/.local/lib/python3.7/site-packages/airflow/example_dags/example_external_task_marker_dag.py
[2023-05-22T14:57:01.960+0000] {processor.py:743} INFO - Processing file /home/airflow/.local/lib/python3.7/site-packages/airflow/example_dags/example_external_task_marker_dag.py for tasks to queue
[2023-05-22T14:57:01.961+0000] {logging_mixin.py:137} INFO - [2023-05-22T14:57:01.961+0000] {dagbag.py:532} INFO - Filling up the DagBag from /home/airflow/.local/lib/python3.7/site-packages/airflow/example_dags/example_external_task_marker_dag.py
[2023-05-22T14:57:01.978+0000] {processor.py:753} INFO - DAG(s) dict_keys(['example_external_task_marker_parent', 'example_external_task_marker_child']) retrieved from /home/airflow/.local/lib/python3.7/site-packages/airflow/example_dags/example_external_task_marker_dag.py
[2023-05-22T14:57:02.017+0000] {logging_mixin.py:137} INFO - [2023-05-22T14:57:02.017+0000] {dag.py:2693} INFO - Sync 2 DAGs
[2023-05-22T14:57:02.053+0000] {logging_mixin.py:137} INFO - [2023-05-22T14:57:02.053+0000] {dag.py:3444} INFO - Setting next_dagrun for example_external_task_marker_child to None, run_after=None
[2023-05-22T14:57:02.057+0000] {logging_mixin.py:137} INFO - [2023-05-22T14:57:02.057+0000] {dag.py:3444} INFO - Setting next_dagrun for example_external_task_marker_parent to None, run_after=None
[2023-05-22T14:57:02.077+0000] {processor.py:175} INFO - Processing /home/airflow/.local/lib/python3.7/site-packages/airflow/example_dags/example_external_task_marker_dag.py took 0.123 seconds
[2023-05-22T14:57:32.778+0000] {processor.py:153} INFO - Started process (PID=196) to work on /home/airflow/.local/lib/python3.7/site-packages/airflow/example_dags/example_external_task_marker_dag.py
[2023-05-22T14:57:32.779+0000] {processor.py:743} INFO - Processing file /home/airflow/.local/lib/python3.7/site-packages/airflow/example_dags/example_external_task_marker_dag.py for tasks to queue
[2023-05-22T14:57:32.780+0000] {logging_mixin.py:137} INFO - [2023-05-22T14:57:32.780+0000] {dagbag.py:532} INFO - Filling up the DagBag from /home/airflow/.local/lib/python3.7/site-packages/airflow/example_dags/example_external_task_marker_dag.py
[2023-05-22T14:57:32.797+0000] {processor.py:753} INFO - DAG(s) dict_keys(['example_external_task_marker_child', 'example_external_task_marker_parent']) retrieved from /home/airflow/.local/lib/python3.7/site-packages/airflow/example_dags/example_external_task_marker_dag.py
[2023-05-22T14:57:32.830+0000] {logging_mixin.py:137} INFO - [2023-05-22T14:57:32.830+0000] {dag.py:2693} INFO - Sync 2 DAGs
[2023-05-22T14:57:32.861+0000] {logging_mixin.py:137} INFO - [2023-05-22T14:57:32.861+0000] {dag.py:3444} INFO - Setting next_dagrun for example_external_task_marker_child to None, run_after=None
[2023-05-22T14:57:32.865+0000] {logging_mixin.py:137} INFO - [2023-05-22T14:57:32.865+0000] {dag.py:3444} INFO - Setting next_dagrun for example_external_task_marker_parent to None, run_after=None
[2023-05-22T14:57:32.885+0000] {processor.py:175} INFO - Processing /home/airflow/.local/lib/python3.7/site-packages/airflow/example_dags/example_external_task_marker_dag.py took 0.111 seconds
[2023-05-22T14:58:04.001+0000] {processor.py:153} INFO - Started process (PID=248) to work on /home/airflow/.local/lib/python3.7/site-packages/airflow/example_dags/example_external_task_marker_dag.py
[2023-05-22T14:58:04.002+0000] {processor.py:743} INFO - Processing file /home/airflow/.local/lib/python3.7/site-packages/airflow/example_dags/example_external_task_marker_dag.py for tasks to queue
[2023-05-22T14:58:04.003+0000] {logging_mixin.py:137} INFO - [2023-05-22T14:58:04.003+0000] {dagbag.py:532} INFO - Filling up the DagBag from /home/airflow/.local/lib/python3.7/site-packages/airflow/example_dags/example_external_task_marker_dag.py
[2023-05-22T14:58:04.024+0000] {processor.py:753} INFO - DAG(s) dict_keys(['example_external_task_marker_child', 'example_external_task_marker_parent']) retrieved from /home/airflow/.local/lib/python3.7/site-packages/airflow/example_dags/example_external_task_marker_dag.py
[2023-05-22T14:58:04.058+0000] {logging_mixin.py:137} INFO - [2023-05-22T14:58:04.057+0000] {dag.py:2693} INFO - Sync 2 DAGs
[2023-05-22T14:58:04.091+0000] {logging_mixin.py:137} INFO - [2023-05-22T14:58:04.091+0000] {dag.py:3444} INFO - Setting next_dagrun for example_external_task_marker_child to None, run_after=None
[2023-05-22T14:58:04.095+0000] {logging_mixin.py:137} INFO - [2023-05-22T14:58:04.095+0000] {dag.py:3444} INFO - Setting next_dagrun for example_external_task_marker_parent to None, run_after=None
[2023-05-22T14:58:04.120+0000] {processor.py:175} INFO - Processing /home/airflow/.local/lib/python3.7/site-packages/airflow/example_dags/example_external_task_marker_dag.py took 0.123 seconds
[2023-05-22T14:58:34.996+0000] {processor.py:153} INFO - Started process (PID=299) to work on /home/airflow/.local/lib/python3.7/site-packages/airflow/example_dags/example_external_task_marker_dag.py
[2023-05-22T14:58:34.998+0000] {processor.py:743} INFO - Processing file /home/airflow/.local/lib/python3.7/site-packages/airflow/example_dags/example_external_task_marker_dag.py for tasks to queue
[2023-05-22T14:58:34.999+0000] {logging_mixin.py:137} INFO - [2023-05-22T14:58:34.999+0000] {dagbag.py:532} INFO - Filling up the DagBag from /home/airflow/.local/lib/python3.7/site-packages/airflow/example_dags/example_external_task_marker_dag.py
[2023-05-22T14:58:35.016+0000] {processor.py:753} INFO - DAG(s) dict_keys(['example_external_task_marker_parent', 'example_external_task_marker_child']) retrieved from /home/airflow/.local/lib/python3.7/site-packages/airflow/example_dags/example_external_task_marker_dag.py
[2023-05-22T14:58:35.050+0000] {logging_mixin.py:137} INFO - [2023-05-22T14:58:35.050+0000] {dag.py:2693} INFO - Sync 2 DAGs
[2023-05-22T14:58:35.081+0000] {logging_mixin.py:137} INFO - [2023-05-22T14:58:35.081+0000] {dag.py:3444} INFO - Setting next_dagrun for example_external_task_marker_child to None, run_after=None
[2023-05-22T14:58:35.085+0000] {logging_mixin.py:137} INFO - [2023-05-22T14:58:35.085+0000] {dag.py:3444} INFO - Setting next_dagrun for example_external_task_marker_parent to None, run_after=None
[2023-05-22T14:58:35.105+0000] {processor.py:175} INFO - Processing /home/airflow/.local/lib/python3.7/site-packages/airflow/example_dags/example_external_task_marker_dag.py took 0.112 seconds
[2023-05-22T14:59:06.038+0000] {processor.py:153} INFO - Started process (PID=351) to work on /home/airflow/.local/lib/python3.7/site-packages/airflow/example_dags/example_external_task_marker_dag.py
[2023-05-22T14:59:06.039+0000] {processor.py:743} INFO - Processing file /home/airflow/.local/lib/python3.7/site-packages/airflow/example_dags/example_external_task_marker_dag.py for tasks to queue
[2023-05-22T14:59:06.039+0000] {logging_mixin.py:137} INFO - [2023-05-22T14:59:06.039+0000] {dagbag.py:532} INFO - Filling up the DagBag from /home/airflow/.local/lib/python3.7/site-packages/airflow/example_dags/example_external_task_marker_dag.py
[2023-05-22T14:59:06.056+0000] {processor.py:753} INFO - DAG(s) dict_keys(['example_external_task_marker_child', 'example_external_task_marker_parent']) retrieved from /home/airflow/.local/lib/python3.7/site-packages/airflow/example_dags/example_external_task_marker_dag.py
[2023-05-22T14:59:06.090+0000] {logging_mixin.py:137} INFO - [2023-05-22T14:59:06.089+0000] {dag.py:2693} INFO - Sync 2 DAGs
[2023-05-22T14:59:06.125+0000] {logging_mixin.py:137} INFO - [2023-05-22T14:59:06.125+0000] {dag.py:3444} INFO - Setting next_dagrun for example_external_task_marker_child to None, run_after=None
[2023-05-22T14:59:06.129+0000] {logging_mixin.py:137} INFO - [2023-05-22T14:59:06.129+0000] {dag.py:3444} INFO - Setting next_dagrun for example_external_task_marker_parent to None, run_after=None
[2023-05-22T14:59:06.152+0000] {processor.py:175} INFO - Processing /home/airflow/.local/lib/python3.7/site-packages/airflow/example_dags/example_external_task_marker_dag.py took 0.118 seconds
[2023-05-22T14:59:37.346+0000] {processor.py:153} INFO - Started process (PID=403) to work on /home/airflow/.local/lib/python3.7/site-packages/airflow/example_dags/example_external_task_marker_dag.py
[2023-05-22T14:59:37.347+0000] {processor.py:743} INFO - Processing file /home/airflow/.local/lib/python3.7/site-packages/airflow/example_dags/example_external_task_marker_dag.py for tasks to queue
[2023-05-22T14:59:37.348+0000] {logging_mixin.py:137} INFO - [2023-05-22T14:59:37.348+0000] {dagbag.py:532} INFO - Filling up the DagBag from /home/airflow/.local/lib/python3.7/site-packages/airflow/example_dags/example_external_task_marker_dag.py
[2023-05-22T14:59:37.367+0000] {processor.py:753} INFO - DAG(s) dict_keys(['example_external_task_marker_parent', 'example_external_task_marker_child']) retrieved from /home/airflow/.local/lib/python3.7/site-packages/airflow/example_dags/example_external_task_marker_dag.py
[2023-05-22T14:59:37.402+0000] {logging_mixin.py:137} INFO - [2023-05-22T14:59:37.402+0000] {dag.py:2693} INFO - Sync 2 DAGs
[2023-05-22T14:59:37.435+0000] {logging_mixin.py:137} INFO - [2023-05-22T14:59:37.435+0000] {dag.py:3444} INFO - Setting next_dagrun for example_external_task_marker_child to None, run_after=None
[2023-05-22T14:59:37.439+0000] {logging_mixin.py:137} INFO - [2023-05-22T14:59:37.439+0000] {dag.py:3444} INFO - Setting next_dagrun for example_external_task_marker_parent to None, run_after=None
[2023-05-22T14:59:37.460+0000] {processor.py:175} INFO - Processing /home/airflow/.local/lib/python3.7/site-packages/airflow/example_dags/example_external_task_marker_dag.py took 0.118 seconds
[2023-05-22T15:00:08.736+0000] {processor.py:153} INFO - Started process (PID=454) to work on /home/airflow/.local/lib/python3.7/site-packages/airflow/example_dags/example_external_task_marker_dag.py
[2023-05-22T15:00:08.737+0000] {processor.py:743} INFO - Processing file /home/airflow/.local/lib/python3.7/site-packages/airflow/example_dags/example_external_task_marker_dag.py for tasks to queue
[2023-05-22T15:00:08.738+0000] {logging_mixin.py:137} INFO - [2023-05-22T15:00:08.738+0000] {dagbag.py:532} INFO - Filling up the DagBag from /home/airflow/.local/lib/python3.7/site-packages/airflow/example_dags/example_external_task_marker_dag.py
[2023-05-22T15:00:08.760+0000] {processor.py:753} INFO - DAG(s) dict_keys(['example_external_task_marker_parent', 'example_external_task_marker_child']) retrieved from /home/airflow/.local/lib/python3.7/site-packages/airflow/example_dags/example_external_task_marker_dag.py
[2023-05-22T15:00:08.796+0000] {logging_mixin.py:137} INFO - [2023-05-22T15:00:08.796+0000] {dag.py:2693} INFO - Sync 2 DAGs
[2023-05-22T15:00:08.856+0000] {logging_mixin.py:137} INFO - [2023-05-22T15:00:08.855+0000] {dag.py:3444} INFO - Setting next_dagrun for example_external_task_marker_child to None, run_after=None
[2023-05-22T15:00:08.862+0000] {logging_mixin.py:137} INFO - [2023-05-22T15:00:08.861+0000] {dag.py:3444} INFO - Setting next_dagrun for example_external_task_marker_parent to None, run_after=None
[2023-05-22T15:00:08.912+0000] {processor.py:175} INFO - Processing /home/airflow/.local/lib/python3.7/site-packages/airflow/example_dags/example_external_task_marker_dag.py took 0.180 seconds
[2023-05-22T15:00:41.265+0000] {processor.py:153} INFO - Started process (PID=513) to work on /home/airflow/.local/lib/python3.7/site-packages/airflow/example_dags/example_external_task_marker_dag.py
[2023-05-22T15:00:41.267+0000] {processor.py:743} INFO - Processing file /home/airflow/.local/lib/python3.7/site-packages/airflow/example_dags/example_external_task_marker_dag.py for tasks to queue
[2023-05-22T15:00:41.267+0000] {logging_mixin.py:137} INFO - [2023-05-22T15:00:41.267+0000] {dagbag.py:532} INFO - Filling up the DagBag from /home/airflow/.local/lib/python3.7/site-packages/airflow/example_dags/example_external_task_marker_dag.py
[2023-05-22T15:00:41.284+0000] {processor.py:753} INFO - DAG(s) dict_keys(['example_external_task_marker_child', 'example_external_task_marker_parent']) retrieved from /home/airflow/.local/lib/python3.7/site-packages/airflow/example_dags/example_external_task_marker_dag.py
[2023-05-22T15:00:41.350+0000] {logging_mixin.py:137} INFO - [2023-05-22T15:00:41.350+0000] {dag.py:2693} INFO - Sync 2 DAGs
[2023-05-22T15:00:41.418+0000] {logging_mixin.py:137} INFO - [2023-05-22T15:00:41.418+0000] {dag.py:3444} INFO - Setting next_dagrun for example_external_task_marker_child to None, run_after=None
[2023-05-22T15:00:41.424+0000] {logging_mixin.py:137} INFO - [2023-05-22T15:00:41.424+0000] {dag.py:3444} INFO - Setting next_dagrun for example_external_task_marker_parent to None, run_after=None
[2023-05-22T15:00:41.516+0000] {processor.py:175} INFO - Processing /home/airflow/.local/lib/python3.7/site-packages/airflow/example_dags/example_external_task_marker_dag.py took 0.255 seconds
[2023-05-22T15:01:12.458+0000] {processor.py:153} INFO - Started process (PID=565) to work on /home/airflow/.local/lib/python3.7/site-packages/airflow/example_dags/example_external_task_marker_dag.py
[2023-05-22T15:01:12.463+0000] {processor.py:743} INFO - Processing file /home/airflow/.local/lib/python3.7/site-packages/airflow/example_dags/example_external_task_marker_dag.py for tasks to queue
[2023-05-22T15:01:12.464+0000] {logging_mixin.py:137} INFO - [2023-05-22T15:01:12.464+0000] {dagbag.py:532} INFO - Filling up the DagBag from /home/airflow/.local/lib/python3.7/site-packages/airflow/example_dags/example_external_task_marker_dag.py
[2023-05-22T15:01:12.514+0000] {processor.py:753} INFO - DAG(s) dict_keys(['example_external_task_marker_child', 'example_external_task_marker_parent']) retrieved from /home/airflow/.local/lib/python3.7/site-packages/airflow/example_dags/example_external_task_marker_dag.py
[2023-05-22T15:01:12.642+0000] {logging_mixin.py:137} INFO - [2023-05-22T15:01:12.642+0000] {dag.py:2693} INFO - Sync 2 DAGs
[2023-05-22T15:01:12.787+0000] {logging_mixin.py:137} INFO - [2023-05-22T15:01:12.787+0000] {dag.py:3444} INFO - Setting next_dagrun for example_external_task_marker_child to None, run_after=None
[2023-05-22T15:01:12.800+0000] {logging_mixin.py:137} INFO - [2023-05-22T15:01:12.800+0000] {dag.py:3444} INFO - Setting next_dagrun for example_external_task_marker_parent to None, run_after=None
[2023-05-22T15:01:12.856+0000] {processor.py:175} INFO - Processing /home/airflow/.local/lib/python3.7/site-packages/airflow/example_dags/example_external_task_marker_dag.py took 0.411 seconds
[2023-05-22T15:01:43.097+0000] {processor.py:153} INFO - Started process (PID=618) to work on /home/airflow/.local/lib/python3.7/site-packages/airflow/example_dags/example_external_task_marker_dag.py
[2023-05-22T15:01:43.098+0000] {processor.py:743} INFO - Processing file /home/airflow/.local/lib/python3.7/site-packages/airflow/example_dags/example_external_task_marker_dag.py for tasks to queue
[2023-05-22T15:01:43.098+0000] {logging_mixin.py:137} INFO - [2023-05-22T15:01:43.098+0000] {dagbag.py:532} INFO - Filling up the DagBag from /home/airflow/.local/lib/python3.7/site-packages/airflow/example_dags/example_external_task_marker_dag.py
[2023-05-22T15:01:43.117+0000] {processor.py:753} INFO - DAG(s) dict_keys(['example_external_task_marker_parent', 'example_external_task_marker_child']) retrieved from /home/airflow/.local/lib/python3.7/site-packages/airflow/example_dags/example_external_task_marker_dag.py
[2023-05-22T15:01:43.163+0000] {logging_mixin.py:137} INFO - [2023-05-22T15:01:43.163+0000] {dag.py:2693} INFO - Sync 2 DAGs
[2023-05-22T15:01:43.198+0000] {logging_mixin.py:137} INFO - [2023-05-22T15:01:43.198+0000] {dag.py:3444} INFO - Setting next_dagrun for example_external_task_marker_child to None, run_after=None
[2023-05-22T15:01:43.203+0000] {logging_mixin.py:137} INFO - [2023-05-22T15:01:43.203+0000] {dag.py:3444} INFO - Setting next_dagrun for example_external_task_marker_parent to None, run_after=None
[2023-05-22T15:01:43.222+0000] {processor.py:175} INFO - Processing /home/airflow/.local/lib/python3.7/site-packages/airflow/example_dags/example_external_task_marker_dag.py took 0.129 seconds
[2023-05-22T15:02:14.398+0000] {processor.py:153} INFO - Started process (PID=670) to work on /home/airflow/.local/lib/python3.7/site-packages/airflow/example_dags/example_external_task_marker_dag.py
[2023-05-22T15:02:14.400+0000] {processor.py:743} INFO - Processing file /home/airflow/.local/lib/python3.7/site-packages/airflow/example_dags/example_external_task_marker_dag.py for tasks to queue
[2023-05-22T15:02:14.400+0000] {logging_mixin.py:137} INFO - [2023-05-22T15:02:14.400+0000] {dagbag.py:532} INFO - Filling up the DagBag from /home/airflow/.local/lib/python3.7/site-packages/airflow/example_dags/example_external_task_marker_dag.py
[2023-05-22T15:02:14.421+0000] {processor.py:753} INFO - DAG(s) dict_keys(['example_external_task_marker_parent', 'example_external_task_marker_child']) retrieved from /home/airflow/.local/lib/python3.7/site-packages/airflow/example_dags/example_external_task_marker_dag.py
[2023-05-22T15:02:14.455+0000] {logging_mixin.py:137} INFO - [2023-05-22T15:02:14.455+0000] {dag.py:2693} INFO - Sync 2 DAGs
[2023-05-22T15:02:14.488+0000] {logging_mixin.py:137} INFO - [2023-05-22T15:02:14.488+0000] {dag.py:3444} INFO - Setting next_dagrun for example_external_task_marker_child to None, run_after=None
[2023-05-22T15:02:14.492+0000] {logging_mixin.py:137} INFO - [2023-05-22T15:02:14.492+0000] {dag.py:3444} INFO - Setting next_dagrun for example_external_task_marker_parent to None, run_after=None
[2023-05-22T15:02:14.510+0000] {processor.py:175} INFO - Processing /home/airflow/.local/lib/python3.7/site-packages/airflow/example_dags/example_external_task_marker_dag.py took 0.117 seconds
[2023-05-22T15:02:45.825+0000] {processor.py:153} INFO - Started process (PID=722) to work on /home/airflow/.local/lib/python3.7/site-packages/airflow/example_dags/example_external_task_marker_dag.py
[2023-05-22T15:02:45.826+0000] {processor.py:743} INFO - Processing file /home/airflow/.local/lib/python3.7/site-packages/airflow/example_dags/example_external_task_marker_dag.py for tasks to queue
[2023-05-22T15:02:45.827+0000] {logging_mixin.py:137} INFO - [2023-05-22T15:02:45.827+0000] {dagbag.py:532} INFO - Filling up the DagBag from /home/airflow/.local/lib/python3.7/site-packages/airflow/example_dags/example_external_task_marker_dag.py
[2023-05-22T15:02:45.844+0000] {processor.py:753} INFO - DAG(s) dict_keys(['example_external_task_marker_child', 'example_external_task_marker_parent']) retrieved from /home/airflow/.local/lib/python3.7/site-packages/airflow/example_dags/example_external_task_marker_dag.py
[2023-05-22T15:02:45.878+0000] {logging_mixin.py:137} INFO - [2023-05-22T15:02:45.877+0000] {dag.py:2693} INFO - Sync 2 DAGs
[2023-05-22T15:02:45.908+0000] {logging_mixin.py:137} INFO - [2023-05-22T15:02:45.908+0000] {dag.py:3444} INFO - Setting next_dagrun for example_external_task_marker_child to None, run_after=None
[2023-05-22T15:02:45.912+0000] {logging_mixin.py:137} INFO - [2023-05-22T15:02:45.912+0000] {dag.py:3444} INFO - Setting next_dagrun for example_external_task_marker_parent to None, run_after=None
[2023-05-22T15:02:45.934+0000] {processor.py:175} INFO - Processing /home/airflow/.local/lib/python3.7/site-packages/airflow/example_dags/example_external_task_marker_dag.py took 0.112 seconds
[2023-05-22T15:03:16.915+0000] {processor.py:153} INFO - Started process (PID=775) to work on /home/airflow/.local/lib/python3.7/site-packages/airflow/example_dags/example_external_task_marker_dag.py
[2023-05-22T15:03:16.916+0000] {processor.py:743} INFO - Processing file /home/airflow/.local/lib/python3.7/site-packages/airflow/example_dags/example_external_task_marker_dag.py for tasks to queue
[2023-05-22T15:03:16.917+0000] {logging_mixin.py:137} INFO - [2023-05-22T15:03:16.917+0000] {dagbag.py:532} INFO - Filling up the DagBag from /home/airflow/.local/lib/python3.7/site-packages/airflow/example_dags/example_external_task_marker_dag.py
[2023-05-22T15:03:16.934+0000] {processor.py:753} INFO - DAG(s) dict_keys(['example_external_task_marker_child', 'example_external_task_marker_parent']) retrieved from /home/airflow/.local/lib/python3.7/site-packages/airflow/example_dags/example_external_task_marker_dag.py
[2023-05-22T15:03:16.972+0000] {logging_mixin.py:137} INFO - [2023-05-22T15:03:16.972+0000] {dag.py:2693} INFO - Sync 2 DAGs
[2023-05-22T15:03:17.004+0000] {logging_mixin.py:137} INFO - [2023-05-22T15:03:17.004+0000] {dag.py:3444} INFO - Setting next_dagrun for example_external_task_marker_child to None, run_after=None
[2023-05-22T15:03:17.010+0000] {logging_mixin.py:137} INFO - [2023-05-22T15:03:17.009+0000] {dag.py:3444} INFO - Setting next_dagrun for example_external_task_marker_parent to None, run_after=None
[2023-05-22T15:03:17.028+0000] {processor.py:175} INFO - Processing /home/airflow/.local/lib/python3.7/site-packages/airflow/example_dags/example_external_task_marker_dag.py took 0.117 seconds
[2023-05-22T15:03:47.938+0000] {processor.py:153} INFO - Started process (PID=827) to work on /home/airflow/.local/lib/python3.7/site-packages/airflow/example_dags/example_external_task_marker_dag.py
[2023-05-22T15:03:47.939+0000] {processor.py:743} INFO - Processing file /home/airflow/.local/lib/python3.7/site-packages/airflow/example_dags/example_external_task_marker_dag.py for tasks to queue
[2023-05-22T15:03:47.940+0000] {logging_mixin.py:137} INFO - [2023-05-22T15:03:47.940+0000] {dagbag.py:532} INFO - Filling up the DagBag from /home/airflow/.local/lib/python3.7/site-packages/airflow/example_dags/example_external_task_marker_dag.py
[2023-05-22T15:03:47.961+0000] {processor.py:753} INFO - DAG(s) dict_keys(['example_external_task_marker_parent', 'example_external_task_marker_child']) retrieved from /home/airflow/.local/lib/python3.7/site-packages/airflow/example_dags/example_external_task_marker_dag.py
[2023-05-22T15:03:47.999+0000] {logging_mixin.py:137} INFO - [2023-05-22T15:03:47.999+0000] {dag.py:2693} INFO - Sync 2 DAGs
[2023-05-22T15:03:48.034+0000] {logging_mixin.py:137} INFO - [2023-05-22T15:03:48.034+0000] {dag.py:3444} INFO - Setting next_dagrun for example_external_task_marker_child to None, run_after=None
[2023-05-22T15:03:48.039+0000] {logging_mixin.py:137} INFO - [2023-05-22T15:03:48.038+0000] {dag.py:3444} INFO - Setting next_dagrun for example_external_task_marker_parent to None, run_after=None
[2023-05-22T15:03:48.058+0000] {processor.py:175} INFO - Processing /home/airflow/.local/lib/python3.7/site-packages/airflow/example_dags/example_external_task_marker_dag.py took 0.125 seconds
[2023-05-22T15:04:18.929+0000] {processor.py:153} INFO - Started process (PID=880) to work on /home/airflow/.local/lib/python3.7/site-packages/airflow/example_dags/example_external_task_marker_dag.py
[2023-05-22T15:04:18.932+0000] {processor.py:743} INFO - Processing file /home/airflow/.local/lib/python3.7/site-packages/airflow/example_dags/example_external_task_marker_dag.py for tasks to queue
[2023-05-22T15:04:18.933+0000] {logging_mixin.py:137} INFO - [2023-05-22T15:04:18.933+0000] {dagbag.py:532} INFO - Filling up the DagBag from /home/airflow/.local/lib/python3.7/site-packages/airflow/example_dags/example_external_task_marker_dag.py
[2023-05-22T15:04:18.951+0000] {processor.py:753} INFO - DAG(s) dict_keys(['example_external_task_marker_child', 'example_external_task_marker_parent']) retrieved from /home/airflow/.local/lib/python3.7/site-packages/airflow/example_dags/example_external_task_marker_dag.py
[2023-05-22T15:04:18.985+0000] {logging_mixin.py:137} INFO - [2023-05-22T15:04:18.985+0000] {dag.py:2693} INFO - Sync 2 DAGs
[2023-05-22T15:04:19.019+0000] {logging_mixin.py:137} INFO - [2023-05-22T15:04:19.019+0000] {dag.py:3444} INFO - Setting next_dagrun for example_external_task_marker_child to None, run_after=None
[2023-05-22T15:04:19.023+0000] {logging_mixin.py:137} INFO - [2023-05-22T15:04:19.022+0000] {dag.py:3444} INFO - Setting next_dagrun for example_external_task_marker_parent to None, run_after=None
[2023-05-22T15:04:19.041+0000] {processor.py:175} INFO - Processing /home/airflow/.local/lib/python3.7/site-packages/airflow/example_dags/example_external_task_marker_dag.py took 0.117 seconds
[2023-05-22T15:04:49.818+0000] {processor.py:153} INFO - Started process (PID=933) to work on /home/airflow/.local/lib/python3.7/site-packages/airflow/example_dags/example_external_task_marker_dag.py
[2023-05-22T15:04:49.819+0000] {processor.py:743} INFO - Processing file /home/airflow/.local/lib/python3.7/site-packages/airflow/example_dags/example_external_task_marker_dag.py for tasks to queue
[2023-05-22T15:04:49.820+0000] {logging_mixin.py:137} INFO - [2023-05-22T15:04:49.820+0000] {dagbag.py:532} INFO - Filling up the DagBag from /home/airflow/.local/lib/python3.7/site-packages/airflow/example_dags/example_external_task_marker_dag.py
[2023-05-22T15:04:49.837+0000] {processor.py:753} INFO - DAG(s) dict_keys(['example_external_task_marker_child', 'example_external_task_marker_parent']) retrieved from /home/airflow/.local/lib/python3.7/site-packages/airflow/example_dags/example_external_task_marker_dag.py
[2023-05-22T15:04:49.871+0000] {logging_mixin.py:137} INFO - [2023-05-22T15:04:49.871+0000] {dag.py:2693} INFO - Sync 2 DAGs
[2023-05-22T15:04:49.903+0000] {logging_mixin.py:137} INFO - [2023-05-22T15:04:49.903+0000] {dag.py:3444} INFO - Setting next_dagrun for example_external_task_marker_child to None, run_after=None
[2023-05-22T15:04:49.907+0000] {logging_mixin.py:137} INFO - [2023-05-22T15:04:49.907+0000] {dag.py:3444} INFO - Setting next_dagrun for example_external_task_marker_parent to None, run_after=None
[2023-05-22T15:04:49.927+0000] {processor.py:175} INFO - Processing /home/airflow/.local/lib/python3.7/site-packages/airflow/example_dags/example_external_task_marker_dag.py took 0.113 seconds
[2023-05-22T15:05:20.770+0000] {processor.py:153} INFO - Started process (PID=984) to work on /home/airflow/.local/lib/python3.7/site-packages/airflow/example_dags/example_external_task_marker_dag.py
[2023-05-22T15:05:20.771+0000] {processor.py:743} INFO - Processing file /home/airflow/.local/lib/python3.7/site-packages/airflow/example_dags/example_external_task_marker_dag.py for tasks to queue
[2023-05-22T15:05:20.772+0000] {logging_mixin.py:137} INFO - [2023-05-22T15:05:20.772+0000] {dagbag.py:532} INFO - Filling up the DagBag from /home/airflow/.local/lib/python3.7/site-packages/airflow/example_dags/example_external_task_marker_dag.py
[2023-05-22T15:05:20.793+0000] {processor.py:753} INFO - DAG(s) dict_keys(['example_external_task_marker_child', 'example_external_task_marker_parent']) retrieved from /home/airflow/.local/lib/python3.7/site-packages/airflow/example_dags/example_external_task_marker_dag.py
[2023-05-22T15:05:20.830+0000] {logging_mixin.py:137} INFO - [2023-05-22T15:05:20.830+0000] {dag.py:2693} INFO - Sync 2 DAGs
[2023-05-22T15:05:20.863+0000] {logging_mixin.py:137} INFO - [2023-05-22T15:05:20.863+0000] {dag.py:3444} INFO - Setting next_dagrun for example_external_task_marker_child to None, run_after=None
[2023-05-22T15:05:20.867+0000] {logging_mixin.py:137} INFO - [2023-05-22T15:05:20.867+0000] {dag.py:3444} INFO - Setting next_dagrun for example_external_task_marker_parent to None, run_after=None
[2023-05-22T15:05:20.886+0000] {processor.py:175} INFO - Processing /home/airflow/.local/lib/python3.7/site-packages/airflow/example_dags/example_external_task_marker_dag.py took 0.120 seconds
[2023-05-22T15:05:52.009+0000] {processor.py:153} INFO - Started process (PID=1036) to work on /home/airflow/.local/lib/python3.7/site-packages/airflow/example_dags/example_external_task_marker_dag.py
[2023-05-22T15:05:52.010+0000] {processor.py:743} INFO - Processing file /home/airflow/.local/lib/python3.7/site-packages/airflow/example_dags/example_external_task_marker_dag.py for tasks to queue
[2023-05-22T15:05:52.010+0000] {logging_mixin.py:137} INFO - [2023-05-22T15:05:52.010+0000] {dagbag.py:532} INFO - Filling up the DagBag from /home/airflow/.local/lib/python3.7/site-packages/airflow/example_dags/example_external_task_marker_dag.py
[2023-05-22T15:05:52.027+0000] {processor.py:753} INFO - DAG(s) dict_keys(['example_external_task_marker_child', 'example_external_task_marker_parent']) retrieved from /home/airflow/.local/lib/python3.7/site-packages/airflow/example_dags/example_external_task_marker_dag.py
[2023-05-22T15:05:52.062+0000] {logging_mixin.py:137} INFO - [2023-05-22T15:05:52.062+0000] {dag.py:2693} INFO - Sync 2 DAGs
[2023-05-22T15:05:52.093+0000] {logging_mixin.py:137} INFO - [2023-05-22T15:05:52.093+0000] {dag.py:3444} INFO - Setting next_dagrun for example_external_task_marker_child to None, run_after=None
[2023-05-22T15:05:52.097+0000] {logging_mixin.py:137} INFO - [2023-05-22T15:05:52.097+0000] {dag.py:3444} INFO - Setting next_dagrun for example_external_task_marker_parent to None, run_after=None
[2023-05-22T15:05:52.116+0000] {processor.py:175} INFO - Processing /home/airflow/.local/lib/python3.7/site-packages/airflow/example_dags/example_external_task_marker_dag.py took 0.112 seconds
[2023-05-22T15:06:22.365+0000] {processor.py:153} INFO - Started process (PID=1089) to work on /home/airflow/.local/lib/python3.7/site-packages/airflow/example_dags/example_external_task_marker_dag.py
[2023-05-22T15:06:22.366+0000] {processor.py:743} INFO - Processing file /home/airflow/.local/lib/python3.7/site-packages/airflow/example_dags/example_external_task_marker_dag.py for tasks to queue
[2023-05-22T15:06:22.367+0000] {logging_mixin.py:137} INFO - [2023-05-22T15:06:22.366+0000] {dagbag.py:532} INFO - Filling up the DagBag from /home/airflow/.local/lib/python3.7/site-packages/airflow/example_dags/example_external_task_marker_dag.py
[2023-05-22T15:06:22.385+0000] {processor.py:753} INFO - DAG(s) dict_keys(['example_external_task_marker_parent', 'example_external_task_marker_child']) retrieved from /home/airflow/.local/lib/python3.7/site-packages/airflow/example_dags/example_external_task_marker_dag.py
[2023-05-22T15:06:22.418+0000] {logging_mixin.py:137} INFO - [2023-05-22T15:06:22.418+0000] {dag.py:2693} INFO - Sync 2 DAGs
[2023-05-22T15:06:22.448+0000] {logging_mixin.py:137} INFO - [2023-05-22T15:06:22.448+0000] {dag.py:3444} INFO - Setting next_dagrun for example_external_task_marker_child to None, run_after=None
[2023-05-22T15:06:22.452+0000] {logging_mixin.py:137} INFO - [2023-05-22T15:06:22.452+0000] {dag.py:3444} INFO - Setting next_dagrun for example_external_task_marker_parent to None, run_after=None
[2023-05-22T15:06:22.471+0000] {processor.py:175} INFO - Processing /home/airflow/.local/lib/python3.7/site-packages/airflow/example_dags/example_external_task_marker_dag.py took 0.110 seconds
[2023-05-22T15:06:53.414+0000] {processor.py:153} INFO - Started process (PID=1141) to work on /home/airflow/.local/lib/python3.7/site-packages/airflow/example_dags/example_external_task_marker_dag.py
[2023-05-22T15:06:53.415+0000] {processor.py:743} INFO - Processing file /home/airflow/.local/lib/python3.7/site-packages/airflow/example_dags/example_external_task_marker_dag.py for tasks to queue
[2023-05-22T15:06:53.416+0000] {logging_mixin.py:137} INFO - [2023-05-22T15:06:53.415+0000] {dagbag.py:532} INFO - Filling up the DagBag from /home/airflow/.local/lib/python3.7/site-packages/airflow/example_dags/example_external_task_marker_dag.py
[2023-05-22T15:06:53.436+0000] {processor.py:753} INFO - DAG(s) dict_keys(['example_external_task_marker_child', 'example_external_task_marker_parent']) retrieved from /home/airflow/.local/lib/python3.7/site-packages/airflow/example_dags/example_external_task_marker_dag.py
[2023-05-22T15:06:53.472+0000] {logging_mixin.py:137} INFO - [2023-05-22T15:06:53.472+0000] {dag.py:2693} INFO - Sync 2 DAGs
[2023-05-22T15:06:53.506+0000] {logging_mixin.py:137} INFO - [2023-05-22T15:06:53.505+0000] {dag.py:3444} INFO - Setting next_dagrun for example_external_task_marker_child to None, run_after=None
[2023-05-22T15:06:53.509+0000] {logging_mixin.py:137} INFO - [2023-05-22T15:06:53.509+0000] {dag.py:3444} INFO - Setting next_dagrun for example_external_task_marker_parent to None, run_after=None
[2023-05-22T15:06:53.528+0000] {processor.py:175} INFO - Processing /home/airflow/.local/lib/python3.7/site-packages/airflow/example_dags/example_external_task_marker_dag.py took 0.119 seconds
[2023-05-22T15:07:25.146+0000] {processor.py:153} INFO - Started process (PID=1193) to work on /home/airflow/.local/lib/python3.7/site-packages/airflow/example_dags/example_external_task_marker_dag.py
[2023-05-22T15:07:25.152+0000] {processor.py:743} INFO - Processing file /home/airflow/.local/lib/python3.7/site-packages/airflow/example_dags/example_external_task_marker_dag.py for tasks to queue
[2023-05-22T15:07:25.153+0000] {logging_mixin.py:137} INFO - [2023-05-22T15:07:25.153+0000] {dagbag.py:532} INFO - Filling up the DagBag from /home/airflow/.local/lib/python3.7/site-packages/airflow/example_dags/example_external_task_marker_dag.py
[2023-05-22T15:07:25.196+0000] {processor.py:753} INFO - DAG(s) dict_keys(['example_external_task_marker_parent', 'example_external_task_marker_child']) retrieved from /home/airflow/.local/lib/python3.7/site-packages/airflow/example_dags/example_external_task_marker_dag.py
[2023-05-22T15:07:25.244+0000] {logging_mixin.py:137} INFO - [2023-05-22T15:07:25.244+0000] {dag.py:2693} INFO - Sync 2 DAGs
[2023-05-22T15:07:25.296+0000] {logging_mixin.py:137} INFO - [2023-05-22T15:07:25.296+0000] {dag.py:3444} INFO - Setting next_dagrun for example_external_task_marker_child to None, run_after=None
[2023-05-22T15:07:25.300+0000] {logging_mixin.py:137} INFO - [2023-05-22T15:07:25.300+0000] {dag.py:3444} INFO - Setting next_dagrun for example_external_task_marker_parent to None, run_after=None
[2023-05-22T15:07:25.336+0000] {processor.py:175} INFO - Processing /home/airflow/.local/lib/python3.7/site-packages/airflow/example_dags/example_external_task_marker_dag.py took 0.197 seconds
[2023-05-22T15:07:56.323+0000] {processor.py:153} INFO - Started process (PID=1245) to work on /home/airflow/.local/lib/python3.7/site-packages/airflow/example_dags/example_external_task_marker_dag.py
[2023-05-22T15:07:56.330+0000] {processor.py:743} INFO - Processing file /home/airflow/.local/lib/python3.7/site-packages/airflow/example_dags/example_external_task_marker_dag.py for tasks to queue
[2023-05-22T15:07:56.331+0000] {logging_mixin.py:137} INFO - [2023-05-22T15:07:56.331+0000] {dagbag.py:532} INFO - Filling up the DagBag from /home/airflow/.local/lib/python3.7/site-packages/airflow/example_dags/example_external_task_marker_dag.py
[2023-05-22T15:07:56.370+0000] {processor.py:753} INFO - DAG(s) dict_keys(['example_external_task_marker_child', 'example_external_task_marker_parent']) retrieved from /home/airflow/.local/lib/python3.7/site-packages/airflow/example_dags/example_external_task_marker_dag.py
[2023-05-22T15:07:56.462+0000] {logging_mixin.py:137} INFO - [2023-05-22T15:07:56.462+0000] {dag.py:2693} INFO - Sync 2 DAGs
[2023-05-22T15:07:56.546+0000] {logging_mixin.py:137} INFO - [2023-05-22T15:07:56.546+0000] {dag.py:3444} INFO - Setting next_dagrun for example_external_task_marker_child to None, run_after=None
[2023-05-22T15:07:56.550+0000] {logging_mixin.py:137} INFO - [2023-05-22T15:07:56.550+0000] {dag.py:3444} INFO - Setting next_dagrun for example_external_task_marker_parent to None, run_after=None
[2023-05-22T15:07:56.604+0000] {processor.py:175} INFO - Processing /home/airflow/.local/lib/python3.7/site-packages/airflow/example_dags/example_external_task_marker_dag.py took 0.303 seconds
[2023-05-22T15:08:26.639+0000] {processor.py:153} INFO - Started process (PID=1297) to work on /home/airflow/.local/lib/python3.7/site-packages/airflow/example_dags/example_external_task_marker_dag.py
[2023-05-22T15:08:26.641+0000] {processor.py:743} INFO - Processing file /home/airflow/.local/lib/python3.7/site-packages/airflow/example_dags/example_external_task_marker_dag.py for tasks to queue
[2023-05-22T15:08:26.641+0000] {logging_mixin.py:137} INFO - [2023-05-22T15:08:26.641+0000] {dagbag.py:532} INFO - Filling up the DagBag from /home/airflow/.local/lib/python3.7/site-packages/airflow/example_dags/example_external_task_marker_dag.py
[2023-05-22T15:08:26.659+0000] {processor.py:753} INFO - DAG(s) dict_keys(['example_external_task_marker_parent', 'example_external_task_marker_child']) retrieved from /home/airflow/.local/lib/python3.7/site-packages/airflow/example_dags/example_external_task_marker_dag.py
[2023-05-22T15:08:26.693+0000] {logging_mixin.py:137} INFO - [2023-05-22T15:08:26.692+0000] {dag.py:2693} INFO - Sync 2 DAGs
[2023-05-22T15:08:26.725+0000] {logging_mixin.py:137} INFO - [2023-05-22T15:08:26.725+0000] {dag.py:3444} INFO - Setting next_dagrun for example_external_task_marker_child to None, run_after=None
[2023-05-22T15:08:26.729+0000] {logging_mixin.py:137} INFO - [2023-05-22T15:08:26.729+0000] {dag.py:3444} INFO - Setting next_dagrun for example_external_task_marker_parent to None, run_after=None
[2023-05-22T15:08:26.750+0000] {processor.py:175} INFO - Processing /home/airflow/.local/lib/python3.7/site-packages/airflow/example_dags/example_external_task_marker_dag.py took 0.115 seconds
[2023-05-22T15:08:58.761+0000] {processor.py:153} INFO - Started process (PID=1348) to work on /home/airflow/.local/lib/python3.7/site-packages/airflow/example_dags/example_external_task_marker_dag.py
[2023-05-22T15:08:58.762+0000] {processor.py:743} INFO - Processing file /home/airflow/.local/lib/python3.7/site-packages/airflow/example_dags/example_external_task_marker_dag.py for tasks to queue
[2023-05-22T15:08:58.763+0000] {logging_mixin.py:137} INFO - [2023-05-22T15:08:58.763+0000] {dagbag.py:532} INFO - Filling up the DagBag from /home/airflow/.local/lib/python3.7/site-packages/airflow/example_dags/example_external_task_marker_dag.py
[2023-05-22T15:08:58.781+0000] {processor.py:753} INFO - DAG(s) dict_keys(['example_external_task_marker_parent', 'example_external_task_marker_child']) retrieved from /home/airflow/.local/lib/python3.7/site-packages/airflow/example_dags/example_external_task_marker_dag.py
[2023-05-22T15:08:58.818+0000] {logging_mixin.py:137} INFO - [2023-05-22T15:08:58.818+0000] {dag.py:2693} INFO - Sync 2 DAGs
[2023-05-22T15:08:58.855+0000] {logging_mixin.py:137} INFO - [2023-05-22T15:08:58.855+0000] {dag.py:3444} INFO - Setting next_dagrun for example_external_task_marker_child to None, run_after=None
[2023-05-22T15:08:58.860+0000] {logging_mixin.py:137} INFO - [2023-05-22T15:08:58.859+0000] {dag.py:3444} INFO - Setting next_dagrun for example_external_task_marker_parent to None, run_after=None
[2023-05-22T15:08:58.879+0000] {processor.py:175} INFO - Processing /home/airflow/.local/lib/python3.7/site-packages/airflow/example_dags/example_external_task_marker_dag.py took 0.123 seconds
[2023-05-22T15:09:29.111+0000] {processor.py:153} INFO - Started process (PID=1400) to work on /home/airflow/.local/lib/python3.7/site-packages/airflow/example_dags/example_external_task_marker_dag.py
[2023-05-22T15:09:29.124+0000] {processor.py:743} INFO - Processing file /home/airflow/.local/lib/python3.7/site-packages/airflow/example_dags/example_external_task_marker_dag.py for tasks to queue
[2023-05-22T15:09:29.125+0000] {logging_mixin.py:137} INFO - [2023-05-22T15:09:29.125+0000] {dagbag.py:532} INFO - Filling up the DagBag from /home/airflow/.local/lib/python3.7/site-packages/airflow/example_dags/example_external_task_marker_dag.py
[2023-05-22T15:09:29.160+0000] {processor.py:753} INFO - DAG(s) dict_keys(['example_external_task_marker_parent', 'example_external_task_marker_child']) retrieved from /home/airflow/.local/lib/python3.7/site-packages/airflow/example_dags/example_external_task_marker_dag.py
[2023-05-22T15:09:29.225+0000] {logging_mixin.py:137} INFO - [2023-05-22T15:09:29.225+0000] {dag.py:2693} INFO - Sync 2 DAGs
[2023-05-22T15:09:29.282+0000] {logging_mixin.py:137} INFO - [2023-05-22T15:09:29.282+0000] {dag.py:3444} INFO - Setting next_dagrun for example_external_task_marker_child to None, run_after=None
[2023-05-22T15:09:29.295+0000] {logging_mixin.py:137} INFO - [2023-05-22T15:09:29.294+0000] {dag.py:3444} INFO - Setting next_dagrun for example_external_task_marker_parent to None, run_after=None
[2023-05-22T15:09:29.334+0000] {processor.py:175} INFO - Processing /home/airflow/.local/lib/python3.7/site-packages/airflow/example_dags/example_external_task_marker_dag.py took 0.240 seconds
[2023-05-22T15:09:59.525+0000] {processor.py:153} INFO - Started process (PID=1452) to work on /home/airflow/.local/lib/python3.7/site-packages/airflow/example_dags/example_external_task_marker_dag.py
[2023-05-22T15:09:59.526+0000] {processor.py:743} INFO - Processing file /home/airflow/.local/lib/python3.7/site-packages/airflow/example_dags/example_external_task_marker_dag.py for tasks to queue
[2023-05-22T15:09:59.527+0000] {logging_mixin.py:137} INFO - [2023-05-22T15:09:59.527+0000] {dagbag.py:532} INFO - Filling up the DagBag from /home/airflow/.local/lib/python3.7/site-packages/airflow/example_dags/example_external_task_marker_dag.py
[2023-05-22T15:09:59.544+0000] {processor.py:753} INFO - DAG(s) dict_keys(['example_external_task_marker_child', 'example_external_task_marker_parent']) retrieved from /home/airflow/.local/lib/python3.7/site-packages/airflow/example_dags/example_external_task_marker_dag.py
[2023-05-22T15:09:59.579+0000] {logging_mixin.py:137} INFO - [2023-05-22T15:09:59.579+0000] {dag.py:2693} INFO - Sync 2 DAGs
[2023-05-22T15:09:59.616+0000] {logging_mixin.py:137} INFO - [2023-05-22T15:09:59.616+0000] {dag.py:3444} INFO - Setting next_dagrun for example_external_task_marker_child to None, run_after=None
[2023-05-22T15:09:59.620+0000] {logging_mixin.py:137} INFO - [2023-05-22T15:09:59.620+0000] {dag.py:3444} INFO - Setting next_dagrun for example_external_task_marker_parent to None, run_after=None
[2023-05-22T15:09:59.638+0000] {processor.py:175} INFO - Processing /home/airflow/.local/lib/python3.7/site-packages/airflow/example_dags/example_external_task_marker_dag.py took 0.121 seconds
[2023-05-22T15:10:30.719+0000] {processor.py:153} INFO - Started process (PID=1504) to work on /home/airflow/.local/lib/python3.7/site-packages/airflow/example_dags/example_external_task_marker_dag.py
[2023-05-22T15:10:30.720+0000] {processor.py:743} INFO - Processing file /home/airflow/.local/lib/python3.7/site-packages/airflow/example_dags/example_external_task_marker_dag.py for tasks to queue
[2023-05-22T15:10:30.721+0000] {logging_mixin.py:137} INFO - [2023-05-22T15:10:30.721+0000] {dagbag.py:532} INFO - Filling up the DagBag from /home/airflow/.local/lib/python3.7/site-packages/airflow/example_dags/example_external_task_marker_dag.py
[2023-05-22T15:10:30.739+0000] {processor.py:753} INFO - DAG(s) dict_keys(['example_external_task_marker_parent', 'example_external_task_marker_child']) retrieved from /home/airflow/.local/lib/python3.7/site-packages/airflow/example_dags/example_external_task_marker_dag.py
[2023-05-22T15:10:30.775+0000] {logging_mixin.py:137} INFO - [2023-05-22T15:10:30.775+0000] {dag.py:2693} INFO - Sync 2 DAGs
[2023-05-22T15:10:30.808+0000] {logging_mixin.py:137} INFO - [2023-05-22T15:10:30.808+0000] {dag.py:3444} INFO - Setting next_dagrun for example_external_task_marker_child to None, run_after=None
[2023-05-22T15:10:30.814+0000] {logging_mixin.py:137} INFO - [2023-05-22T15:10:30.814+0000] {dag.py:3444} INFO - Setting next_dagrun for example_external_task_marker_parent to None, run_after=None
[2023-05-22T15:10:30.835+0000] {processor.py:175} INFO - Processing /home/airflow/.local/lib/python3.7/site-packages/airflow/example_dags/example_external_task_marker_dag.py took 0.120 seconds
