[2023-05-22T14:56:02.154+0000] {processor.py:153} INFO - Started process (PID=51) to work on /home/airflow/.local/lib/python3.7/site-packages/airflow/example_dags/example_short_circuit_decorator.py
[2023-05-22T14:56:02.155+0000] {processor.py:743} INFO - Processing file /home/airflow/.local/lib/python3.7/site-packages/airflow/example_dags/example_short_circuit_decorator.py for tasks to queue
[2023-05-22T14:56:02.183+0000] {logging_mixin.py:137} INFO - [2023-05-22T14:56:02.182+0000] {dagbag.py:532} INFO - Filling up the DagBag from /home/airflow/.local/lib/python3.7/site-packages/airflow/example_dags/example_short_circuit_decorator.py
[2023-05-22T14:56:02.276+0000] {processor.py:753} INFO - DAG(s) dict_keys(['example_short_circuit_decorator']) retrieved from /home/airflow/.local/lib/python3.7/site-packages/airflow/example_dags/example_short_circuit_decorator.py
[2023-05-22T14:56:02.393+0000] {logging_mixin.py:137} INFO - [2023-05-22T14:56:02.393+0000] {dag.py:2693} INFO - Sync 1 DAGs
[2023-05-22T14:56:02.536+0000] {logging_mixin.py:137} INFO - [2023-05-22T14:56:02.536+0000] {dag.py:3444} INFO - Setting next_dagrun for example_short_circuit_decorator to 2023-05-21T14:56:02.536382+00:00, run_after=2023-05-22T14:56:02.536382+00:00
[2023-05-22T14:56:02.586+0000] {processor.py:175} INFO - Processing /home/airflow/.local/lib/python3.7/site-packages/airflow/example_dags/example_short_circuit_decorator.py took 0.436 seconds
[2023-05-22T14:56:32.759+0000] {processor.py:153} INFO - Started process (PID=103) to work on /home/airflow/.local/lib/python3.7/site-packages/airflow/example_dags/example_short_circuit_decorator.py
[2023-05-22T14:56:32.761+0000] {processor.py:743} INFO - Processing file /home/airflow/.local/lib/python3.7/site-packages/airflow/example_dags/example_short_circuit_decorator.py for tasks to queue
[2023-05-22T14:56:32.761+0000] {logging_mixin.py:137} INFO - [2023-05-22T14:56:32.761+0000] {dagbag.py:532} INFO - Filling up the DagBag from /home/airflow/.local/lib/python3.7/site-packages/airflow/example_dags/example_short_circuit_decorator.py
[2023-05-22T14:56:32.792+0000] {processor.py:753} INFO - DAG(s) dict_keys(['example_short_circuit_decorator']) retrieved from /home/airflow/.local/lib/python3.7/site-packages/airflow/example_dags/example_short_circuit_decorator.py
[2023-05-22T14:56:32.826+0000] {logging_mixin.py:137} INFO - [2023-05-22T14:56:32.826+0000] {dag.py:2693} INFO - Sync 1 DAGs
[2023-05-22T14:56:32.857+0000] {logging_mixin.py:137} INFO - [2023-05-22T14:56:32.857+0000] {dag.py:3444} INFO - Setting next_dagrun for example_short_circuit_decorator to 2023-05-21T14:56:32.856850+00:00, run_after=2023-05-22T14:56:32.856850+00:00
[2023-05-22T14:56:32.879+0000] {processor.py:175} INFO - Processing /home/airflow/.local/lib/python3.7/site-packages/airflow/example_dags/example_short_circuit_decorator.py took 0.124 seconds
[2023-05-22T14:57:02.998+0000] {processor.py:153} INFO - Started process (PID=156) to work on /home/airflow/.local/lib/python3.7/site-packages/airflow/example_dags/example_short_circuit_decorator.py
[2023-05-22T14:57:02.999+0000] {processor.py:743} INFO - Processing file /home/airflow/.local/lib/python3.7/site-packages/airflow/example_dags/example_short_circuit_decorator.py for tasks to queue
[2023-05-22T14:57:03.000+0000] {logging_mixin.py:137} INFO - [2023-05-22T14:57:03.000+0000] {dagbag.py:532} INFO - Filling up the DagBag from /home/airflow/.local/lib/python3.7/site-packages/airflow/example_dags/example_short_circuit_decorator.py
[2023-05-22T14:57:03.036+0000] {processor.py:753} INFO - DAG(s) dict_keys(['example_short_circuit_decorator']) retrieved from /home/airflow/.local/lib/python3.7/site-packages/airflow/example_dags/example_short_circuit_decorator.py
[2023-05-22T14:57:03.070+0000] {logging_mixin.py:137} INFO - [2023-05-22T14:57:03.069+0000] {dag.py:2693} INFO - Sync 1 DAGs
[2023-05-22T14:57:03.102+0000] {logging_mixin.py:137} INFO - [2023-05-22T14:57:03.102+0000] {dag.py:3444} INFO - Setting next_dagrun for example_short_circuit_decorator to 2023-05-21T14:57:03.101941+00:00, run_after=2023-05-22T14:57:03.101941+00:00
[2023-05-22T14:57:03.125+0000] {processor.py:175} INFO - Processing /home/airflow/.local/lib/python3.7/site-packages/airflow/example_dags/example_short_circuit_decorator.py took 0.131 seconds
[2023-05-22T14:57:33.899+0000] {processor.py:153} INFO - Started process (PID=209) to work on /home/airflow/.local/lib/python3.7/site-packages/airflow/example_dags/example_short_circuit_decorator.py
[2023-05-22T14:57:33.900+0000] {processor.py:743} INFO - Processing file /home/airflow/.local/lib/python3.7/site-packages/airflow/example_dags/example_short_circuit_decorator.py for tasks to queue
[2023-05-22T14:57:33.901+0000] {logging_mixin.py:137} INFO - [2023-05-22T14:57:33.901+0000] {dagbag.py:532} INFO - Filling up the DagBag from /home/airflow/.local/lib/python3.7/site-packages/airflow/example_dags/example_short_circuit_decorator.py
[2023-05-22T14:57:33.932+0000] {processor.py:753} INFO - DAG(s) dict_keys(['example_short_circuit_decorator']) retrieved from /home/airflow/.local/lib/python3.7/site-packages/airflow/example_dags/example_short_circuit_decorator.py
[2023-05-22T14:57:33.968+0000] {logging_mixin.py:137} INFO - [2023-05-22T14:57:33.968+0000] {dag.py:2693} INFO - Sync 1 DAGs
[2023-05-22T14:57:34.000+0000] {logging_mixin.py:137} INFO - [2023-05-22T14:57:34.000+0000] {dag.py:3444} INFO - Setting next_dagrun for example_short_circuit_decorator to 2023-05-21T14:57:34.000466+00:00, run_after=2023-05-22T14:57:34.000466+00:00
[2023-05-22T14:57:34.022+0000] {processor.py:175} INFO - Processing /home/airflow/.local/lib/python3.7/site-packages/airflow/example_dags/example_short_circuit_decorator.py took 0.127 seconds
[2023-05-22T14:58:04.966+0000] {processor.py:153} INFO - Started process (PID=261) to work on /home/airflow/.local/lib/python3.7/site-packages/airflow/example_dags/example_short_circuit_decorator.py
[2023-05-22T14:58:04.968+0000] {processor.py:743} INFO - Processing file /home/airflow/.local/lib/python3.7/site-packages/airflow/example_dags/example_short_circuit_decorator.py for tasks to queue
[2023-05-22T14:58:04.968+0000] {logging_mixin.py:137} INFO - [2023-05-22T14:58:04.968+0000] {dagbag.py:532} INFO - Filling up the DagBag from /home/airflow/.local/lib/python3.7/site-packages/airflow/example_dags/example_short_circuit_decorator.py
[2023-05-22T14:58:05.000+0000] {processor.py:753} INFO - DAG(s) dict_keys(['example_short_circuit_decorator']) retrieved from /home/airflow/.local/lib/python3.7/site-packages/airflow/example_dags/example_short_circuit_decorator.py
[2023-05-22T14:58:05.036+0000] {logging_mixin.py:137} INFO - [2023-05-22T14:58:05.035+0000] {dag.py:2693} INFO - Sync 1 DAGs
[2023-05-22T14:58:05.071+0000] {logging_mixin.py:137} INFO - [2023-05-22T14:58:05.070+0000] {dag.py:3444} INFO - Setting next_dagrun for example_short_circuit_decorator to 2023-05-21T14:58:05.070641+00:00, run_after=2023-05-22T14:58:05.070641+00:00
[2023-05-22T14:58:05.092+0000] {processor.py:175} INFO - Processing /home/airflow/.local/lib/python3.7/site-packages/airflow/example_dags/example_short_circuit_decorator.py took 0.130 seconds
[2023-05-22T14:58:36.152+0000] {processor.py:153} INFO - Started process (PID=312) to work on /home/airflow/.local/lib/python3.7/site-packages/airflow/example_dags/example_short_circuit_decorator.py
[2023-05-22T14:58:36.153+0000] {processor.py:743} INFO - Processing file /home/airflow/.local/lib/python3.7/site-packages/airflow/example_dags/example_short_circuit_decorator.py for tasks to queue
[2023-05-22T14:58:36.154+0000] {logging_mixin.py:137} INFO - [2023-05-22T14:58:36.154+0000] {dagbag.py:532} INFO - Filling up the DagBag from /home/airflow/.local/lib/python3.7/site-packages/airflow/example_dags/example_short_circuit_decorator.py
[2023-05-22T14:58:36.185+0000] {processor.py:753} INFO - DAG(s) dict_keys(['example_short_circuit_decorator']) retrieved from /home/airflow/.local/lib/python3.7/site-packages/airflow/example_dags/example_short_circuit_decorator.py
[2023-05-22T14:58:36.220+0000] {logging_mixin.py:137} INFO - [2023-05-22T14:58:36.220+0000] {dag.py:2693} INFO - Sync 1 DAGs
[2023-05-22T14:58:36.251+0000] {logging_mixin.py:137} INFO - [2023-05-22T14:58:36.251+0000] {dag.py:3444} INFO - Setting next_dagrun for example_short_circuit_decorator to 2023-05-21T14:58:36.250932+00:00, run_after=2023-05-22T14:58:36.250932+00:00
[2023-05-22T14:58:36.272+0000] {processor.py:175} INFO - Processing /home/airflow/.local/lib/python3.7/site-packages/airflow/example_dags/example_short_circuit_decorator.py took 0.124 seconds
[2023-05-22T14:59:07.172+0000] {processor.py:153} INFO - Started process (PID=364) to work on /home/airflow/.local/lib/python3.7/site-packages/airflow/example_dags/example_short_circuit_decorator.py
[2023-05-22T14:59:07.173+0000] {processor.py:743} INFO - Processing file /home/airflow/.local/lib/python3.7/site-packages/airflow/example_dags/example_short_circuit_decorator.py for tasks to queue
[2023-05-22T14:59:07.174+0000] {logging_mixin.py:137} INFO - [2023-05-22T14:59:07.173+0000] {dagbag.py:532} INFO - Filling up the DagBag from /home/airflow/.local/lib/python3.7/site-packages/airflow/example_dags/example_short_circuit_decorator.py
[2023-05-22T14:59:07.205+0000] {processor.py:753} INFO - DAG(s) dict_keys(['example_short_circuit_decorator']) retrieved from /home/airflow/.local/lib/python3.7/site-packages/airflow/example_dags/example_short_circuit_decorator.py
[2023-05-22T14:59:07.238+0000] {logging_mixin.py:137} INFO - [2023-05-22T14:59:07.238+0000] {dag.py:2693} INFO - Sync 1 DAGs
[2023-05-22T14:59:07.268+0000] {logging_mixin.py:137} INFO - [2023-05-22T14:59:07.268+0000] {dag.py:3444} INFO - Setting next_dagrun for example_short_circuit_decorator to 2023-05-21T14:59:07.268439+00:00, run_after=2023-05-22T14:59:07.268439+00:00
[2023-05-22T14:59:07.291+0000] {processor.py:175} INFO - Processing /home/airflow/.local/lib/python3.7/site-packages/airflow/example_dags/example_short_circuit_decorator.py took 0.123 seconds
[2023-05-22T14:59:38.389+0000] {processor.py:153} INFO - Started process (PID=416) to work on /home/airflow/.local/lib/python3.7/site-packages/airflow/example_dags/example_short_circuit_decorator.py
[2023-05-22T14:59:38.390+0000] {processor.py:743} INFO - Processing file /home/airflow/.local/lib/python3.7/site-packages/airflow/example_dags/example_short_circuit_decorator.py for tasks to queue
[2023-05-22T14:59:38.391+0000] {logging_mixin.py:137} INFO - [2023-05-22T14:59:38.391+0000] {dagbag.py:532} INFO - Filling up the DagBag from /home/airflow/.local/lib/python3.7/site-packages/airflow/example_dags/example_short_circuit_decorator.py
[2023-05-22T14:59:38.423+0000] {processor.py:753} INFO - DAG(s) dict_keys(['example_short_circuit_decorator']) retrieved from /home/airflow/.local/lib/python3.7/site-packages/airflow/example_dags/example_short_circuit_decorator.py
[2023-05-22T14:59:38.457+0000] {logging_mixin.py:137} INFO - [2023-05-22T14:59:38.457+0000] {dag.py:2693} INFO - Sync 1 DAGs
[2023-05-22T14:59:38.491+0000] {logging_mixin.py:137} INFO - [2023-05-22T14:59:38.491+0000] {dag.py:3444} INFO - Setting next_dagrun for example_short_circuit_decorator to 2023-05-21T14:59:38.490911+00:00, run_after=2023-05-22T14:59:38.490911+00:00
[2023-05-22T14:59:38.516+0000] {processor.py:175} INFO - Processing /home/airflow/.local/lib/python3.7/site-packages/airflow/example_dags/example_short_circuit_decorator.py took 0.131 seconds
[2023-05-22T15:00:09.854+0000] {processor.py:153} INFO - Started process (PID=474) to work on /home/airflow/.local/lib/python3.7/site-packages/airflow/example_dags/example_short_circuit_decorator.py
[2023-05-22T15:00:09.855+0000] {processor.py:743} INFO - Processing file /home/airflow/.local/lib/python3.7/site-packages/airflow/example_dags/example_short_circuit_decorator.py for tasks to queue
[2023-05-22T15:00:09.856+0000] {logging_mixin.py:137} INFO - [2023-05-22T15:00:09.856+0000] {dagbag.py:532} INFO - Filling up the DagBag from /home/airflow/.local/lib/python3.7/site-packages/airflow/example_dags/example_short_circuit_decorator.py
[2023-05-22T15:00:09.887+0000] {processor.py:753} INFO - DAG(s) dict_keys(['example_short_circuit_decorator']) retrieved from /home/airflow/.local/lib/python3.7/site-packages/airflow/example_dags/example_short_circuit_decorator.py
[2023-05-22T15:00:09.922+0000] {logging_mixin.py:137} INFO - [2023-05-22T15:00:09.922+0000] {dag.py:2693} INFO - Sync 1 DAGs
[2023-05-22T15:00:09.954+0000] {logging_mixin.py:137} INFO - [2023-05-22T15:00:09.954+0000] {dag.py:3444} INFO - Setting next_dagrun for example_short_circuit_decorator to 2023-05-21T15:00:09.954320+00:00, run_after=2023-05-22T15:00:09.954320+00:00
[2023-05-22T15:00:09.977+0000] {processor.py:175} INFO - Processing /home/airflow/.local/lib/python3.7/site-packages/airflow/example_dags/example_short_circuit_decorator.py took 0.128 seconds
[2023-05-22T15:00:42.655+0000] {processor.py:153} INFO - Started process (PID=526) to work on /home/airflow/.local/lib/python3.7/site-packages/airflow/example_dags/example_short_circuit_decorator.py
[2023-05-22T15:00:42.656+0000] {processor.py:743} INFO - Processing file /home/airflow/.local/lib/python3.7/site-packages/airflow/example_dags/example_short_circuit_decorator.py for tasks to queue
[2023-05-22T15:00:42.656+0000] {logging_mixin.py:137} INFO - [2023-05-22T15:00:42.656+0000] {dagbag.py:532} INFO - Filling up the DagBag from /home/airflow/.local/lib/python3.7/site-packages/airflow/example_dags/example_short_circuit_decorator.py
[2023-05-22T15:00:42.692+0000] {processor.py:753} INFO - DAG(s) dict_keys(['example_short_circuit_decorator']) retrieved from /home/airflow/.local/lib/python3.7/site-packages/airflow/example_dags/example_short_circuit_decorator.py
[2023-05-22T15:00:42.726+0000] {logging_mixin.py:137} INFO - [2023-05-22T15:00:42.726+0000] {dag.py:2693} INFO - Sync 1 DAGs
[2023-05-22T15:00:42.758+0000] {logging_mixin.py:137} INFO - [2023-05-22T15:00:42.758+0000] {dag.py:3444} INFO - Setting next_dagrun for example_short_circuit_decorator to 2023-05-21T15:00:42.757849+00:00, run_after=2023-05-22T15:00:42.757849+00:00
[2023-05-22T15:00:42.779+0000] {processor.py:175} INFO - Processing /home/airflow/.local/lib/python3.7/site-packages/airflow/example_dags/example_short_circuit_decorator.py took 0.128 seconds
[2023-05-22T15:01:15.211+0000] {processor.py:153} INFO - Started process (PID=578) to work on /home/airflow/.local/lib/python3.7/site-packages/airflow/example_dags/example_short_circuit_decorator.py
[2023-05-22T15:01:15.216+0000] {processor.py:743} INFO - Processing file /home/airflow/.local/lib/python3.7/site-packages/airflow/example_dags/example_short_circuit_decorator.py for tasks to queue
[2023-05-22T15:01:15.217+0000] {logging_mixin.py:137} INFO - [2023-05-22T15:01:15.216+0000] {dagbag.py:532} INFO - Filling up the DagBag from /home/airflow/.local/lib/python3.7/site-packages/airflow/example_dags/example_short_circuit_decorator.py
[2023-05-22T15:01:15.283+0000] {processor.py:753} INFO - DAG(s) dict_keys(['example_short_circuit_decorator']) retrieved from /home/airflow/.local/lib/python3.7/site-packages/airflow/example_dags/example_short_circuit_decorator.py
[2023-05-22T15:01:15.344+0000] {logging_mixin.py:137} INFO - [2023-05-22T15:01:15.344+0000] {dag.py:2693} INFO - Sync 1 DAGs
[2023-05-22T15:01:15.412+0000] {logging_mixin.py:137} INFO - [2023-05-22T15:01:15.411+0000] {dag.py:3444} INFO - Setting next_dagrun for example_short_circuit_decorator to 2023-05-21T15:01:15.411673+00:00, run_after=2023-05-22T15:01:15.411673+00:00
[2023-05-22T15:01:15.452+0000] {processor.py:175} INFO - Processing /home/airflow/.local/lib/python3.7/site-packages/airflow/example_dags/example_short_circuit_decorator.py took 0.249 seconds
[2023-05-22T15:01:46.219+0000] {processor.py:153} INFO - Started process (PID=631) to work on /home/airflow/.local/lib/python3.7/site-packages/airflow/example_dags/example_short_circuit_decorator.py
[2023-05-22T15:01:46.225+0000] {processor.py:743} INFO - Processing file /home/airflow/.local/lib/python3.7/site-packages/airflow/example_dags/example_short_circuit_decorator.py for tasks to queue
[2023-05-22T15:01:46.225+0000] {logging_mixin.py:137} INFO - [2023-05-22T15:01:46.225+0000] {dagbag.py:532} INFO - Filling up the DagBag from /home/airflow/.local/lib/python3.7/site-packages/airflow/example_dags/example_short_circuit_decorator.py
[2023-05-22T15:01:46.289+0000] {processor.py:753} INFO - DAG(s) dict_keys(['example_short_circuit_decorator']) retrieved from /home/airflow/.local/lib/python3.7/site-packages/airflow/example_dags/example_short_circuit_decorator.py
[2023-05-22T15:01:46.325+0000] {logging_mixin.py:137} INFO - [2023-05-22T15:01:46.325+0000] {dag.py:2693} INFO - Sync 1 DAGs
[2023-05-22T15:01:46.357+0000] {logging_mixin.py:137} INFO - [2023-05-22T15:01:46.357+0000] {dag.py:3444} INFO - Setting next_dagrun for example_short_circuit_decorator to 2023-05-21T15:01:46.357134+00:00, run_after=2023-05-22T15:01:46.357134+00:00
[2023-05-22T15:01:46.387+0000] {processor.py:175} INFO - Processing /home/airflow/.local/lib/python3.7/site-packages/airflow/example_dags/example_short_circuit_decorator.py took 0.173 seconds
[2023-05-22T15:02:17.309+0000] {processor.py:153} INFO - Started process (PID=683) to work on /home/airflow/.local/lib/python3.7/site-packages/airflow/example_dags/example_short_circuit_decorator.py
[2023-05-22T15:02:17.310+0000] {processor.py:743} INFO - Processing file /home/airflow/.local/lib/python3.7/site-packages/airflow/example_dags/example_short_circuit_decorator.py for tasks to queue
[2023-05-22T15:02:17.311+0000] {logging_mixin.py:137} INFO - [2023-05-22T15:02:17.311+0000] {dagbag.py:532} INFO - Filling up the DagBag from /home/airflow/.local/lib/python3.7/site-packages/airflow/example_dags/example_short_circuit_decorator.py
[2023-05-22T15:02:17.345+0000] {processor.py:753} INFO - DAG(s) dict_keys(['example_short_circuit_decorator']) retrieved from /home/airflow/.local/lib/python3.7/site-packages/airflow/example_dags/example_short_circuit_decorator.py
[2023-05-22T15:02:17.380+0000] {logging_mixin.py:137} INFO - [2023-05-22T15:02:17.380+0000] {dag.py:2693} INFO - Sync 1 DAGs
[2023-05-22T15:02:17.411+0000] {logging_mixin.py:137} INFO - [2023-05-22T15:02:17.411+0000] {dag.py:3444} INFO - Setting next_dagrun for example_short_circuit_decorator to 2023-05-21T15:02:17.411211+00:00, run_after=2023-05-22T15:02:17.411211+00:00
[2023-05-22T15:02:17.434+0000] {processor.py:175} INFO - Processing /home/airflow/.local/lib/python3.7/site-packages/airflow/example_dags/example_short_circuit_decorator.py took 0.129 seconds
[2023-05-22T15:02:47.837+0000] {processor.py:153} INFO - Started process (PID=735) to work on /home/airflow/.local/lib/python3.7/site-packages/airflow/example_dags/example_short_circuit_decorator.py
[2023-05-22T15:02:47.840+0000] {processor.py:743} INFO - Processing file /home/airflow/.local/lib/python3.7/site-packages/airflow/example_dags/example_short_circuit_decorator.py for tasks to queue
[2023-05-22T15:02:47.841+0000] {logging_mixin.py:137} INFO - [2023-05-22T15:02:47.841+0000] {dagbag.py:532} INFO - Filling up the DagBag from /home/airflow/.local/lib/python3.7/site-packages/airflow/example_dags/example_short_circuit_decorator.py
[2023-05-22T15:02:47.874+0000] {processor.py:753} INFO - DAG(s) dict_keys(['example_short_circuit_decorator']) retrieved from /home/airflow/.local/lib/python3.7/site-packages/airflow/example_dags/example_short_circuit_decorator.py
[2023-05-22T15:02:47.908+0000] {logging_mixin.py:137} INFO - [2023-05-22T15:02:47.907+0000] {dag.py:2693} INFO - Sync 1 DAGs
[2023-05-22T15:02:47.939+0000] {logging_mixin.py:137} INFO - [2023-05-22T15:02:47.938+0000] {dag.py:3444} INFO - Setting next_dagrun for example_short_circuit_decorator to 2023-05-21T15:02:47.938584+00:00, run_after=2023-05-22T15:02:47.938584+00:00
[2023-05-22T15:02:47.963+0000] {processor.py:175} INFO - Processing /home/airflow/.local/lib/python3.7/site-packages/airflow/example_dags/example_short_circuit_decorator.py took 0.133 seconds
[2023-05-22T15:03:18.877+0000] {processor.py:153} INFO - Started process (PID=788) to work on /home/airflow/.local/lib/python3.7/site-packages/airflow/example_dags/example_short_circuit_decorator.py
[2023-05-22T15:03:18.878+0000] {processor.py:743} INFO - Processing file /home/airflow/.local/lib/python3.7/site-packages/airflow/example_dags/example_short_circuit_decorator.py for tasks to queue
[2023-05-22T15:03:18.878+0000] {logging_mixin.py:137} INFO - [2023-05-22T15:03:18.878+0000] {dagbag.py:532} INFO - Filling up the DagBag from /home/airflow/.local/lib/python3.7/site-packages/airflow/example_dags/example_short_circuit_decorator.py
[2023-05-22T15:03:18.909+0000] {processor.py:753} INFO - DAG(s) dict_keys(['example_short_circuit_decorator']) retrieved from /home/airflow/.local/lib/python3.7/site-packages/airflow/example_dags/example_short_circuit_decorator.py
[2023-05-22T15:03:18.942+0000] {logging_mixin.py:137} INFO - [2023-05-22T15:03:18.942+0000] {dag.py:2693} INFO - Sync 1 DAGs
[2023-05-22T15:03:18.974+0000] {logging_mixin.py:137} INFO - [2023-05-22T15:03:18.974+0000] {dag.py:3444} INFO - Setting next_dagrun for example_short_circuit_decorator to 2023-05-21T15:03:18.974199+00:00, run_after=2023-05-22T15:03:18.974199+00:00
[2023-05-22T15:03:18.996+0000] {processor.py:175} INFO - Processing /home/airflow/.local/lib/python3.7/site-packages/airflow/example_dags/example_short_circuit_decorator.py took 0.124 seconds
[2023-05-22T15:03:49.953+0000] {processor.py:153} INFO - Started process (PID=840) to work on /home/airflow/.local/lib/python3.7/site-packages/airflow/example_dags/example_short_circuit_decorator.py
[2023-05-22T15:03:49.954+0000] {processor.py:743} INFO - Processing file /home/airflow/.local/lib/python3.7/site-packages/airflow/example_dags/example_short_circuit_decorator.py for tasks to queue
[2023-05-22T15:03:49.955+0000] {logging_mixin.py:137} INFO - [2023-05-22T15:03:49.954+0000] {dagbag.py:532} INFO - Filling up the DagBag from /home/airflow/.local/lib/python3.7/site-packages/airflow/example_dags/example_short_circuit_decorator.py
[2023-05-22T15:03:49.986+0000] {processor.py:753} INFO - DAG(s) dict_keys(['example_short_circuit_decorator']) retrieved from /home/airflow/.local/lib/python3.7/site-packages/airflow/example_dags/example_short_circuit_decorator.py
[2023-05-22T15:03:50.021+0000] {logging_mixin.py:137} INFO - [2023-05-22T15:03:50.021+0000] {dag.py:2693} INFO - Sync 1 DAGs
[2023-05-22T15:03:50.052+0000] {logging_mixin.py:137} INFO - [2023-05-22T15:03:50.052+0000] {dag.py:3444} INFO - Setting next_dagrun for example_short_circuit_decorator to 2023-05-21T15:03:50.051800+00:00, run_after=2023-05-22T15:03:50.051800+00:00
[2023-05-22T15:03:50.074+0000] {processor.py:175} INFO - Processing /home/airflow/.local/lib/python3.7/site-packages/airflow/example_dags/example_short_circuit_decorator.py took 0.126 seconds
[2023-05-22T15:04:20.885+0000] {processor.py:153} INFO - Started process (PID=893) to work on /home/airflow/.local/lib/python3.7/site-packages/airflow/example_dags/example_short_circuit_decorator.py
[2023-05-22T15:04:20.887+0000] {processor.py:743} INFO - Processing file /home/airflow/.local/lib/python3.7/site-packages/airflow/example_dags/example_short_circuit_decorator.py for tasks to queue
[2023-05-22T15:04:20.887+0000] {logging_mixin.py:137} INFO - [2023-05-22T15:04:20.887+0000] {dagbag.py:532} INFO - Filling up the DagBag from /home/airflow/.local/lib/python3.7/site-packages/airflow/example_dags/example_short_circuit_decorator.py
[2023-05-22T15:04:20.919+0000] {processor.py:753} INFO - DAG(s) dict_keys(['example_short_circuit_decorator']) retrieved from /home/airflow/.local/lib/python3.7/site-packages/airflow/example_dags/example_short_circuit_decorator.py
[2023-05-22T15:04:20.953+0000] {logging_mixin.py:137} INFO - [2023-05-22T15:04:20.953+0000] {dag.py:2693} INFO - Sync 1 DAGs
[2023-05-22T15:04:20.985+0000] {logging_mixin.py:137} INFO - [2023-05-22T15:04:20.985+0000] {dag.py:3444} INFO - Setting next_dagrun for example_short_circuit_decorator to 2023-05-21T15:04:20.985019+00:00, run_after=2023-05-22T15:04:20.985019+00:00
[2023-05-22T15:04:21.007+0000] {processor.py:175} INFO - Processing /home/airflow/.local/lib/python3.7/site-packages/airflow/example_dags/example_short_circuit_decorator.py took 0.126 seconds
[2023-05-22T15:04:51.940+0000] {processor.py:153} INFO - Started process (PID=946) to work on /home/airflow/.local/lib/python3.7/site-packages/airflow/example_dags/example_short_circuit_decorator.py
[2023-05-22T15:04:51.941+0000] {processor.py:743} INFO - Processing file /home/airflow/.local/lib/python3.7/site-packages/airflow/example_dags/example_short_circuit_decorator.py for tasks to queue
[2023-05-22T15:04:51.942+0000] {logging_mixin.py:137} INFO - [2023-05-22T15:04:51.942+0000] {dagbag.py:532} INFO - Filling up the DagBag from /home/airflow/.local/lib/python3.7/site-packages/airflow/example_dags/example_short_circuit_decorator.py
[2023-05-22T15:04:51.973+0000] {processor.py:753} INFO - DAG(s) dict_keys(['example_short_circuit_decorator']) retrieved from /home/airflow/.local/lib/python3.7/site-packages/airflow/example_dags/example_short_circuit_decorator.py
[2023-05-22T15:04:52.007+0000] {logging_mixin.py:137} INFO - [2023-05-22T15:04:52.007+0000] {dag.py:2693} INFO - Sync 1 DAGs
[2023-05-22T15:04:52.040+0000] {logging_mixin.py:137} INFO - [2023-05-22T15:04:52.040+0000] {dag.py:3444} INFO - Setting next_dagrun for example_short_circuit_decorator to 2023-05-21T15:04:52.040022+00:00, run_after=2023-05-22T15:04:52.040022+00:00
[2023-05-22T15:04:52.062+0000] {processor.py:175} INFO - Processing /home/airflow/.local/lib/python3.7/site-packages/airflow/example_dags/example_short_circuit_decorator.py took 0.127 seconds
[2023-05-22T15:05:22.676+0000] {processor.py:153} INFO - Started process (PID=997) to work on /home/airflow/.local/lib/python3.7/site-packages/airflow/example_dags/example_short_circuit_decorator.py
[2023-05-22T15:05:22.684+0000] {processor.py:743} INFO - Processing file /home/airflow/.local/lib/python3.7/site-packages/airflow/example_dags/example_short_circuit_decorator.py for tasks to queue
[2023-05-22T15:05:22.684+0000] {logging_mixin.py:137} INFO - [2023-05-22T15:05:22.684+0000] {dagbag.py:532} INFO - Filling up the DagBag from /home/airflow/.local/lib/python3.7/site-packages/airflow/example_dags/example_short_circuit_decorator.py
[2023-05-22T15:05:22.719+0000] {processor.py:753} INFO - DAG(s) dict_keys(['example_short_circuit_decorator']) retrieved from /home/airflow/.local/lib/python3.7/site-packages/airflow/example_dags/example_short_circuit_decorator.py
[2023-05-22T15:05:22.752+0000] {logging_mixin.py:137} INFO - [2023-05-22T15:05:22.752+0000] {dag.py:2693} INFO - Sync 1 DAGs
[2023-05-22T15:05:22.784+0000] {logging_mixin.py:137} INFO - [2023-05-22T15:05:22.784+0000] {dag.py:3444} INFO - Setting next_dagrun for example_short_circuit_decorator to 2023-05-21T15:05:22.783984+00:00, run_after=2023-05-22T15:05:22.783984+00:00
[2023-05-22T15:05:22.804+0000] {processor.py:175} INFO - Processing /home/airflow/.local/lib/python3.7/site-packages/airflow/example_dags/example_short_circuit_decorator.py took 0.133 seconds
[2023-05-22T15:05:53.152+0000] {processor.py:153} INFO - Started process (PID=1049) to work on /home/airflow/.local/lib/python3.7/site-packages/airflow/example_dags/example_short_circuit_decorator.py
[2023-05-22T15:05:53.153+0000] {processor.py:743} INFO - Processing file /home/airflow/.local/lib/python3.7/site-packages/airflow/example_dags/example_short_circuit_decorator.py for tasks to queue
[2023-05-22T15:05:53.153+0000] {logging_mixin.py:137} INFO - [2023-05-22T15:05:53.153+0000] {dagbag.py:532} INFO - Filling up the DagBag from /home/airflow/.local/lib/python3.7/site-packages/airflow/example_dags/example_short_circuit_decorator.py
[2023-05-22T15:05:53.186+0000] {processor.py:753} INFO - DAG(s) dict_keys(['example_short_circuit_decorator']) retrieved from /home/airflow/.local/lib/python3.7/site-packages/airflow/example_dags/example_short_circuit_decorator.py
[2023-05-22T15:05:53.221+0000] {logging_mixin.py:137} INFO - [2023-05-22T15:05:53.221+0000] {dag.py:2693} INFO - Sync 1 DAGs
[2023-05-22T15:05:53.254+0000] {logging_mixin.py:137} INFO - [2023-05-22T15:05:53.254+0000] {dag.py:3444} INFO - Setting next_dagrun for example_short_circuit_decorator to 2023-05-21T15:05:53.253817+00:00, run_after=2023-05-22T15:05:53.253817+00:00
[2023-05-22T15:05:53.276+0000] {processor.py:175} INFO - Processing /home/airflow/.local/lib/python3.7/site-packages/airflow/example_dags/example_short_circuit_decorator.py took 0.128 seconds
[2023-05-22T15:06:23.390+0000] {processor.py:153} INFO - Started process (PID=1102) to work on /home/airflow/.local/lib/python3.7/site-packages/airflow/example_dags/example_short_circuit_decorator.py
[2023-05-22T15:06:23.391+0000] {processor.py:743} INFO - Processing file /home/airflow/.local/lib/python3.7/site-packages/airflow/example_dags/example_short_circuit_decorator.py for tasks to queue
[2023-05-22T15:06:23.392+0000] {logging_mixin.py:137} INFO - [2023-05-22T15:06:23.392+0000] {dagbag.py:532} INFO - Filling up the DagBag from /home/airflow/.local/lib/python3.7/site-packages/airflow/example_dags/example_short_circuit_decorator.py
[2023-05-22T15:06:23.424+0000] {processor.py:753} INFO - DAG(s) dict_keys(['example_short_circuit_decorator']) retrieved from /home/airflow/.local/lib/python3.7/site-packages/airflow/example_dags/example_short_circuit_decorator.py
[2023-05-22T15:06:23.457+0000] {logging_mixin.py:137} INFO - [2023-05-22T15:06:23.457+0000] {dag.py:2693} INFO - Sync 1 DAGs
[2023-05-22T15:06:23.489+0000] {logging_mixin.py:137} INFO - [2023-05-22T15:06:23.488+0000] {dag.py:3444} INFO - Setting next_dagrun for example_short_circuit_decorator to 2023-05-21T15:06:23.488695+00:00, run_after=2023-05-22T15:06:23.488695+00:00
[2023-05-22T15:06:23.512+0000] {processor.py:175} INFO - Processing /home/airflow/.local/lib/python3.7/site-packages/airflow/example_dags/example_short_circuit_decorator.py took 0.126 seconds
[2023-05-22T15:06:54.326+0000] {processor.py:153} INFO - Started process (PID=1154) to work on /home/airflow/.local/lib/python3.7/site-packages/airflow/example_dags/example_short_circuit_decorator.py
[2023-05-22T15:06:54.329+0000] {processor.py:743} INFO - Processing file /home/airflow/.local/lib/python3.7/site-packages/airflow/example_dags/example_short_circuit_decorator.py for tasks to queue
[2023-05-22T15:06:54.330+0000] {logging_mixin.py:137} INFO - [2023-05-22T15:06:54.330+0000] {dagbag.py:532} INFO - Filling up the DagBag from /home/airflow/.local/lib/python3.7/site-packages/airflow/example_dags/example_short_circuit_decorator.py
[2023-05-22T15:06:54.361+0000] {processor.py:753} INFO - DAG(s) dict_keys(['example_short_circuit_decorator']) retrieved from /home/airflow/.local/lib/python3.7/site-packages/airflow/example_dags/example_short_circuit_decorator.py
[2023-05-22T15:06:54.394+0000] {logging_mixin.py:137} INFO - [2023-05-22T15:06:54.394+0000] {dag.py:2693} INFO - Sync 1 DAGs
[2023-05-22T15:06:54.426+0000] {logging_mixin.py:137} INFO - [2023-05-22T15:06:54.426+0000] {dag.py:3444} INFO - Setting next_dagrun for example_short_circuit_decorator to 2023-05-21T15:06:54.426186+00:00, run_after=2023-05-22T15:06:54.426186+00:00
[2023-05-22T15:06:54.449+0000] {processor.py:175} INFO - Processing /home/airflow/.local/lib/python3.7/site-packages/airflow/example_dags/example_short_circuit_decorator.py took 0.127 seconds
[2023-05-22T15:07:26.369+0000] {processor.py:153} INFO - Started process (PID=1206) to work on /home/airflow/.local/lib/python3.7/site-packages/airflow/example_dags/example_short_circuit_decorator.py
[2023-05-22T15:07:26.370+0000] {processor.py:743} INFO - Processing file /home/airflow/.local/lib/python3.7/site-packages/airflow/example_dags/example_short_circuit_decorator.py for tasks to queue
[2023-05-22T15:07:26.370+0000] {logging_mixin.py:137} INFO - [2023-05-22T15:07:26.370+0000] {dagbag.py:532} INFO - Filling up the DagBag from /home/airflow/.local/lib/python3.7/site-packages/airflow/example_dags/example_short_circuit_decorator.py
[2023-05-22T15:07:26.402+0000] {processor.py:753} INFO - DAG(s) dict_keys(['example_short_circuit_decorator']) retrieved from /home/airflow/.local/lib/python3.7/site-packages/airflow/example_dags/example_short_circuit_decorator.py
[2023-05-22T15:07:26.437+0000] {logging_mixin.py:137} INFO - [2023-05-22T15:07:26.437+0000] {dag.py:2693} INFO - Sync 1 DAGs
[2023-05-22T15:07:26.468+0000] {logging_mixin.py:137} INFO - [2023-05-22T15:07:26.468+0000] {dag.py:3444} INFO - Setting next_dagrun for example_short_circuit_decorator to 2023-05-21T15:07:26.468274+00:00, run_after=2023-05-22T15:07:26.468274+00:00
[2023-05-22T15:07:26.490+0000] {processor.py:175} INFO - Processing /home/airflow/.local/lib/python3.7/site-packages/airflow/example_dags/example_short_circuit_decorator.py took 0.127 seconds
[2023-05-22T15:07:58.099+0000] {processor.py:153} INFO - Started process (PID=1258) to work on /home/airflow/.local/lib/python3.7/site-packages/airflow/example_dags/example_short_circuit_decorator.py
[2023-05-22T15:07:58.112+0000] {processor.py:743} INFO - Processing file /home/airflow/.local/lib/python3.7/site-packages/airflow/example_dags/example_short_circuit_decorator.py for tasks to queue
[2023-05-22T15:07:58.113+0000] {logging_mixin.py:137} INFO - [2023-05-22T15:07:58.113+0000] {dagbag.py:532} INFO - Filling up the DagBag from /home/airflow/.local/lib/python3.7/site-packages/airflow/example_dags/example_short_circuit_decorator.py
[2023-05-22T15:07:58.191+0000] {processor.py:753} INFO - DAG(s) dict_keys(['example_short_circuit_decorator']) retrieved from /home/airflow/.local/lib/python3.7/site-packages/airflow/example_dags/example_short_circuit_decorator.py
[2023-05-22T15:07:58.268+0000] {logging_mixin.py:137} INFO - [2023-05-22T15:07:58.268+0000] {dag.py:2693} INFO - Sync 1 DAGs
[2023-05-22T15:07:58.338+0000] {logging_mixin.py:137} INFO - [2023-05-22T15:07:58.338+0000] {dag.py:3444} INFO - Setting next_dagrun for example_short_circuit_decorator to 2023-05-21T15:07:58.337897+00:00, run_after=2023-05-22T15:07:58.337897+00:00
[2023-05-22T15:07:58.375+0000] {processor.py:175} INFO - Processing /home/airflow/.local/lib/python3.7/site-packages/airflow/example_dags/example_short_circuit_decorator.py took 0.292 seconds
[2023-05-22T15:08:28.791+0000] {processor.py:153} INFO - Started process (PID=1310) to work on /home/airflow/.local/lib/python3.7/site-packages/airflow/example_dags/example_short_circuit_decorator.py
[2023-05-22T15:08:28.793+0000] {processor.py:743} INFO - Processing file /home/airflow/.local/lib/python3.7/site-packages/airflow/example_dags/example_short_circuit_decorator.py for tasks to queue
[2023-05-22T15:08:28.793+0000] {logging_mixin.py:137} INFO - [2023-05-22T15:08:28.793+0000] {dagbag.py:532} INFO - Filling up the DagBag from /home/airflow/.local/lib/python3.7/site-packages/airflow/example_dags/example_short_circuit_decorator.py
[2023-05-22T15:08:28.825+0000] {processor.py:753} INFO - DAG(s) dict_keys(['example_short_circuit_decorator']) retrieved from /home/airflow/.local/lib/python3.7/site-packages/airflow/example_dags/example_short_circuit_decorator.py
[2023-05-22T15:08:28.859+0000] {logging_mixin.py:137} INFO - [2023-05-22T15:08:28.859+0000] {dag.py:2693} INFO - Sync 1 DAGs
[2023-05-22T15:08:28.893+0000] {logging_mixin.py:137} INFO - [2023-05-22T15:08:28.893+0000] {dag.py:3444} INFO - Setting next_dagrun for example_short_circuit_decorator to 2023-05-21T15:08:28.893306+00:00, run_after=2023-05-22T15:08:28.893306+00:00
[2023-05-22T15:08:28.916+0000] {processor.py:175} INFO - Processing /home/airflow/.local/lib/python3.7/site-packages/airflow/example_dags/example_short_circuit_decorator.py took 0.128 seconds
[2023-05-22T15:08:59.819+0000] {processor.py:153} INFO - Started process (PID=1361) to work on /home/airflow/.local/lib/python3.7/site-packages/airflow/example_dags/example_short_circuit_decorator.py
[2023-05-22T15:08:59.820+0000] {processor.py:743} INFO - Processing file /home/airflow/.local/lib/python3.7/site-packages/airflow/example_dags/example_short_circuit_decorator.py for tasks to queue
[2023-05-22T15:08:59.821+0000] {logging_mixin.py:137} INFO - [2023-05-22T15:08:59.821+0000] {dagbag.py:532} INFO - Filling up the DagBag from /home/airflow/.local/lib/python3.7/site-packages/airflow/example_dags/example_short_circuit_decorator.py
[2023-05-22T15:08:59.854+0000] {processor.py:753} INFO - DAG(s) dict_keys(['example_short_circuit_decorator']) retrieved from /home/airflow/.local/lib/python3.7/site-packages/airflow/example_dags/example_short_circuit_decorator.py
[2023-05-22T15:08:59.890+0000] {logging_mixin.py:137} INFO - [2023-05-22T15:08:59.890+0000] {dag.py:2693} INFO - Sync 1 DAGs
[2023-05-22T15:08:59.923+0000] {logging_mixin.py:137} INFO - [2023-05-22T15:08:59.922+0000] {dag.py:3444} INFO - Setting next_dagrun for example_short_circuit_decorator to 2023-05-21T15:08:59.922523+00:00, run_after=2023-05-22T15:08:59.922523+00:00
[2023-05-22T15:08:59.956+0000] {processor.py:175} INFO - Processing /home/airflow/.local/lib/python3.7/site-packages/airflow/example_dags/example_short_circuit_decorator.py took 0.142 seconds
[2023-05-22T15:09:30.827+0000] {processor.py:153} INFO - Started process (PID=1413) to work on /home/airflow/.local/lib/python3.7/site-packages/airflow/example_dags/example_short_circuit_decorator.py
[2023-05-22T15:09:30.832+0000] {processor.py:743} INFO - Processing file /home/airflow/.local/lib/python3.7/site-packages/airflow/example_dags/example_short_circuit_decorator.py for tasks to queue
[2023-05-22T15:09:30.832+0000] {logging_mixin.py:137} INFO - [2023-05-22T15:09:30.832+0000] {dagbag.py:532} INFO - Filling up the DagBag from /home/airflow/.local/lib/python3.7/site-packages/airflow/example_dags/example_short_circuit_decorator.py
[2023-05-22T15:09:30.870+0000] {processor.py:753} INFO - DAG(s) dict_keys(['example_short_circuit_decorator']) retrieved from /home/airflow/.local/lib/python3.7/site-packages/airflow/example_dags/example_short_circuit_decorator.py
[2023-05-22T15:09:30.936+0000] {logging_mixin.py:137} INFO - [2023-05-22T15:09:30.936+0000] {dag.py:2693} INFO - Sync 1 DAGs
[2023-05-22T15:09:30.996+0000] {logging_mixin.py:137} INFO - [2023-05-22T15:09:30.996+0000] {dag.py:3444} INFO - Setting next_dagrun for example_short_circuit_decorator to 2023-05-21T15:09:30.995844+00:00, run_after=2023-05-22T15:09:30.995844+00:00
[2023-05-22T15:09:31.048+0000] {processor.py:175} INFO - Processing /home/airflow/.local/lib/python3.7/site-packages/airflow/example_dags/example_short_circuit_decorator.py took 0.233 seconds
[2023-05-22T15:10:01.952+0000] {processor.py:153} INFO - Started process (PID=1465) to work on /home/airflow/.local/lib/python3.7/site-packages/airflow/example_dags/example_short_circuit_decorator.py
[2023-05-22T15:10:01.953+0000] {processor.py:743} INFO - Processing file /home/airflow/.local/lib/python3.7/site-packages/airflow/example_dags/example_short_circuit_decorator.py for tasks to queue
[2023-05-22T15:10:01.954+0000] {logging_mixin.py:137} INFO - [2023-05-22T15:10:01.954+0000] {dagbag.py:532} INFO - Filling up the DagBag from /home/airflow/.local/lib/python3.7/site-packages/airflow/example_dags/example_short_circuit_decorator.py
[2023-05-22T15:10:01.989+0000] {processor.py:753} INFO - DAG(s) dict_keys(['example_short_circuit_decorator']) retrieved from /home/airflow/.local/lib/python3.7/site-packages/airflow/example_dags/example_short_circuit_decorator.py
[2023-05-22T15:10:02.024+0000] {logging_mixin.py:137} INFO - [2023-05-22T15:10:02.024+0000] {dag.py:2693} INFO - Sync 1 DAGs
[2023-05-22T15:10:02.056+0000] {logging_mixin.py:137} INFO - [2023-05-22T15:10:02.056+0000] {dag.py:3444} INFO - Setting next_dagrun for example_short_circuit_decorator to 2023-05-21T15:10:02.056448+00:00, run_after=2023-05-22T15:10:02.056448+00:00
[2023-05-22T15:10:02.080+0000] {processor.py:175} INFO - Processing /home/airflow/.local/lib/python3.7/site-packages/airflow/example_dags/example_short_circuit_decorator.py took 0.133 seconds
[2023-05-22T15:10:32.676+0000] {processor.py:153} INFO - Started process (PID=1517) to work on /home/airflow/.local/lib/python3.7/site-packages/airflow/example_dags/example_short_circuit_decorator.py
[2023-05-22T15:10:32.676+0000] {processor.py:743} INFO - Processing file /home/airflow/.local/lib/python3.7/site-packages/airflow/example_dags/example_short_circuit_decorator.py for tasks to queue
[2023-05-22T15:10:32.677+0000] {logging_mixin.py:137} INFO - [2023-05-22T15:10:32.677+0000] {dagbag.py:532} INFO - Filling up the DagBag from /home/airflow/.local/lib/python3.7/site-packages/airflow/example_dags/example_short_circuit_decorator.py
[2023-05-22T15:10:32.710+0000] {processor.py:753} INFO - DAG(s) dict_keys(['example_short_circuit_decorator']) retrieved from /home/airflow/.local/lib/python3.7/site-packages/airflow/example_dags/example_short_circuit_decorator.py
[2023-05-22T15:10:32.753+0000] {logging_mixin.py:137} INFO - [2023-05-22T15:10:32.753+0000] {dag.py:2693} INFO - Sync 1 DAGs
[2023-05-22T15:10:32.790+0000] {logging_mixin.py:137} INFO - [2023-05-22T15:10:32.790+0000] {dag.py:3444} INFO - Setting next_dagrun for example_short_circuit_decorator to 2023-05-21T15:10:32.789894+00:00, run_after=2023-05-22T15:10:32.789894+00:00
[2023-05-22T15:10:32.813+0000] {processor.py:175} INFO - Processing /home/airflow/.local/lib/python3.7/site-packages/airflow/example_dags/example_short_circuit_decorator.py took 0.141 seconds
