[2023-05-21T15:00:19.567+0000] {taskinstance.py:1084} INFO - Dependencies all met for dep_context=non-requeueable deps ti=<TaskInstance: get_todays_gamesv2.print_end scheduled__2023-05-20T15:00:00+00:00 [queued]>
[2023-05-21T15:00:19.581+0000] {taskinstance.py:1084} INFO - Dependencies all met for dep_context=requeueable deps ti=<TaskInstance: get_todays_gamesv2.print_end scheduled__2023-05-20T15:00:00+00:00 [queued]>
[2023-05-21T15:00:19.581+0000] {taskinstance.py:1282} INFO - 
--------------------------------------------------------------------------------
[2023-05-21T15:00:19.581+0000] {taskinstance.py:1283} INFO - Starting attempt 1 of 1
[2023-05-21T15:00:19.581+0000] {taskinstance.py:1284} INFO - 
--------------------------------------------------------------------------------
[2023-05-21T15:00:19.598+0000] {taskinstance.py:1303} INFO - Executing <Task(BashOperator): print_end> on 2023-05-20 15:00:00+00:00
[2023-05-21T15:00:19.604+0000] {standard_task_runner.py:55} INFO - Started process 154 to run task
[2023-05-21T15:00:19.607+0000] {standard_task_runner.py:82} INFO - Running: ['***', 'tasks', 'run', 'get_todays_gamesv2', 'print_end', 'scheduled__2023-05-20T15:00:00+00:00', '--job-id', '152', '--raw', '--subdir', 'DAGS_FOLDER/todays_gamesv2.py', '--cfg-path', '/tmp/tmpdccul6ma']
[2023-05-21T15:00:19.608+0000] {standard_task_runner.py:83} INFO - Job 152: Subtask print_end
[2023-05-21T15:00:19.680+0000] {task_command.py:388} INFO - Running <TaskInstance: get_todays_gamesv2.print_end scheduled__2023-05-20T15:00:00+00:00 [running]> on host b03c83f459ca
[2023-05-21T15:00:19.766+0000] {taskinstance.py:1511} INFO - Exporting the following env vars:
AIRFLOW_CTX_DAG_OWNER=***
AIRFLOW_CTX_DAG_ID=get_todays_gamesv2
AIRFLOW_CTX_TASK_ID=print_end
AIRFLOW_CTX_EXECUTION_DATE=2023-05-20T15:00:00+00:00
AIRFLOW_CTX_TRY_NUMBER=1
AIRFLOW_CTX_DAG_RUN_ID=scheduled__2023-05-20T15:00:00+00:00
[2023-05-21T15:00:19.769+0000] {subprocess.py:63} INFO - Tmp dir root location: 
 /tmp
[2023-05-21T15:00:19.769+0000] {subprocess.py:75} INFO - Running command: ['/bin/bash', '-c', 'echo end dag!']
[2023-05-21T15:00:19.780+0000] {subprocess.py:86} INFO - Output:
[2023-05-21T15:00:19.782+0000] {subprocess.py:93} INFO - end dag!
[2023-05-21T15:00:19.782+0000] {subprocess.py:97} INFO - Command exited with return code 0
[2023-05-21T15:00:19.796+0000] {taskinstance.py:1326} INFO - Marking task as SUCCESS. dag_id=get_todays_gamesv2, task_id=print_end, execution_date=20230520T150000, start_date=20230521T150019, end_date=20230521T150019
[2023-05-21T15:00:19.821+0000] {local_task_job.py:212} INFO - Task exited with return code 0
[2023-05-21T15:00:19.859+0000] {taskinstance.py:2585} INFO - 0 downstream tasks scheduled from follow-on schedule check
