[2023-05-10T14:55:53.030+0000] {processor.py:153} INFO - Started process (PID=32) to work on /opt/airflow/dags/todays_gamesv2.py
[2023-05-10T14:55:53.031+0000] {processor.py:743} INFO - Processing file /opt/airflow/dags/todays_gamesv2.py for tasks to queue
[2023-05-10T14:55:53.032+0000] {logging_mixin.py:137} INFO - [2023-05-10T14:55:53.032+0000] {dagbag.py:532} INFO - Filling up the DagBag from /opt/airflow/dags/todays_gamesv2.py
[2023-05-10T14:55:53.691+0000] {processor.py:753} INFO - DAG(s) dict_keys(['get_todays_gamesv2']) retrieved from /opt/airflow/dags/todays_gamesv2.py
[2023-05-10T14:55:53.776+0000] {logging_mixin.py:137} INFO - [2023-05-10T14:55:53.775+0000] {dag.py:2693} INFO - Sync 1 DAGs
[2023-05-10T14:55:53.865+0000] {logging_mixin.py:137} INFO - [2023-05-10T14:55:53.865+0000] {dag.py:3444} INFO - Setting next_dagrun for get_todays_gamesv2 to 2023-05-09T15:00:00+00:00, run_after=2023-05-10T15:00:00+00:00
[2023-05-10T14:55:53.913+0000] {processor.py:175} INFO - Processing /opt/airflow/dags/todays_gamesv2.py took 0.888 seconds
[2023-05-10T14:56:24.478+0000] {processor.py:153} INFO - Started process (PID=83) to work on /opt/airflow/dags/todays_gamesv2.py
[2023-05-10T14:56:24.479+0000] {processor.py:743} INFO - Processing file /opt/airflow/dags/todays_gamesv2.py for tasks to queue
[2023-05-10T14:56:24.482+0000] {logging_mixin.py:137} INFO - [2023-05-10T14:56:24.482+0000] {dagbag.py:532} INFO - Filling up the DagBag from /opt/airflow/dags/todays_gamesv2.py
[2023-05-10T14:56:24.661+0000] {processor.py:753} INFO - DAG(s) dict_keys(['get_todays_gamesv2']) retrieved from /opt/airflow/dags/todays_gamesv2.py
[2023-05-10T14:56:24.694+0000] {logging_mixin.py:137} INFO - [2023-05-10T14:56:24.694+0000] {dag.py:2693} INFO - Sync 1 DAGs
[2023-05-10T14:56:24.727+0000] {logging_mixin.py:137} INFO - [2023-05-10T14:56:24.727+0000] {dag.py:3444} INFO - Setting next_dagrun for get_todays_gamesv2 to 2023-05-09T15:00:00+00:00, run_after=2023-05-10T15:00:00+00:00
[2023-05-10T14:56:24.747+0000] {processor.py:175} INFO - Processing /opt/airflow/dags/todays_gamesv2.py took 0.282 seconds
[2023-05-10T14:56:55.237+0000] {processor.py:153} INFO - Started process (PID=134) to work on /opt/airflow/dags/todays_gamesv2.py
[2023-05-10T14:56:55.238+0000] {processor.py:743} INFO - Processing file /opt/airflow/dags/todays_gamesv2.py for tasks to queue
[2023-05-10T14:56:55.239+0000] {logging_mixin.py:137} INFO - [2023-05-10T14:56:55.239+0000] {dagbag.py:532} INFO - Filling up the DagBag from /opt/airflow/dags/todays_gamesv2.py
[2023-05-10T14:56:55.405+0000] {processor.py:753} INFO - DAG(s) dict_keys(['get_todays_gamesv2']) retrieved from /opt/airflow/dags/todays_gamesv2.py
[2023-05-10T14:56:55.438+0000] {logging_mixin.py:137} INFO - [2023-05-10T14:56:55.438+0000] {dag.py:2693} INFO - Sync 1 DAGs
[2023-05-10T14:56:55.472+0000] {logging_mixin.py:137} INFO - [2023-05-10T14:56:55.472+0000] {dag.py:3444} INFO - Setting next_dagrun for get_todays_gamesv2 to 2023-05-09T15:00:00+00:00, run_after=2023-05-10T15:00:00+00:00
[2023-05-10T14:56:55.492+0000] {processor.py:175} INFO - Processing /opt/airflow/dags/todays_gamesv2.py took 0.258 seconds
[2023-05-10T14:57:25.868+0000] {processor.py:153} INFO - Started process (PID=186) to work on /opt/airflow/dags/todays_gamesv2.py
[2023-05-10T14:57:25.870+0000] {processor.py:743} INFO - Processing file /opt/airflow/dags/todays_gamesv2.py for tasks to queue
[2023-05-10T14:57:25.870+0000] {logging_mixin.py:137} INFO - [2023-05-10T14:57:25.870+0000] {dagbag.py:532} INFO - Filling up the DagBag from /opt/airflow/dags/todays_gamesv2.py
[2023-05-10T14:57:26.044+0000] {processor.py:753} INFO - DAG(s) dict_keys(['get_todays_gamesv2']) retrieved from /opt/airflow/dags/todays_gamesv2.py
[2023-05-10T14:57:26.079+0000] {logging_mixin.py:137} INFO - [2023-05-10T14:57:26.079+0000] {dag.py:2693} INFO - Sync 1 DAGs
[2023-05-10T14:57:26.114+0000] {logging_mixin.py:137} INFO - [2023-05-10T14:57:26.113+0000] {dag.py:3444} INFO - Setting next_dagrun for get_todays_gamesv2 to 2023-05-09T15:00:00+00:00, run_after=2023-05-10T15:00:00+00:00
[2023-05-10T14:57:26.135+0000] {processor.py:175} INFO - Processing /opt/airflow/dags/todays_gamesv2.py took 0.270 seconds
[2023-05-10T14:57:56.462+0000] {processor.py:153} INFO - Started process (PID=237) to work on /opt/airflow/dags/todays_gamesv2.py
[2023-05-10T14:57:56.462+0000] {processor.py:743} INFO - Processing file /opt/airflow/dags/todays_gamesv2.py for tasks to queue
[2023-05-10T14:57:56.463+0000] {logging_mixin.py:137} INFO - [2023-05-10T14:57:56.463+0000] {dagbag.py:532} INFO - Filling up the DagBag from /opt/airflow/dags/todays_gamesv2.py
[2023-05-10T14:57:56.629+0000] {processor.py:753} INFO - DAG(s) dict_keys(['get_todays_gamesv2']) retrieved from /opt/airflow/dags/todays_gamesv2.py
[2023-05-10T14:57:56.662+0000] {logging_mixin.py:137} INFO - [2023-05-10T14:57:56.662+0000] {dag.py:2693} INFO - Sync 1 DAGs
[2023-05-10T14:57:56.696+0000] {logging_mixin.py:137} INFO - [2023-05-10T14:57:56.696+0000] {dag.py:3444} INFO - Setting next_dagrun for get_todays_gamesv2 to 2023-05-09T15:00:00+00:00, run_after=2023-05-10T15:00:00+00:00
[2023-05-10T14:57:56.716+0000] {processor.py:175} INFO - Processing /opt/airflow/dags/todays_gamesv2.py took 0.258 seconds
[2023-05-10T14:58:26.949+0000] {processor.py:153} INFO - Started process (PID=288) to work on /opt/airflow/dags/todays_gamesv2.py
[2023-05-10T14:58:26.960+0000] {processor.py:743} INFO - Processing file /opt/airflow/dags/todays_gamesv2.py for tasks to queue
[2023-05-10T14:58:26.961+0000] {logging_mixin.py:137} INFO - [2023-05-10T14:58:26.961+0000] {dagbag.py:532} INFO - Filling up the DagBag from /opt/airflow/dags/todays_gamesv2.py
[2023-05-10T14:58:27.289+0000] {processor.py:753} INFO - DAG(s) dict_keys(['get_todays_gamesv2']) retrieved from /opt/airflow/dags/todays_gamesv2.py
[2023-05-10T14:58:27.342+0000] {logging_mixin.py:137} INFO - [2023-05-10T14:58:27.342+0000] {dag.py:2693} INFO - Sync 1 DAGs
[2023-05-10T14:58:27.376+0000] {logging_mixin.py:137} INFO - [2023-05-10T14:58:27.376+0000] {dag.py:3444} INFO - Setting next_dagrun for get_todays_gamesv2 to 2023-05-09T15:00:00+00:00, run_after=2023-05-10T15:00:00+00:00
[2023-05-10T14:58:27.407+0000] {processor.py:175} INFO - Processing /opt/airflow/dags/todays_gamesv2.py took 0.462 seconds
[2023-05-10T14:58:58.199+0000] {processor.py:153} INFO - Started process (PID=339) to work on /opt/airflow/dags/todays_gamesv2.py
[2023-05-10T14:58:58.201+0000] {processor.py:743} INFO - Processing file /opt/airflow/dags/todays_gamesv2.py for tasks to queue
[2023-05-10T14:58:58.201+0000] {logging_mixin.py:137} INFO - [2023-05-10T14:58:58.201+0000] {dagbag.py:532} INFO - Filling up the DagBag from /opt/airflow/dags/todays_gamesv2.py
[2023-05-10T14:58:58.368+0000] {processor.py:753} INFO - DAG(s) dict_keys(['get_todays_gamesv2']) retrieved from /opt/airflow/dags/todays_gamesv2.py
[2023-05-10T14:58:58.402+0000] {logging_mixin.py:137} INFO - [2023-05-10T14:58:58.402+0000] {dag.py:2693} INFO - Sync 1 DAGs
[2023-05-10T14:58:58.437+0000] {logging_mixin.py:137} INFO - [2023-05-10T14:58:58.437+0000] {dag.py:3444} INFO - Setting next_dagrun for get_todays_gamesv2 to 2023-05-09T15:00:00+00:00, run_after=2023-05-10T15:00:00+00:00
[2023-05-10T14:58:58.457+0000] {processor.py:175} INFO - Processing /opt/airflow/dags/todays_gamesv2.py took 0.261 seconds
[2023-05-10T14:59:28.574+0000] {processor.py:153} INFO - Started process (PID=390) to work on /opt/airflow/dags/todays_gamesv2.py
[2023-05-10T14:59:28.587+0000] {processor.py:743} INFO - Processing file /opt/airflow/dags/todays_gamesv2.py for tasks to queue
[2023-05-10T14:59:28.588+0000] {logging_mixin.py:137} INFO - [2023-05-10T14:59:28.588+0000] {dagbag.py:532} INFO - Filling up the DagBag from /opt/airflow/dags/todays_gamesv2.py
[2023-05-10T14:59:28.801+0000] {processor.py:753} INFO - DAG(s) dict_keys(['get_todays_gamesv2']) retrieved from /opt/airflow/dags/todays_gamesv2.py
[2023-05-10T14:59:33.855+0000] {logging_mixin.py:137} INFO - [2023-05-10T14:59:33.855+0000] {dag.py:2693} INFO - Sync 1 DAGs
[2023-05-10T14:59:33.901+0000] {logging_mixin.py:137} INFO - [2023-05-10T14:59:33.901+0000] {dag.py:3444} INFO - Setting next_dagrun for get_todays_gamesv2 to 2023-05-09T15:00:00+00:00, run_after=2023-05-10T15:00:00+00:00
[2023-05-10T14:59:33.922+0000] {processor.py:175} INFO - Processing /opt/airflow/dags/todays_gamesv2.py took 5.352 seconds
[2023-05-10T15:00:04.773+0000] {processor.py:153} INFO - Started process (PID=477) to work on /opt/airflow/dags/todays_gamesv2.py
[2023-05-10T15:00:04.774+0000] {processor.py:743} INFO - Processing file /opt/airflow/dags/todays_gamesv2.py for tasks to queue
[2023-05-10T15:00:04.775+0000] {logging_mixin.py:137} INFO - [2023-05-10T15:00:04.775+0000] {dagbag.py:532} INFO - Filling up the DagBag from /opt/airflow/dags/todays_gamesv2.py
[2023-05-10T15:00:05.017+0000] {processor.py:753} INFO - DAG(s) dict_keys(['get_todays_gamesv2']) retrieved from /opt/airflow/dags/todays_gamesv2.py
[2023-05-10T15:00:05.080+0000] {logging_mixin.py:137} INFO - [2023-05-10T15:00:05.080+0000] {dag.py:2693} INFO - Sync 1 DAGs
[2023-05-10T15:00:05.200+0000] {logging_mixin.py:137} INFO - [2023-05-10T15:00:05.200+0000] {dag.py:3444} INFO - Setting next_dagrun for get_todays_gamesv2 to 2023-05-10T15:00:00+00:00, run_after=2023-05-11T15:00:00+00:00
[2023-05-10T15:00:05.249+0000] {processor.py:175} INFO - Processing /opt/airflow/dags/todays_gamesv2.py took 0.480 seconds
[2023-05-10T15:00:35.977+0000] {processor.py:153} INFO - Started process (PID=531) to work on /opt/airflow/dags/todays_gamesv2.py
[2023-05-10T15:00:35.989+0000] {processor.py:743} INFO - Processing file /opt/airflow/dags/todays_gamesv2.py for tasks to queue
[2023-05-10T15:00:35.990+0000] {logging_mixin.py:137} INFO - [2023-05-10T15:00:35.990+0000] {dagbag.py:532} INFO - Filling up the DagBag from /opt/airflow/dags/todays_gamesv2.py
[2023-05-10T15:00:36.262+0000] {processor.py:753} INFO - DAG(s) dict_keys(['get_todays_gamesv2']) retrieved from /opt/airflow/dags/todays_gamesv2.py
[2023-05-10T15:00:36.320+0000] {logging_mixin.py:137} INFO - [2023-05-10T15:00:36.319+0000] {dag.py:2693} INFO - Sync 1 DAGs
[2023-05-10T15:00:36.378+0000] {logging_mixin.py:137} INFO - [2023-05-10T15:00:36.378+0000] {dag.py:3444} INFO - Setting next_dagrun for get_todays_gamesv2 to 2023-05-10T15:00:00+00:00, run_after=2023-05-11T15:00:00+00:00
[2023-05-10T15:00:36.417+0000] {processor.py:175} INFO - Processing /opt/airflow/dags/todays_gamesv2.py took 0.444 seconds
[2023-05-10T15:01:07.419+0000] {processor.py:153} INFO - Started process (PID=583) to work on /opt/airflow/dags/todays_gamesv2.py
[2023-05-10T15:01:07.419+0000] {processor.py:743} INFO - Processing file /opt/airflow/dags/todays_gamesv2.py for tasks to queue
[2023-05-10T15:01:07.420+0000] {logging_mixin.py:137} INFO - [2023-05-10T15:01:07.420+0000] {dagbag.py:532} INFO - Filling up the DagBag from /opt/airflow/dags/todays_gamesv2.py
[2023-05-10T15:01:07.806+0000] {processor.py:753} INFO - DAG(s) dict_keys(['get_todays_gamesv2']) retrieved from /opt/airflow/dags/todays_gamesv2.py
[2023-05-10T15:01:07.840+0000] {logging_mixin.py:137} INFO - [2023-05-10T15:01:07.840+0000] {dag.py:2693} INFO - Sync 1 DAGs
[2023-05-10T15:01:07.872+0000] {logging_mixin.py:137} INFO - [2023-05-10T15:01:07.871+0000] {dag.py:3444} INFO - Setting next_dagrun for get_todays_gamesv2 to 2023-05-10T15:00:00+00:00, run_after=2023-05-11T15:00:00+00:00
[2023-05-10T15:01:07.895+0000] {processor.py:175} INFO - Processing /opt/airflow/dags/todays_gamesv2.py took 0.493 seconds
[2023-05-10T15:01:38.785+0000] {processor.py:153} INFO - Started process (PID=635) to work on /opt/airflow/dags/todays_gamesv2.py
[2023-05-10T15:01:38.787+0000] {processor.py:743} INFO - Processing file /opt/airflow/dags/todays_gamesv2.py for tasks to queue
[2023-05-10T15:01:38.788+0000] {logging_mixin.py:137} INFO - [2023-05-10T15:01:38.788+0000] {dagbag.py:532} INFO - Filling up the DagBag from /opt/airflow/dags/todays_gamesv2.py
[2023-05-10T15:01:39.017+0000] {processor.py:753} INFO - DAG(s) dict_keys(['get_todays_gamesv2']) retrieved from /opt/airflow/dags/todays_gamesv2.py
[2023-05-10T15:01:39.072+0000] {logging_mixin.py:137} INFO - [2023-05-10T15:01:39.072+0000] {dag.py:2693} INFO - Sync 1 DAGs
[2023-05-10T15:01:39.114+0000] {logging_mixin.py:137} INFO - [2023-05-10T15:01:39.114+0000] {dag.py:3444} INFO - Setting next_dagrun for get_todays_gamesv2 to 2023-05-10T15:00:00+00:00, run_after=2023-05-11T15:00:00+00:00
[2023-05-10T15:01:39.148+0000] {processor.py:175} INFO - Processing /opt/airflow/dags/todays_gamesv2.py took 0.370 seconds
[2023-05-10T15:02:09.606+0000] {processor.py:153} INFO - Started process (PID=686) to work on /opt/airflow/dags/todays_gamesv2.py
[2023-05-10T15:02:09.607+0000] {processor.py:743} INFO - Processing file /opt/airflow/dags/todays_gamesv2.py for tasks to queue
[2023-05-10T15:02:09.608+0000] {logging_mixin.py:137} INFO - [2023-05-10T15:02:09.607+0000] {dagbag.py:532} INFO - Filling up the DagBag from /opt/airflow/dags/todays_gamesv2.py
[2023-05-10T15:02:09.977+0000] {processor.py:753} INFO - DAG(s) dict_keys(['get_todays_gamesv2']) retrieved from /opt/airflow/dags/todays_gamesv2.py
[2023-05-10T15:02:10.067+0000] {logging_mixin.py:137} INFO - [2023-05-10T15:02:10.066+0000] {dag.py:2693} INFO - Sync 1 DAGs
[2023-05-10T15:02:10.150+0000] {logging_mixin.py:137} INFO - [2023-05-10T15:02:10.150+0000] {dag.py:3444} INFO - Setting next_dagrun for get_todays_gamesv2 to 2023-05-10T15:00:00+00:00, run_after=2023-05-11T15:00:00+00:00
[2023-05-10T15:02:10.188+0000] {processor.py:175} INFO - Processing /opt/airflow/dags/todays_gamesv2.py took 0.591 seconds
[2023-05-10T15:02:40.587+0000] {processor.py:153} INFO - Started process (PID=737) to work on /opt/airflow/dags/todays_gamesv2.py
[2023-05-10T15:02:40.588+0000] {processor.py:743} INFO - Processing file /opt/airflow/dags/todays_gamesv2.py for tasks to queue
[2023-05-10T15:02:40.589+0000] {logging_mixin.py:137} INFO - [2023-05-10T15:02:40.589+0000] {dagbag.py:532} INFO - Filling up the DagBag from /opt/airflow/dags/todays_gamesv2.py
[2023-05-10T15:02:40.759+0000] {processor.py:753} INFO - DAG(s) dict_keys(['get_todays_gamesv2']) retrieved from /opt/airflow/dags/todays_gamesv2.py
[2023-05-10T15:02:40.789+0000] {logging_mixin.py:137} INFO - [2023-05-10T15:02:40.788+0000] {dag.py:2693} INFO - Sync 1 DAGs
[2023-05-10T15:02:40.822+0000] {logging_mixin.py:137} INFO - [2023-05-10T15:02:40.821+0000] {dag.py:3444} INFO - Setting next_dagrun for get_todays_gamesv2 to 2023-05-10T15:00:00+00:00, run_after=2023-05-11T15:00:00+00:00
[2023-05-10T15:02:40.843+0000] {processor.py:175} INFO - Processing /opt/airflow/dags/todays_gamesv2.py took 0.260 seconds
[2023-05-10T15:03:11.160+0000] {processor.py:153} INFO - Started process (PID=788) to work on /opt/airflow/dags/todays_gamesv2.py
[2023-05-10T15:03:11.161+0000] {processor.py:743} INFO - Processing file /opt/airflow/dags/todays_gamesv2.py for tasks to queue
[2023-05-10T15:03:11.161+0000] {logging_mixin.py:137} INFO - [2023-05-10T15:03:11.161+0000] {dagbag.py:532} INFO - Filling up the DagBag from /opt/airflow/dags/todays_gamesv2.py
[2023-05-10T15:03:11.358+0000] {processor.py:753} INFO - DAG(s) dict_keys(['get_todays_gamesv2']) retrieved from /opt/airflow/dags/todays_gamesv2.py
[2023-05-10T15:03:11.390+0000] {logging_mixin.py:137} INFO - [2023-05-10T15:03:11.390+0000] {dag.py:2693} INFO - Sync 1 DAGs
[2023-05-10T15:03:11.424+0000] {logging_mixin.py:137} INFO - [2023-05-10T15:03:11.424+0000] {dag.py:3444} INFO - Setting next_dagrun for get_todays_gamesv2 to 2023-05-10T15:00:00+00:00, run_after=2023-05-11T15:00:00+00:00
[2023-05-10T15:03:11.444+0000] {processor.py:175} INFO - Processing /opt/airflow/dags/todays_gamesv2.py took 0.288 seconds
[2023-05-10T15:03:41.648+0000] {processor.py:153} INFO - Started process (PID=838) to work on /opt/airflow/dags/todays_gamesv2.py
[2023-05-10T15:03:41.650+0000] {processor.py:743} INFO - Processing file /opt/airflow/dags/todays_gamesv2.py for tasks to queue
[2023-05-10T15:03:41.650+0000] {logging_mixin.py:137} INFO - [2023-05-10T15:03:41.650+0000] {dagbag.py:532} INFO - Filling up the DagBag from /opt/airflow/dags/todays_gamesv2.py
[2023-05-10T15:03:41.820+0000] {processor.py:753} INFO - DAG(s) dict_keys(['get_todays_gamesv2']) retrieved from /opt/airflow/dags/todays_gamesv2.py
[2023-05-10T15:03:41.851+0000] {logging_mixin.py:137} INFO - [2023-05-10T15:03:41.850+0000] {dag.py:2693} INFO - Sync 1 DAGs
[2023-05-10T15:03:41.883+0000] {logging_mixin.py:137} INFO - [2023-05-10T15:03:41.883+0000] {dag.py:3444} INFO - Setting next_dagrun for get_todays_gamesv2 to 2023-05-10T15:00:00+00:00, run_after=2023-05-11T15:00:00+00:00
[2023-05-10T15:03:41.903+0000] {processor.py:175} INFO - Processing /opt/airflow/dags/todays_gamesv2.py took 0.260 seconds
[2023-05-10T15:04:11.958+0000] {processor.py:153} INFO - Started process (PID=889) to work on /opt/airflow/dags/todays_gamesv2.py
[2023-05-10T15:04:11.959+0000] {processor.py:743} INFO - Processing file /opt/airflow/dags/todays_gamesv2.py for tasks to queue
[2023-05-10T15:04:11.960+0000] {logging_mixin.py:137} INFO - [2023-05-10T15:04:11.960+0000] {dagbag.py:532} INFO - Filling up the DagBag from /opt/airflow/dags/todays_gamesv2.py
[2023-05-10T15:04:12.129+0000] {processor.py:753} INFO - DAG(s) dict_keys(['get_todays_gamesv2']) retrieved from /opt/airflow/dags/todays_gamesv2.py
[2023-05-10T15:04:12.161+0000] {logging_mixin.py:137} INFO - [2023-05-10T15:04:12.161+0000] {dag.py:2693} INFO - Sync 1 DAGs
[2023-05-10T15:04:12.203+0000] {logging_mixin.py:137} INFO - [2023-05-10T15:04:12.203+0000] {dag.py:3444} INFO - Setting next_dagrun for get_todays_gamesv2 to 2023-05-10T15:00:00+00:00, run_after=2023-05-11T15:00:00+00:00
[2023-05-10T15:04:12.226+0000] {processor.py:175} INFO - Processing /opt/airflow/dags/todays_gamesv2.py took 0.271 seconds
[2023-05-10T15:04:42.597+0000] {processor.py:153} INFO - Started process (PID=940) to work on /opt/airflow/dags/todays_gamesv2.py
[2023-05-10T15:04:42.599+0000] {processor.py:743} INFO - Processing file /opt/airflow/dags/todays_gamesv2.py for tasks to queue
[2023-05-10T15:04:42.600+0000] {logging_mixin.py:137} INFO - [2023-05-10T15:04:42.599+0000] {dagbag.py:532} INFO - Filling up the DagBag from /opt/airflow/dags/todays_gamesv2.py
[2023-05-10T15:04:42.771+0000] {processor.py:753} INFO - DAG(s) dict_keys(['get_todays_gamesv2']) retrieved from /opt/airflow/dags/todays_gamesv2.py
[2023-05-10T15:04:42.804+0000] {logging_mixin.py:137} INFO - [2023-05-10T15:04:42.804+0000] {dag.py:2693} INFO - Sync 1 DAGs
[2023-05-10T15:04:42.843+0000] {logging_mixin.py:137} INFO - [2023-05-10T15:04:42.843+0000] {dag.py:3444} INFO - Setting next_dagrun for get_todays_gamesv2 to 2023-05-10T15:00:00+00:00, run_after=2023-05-11T15:00:00+00:00
[2023-05-10T15:04:42.865+0000] {processor.py:175} INFO - Processing /opt/airflow/dags/todays_gamesv2.py took 0.272 seconds
[2023-05-10T15:05:12.922+0000] {processor.py:153} INFO - Started process (PID=992) to work on /opt/airflow/dags/todays_gamesv2.py
[2023-05-10T15:05:12.923+0000] {processor.py:743} INFO - Processing file /opt/airflow/dags/todays_gamesv2.py for tasks to queue
[2023-05-10T15:05:12.923+0000] {logging_mixin.py:137} INFO - [2023-05-10T15:05:12.923+0000] {dagbag.py:532} INFO - Filling up the DagBag from /opt/airflow/dags/todays_gamesv2.py
[2023-05-10T15:05:13.094+0000] {processor.py:753} INFO - DAG(s) dict_keys(['get_todays_gamesv2']) retrieved from /opt/airflow/dags/todays_gamesv2.py
[2023-05-10T15:05:13.129+0000] {logging_mixin.py:137} INFO - [2023-05-10T15:05:13.129+0000] {dag.py:2693} INFO - Sync 1 DAGs
[2023-05-10T15:05:13.163+0000] {logging_mixin.py:137} INFO - [2023-05-10T15:05:13.163+0000] {dag.py:3444} INFO - Setting next_dagrun for get_todays_gamesv2 to 2023-05-10T15:00:00+00:00, run_after=2023-05-11T15:00:00+00:00
[2023-05-10T15:05:13.183+0000] {processor.py:175} INFO - Processing /opt/airflow/dags/todays_gamesv2.py took 0.265 seconds
