[2023-04-27T00:35:42.531+0000] {taskinstance.py:1084} INFO - Dependencies all met for dep_context=non-requeueable deps ti=<TaskInstance: get_todays_gamesv4.exec_insert_query_task manual__2023-04-27T00:35:35.161278+00:00 [queued]>
[2023-04-27T00:35:42.542+0000] {taskinstance.py:1084} INFO - Dependencies all met for dep_context=requeueable deps ti=<TaskInstance: get_todays_gamesv4.exec_insert_query_task manual__2023-04-27T00:35:35.161278+00:00 [queued]>
[2023-04-27T00:35:42.542+0000] {taskinstance.py:1282} INFO - 
--------------------------------------------------------------------------------
[2023-04-27T00:35:42.542+0000] {taskinstance.py:1283} INFO - Starting attempt 1 of 1
[2023-04-27T00:35:42.542+0000] {taskinstance.py:1284} INFO - 
--------------------------------------------------------------------------------
[2023-04-27T00:35:42.564+0000] {taskinstance.py:1303} INFO - Executing <Task(PostgresOperator): exec_insert_query_task> on 2023-04-27 00:35:35.161278+00:00
[2023-04-27T00:35:42.570+0000] {standard_task_runner.py:55} INFO - Started process 602 to run task
[2023-04-27T00:35:42.574+0000] {standard_task_runner.py:82} INFO - Running: ['***', 'tasks', 'run', 'get_todays_gamesv4', 'exec_insert_query_task', 'manual__2023-04-27T00:35:35.161278+00:00', '--job-id', '234', '--raw', '--subdir', 'DAGS_FOLDER/todays_games.py', '--cfg-path', '/tmp/tmpgwnl4v5w']
[2023-04-27T00:35:42.575+0000] {standard_task_runner.py:83} INFO - Job 234: Subtask exec_insert_query_task
[2023-04-27T00:35:42.718+0000] {task_command.py:388} INFO - Running <TaskInstance: get_todays_gamesv4.exec_insert_query_task manual__2023-04-27T00:35:35.161278+00:00 [running]> on host f789e77bc70a
[2023-04-27T00:35:42.832+0000] {taskinstance.py:1511} INFO - Exporting the following env vars:
AIRFLOW_CTX_DAG_OWNER=***
AIRFLOW_CTX_DAG_ID=get_todays_gamesv4
AIRFLOW_CTX_TASK_ID=exec_insert_query_task
AIRFLOW_CTX_EXECUTION_DATE=2023-04-27T00:35:35.161278+00:00
AIRFLOW_CTX_TRY_NUMBER=1
AIRFLOW_CTX_DAG_RUN_ID=manual__2023-04-27T00:35:35.161278+00:00
[2023-04-27T00:35:42.833+0000] {sql.py:254} INFO - Executing: 
INSERT INTO games (away_name,home_name,away_probable_pitcher,home_probable_pitcher,venue_name)
                                   VALUES ('Miami Marlins','Atlanta Braves','Braxton Garrett','Kyle Wright','Truist Park');
INSERT INTO games (away_name,home_name,away_probable_pitcher,home_probable_pitcher,venue_name)
                                   VALUES ('Los Angeles Dodgers','Pittsburgh Pirates','Julio Urias','Mitch Keller','PNC Park');
INSERT INTO games (away_name,home_name,away_probable_pitcher,home_probable_pitcher,venue_name)
                                   VALUES ('Seattle Mariners','Philadelphia Phillies','George Kirby','Matt Strahm','Citizens Bank Park');
INSERT INTO games (away_name,home_name,away_probable_pitcher,home_probable_pitcher,venue_name)
                                   VALUES ('San Diego Padres','Chicago Cubs','Seth Lugo','Hayden Wesneski','Wrigley Field');
INSERT INTO games (away_name,home_name,away_probable_pitcher,home_probable_pitcher,venue_name)
                                   VALUES ('St. Louis Cardinals','San Francisco Giants','Miles Mikolas','Logan Webb','Oracle Park');
INSERT INTO games (away_name,home_name,away_probable_pitcher,home_probable_pitcher,venue_name)
                                   VALUES ('Oakland Athletics','Los Angeles Angels','JP Sears','Shohei Ohtani','Angel Stadium');
INSERT INTO games (away_name,home_name,away_probable_pitcher,home_probable_pitcher,venue_name)
                                   VALUES ('Baltimore Orioles','Detroit Tigers','Kyle Gibson','Joey Wentz','Comerica Park');
INSERT INTO games (away_name,home_name,away_probable_pitcher,home_probable_pitcher,venue_name)
                                   VALUES ('Washington Nationals','New York Mets','Trevor Williams','Joey Lucchesi','Citi Field');
INSERT INTO games (away_name,home_name,away_probable_pitcher,home_probable_pitcher,venue_name)
                                   VALUES ('Tampa Bay Rays','Chicago White Sox','Shane McClanahan','Dylan Cease','Guaranteed Rate Field');
INSERT INTO games (away_name,home_name,away_probable_pitcher,home_probable_pitcher,venue_name)
                                   VALUES ('Kansas City Royals','Minnesota Twins','Zack Greinke','Tyler Mahle','Target Field');
INSERT INTO games (away_name,home_name,away_probable_pitcher,home_probable_pitcher,venue_name)
                                   VALUES ('New York Yankees','Texas Rangers','Gerrit Cole','Andrew Heaney','Globe Life Field');
[2023-04-27T00:35:42.845+0000] {base.py:73} INFO - Using connection ID 'postgres_localhost' for task execution.
[2023-04-27T00:35:43.167+0000] {base.py:73} INFO - Using connection ID 'postgres_localhost' for task execution.
[2023-04-27T00:35:43.171+0000] {sql.py:375} INFO - Running statement: 
INSERT INTO games (away_name,home_name,away_probable_pitcher,home_probable_pitcher,venue_name)
                                   VALUES ('Miami Marlins','Atlanta Braves','Braxton Garrett','Kyle Wright','Truist Park');
INSERT INTO games (away_name,home_name,away_probable_pitcher,home_probable_pitcher,venue_name)
                                   VALUES ('Los Angeles Dodgers','Pittsburgh Pirates','Julio Urias','Mitch Keller','PNC Park');
INSERT INTO games (away_name,home_name,away_probable_pitcher,home_probable_pitcher,venue_name)
                                   VALUES ('Seattle Mariners','Philadelphia Phillies','George Kirby','Matt Strahm','Citizens Bank Park');
INSERT INTO games (away_name,home_name,away_probable_pitcher,home_probable_pitcher,venue_name)
                                   VALUES ('San Diego Padres','Chicago Cubs','Seth Lugo','Hayden Wesneski','Wrigley Field');
INSERT INTO games (away_name,home_name,away_probable_pitcher,home_probable_pitcher,venue_name)
                                   VALUES ('St. Louis Cardinals','San Francisco Giants','Miles Mikolas','Logan Webb','Oracle Park');
INSERT INTO games (away_name,home_name,away_probable_pitcher,home_probable_pitcher,venue_name)
                                   VALUES ('Oakland Athletics','Los Angeles Angels','JP Sears','Shohei Ohtani','Angel Stadium');
INSERT INTO games (away_name,home_name,away_probable_pitcher,home_probable_pitcher,venue_name)
                                   VALUES ('Baltimore Orioles','Detroit Tigers','Kyle Gibson','Joey Wentz','Comerica Park');
INSERT INTO games (away_name,home_name,away_probable_pitcher,home_probable_pitcher,venue_name)
                                   VALUES ('Washington Nationals','New York Mets','Trevor Williams','Joey Lucchesi','Citi Field');
INSERT INTO games (away_name,home_name,away_probable_pitcher,home_probable_pitcher,venue_name)
                                   VALUES ('Tampa Bay Rays','Chicago White Sox','Shane McClanahan','Dylan Cease','Guaranteed Rate Field');
INSERT INTO games (away_name,home_name,away_probable_pitcher,home_probable_pitcher,venue_name)
                                   VALUES ('Kansas City Royals','Minnesota Twins','Zack Greinke','Tyler Mahle','Target Field');
INSERT INTO games (away_name,home_name,away_probable_pitcher,home_probable_pitcher,venue_name)
                                   VALUES ('New York Yankees','Texas Rangers','Gerrit Cole','Andrew Heaney','Globe Life Field');, parameters: None
[2023-04-27T00:35:43.172+0000] {sql.py:384} INFO - Rows affected: 1
[2023-04-27T00:35:43.185+0000] {taskinstance.py:1326} INFO - Marking task as SUCCESS. dag_id=get_todays_gamesv4, task_id=exec_insert_query_task, execution_date=20230427T003535, start_date=20230427T003542, end_date=20230427T003543
[2023-04-27T00:35:43.237+0000] {local_task_job.py:212} INFO - Task exited with return code 0
[2023-04-27T00:35:43.310+0000] {taskinstance.py:2585} INFO - 2 downstream tasks scheduled from follow-on schedule check
