[2023-05-14T18:09:04.433+0000] {taskinstance.py:1084} INFO - Dependencies all met for dep_context=non-requeueable deps ti=<TaskInstance: get_todays_gamesv2.postgres_to_s3_task manual__2023-05-14T18:08:47.735666+00:00 [queued]>
[2023-05-14T18:09:04.445+0000] {taskinstance.py:1084} INFO - Dependencies all met for dep_context=requeueable deps ti=<TaskInstance: get_todays_gamesv2.postgres_to_s3_task manual__2023-05-14T18:08:47.735666+00:00 [queued]>
[2023-05-14T18:09:04.445+0000] {taskinstance.py:1282} INFO - 
--------------------------------------------------------------------------------
[2023-05-14T18:09:04.446+0000] {taskinstance.py:1283} INFO - Starting attempt 1 of 1
[2023-05-14T18:09:04.446+0000] {taskinstance.py:1284} INFO - 
--------------------------------------------------------------------------------
[2023-05-14T18:09:04.466+0000] {taskinstance.py:1303} INFO - Executing <Task(PythonOperator): postgres_to_s3_task> on 2023-05-14 18:08:47.735666+00:00
[2023-05-14T18:09:04.473+0000] {standard_task_runner.py:55} INFO - Started process 3319 to run task
[2023-05-14T18:09:04.480+0000] {standard_task_runner.py:82} INFO - Running: ['***', 'tasks', 'run', 'get_todays_gamesv2', 'postgres_to_s3_task', 'manual__2023-05-14T18:08:47.735666+00:00', '--job-id', '1476', '--raw', '--subdir', 'DAGS_FOLDER/todays_gamesv2.py', '--cfg-path', '/tmp/tmppq95treb']
[2023-05-14T18:09:04.481+0000] {standard_task_runner.py:83} INFO - Job 1476: Subtask postgres_to_s3_task
[2023-05-14T18:09:04.579+0000] {task_command.py:388} INFO - Running <TaskInstance: get_todays_gamesv2.postgres_to_s3_task manual__2023-05-14T18:08:47.735666+00:00 [running]> on host f7ab54451666
[2023-05-14T18:09:04.714+0000] {taskinstance.py:1511} INFO - Exporting the following env vars:
AIRFLOW_CTX_DAG_OWNER=***
AIRFLOW_CTX_DAG_ID=get_todays_gamesv2
AIRFLOW_CTX_TASK_ID=postgres_to_s3_task
AIRFLOW_CTX_EXECUTION_DATE=2023-05-14T18:08:47.735666+00:00
AIRFLOW_CTX_TRY_NUMBER=1
AIRFLOW_CTX_DAG_RUN_ID=manual__2023-05-14T18:08:47.735666+00:00
[2023-05-14T18:09:04.737+0000] {base.py:73} INFO - Using connection ID 'postgres_localhost' for task execution.
[2023-05-14T18:09:04.746+0000] {todays_gamesv2.py:132} INFO - Ran this on 2023-05-14. Saved postgres data in text file: games.txt
[2023-05-14T18:09:04.757+0000] {base.py:73} INFO - Using connection ID 'aws_hook' for task execution.
[2023-05-14T18:09:04.758+0000] {connection_wrapper.py:337} INFO - AWS Connection (conn_id='aws_hook', conn_type='aws') credentials retrieved from login and password.
[2023-05-14T18:09:05.826+0000] {todays_gamesv2.py:141} INFO - Test data file /tmp/tmp4an7kabg has been pushed to S3
[2023-05-14T18:09:05.828+0000] {python.py:177} INFO - Done. Returned value was: None
[2023-05-14T18:09:05.839+0000] {taskinstance.py:1326} INFO - Marking task as SUCCESS. dag_id=get_todays_gamesv2, task_id=postgres_to_s3_task, execution_date=20230514T180847, start_date=20230514T180904, end_date=20230514T180905
[2023-05-14T18:09:05.899+0000] {local_task_job.py:212} INFO - Task exited with return code 0
[2023-05-14T18:09:05.937+0000] {taskinstance.py:2585} INFO - 1 downstream tasks scheduled from follow-on schedule check
