[2023-05-19T21:33:21.576+0000] {taskinstance.py:1084} INFO - Dependencies all met for dep_context=non-requeueable deps ti=<TaskInstance: get_todays_gamesv2.call_standings_task manual__2023-05-19T21:33:12.107594+00:00 [queued]>
[2023-05-19T21:33:21.589+0000] {taskinstance.py:1084} INFO - Dependencies all met for dep_context=requeueable deps ti=<TaskInstance: get_todays_gamesv2.call_standings_task manual__2023-05-19T21:33:12.107594+00:00 [queued]>
[2023-05-19T21:33:21.589+0000] {taskinstance.py:1282} INFO - 
--------------------------------------------------------------------------------
[2023-05-19T21:33:21.589+0000] {taskinstance.py:1283} INFO - Starting attempt 1 of 1
[2023-05-19T21:33:21.590+0000] {taskinstance.py:1284} INFO - 
--------------------------------------------------------------------------------
[2023-05-19T21:33:21.625+0000] {taskinstance.py:1303} INFO - Executing <Task(PythonOperator): call_standings_task> on 2023-05-19 21:33:12.107594+00:00
[2023-05-19T21:33:21.641+0000] {standard_task_runner.py:55} INFO - Started process 247 to run task
[2023-05-19T21:33:21.652+0000] {standard_task_runner.py:82} INFO - Running: ['***', 'tasks', 'run', 'get_todays_gamesv2', 'call_standings_task', 'manual__2023-05-19T21:33:12.107594+00:00', '--job-id', '50', '--raw', '--subdir', 'DAGS_FOLDER/todays_gamesv2.py', '--cfg-path', '/tmp/tmp41z7tocu']
[2023-05-19T21:33:21.655+0000] {standard_task_runner.py:83} INFO - Job 50: Subtask call_standings_task
[2023-05-19T21:33:21.786+0000] {task_command.py:388} INFO - Running <TaskInstance: get_todays_gamesv2.call_standings_task manual__2023-05-19T21:33:12.107594+00:00 [running]> on host 2e718862c733
[2023-05-19T21:33:21.964+0000] {taskinstance.py:1511} INFO - Exporting the following env vars:
AIRFLOW_CTX_DAG_OWNER=***
AIRFLOW_CTX_DAG_ID=get_todays_gamesv2
AIRFLOW_CTX_TASK_ID=call_standings_task
AIRFLOW_CTX_EXECUTION_DATE=2023-05-19T21:33:12.107594+00:00
AIRFLOW_CTX_TRY_NUMBER=1
AIRFLOW_CTX_DAG_RUN_ID=manual__2023-05-19T21:33:12.107594+00:00
[2023-05-19T21:33:22.002+0000] {logging_mixin.py:137} INFO - {'0': {'game_id': 718120, 'game_datetime': '2023-05-19T22:40:00Z', 'game_date': '2023-05-19', 'game_type': 'R', 'status': 'Pre-Game', 'away_name': 'New York Yankees', 'home_name': 'Cincinnati Reds', 'away_id': 147, 'home_id': 113, 'doubleheader': 'N', 'game_num': 1, 'home_probable_pitcher': 'Ben Lively', 'away_probable_pitcher': 'Clarke Schmidt', 'home_pitcher_note': '', 'away_pitcher_note': '', 'away_score': 0, 'home_score': 0, 'current_inning': 1, 'inning_state': 'Top', 'venue_id': 2602, 'venue_name': 'Great American Ball Park', 'national_broadcasts': [], 'series_status': None, 'summary': '2023-05-19 - New York Yankees @ Cincinnati Reds (Pre-Game)', 'game_time': '6:40 PM'}}
[2023-05-19T21:33:22.198+0000] {python.py:177} INFO - Done. Returned value was: None
[2023-05-19T21:33:22.216+0000] {taskinstance.py:1326} INFO - Marking task as SUCCESS. dag_id=get_todays_gamesv2, task_id=call_standings_task, execution_date=20230519T213312, start_date=20230519T213321, end_date=20230519T213322
[2023-05-19T21:33:22.269+0000] {local_task_job.py:212} INFO - Task exited with return code 0
[2023-05-19T21:33:22.333+0000] {taskinstance.py:2585} INFO - 0 downstream tasks scheduled from follow-on schedule check
