[2023-04-30T19:50:07.959+0000] {taskinstance.py:1084} INFO - Dependencies all met for dep_context=non-requeueable deps ti=<TaskInstance: get_todays_gamesv4.print_end manual__2023-04-30T19:49:56.198851+00:00 [queued]>
[2023-04-30T19:50:07.971+0000] {taskinstance.py:1084} INFO - Dependencies all met for dep_context=requeueable deps ti=<TaskInstance: get_todays_gamesv4.print_end manual__2023-04-30T19:49:56.198851+00:00 [queued]>
[2023-04-30T19:50:07.971+0000] {taskinstance.py:1282} INFO - 
--------------------------------------------------------------------------------
[2023-04-30T19:50:07.972+0000] {taskinstance.py:1283} INFO - Starting attempt 1 of 1
[2023-04-30T19:50:07.972+0000] {taskinstance.py:1284} INFO - 
--------------------------------------------------------------------------------
[2023-04-30T19:50:07.989+0000] {taskinstance.py:1303} INFO - Executing <Task(BashOperator): print_end> on 2023-04-30 19:49:56.198851+00:00
[2023-04-30T19:50:07.995+0000] {standard_task_runner.py:55} INFO - Started process 484 to run task
[2023-04-30T19:50:07.999+0000] {standard_task_runner.py:82} INFO - Running: ['***', 'tasks', 'run', 'get_todays_gamesv4', 'print_end', 'manual__2023-04-30T19:49:56.198851+00:00', '--job-id', '520', '--raw', '--subdir', 'DAGS_FOLDER/todays_games.py', '--cfg-path', '/tmp/tmpbs1ipwy_']
[2023-04-30T19:50:08.000+0000] {standard_task_runner.py:83} INFO - Job 520: Subtask print_end
[2023-04-30T19:50:08.074+0000] {task_command.py:388} INFO - Running <TaskInstance: get_todays_gamesv4.print_end manual__2023-04-30T19:49:56.198851+00:00 [running]> on host f789e77bc70a
[2023-04-30T19:50:08.162+0000] {taskinstance.py:1511} INFO - Exporting the following env vars:
AIRFLOW_CTX_DAG_OWNER=***
AIRFLOW_CTX_DAG_ID=get_todays_gamesv4
AIRFLOW_CTX_TASK_ID=print_end
AIRFLOW_CTX_EXECUTION_DATE=2023-04-30T19:49:56.198851+00:00
AIRFLOW_CTX_TRY_NUMBER=1
AIRFLOW_CTX_DAG_RUN_ID=manual__2023-04-30T19:49:56.198851+00:00
[2023-04-30T19:50:08.165+0000] {subprocess.py:63} INFO - Tmp dir root location: 
 /tmp
[2023-04-30T19:50:08.165+0000] {subprocess.py:75} INFO - Running command: ['/bin/bash', '-c', 'echo end dag!']
[2023-04-30T19:50:08.206+0000] {subprocess.py:86} INFO - Output:
[2023-04-30T19:50:08.209+0000] {subprocess.py:93} INFO - end dag!
[2023-04-30T19:50:08.210+0000] {subprocess.py:97} INFO - Command exited with return code 0
[2023-04-30T19:50:08.225+0000] {taskinstance.py:1326} INFO - Marking task as SUCCESS. dag_id=get_todays_gamesv4, task_id=print_end, execution_date=20230430T194956, start_date=20230430T195007, end_date=20230430T195008
[2023-04-30T19:50:08.254+0000] {local_task_job.py:212} INFO - Task exited with return code 0
[2023-04-30T19:50:08.276+0000] {taskinstance.py:2585} INFO - 0 downstream tasks scheduled from follow-on schedule check
