[2023-03-31T03:12:23.031+0000] {taskinstance.py:1084} INFO - Dependencies all met for dep_context=non-requeueable deps ti=<TaskInstance: get_todays_gamesv4.call_games manual__2023-03-31T03:12:18.582588+00:00 [queued]>
[2023-03-31T03:12:23.042+0000] {taskinstance.py:1084} INFO - Dependencies all met for dep_context=requeueable deps ti=<TaskInstance: get_todays_gamesv4.call_games manual__2023-03-31T03:12:18.582588+00:00 [queued]>
[2023-03-31T03:12:23.042+0000] {taskinstance.py:1282} INFO - 
--------------------------------------------------------------------------------
[2023-03-31T03:12:23.042+0000] {taskinstance.py:1283} INFO - Starting attempt 1 of 1
[2023-03-31T03:12:23.043+0000] {taskinstance.py:1284} INFO - 
--------------------------------------------------------------------------------
[2023-03-31T03:12:23.108+0000] {taskinstance.py:1303} INFO - Executing <Task(PythonOperator): call_games> on 2023-03-31 03:12:18.582588+00:00
[2023-03-31T03:12:23.118+0000] {standard_task_runner.py:55} INFO - Started process 495 to run task
[2023-03-31T03:12:23.138+0000] {standard_task_runner.py:82} INFO - Running: ['***', 'tasks', 'run', 'get_todays_gamesv4', 'call_games', 'manual__2023-03-31T03:12:18.582588+00:00', '--job-id', '31', '--raw', '--subdir', 'DAGS_FOLDER/todays_games.py', '--cfg-path', '/tmp/tmp4go1jlsc']
[2023-03-31T03:12:23.145+0000] {standard_task_runner.py:83} INFO - Job 31: Subtask call_games
[2023-03-31T03:12:23.227+0000] {task_command.py:388} INFO - Running <TaskInstance: get_todays_gamesv4.call_games manual__2023-03-31T03:12:18.582588+00:00 [running]> on host c73de31c854d
[2023-03-31T03:12:23.344+0000] {taskinstance.py:1511} INFO - Exporting the following env vars:
AIRFLOW_CTX_DAG_OWNER=***
AIRFLOW_CTX_DAG_ID=get_todays_gamesv4
AIRFLOW_CTX_TASK_ID=call_games
AIRFLOW_CTX_EXECUTION_DATE=2023-03-31T03:12:18.582588+00:00
AIRFLOW_CTX_TRY_NUMBER=1
AIRFLOW_CTX_DAG_RUN_ID=manual__2023-03-31T03:12:18.582588+00:00
[2023-03-31T03:12:23.600+0000] {python.py:177} INFO - Done. Returned value was: None
[2023-03-31T03:12:23.627+0000] {taskinstance.py:1326} INFO - Marking task as SUCCESS. dag_id=get_todays_gamesv4, task_id=call_games, execution_date=20230331T031218, start_date=20230331T031223, end_date=20230331T031223
[2023-03-31T03:12:23.669+0000] {local_task_job.py:212} INFO - Task exited with return code 0
[2023-03-31T03:12:23.711+0000] {taskinstance.py:2585} INFO - 1 downstream tasks scheduled from follow-on schedule check
