[2023-05-14T18:08:56.270+0000] {taskinstance.py:1084} INFO - Dependencies all met for dep_context=non-requeueable deps ti=<TaskInstance: get_todays_gamesv2.print_game_today manual__2023-05-14T18:08:47.735666+00:00 [queued]>
[2023-05-14T18:08:56.283+0000] {taskinstance.py:1084} INFO - Dependencies all met for dep_context=requeueable deps ti=<TaskInstance: get_todays_gamesv2.print_game_today manual__2023-05-14T18:08:47.735666+00:00 [queued]>
[2023-05-14T18:08:56.283+0000] {taskinstance.py:1282} INFO - 
--------------------------------------------------------------------------------
[2023-05-14T18:08:56.283+0000] {taskinstance.py:1283} INFO - Starting attempt 1 of 1
[2023-05-14T18:08:56.284+0000] {taskinstance.py:1284} INFO - 
--------------------------------------------------------------------------------
[2023-05-14T18:08:56.300+0000] {taskinstance.py:1303} INFO - Executing <Task(BashOperator): print_game_today> on 2023-05-14 18:08:47.735666+00:00
[2023-05-14T18:08:56.307+0000] {standard_task_runner.py:55} INFO - Started process 3305 to run task
[2023-05-14T18:08:56.311+0000] {standard_task_runner.py:82} INFO - Running: ['***', 'tasks', 'run', 'get_todays_gamesv2', 'print_game_today', 'manual__2023-05-14T18:08:47.735666+00:00', '--job-id', '1470', '--raw', '--subdir', 'DAGS_FOLDER/todays_gamesv2.py', '--cfg-path', '/tmp/tmpwe0anhed']
[2023-05-14T18:08:56.312+0000] {standard_task_runner.py:83} INFO - Job 1470: Subtask print_game_today
[2023-05-14T18:08:56.386+0000] {task_command.py:388} INFO - Running <TaskInstance: get_todays_gamesv2.print_game_today manual__2023-05-14T18:08:47.735666+00:00 [running]> on host f7ab54451666
[2023-05-14T18:08:56.479+0000] {taskinstance.py:1511} INFO - Exporting the following env vars:
AIRFLOW_CTX_DAG_OWNER=***
AIRFLOW_CTX_DAG_ID=get_todays_gamesv2
AIRFLOW_CTX_TASK_ID=print_game_today
AIRFLOW_CTX_EXECUTION_DATE=2023-05-14T18:08:47.735666+00:00
AIRFLOW_CTX_TRY_NUMBER=1
AIRFLOW_CTX_DAG_RUN_ID=manual__2023-05-14T18:08:47.735666+00:00
[2023-05-14T18:08:56.482+0000] {subprocess.py:63} INFO - Tmp dir root location: 
 /tmp
[2023-05-14T18:08:56.482+0000] {subprocess.py:75} INFO - Running command: ['/bin/bash', '-c', 'echo Game today!']
[2023-05-14T18:08:56.495+0000] {subprocess.py:86} INFO - Output:
[2023-05-14T18:08:56.497+0000] {subprocess.py:93} INFO - Game today!
[2023-05-14T18:08:56.498+0000] {subprocess.py:97} INFO - Command exited with return code 0
[2023-05-14T18:08:56.512+0000] {taskinstance.py:1326} INFO - Marking task as SUCCESS. dag_id=get_todays_gamesv2, task_id=print_game_today, execution_date=20230514T180847, start_date=20230514T180856, end_date=20230514T180856
[2023-05-14T18:08:56.565+0000] {local_task_job.py:212} INFO - Task exited with return code 0
[2023-05-14T18:08:56.678+0000] {taskinstance.py:2585} INFO - 0 downstream tasks scheduled from follow-on schedule check
