[2023-05-02T00:40:35.961+0000] {taskinstance.py:1084} INFO - Dependencies all met for dep_context=non-requeueable deps ti=<TaskInstance: get_todays_games.call_games scheduled__2023-04-30T15:00:00+00:00 [queued]>
[2023-05-02T00:40:35.971+0000] {taskinstance.py:1084} INFO - Dependencies all met for dep_context=requeueable deps ti=<TaskInstance: get_todays_games.call_games scheduled__2023-04-30T15:00:00+00:00 [queued]>
[2023-05-02T00:40:35.972+0000] {taskinstance.py:1282} INFO - 
--------------------------------------------------------------------------------
[2023-05-02T00:40:35.972+0000] {taskinstance.py:1283} INFO - Starting attempt 1 of 1
[2023-05-02T00:40:35.972+0000] {taskinstance.py:1284} INFO - 
--------------------------------------------------------------------------------
[2023-05-02T00:40:35.991+0000] {taskinstance.py:1303} INFO - Executing <Task(PythonOperator): call_games> on 2023-04-30 15:00:00+00:00
[2023-05-02T00:40:35.999+0000] {standard_task_runner.py:55} INFO - Started process 32635 to run task
[2023-05-02T00:40:36.007+0000] {standard_task_runner.py:82} INFO - Running: ['***', 'tasks', 'run', 'get_todays_games', 'call_games', 'scheduled__2023-04-30T15:00:00+00:00', '--job-id', '706', '--raw', '--subdir', 'DAGS_FOLDER/todays_games.py', '--cfg-path', '/tmp/tmp0z2izssv']
[2023-05-02T00:40:36.008+0000] {standard_task_runner.py:83} INFO - Job 706: Subtask call_games
[2023-05-02T00:40:36.084+0000] {task_command.py:388} INFO - Running <TaskInstance: get_todays_games.call_games scheduled__2023-04-30T15:00:00+00:00 [running]> on host f789e77bc70a
[2023-05-02T00:40:36.183+0000] {taskinstance.py:1511} INFO - Exporting the following env vars:
AIRFLOW_CTX_DAG_OWNER=***
AIRFLOW_CTX_DAG_ID=get_todays_games
AIRFLOW_CTX_TASK_ID=call_games
AIRFLOW_CTX_EXECUTION_DATE=2023-04-30T15:00:00+00:00
AIRFLOW_CTX_TRY_NUMBER=1
AIRFLOW_CTX_DAG_RUN_ID=scheduled__2023-04-30T15:00:00+00:00
[2023-05-02T00:40:36.410+0000] {python.py:177} INFO - Done. Returned value was: None
[2023-05-02T00:40:36.422+0000] {taskinstance.py:1326} INFO - Marking task as SUCCESS. dag_id=get_todays_games, task_id=call_games, execution_date=20230430T150000, start_date=20230502T004035, end_date=20230502T004036
[2023-05-02T00:40:36.457+0000] {local_task_job.py:212} INFO - Task exited with return code 0
[2023-05-02T00:40:36.495+0000] {taskinstance.py:2585} INFO - 1 downstream tasks scheduled from follow-on schedule check
