[2023-05-09T02:35:37.271+0000] {taskinstance.py:1084} INFO - Dependencies all met for dep_context=non-requeueable deps ti=<TaskInstance: get_todays_gamesv2.exec_insert_query_task manual__2023-05-09T02:35:26.798485+00:00 [queued]>
[2023-05-09T02:35:37.293+0000] {taskinstance.py:1084} INFO - Dependencies all met for dep_context=requeueable deps ti=<TaskInstance: get_todays_gamesv2.exec_insert_query_task manual__2023-05-09T02:35:26.798485+00:00 [queued]>
[2023-05-09T02:35:37.293+0000] {taskinstance.py:1282} INFO - 
--------------------------------------------------------------------------------
[2023-05-09T02:35:37.293+0000] {taskinstance.py:1283} INFO - Starting attempt 1 of 1
[2023-05-09T02:35:37.293+0000] {taskinstance.py:1284} INFO - 
--------------------------------------------------------------------------------
[2023-05-09T02:35:37.338+0000] {taskinstance.py:1303} INFO - Executing <Task(PostgresOperator): exec_insert_query_task> on 2023-05-09 02:35:26.798485+00:00
[2023-05-09T02:35:37.344+0000] {standard_task_runner.py:55} INFO - Started process 1097 to run task
[2023-05-09T02:35:37.348+0000] {standard_task_runner.py:82} INFO - Running: ['***', 'tasks', 'run', 'get_todays_gamesv2', 'exec_insert_query_task', 'manual__2023-05-09T02:35:26.798485+00:00', '--job-id', '1219', '--raw', '--subdir', 'DAGS_FOLDER/todays_gamesv2.py', '--cfg-path', '/tmp/tmpc7dezkel']
[2023-05-09T02:35:37.353+0000] {standard_task_runner.py:83} INFO - Job 1219: Subtask exec_insert_query_task
[2023-05-09T02:35:37.497+0000] {task_command.py:388} INFO - Running <TaskInstance: get_todays_gamesv2.exec_insert_query_task manual__2023-05-09T02:35:26.798485+00:00 [running]> on host f7ab54451666
[2023-05-09T02:35:37.645+0000] {taskinstance.py:1511} INFO - Exporting the following env vars:
AIRFLOW_CTX_DAG_OWNER=***
AIRFLOW_CTX_DAG_ID=get_todays_gamesv2
AIRFLOW_CTX_TASK_ID=exec_insert_query_task
AIRFLOW_CTX_EXECUTION_DATE=2023-05-09T02:35:26.798485+00:00
AIRFLOW_CTX_TRY_NUMBER=1
AIRFLOW_CTX_DAG_RUN_ID=manual__2023-05-09T02:35:26.798485+00:00
[2023-05-09T02:35:37.646+0000] {sql.py:254} INFO - Executing: 
INSERT INTO games (away_name,home_name,away_probable_pitcher,home_probable_pitcher,venue_name,game_date,
                                                              home_wins, home_losses, home_gb, away_wins, away_losses, away_gb)
                                   VALUES ('Oakland Athletics','New York Yankees','Drew Rucinski',
                                   'Clarke Schmidt','Yankee Stadium','2023-05-09',
                                   '19','17','10.0','8','28','13.5');
[2023-05-09T02:35:37.657+0000] {base.py:73} INFO - Using connection ID 'postgres_localhost' for task execution.
[2023-05-09T02:35:38.150+0000] {base.py:73} INFO - Using connection ID 'postgres_localhost' for task execution.
[2023-05-09T02:35:38.154+0000] {sql.py:375} INFO - Running statement: 
INSERT INTO games (away_name,home_name,away_probable_pitcher,home_probable_pitcher,venue_name,game_date,
                                                              home_wins, home_losses, home_gb, away_wins, away_losses, away_gb)
                                   VALUES ('Oakland Athletics','New York Yankees','Drew Rucinski',
                                   'Clarke Schmidt','Yankee Stadium','2023-05-09',
                                   '19','17','10.0','8','28','13.5');, parameters: None
[2023-05-09T02:35:38.155+0000] {sql.py:384} INFO - Rows affected: 1
[2023-05-09T02:35:38.173+0000] {taskinstance.py:1326} INFO - Marking task as SUCCESS. dag_id=get_todays_gamesv2, task_id=exec_insert_query_task, execution_date=20230509T023526, start_date=20230509T023537, end_date=20230509T023538
[2023-05-09T02:35:38.214+0000] {local_task_job.py:212} INFO - Task exited with return code 0
[2023-05-09T02:35:38.298+0000] {taskinstance.py:2585} INFO - 2 downstream tasks scheduled from follow-on schedule check
