[2023-05-23T23:24:47.404+0000] {taskinstance.py:1084} INFO - Dependencies all met for dep_context=non-requeueable deps ti=<TaskInstance: get_todays_gamesv3.call_standings_task manual__2023-05-23T23:24:37.453865+00:00 [queued]>
[2023-05-23T23:24:47.415+0000] {taskinstance.py:1084} INFO - Dependencies all met for dep_context=requeueable deps ti=<TaskInstance: get_todays_gamesv3.call_standings_task manual__2023-05-23T23:24:37.453865+00:00 [queued]>
[2023-05-23T23:24:47.415+0000] {taskinstance.py:1282} INFO - 
--------------------------------------------------------------------------------
[2023-05-23T23:24:47.416+0000] {taskinstance.py:1283} INFO - Starting attempt 1 of 1
[2023-05-23T23:24:47.416+0000] {taskinstance.py:1284} INFO - 
--------------------------------------------------------------------------------
[2023-05-23T23:24:47.474+0000] {taskinstance.py:1303} INFO - Executing <Task(PythonOperator): call_standings_task> on 2023-05-23 23:24:37.453865+00:00
[2023-05-23T23:24:47.526+0000] {standard_task_runner.py:55} INFO - Started process 639 to run task
[2023-05-23T23:24:47.549+0000] {standard_task_runner.py:82} INFO - Running: ['***', 'tasks', 'run', 'get_todays_gamesv3', 'call_standings_task', 'manual__2023-05-23T23:24:37.453865+00:00', '--job-id', '568', '--raw', '--subdir', 'DAGS_FOLDER/todays_gamesv3.py', '--cfg-path', '/tmp/tmpthdg81xt']
[2023-05-23T23:24:47.552+0000] {standard_task_runner.py:83} INFO - Job 568: Subtask call_standings_task
[2023-05-23T23:24:47.643+0000] {task_command.py:388} INFO - Running <TaskInstance: get_todays_gamesv3.call_standings_task manual__2023-05-23T23:24:37.453865+00:00 [running]> on host b03c83f459ca
[2023-05-23T23:24:47.737+0000] {taskinstance.py:1511} INFO - Exporting the following env vars:
AIRFLOW_CTX_DAG_OWNER=***
AIRFLOW_CTX_DAG_ID=get_todays_gamesv3
AIRFLOW_CTX_TASK_ID=call_standings_task
AIRFLOW_CTX_EXECUTION_DATE=2023-05-23T23:24:37.453865+00:00
AIRFLOW_CTX_TRY_NUMBER=1
AIRFLOW_CTX_DAG_RUN_ID=manual__2023-05-23T23:24:37.453865+00:00
[2023-05-23T23:24:47.752+0000] {logging_mixin.py:137} INFO - {'0': {'game_id': 718058, 'game_datetime': '2023-05-23T23:05:00Z', 'game_date': '2023-05-23', 'game_type': 'R', 'status': 'In Progress', 'away_name': 'Baltimore Orioles', 'home_name': 'New York Yankees', 'away_id': 110, 'home_id': 147, 'doubleheader': 'N', 'game_num': 1, 'home_probable_pitcher': 'Gerrit Cole', 'away_probable_pitcher': 'Kyle Bradish', 'home_pitcher_note': '', 'away_pitcher_note': '', 'away_score': 2, 'home_score': 0, 'current_inning': 1, 'inning_state': 'Bottom', 'venue_id': 3313, 'venue_name': 'Yankee Stadium', 'national_broadcasts': [], 'series_status': None, 'summary': '2023-05-23 - Baltimore Orioles (2) @ New York Yankees (0) (Bottom of the 1st)', 'game_time': '7:05 PM'}}
[2023-05-23T23:24:47.978+0000] {python.py:177} INFO - Done. Returned value was: None
[2023-05-23T23:24:47.989+0000] {taskinstance.py:1326} INFO - Marking task as SUCCESS. dag_id=get_todays_gamesv3, task_id=call_standings_task, execution_date=20230523T232437, start_date=20230523T232447, end_date=20230523T232447
[2023-05-23T23:24:48.016+0000] {local_task_job.py:212} INFO - Task exited with return code 0
[2023-05-23T23:24:48.059+0000] {taskinstance.py:2585} INFO - 0 downstream tasks scheduled from follow-on schedule check
