[2023-03-30T02:44:33.123+0000] {taskinstance.py:1084} INFO - Dependencies all met for dep_context=non-requeueable deps ti=<TaskInstance: get_todays_gamesv4.create_postgres_table manual__2023-03-30T02:44:27.875941+00:00 [queued]>
[2023-03-30T02:44:33.133+0000] {taskinstance.py:1084} INFO - Dependencies all met for dep_context=requeueable deps ti=<TaskInstance: get_todays_gamesv4.create_postgres_table manual__2023-03-30T02:44:27.875941+00:00 [queued]>
[2023-03-30T02:44:33.134+0000] {taskinstance.py:1282} INFO - 
--------------------------------------------------------------------------------
[2023-03-30T02:44:33.134+0000] {taskinstance.py:1283} INFO - Starting attempt 1 of 1
[2023-03-30T02:44:33.134+0000] {taskinstance.py:1284} INFO - 
--------------------------------------------------------------------------------
[2023-03-30T02:44:33.153+0000] {taskinstance.py:1303} INFO - Executing <Task(PostgresOperator): create_postgres_table> on 2023-03-30 02:44:27.875941+00:00
[2023-03-30T02:44:33.168+0000] {standard_task_runner.py:55} INFO - Started process 288 to run task
[2023-03-30T02:44:33.176+0000] {standard_task_runner.py:82} INFO - Running: ['***', 'tasks', 'run', 'get_todays_gamesv4', 'create_postgres_table', 'manual__2023-03-30T02:44:27.875941+00:00', '--job-id', '44', '--raw', '--subdir', 'DAGS_FOLDER/todays_games.py', '--cfg-path', '/tmp/tmpjchx6jho']
[2023-03-30T02:44:33.176+0000] {standard_task_runner.py:83} INFO - Job 44: Subtask create_postgres_table
[2023-03-30T02:44:33.353+0000] {task_command.py:388} INFO - Running <TaskInstance: get_todays_gamesv4.create_postgres_table manual__2023-03-30T02:44:27.875941+00:00 [running]> on host 61694d142bcd
[2023-03-30T02:44:33.464+0000] {taskinstance.py:1511} INFO - Exporting the following env vars:
AIRFLOW_CTX_DAG_OWNER=***
AIRFLOW_CTX_DAG_ID=get_todays_gamesv4
AIRFLOW_CTX_TASK_ID=create_postgres_table
AIRFLOW_CTX_EXECUTION_DATE=2023-03-30T02:44:27.875941+00:00
AIRFLOW_CTX_TRY_NUMBER=1
AIRFLOW_CTX_DAG_RUN_ID=manual__2023-03-30T02:44:27.875941+00:00
[2023-03-30T02:44:33.465+0000] {sql.py:254} INFO - Executing: 
        create table if not exists test_table (
            colA varchar(2),
            colB int,
            colC decimal
        );
    
[2023-03-30T02:44:33.476+0000] {base.py:73} INFO - Using connection ID 'postgres_localhost' for task execution.
[2023-03-30T02:44:33.790+0000] {base.py:73} INFO - Using connection ID 'postgres_localhost' for task execution.
[2023-03-30T02:44:33.794+0000] {sql.py:375} INFO - Running statement: 
        create table if not exists test_table (
            colA varchar(2),
            colB int,
            colC decimal
        );
    , parameters: None
[2023-03-30T02:44:33.806+0000] {taskinstance.py:1326} INFO - Marking task as SUCCESS. dag_id=get_todays_gamesv4, task_id=create_postgres_table, execution_date=20230330T024427, start_date=20230330T024433, end_date=20230330T024433
[2023-03-30T02:44:33.834+0000] {local_task_job.py:212} INFO - Task exited with return code 0
[2023-03-30T02:44:33.872+0000] {taskinstance.py:2585} INFO - 1 downstream tasks scheduled from follow-on schedule check
