[2023-05-08T14:45:58.329+0000] {processor.py:153} INFO - Started process (PID=53) to work on /home/airflow/.local/lib/python3.7/site-packages/airflow/example_dags/example_branch_operator.py
[2023-05-08T14:45:58.330+0000] {processor.py:743} INFO - Processing file /home/airflow/.local/lib/python3.7/site-packages/airflow/example_dags/example_branch_operator.py for tasks to queue
[2023-05-08T14:45:58.330+0000] {logging_mixin.py:137} INFO - [2023-05-08T14:45:58.330+0000] {dagbag.py:532} INFO - Filling up the DagBag from /home/airflow/.local/lib/python3.7/site-packages/airflow/example_dags/example_branch_operator.py
[2023-05-08T14:45:58.376+0000] {processor.py:753} INFO - DAG(s) dict_keys(['example_branch_operator']) retrieved from /home/airflow/.local/lib/python3.7/site-packages/airflow/example_dags/example_branch_operator.py
[2023-05-08T14:45:58.482+0000] {logging_mixin.py:137} INFO - [2023-05-08T14:45:58.482+0000] {dag.py:2693} INFO - Sync 1 DAGs
[2023-05-08T14:45:58.587+0000] {logging_mixin.py:137} INFO - [2023-05-08T14:45:58.587+0000] {dag.py:3444} INFO - Setting next_dagrun for example_branch_operator to 2023-05-07T00:00:00+00:00, run_after=2023-05-08T00:00:00+00:00
[2023-05-08T14:45:58.653+0000] {processor.py:175} INFO - Processing /home/airflow/.local/lib/python3.7/site-packages/airflow/example_dags/example_branch_operator.py took 0.344 seconds
[2023-05-08T14:46:29.073+0000] {processor.py:153} INFO - Started process (PID=104) to work on /home/airflow/.local/lib/python3.7/site-packages/airflow/example_dags/example_branch_operator.py
[2023-05-08T14:46:29.074+0000] {processor.py:743} INFO - Processing file /home/airflow/.local/lib/python3.7/site-packages/airflow/example_dags/example_branch_operator.py for tasks to queue
[2023-05-08T14:46:29.075+0000] {logging_mixin.py:137} INFO - [2023-05-08T14:46:29.074+0000] {dagbag.py:532} INFO - Filling up the DagBag from /home/airflow/.local/lib/python3.7/site-packages/airflow/example_dags/example_branch_operator.py
[2023-05-08T14:46:29.094+0000] {processor.py:753} INFO - DAG(s) dict_keys(['example_branch_operator']) retrieved from /home/airflow/.local/lib/python3.7/site-packages/airflow/example_dags/example_branch_operator.py
[2023-05-08T14:46:29.131+0000] {logging_mixin.py:137} INFO - [2023-05-08T14:46:29.131+0000] {dag.py:2693} INFO - Sync 1 DAGs
[2023-05-08T14:46:29.163+0000] {logging_mixin.py:137} INFO - [2023-05-08T14:46:29.163+0000] {dag.py:3444} INFO - Setting next_dagrun for example_branch_operator to 2023-05-07T00:00:00+00:00, run_after=2023-05-08T00:00:00+00:00
[2023-05-08T14:46:29.183+0000] {processor.py:175} INFO - Processing /home/airflow/.local/lib/python3.7/site-packages/airflow/example_dags/example_branch_operator.py took 0.115 seconds
[2023-05-08T14:46:59.235+0000] {processor.py:153} INFO - Started process (PID=155) to work on /home/airflow/.local/lib/python3.7/site-packages/airflow/example_dags/example_branch_operator.py
[2023-05-08T14:46:59.236+0000] {processor.py:743} INFO - Processing file /home/airflow/.local/lib/python3.7/site-packages/airflow/example_dags/example_branch_operator.py for tasks to queue
[2023-05-08T14:46:59.237+0000] {logging_mixin.py:137} INFO - [2023-05-08T14:46:59.237+0000] {dagbag.py:532} INFO - Filling up the DagBag from /home/airflow/.local/lib/python3.7/site-packages/airflow/example_dags/example_branch_operator.py
[2023-05-08T14:46:59.258+0000] {processor.py:753} INFO - DAG(s) dict_keys(['example_branch_operator']) retrieved from /home/airflow/.local/lib/python3.7/site-packages/airflow/example_dags/example_branch_operator.py
[2023-05-08T14:46:59.294+0000] {logging_mixin.py:137} INFO - [2023-05-08T14:46:59.294+0000] {dag.py:2693} INFO - Sync 1 DAGs
[2023-05-08T14:46:59.325+0000] {logging_mixin.py:137} INFO - [2023-05-08T14:46:59.325+0000] {dag.py:3444} INFO - Setting next_dagrun for example_branch_operator to 2023-05-07T00:00:00+00:00, run_after=2023-05-08T00:00:00+00:00
[2023-05-08T14:46:59.344+0000] {processor.py:175} INFO - Processing /home/airflow/.local/lib/python3.7/site-packages/airflow/example_dags/example_branch_operator.py took 0.113 seconds
[2023-05-08T14:47:29.811+0000] {processor.py:153} INFO - Started process (PID=206) to work on /home/airflow/.local/lib/python3.7/site-packages/airflow/example_dags/example_branch_operator.py
[2023-05-08T14:47:29.812+0000] {processor.py:743} INFO - Processing file /home/airflow/.local/lib/python3.7/site-packages/airflow/example_dags/example_branch_operator.py for tasks to queue
[2023-05-08T14:47:29.814+0000] {logging_mixin.py:137} INFO - [2023-05-08T14:47:29.814+0000] {dagbag.py:532} INFO - Filling up the DagBag from /home/airflow/.local/lib/python3.7/site-packages/airflow/example_dags/example_branch_operator.py
[2023-05-08T14:47:29.833+0000] {processor.py:753} INFO - DAG(s) dict_keys(['example_branch_operator']) retrieved from /home/airflow/.local/lib/python3.7/site-packages/airflow/example_dags/example_branch_operator.py
[2023-05-08T14:47:29.866+0000] {logging_mixin.py:137} INFO - [2023-05-08T14:47:29.866+0000] {dag.py:2693} INFO - Sync 1 DAGs
[2023-05-08T14:47:29.910+0000] {logging_mixin.py:137} INFO - [2023-05-08T14:47:29.910+0000] {dag.py:3444} INFO - Setting next_dagrun for example_branch_operator to 2023-05-07T00:00:00+00:00, run_after=2023-05-08T00:00:00+00:00
[2023-05-08T14:47:29.950+0000] {processor.py:175} INFO - Processing /home/airflow/.local/lib/python3.7/site-packages/airflow/example_dags/example_branch_operator.py took 0.142 seconds
[2023-05-08T14:48:00.186+0000] {processor.py:153} INFO - Started process (PID=257) to work on /home/airflow/.local/lib/python3.7/site-packages/airflow/example_dags/example_branch_operator.py
[2023-05-08T14:48:00.187+0000] {processor.py:743} INFO - Processing file /home/airflow/.local/lib/python3.7/site-packages/airflow/example_dags/example_branch_operator.py for tasks to queue
[2023-05-08T14:48:00.188+0000] {logging_mixin.py:137} INFO - [2023-05-08T14:48:00.187+0000] {dagbag.py:532} INFO - Filling up the DagBag from /home/airflow/.local/lib/python3.7/site-packages/airflow/example_dags/example_branch_operator.py
[2023-05-08T14:48:00.208+0000] {processor.py:753} INFO - DAG(s) dict_keys(['example_branch_operator']) retrieved from /home/airflow/.local/lib/python3.7/site-packages/airflow/example_dags/example_branch_operator.py
[2023-05-08T14:48:00.246+0000] {logging_mixin.py:137} INFO - [2023-05-08T14:48:00.246+0000] {dag.py:2693} INFO - Sync 1 DAGs
[2023-05-08T14:48:00.279+0000] {logging_mixin.py:137} INFO - [2023-05-08T14:48:00.279+0000] {dag.py:3444} INFO - Setting next_dagrun for example_branch_operator to 2023-05-07T00:00:00+00:00, run_after=2023-05-08T00:00:00+00:00
[2023-05-08T14:48:00.301+0000] {processor.py:175} INFO - Processing /home/airflow/.local/lib/python3.7/site-packages/airflow/example_dags/example_branch_operator.py took 0.119 seconds
[2023-05-08T14:48:30.681+0000] {processor.py:153} INFO - Started process (PID=309) to work on /home/airflow/.local/lib/python3.7/site-packages/airflow/example_dags/example_branch_operator.py
[2023-05-08T14:48:30.682+0000] {processor.py:743} INFO - Processing file /home/airflow/.local/lib/python3.7/site-packages/airflow/example_dags/example_branch_operator.py for tasks to queue
[2023-05-08T14:48:30.683+0000] {logging_mixin.py:137} INFO - [2023-05-08T14:48:30.683+0000] {dagbag.py:532} INFO - Filling up the DagBag from /home/airflow/.local/lib/python3.7/site-packages/airflow/example_dags/example_branch_operator.py
[2023-05-08T14:48:30.703+0000] {processor.py:753} INFO - DAG(s) dict_keys(['example_branch_operator']) retrieved from /home/airflow/.local/lib/python3.7/site-packages/airflow/example_dags/example_branch_operator.py
[2023-05-08T14:48:30.735+0000] {logging_mixin.py:137} INFO - [2023-05-08T14:48:30.735+0000] {dag.py:2693} INFO - Sync 1 DAGs
[2023-05-08T14:48:30.779+0000] {logging_mixin.py:137} INFO - [2023-05-08T14:48:30.779+0000] {dag.py:3444} INFO - Setting next_dagrun for example_branch_operator to 2023-05-07T00:00:00+00:00, run_after=2023-05-08T00:00:00+00:00
[2023-05-08T14:48:30.799+0000] {processor.py:175} INFO - Processing /home/airflow/.local/lib/python3.7/site-packages/airflow/example_dags/example_branch_operator.py took 0.121 seconds
[2023-05-08T14:49:01.128+0000] {processor.py:153} INFO - Started process (PID=360) to work on /home/airflow/.local/lib/python3.7/site-packages/airflow/example_dags/example_branch_operator.py
[2023-05-08T14:49:01.129+0000] {processor.py:743} INFO - Processing file /home/airflow/.local/lib/python3.7/site-packages/airflow/example_dags/example_branch_operator.py for tasks to queue
[2023-05-08T14:49:01.130+0000] {logging_mixin.py:137} INFO - [2023-05-08T14:49:01.130+0000] {dagbag.py:532} INFO - Filling up the DagBag from /home/airflow/.local/lib/python3.7/site-packages/airflow/example_dags/example_branch_operator.py
[2023-05-08T14:49:01.151+0000] {processor.py:753} INFO - DAG(s) dict_keys(['example_branch_operator']) retrieved from /home/airflow/.local/lib/python3.7/site-packages/airflow/example_dags/example_branch_operator.py
[2023-05-08T14:49:01.184+0000] {logging_mixin.py:137} INFO - [2023-05-08T14:49:01.184+0000] {dag.py:2693} INFO - Sync 1 DAGs
[2023-05-08T14:49:01.216+0000] {logging_mixin.py:137} INFO - [2023-05-08T14:49:01.216+0000] {dag.py:3444} INFO - Setting next_dagrun for example_branch_operator to 2023-05-07T00:00:00+00:00, run_after=2023-05-08T00:00:00+00:00
[2023-05-08T14:49:01.237+0000] {processor.py:175} INFO - Processing /home/airflow/.local/lib/python3.7/site-packages/airflow/example_dags/example_branch_operator.py took 0.114 seconds
[2023-05-08T14:49:31.447+0000] {processor.py:153} INFO - Started process (PID=412) to work on /home/airflow/.local/lib/python3.7/site-packages/airflow/example_dags/example_branch_operator.py
[2023-05-08T14:49:31.448+0000] {processor.py:743} INFO - Processing file /home/airflow/.local/lib/python3.7/site-packages/airflow/example_dags/example_branch_operator.py for tasks to queue
[2023-05-08T14:49:31.449+0000] {logging_mixin.py:137} INFO - [2023-05-08T14:49:31.448+0000] {dagbag.py:532} INFO - Filling up the DagBag from /home/airflow/.local/lib/python3.7/site-packages/airflow/example_dags/example_branch_operator.py
[2023-05-08T14:49:31.469+0000] {processor.py:753} INFO - DAG(s) dict_keys(['example_branch_operator']) retrieved from /home/airflow/.local/lib/python3.7/site-packages/airflow/example_dags/example_branch_operator.py
[2023-05-08T14:49:31.502+0000] {logging_mixin.py:137} INFO - [2023-05-08T14:49:31.502+0000] {dag.py:2693} INFO - Sync 1 DAGs
[2023-05-08T14:49:31.535+0000] {logging_mixin.py:137} INFO - [2023-05-08T14:49:31.535+0000] {dag.py:3444} INFO - Setting next_dagrun for example_branch_operator to 2023-05-07T00:00:00+00:00, run_after=2023-05-08T00:00:00+00:00
[2023-05-08T14:49:31.555+0000] {processor.py:175} INFO - Processing /home/airflow/.local/lib/python3.7/site-packages/airflow/example_dags/example_branch_operator.py took 0.112 seconds
[2023-05-08T14:50:02.347+0000] {processor.py:153} INFO - Started process (PID=463) to work on /home/airflow/.local/lib/python3.7/site-packages/airflow/example_dags/example_branch_operator.py
[2023-05-08T14:50:02.348+0000] {processor.py:743} INFO - Processing file /home/airflow/.local/lib/python3.7/site-packages/airflow/example_dags/example_branch_operator.py for tasks to queue
[2023-05-08T14:50:02.349+0000] {logging_mixin.py:137} INFO - [2023-05-08T14:50:02.349+0000] {dagbag.py:532} INFO - Filling up the DagBag from /home/airflow/.local/lib/python3.7/site-packages/airflow/example_dags/example_branch_operator.py
[2023-05-08T14:50:02.370+0000] {processor.py:753} INFO - DAG(s) dict_keys(['example_branch_operator']) retrieved from /home/airflow/.local/lib/python3.7/site-packages/airflow/example_dags/example_branch_operator.py
[2023-05-08T14:50:02.402+0000] {logging_mixin.py:137} INFO - [2023-05-08T14:50:02.401+0000] {dag.py:2693} INFO - Sync 1 DAGs
[2023-05-08T14:50:02.439+0000] {logging_mixin.py:137} INFO - [2023-05-08T14:50:02.438+0000] {dag.py:3444} INFO - Setting next_dagrun for example_branch_operator to 2023-05-07T00:00:00+00:00, run_after=2023-05-08T00:00:00+00:00
[2023-05-08T14:50:02.461+0000] {processor.py:175} INFO - Processing /home/airflow/.local/lib/python3.7/site-packages/airflow/example_dags/example_branch_operator.py took 0.117 seconds
[2023-05-08T14:50:33.508+0000] {processor.py:153} INFO - Started process (PID=515) to work on /home/airflow/.local/lib/python3.7/site-packages/airflow/example_dags/example_branch_operator.py
[2023-05-08T14:50:33.509+0000] {processor.py:743} INFO - Processing file /home/airflow/.local/lib/python3.7/site-packages/airflow/example_dags/example_branch_operator.py for tasks to queue
[2023-05-08T14:50:33.514+0000] {logging_mixin.py:137} INFO - [2023-05-08T14:50:33.514+0000] {dagbag.py:532} INFO - Filling up the DagBag from /home/airflow/.local/lib/python3.7/site-packages/airflow/example_dags/example_branch_operator.py
[2023-05-08T14:50:33.551+0000] {processor.py:753} INFO - DAG(s) dict_keys(['example_branch_operator']) retrieved from /home/airflow/.local/lib/python3.7/site-packages/airflow/example_dags/example_branch_operator.py
[2023-05-08T14:50:33.583+0000] {logging_mixin.py:137} INFO - [2023-05-08T14:50:33.583+0000] {dag.py:2693} INFO - Sync 1 DAGs
[2023-05-08T14:50:33.616+0000] {logging_mixin.py:137} INFO - [2023-05-08T14:50:33.616+0000] {dag.py:3444} INFO - Setting next_dagrun for example_branch_operator to 2023-05-07T00:00:00+00:00, run_after=2023-05-08T00:00:00+00:00
[2023-05-08T14:50:33.645+0000] {processor.py:175} INFO - Processing /home/airflow/.local/lib/python3.7/site-packages/airflow/example_dags/example_branch_operator.py took 0.141 seconds
[2023-05-08T14:51:04.371+0000] {processor.py:153} INFO - Started process (PID=565) to work on /home/airflow/.local/lib/python3.7/site-packages/airflow/example_dags/example_branch_operator.py
[2023-05-08T14:51:04.375+0000] {processor.py:743} INFO - Processing file /home/airflow/.local/lib/python3.7/site-packages/airflow/example_dags/example_branch_operator.py for tasks to queue
[2023-05-08T14:51:04.376+0000] {logging_mixin.py:137} INFO - [2023-05-08T14:51:04.375+0000] {dagbag.py:532} INFO - Filling up the DagBag from /home/airflow/.local/lib/python3.7/site-packages/airflow/example_dags/example_branch_operator.py
[2023-05-08T14:51:04.422+0000] {processor.py:753} INFO - DAG(s) dict_keys(['example_branch_operator']) retrieved from /home/airflow/.local/lib/python3.7/site-packages/airflow/example_dags/example_branch_operator.py
[2023-05-08T14:51:04.521+0000] {logging_mixin.py:137} INFO - [2023-05-08T14:51:04.520+0000] {dag.py:2693} INFO - Sync 1 DAGs
[2023-05-08T14:51:04.590+0000] {logging_mixin.py:137} INFO - [2023-05-08T14:51:04.590+0000] {dag.py:3444} INFO - Setting next_dagrun for example_branch_operator to 2023-05-07T00:00:00+00:00, run_after=2023-05-08T00:00:00+00:00
[2023-05-08T14:51:04.649+0000] {processor.py:175} INFO - Processing /home/airflow/.local/lib/python3.7/site-packages/airflow/example_dags/example_branch_operator.py took 0.289 seconds
[2023-05-08T14:51:35.567+0000] {processor.py:153} INFO - Started process (PID=615) to work on /home/airflow/.local/lib/python3.7/site-packages/airflow/example_dags/example_branch_operator.py
[2023-05-08T14:51:35.577+0000] {processor.py:743} INFO - Processing file /home/airflow/.local/lib/python3.7/site-packages/airflow/example_dags/example_branch_operator.py for tasks to queue
[2023-05-08T14:51:35.578+0000] {logging_mixin.py:137} INFO - [2023-05-08T14:51:35.578+0000] {dagbag.py:532} INFO - Filling up the DagBag from /home/airflow/.local/lib/python3.7/site-packages/airflow/example_dags/example_branch_operator.py
[2023-05-08T14:51:35.644+0000] {processor.py:753} INFO - DAG(s) dict_keys(['example_branch_operator']) retrieved from /home/airflow/.local/lib/python3.7/site-packages/airflow/example_dags/example_branch_operator.py
[2023-05-08T14:51:35.716+0000] {logging_mixin.py:137} INFO - [2023-05-08T14:51:35.716+0000] {dag.py:2693} INFO - Sync 1 DAGs
[2023-05-08T14:51:35.751+0000] {logging_mixin.py:137} INFO - [2023-05-08T14:51:35.751+0000] {dag.py:3444} INFO - Setting next_dagrun for example_branch_operator to 2023-05-07T00:00:00+00:00, run_after=2023-05-08T00:00:00+00:00
[2023-05-08T14:51:35.786+0000] {processor.py:175} INFO - Processing /home/airflow/.local/lib/python3.7/site-packages/airflow/example_dags/example_branch_operator.py took 0.223 seconds
[2023-05-08T14:52:06.300+0000] {processor.py:153} INFO - Started process (PID=674) to work on /home/airflow/.local/lib/python3.7/site-packages/airflow/example_dags/example_branch_operator.py
[2023-05-08T14:52:06.300+0000] {processor.py:743} INFO - Processing file /home/airflow/.local/lib/python3.7/site-packages/airflow/example_dags/example_branch_operator.py for tasks to queue
[2023-05-08T14:52:06.301+0000] {logging_mixin.py:137} INFO - [2023-05-08T14:52:06.301+0000] {dagbag.py:532} INFO - Filling up the DagBag from /home/airflow/.local/lib/python3.7/site-packages/airflow/example_dags/example_branch_operator.py
[2023-05-08T14:52:06.321+0000] {processor.py:753} INFO - DAG(s) dict_keys(['example_branch_operator']) retrieved from /home/airflow/.local/lib/python3.7/site-packages/airflow/example_dags/example_branch_operator.py
[2023-05-08T14:52:06.355+0000] {logging_mixin.py:137} INFO - [2023-05-08T14:52:06.355+0000] {dag.py:2693} INFO - Sync 1 DAGs
[2023-05-08T14:52:06.387+0000] {logging_mixin.py:137} INFO - [2023-05-08T14:52:06.387+0000] {dag.py:3444} INFO - Setting next_dagrun for example_branch_operator to 2023-05-07T00:00:00+00:00, run_after=2023-05-08T00:00:00+00:00
[2023-05-08T14:52:06.408+0000] {processor.py:175} INFO - Processing /home/airflow/.local/lib/python3.7/site-packages/airflow/example_dags/example_branch_operator.py took 0.112 seconds
[2023-05-08T14:52:36.981+0000] {processor.py:153} INFO - Started process (PID=726) to work on /home/airflow/.local/lib/python3.7/site-packages/airflow/example_dags/example_branch_operator.py
[2023-05-08T14:52:36.982+0000] {processor.py:743} INFO - Processing file /home/airflow/.local/lib/python3.7/site-packages/airflow/example_dags/example_branch_operator.py for tasks to queue
[2023-05-08T14:52:36.983+0000] {logging_mixin.py:137} INFO - [2023-05-08T14:52:36.983+0000] {dagbag.py:532} INFO - Filling up the DagBag from /home/airflow/.local/lib/python3.7/site-packages/airflow/example_dags/example_branch_operator.py
[2023-05-08T14:52:37.003+0000] {processor.py:753} INFO - DAG(s) dict_keys(['example_branch_operator']) retrieved from /home/airflow/.local/lib/python3.7/site-packages/airflow/example_dags/example_branch_operator.py
[2023-05-08T14:52:37.035+0000] {logging_mixin.py:137} INFO - [2023-05-08T14:52:37.035+0000] {dag.py:2693} INFO - Sync 1 DAGs
[2023-05-08T14:52:37.066+0000] {logging_mixin.py:137} INFO - [2023-05-08T14:52:37.066+0000] {dag.py:3444} INFO - Setting next_dagrun for example_branch_operator to 2023-05-07T00:00:00+00:00, run_after=2023-05-08T00:00:00+00:00
[2023-05-08T14:52:37.087+0000] {processor.py:175} INFO - Processing /home/airflow/.local/lib/python3.7/site-packages/airflow/example_dags/example_branch_operator.py took 0.109 seconds
[2023-05-08T14:53:07.529+0000] {processor.py:153} INFO - Started process (PID=777) to work on /home/airflow/.local/lib/python3.7/site-packages/airflow/example_dags/example_branch_operator.py
[2023-05-08T14:53:07.530+0000] {processor.py:743} INFO - Processing file /home/airflow/.local/lib/python3.7/site-packages/airflow/example_dags/example_branch_operator.py for tasks to queue
[2023-05-08T14:53:07.531+0000] {logging_mixin.py:137} INFO - [2023-05-08T14:53:07.531+0000] {dagbag.py:532} INFO - Filling up the DagBag from /home/airflow/.local/lib/python3.7/site-packages/airflow/example_dags/example_branch_operator.py
[2023-05-08T14:53:07.551+0000] {processor.py:753} INFO - DAG(s) dict_keys(['example_branch_operator']) retrieved from /home/airflow/.local/lib/python3.7/site-packages/airflow/example_dags/example_branch_operator.py
[2023-05-08T14:53:07.582+0000] {logging_mixin.py:137} INFO - [2023-05-08T14:53:07.582+0000] {dag.py:2693} INFO - Sync 1 DAGs
[2023-05-08T14:53:07.614+0000] {logging_mixin.py:137} INFO - [2023-05-08T14:53:07.614+0000] {dag.py:3444} INFO - Setting next_dagrun for example_branch_operator to 2023-05-07T00:00:00+00:00, run_after=2023-05-08T00:00:00+00:00
[2023-05-08T14:53:07.636+0000] {processor.py:175} INFO - Processing /home/airflow/.local/lib/python3.7/site-packages/airflow/example_dags/example_branch_operator.py took 0.111 seconds
[2023-05-08T14:53:38.219+0000] {processor.py:153} INFO - Started process (PID=828) to work on /home/airflow/.local/lib/python3.7/site-packages/airflow/example_dags/example_branch_operator.py
[2023-05-08T14:53:38.220+0000] {processor.py:743} INFO - Processing file /home/airflow/.local/lib/python3.7/site-packages/airflow/example_dags/example_branch_operator.py for tasks to queue
[2023-05-08T14:53:38.220+0000] {logging_mixin.py:137} INFO - [2023-05-08T14:53:38.220+0000] {dagbag.py:532} INFO - Filling up the DagBag from /home/airflow/.local/lib/python3.7/site-packages/airflow/example_dags/example_branch_operator.py
[2023-05-08T14:53:38.241+0000] {processor.py:753} INFO - DAG(s) dict_keys(['example_branch_operator']) retrieved from /home/airflow/.local/lib/python3.7/site-packages/airflow/example_dags/example_branch_operator.py
[2023-05-08T14:53:38.274+0000] {logging_mixin.py:137} INFO - [2023-05-08T14:53:38.274+0000] {dag.py:2693} INFO - Sync 1 DAGs
[2023-05-08T14:53:38.317+0000] {logging_mixin.py:137} INFO - [2023-05-08T14:53:38.317+0000] {dag.py:3444} INFO - Setting next_dagrun for example_branch_operator to 2023-05-07T00:00:00+00:00, run_after=2023-05-08T00:00:00+00:00
[2023-05-08T14:53:38.351+0000] {processor.py:175} INFO - Processing /home/airflow/.local/lib/python3.7/site-packages/airflow/example_dags/example_branch_operator.py took 0.135 seconds
[2023-05-08T14:54:08.511+0000] {processor.py:153} INFO - Started process (PID=879) to work on /home/airflow/.local/lib/python3.7/site-packages/airflow/example_dags/example_branch_operator.py
[2023-05-08T14:54:08.512+0000] {processor.py:743} INFO - Processing file /home/airflow/.local/lib/python3.7/site-packages/airflow/example_dags/example_branch_operator.py for tasks to queue
[2023-05-08T14:54:08.513+0000] {logging_mixin.py:137} INFO - [2023-05-08T14:54:08.513+0000] {dagbag.py:532} INFO - Filling up the DagBag from /home/airflow/.local/lib/python3.7/site-packages/airflow/example_dags/example_branch_operator.py
[2023-05-08T14:54:08.543+0000] {processor.py:753} INFO - DAG(s) dict_keys(['example_branch_operator']) retrieved from /home/airflow/.local/lib/python3.7/site-packages/airflow/example_dags/example_branch_operator.py
[2023-05-08T14:54:08.591+0000] {logging_mixin.py:137} INFO - [2023-05-08T14:54:08.591+0000] {dag.py:2693} INFO - Sync 1 DAGs
[2023-05-08T14:54:08.629+0000] {logging_mixin.py:137} INFO - [2023-05-08T14:54:08.629+0000] {dag.py:3444} INFO - Setting next_dagrun for example_branch_operator to 2023-05-07T00:00:00+00:00, run_after=2023-05-08T00:00:00+00:00
[2023-05-08T14:54:08.650+0000] {processor.py:175} INFO - Processing /home/airflow/.local/lib/python3.7/site-packages/airflow/example_dags/example_branch_operator.py took 0.143 seconds
[2023-05-08T14:54:38.959+0000] {processor.py:153} INFO - Started process (PID=930) to work on /home/airflow/.local/lib/python3.7/site-packages/airflow/example_dags/example_branch_operator.py
[2023-05-08T14:54:38.959+0000] {processor.py:743} INFO - Processing file /home/airflow/.local/lib/python3.7/site-packages/airflow/example_dags/example_branch_operator.py for tasks to queue
[2023-05-08T14:54:38.960+0000] {logging_mixin.py:137} INFO - [2023-05-08T14:54:38.960+0000] {dagbag.py:532} INFO - Filling up the DagBag from /home/airflow/.local/lib/python3.7/site-packages/airflow/example_dags/example_branch_operator.py
[2023-05-08T14:54:38.980+0000] {processor.py:753} INFO - DAG(s) dict_keys(['example_branch_operator']) retrieved from /home/airflow/.local/lib/python3.7/site-packages/airflow/example_dags/example_branch_operator.py
[2023-05-08T14:54:39.030+0000] {logging_mixin.py:137} INFO - [2023-05-08T14:54:39.029+0000] {dag.py:2693} INFO - Sync 1 DAGs
[2023-05-08T14:54:39.079+0000] {logging_mixin.py:137} INFO - [2023-05-08T14:54:39.079+0000] {dag.py:3444} INFO - Setting next_dagrun for example_branch_operator to 2023-05-07T00:00:00+00:00, run_after=2023-05-08T00:00:00+00:00
[2023-05-08T14:54:39.102+0000] {processor.py:175} INFO - Processing /home/airflow/.local/lib/python3.7/site-packages/airflow/example_dags/example_branch_operator.py took 0.147 seconds
[2023-05-08T14:55:09.230+0000] {processor.py:153} INFO - Started process (PID=982) to work on /home/airflow/.local/lib/python3.7/site-packages/airflow/example_dags/example_branch_operator.py
[2023-05-08T14:55:09.232+0000] {processor.py:743} INFO - Processing file /home/airflow/.local/lib/python3.7/site-packages/airflow/example_dags/example_branch_operator.py for tasks to queue
[2023-05-08T14:55:09.232+0000] {logging_mixin.py:137} INFO - [2023-05-08T14:55:09.232+0000] {dagbag.py:532} INFO - Filling up the DagBag from /home/airflow/.local/lib/python3.7/site-packages/airflow/example_dags/example_branch_operator.py
[2023-05-08T14:55:09.252+0000] {processor.py:753} INFO - DAG(s) dict_keys(['example_branch_operator']) retrieved from /home/airflow/.local/lib/python3.7/site-packages/airflow/example_dags/example_branch_operator.py
[2023-05-08T14:55:09.285+0000] {logging_mixin.py:137} INFO - [2023-05-08T14:55:09.284+0000] {dag.py:2693} INFO - Sync 1 DAGs
[2023-05-08T14:55:09.317+0000] {logging_mixin.py:137} INFO - [2023-05-08T14:55:09.317+0000] {dag.py:3444} INFO - Setting next_dagrun for example_branch_operator to 2023-05-07T00:00:00+00:00, run_after=2023-05-08T00:00:00+00:00
[2023-05-08T14:55:09.356+0000] {processor.py:175} INFO - Processing /home/airflow/.local/lib/python3.7/site-packages/airflow/example_dags/example_branch_operator.py took 0.130 seconds
[2023-05-08T14:55:39.695+0000] {processor.py:153} INFO - Started process (PID=1033) to work on /home/airflow/.local/lib/python3.7/site-packages/airflow/example_dags/example_branch_operator.py
[2023-05-08T14:55:39.696+0000] {processor.py:743} INFO - Processing file /home/airflow/.local/lib/python3.7/site-packages/airflow/example_dags/example_branch_operator.py for tasks to queue
[2023-05-08T14:55:39.697+0000] {logging_mixin.py:137} INFO - [2023-05-08T14:55:39.696+0000] {dagbag.py:532} INFO - Filling up the DagBag from /home/airflow/.local/lib/python3.7/site-packages/airflow/example_dags/example_branch_operator.py
[2023-05-08T14:55:39.717+0000] {processor.py:753} INFO - DAG(s) dict_keys(['example_branch_operator']) retrieved from /home/airflow/.local/lib/python3.7/site-packages/airflow/example_dags/example_branch_operator.py
[2023-05-08T14:55:39.749+0000] {logging_mixin.py:137} INFO - [2023-05-08T14:55:39.749+0000] {dag.py:2693} INFO - Sync 1 DAGs
[2023-05-08T14:55:39.781+0000] {logging_mixin.py:137} INFO - [2023-05-08T14:55:39.780+0000] {dag.py:3444} INFO - Setting next_dagrun for example_branch_operator to 2023-05-07T00:00:00+00:00, run_after=2023-05-08T00:00:00+00:00
[2023-05-08T14:55:39.802+0000] {processor.py:175} INFO - Processing /home/airflow/.local/lib/python3.7/site-packages/airflow/example_dags/example_branch_operator.py took 0.110 seconds
[2023-05-08T14:56:10.132+0000] {processor.py:153} INFO - Started process (PID=1084) to work on /home/airflow/.local/lib/python3.7/site-packages/airflow/example_dags/example_branch_operator.py
[2023-05-08T14:56:10.133+0000] {processor.py:743} INFO - Processing file /home/airflow/.local/lib/python3.7/site-packages/airflow/example_dags/example_branch_operator.py for tasks to queue
[2023-05-08T14:56:10.134+0000] {logging_mixin.py:137} INFO - [2023-05-08T14:56:10.134+0000] {dagbag.py:532} INFO - Filling up the DagBag from /home/airflow/.local/lib/python3.7/site-packages/airflow/example_dags/example_branch_operator.py
[2023-05-08T14:56:10.155+0000] {processor.py:753} INFO - DAG(s) dict_keys(['example_branch_operator']) retrieved from /home/airflow/.local/lib/python3.7/site-packages/airflow/example_dags/example_branch_operator.py
[2023-05-08T14:56:10.186+0000] {logging_mixin.py:137} INFO - [2023-05-08T14:56:10.186+0000] {dag.py:2693} INFO - Sync 1 DAGs
[2023-05-08T14:56:10.218+0000] {logging_mixin.py:137} INFO - [2023-05-08T14:56:10.218+0000] {dag.py:3444} INFO - Setting next_dagrun for example_branch_operator to 2023-05-07T00:00:00+00:00, run_after=2023-05-08T00:00:00+00:00
[2023-05-08T14:56:10.243+0000] {processor.py:175} INFO - Processing /home/airflow/.local/lib/python3.7/site-packages/airflow/example_dags/example_branch_operator.py took 0.114 seconds
[2023-05-08T14:56:40.329+0000] {processor.py:153} INFO - Started process (PID=1135) to work on /home/airflow/.local/lib/python3.7/site-packages/airflow/example_dags/example_branch_operator.py
[2023-05-08T14:56:40.329+0000] {processor.py:743} INFO - Processing file /home/airflow/.local/lib/python3.7/site-packages/airflow/example_dags/example_branch_operator.py for tasks to queue
[2023-05-08T14:56:40.330+0000] {logging_mixin.py:137} INFO - [2023-05-08T14:56:40.330+0000] {dagbag.py:532} INFO - Filling up the DagBag from /home/airflow/.local/lib/python3.7/site-packages/airflow/example_dags/example_branch_operator.py
[2023-05-08T14:56:40.350+0000] {processor.py:753} INFO - DAG(s) dict_keys(['example_branch_operator']) retrieved from /home/airflow/.local/lib/python3.7/site-packages/airflow/example_dags/example_branch_operator.py
[2023-05-08T14:56:40.381+0000] {logging_mixin.py:137} INFO - [2023-05-08T14:56:40.381+0000] {dag.py:2693} INFO - Sync 1 DAGs
[2023-05-08T14:56:40.414+0000] {logging_mixin.py:137} INFO - [2023-05-08T14:56:40.414+0000] {dag.py:3444} INFO - Setting next_dagrun for example_branch_operator to 2023-05-07T00:00:00+00:00, run_after=2023-05-08T00:00:00+00:00
[2023-05-08T14:56:40.437+0000] {processor.py:175} INFO - Processing /home/airflow/.local/lib/python3.7/site-packages/airflow/example_dags/example_branch_operator.py took 0.113 seconds
[2023-05-08T14:57:11.532+0000] {processor.py:153} INFO - Started process (PID=1186) to work on /home/airflow/.local/lib/python3.7/site-packages/airflow/example_dags/example_branch_operator.py
[2023-05-08T14:57:11.541+0000] {processor.py:743} INFO - Processing file /home/airflow/.local/lib/python3.7/site-packages/airflow/example_dags/example_branch_operator.py for tasks to queue
[2023-05-08T14:57:11.542+0000] {logging_mixin.py:137} INFO - [2023-05-08T14:57:11.541+0000] {dagbag.py:532} INFO - Filling up the DagBag from /home/airflow/.local/lib/python3.7/site-packages/airflow/example_dags/example_branch_operator.py
[2023-05-08T14:57:11.581+0000] {processor.py:753} INFO - DAG(s) dict_keys(['example_branch_operator']) retrieved from /home/airflow/.local/lib/python3.7/site-packages/airflow/example_dags/example_branch_operator.py
[2023-05-08T14:57:11.647+0000] {logging_mixin.py:137} INFO - [2023-05-08T14:57:11.647+0000] {dag.py:2693} INFO - Sync 1 DAGs
[2023-05-08T14:57:11.699+0000] {logging_mixin.py:137} INFO - [2023-05-08T14:57:11.698+0000] {dag.py:3444} INFO - Setting next_dagrun for example_branch_operator to 2023-05-07T00:00:00+00:00, run_after=2023-05-08T00:00:00+00:00
[2023-05-08T14:57:11.739+0000] {processor.py:175} INFO - Processing /home/airflow/.local/lib/python3.7/site-packages/airflow/example_dags/example_branch_operator.py took 0.210 seconds
[2023-05-08T14:57:42.299+0000] {processor.py:153} INFO - Started process (PID=1236) to work on /home/airflow/.local/lib/python3.7/site-packages/airflow/example_dags/example_branch_operator.py
[2023-05-08T14:57:42.300+0000] {processor.py:743} INFO - Processing file /home/airflow/.local/lib/python3.7/site-packages/airflow/example_dags/example_branch_operator.py for tasks to queue
[2023-05-08T14:57:42.301+0000] {logging_mixin.py:137} INFO - [2023-05-08T14:57:42.300+0000] {dagbag.py:532} INFO - Filling up the DagBag from /home/airflow/.local/lib/python3.7/site-packages/airflow/example_dags/example_branch_operator.py
[2023-05-08T14:57:42.322+0000] {processor.py:753} INFO - DAG(s) dict_keys(['example_branch_operator']) retrieved from /home/airflow/.local/lib/python3.7/site-packages/airflow/example_dags/example_branch_operator.py
[2023-05-08T14:57:42.355+0000] {logging_mixin.py:137} INFO - [2023-05-08T14:57:42.355+0000] {dag.py:2693} INFO - Sync 1 DAGs
[2023-05-08T14:57:42.388+0000] {logging_mixin.py:137} INFO - [2023-05-08T14:57:42.388+0000] {dag.py:3444} INFO - Setting next_dagrun for example_branch_operator to 2023-05-07T00:00:00+00:00, run_after=2023-05-08T00:00:00+00:00
[2023-05-08T14:57:42.408+0000] {processor.py:175} INFO - Processing /home/airflow/.local/lib/python3.7/site-packages/airflow/example_dags/example_branch_operator.py took 0.113 seconds
[2023-05-08T14:58:13.330+0000] {processor.py:153} INFO - Started process (PID=1287) to work on /home/airflow/.local/lib/python3.7/site-packages/airflow/example_dags/example_branch_operator.py
[2023-05-08T14:58:13.331+0000] {processor.py:743} INFO - Processing file /home/airflow/.local/lib/python3.7/site-packages/airflow/example_dags/example_branch_operator.py for tasks to queue
[2023-05-08T14:58:13.331+0000] {logging_mixin.py:137} INFO - [2023-05-08T14:58:13.331+0000] {dagbag.py:532} INFO - Filling up the DagBag from /home/airflow/.local/lib/python3.7/site-packages/airflow/example_dags/example_branch_operator.py
[2023-05-08T14:58:13.352+0000] {processor.py:753} INFO - DAG(s) dict_keys(['example_branch_operator']) retrieved from /home/airflow/.local/lib/python3.7/site-packages/airflow/example_dags/example_branch_operator.py
[2023-05-08T14:58:13.389+0000] {logging_mixin.py:137} INFO - [2023-05-08T14:58:13.389+0000] {dag.py:2693} INFO - Sync 1 DAGs
[2023-05-08T14:58:13.425+0000] {logging_mixin.py:137} INFO - [2023-05-08T14:58:13.425+0000] {dag.py:3444} INFO - Setting next_dagrun for example_branch_operator to 2023-05-07T00:00:00+00:00, run_after=2023-05-08T00:00:00+00:00
[2023-05-08T14:58:13.450+0000] {processor.py:175} INFO - Processing /home/airflow/.local/lib/python3.7/site-packages/airflow/example_dags/example_branch_operator.py took 0.124 seconds
[2023-05-08T14:58:43.921+0000] {processor.py:153} INFO - Started process (PID=1339) to work on /home/airflow/.local/lib/python3.7/site-packages/airflow/example_dags/example_branch_operator.py
[2023-05-08T14:58:43.922+0000] {processor.py:743} INFO - Processing file /home/airflow/.local/lib/python3.7/site-packages/airflow/example_dags/example_branch_operator.py for tasks to queue
[2023-05-08T14:58:43.922+0000] {logging_mixin.py:137} INFO - [2023-05-08T14:58:43.922+0000] {dagbag.py:532} INFO - Filling up the DagBag from /home/airflow/.local/lib/python3.7/site-packages/airflow/example_dags/example_branch_operator.py
[2023-05-08T14:58:43.977+0000] {processor.py:753} INFO - DAG(s) dict_keys(['example_branch_operator']) retrieved from /home/airflow/.local/lib/python3.7/site-packages/airflow/example_dags/example_branch_operator.py
[2023-05-08T14:58:44.033+0000] {logging_mixin.py:137} INFO - [2023-05-08T14:58:44.033+0000] {dag.py:2693} INFO - Sync 1 DAGs
[2023-05-08T14:58:44.103+0000] {logging_mixin.py:137} INFO - [2023-05-08T14:58:44.103+0000] {dag.py:3444} INFO - Setting next_dagrun for example_branch_operator to 2023-05-07T00:00:00+00:00, run_after=2023-05-08T00:00:00+00:00
[2023-05-08T14:58:44.142+0000] {processor.py:175} INFO - Processing /home/airflow/.local/lib/python3.7/site-packages/airflow/example_dags/example_branch_operator.py took 0.229 seconds
[2023-05-08T14:59:14.327+0000] {processor.py:153} INFO - Started process (PID=1390) to work on /home/airflow/.local/lib/python3.7/site-packages/airflow/example_dags/example_branch_operator.py
[2023-05-08T14:59:14.329+0000] {processor.py:743} INFO - Processing file /home/airflow/.local/lib/python3.7/site-packages/airflow/example_dags/example_branch_operator.py for tasks to queue
[2023-05-08T14:59:14.329+0000] {logging_mixin.py:137} INFO - [2023-05-08T14:59:14.329+0000] {dagbag.py:532} INFO - Filling up the DagBag from /home/airflow/.local/lib/python3.7/site-packages/airflow/example_dags/example_branch_operator.py
[2023-05-08T14:59:14.356+0000] {processor.py:753} INFO - DAG(s) dict_keys(['example_branch_operator']) retrieved from /home/airflow/.local/lib/python3.7/site-packages/airflow/example_dags/example_branch_operator.py
[2023-05-08T14:59:14.391+0000] {logging_mixin.py:137} INFO - [2023-05-08T14:59:14.391+0000] {dag.py:2693} INFO - Sync 1 DAGs
[2023-05-08T14:59:14.423+0000] {logging_mixin.py:137} INFO - [2023-05-08T14:59:14.423+0000] {dag.py:3444} INFO - Setting next_dagrun for example_branch_operator to 2023-05-07T00:00:00+00:00, run_after=2023-05-08T00:00:00+00:00
[2023-05-08T14:59:14.443+0000] {processor.py:175} INFO - Processing /home/airflow/.local/lib/python3.7/site-packages/airflow/example_dags/example_branch_operator.py took 0.120 seconds
[2023-05-08T14:59:45.527+0000] {processor.py:153} INFO - Started process (PID=1441) to work on /home/airflow/.local/lib/python3.7/site-packages/airflow/example_dags/example_branch_operator.py
[2023-05-08T14:59:45.528+0000] {processor.py:743} INFO - Processing file /home/airflow/.local/lib/python3.7/site-packages/airflow/example_dags/example_branch_operator.py for tasks to queue
[2023-05-08T14:59:45.529+0000] {logging_mixin.py:137} INFO - [2023-05-08T14:59:45.529+0000] {dagbag.py:532} INFO - Filling up the DagBag from /home/airflow/.local/lib/python3.7/site-packages/airflow/example_dags/example_branch_operator.py
[2023-05-08T14:59:45.549+0000] {processor.py:753} INFO - DAG(s) dict_keys(['example_branch_operator']) retrieved from /home/airflow/.local/lib/python3.7/site-packages/airflow/example_dags/example_branch_operator.py
[2023-05-08T14:59:45.582+0000] {logging_mixin.py:137} INFO - [2023-05-08T14:59:45.582+0000] {dag.py:2693} INFO - Sync 1 DAGs
[2023-05-08T14:59:45.615+0000] {logging_mixin.py:137} INFO - [2023-05-08T14:59:45.615+0000] {dag.py:3444} INFO - Setting next_dagrun for example_branch_operator to 2023-05-07T00:00:00+00:00, run_after=2023-05-08T00:00:00+00:00
[2023-05-08T14:59:45.636+0000] {processor.py:175} INFO - Processing /home/airflow/.local/lib/python3.7/site-packages/airflow/example_dags/example_branch_operator.py took 0.112 seconds
[2023-05-08T15:00:16.668+0000] {processor.py:153} INFO - Started process (PID=1492) to work on /home/airflow/.local/lib/python3.7/site-packages/airflow/example_dags/example_branch_operator.py
[2023-05-08T15:00:16.668+0000] {processor.py:743} INFO - Processing file /home/airflow/.local/lib/python3.7/site-packages/airflow/example_dags/example_branch_operator.py for tasks to queue
[2023-05-08T15:00:16.669+0000] {logging_mixin.py:137} INFO - [2023-05-08T15:00:16.669+0000] {dagbag.py:532} INFO - Filling up the DagBag from /home/airflow/.local/lib/python3.7/site-packages/airflow/example_dags/example_branch_operator.py
[2023-05-08T15:00:16.689+0000] {processor.py:753} INFO - DAG(s) dict_keys(['example_branch_operator']) retrieved from /home/airflow/.local/lib/python3.7/site-packages/airflow/example_dags/example_branch_operator.py
[2023-05-08T15:00:16.722+0000] {logging_mixin.py:137} INFO - [2023-05-08T15:00:16.722+0000] {dag.py:2693} INFO - Sync 1 DAGs
[2023-05-08T15:00:16.766+0000] {logging_mixin.py:137} INFO - [2023-05-08T15:00:16.766+0000] {dag.py:3444} INFO - Setting next_dagrun for example_branch_operator to 2023-05-07T00:00:00+00:00, run_after=2023-05-08T00:00:00+00:00
[2023-05-08T15:00:16.786+0000] {processor.py:175} INFO - Processing /home/airflow/.local/lib/python3.7/site-packages/airflow/example_dags/example_branch_operator.py took 0.122 seconds
[2023-05-08T15:00:47.223+0000] {processor.py:153} INFO - Started process (PID=1543) to work on /home/airflow/.local/lib/python3.7/site-packages/airflow/example_dags/example_branch_operator.py
[2023-05-08T15:00:47.224+0000] {processor.py:743} INFO - Processing file /home/airflow/.local/lib/python3.7/site-packages/airflow/example_dags/example_branch_operator.py for tasks to queue
[2023-05-08T15:00:47.225+0000] {logging_mixin.py:137} INFO - [2023-05-08T15:00:47.225+0000] {dagbag.py:532} INFO - Filling up the DagBag from /home/airflow/.local/lib/python3.7/site-packages/airflow/example_dags/example_branch_operator.py
[2023-05-08T15:00:47.245+0000] {processor.py:753} INFO - DAG(s) dict_keys(['example_branch_operator']) retrieved from /home/airflow/.local/lib/python3.7/site-packages/airflow/example_dags/example_branch_operator.py
[2023-05-08T15:00:47.278+0000] {logging_mixin.py:137} INFO - [2023-05-08T15:00:47.277+0000] {dag.py:2693} INFO - Sync 1 DAGs
[2023-05-08T15:00:47.310+0000] {logging_mixin.py:137} INFO - [2023-05-08T15:00:47.310+0000] {dag.py:3444} INFO - Setting next_dagrun for example_branch_operator to 2023-05-07T00:00:00+00:00, run_after=2023-05-08T00:00:00+00:00
[2023-05-08T15:00:47.331+0000] {processor.py:175} INFO - Processing /home/airflow/.local/lib/python3.7/site-packages/airflow/example_dags/example_branch_operator.py took 0.111 seconds
[2023-05-08T15:01:17.730+0000] {processor.py:153} INFO - Started process (PID=1594) to work on /home/airflow/.local/lib/python3.7/site-packages/airflow/example_dags/example_branch_operator.py
[2023-05-08T15:01:17.731+0000] {processor.py:743} INFO - Processing file /home/airflow/.local/lib/python3.7/site-packages/airflow/example_dags/example_branch_operator.py for tasks to queue
[2023-05-08T15:01:17.732+0000] {logging_mixin.py:137} INFO - [2023-05-08T15:01:17.732+0000] {dagbag.py:532} INFO - Filling up the DagBag from /home/airflow/.local/lib/python3.7/site-packages/airflow/example_dags/example_branch_operator.py
[2023-05-08T15:01:17.752+0000] {processor.py:753} INFO - DAG(s) dict_keys(['example_branch_operator']) retrieved from /home/airflow/.local/lib/python3.7/site-packages/airflow/example_dags/example_branch_operator.py
[2023-05-08T15:01:17.786+0000] {logging_mixin.py:137} INFO - [2023-05-08T15:01:17.786+0000] {dag.py:2693} INFO - Sync 1 DAGs
[2023-05-08T15:01:17.820+0000] {logging_mixin.py:137} INFO - [2023-05-08T15:01:17.820+0000] {dag.py:3444} INFO - Setting next_dagrun for example_branch_operator to 2023-05-07T00:00:00+00:00, run_after=2023-05-08T00:00:00+00:00
[2023-05-08T15:01:17.840+0000] {processor.py:175} INFO - Processing /home/airflow/.local/lib/python3.7/site-packages/airflow/example_dags/example_branch_operator.py took 0.114 seconds
[2023-05-08T15:01:48.135+0000] {processor.py:153} INFO - Started process (PID=1645) to work on /home/airflow/.local/lib/python3.7/site-packages/airflow/example_dags/example_branch_operator.py
[2023-05-08T15:01:48.137+0000] {processor.py:743} INFO - Processing file /home/airflow/.local/lib/python3.7/site-packages/airflow/example_dags/example_branch_operator.py for tasks to queue
[2023-05-08T15:01:48.138+0000] {logging_mixin.py:137} INFO - [2023-05-08T15:01:48.138+0000] {dagbag.py:532} INFO - Filling up the DagBag from /home/airflow/.local/lib/python3.7/site-packages/airflow/example_dags/example_branch_operator.py
[2023-05-08T15:01:48.158+0000] {processor.py:753} INFO - DAG(s) dict_keys(['example_branch_operator']) retrieved from /home/airflow/.local/lib/python3.7/site-packages/airflow/example_dags/example_branch_operator.py
[2023-05-08T15:01:48.191+0000] {logging_mixin.py:137} INFO - [2023-05-08T15:01:48.190+0000] {dag.py:2693} INFO - Sync 1 DAGs
[2023-05-08T15:01:48.222+0000] {logging_mixin.py:137} INFO - [2023-05-08T15:01:48.222+0000] {dag.py:3444} INFO - Setting next_dagrun for example_branch_operator to 2023-05-07T00:00:00+00:00, run_after=2023-05-08T00:00:00+00:00
[2023-05-08T15:01:48.255+0000] {processor.py:175} INFO - Processing /home/airflow/.local/lib/python3.7/site-packages/airflow/example_dags/example_branch_operator.py took 0.124 seconds
[2023-05-08T15:02:18.640+0000] {processor.py:153} INFO - Started process (PID=1696) to work on /home/airflow/.local/lib/python3.7/site-packages/airflow/example_dags/example_branch_operator.py
[2023-05-08T15:02:18.641+0000] {processor.py:743} INFO - Processing file /home/airflow/.local/lib/python3.7/site-packages/airflow/example_dags/example_branch_operator.py for tasks to queue
[2023-05-08T15:02:18.641+0000] {logging_mixin.py:137} INFO - [2023-05-08T15:02:18.641+0000] {dagbag.py:532} INFO - Filling up the DagBag from /home/airflow/.local/lib/python3.7/site-packages/airflow/example_dags/example_branch_operator.py
[2023-05-08T15:02:18.662+0000] {processor.py:753} INFO - DAG(s) dict_keys(['example_branch_operator']) retrieved from /home/airflow/.local/lib/python3.7/site-packages/airflow/example_dags/example_branch_operator.py
[2023-05-08T15:02:18.694+0000] {logging_mixin.py:137} INFO - [2023-05-08T15:02:18.694+0000] {dag.py:2693} INFO - Sync 1 DAGs
[2023-05-08T15:02:18.728+0000] {logging_mixin.py:137} INFO - [2023-05-08T15:02:18.728+0000] {dag.py:3444} INFO - Setting next_dagrun for example_branch_operator to 2023-05-07T00:00:00+00:00, run_after=2023-05-08T00:00:00+00:00
[2023-05-08T15:02:18.752+0000] {processor.py:175} INFO - Processing /home/airflow/.local/lib/python3.7/site-packages/airflow/example_dags/example_branch_operator.py took 0.115 seconds
[2023-05-08T15:02:49.076+0000] {processor.py:153} INFO - Started process (PID=1747) to work on /home/airflow/.local/lib/python3.7/site-packages/airflow/example_dags/example_branch_operator.py
[2023-05-08T15:02:49.078+0000] {processor.py:743} INFO - Processing file /home/airflow/.local/lib/python3.7/site-packages/airflow/example_dags/example_branch_operator.py for tasks to queue
[2023-05-08T15:02:49.078+0000] {logging_mixin.py:137} INFO - [2023-05-08T15:02:49.078+0000] {dagbag.py:532} INFO - Filling up the DagBag from /home/airflow/.local/lib/python3.7/site-packages/airflow/example_dags/example_branch_operator.py
[2023-05-08T15:02:49.099+0000] {processor.py:753} INFO - DAG(s) dict_keys(['example_branch_operator']) retrieved from /home/airflow/.local/lib/python3.7/site-packages/airflow/example_dags/example_branch_operator.py
[2023-05-08T15:02:49.131+0000] {logging_mixin.py:137} INFO - [2023-05-08T15:02:49.130+0000] {dag.py:2693} INFO - Sync 1 DAGs
[2023-05-08T15:02:49.162+0000] {logging_mixin.py:137} INFO - [2023-05-08T15:02:49.162+0000] {dag.py:3444} INFO - Setting next_dagrun for example_branch_operator to 2023-05-07T00:00:00+00:00, run_after=2023-05-08T00:00:00+00:00
[2023-05-08T15:02:49.182+0000] {processor.py:175} INFO - Processing /home/airflow/.local/lib/python3.7/site-packages/airflow/example_dags/example_branch_operator.py took 0.109 seconds
[2023-05-08T15:03:19.584+0000] {processor.py:153} INFO - Started process (PID=1798) to work on /home/airflow/.local/lib/python3.7/site-packages/airflow/example_dags/example_branch_operator.py
[2023-05-08T15:03:19.585+0000] {processor.py:743} INFO - Processing file /home/airflow/.local/lib/python3.7/site-packages/airflow/example_dags/example_branch_operator.py for tasks to queue
[2023-05-08T15:03:19.586+0000] {logging_mixin.py:137} INFO - [2023-05-08T15:03:19.586+0000] {dagbag.py:532} INFO - Filling up the DagBag from /home/airflow/.local/lib/python3.7/site-packages/airflow/example_dags/example_branch_operator.py
[2023-05-08T15:03:19.607+0000] {processor.py:753} INFO - DAG(s) dict_keys(['example_branch_operator']) retrieved from /home/airflow/.local/lib/python3.7/site-packages/airflow/example_dags/example_branch_operator.py
[2023-05-08T15:03:19.638+0000] {logging_mixin.py:137} INFO - [2023-05-08T15:03:19.638+0000] {dag.py:2693} INFO - Sync 1 DAGs
[2023-05-08T15:03:19.670+0000] {logging_mixin.py:137} INFO - [2023-05-08T15:03:19.670+0000] {dag.py:3444} INFO - Setting next_dagrun for example_branch_operator to 2023-05-07T00:00:00+00:00, run_after=2023-05-08T00:00:00+00:00
[2023-05-08T15:03:19.691+0000] {processor.py:175} INFO - Processing /home/airflow/.local/lib/python3.7/site-packages/airflow/example_dags/example_branch_operator.py took 0.110 seconds
[2023-05-08T15:03:51.275+0000] {processor.py:153} INFO - Started process (PID=1849) to work on /home/airflow/.local/lib/python3.7/site-packages/airflow/example_dags/example_branch_operator.py
[2023-05-08T15:03:51.283+0000] {processor.py:743} INFO - Processing file /home/airflow/.local/lib/python3.7/site-packages/airflow/example_dags/example_branch_operator.py for tasks to queue
[2023-05-08T15:03:51.284+0000] {logging_mixin.py:137} INFO - [2023-05-08T15:03:51.284+0000] {dagbag.py:532} INFO - Filling up the DagBag from /home/airflow/.local/lib/python3.7/site-packages/airflow/example_dags/example_branch_operator.py
[2023-05-08T15:03:51.328+0000] {processor.py:753} INFO - DAG(s) dict_keys(['example_branch_operator']) retrieved from /home/airflow/.local/lib/python3.7/site-packages/airflow/example_dags/example_branch_operator.py
[2023-05-08T15:03:51.414+0000] {logging_mixin.py:137} INFO - [2023-05-08T15:03:51.413+0000] {dag.py:2693} INFO - Sync 1 DAGs
[2023-05-08T15:03:51.448+0000] {logging_mixin.py:137} INFO - [2023-05-08T15:03:51.448+0000] {dag.py:3444} INFO - Setting next_dagrun for example_branch_operator to 2023-05-07T00:00:00+00:00, run_after=2023-05-08T00:00:00+00:00
[2023-05-08T15:03:51.470+0000] {processor.py:175} INFO - Processing /home/airflow/.local/lib/python3.7/site-packages/airflow/example_dags/example_branch_operator.py took 0.199 seconds
[2023-05-08T15:04:22.232+0000] {processor.py:153} INFO - Started process (PID=1900) to work on /home/airflow/.local/lib/python3.7/site-packages/airflow/example_dags/example_branch_operator.py
[2023-05-08T15:04:22.232+0000] {processor.py:743} INFO - Processing file /home/airflow/.local/lib/python3.7/site-packages/airflow/example_dags/example_branch_operator.py for tasks to queue
[2023-05-08T15:04:22.235+0000] {logging_mixin.py:137} INFO - [2023-05-08T15:04:22.235+0000] {dagbag.py:532} INFO - Filling up the DagBag from /home/airflow/.local/lib/python3.7/site-packages/airflow/example_dags/example_branch_operator.py
[2023-05-08T15:04:22.280+0000] {processor.py:753} INFO - DAG(s) dict_keys(['example_branch_operator']) retrieved from /home/airflow/.local/lib/python3.7/site-packages/airflow/example_dags/example_branch_operator.py
[2023-05-08T15:04:22.349+0000] {logging_mixin.py:137} INFO - [2023-05-08T15:04:22.349+0000] {dag.py:2693} INFO - Sync 1 DAGs
[2023-05-08T15:04:22.415+0000] {logging_mixin.py:137} INFO - [2023-05-08T15:04:22.415+0000] {dag.py:3444} INFO - Setting next_dagrun for example_branch_operator to 2023-05-07T00:00:00+00:00, run_after=2023-05-08T00:00:00+00:00
[2023-05-08T15:04:22.491+0000] {processor.py:175} INFO - Processing /home/airflow/.local/lib/python3.7/site-packages/airflow/example_dags/example_branch_operator.py took 0.263 seconds
[2023-05-08T15:04:52.686+0000] {processor.py:153} INFO - Started process (PID=1951) to work on /home/airflow/.local/lib/python3.7/site-packages/airflow/example_dags/example_branch_operator.py
[2023-05-08T15:04:52.687+0000] {processor.py:743} INFO - Processing file /home/airflow/.local/lib/python3.7/site-packages/airflow/example_dags/example_branch_operator.py for tasks to queue
[2023-05-08T15:04:52.687+0000] {logging_mixin.py:137} INFO - [2023-05-08T15:04:52.687+0000] {dagbag.py:532} INFO - Filling up the DagBag from /home/airflow/.local/lib/python3.7/site-packages/airflow/example_dags/example_branch_operator.py
[2023-05-08T15:04:52.707+0000] {processor.py:753} INFO - DAG(s) dict_keys(['example_branch_operator']) retrieved from /home/airflow/.local/lib/python3.7/site-packages/airflow/example_dags/example_branch_operator.py
[2023-05-08T15:04:52.739+0000] {logging_mixin.py:137} INFO - [2023-05-08T15:04:52.739+0000] {dag.py:2693} INFO - Sync 1 DAGs
[2023-05-08T15:04:52.771+0000] {logging_mixin.py:137} INFO - [2023-05-08T15:04:52.771+0000] {dag.py:3444} INFO - Setting next_dagrun for example_branch_operator to 2023-05-07T00:00:00+00:00, run_after=2023-05-08T00:00:00+00:00
[2023-05-08T15:04:52.791+0000] {processor.py:175} INFO - Processing /home/airflow/.local/lib/python3.7/site-packages/airflow/example_dags/example_branch_operator.py took 0.110 seconds
[2023-05-08T15:05:23.591+0000] {processor.py:153} INFO - Started process (PID=2002) to work on /home/airflow/.local/lib/python3.7/site-packages/airflow/example_dags/example_branch_operator.py
[2023-05-08T15:05:23.591+0000] {processor.py:743} INFO - Processing file /home/airflow/.local/lib/python3.7/site-packages/airflow/example_dags/example_branch_operator.py for tasks to queue
[2023-05-08T15:05:23.592+0000] {logging_mixin.py:137} INFO - [2023-05-08T15:05:23.592+0000] {dagbag.py:532} INFO - Filling up the DagBag from /home/airflow/.local/lib/python3.7/site-packages/airflow/example_dags/example_branch_operator.py
[2023-05-08T15:05:23.613+0000] {processor.py:753} INFO - DAG(s) dict_keys(['example_branch_operator']) retrieved from /home/airflow/.local/lib/python3.7/site-packages/airflow/example_dags/example_branch_operator.py
[2023-05-08T15:05:23.646+0000] {logging_mixin.py:137} INFO - [2023-05-08T15:05:23.646+0000] {dag.py:2693} INFO - Sync 1 DAGs
[2023-05-08T15:05:23.678+0000] {logging_mixin.py:137} INFO - [2023-05-08T15:05:23.678+0000] {dag.py:3444} INFO - Setting next_dagrun for example_branch_operator to 2023-05-07T00:00:00+00:00, run_after=2023-05-08T00:00:00+00:00
[2023-05-08T15:05:23.698+0000] {processor.py:175} INFO - Processing /home/airflow/.local/lib/python3.7/site-packages/airflow/example_dags/example_branch_operator.py took 0.111 seconds
[2023-05-08T15:05:53.760+0000] {processor.py:153} INFO - Started process (PID=2053) to work on /home/airflow/.local/lib/python3.7/site-packages/airflow/example_dags/example_branch_operator.py
[2023-05-08T15:05:53.761+0000] {processor.py:743} INFO - Processing file /home/airflow/.local/lib/python3.7/site-packages/airflow/example_dags/example_branch_operator.py for tasks to queue
[2023-05-08T15:05:53.762+0000] {logging_mixin.py:137} INFO - [2023-05-08T15:05:53.762+0000] {dagbag.py:532} INFO - Filling up the DagBag from /home/airflow/.local/lib/python3.7/site-packages/airflow/example_dags/example_branch_operator.py
[2023-05-08T15:05:53.788+0000] {processor.py:753} INFO - DAG(s) dict_keys(['example_branch_operator']) retrieved from /home/airflow/.local/lib/python3.7/site-packages/airflow/example_dags/example_branch_operator.py
[2023-05-08T15:05:53.832+0000] {logging_mixin.py:137} INFO - [2023-05-08T15:05:53.831+0000] {dag.py:2693} INFO - Sync 1 DAGs
[2023-05-08T15:05:53.867+0000] {logging_mixin.py:137} INFO - [2023-05-08T15:05:53.867+0000] {dag.py:3444} INFO - Setting next_dagrun for example_branch_operator to 2023-05-07T00:00:00+00:00, run_after=2023-05-08T00:00:00+00:00
[2023-05-08T15:05:53.890+0000] {processor.py:175} INFO - Processing /home/airflow/.local/lib/python3.7/site-packages/airflow/example_dags/example_branch_operator.py took 0.134 seconds
[2023-05-08T15:06:25.085+0000] {processor.py:153} INFO - Started process (PID=2104) to work on /home/airflow/.local/lib/python3.7/site-packages/airflow/example_dags/example_branch_operator.py
[2023-05-08T15:06:25.086+0000] {processor.py:743} INFO - Processing file /home/airflow/.local/lib/python3.7/site-packages/airflow/example_dags/example_branch_operator.py for tasks to queue
[2023-05-08T15:06:25.087+0000] {logging_mixin.py:137} INFO - [2023-05-08T15:06:25.086+0000] {dagbag.py:532} INFO - Filling up the DagBag from /home/airflow/.local/lib/python3.7/site-packages/airflow/example_dags/example_branch_operator.py
[2023-05-08T15:06:25.127+0000] {processor.py:753} INFO - DAG(s) dict_keys(['example_branch_operator']) retrieved from /home/airflow/.local/lib/python3.7/site-packages/airflow/example_dags/example_branch_operator.py
[2023-05-08T15:06:25.186+0000] {logging_mixin.py:137} INFO - [2023-05-08T15:06:25.186+0000] {dag.py:2693} INFO - Sync 1 DAGs
[2023-05-08T15:06:25.255+0000] {logging_mixin.py:137} INFO - [2023-05-08T15:06:25.255+0000] {dag.py:3444} INFO - Setting next_dagrun for example_branch_operator to 2023-05-07T00:00:00+00:00, run_after=2023-05-08T00:00:00+00:00
[2023-05-08T15:06:25.298+0000] {processor.py:175} INFO - Processing /home/airflow/.local/lib/python3.7/site-packages/airflow/example_dags/example_branch_operator.py took 0.225 seconds
[2023-05-08T15:06:55.617+0000] {processor.py:153} INFO - Started process (PID=2155) to work on /home/airflow/.local/lib/python3.7/site-packages/airflow/example_dags/example_branch_operator.py
[2023-05-08T15:06:55.619+0000] {processor.py:743} INFO - Processing file /home/airflow/.local/lib/python3.7/site-packages/airflow/example_dags/example_branch_operator.py for tasks to queue
[2023-05-08T15:06:55.619+0000] {logging_mixin.py:137} INFO - [2023-05-08T15:06:55.619+0000] {dagbag.py:532} INFO - Filling up the DagBag from /home/airflow/.local/lib/python3.7/site-packages/airflow/example_dags/example_branch_operator.py
[2023-05-08T15:06:55.640+0000] {processor.py:753} INFO - DAG(s) dict_keys(['example_branch_operator']) retrieved from /home/airflow/.local/lib/python3.7/site-packages/airflow/example_dags/example_branch_operator.py
[2023-05-08T15:06:55.673+0000] {logging_mixin.py:137} INFO - [2023-05-08T15:06:55.673+0000] {dag.py:2693} INFO - Sync 1 DAGs
[2023-05-08T15:06:55.706+0000] {logging_mixin.py:137} INFO - [2023-05-08T15:06:55.706+0000] {dag.py:3444} INFO - Setting next_dagrun for example_branch_operator to 2023-05-07T00:00:00+00:00, run_after=2023-05-08T00:00:00+00:00
[2023-05-08T15:06:55.728+0000] {processor.py:175} INFO - Processing /home/airflow/.local/lib/python3.7/site-packages/airflow/example_dags/example_branch_operator.py took 0.114 seconds
[2023-05-08T15:07:26.137+0000] {processor.py:153} INFO - Started process (PID=2207) to work on /home/airflow/.local/lib/python3.7/site-packages/airflow/example_dags/example_branch_operator.py
[2023-05-08T15:07:26.138+0000] {processor.py:743} INFO - Processing file /home/airflow/.local/lib/python3.7/site-packages/airflow/example_dags/example_branch_operator.py for tasks to queue
[2023-05-08T15:07:26.138+0000] {logging_mixin.py:137} INFO - [2023-05-08T15:07:26.138+0000] {dagbag.py:532} INFO - Filling up the DagBag from /home/airflow/.local/lib/python3.7/site-packages/airflow/example_dags/example_branch_operator.py
[2023-05-08T15:07:26.159+0000] {processor.py:753} INFO - DAG(s) dict_keys(['example_branch_operator']) retrieved from /home/airflow/.local/lib/python3.7/site-packages/airflow/example_dags/example_branch_operator.py
[2023-05-08T15:07:26.193+0000] {logging_mixin.py:137} INFO - [2023-05-08T15:07:26.193+0000] {dag.py:2693} INFO - Sync 1 DAGs
[2023-05-08T15:07:26.254+0000] {logging_mixin.py:137} INFO - [2023-05-08T15:07:26.254+0000] {dag.py:3444} INFO - Setting next_dagrun for example_branch_operator to 2023-05-07T00:00:00+00:00, run_after=2023-05-08T00:00:00+00:00
[2023-05-08T15:07:26.283+0000] {processor.py:175} INFO - Processing /home/airflow/.local/lib/python3.7/site-packages/airflow/example_dags/example_branch_operator.py took 0.150 seconds
[2023-05-08T15:07:56.835+0000] {processor.py:153} INFO - Started process (PID=2258) to work on /home/airflow/.local/lib/python3.7/site-packages/airflow/example_dags/example_branch_operator.py
[2023-05-08T15:07:56.837+0000] {processor.py:743} INFO - Processing file /home/airflow/.local/lib/python3.7/site-packages/airflow/example_dags/example_branch_operator.py for tasks to queue
[2023-05-08T15:07:56.837+0000] {logging_mixin.py:137} INFO - [2023-05-08T15:07:56.837+0000] {dagbag.py:532} INFO - Filling up the DagBag from /home/airflow/.local/lib/python3.7/site-packages/airflow/example_dags/example_branch_operator.py
[2023-05-08T15:07:56.861+0000] {processor.py:753} INFO - DAG(s) dict_keys(['example_branch_operator']) retrieved from /home/airflow/.local/lib/python3.7/site-packages/airflow/example_dags/example_branch_operator.py
[2023-05-08T15:07:56.894+0000] {logging_mixin.py:137} INFO - [2023-05-08T15:07:56.894+0000] {dag.py:2693} INFO - Sync 1 DAGs
[2023-05-08T15:07:56.926+0000] {logging_mixin.py:137} INFO - [2023-05-08T15:07:56.926+0000] {dag.py:3444} INFO - Setting next_dagrun for example_branch_operator to 2023-05-07T00:00:00+00:00, run_after=2023-05-08T00:00:00+00:00
[2023-05-08T15:07:56.946+0000] {processor.py:175} INFO - Processing /home/airflow/.local/lib/python3.7/site-packages/airflow/example_dags/example_branch_operator.py took 0.115 seconds
[2023-05-08T15:08:27.398+0000] {processor.py:153} INFO - Started process (PID=2309) to work on /home/airflow/.local/lib/python3.7/site-packages/airflow/example_dags/example_branch_operator.py
[2023-05-08T15:08:27.398+0000] {processor.py:743} INFO - Processing file /home/airflow/.local/lib/python3.7/site-packages/airflow/example_dags/example_branch_operator.py for tasks to queue
[2023-05-08T15:08:27.399+0000] {logging_mixin.py:137} INFO - [2023-05-08T15:08:27.399+0000] {dagbag.py:532} INFO - Filling up the DagBag from /home/airflow/.local/lib/python3.7/site-packages/airflow/example_dags/example_branch_operator.py
[2023-05-08T15:08:27.420+0000] {processor.py:753} INFO - DAG(s) dict_keys(['example_branch_operator']) retrieved from /home/airflow/.local/lib/python3.7/site-packages/airflow/example_dags/example_branch_operator.py
[2023-05-08T15:08:27.455+0000] {logging_mixin.py:137} INFO - [2023-05-08T15:08:27.454+0000] {dag.py:2693} INFO - Sync 1 DAGs
[2023-05-08T15:08:27.490+0000] {logging_mixin.py:137} INFO - [2023-05-08T15:08:27.490+0000] {dag.py:3444} INFO - Setting next_dagrun for example_branch_operator to 2023-05-07T00:00:00+00:00, run_after=2023-05-08T00:00:00+00:00
[2023-05-08T15:08:27.510+0000] {processor.py:175} INFO - Processing /home/airflow/.local/lib/python3.7/site-packages/airflow/example_dags/example_branch_operator.py took 0.116 seconds
[2023-05-08T15:08:57.771+0000] {processor.py:153} INFO - Started process (PID=2361) to work on /home/airflow/.local/lib/python3.7/site-packages/airflow/example_dags/example_branch_operator.py
[2023-05-08T15:08:57.772+0000] {processor.py:743} INFO - Processing file /home/airflow/.local/lib/python3.7/site-packages/airflow/example_dags/example_branch_operator.py for tasks to queue
[2023-05-08T15:08:57.773+0000] {logging_mixin.py:137} INFO - [2023-05-08T15:08:57.773+0000] {dagbag.py:532} INFO - Filling up the DagBag from /home/airflow/.local/lib/python3.7/site-packages/airflow/example_dags/example_branch_operator.py
[2023-05-08T15:08:57.794+0000] {processor.py:753} INFO - DAG(s) dict_keys(['example_branch_operator']) retrieved from /home/airflow/.local/lib/python3.7/site-packages/airflow/example_dags/example_branch_operator.py
[2023-05-08T15:08:57.828+0000] {logging_mixin.py:137} INFO - [2023-05-08T15:08:57.828+0000] {dag.py:2693} INFO - Sync 1 DAGs
[2023-05-08T15:08:57.863+0000] {logging_mixin.py:137} INFO - [2023-05-08T15:08:57.863+0000] {dag.py:3444} INFO - Setting next_dagrun for example_branch_operator to 2023-05-07T00:00:00+00:00, run_after=2023-05-08T00:00:00+00:00
[2023-05-08T15:08:57.887+0000] {processor.py:175} INFO - Processing /home/airflow/.local/lib/python3.7/site-packages/airflow/example_dags/example_branch_operator.py took 0.120 seconds
[2023-05-08T15:09:28.164+0000] {processor.py:153} INFO - Started process (PID=2412) to work on /home/airflow/.local/lib/python3.7/site-packages/airflow/example_dags/example_branch_operator.py
[2023-05-08T15:09:28.165+0000] {processor.py:743} INFO - Processing file /home/airflow/.local/lib/python3.7/site-packages/airflow/example_dags/example_branch_operator.py for tasks to queue
[2023-05-08T15:09:28.165+0000] {logging_mixin.py:137} INFO - [2023-05-08T15:09:28.165+0000] {dagbag.py:532} INFO - Filling up the DagBag from /home/airflow/.local/lib/python3.7/site-packages/airflow/example_dags/example_branch_operator.py
[2023-05-08T15:09:28.186+0000] {processor.py:753} INFO - DAG(s) dict_keys(['example_branch_operator']) retrieved from /home/airflow/.local/lib/python3.7/site-packages/airflow/example_dags/example_branch_operator.py
[2023-05-08T15:09:28.220+0000] {logging_mixin.py:137} INFO - [2023-05-08T15:09:28.220+0000] {dag.py:2693} INFO - Sync 1 DAGs
[2023-05-08T15:09:28.253+0000] {logging_mixin.py:137} INFO - [2023-05-08T15:09:28.252+0000] {dag.py:3444} INFO - Setting next_dagrun for example_branch_operator to 2023-05-07T00:00:00+00:00, run_after=2023-05-08T00:00:00+00:00
[2023-05-08T15:09:28.274+0000] {processor.py:175} INFO - Processing /home/airflow/.local/lib/python3.7/site-packages/airflow/example_dags/example_branch_operator.py took 0.113 seconds
[2023-05-08T15:09:58.560+0000] {processor.py:153} INFO - Started process (PID=2463) to work on /home/airflow/.local/lib/python3.7/site-packages/airflow/example_dags/example_branch_operator.py
[2023-05-08T15:09:58.562+0000] {processor.py:743} INFO - Processing file /home/airflow/.local/lib/python3.7/site-packages/airflow/example_dags/example_branch_operator.py for tasks to queue
[2023-05-08T15:09:58.562+0000] {logging_mixin.py:137} INFO - [2023-05-08T15:09:58.562+0000] {dagbag.py:532} INFO - Filling up the DagBag from /home/airflow/.local/lib/python3.7/site-packages/airflow/example_dags/example_branch_operator.py
[2023-05-08T15:09:58.582+0000] {processor.py:753} INFO - DAG(s) dict_keys(['example_branch_operator']) retrieved from /home/airflow/.local/lib/python3.7/site-packages/airflow/example_dags/example_branch_operator.py
[2023-05-08T15:09:58.614+0000] {logging_mixin.py:137} INFO - [2023-05-08T15:09:58.614+0000] {dag.py:2693} INFO - Sync 1 DAGs
[2023-05-08T15:09:58.646+0000] {logging_mixin.py:137} INFO - [2023-05-08T15:09:58.645+0000] {dag.py:3444} INFO - Setting next_dagrun for example_branch_operator to 2023-05-07T00:00:00+00:00, run_after=2023-05-08T00:00:00+00:00
[2023-05-08T15:09:58.666+0000] {processor.py:175} INFO - Processing /home/airflow/.local/lib/python3.7/site-packages/airflow/example_dags/example_branch_operator.py took 0.109 seconds
[2023-05-08T15:10:29.968+0000] {processor.py:153} INFO - Started process (PID=2514) to work on /home/airflow/.local/lib/python3.7/site-packages/airflow/example_dags/example_branch_operator.py
[2023-05-08T15:10:29.969+0000] {processor.py:743} INFO - Processing file /home/airflow/.local/lib/python3.7/site-packages/airflow/example_dags/example_branch_operator.py for tasks to queue
[2023-05-08T15:10:29.970+0000] {logging_mixin.py:137} INFO - [2023-05-08T15:10:29.969+0000] {dagbag.py:532} INFO - Filling up the DagBag from /home/airflow/.local/lib/python3.7/site-packages/airflow/example_dags/example_branch_operator.py
[2023-05-08T15:10:29.990+0000] {processor.py:753} INFO - DAG(s) dict_keys(['example_branch_operator']) retrieved from /home/airflow/.local/lib/python3.7/site-packages/airflow/example_dags/example_branch_operator.py
[2023-05-08T15:10:30.028+0000] {logging_mixin.py:137} INFO - [2023-05-08T15:10:30.028+0000] {dag.py:2693} INFO - Sync 1 DAGs
[2023-05-08T15:10:30.062+0000] {logging_mixin.py:137} INFO - [2023-05-08T15:10:30.062+0000] {dag.py:3444} INFO - Setting next_dagrun for example_branch_operator to 2023-05-07T00:00:00+00:00, run_after=2023-05-08T00:00:00+00:00
[2023-05-08T15:10:30.082+0000] {processor.py:175} INFO - Processing /home/airflow/.local/lib/python3.7/site-packages/airflow/example_dags/example_branch_operator.py took 0.118 seconds
[2023-05-08T15:11:01.435+0000] {processor.py:153} INFO - Started process (PID=2566) to work on /home/airflow/.local/lib/python3.7/site-packages/airflow/example_dags/example_branch_operator.py
[2023-05-08T15:11:01.445+0000] {processor.py:743} INFO - Processing file /home/airflow/.local/lib/python3.7/site-packages/airflow/example_dags/example_branch_operator.py for tasks to queue
[2023-05-08T15:11:01.446+0000] {logging_mixin.py:137} INFO - [2023-05-08T15:11:01.446+0000] {dagbag.py:532} INFO - Filling up the DagBag from /home/airflow/.local/lib/python3.7/site-packages/airflow/example_dags/example_branch_operator.py
[2023-05-08T15:11:01.482+0000] {processor.py:753} INFO - DAG(s) dict_keys(['example_branch_operator']) retrieved from /home/airflow/.local/lib/python3.7/site-packages/airflow/example_dags/example_branch_operator.py
[2023-05-08T15:11:01.565+0000] {logging_mixin.py:137} INFO - [2023-05-08T15:11:01.565+0000] {dag.py:2693} INFO - Sync 1 DAGs
[2023-05-08T15:11:01.627+0000] {logging_mixin.py:137} INFO - [2023-05-08T15:11:01.627+0000] {dag.py:3444} INFO - Setting next_dagrun for example_branch_operator to 2023-05-07T00:00:00+00:00, run_after=2023-05-08T00:00:00+00:00
[2023-05-08T15:11:01.709+0000] {processor.py:175} INFO - Processing /home/airflow/.local/lib/python3.7/site-packages/airflow/example_dags/example_branch_operator.py took 0.285 seconds
[2023-05-08T15:11:31.795+0000] {processor.py:153} INFO - Started process (PID=2617) to work on /home/airflow/.local/lib/python3.7/site-packages/airflow/example_dags/example_branch_operator.py
[2023-05-08T15:11:31.797+0000] {processor.py:743} INFO - Processing file /home/airflow/.local/lib/python3.7/site-packages/airflow/example_dags/example_branch_operator.py for tasks to queue
[2023-05-08T15:11:31.797+0000] {logging_mixin.py:137} INFO - [2023-05-08T15:11:31.797+0000] {dagbag.py:532} INFO - Filling up the DagBag from /home/airflow/.local/lib/python3.7/site-packages/airflow/example_dags/example_branch_operator.py
[2023-05-08T15:11:31.818+0000] {processor.py:753} INFO - DAG(s) dict_keys(['example_branch_operator']) retrieved from /home/airflow/.local/lib/python3.7/site-packages/airflow/example_dags/example_branch_operator.py
[2023-05-08T15:11:31.851+0000] {logging_mixin.py:137} INFO - [2023-05-08T15:11:31.851+0000] {dag.py:2693} INFO - Sync 1 DAGs
[2023-05-08T15:11:31.884+0000] {logging_mixin.py:137} INFO - [2023-05-08T15:11:31.884+0000] {dag.py:3444} INFO - Setting next_dagrun for example_branch_operator to 2023-05-07T00:00:00+00:00, run_after=2023-05-08T00:00:00+00:00
[2023-05-08T15:11:31.906+0000] {processor.py:175} INFO - Processing /home/airflow/.local/lib/python3.7/site-packages/airflow/example_dags/example_branch_operator.py took 0.114 seconds
[2023-05-08T15:12:03.190+0000] {processor.py:153} INFO - Started process (PID=2667) to work on /home/airflow/.local/lib/python3.7/site-packages/airflow/example_dags/example_branch_operator.py
[2023-05-08T15:12:03.191+0000] {processor.py:743} INFO - Processing file /home/airflow/.local/lib/python3.7/site-packages/airflow/example_dags/example_branch_operator.py for tasks to queue
[2023-05-08T15:12:03.192+0000] {logging_mixin.py:137} INFO - [2023-05-08T15:12:03.192+0000] {dagbag.py:532} INFO - Filling up the DagBag from /home/airflow/.local/lib/python3.7/site-packages/airflow/example_dags/example_branch_operator.py
[2023-05-08T15:12:03.212+0000] {processor.py:753} INFO - DAG(s) dict_keys(['example_branch_operator']) retrieved from /home/airflow/.local/lib/python3.7/site-packages/airflow/example_dags/example_branch_operator.py
[2023-05-08T15:12:03.246+0000] {logging_mixin.py:137} INFO - [2023-05-08T15:12:03.246+0000] {dag.py:2693} INFO - Sync 1 DAGs
[2023-05-08T15:12:03.289+0000] {logging_mixin.py:137} INFO - [2023-05-08T15:12:03.289+0000] {dag.py:3444} INFO - Setting next_dagrun for example_branch_operator to 2023-05-07T00:00:00+00:00, run_after=2023-05-08T00:00:00+00:00
[2023-05-08T15:12:03.309+0000] {processor.py:175} INFO - Processing /home/airflow/.local/lib/python3.7/site-packages/airflow/example_dags/example_branch_operator.py took 0.123 seconds
[2023-05-08T15:12:33.664+0000] {processor.py:153} INFO - Started process (PID=2718) to work on /home/airflow/.local/lib/python3.7/site-packages/airflow/example_dags/example_branch_operator.py
[2023-05-08T15:12:33.666+0000] {processor.py:743} INFO - Processing file /home/airflow/.local/lib/python3.7/site-packages/airflow/example_dags/example_branch_operator.py for tasks to queue
[2023-05-08T15:12:33.666+0000] {logging_mixin.py:137} INFO - [2023-05-08T15:12:33.666+0000] {dagbag.py:532} INFO - Filling up the DagBag from /home/airflow/.local/lib/python3.7/site-packages/airflow/example_dags/example_branch_operator.py
[2023-05-08T15:12:33.693+0000] {processor.py:753} INFO - DAG(s) dict_keys(['example_branch_operator']) retrieved from /home/airflow/.local/lib/python3.7/site-packages/airflow/example_dags/example_branch_operator.py
[2023-05-08T15:12:33.725+0000] {logging_mixin.py:137} INFO - [2023-05-08T15:12:33.725+0000] {dag.py:2693} INFO - Sync 1 DAGs
[2023-05-08T15:12:33.757+0000] {logging_mixin.py:137} INFO - [2023-05-08T15:12:33.757+0000] {dag.py:3444} INFO - Setting next_dagrun for example_branch_operator to 2023-05-07T00:00:00+00:00, run_after=2023-05-08T00:00:00+00:00
[2023-05-08T15:12:33.778+0000] {processor.py:175} INFO - Processing /home/airflow/.local/lib/python3.7/site-packages/airflow/example_dags/example_branch_operator.py took 0.117 seconds
[2023-05-08T15:13:04.104+0000] {processor.py:153} INFO - Started process (PID=2768) to work on /home/airflow/.local/lib/python3.7/site-packages/airflow/example_dags/example_branch_operator.py
[2023-05-08T15:13:04.105+0000] {processor.py:743} INFO - Processing file /home/airflow/.local/lib/python3.7/site-packages/airflow/example_dags/example_branch_operator.py for tasks to queue
[2023-05-08T15:13:04.106+0000] {logging_mixin.py:137} INFO - [2023-05-08T15:13:04.106+0000] {dagbag.py:532} INFO - Filling up the DagBag from /home/airflow/.local/lib/python3.7/site-packages/airflow/example_dags/example_branch_operator.py
[2023-05-08T15:13:04.127+0000] {processor.py:753} INFO - DAG(s) dict_keys(['example_branch_operator']) retrieved from /home/airflow/.local/lib/python3.7/site-packages/airflow/example_dags/example_branch_operator.py
[2023-05-08T15:13:04.159+0000] {logging_mixin.py:137} INFO - [2023-05-08T15:13:04.159+0000] {dag.py:2693} INFO - Sync 1 DAGs
[2023-05-08T15:13:04.192+0000] {logging_mixin.py:137} INFO - [2023-05-08T15:13:04.192+0000] {dag.py:3444} INFO - Setting next_dagrun for example_branch_operator to 2023-05-07T00:00:00+00:00, run_after=2023-05-08T00:00:00+00:00
[2023-05-08T15:13:04.213+0000] {processor.py:175} INFO - Processing /home/airflow/.local/lib/python3.7/site-packages/airflow/example_dags/example_branch_operator.py took 0.112 seconds
[2023-05-08T15:13:34.767+0000] {processor.py:153} INFO - Started process (PID=2819) to work on /home/airflow/.local/lib/python3.7/site-packages/airflow/example_dags/example_branch_operator.py
[2023-05-08T15:13:34.768+0000] {processor.py:743} INFO - Processing file /home/airflow/.local/lib/python3.7/site-packages/airflow/example_dags/example_branch_operator.py for tasks to queue
[2023-05-08T15:13:34.769+0000] {logging_mixin.py:137} INFO - [2023-05-08T15:13:34.769+0000] {dagbag.py:532} INFO - Filling up the DagBag from /home/airflow/.local/lib/python3.7/site-packages/airflow/example_dags/example_branch_operator.py
[2023-05-08T15:13:34.790+0000] {processor.py:753} INFO - DAG(s) dict_keys(['example_branch_operator']) retrieved from /home/airflow/.local/lib/python3.7/site-packages/airflow/example_dags/example_branch_operator.py
[2023-05-08T15:13:34.826+0000] {logging_mixin.py:137} INFO - [2023-05-08T15:13:34.825+0000] {dag.py:2693} INFO - Sync 1 DAGs
[2023-05-08T15:13:34.859+0000] {logging_mixin.py:137} INFO - [2023-05-08T15:13:34.858+0000] {dag.py:3444} INFO - Setting next_dagrun for example_branch_operator to 2023-05-07T00:00:00+00:00, run_after=2023-05-08T00:00:00+00:00
[2023-05-08T15:13:34.880+0000] {processor.py:175} INFO - Processing /home/airflow/.local/lib/python3.7/site-packages/airflow/example_dags/example_branch_operator.py took 0.116 seconds
[2023-05-08T15:14:06.316+0000] {processor.py:153} INFO - Started process (PID=2871) to work on /home/airflow/.local/lib/python3.7/site-packages/airflow/example_dags/example_branch_operator.py
[2023-05-08T15:14:06.319+0000] {processor.py:743} INFO - Processing file /home/airflow/.local/lib/python3.7/site-packages/airflow/example_dags/example_branch_operator.py for tasks to queue
[2023-05-08T15:14:06.320+0000] {logging_mixin.py:137} INFO - [2023-05-08T15:14:06.320+0000] {dagbag.py:532} INFO - Filling up the DagBag from /home/airflow/.local/lib/python3.7/site-packages/airflow/example_dags/example_branch_operator.py
[2023-05-08T15:14:06.371+0000] {processor.py:753} INFO - DAG(s) dict_keys(['example_branch_operator']) retrieved from /home/airflow/.local/lib/python3.7/site-packages/airflow/example_dags/example_branch_operator.py
[2023-05-08T15:14:06.429+0000] {logging_mixin.py:137} INFO - [2023-05-08T15:14:06.429+0000] {dag.py:2693} INFO - Sync 1 DAGs
[2023-05-08T15:14:06.479+0000] {logging_mixin.py:137} INFO - [2023-05-08T15:14:06.479+0000] {dag.py:3444} INFO - Setting next_dagrun for example_branch_operator to 2023-05-07T00:00:00+00:00, run_after=2023-05-08T00:00:00+00:00
[2023-05-08T15:14:06.501+0000] {processor.py:175} INFO - Processing /home/airflow/.local/lib/python3.7/site-packages/airflow/example_dags/example_branch_operator.py took 0.198 seconds
[2023-05-08T15:14:37.439+0000] {processor.py:153} INFO - Started process (PID=2922) to work on /home/airflow/.local/lib/python3.7/site-packages/airflow/example_dags/example_branch_operator.py
[2023-05-08T15:14:37.446+0000] {processor.py:743} INFO - Processing file /home/airflow/.local/lib/python3.7/site-packages/airflow/example_dags/example_branch_operator.py for tasks to queue
[2023-05-08T15:14:37.447+0000] {logging_mixin.py:137} INFO - [2023-05-08T15:14:37.447+0000] {dagbag.py:532} INFO - Filling up the DagBag from /home/airflow/.local/lib/python3.7/site-packages/airflow/example_dags/example_branch_operator.py
[2023-05-08T15:14:37.502+0000] {processor.py:753} INFO - DAG(s) dict_keys(['example_branch_operator']) retrieved from /home/airflow/.local/lib/python3.7/site-packages/airflow/example_dags/example_branch_operator.py
[2023-05-08T15:14:37.534+0000] {logging_mixin.py:137} INFO - [2023-05-08T15:14:37.534+0000] {dag.py:2693} INFO - Sync 1 DAGs
[2023-05-08T15:14:37.568+0000] {logging_mixin.py:137} INFO - [2023-05-08T15:14:37.568+0000] {dag.py:3444} INFO - Setting next_dagrun for example_branch_operator to 2023-05-07T00:00:00+00:00, run_after=2023-05-08T00:00:00+00:00
[2023-05-08T15:14:37.617+0000] {processor.py:175} INFO - Processing /home/airflow/.local/lib/python3.7/site-packages/airflow/example_dags/example_branch_operator.py took 0.194 seconds
[2023-05-08T15:15:08.147+0000] {processor.py:153} INFO - Started process (PID=2973) to work on /home/airflow/.local/lib/python3.7/site-packages/airflow/example_dags/example_branch_operator.py
[2023-05-08T15:15:08.149+0000] {processor.py:743} INFO - Processing file /home/airflow/.local/lib/python3.7/site-packages/airflow/example_dags/example_branch_operator.py for tasks to queue
[2023-05-08T15:15:08.149+0000] {logging_mixin.py:137} INFO - [2023-05-08T15:15:08.149+0000] {dagbag.py:532} INFO - Filling up the DagBag from /home/airflow/.local/lib/python3.7/site-packages/airflow/example_dags/example_branch_operator.py
[2023-05-08T15:15:08.173+0000] {processor.py:753} INFO - DAG(s) dict_keys(['example_branch_operator']) retrieved from /home/airflow/.local/lib/python3.7/site-packages/airflow/example_dags/example_branch_operator.py
[2023-05-08T15:15:08.208+0000] {logging_mixin.py:137} INFO - [2023-05-08T15:15:08.208+0000] {dag.py:2693} INFO - Sync 1 DAGs
[2023-05-08T15:15:08.257+0000] {logging_mixin.py:137} INFO - [2023-05-08T15:15:08.257+0000] {dag.py:3444} INFO - Setting next_dagrun for example_branch_operator to 2023-05-07T00:00:00+00:00, run_after=2023-05-08T00:00:00+00:00
[2023-05-08T15:15:08.277+0000] {processor.py:175} INFO - Processing /home/airflow/.local/lib/python3.7/site-packages/airflow/example_dags/example_branch_operator.py took 0.134 seconds
