[2023-05-08T14:46:00.766+0000] {processor.py:153} INFO - Started process (PID=70) to work on /home/airflow/.local/lib/python3.7/site-packages/airflow/example_dags/example_bash_operator.py
[2023-05-08T14:46:00.768+0000] {processor.py:743} INFO - Processing file /home/airflow/.local/lib/python3.7/site-packages/airflow/example_dags/example_bash_operator.py for tasks to queue
[2023-05-08T14:46:00.768+0000] {logging_mixin.py:137} INFO - [2023-05-08T14:46:00.768+0000] {dagbag.py:532} INFO - Filling up the DagBag from /home/airflow/.local/lib/python3.7/site-packages/airflow/example_dags/example_bash_operator.py
[2023-05-08T14:46:00.823+0000] {processor.py:753} INFO - DAG(s) dict_keys(['example_bash_operator']) retrieved from /home/airflow/.local/lib/python3.7/site-packages/airflow/example_dags/example_bash_operator.py
[2023-05-08T14:46:00.927+0000] {logging_mixin.py:137} INFO - [2023-05-08T14:46:00.926+0000] {dag.py:2693} INFO - Sync 1 DAGs
[2023-05-08T14:46:00.967+0000] {logging_mixin.py:137} INFO - [2023-05-08T14:46:00.967+0000] {dag.py:3444} INFO - Setting next_dagrun for example_bash_operator to 2023-05-07T00:00:00+00:00, run_after=2023-05-08T00:00:00+00:00
[2023-05-08T14:46:01.004+0000] {processor.py:175} INFO - Processing /home/airflow/.local/lib/python3.7/site-packages/airflow/example_dags/example_bash_operator.py took 0.243 seconds
[2023-05-08T14:46:31.172+0000] {processor.py:153} INFO - Started process (PID=123) to work on /home/airflow/.local/lib/python3.7/site-packages/airflow/example_dags/example_bash_operator.py
[2023-05-08T14:46:31.174+0000] {processor.py:743} INFO - Processing file /home/airflow/.local/lib/python3.7/site-packages/airflow/example_dags/example_bash_operator.py for tasks to queue
[2023-05-08T14:46:31.174+0000] {logging_mixin.py:137} INFO - [2023-05-08T14:46:31.174+0000] {dagbag.py:532} INFO - Filling up the DagBag from /home/airflow/.local/lib/python3.7/site-packages/airflow/example_dags/example_bash_operator.py
[2023-05-08T14:46:31.202+0000] {processor.py:753} INFO - DAG(s) dict_keys(['example_bash_operator']) retrieved from /home/airflow/.local/lib/python3.7/site-packages/airflow/example_dags/example_bash_operator.py
[2023-05-08T14:46:31.251+0000] {logging_mixin.py:137} INFO - [2023-05-08T14:46:31.251+0000] {dag.py:2693} INFO - Sync 1 DAGs
[2023-05-08T14:46:31.285+0000] {logging_mixin.py:137} INFO - [2023-05-08T14:46:31.285+0000] {dag.py:3444} INFO - Setting next_dagrun for example_bash_operator to 2023-05-07T00:00:00+00:00, run_after=2023-05-08T00:00:00+00:00
[2023-05-08T14:46:31.307+0000] {processor.py:175} INFO - Processing /home/airflow/.local/lib/python3.7/site-packages/airflow/example_dags/example_bash_operator.py took 0.138 seconds
[2023-05-08T14:47:01.620+0000] {processor.py:153} INFO - Started process (PID=172) to work on /home/airflow/.local/lib/python3.7/site-packages/airflow/example_dags/example_bash_operator.py
[2023-05-08T14:47:01.621+0000] {processor.py:743} INFO - Processing file /home/airflow/.local/lib/python3.7/site-packages/airflow/example_dags/example_bash_operator.py for tasks to queue
[2023-05-08T14:47:01.622+0000] {logging_mixin.py:137} INFO - [2023-05-08T14:47:01.622+0000] {dagbag.py:532} INFO - Filling up the DagBag from /home/airflow/.local/lib/python3.7/site-packages/airflow/example_dags/example_bash_operator.py
[2023-05-08T14:47:01.650+0000] {processor.py:753} INFO - DAG(s) dict_keys(['example_bash_operator']) retrieved from /home/airflow/.local/lib/python3.7/site-packages/airflow/example_dags/example_bash_operator.py
[2023-05-08T14:47:01.702+0000] {logging_mixin.py:137} INFO - [2023-05-08T14:47:01.702+0000] {dag.py:2693} INFO - Sync 1 DAGs
[2023-05-08T14:47:01.744+0000] {logging_mixin.py:137} INFO - [2023-05-08T14:47:01.744+0000] {dag.py:3444} INFO - Setting next_dagrun for example_bash_operator to 2023-05-07T00:00:00+00:00, run_after=2023-05-08T00:00:00+00:00
[2023-05-08T14:47:01.765+0000] {processor.py:175} INFO - Processing /home/airflow/.local/lib/python3.7/site-packages/airflow/example_dags/example_bash_operator.py took 0.152 seconds
[2023-05-08T14:47:32.062+0000] {processor.py:153} INFO - Started process (PID=223) to work on /home/airflow/.local/lib/python3.7/site-packages/airflow/example_dags/example_bash_operator.py
[2023-05-08T14:47:32.063+0000] {processor.py:743} INFO - Processing file /home/airflow/.local/lib/python3.7/site-packages/airflow/example_dags/example_bash_operator.py for tasks to queue
[2023-05-08T14:47:32.064+0000] {logging_mixin.py:137} INFO - [2023-05-08T14:47:32.063+0000] {dagbag.py:532} INFO - Filling up the DagBag from /home/airflow/.local/lib/python3.7/site-packages/airflow/example_dags/example_bash_operator.py
[2023-05-08T14:47:32.090+0000] {processor.py:753} INFO - DAG(s) dict_keys(['example_bash_operator']) retrieved from /home/airflow/.local/lib/python3.7/site-packages/airflow/example_dags/example_bash_operator.py
[2023-05-08T14:47:32.138+0000] {logging_mixin.py:137} INFO - [2023-05-08T14:47:32.137+0000] {dag.py:2693} INFO - Sync 1 DAGs
[2023-05-08T14:47:32.172+0000] {logging_mixin.py:137} INFO - [2023-05-08T14:47:32.171+0000] {dag.py:3444} INFO - Setting next_dagrun for example_bash_operator to 2023-05-07T00:00:00+00:00, run_after=2023-05-08T00:00:00+00:00
[2023-05-08T14:47:32.192+0000] {processor.py:175} INFO - Processing /home/airflow/.local/lib/python3.7/site-packages/airflow/example_dags/example_bash_operator.py took 0.134 seconds
[2023-05-08T14:48:02.456+0000] {processor.py:153} INFO - Started process (PID=274) to work on /home/airflow/.local/lib/python3.7/site-packages/airflow/example_dags/example_bash_operator.py
[2023-05-08T14:48:02.458+0000] {processor.py:743} INFO - Processing file /home/airflow/.local/lib/python3.7/site-packages/airflow/example_dags/example_bash_operator.py for tasks to queue
[2023-05-08T14:48:02.459+0000] {logging_mixin.py:137} INFO - [2023-05-08T14:48:02.458+0000] {dagbag.py:532} INFO - Filling up the DagBag from /home/airflow/.local/lib/python3.7/site-packages/airflow/example_dags/example_bash_operator.py
[2023-05-08T14:48:02.484+0000] {processor.py:753} INFO - DAG(s) dict_keys(['example_bash_operator']) retrieved from /home/airflow/.local/lib/python3.7/site-packages/airflow/example_dags/example_bash_operator.py
[2023-05-08T14:48:02.532+0000] {logging_mixin.py:137} INFO - [2023-05-08T14:48:02.532+0000] {dag.py:2693} INFO - Sync 1 DAGs
[2023-05-08T14:48:02.567+0000] {logging_mixin.py:137} INFO - [2023-05-08T14:48:02.566+0000] {dag.py:3444} INFO - Setting next_dagrun for example_bash_operator to 2023-05-07T00:00:00+00:00, run_after=2023-05-08T00:00:00+00:00
[2023-05-08T14:48:02.587+0000] {processor.py:175} INFO - Processing /home/airflow/.local/lib/python3.7/site-packages/airflow/example_dags/example_bash_operator.py took 0.134 seconds
[2023-05-08T14:48:32.917+0000] {processor.py:153} INFO - Started process (PID=326) to work on /home/airflow/.local/lib/python3.7/site-packages/airflow/example_dags/example_bash_operator.py
[2023-05-08T14:48:32.918+0000] {processor.py:743} INFO - Processing file /home/airflow/.local/lib/python3.7/site-packages/airflow/example_dags/example_bash_operator.py for tasks to queue
[2023-05-08T14:48:32.919+0000] {logging_mixin.py:137} INFO - [2023-05-08T14:48:32.918+0000] {dagbag.py:532} INFO - Filling up the DagBag from /home/airflow/.local/lib/python3.7/site-packages/airflow/example_dags/example_bash_operator.py
[2023-05-08T14:48:32.944+0000] {processor.py:753} INFO - DAG(s) dict_keys(['example_bash_operator']) retrieved from /home/airflow/.local/lib/python3.7/site-packages/airflow/example_dags/example_bash_operator.py
[2023-05-08T14:48:32.992+0000] {logging_mixin.py:137} INFO - [2023-05-08T14:48:32.992+0000] {dag.py:2693} INFO - Sync 1 DAGs
[2023-05-08T14:48:33.024+0000] {logging_mixin.py:137} INFO - [2023-05-08T14:48:33.024+0000] {dag.py:3444} INFO - Setting next_dagrun for example_bash_operator to 2023-05-07T00:00:00+00:00, run_after=2023-05-08T00:00:00+00:00
[2023-05-08T14:48:33.044+0000] {processor.py:175} INFO - Processing /home/airflow/.local/lib/python3.7/site-packages/airflow/example_dags/example_bash_operator.py took 0.131 seconds
[2023-05-08T14:49:03.374+0000] {processor.py:153} INFO - Started process (PID=377) to work on /home/airflow/.local/lib/python3.7/site-packages/airflow/example_dags/example_bash_operator.py
[2023-05-08T14:49:03.375+0000] {processor.py:743} INFO - Processing file /home/airflow/.local/lib/python3.7/site-packages/airflow/example_dags/example_bash_operator.py for tasks to queue
[2023-05-08T14:49:03.376+0000] {logging_mixin.py:137} INFO - [2023-05-08T14:49:03.376+0000] {dagbag.py:532} INFO - Filling up the DagBag from /home/airflow/.local/lib/python3.7/site-packages/airflow/example_dags/example_bash_operator.py
[2023-05-08T14:49:03.402+0000] {processor.py:753} INFO - DAG(s) dict_keys(['example_bash_operator']) retrieved from /home/airflow/.local/lib/python3.7/site-packages/airflow/example_dags/example_bash_operator.py
[2023-05-08T14:49:03.450+0000] {logging_mixin.py:137} INFO - [2023-05-08T14:49:03.450+0000] {dag.py:2693} INFO - Sync 1 DAGs
[2023-05-08T14:49:03.483+0000] {logging_mixin.py:137} INFO - [2023-05-08T14:49:03.483+0000] {dag.py:3444} INFO - Setting next_dagrun for example_bash_operator to 2023-05-07T00:00:00+00:00, run_after=2023-05-08T00:00:00+00:00
[2023-05-08T14:49:03.506+0000] {processor.py:175} INFO - Processing /home/airflow/.local/lib/python3.7/site-packages/airflow/example_dags/example_bash_operator.py took 0.135 seconds
[2023-05-08T14:49:33.816+0000] {processor.py:153} INFO - Started process (PID=429) to work on /home/airflow/.local/lib/python3.7/site-packages/airflow/example_dags/example_bash_operator.py
[2023-05-08T14:49:33.817+0000] {processor.py:743} INFO - Processing file /home/airflow/.local/lib/python3.7/site-packages/airflow/example_dags/example_bash_operator.py for tasks to queue
[2023-05-08T14:49:33.817+0000] {logging_mixin.py:137} INFO - [2023-05-08T14:49:33.817+0000] {dagbag.py:532} INFO - Filling up the DagBag from /home/airflow/.local/lib/python3.7/site-packages/airflow/example_dags/example_bash_operator.py
[2023-05-08T14:49:33.843+0000] {processor.py:753} INFO - DAG(s) dict_keys(['example_bash_operator']) retrieved from /home/airflow/.local/lib/python3.7/site-packages/airflow/example_dags/example_bash_operator.py
[2023-05-08T14:49:33.890+0000] {logging_mixin.py:137} INFO - [2023-05-08T14:49:33.889+0000] {dag.py:2693} INFO - Sync 1 DAGs
[2023-05-08T14:49:33.923+0000] {logging_mixin.py:137} INFO - [2023-05-08T14:49:33.923+0000] {dag.py:3444} INFO - Setting next_dagrun for example_bash_operator to 2023-05-07T00:00:00+00:00, run_after=2023-05-08T00:00:00+00:00
[2023-05-08T14:49:33.943+0000] {processor.py:175} INFO - Processing /home/airflow/.local/lib/python3.7/site-packages/airflow/example_dags/example_bash_operator.py took 0.132 seconds
[2023-05-08T14:50:04.494+0000] {processor.py:153} INFO - Started process (PID=480) to work on /home/airflow/.local/lib/python3.7/site-packages/airflow/example_dags/example_bash_operator.py
[2023-05-08T14:50:04.495+0000] {processor.py:743} INFO - Processing file /home/airflow/.local/lib/python3.7/site-packages/airflow/example_dags/example_bash_operator.py for tasks to queue
[2023-05-08T14:50:04.496+0000] {logging_mixin.py:137} INFO - [2023-05-08T14:50:04.495+0000] {dagbag.py:532} INFO - Filling up the DagBag from /home/airflow/.local/lib/python3.7/site-packages/airflow/example_dags/example_bash_operator.py
[2023-05-08T14:50:04.529+0000] {processor.py:753} INFO - DAG(s) dict_keys(['example_bash_operator']) retrieved from /home/airflow/.local/lib/python3.7/site-packages/airflow/example_dags/example_bash_operator.py
[2023-05-08T14:50:04.576+0000] {logging_mixin.py:137} INFO - [2023-05-08T14:50:04.576+0000] {dag.py:2693} INFO - Sync 1 DAGs
[2023-05-08T14:50:04.608+0000] {logging_mixin.py:137} INFO - [2023-05-08T14:50:04.608+0000] {dag.py:3444} INFO - Setting next_dagrun for example_bash_operator to 2023-05-07T00:00:00+00:00, run_after=2023-05-08T00:00:00+00:00
[2023-05-08T14:50:04.633+0000] {processor.py:175} INFO - Processing /home/airflow/.local/lib/python3.7/site-packages/airflow/example_dags/example_bash_operator.py took 0.150 seconds
[2023-05-08T14:50:35.129+0000] {processor.py:153} INFO - Started process (PID=532) to work on /home/airflow/.local/lib/python3.7/site-packages/airflow/example_dags/example_bash_operator.py
[2023-05-08T14:50:35.130+0000] {processor.py:743} INFO - Processing file /home/airflow/.local/lib/python3.7/site-packages/airflow/example_dags/example_bash_operator.py for tasks to queue
[2023-05-08T14:50:35.131+0000] {logging_mixin.py:137} INFO - [2023-05-08T14:50:35.131+0000] {dagbag.py:532} INFO - Filling up the DagBag from /home/airflow/.local/lib/python3.7/site-packages/airflow/example_dags/example_bash_operator.py
[2023-05-08T14:50:35.159+0000] {processor.py:753} INFO - DAG(s) dict_keys(['example_bash_operator']) retrieved from /home/airflow/.local/lib/python3.7/site-packages/airflow/example_dags/example_bash_operator.py
[2023-05-08T14:50:35.228+0000] {logging_mixin.py:137} INFO - [2023-05-08T14:50:35.228+0000] {dag.py:2693} INFO - Sync 1 DAGs
[2023-05-08T14:50:35.260+0000] {logging_mixin.py:137} INFO - [2023-05-08T14:50:35.260+0000] {dag.py:3444} INFO - Setting next_dagrun for example_bash_operator to 2023-05-07T00:00:00+00:00, run_after=2023-05-08T00:00:00+00:00
[2023-05-08T14:50:35.280+0000] {processor.py:175} INFO - Processing /home/airflow/.local/lib/python3.7/site-packages/airflow/example_dags/example_bash_operator.py took 0.155 seconds
[2023-05-08T14:51:07.124+0000] {processor.py:153} INFO - Started process (PID=588) to work on /home/airflow/.local/lib/python3.7/site-packages/airflow/example_dags/example_bash_operator.py
[2023-05-08T14:51:07.125+0000] {processor.py:743} INFO - Processing file /home/airflow/.local/lib/python3.7/site-packages/airflow/example_dags/example_bash_operator.py for tasks to queue
[2023-05-08T14:51:07.126+0000] {logging_mixin.py:137} INFO - [2023-05-08T14:51:07.126+0000] {dagbag.py:532} INFO - Filling up the DagBag from /home/airflow/.local/lib/python3.7/site-packages/airflow/example_dags/example_bash_operator.py
[2023-05-08T14:51:07.176+0000] {processor.py:753} INFO - DAG(s) dict_keys(['example_bash_operator']) retrieved from /home/airflow/.local/lib/python3.7/site-packages/airflow/example_dags/example_bash_operator.py
[2023-05-08T14:51:07.314+0000] {logging_mixin.py:137} INFO - [2023-05-08T14:51:07.314+0000] {dag.py:2693} INFO - Sync 1 DAGs
[2023-05-08T14:51:07.376+0000] {logging_mixin.py:137} INFO - [2023-05-08T14:51:07.376+0000] {dag.py:3444} INFO - Setting next_dagrun for example_bash_operator to 2023-05-07T00:00:00+00:00, run_after=2023-05-08T00:00:00+00:00
[2023-05-08T14:51:07.423+0000] {processor.py:175} INFO - Processing /home/airflow/.local/lib/python3.7/site-packages/airflow/example_dags/example_bash_operator.py took 0.311 seconds
[2023-05-08T14:51:38.024+0000] {processor.py:153} INFO - Started process (PID=640) to work on /home/airflow/.local/lib/python3.7/site-packages/airflow/example_dags/example_bash_operator.py
[2023-05-08T14:51:38.025+0000] {processor.py:743} INFO - Processing file /home/airflow/.local/lib/python3.7/site-packages/airflow/example_dags/example_bash_operator.py for tasks to queue
[2023-05-08T14:51:38.025+0000] {logging_mixin.py:137} INFO - [2023-05-08T14:51:38.025+0000] {dagbag.py:532} INFO - Filling up the DagBag from /home/airflow/.local/lib/python3.7/site-packages/airflow/example_dags/example_bash_operator.py
[2023-05-08T14:51:38.065+0000] {processor.py:753} INFO - DAG(s) dict_keys(['example_bash_operator']) retrieved from /home/airflow/.local/lib/python3.7/site-packages/airflow/example_dags/example_bash_operator.py
[2023-05-08T14:51:38.193+0000] {logging_mixin.py:137} INFO - [2023-05-08T14:51:38.193+0000] {dag.py:2693} INFO - Sync 1 DAGs
[2023-05-08T14:51:38.269+0000] {logging_mixin.py:137} INFO - [2023-05-08T14:51:38.269+0000] {dag.py:3444} INFO - Setting next_dagrun for example_bash_operator to 2023-05-07T00:00:00+00:00, run_after=2023-05-08T00:00:00+00:00
[2023-05-08T14:51:38.339+0000] {processor.py:175} INFO - Processing /home/airflow/.local/lib/python3.7/site-packages/airflow/example_dags/example_bash_operator.py took 0.327 seconds
[2023-05-08T14:52:08.764+0000] {processor.py:153} INFO - Started process (PID=691) to work on /home/airflow/.local/lib/python3.7/site-packages/airflow/example_dags/example_bash_operator.py
[2023-05-08T14:52:08.773+0000] {processor.py:743} INFO - Processing file /home/airflow/.local/lib/python3.7/site-packages/airflow/example_dags/example_bash_operator.py for tasks to queue
[2023-05-08T14:52:08.774+0000] {logging_mixin.py:137} INFO - [2023-05-08T14:52:08.774+0000] {dagbag.py:532} INFO - Filling up the DagBag from /home/airflow/.local/lib/python3.7/site-packages/airflow/example_dags/example_bash_operator.py
[2023-05-08T14:52:08.807+0000] {processor.py:753} INFO - DAG(s) dict_keys(['example_bash_operator']) retrieved from /home/airflow/.local/lib/python3.7/site-packages/airflow/example_dags/example_bash_operator.py
[2023-05-08T14:52:08.856+0000] {logging_mixin.py:137} INFO - [2023-05-08T14:52:08.856+0000] {dag.py:2693} INFO - Sync 1 DAGs
[2023-05-08T14:52:08.897+0000] {logging_mixin.py:137} INFO - [2023-05-08T14:52:08.896+0000] {dag.py:3444} INFO - Setting next_dagrun for example_bash_operator to 2023-05-07T00:00:00+00:00, run_after=2023-05-08T00:00:00+00:00
[2023-05-08T14:52:08.943+0000] {processor.py:175} INFO - Processing /home/airflow/.local/lib/python3.7/site-packages/airflow/example_dags/example_bash_operator.py took 0.183 seconds
[2023-05-08T14:52:39.305+0000] {processor.py:153} INFO - Started process (PID=743) to work on /home/airflow/.local/lib/python3.7/site-packages/airflow/example_dags/example_bash_operator.py
[2023-05-08T14:52:39.306+0000] {processor.py:743} INFO - Processing file /home/airflow/.local/lib/python3.7/site-packages/airflow/example_dags/example_bash_operator.py for tasks to queue
[2023-05-08T14:52:39.307+0000] {logging_mixin.py:137} INFO - [2023-05-08T14:52:39.307+0000] {dagbag.py:532} INFO - Filling up the DagBag from /home/airflow/.local/lib/python3.7/site-packages/airflow/example_dags/example_bash_operator.py
[2023-05-08T14:52:39.335+0000] {processor.py:753} INFO - DAG(s) dict_keys(['example_bash_operator']) retrieved from /home/airflow/.local/lib/python3.7/site-packages/airflow/example_dags/example_bash_operator.py
[2023-05-08T14:52:39.395+0000] {logging_mixin.py:137} INFO - [2023-05-08T14:52:39.394+0000] {dag.py:2693} INFO - Sync 1 DAGs
[2023-05-08T14:52:39.428+0000] {logging_mixin.py:137} INFO - [2023-05-08T14:52:39.428+0000] {dag.py:3444} INFO - Setting next_dagrun for example_bash_operator to 2023-05-07T00:00:00+00:00, run_after=2023-05-08T00:00:00+00:00
[2023-05-08T14:52:39.455+0000] {processor.py:175} INFO - Processing /home/airflow/.local/lib/python3.7/site-packages/airflow/example_dags/example_bash_operator.py took 0.154 seconds
[2023-05-08T14:53:09.964+0000] {processor.py:153} INFO - Started process (PID=794) to work on /home/airflow/.local/lib/python3.7/site-packages/airflow/example_dags/example_bash_operator.py
[2023-05-08T14:53:09.965+0000] {processor.py:743} INFO - Processing file /home/airflow/.local/lib/python3.7/site-packages/airflow/example_dags/example_bash_operator.py for tasks to queue
[2023-05-08T14:53:09.966+0000] {logging_mixin.py:137} INFO - [2023-05-08T14:53:09.966+0000] {dagbag.py:532} INFO - Filling up the DagBag from /home/airflow/.local/lib/python3.7/site-packages/airflow/example_dags/example_bash_operator.py
[2023-05-08T14:53:09.992+0000] {processor.py:753} INFO - DAG(s) dict_keys(['example_bash_operator']) retrieved from /home/airflow/.local/lib/python3.7/site-packages/airflow/example_dags/example_bash_operator.py
[2023-05-08T14:53:10.041+0000] {logging_mixin.py:137} INFO - [2023-05-08T14:53:10.041+0000] {dag.py:2693} INFO - Sync 1 DAGs
[2023-05-08T14:53:10.075+0000] {logging_mixin.py:137} INFO - [2023-05-08T14:53:10.075+0000] {dag.py:3444} INFO - Setting next_dagrun for example_bash_operator to 2023-05-07T00:00:00+00:00, run_after=2023-05-08T00:00:00+00:00
[2023-05-08T14:53:10.095+0000] {processor.py:175} INFO - Processing /home/airflow/.local/lib/python3.7/site-packages/airflow/example_dags/example_bash_operator.py took 0.135 seconds
[2023-05-08T14:53:40.533+0000] {processor.py:153} INFO - Started process (PID=845) to work on /home/airflow/.local/lib/python3.7/site-packages/airflow/example_dags/example_bash_operator.py
[2023-05-08T14:53:40.534+0000] {processor.py:743} INFO - Processing file /home/airflow/.local/lib/python3.7/site-packages/airflow/example_dags/example_bash_operator.py for tasks to queue
[2023-05-08T14:53:40.534+0000] {logging_mixin.py:137} INFO - [2023-05-08T14:53:40.534+0000] {dagbag.py:532} INFO - Filling up the DagBag from /home/airflow/.local/lib/python3.7/site-packages/airflow/example_dags/example_bash_operator.py
[2023-05-08T14:53:40.561+0000] {processor.py:753} INFO - DAG(s) dict_keys(['example_bash_operator']) retrieved from /home/airflow/.local/lib/python3.7/site-packages/airflow/example_dags/example_bash_operator.py
[2023-05-08T14:53:40.610+0000] {logging_mixin.py:137} INFO - [2023-05-08T14:53:40.610+0000] {dag.py:2693} INFO - Sync 1 DAGs
[2023-05-08T14:53:40.644+0000] {logging_mixin.py:137} INFO - [2023-05-08T14:53:40.644+0000] {dag.py:3444} INFO - Setting next_dagrun for example_bash_operator to 2023-05-07T00:00:00+00:00, run_after=2023-05-08T00:00:00+00:00
[2023-05-08T14:53:40.666+0000] {processor.py:175} INFO - Processing /home/airflow/.local/lib/python3.7/site-packages/airflow/example_dags/example_bash_operator.py took 0.137 seconds
[2023-05-08T14:54:10.816+0000] {processor.py:153} INFO - Started process (PID=896) to work on /home/airflow/.local/lib/python3.7/site-packages/airflow/example_dags/example_bash_operator.py
[2023-05-08T14:54:10.817+0000] {processor.py:743} INFO - Processing file /home/airflow/.local/lib/python3.7/site-packages/airflow/example_dags/example_bash_operator.py for tasks to queue
[2023-05-08T14:54:10.818+0000] {logging_mixin.py:137} INFO - [2023-05-08T14:54:10.818+0000] {dagbag.py:532} INFO - Filling up the DagBag from /home/airflow/.local/lib/python3.7/site-packages/airflow/example_dags/example_bash_operator.py
[2023-05-08T14:54:10.844+0000] {processor.py:753} INFO - DAG(s) dict_keys(['example_bash_operator']) retrieved from /home/airflow/.local/lib/python3.7/site-packages/airflow/example_dags/example_bash_operator.py
[2023-05-08T14:54:10.891+0000] {logging_mixin.py:137} INFO - [2023-05-08T14:54:10.890+0000] {dag.py:2693} INFO - Sync 1 DAGs
[2023-05-08T14:54:10.925+0000] {logging_mixin.py:137} INFO - [2023-05-08T14:54:10.924+0000] {dag.py:3444} INFO - Setting next_dagrun for example_bash_operator to 2023-05-07T00:00:00+00:00, run_after=2023-05-08T00:00:00+00:00
[2023-05-08T14:54:10.947+0000] {processor.py:175} INFO - Processing /home/airflow/.local/lib/python3.7/site-packages/airflow/example_dags/example_bash_operator.py took 0.135 seconds
[2023-05-08T14:54:41.281+0000] {processor.py:153} INFO - Started process (PID=947) to work on /home/airflow/.local/lib/python3.7/site-packages/airflow/example_dags/example_bash_operator.py
[2023-05-08T14:54:41.282+0000] {processor.py:743} INFO - Processing file /home/airflow/.local/lib/python3.7/site-packages/airflow/example_dags/example_bash_operator.py for tasks to queue
[2023-05-08T14:54:41.283+0000] {logging_mixin.py:137} INFO - [2023-05-08T14:54:41.283+0000] {dagbag.py:532} INFO - Filling up the DagBag from /home/airflow/.local/lib/python3.7/site-packages/airflow/example_dags/example_bash_operator.py
[2023-05-08T14:54:41.309+0000] {processor.py:753} INFO - DAG(s) dict_keys(['example_bash_operator']) retrieved from /home/airflow/.local/lib/python3.7/site-packages/airflow/example_dags/example_bash_operator.py
[2023-05-08T14:54:41.357+0000] {logging_mixin.py:137} INFO - [2023-05-08T14:54:41.357+0000] {dag.py:2693} INFO - Sync 1 DAGs
[2023-05-08T14:54:41.391+0000] {logging_mixin.py:137} INFO - [2023-05-08T14:54:41.391+0000] {dag.py:3444} INFO - Setting next_dagrun for example_bash_operator to 2023-05-07T00:00:00+00:00, run_after=2023-05-08T00:00:00+00:00
[2023-05-08T14:54:41.415+0000] {processor.py:175} INFO - Processing /home/airflow/.local/lib/python3.7/site-packages/airflow/example_dags/example_bash_operator.py took 0.137 seconds
[2023-05-08T14:55:11.510+0000] {processor.py:153} INFO - Started process (PID=999) to work on /home/airflow/.local/lib/python3.7/site-packages/airflow/example_dags/example_bash_operator.py
[2023-05-08T14:55:11.511+0000] {processor.py:743} INFO - Processing file /home/airflow/.local/lib/python3.7/site-packages/airflow/example_dags/example_bash_operator.py for tasks to queue
[2023-05-08T14:55:11.512+0000] {logging_mixin.py:137} INFO - [2023-05-08T14:55:11.512+0000] {dagbag.py:532} INFO - Filling up the DagBag from /home/airflow/.local/lib/python3.7/site-packages/airflow/example_dags/example_bash_operator.py
[2023-05-08T14:55:11.543+0000] {processor.py:753} INFO - DAG(s) dict_keys(['example_bash_operator']) retrieved from /home/airflow/.local/lib/python3.7/site-packages/airflow/example_dags/example_bash_operator.py
[2023-05-08T14:55:11.592+0000] {logging_mixin.py:137} INFO - [2023-05-08T14:55:11.592+0000] {dag.py:2693} INFO - Sync 1 DAGs
[2023-05-08T14:55:11.637+0000] {logging_mixin.py:137} INFO - [2023-05-08T14:55:11.636+0000] {dag.py:3444} INFO - Setting next_dagrun for example_bash_operator to 2023-05-07T00:00:00+00:00, run_after=2023-05-08T00:00:00+00:00
[2023-05-08T14:55:11.661+0000] {processor.py:175} INFO - Processing /home/airflow/.local/lib/python3.7/site-packages/airflow/example_dags/example_bash_operator.py took 0.155 seconds
[2023-05-08T14:55:41.946+0000] {processor.py:153} INFO - Started process (PID=1050) to work on /home/airflow/.local/lib/python3.7/site-packages/airflow/example_dags/example_bash_operator.py
[2023-05-08T14:55:41.947+0000] {processor.py:743} INFO - Processing file /home/airflow/.local/lib/python3.7/site-packages/airflow/example_dags/example_bash_operator.py for tasks to queue
[2023-05-08T14:55:41.948+0000] {logging_mixin.py:137} INFO - [2023-05-08T14:55:41.948+0000] {dagbag.py:532} INFO - Filling up the DagBag from /home/airflow/.local/lib/python3.7/site-packages/airflow/example_dags/example_bash_operator.py
[2023-05-08T14:55:41.973+0000] {processor.py:753} INFO - DAG(s) dict_keys(['example_bash_operator']) retrieved from /home/airflow/.local/lib/python3.7/site-packages/airflow/example_dags/example_bash_operator.py
[2023-05-08T14:55:42.020+0000] {logging_mixin.py:137} INFO - [2023-05-08T14:55:42.020+0000] {dag.py:2693} INFO - Sync 1 DAGs
[2023-05-08T14:55:42.053+0000] {logging_mixin.py:137} INFO - [2023-05-08T14:55:42.053+0000] {dag.py:3444} INFO - Setting next_dagrun for example_bash_operator to 2023-05-07T00:00:00+00:00, run_after=2023-05-08T00:00:00+00:00
[2023-05-08T14:55:42.073+0000] {processor.py:175} INFO - Processing /home/airflow/.local/lib/python3.7/site-packages/airflow/example_dags/example_bash_operator.py took 0.131 seconds
[2023-05-08T14:56:12.451+0000] {processor.py:153} INFO - Started process (PID=1101) to work on /home/airflow/.local/lib/python3.7/site-packages/airflow/example_dags/example_bash_operator.py
[2023-05-08T14:56:12.452+0000] {processor.py:743} INFO - Processing file /home/airflow/.local/lib/python3.7/site-packages/airflow/example_dags/example_bash_operator.py for tasks to queue
[2023-05-08T14:56:12.453+0000] {logging_mixin.py:137} INFO - [2023-05-08T14:56:12.452+0000] {dagbag.py:532} INFO - Filling up the DagBag from /home/airflow/.local/lib/python3.7/site-packages/airflow/example_dags/example_bash_operator.py
[2023-05-08T14:56:12.481+0000] {processor.py:753} INFO - DAG(s) dict_keys(['example_bash_operator']) retrieved from /home/airflow/.local/lib/python3.7/site-packages/airflow/example_dags/example_bash_operator.py
[2023-05-08T14:56:12.535+0000] {logging_mixin.py:137} INFO - [2023-05-08T14:56:12.535+0000] {dag.py:2693} INFO - Sync 1 DAGs
[2023-05-08T14:56:12.575+0000] {logging_mixin.py:137} INFO - [2023-05-08T14:56:12.575+0000] {dag.py:3444} INFO - Setting next_dagrun for example_bash_operator to 2023-05-07T00:00:00+00:00, run_after=2023-05-08T00:00:00+00:00
[2023-05-08T14:56:12.597+0000] {processor.py:175} INFO - Processing /home/airflow/.local/lib/python3.7/site-packages/airflow/example_dags/example_bash_operator.py took 0.150 seconds
[2023-05-08T14:56:42.767+0000] {processor.py:153} INFO - Started process (PID=1152) to work on /home/airflow/.local/lib/python3.7/site-packages/airflow/example_dags/example_bash_operator.py
[2023-05-08T14:56:42.768+0000] {processor.py:743} INFO - Processing file /home/airflow/.local/lib/python3.7/site-packages/airflow/example_dags/example_bash_operator.py for tasks to queue
[2023-05-08T14:56:42.769+0000] {logging_mixin.py:137} INFO - [2023-05-08T14:56:42.768+0000] {dagbag.py:532} INFO - Filling up the DagBag from /home/airflow/.local/lib/python3.7/site-packages/airflow/example_dags/example_bash_operator.py
[2023-05-08T14:56:42.801+0000] {processor.py:753} INFO - DAG(s) dict_keys(['example_bash_operator']) retrieved from /home/airflow/.local/lib/python3.7/site-packages/airflow/example_dags/example_bash_operator.py
[2023-05-08T14:56:42.849+0000] {logging_mixin.py:137} INFO - [2023-05-08T14:56:42.848+0000] {dag.py:2693} INFO - Sync 1 DAGs
[2023-05-08T14:56:42.882+0000] {logging_mixin.py:137} INFO - [2023-05-08T14:56:42.882+0000] {dag.py:3444} INFO - Setting next_dagrun for example_bash_operator to 2023-05-07T00:00:00+00:00, run_after=2023-05-08T00:00:00+00:00
[2023-05-08T14:56:42.904+0000] {processor.py:175} INFO - Processing /home/airflow/.local/lib/python3.7/site-packages/airflow/example_dags/example_bash_operator.py took 0.143 seconds
[2023-05-08T14:57:13.701+0000] {processor.py:153} INFO - Started process (PID=1203) to work on /home/airflow/.local/lib/python3.7/site-packages/airflow/example_dags/example_bash_operator.py
[2023-05-08T14:57:13.702+0000] {processor.py:743} INFO - Processing file /home/airflow/.local/lib/python3.7/site-packages/airflow/example_dags/example_bash_operator.py for tasks to queue
[2023-05-08T14:57:13.704+0000] {logging_mixin.py:137} INFO - [2023-05-08T14:57:13.704+0000] {dagbag.py:532} INFO - Filling up the DagBag from /home/airflow/.local/lib/python3.7/site-packages/airflow/example_dags/example_bash_operator.py
[2023-05-08T14:57:13.730+0000] {processor.py:753} INFO - DAG(s) dict_keys(['example_bash_operator']) retrieved from /home/airflow/.local/lib/python3.7/site-packages/airflow/example_dags/example_bash_operator.py
[2023-05-08T14:57:13.784+0000] {logging_mixin.py:137} INFO - [2023-05-08T14:57:13.784+0000] {dag.py:2693} INFO - Sync 1 DAGs
[2023-05-08T14:57:13.822+0000] {logging_mixin.py:137} INFO - [2023-05-08T14:57:13.820+0000] {dag.py:3444} INFO - Setting next_dagrun for example_bash_operator to 2023-05-07T00:00:00+00:00, run_after=2023-05-08T00:00:00+00:00
[2023-05-08T14:57:13.845+0000] {processor.py:175} INFO - Processing /home/airflow/.local/lib/python3.7/site-packages/airflow/example_dags/example_bash_operator.py took 0.149 seconds
[2023-05-08T14:57:45.008+0000] {processor.py:153} INFO - Started process (PID=1255) to work on /home/airflow/.local/lib/python3.7/site-packages/airflow/example_dags/example_bash_operator.py
[2023-05-08T14:57:45.008+0000] {processor.py:743} INFO - Processing file /home/airflow/.local/lib/python3.7/site-packages/airflow/example_dags/example_bash_operator.py for tasks to queue
[2023-05-08T14:57:45.009+0000] {logging_mixin.py:137} INFO - [2023-05-08T14:57:45.009+0000] {dagbag.py:532} INFO - Filling up the DagBag from /home/airflow/.local/lib/python3.7/site-packages/airflow/example_dags/example_bash_operator.py
[2023-05-08T14:57:45.048+0000] {processor.py:753} INFO - DAG(s) dict_keys(['example_bash_operator']) retrieved from /home/airflow/.local/lib/python3.7/site-packages/airflow/example_dags/example_bash_operator.py
[2023-05-08T14:57:45.139+0000] {logging_mixin.py:137} INFO - [2023-05-08T14:57:45.139+0000] {dag.py:2693} INFO - Sync 1 DAGs
[2023-05-08T14:57:45.196+0000] {logging_mixin.py:137} INFO - [2023-05-08T14:57:45.195+0000] {dag.py:3444} INFO - Setting next_dagrun for example_bash_operator to 2023-05-07T00:00:00+00:00, run_after=2023-05-08T00:00:00+00:00
[2023-05-08T14:57:45.252+0000] {processor.py:175} INFO - Processing /home/airflow/.local/lib/python3.7/site-packages/airflow/example_dags/example_bash_operator.py took 0.252 seconds
[2023-05-08T14:58:16.181+0000] {processor.py:153} INFO - Started process (PID=1306) to work on /home/airflow/.local/lib/python3.7/site-packages/airflow/example_dags/example_bash_operator.py
[2023-05-08T14:58:16.182+0000] {processor.py:743} INFO - Processing file /home/airflow/.local/lib/python3.7/site-packages/airflow/example_dags/example_bash_operator.py for tasks to queue
[2023-05-08T14:58:16.182+0000] {logging_mixin.py:137} INFO - [2023-05-08T14:58:16.182+0000] {dagbag.py:532} INFO - Filling up the DagBag from /home/airflow/.local/lib/python3.7/site-packages/airflow/example_dags/example_bash_operator.py
[2023-05-08T14:58:16.225+0000] {processor.py:753} INFO - DAG(s) dict_keys(['example_bash_operator']) retrieved from /home/airflow/.local/lib/python3.7/site-packages/airflow/example_dags/example_bash_operator.py
[2023-05-08T14:58:16.273+0000] {logging_mixin.py:137} INFO - [2023-05-08T14:58:16.273+0000] {dag.py:2693} INFO - Sync 1 DAGs
[2023-05-08T14:58:16.306+0000] {logging_mixin.py:137} INFO - [2023-05-08T14:58:16.306+0000] {dag.py:3444} INFO - Setting next_dagrun for example_bash_operator to 2023-05-07T00:00:00+00:00, run_after=2023-05-08T00:00:00+00:00
[2023-05-08T14:58:16.326+0000] {processor.py:175} INFO - Processing /home/airflow/.local/lib/python3.7/site-packages/airflow/example_dags/example_bash_operator.py took 0.149 seconds
[2023-05-08T14:58:47.256+0000] {processor.py:153} INFO - Started process (PID=1358) to work on /home/airflow/.local/lib/python3.7/site-packages/airflow/example_dags/example_bash_operator.py
[2023-05-08T14:58:47.256+0000] {processor.py:743} INFO - Processing file /home/airflow/.local/lib/python3.7/site-packages/airflow/example_dags/example_bash_operator.py for tasks to queue
[2023-05-08T14:58:47.257+0000] {logging_mixin.py:137} INFO - [2023-05-08T14:58:47.257+0000] {dagbag.py:532} INFO - Filling up the DagBag from /home/airflow/.local/lib/python3.7/site-packages/airflow/example_dags/example_bash_operator.py
[2023-05-08T14:58:47.286+0000] {processor.py:753} INFO - DAG(s) dict_keys(['example_bash_operator']) retrieved from /home/airflow/.local/lib/python3.7/site-packages/airflow/example_dags/example_bash_operator.py
[2023-05-08T14:58:47.335+0000] {logging_mixin.py:137} INFO - [2023-05-08T14:58:47.335+0000] {dag.py:2693} INFO - Sync 1 DAGs
[2023-05-08T14:58:47.370+0000] {logging_mixin.py:137} INFO - [2023-05-08T14:58:47.370+0000] {dag.py:3444} INFO - Setting next_dagrun for example_bash_operator to 2023-05-07T00:00:00+00:00, run_after=2023-05-08T00:00:00+00:00
[2023-05-08T14:58:47.390+0000] {processor.py:175} INFO - Processing /home/airflow/.local/lib/python3.7/site-packages/airflow/example_dags/example_bash_operator.py took 0.138 seconds
[2023-05-08T14:59:18.307+0000] {processor.py:153} INFO - Started process (PID=1409) to work on /home/airflow/.local/lib/python3.7/site-packages/airflow/example_dags/example_bash_operator.py
[2023-05-08T14:59:18.311+0000] {processor.py:743} INFO - Processing file /home/airflow/.local/lib/python3.7/site-packages/airflow/example_dags/example_bash_operator.py for tasks to queue
[2023-05-08T14:59:18.312+0000] {logging_mixin.py:137} INFO - [2023-05-08T14:59:18.311+0000] {dagbag.py:532} INFO - Filling up the DagBag from /home/airflow/.local/lib/python3.7/site-packages/airflow/example_dags/example_bash_operator.py
[2023-05-08T14:59:18.368+0000] {processor.py:753} INFO - DAG(s) dict_keys(['example_bash_operator']) retrieved from /home/airflow/.local/lib/python3.7/site-packages/airflow/example_dags/example_bash_operator.py
[2023-05-08T14:59:18.427+0000] {logging_mixin.py:137} INFO - [2023-05-08T14:59:18.427+0000] {dag.py:2693} INFO - Sync 1 DAGs
[2023-05-08T14:59:18.496+0000] {logging_mixin.py:137} INFO - [2023-05-08T14:59:18.496+0000] {dag.py:3444} INFO - Setting next_dagrun for example_bash_operator to 2023-05-07T00:00:00+00:00, run_after=2023-05-08T00:00:00+00:00
[2023-05-08T14:59:18.528+0000] {processor.py:175} INFO - Processing /home/airflow/.local/lib/python3.7/site-packages/airflow/example_dags/example_bash_operator.py took 0.229 seconds
[2023-05-08T14:59:48.843+0000] {processor.py:153} INFO - Started process (PID=1460) to work on /home/airflow/.local/lib/python3.7/site-packages/airflow/example_dags/example_bash_operator.py
[2023-05-08T14:59:48.844+0000] {processor.py:743} INFO - Processing file /home/airflow/.local/lib/python3.7/site-packages/airflow/example_dags/example_bash_operator.py for tasks to queue
[2023-05-08T14:59:48.845+0000] {logging_mixin.py:137} INFO - [2023-05-08T14:59:48.844+0000] {dagbag.py:532} INFO - Filling up the DagBag from /home/airflow/.local/lib/python3.7/site-packages/airflow/example_dags/example_bash_operator.py
[2023-05-08T14:59:48.871+0000] {processor.py:753} INFO - DAG(s) dict_keys(['example_bash_operator']) retrieved from /home/airflow/.local/lib/python3.7/site-packages/airflow/example_dags/example_bash_operator.py
[2023-05-08T14:59:48.918+0000] {logging_mixin.py:137} INFO - [2023-05-08T14:59:48.918+0000] {dag.py:2693} INFO - Sync 1 DAGs
[2023-05-08T14:59:48.950+0000] {logging_mixin.py:137} INFO - [2023-05-08T14:59:48.950+0000] {dag.py:3444} INFO - Setting next_dagrun for example_bash_operator to 2023-05-07T00:00:00+00:00, run_after=2023-05-08T00:00:00+00:00
[2023-05-08T14:59:48.970+0000] {processor.py:175} INFO - Processing /home/airflow/.local/lib/python3.7/site-packages/airflow/example_dags/example_bash_operator.py took 0.131 seconds
[2023-05-08T15:00:19.065+0000] {processor.py:153} INFO - Started process (PID=1511) to work on /home/airflow/.local/lib/python3.7/site-packages/airflow/example_dags/example_bash_operator.py
[2023-05-08T15:00:19.065+0000] {processor.py:743} INFO - Processing file /home/airflow/.local/lib/python3.7/site-packages/airflow/example_dags/example_bash_operator.py for tasks to queue
[2023-05-08T15:00:19.066+0000] {logging_mixin.py:137} INFO - [2023-05-08T15:00:19.066+0000] {dagbag.py:532} INFO - Filling up the DagBag from /home/airflow/.local/lib/python3.7/site-packages/airflow/example_dags/example_bash_operator.py
[2023-05-08T15:00:19.092+0000] {processor.py:753} INFO - DAG(s) dict_keys(['example_bash_operator']) retrieved from /home/airflow/.local/lib/python3.7/site-packages/airflow/example_dags/example_bash_operator.py
[2023-05-08T15:00:19.140+0000] {logging_mixin.py:137} INFO - [2023-05-08T15:00:19.140+0000] {dag.py:2693} INFO - Sync 1 DAGs
[2023-05-08T15:00:19.173+0000] {logging_mixin.py:137} INFO - [2023-05-08T15:00:19.173+0000] {dag.py:3444} INFO - Setting next_dagrun for example_bash_operator to 2023-05-07T00:00:00+00:00, run_after=2023-05-08T00:00:00+00:00
[2023-05-08T15:00:19.193+0000] {processor.py:175} INFO - Processing /home/airflow/.local/lib/python3.7/site-packages/airflow/example_dags/example_bash_operator.py took 0.132 seconds
[2023-05-08T15:00:49.724+0000] {processor.py:153} INFO - Started process (PID=1562) to work on /home/airflow/.local/lib/python3.7/site-packages/airflow/example_dags/example_bash_operator.py
[2023-05-08T15:00:49.725+0000] {processor.py:743} INFO - Processing file /home/airflow/.local/lib/python3.7/site-packages/airflow/example_dags/example_bash_operator.py for tasks to queue
[2023-05-08T15:00:49.726+0000] {logging_mixin.py:137} INFO - [2023-05-08T15:00:49.726+0000] {dagbag.py:532} INFO - Filling up the DagBag from /home/airflow/.local/lib/python3.7/site-packages/airflow/example_dags/example_bash_operator.py
[2023-05-08T15:00:49.753+0000] {processor.py:753} INFO - DAG(s) dict_keys(['example_bash_operator']) retrieved from /home/airflow/.local/lib/python3.7/site-packages/airflow/example_dags/example_bash_operator.py
[2023-05-08T15:00:49.802+0000] {logging_mixin.py:137} INFO - [2023-05-08T15:00:49.802+0000] {dag.py:2693} INFO - Sync 1 DAGs
[2023-05-08T15:00:49.833+0000] {logging_mixin.py:137} INFO - [2023-05-08T15:00:49.833+0000] {dag.py:3444} INFO - Setting next_dagrun for example_bash_operator to 2023-05-07T00:00:00+00:00, run_after=2023-05-08T00:00:00+00:00
[2023-05-08T15:00:49.853+0000] {processor.py:175} INFO - Processing /home/airflow/.local/lib/python3.7/site-packages/airflow/example_dags/example_bash_operator.py took 0.133 seconds
[2023-05-08T15:01:20.194+0000] {processor.py:153} INFO - Started process (PID=1613) to work on /home/airflow/.local/lib/python3.7/site-packages/airflow/example_dags/example_bash_operator.py
[2023-05-08T15:01:20.195+0000] {processor.py:743} INFO - Processing file /home/airflow/.local/lib/python3.7/site-packages/airflow/example_dags/example_bash_operator.py for tasks to queue
[2023-05-08T15:01:20.196+0000] {logging_mixin.py:137} INFO - [2023-05-08T15:01:20.196+0000] {dagbag.py:532} INFO - Filling up the DagBag from /home/airflow/.local/lib/python3.7/site-packages/airflow/example_dags/example_bash_operator.py
[2023-05-08T15:01:20.224+0000] {processor.py:753} INFO - DAG(s) dict_keys(['example_bash_operator']) retrieved from /home/airflow/.local/lib/python3.7/site-packages/airflow/example_dags/example_bash_operator.py
[2023-05-08T15:01:20.272+0000] {logging_mixin.py:137} INFO - [2023-05-08T15:01:20.272+0000] {dag.py:2693} INFO - Sync 1 DAGs
[2023-05-08T15:01:20.305+0000] {logging_mixin.py:137} INFO - [2023-05-08T15:01:20.305+0000] {dag.py:3444} INFO - Setting next_dagrun for example_bash_operator to 2023-05-07T00:00:00+00:00, run_after=2023-05-08T00:00:00+00:00
[2023-05-08T15:01:20.329+0000] {processor.py:175} INFO - Processing /home/airflow/.local/lib/python3.7/site-packages/airflow/example_dags/example_bash_operator.py took 0.139 seconds
[2023-05-08T15:01:50.615+0000] {processor.py:153} INFO - Started process (PID=1664) to work on /home/airflow/.local/lib/python3.7/site-packages/airflow/example_dags/example_bash_operator.py
[2023-05-08T15:01:50.616+0000] {processor.py:743} INFO - Processing file /home/airflow/.local/lib/python3.7/site-packages/airflow/example_dags/example_bash_operator.py for tasks to queue
[2023-05-08T15:01:50.617+0000] {logging_mixin.py:137} INFO - [2023-05-08T15:01:50.617+0000] {dagbag.py:532} INFO - Filling up the DagBag from /home/airflow/.local/lib/python3.7/site-packages/airflow/example_dags/example_bash_operator.py
[2023-05-08T15:01:50.645+0000] {processor.py:753} INFO - DAG(s) dict_keys(['example_bash_operator']) retrieved from /home/airflow/.local/lib/python3.7/site-packages/airflow/example_dags/example_bash_operator.py
[2023-05-08T15:01:50.694+0000] {logging_mixin.py:137} INFO - [2023-05-08T15:01:50.694+0000] {dag.py:2693} INFO - Sync 1 DAGs
[2023-05-08T15:01:50.729+0000] {logging_mixin.py:137} INFO - [2023-05-08T15:01:50.729+0000] {dag.py:3444} INFO - Setting next_dagrun for example_bash_operator to 2023-05-07T00:00:00+00:00, run_after=2023-05-08T00:00:00+00:00
[2023-05-08T15:01:50.752+0000] {processor.py:175} INFO - Processing /home/airflow/.local/lib/python3.7/site-packages/airflow/example_dags/example_bash_operator.py took 0.141 seconds
[2023-05-08T15:02:21.036+0000] {processor.py:153} INFO - Started process (PID=1715) to work on /home/airflow/.local/lib/python3.7/site-packages/airflow/example_dags/example_bash_operator.py
[2023-05-08T15:02:21.037+0000] {processor.py:743} INFO - Processing file /home/airflow/.local/lib/python3.7/site-packages/airflow/example_dags/example_bash_operator.py for tasks to queue
[2023-05-08T15:02:21.038+0000] {logging_mixin.py:137} INFO - [2023-05-08T15:02:21.037+0000] {dagbag.py:532} INFO - Filling up the DagBag from /home/airflow/.local/lib/python3.7/site-packages/airflow/example_dags/example_bash_operator.py
[2023-05-08T15:02:21.065+0000] {processor.py:753} INFO - DAG(s) dict_keys(['example_bash_operator']) retrieved from /home/airflow/.local/lib/python3.7/site-packages/airflow/example_dags/example_bash_operator.py
[2023-05-08T15:02:21.112+0000] {logging_mixin.py:137} INFO - [2023-05-08T15:02:21.112+0000] {dag.py:2693} INFO - Sync 1 DAGs
[2023-05-08T15:02:21.147+0000] {logging_mixin.py:137} INFO - [2023-05-08T15:02:21.147+0000] {dag.py:3444} INFO - Setting next_dagrun for example_bash_operator to 2023-05-07T00:00:00+00:00, run_after=2023-05-08T00:00:00+00:00
[2023-05-08T15:02:21.170+0000] {processor.py:175} INFO - Processing /home/airflow/.local/lib/python3.7/site-packages/airflow/example_dags/example_bash_operator.py took 0.138 seconds
[2023-05-08T15:02:51.597+0000] {processor.py:153} INFO - Started process (PID=1766) to work on /home/airflow/.local/lib/python3.7/site-packages/airflow/example_dags/example_bash_operator.py
[2023-05-08T15:02:51.600+0000] {processor.py:743} INFO - Processing file /home/airflow/.local/lib/python3.7/site-packages/airflow/example_dags/example_bash_operator.py for tasks to queue
[2023-05-08T15:02:51.600+0000] {logging_mixin.py:137} INFO - [2023-05-08T15:02:51.600+0000] {dagbag.py:532} INFO - Filling up the DagBag from /home/airflow/.local/lib/python3.7/site-packages/airflow/example_dags/example_bash_operator.py
[2023-05-08T15:02:51.628+0000] {processor.py:753} INFO - DAG(s) dict_keys(['example_bash_operator']) retrieved from /home/airflow/.local/lib/python3.7/site-packages/airflow/example_dags/example_bash_operator.py
[2023-05-08T15:02:51.677+0000] {logging_mixin.py:137} INFO - [2023-05-08T15:02:51.676+0000] {dag.py:2693} INFO - Sync 1 DAGs
[2023-05-08T15:02:51.709+0000] {logging_mixin.py:137} INFO - [2023-05-08T15:02:51.709+0000] {dag.py:3444} INFO - Setting next_dagrun for example_bash_operator to 2023-05-07T00:00:00+00:00, run_after=2023-05-08T00:00:00+00:00
[2023-05-08T15:02:51.729+0000] {processor.py:175} INFO - Processing /home/airflow/.local/lib/python3.7/site-packages/airflow/example_dags/example_bash_operator.py took 0.135 seconds
[2023-05-08T15:03:21.889+0000] {processor.py:153} INFO - Started process (PID=1817) to work on /home/airflow/.local/lib/python3.7/site-packages/airflow/example_dags/example_bash_operator.py
[2023-05-08T15:03:21.889+0000] {processor.py:743} INFO - Processing file /home/airflow/.local/lib/python3.7/site-packages/airflow/example_dags/example_bash_operator.py for tasks to queue
[2023-05-08T15:03:21.890+0000] {logging_mixin.py:137} INFO - [2023-05-08T15:03:21.890+0000] {dagbag.py:532} INFO - Filling up the DagBag from /home/airflow/.local/lib/python3.7/site-packages/airflow/example_dags/example_bash_operator.py
[2023-05-08T15:03:21.917+0000] {processor.py:753} INFO - DAG(s) dict_keys(['example_bash_operator']) retrieved from /home/airflow/.local/lib/python3.7/site-packages/airflow/example_dags/example_bash_operator.py
[2023-05-08T15:03:21.969+0000] {logging_mixin.py:137} INFO - [2023-05-08T15:03:21.969+0000] {dag.py:2693} INFO - Sync 1 DAGs
[2023-05-08T15:03:22.003+0000] {logging_mixin.py:137} INFO - [2023-05-08T15:03:22.003+0000] {dag.py:3444} INFO - Setting next_dagrun for example_bash_operator to 2023-05-07T00:00:00+00:00, run_after=2023-05-08T00:00:00+00:00
[2023-05-08T15:03:22.032+0000] {processor.py:175} INFO - Processing /home/airflow/.local/lib/python3.7/site-packages/airflow/example_dags/example_bash_operator.py took 0.147 seconds
[2023-05-08T15:03:52.817+0000] {processor.py:153} INFO - Started process (PID=1868) to work on /home/airflow/.local/lib/python3.7/site-packages/airflow/example_dags/example_bash_operator.py
[2023-05-08T15:03:52.818+0000] {processor.py:743} INFO - Processing file /home/airflow/.local/lib/python3.7/site-packages/airflow/example_dags/example_bash_operator.py for tasks to queue
[2023-05-08T15:03:52.819+0000] {logging_mixin.py:137} INFO - [2023-05-08T15:03:52.819+0000] {dagbag.py:532} INFO - Filling up the DagBag from /home/airflow/.local/lib/python3.7/site-packages/airflow/example_dags/example_bash_operator.py
[2023-05-08T15:03:52.845+0000] {processor.py:753} INFO - DAG(s) dict_keys(['example_bash_operator']) retrieved from /home/airflow/.local/lib/python3.7/site-packages/airflow/example_dags/example_bash_operator.py
[2023-05-08T15:03:52.892+0000] {logging_mixin.py:137} INFO - [2023-05-08T15:03:52.892+0000] {dag.py:2693} INFO - Sync 1 DAGs
[2023-05-08T15:03:52.926+0000] {logging_mixin.py:137} INFO - [2023-05-08T15:03:52.926+0000] {dag.py:3444} INFO - Setting next_dagrun for example_bash_operator to 2023-05-07T00:00:00+00:00, run_after=2023-05-08T00:00:00+00:00
[2023-05-08T15:03:52.946+0000] {processor.py:175} INFO - Processing /home/airflow/.local/lib/python3.7/site-packages/airflow/example_dags/example_bash_operator.py took 0.134 seconds
[2023-05-08T15:04:24.448+0000] {processor.py:153} INFO - Started process (PID=1917) to work on /home/airflow/.local/lib/python3.7/site-packages/airflow/example_dags/example_bash_operator.py
[2023-05-08T15:04:24.451+0000] {processor.py:743} INFO - Processing file /home/airflow/.local/lib/python3.7/site-packages/airflow/example_dags/example_bash_operator.py for tasks to queue
[2023-05-08T15:04:24.453+0000] {logging_mixin.py:137} INFO - [2023-05-08T15:04:24.453+0000] {dagbag.py:532} INFO - Filling up the DagBag from /home/airflow/.local/lib/python3.7/site-packages/airflow/example_dags/example_bash_operator.py
[2023-05-08T15:04:24.480+0000] {processor.py:753} INFO - DAG(s) dict_keys(['example_bash_operator']) retrieved from /home/airflow/.local/lib/python3.7/site-packages/airflow/example_dags/example_bash_operator.py
[2023-05-08T15:04:24.589+0000] {logging_mixin.py:137} INFO - [2023-05-08T15:04:24.589+0000] {dag.py:2693} INFO - Sync 1 DAGs
[2023-05-08T15:04:24.660+0000] {logging_mixin.py:137} INFO - [2023-05-08T15:04:24.660+0000] {dag.py:3444} INFO - Setting next_dagrun for example_bash_operator to 2023-05-07T00:00:00+00:00, run_after=2023-05-08T00:00:00+00:00
[2023-05-08T15:04:24.706+0000] {processor.py:175} INFO - Processing /home/airflow/.local/lib/python3.7/site-packages/airflow/example_dags/example_bash_operator.py took 0.261 seconds
[2023-05-08T15:04:55.319+0000] {processor.py:153} INFO - Started process (PID=1968) to work on /home/airflow/.local/lib/python3.7/site-packages/airflow/example_dags/example_bash_operator.py
[2023-05-08T15:04:55.327+0000] {processor.py:743} INFO - Processing file /home/airflow/.local/lib/python3.7/site-packages/airflow/example_dags/example_bash_operator.py for tasks to queue
[2023-05-08T15:04:55.328+0000] {logging_mixin.py:137} INFO - [2023-05-08T15:04:55.328+0000] {dagbag.py:532} INFO - Filling up the DagBag from /home/airflow/.local/lib/python3.7/site-packages/airflow/example_dags/example_bash_operator.py
[2023-05-08T15:04:55.380+0000] {processor.py:753} INFO - DAG(s) dict_keys(['example_bash_operator']) retrieved from /home/airflow/.local/lib/python3.7/site-packages/airflow/example_dags/example_bash_operator.py
[2023-05-08T15:04:55.483+0000] {logging_mixin.py:137} INFO - [2023-05-08T15:04:55.483+0000] {dag.py:2693} INFO - Sync 1 DAGs
[2023-05-08T15:04:55.541+0000] {logging_mixin.py:137} INFO - [2023-05-08T15:04:55.540+0000] {dag.py:3444} INFO - Setting next_dagrun for example_bash_operator to 2023-05-07T00:00:00+00:00, run_after=2023-05-08T00:00:00+00:00
[2023-05-08T15:04:55.591+0000] {processor.py:175} INFO - Processing /home/airflow/.local/lib/python3.7/site-packages/airflow/example_dags/example_bash_operator.py took 0.276 seconds
[2023-05-08T15:05:25.873+0000] {processor.py:153} INFO - Started process (PID=2019) to work on /home/airflow/.local/lib/python3.7/site-packages/airflow/example_dags/example_bash_operator.py
[2023-05-08T15:05:25.874+0000] {processor.py:743} INFO - Processing file /home/airflow/.local/lib/python3.7/site-packages/airflow/example_dags/example_bash_operator.py for tasks to queue
[2023-05-08T15:05:25.874+0000] {logging_mixin.py:137} INFO - [2023-05-08T15:05:25.874+0000] {dagbag.py:532} INFO - Filling up the DagBag from /home/airflow/.local/lib/python3.7/site-packages/airflow/example_dags/example_bash_operator.py
[2023-05-08T15:05:25.901+0000] {processor.py:753} INFO - DAG(s) dict_keys(['example_bash_operator']) retrieved from /home/airflow/.local/lib/python3.7/site-packages/airflow/example_dags/example_bash_operator.py
[2023-05-08T15:05:25.952+0000] {logging_mixin.py:137} INFO - [2023-05-08T15:05:25.952+0000] {dag.py:2693} INFO - Sync 1 DAGs
[2023-05-08T15:05:25.986+0000] {logging_mixin.py:137} INFO - [2023-05-08T15:05:25.986+0000] {dag.py:3444} INFO - Setting next_dagrun for example_bash_operator to 2023-05-07T00:00:00+00:00, run_after=2023-05-08T00:00:00+00:00
[2023-05-08T15:05:26.012+0000] {processor.py:175} INFO - Processing /home/airflow/.local/lib/python3.7/site-packages/airflow/example_dags/example_bash_operator.py took 0.143 seconds
[2023-05-08T15:05:56.187+0000] {processor.py:153} INFO - Started process (PID=2070) to work on /home/airflow/.local/lib/python3.7/site-packages/airflow/example_dags/example_bash_operator.py
[2023-05-08T15:05:56.188+0000] {processor.py:743} INFO - Processing file /home/airflow/.local/lib/python3.7/site-packages/airflow/example_dags/example_bash_operator.py for tasks to queue
[2023-05-08T15:05:56.189+0000] {logging_mixin.py:137} INFO - [2023-05-08T15:05:56.189+0000] {dagbag.py:532} INFO - Filling up the DagBag from /home/airflow/.local/lib/python3.7/site-packages/airflow/example_dags/example_bash_operator.py
[2023-05-08T15:05:56.216+0000] {processor.py:753} INFO - DAG(s) dict_keys(['example_bash_operator']) retrieved from /home/airflow/.local/lib/python3.7/site-packages/airflow/example_dags/example_bash_operator.py
[2023-05-08T15:05:56.265+0000] {logging_mixin.py:137} INFO - [2023-05-08T15:05:56.265+0000] {dag.py:2693} INFO - Sync 1 DAGs
[2023-05-08T15:05:56.298+0000] {logging_mixin.py:137} INFO - [2023-05-08T15:05:56.298+0000] {dag.py:3444} INFO - Setting next_dagrun for example_bash_operator to 2023-05-07T00:00:00+00:00, run_after=2023-05-08T00:00:00+00:00
[2023-05-08T15:05:56.318+0000] {processor.py:175} INFO - Processing /home/airflow/.local/lib/python3.7/site-packages/airflow/example_dags/example_bash_operator.py took 0.135 seconds
[2023-05-08T15:06:27.118+0000] {processor.py:153} INFO - Started process (PID=2121) to work on /home/airflow/.local/lib/python3.7/site-packages/airflow/example_dags/example_bash_operator.py
[2023-05-08T15:06:27.118+0000] {processor.py:743} INFO - Processing file /home/airflow/.local/lib/python3.7/site-packages/airflow/example_dags/example_bash_operator.py for tasks to queue
[2023-05-08T15:06:27.119+0000] {logging_mixin.py:137} INFO - [2023-05-08T15:06:27.119+0000] {dagbag.py:532} INFO - Filling up the DagBag from /home/airflow/.local/lib/python3.7/site-packages/airflow/example_dags/example_bash_operator.py
[2023-05-08T15:06:27.145+0000] {processor.py:753} INFO - DAG(s) dict_keys(['example_bash_operator']) retrieved from /home/airflow/.local/lib/python3.7/site-packages/airflow/example_dags/example_bash_operator.py
[2023-05-08T15:06:27.195+0000] {logging_mixin.py:137} INFO - [2023-05-08T15:06:27.195+0000] {dag.py:2693} INFO - Sync 1 DAGs
[2023-05-08T15:06:27.227+0000] {logging_mixin.py:137} INFO - [2023-05-08T15:06:27.226+0000] {dag.py:3444} INFO - Setting next_dagrun for example_bash_operator to 2023-05-07T00:00:00+00:00, run_after=2023-05-08T00:00:00+00:00
[2023-05-08T15:06:27.247+0000] {processor.py:175} INFO - Processing /home/airflow/.local/lib/python3.7/site-packages/airflow/example_dags/example_bash_operator.py took 0.134 seconds
[2023-05-08T15:06:57.649+0000] {processor.py:153} INFO - Started process (PID=2172) to work on /home/airflow/.local/lib/python3.7/site-packages/airflow/example_dags/example_bash_operator.py
[2023-05-08T15:06:57.651+0000] {processor.py:743} INFO - Processing file /home/airflow/.local/lib/python3.7/site-packages/airflow/example_dags/example_bash_operator.py for tasks to queue
[2023-05-08T15:06:57.652+0000] {logging_mixin.py:137} INFO - [2023-05-08T15:06:57.651+0000] {dagbag.py:532} INFO - Filling up the DagBag from /home/airflow/.local/lib/python3.7/site-packages/airflow/example_dags/example_bash_operator.py
[2023-05-08T15:06:57.708+0000] {processor.py:753} INFO - DAG(s) dict_keys(['example_bash_operator']) retrieved from /home/airflow/.local/lib/python3.7/site-packages/airflow/example_dags/example_bash_operator.py
[2023-05-08T15:06:57.764+0000] {logging_mixin.py:137} INFO - [2023-05-08T15:06:57.764+0000] {dag.py:2693} INFO - Sync 1 DAGs
[2023-05-08T15:06:57.797+0000] {logging_mixin.py:137} INFO - [2023-05-08T15:06:57.796+0000] {dag.py:3444} INFO - Setting next_dagrun for example_bash_operator to 2023-05-07T00:00:00+00:00, run_after=2023-05-08T00:00:00+00:00
[2023-05-08T15:06:57.831+0000] {processor.py:175} INFO - Processing /home/airflow/.local/lib/python3.7/site-packages/airflow/example_dags/example_bash_operator.py took 0.194 seconds
[2023-05-08T15:07:28.695+0000] {processor.py:153} INFO - Started process (PID=2224) to work on /home/airflow/.local/lib/python3.7/site-packages/airflow/example_dags/example_bash_operator.py
[2023-05-08T15:07:28.696+0000] {processor.py:743} INFO - Processing file /home/airflow/.local/lib/python3.7/site-packages/airflow/example_dags/example_bash_operator.py for tasks to queue
[2023-05-08T15:07:28.697+0000] {logging_mixin.py:137} INFO - [2023-05-08T15:07:28.696+0000] {dagbag.py:532} INFO - Filling up the DagBag from /home/airflow/.local/lib/python3.7/site-packages/airflow/example_dags/example_bash_operator.py
[2023-05-08T15:07:28.725+0000] {processor.py:753} INFO - DAG(s) dict_keys(['example_bash_operator']) retrieved from /home/airflow/.local/lib/python3.7/site-packages/airflow/example_dags/example_bash_operator.py
[2023-05-08T15:07:28.776+0000] {logging_mixin.py:137} INFO - [2023-05-08T15:07:28.775+0000] {dag.py:2693} INFO - Sync 1 DAGs
[2023-05-08T15:07:28.835+0000] {logging_mixin.py:137} INFO - [2023-05-08T15:07:28.835+0000] {dag.py:3444} INFO - Setting next_dagrun for example_bash_operator to 2023-05-07T00:00:00+00:00, run_after=2023-05-08T00:00:00+00:00
[2023-05-08T15:07:28.855+0000] {processor.py:175} INFO - Processing /home/airflow/.local/lib/python3.7/site-packages/airflow/example_dags/example_bash_operator.py took 0.164 seconds
[2023-05-08T15:07:59.189+0000] {processor.py:153} INFO - Started process (PID=2275) to work on /home/airflow/.local/lib/python3.7/site-packages/airflow/example_dags/example_bash_operator.py
[2023-05-08T15:07:59.191+0000] {processor.py:743} INFO - Processing file /home/airflow/.local/lib/python3.7/site-packages/airflow/example_dags/example_bash_operator.py for tasks to queue
[2023-05-08T15:07:59.191+0000] {logging_mixin.py:137} INFO - [2023-05-08T15:07:59.191+0000] {dagbag.py:532} INFO - Filling up the DagBag from /home/airflow/.local/lib/python3.7/site-packages/airflow/example_dags/example_bash_operator.py
[2023-05-08T15:07:59.229+0000] {processor.py:753} INFO - DAG(s) dict_keys(['example_bash_operator']) retrieved from /home/airflow/.local/lib/python3.7/site-packages/airflow/example_dags/example_bash_operator.py
[2023-05-08T15:07:59.275+0000] {logging_mixin.py:137} INFO - [2023-05-08T15:07:59.275+0000] {dag.py:2693} INFO - Sync 1 DAGs
[2023-05-08T15:07:59.311+0000] {logging_mixin.py:137} INFO - [2023-05-08T15:07:59.311+0000] {dag.py:3444} INFO - Setting next_dagrun for example_bash_operator to 2023-05-07T00:00:00+00:00, run_after=2023-05-08T00:00:00+00:00
[2023-05-08T15:07:59.332+0000] {processor.py:175} INFO - Processing /home/airflow/.local/lib/python3.7/site-packages/airflow/example_dags/example_bash_operator.py took 0.146 seconds
[2023-05-08T15:08:29.652+0000] {processor.py:153} INFO - Started process (PID=2326) to work on /home/airflow/.local/lib/python3.7/site-packages/airflow/example_dags/example_bash_operator.py
[2023-05-08T15:08:29.652+0000] {processor.py:743} INFO - Processing file /home/airflow/.local/lib/python3.7/site-packages/airflow/example_dags/example_bash_operator.py for tasks to queue
[2023-05-08T15:08:29.653+0000] {logging_mixin.py:137} INFO - [2023-05-08T15:08:29.653+0000] {dagbag.py:532} INFO - Filling up the DagBag from /home/airflow/.local/lib/python3.7/site-packages/airflow/example_dags/example_bash_operator.py
[2023-05-08T15:08:29.685+0000] {processor.py:753} INFO - DAG(s) dict_keys(['example_bash_operator']) retrieved from /home/airflow/.local/lib/python3.7/site-packages/airflow/example_dags/example_bash_operator.py
[2023-05-08T15:08:29.735+0000] {logging_mixin.py:137} INFO - [2023-05-08T15:08:29.734+0000] {dag.py:2693} INFO - Sync 1 DAGs
[2023-05-08T15:08:29.766+0000] {logging_mixin.py:137} INFO - [2023-05-08T15:08:29.766+0000] {dag.py:3444} INFO - Setting next_dagrun for example_bash_operator to 2023-05-07T00:00:00+00:00, run_after=2023-05-08T00:00:00+00:00
[2023-05-08T15:08:29.786+0000] {processor.py:175} INFO - Processing /home/airflow/.local/lib/python3.7/site-packages/airflow/example_dags/example_bash_operator.py took 0.138 seconds
[2023-05-08T15:09:00.138+0000] {processor.py:153} INFO - Started process (PID=2378) to work on /home/airflow/.local/lib/python3.7/site-packages/airflow/example_dags/example_bash_operator.py
[2023-05-08T15:09:00.143+0000] {processor.py:743} INFO - Processing file /home/airflow/.local/lib/python3.7/site-packages/airflow/example_dags/example_bash_operator.py for tasks to queue
[2023-05-08T15:09:00.144+0000] {logging_mixin.py:137} INFO - [2023-05-08T15:09:00.144+0000] {dagbag.py:532} INFO - Filling up the DagBag from /home/airflow/.local/lib/python3.7/site-packages/airflow/example_dags/example_bash_operator.py
[2023-05-08T15:09:00.174+0000] {processor.py:753} INFO - DAG(s) dict_keys(['example_bash_operator']) retrieved from /home/airflow/.local/lib/python3.7/site-packages/airflow/example_dags/example_bash_operator.py
[2023-05-08T15:09:00.226+0000] {logging_mixin.py:137} INFO - [2023-05-08T15:09:00.226+0000] {dag.py:2693} INFO - Sync 1 DAGs
[2023-05-08T15:09:00.260+0000] {logging_mixin.py:137} INFO - [2023-05-08T15:09:00.260+0000] {dag.py:3444} INFO - Setting next_dagrun for example_bash_operator to 2023-05-07T00:00:00+00:00, run_after=2023-05-08T00:00:00+00:00
[2023-05-08T15:09:00.281+0000] {processor.py:175} INFO - Processing /home/airflow/.local/lib/python3.7/site-packages/airflow/example_dags/example_bash_operator.py took 0.146 seconds
[2023-05-08T15:09:30.527+0000] {processor.py:153} INFO - Started process (PID=2429) to work on /home/airflow/.local/lib/python3.7/site-packages/airflow/example_dags/example_bash_operator.py
[2023-05-08T15:09:30.527+0000] {processor.py:743} INFO - Processing file /home/airflow/.local/lib/python3.7/site-packages/airflow/example_dags/example_bash_operator.py for tasks to queue
[2023-05-08T15:09:30.528+0000] {logging_mixin.py:137} INFO - [2023-05-08T15:09:30.528+0000] {dagbag.py:532} INFO - Filling up the DagBag from /home/airflow/.local/lib/python3.7/site-packages/airflow/example_dags/example_bash_operator.py
[2023-05-08T15:09:30.555+0000] {processor.py:753} INFO - DAG(s) dict_keys(['example_bash_operator']) retrieved from /home/airflow/.local/lib/python3.7/site-packages/airflow/example_dags/example_bash_operator.py
[2023-05-08T15:09:30.602+0000] {logging_mixin.py:137} INFO - [2023-05-08T15:09:30.602+0000] {dag.py:2693} INFO - Sync 1 DAGs
[2023-05-08T15:09:30.635+0000] {logging_mixin.py:137} INFO - [2023-05-08T15:09:30.635+0000] {dag.py:3444} INFO - Setting next_dagrun for example_bash_operator to 2023-05-07T00:00:00+00:00, run_after=2023-05-08T00:00:00+00:00
[2023-05-08T15:09:30.662+0000] {processor.py:175} INFO - Processing /home/airflow/.local/lib/python3.7/site-packages/airflow/example_dags/example_bash_operator.py took 0.143 seconds
[2023-05-08T15:10:00.928+0000] {processor.py:153} INFO - Started process (PID=2480) to work on /home/airflow/.local/lib/python3.7/site-packages/airflow/example_dags/example_bash_operator.py
[2023-05-08T15:10:00.929+0000] {processor.py:743} INFO - Processing file /home/airflow/.local/lib/python3.7/site-packages/airflow/example_dags/example_bash_operator.py for tasks to queue
[2023-05-08T15:10:00.933+0000] {logging_mixin.py:137} INFO - [2023-05-08T15:10:00.933+0000] {dagbag.py:532} INFO - Filling up the DagBag from /home/airflow/.local/lib/python3.7/site-packages/airflow/example_dags/example_bash_operator.py
[2023-05-08T15:10:00.973+0000] {processor.py:753} INFO - DAG(s) dict_keys(['example_bash_operator']) retrieved from /home/airflow/.local/lib/python3.7/site-packages/airflow/example_dags/example_bash_operator.py
[2023-05-08T15:10:01.040+0000] {logging_mixin.py:137} INFO - [2023-05-08T15:10:01.040+0000] {dag.py:2693} INFO - Sync 1 DAGs
[2023-05-08T15:10:01.077+0000] {logging_mixin.py:137} INFO - [2023-05-08T15:10:01.077+0000] {dag.py:3444} INFO - Setting next_dagrun for example_bash_operator to 2023-05-07T00:00:00+00:00, run_after=2023-05-08T00:00:00+00:00
[2023-05-08T15:10:01.110+0000] {processor.py:175} INFO - Processing /home/airflow/.local/lib/python3.7/site-packages/airflow/example_dags/example_bash_operator.py took 0.185 seconds
[2023-05-08T15:10:31.381+0000] {processor.py:153} INFO - Started process (PID=2531) to work on /home/airflow/.local/lib/python3.7/site-packages/airflow/example_dags/example_bash_operator.py
[2023-05-08T15:10:31.386+0000] {processor.py:743} INFO - Processing file /home/airflow/.local/lib/python3.7/site-packages/airflow/example_dags/example_bash_operator.py for tasks to queue
[2023-05-08T15:10:31.386+0000] {logging_mixin.py:137} INFO - [2023-05-08T15:10:31.386+0000] {dagbag.py:532} INFO - Filling up the DagBag from /home/airflow/.local/lib/python3.7/site-packages/airflow/example_dags/example_bash_operator.py
[2023-05-08T15:10:31.437+0000] {processor.py:753} INFO - DAG(s) dict_keys(['example_bash_operator']) retrieved from /home/airflow/.local/lib/python3.7/site-packages/airflow/example_dags/example_bash_operator.py
[2023-05-08T15:10:31.483+0000] {logging_mixin.py:137} INFO - [2023-05-08T15:10:31.482+0000] {dag.py:2693} INFO - Sync 1 DAGs
[2023-05-08T15:10:31.520+0000] {logging_mixin.py:137} INFO - [2023-05-08T15:10:31.520+0000] {dag.py:3444} INFO - Setting next_dagrun for example_bash_operator to 2023-05-07T00:00:00+00:00, run_after=2023-05-08T00:00:00+00:00
[2023-05-08T15:10:31.543+0000] {processor.py:175} INFO - Processing /home/airflow/.local/lib/python3.7/site-packages/airflow/example_dags/example_bash_operator.py took 0.166 seconds
[2023-05-08T15:11:03.587+0000] {processor.py:153} INFO - Started process (PID=2583) to work on /home/airflow/.local/lib/python3.7/site-packages/airflow/example_dags/example_bash_operator.py
[2023-05-08T15:11:03.588+0000] {processor.py:743} INFO - Processing file /home/airflow/.local/lib/python3.7/site-packages/airflow/example_dags/example_bash_operator.py for tasks to queue
[2023-05-08T15:11:03.588+0000] {logging_mixin.py:137} INFO - [2023-05-08T15:11:03.588+0000] {dagbag.py:532} INFO - Filling up the DagBag from /home/airflow/.local/lib/python3.7/site-packages/airflow/example_dags/example_bash_operator.py
[2023-05-08T15:11:03.617+0000] {processor.py:753} INFO - DAG(s) dict_keys(['example_bash_operator']) retrieved from /home/airflow/.local/lib/python3.7/site-packages/airflow/example_dags/example_bash_operator.py
[2023-05-08T15:11:03.671+0000] {logging_mixin.py:137} INFO - [2023-05-08T15:11:03.671+0000] {dag.py:2693} INFO - Sync 1 DAGs
[2023-05-08T15:11:03.704+0000] {logging_mixin.py:137} INFO - [2023-05-08T15:11:03.704+0000] {dag.py:3444} INFO - Setting next_dagrun for example_bash_operator to 2023-05-07T00:00:00+00:00, run_after=2023-05-08T00:00:00+00:00
[2023-05-08T15:11:03.725+0000] {processor.py:175} INFO - Processing /home/airflow/.local/lib/python3.7/site-packages/airflow/example_dags/example_bash_operator.py took 0.143 seconds
[2023-05-08T15:11:34.737+0000] {processor.py:153} INFO - Started process (PID=2634) to work on /home/airflow/.local/lib/python3.7/site-packages/airflow/example_dags/example_bash_operator.py
[2023-05-08T15:11:34.738+0000] {processor.py:743} INFO - Processing file /home/airflow/.local/lib/python3.7/site-packages/airflow/example_dags/example_bash_operator.py for tasks to queue
[2023-05-08T15:11:34.739+0000] {logging_mixin.py:137} INFO - [2023-05-08T15:11:34.739+0000] {dagbag.py:532} INFO - Filling up the DagBag from /home/airflow/.local/lib/python3.7/site-packages/airflow/example_dags/example_bash_operator.py
[2023-05-08T15:11:34.804+0000] {processor.py:753} INFO - DAG(s) dict_keys(['example_bash_operator']) retrieved from /home/airflow/.local/lib/python3.7/site-packages/airflow/example_dags/example_bash_operator.py
[2023-05-08T15:11:34.853+0000] {logging_mixin.py:137} INFO - [2023-05-08T15:11:34.853+0000] {dag.py:2693} INFO - Sync 1 DAGs
[2023-05-08T15:11:34.899+0000] {logging_mixin.py:137} INFO - [2023-05-08T15:11:34.899+0000] {dag.py:3444} INFO - Setting next_dagrun for example_bash_operator to 2023-05-07T00:00:00+00:00, run_after=2023-05-08T00:00:00+00:00
[2023-05-08T15:11:34.935+0000] {processor.py:175} INFO - Processing /home/airflow/.local/lib/python3.7/site-packages/airflow/example_dags/example_bash_operator.py took 0.209 seconds
[2023-05-08T15:12:05.567+0000] {processor.py:153} INFO - Started process (PID=2684) to work on /home/airflow/.local/lib/python3.7/site-packages/airflow/example_dags/example_bash_operator.py
[2023-05-08T15:12:05.568+0000] {processor.py:743} INFO - Processing file /home/airflow/.local/lib/python3.7/site-packages/airflow/example_dags/example_bash_operator.py for tasks to queue
[2023-05-08T15:12:05.568+0000] {logging_mixin.py:137} INFO - [2023-05-08T15:12:05.568+0000] {dagbag.py:532} INFO - Filling up the DagBag from /home/airflow/.local/lib/python3.7/site-packages/airflow/example_dags/example_bash_operator.py
[2023-05-08T15:12:05.600+0000] {processor.py:753} INFO - DAG(s) dict_keys(['example_bash_operator']) retrieved from /home/airflow/.local/lib/python3.7/site-packages/airflow/example_dags/example_bash_operator.py
[2023-05-08T15:12:05.647+0000] {logging_mixin.py:137} INFO - [2023-05-08T15:12:05.647+0000] {dag.py:2693} INFO - Sync 1 DAGs
[2023-05-08T15:12:05.681+0000] {logging_mixin.py:137} INFO - [2023-05-08T15:12:05.680+0000] {dag.py:3444} INFO - Setting next_dagrun for example_bash_operator to 2023-05-07T00:00:00+00:00, run_after=2023-05-08T00:00:00+00:00
[2023-05-08T15:12:05.701+0000] {processor.py:175} INFO - Processing /home/airflow/.local/lib/python3.7/site-packages/airflow/example_dags/example_bash_operator.py took 0.138 seconds
[2023-05-08T15:12:35.952+0000] {processor.py:153} INFO - Started process (PID=2735) to work on /home/airflow/.local/lib/python3.7/site-packages/airflow/example_dags/example_bash_operator.py
[2023-05-08T15:12:35.953+0000] {processor.py:743} INFO - Processing file /home/airflow/.local/lib/python3.7/site-packages/airflow/example_dags/example_bash_operator.py for tasks to queue
[2023-05-08T15:12:35.954+0000] {logging_mixin.py:137} INFO - [2023-05-08T15:12:35.954+0000] {dagbag.py:532} INFO - Filling up the DagBag from /home/airflow/.local/lib/python3.7/site-packages/airflow/example_dags/example_bash_operator.py
[2023-05-08T15:12:35.982+0000] {processor.py:753} INFO - DAG(s) dict_keys(['example_bash_operator']) retrieved from /home/airflow/.local/lib/python3.7/site-packages/airflow/example_dags/example_bash_operator.py
[2023-05-08T15:12:36.029+0000] {logging_mixin.py:137} INFO - [2023-05-08T15:12:36.029+0000] {dag.py:2693} INFO - Sync 1 DAGs
[2023-05-08T15:12:36.066+0000] {logging_mixin.py:137} INFO - [2023-05-08T15:12:36.066+0000] {dag.py:3444} INFO - Setting next_dagrun for example_bash_operator to 2023-05-07T00:00:00+00:00, run_after=2023-05-08T00:00:00+00:00
[2023-05-08T15:12:36.086+0000] {processor.py:175} INFO - Processing /home/airflow/.local/lib/python3.7/site-packages/airflow/example_dags/example_bash_operator.py took 0.137 seconds
[2023-05-08T15:13:06.272+0000] {processor.py:153} INFO - Started process (PID=2785) to work on /home/airflow/.local/lib/python3.7/site-packages/airflow/example_dags/example_bash_operator.py
[2023-05-08T15:13:06.274+0000] {processor.py:743} INFO - Processing file /home/airflow/.local/lib/python3.7/site-packages/airflow/example_dags/example_bash_operator.py for tasks to queue
[2023-05-08T15:13:06.274+0000] {logging_mixin.py:137} INFO - [2023-05-08T15:13:06.274+0000] {dagbag.py:532} INFO - Filling up the DagBag from /home/airflow/.local/lib/python3.7/site-packages/airflow/example_dags/example_bash_operator.py
[2023-05-08T15:13:06.307+0000] {processor.py:753} INFO - DAG(s) dict_keys(['example_bash_operator']) retrieved from /home/airflow/.local/lib/python3.7/site-packages/airflow/example_dags/example_bash_operator.py
[2023-05-08T15:13:06.354+0000] {logging_mixin.py:137} INFO - [2023-05-08T15:13:06.354+0000] {dag.py:2693} INFO - Sync 1 DAGs
[2023-05-08T15:13:06.387+0000] {logging_mixin.py:137} INFO - [2023-05-08T15:13:06.387+0000] {dag.py:3444} INFO - Setting next_dagrun for example_bash_operator to 2023-05-07T00:00:00+00:00, run_after=2023-05-08T00:00:00+00:00
[2023-05-08T15:13:06.408+0000] {processor.py:175} INFO - Processing /home/airflow/.local/lib/python3.7/site-packages/airflow/example_dags/example_bash_operator.py took 0.140 seconds
[2023-05-08T15:13:37.037+0000] {processor.py:153} INFO - Started process (PID=2836) to work on /home/airflow/.local/lib/python3.7/site-packages/airflow/example_dags/example_bash_operator.py
[2023-05-08T15:13:37.038+0000] {processor.py:743} INFO - Processing file /home/airflow/.local/lib/python3.7/site-packages/airflow/example_dags/example_bash_operator.py for tasks to queue
[2023-05-08T15:13:37.038+0000] {logging_mixin.py:137} INFO - [2023-05-08T15:13:37.038+0000] {dagbag.py:532} INFO - Filling up the DagBag from /home/airflow/.local/lib/python3.7/site-packages/airflow/example_dags/example_bash_operator.py
[2023-05-08T15:13:37.068+0000] {processor.py:753} INFO - DAG(s) dict_keys(['example_bash_operator']) retrieved from /home/airflow/.local/lib/python3.7/site-packages/airflow/example_dags/example_bash_operator.py
[2023-05-08T15:13:37.118+0000] {logging_mixin.py:137} INFO - [2023-05-08T15:13:37.117+0000] {dag.py:2693} INFO - Sync 1 DAGs
[2023-05-08T15:13:37.150+0000] {logging_mixin.py:137} INFO - [2023-05-08T15:13:37.150+0000] {dag.py:3444} INFO - Setting next_dagrun for example_bash_operator to 2023-05-07T00:00:00+00:00, run_after=2023-05-08T00:00:00+00:00
[2023-05-08T15:13:37.170+0000] {processor.py:175} INFO - Processing /home/airflow/.local/lib/python3.7/site-packages/airflow/example_dags/example_bash_operator.py took 0.138 seconds
[2023-05-08T15:14:07.880+0000] {processor.py:153} INFO - Started process (PID=2888) to work on /home/airflow/.local/lib/python3.7/site-packages/airflow/example_dags/example_bash_operator.py
[2023-05-08T15:14:07.881+0000] {processor.py:743} INFO - Processing file /home/airflow/.local/lib/python3.7/site-packages/airflow/example_dags/example_bash_operator.py for tasks to queue
[2023-05-08T15:14:07.881+0000] {logging_mixin.py:137} INFO - [2023-05-08T15:14:07.881+0000] {dagbag.py:532} INFO - Filling up the DagBag from /home/airflow/.local/lib/python3.7/site-packages/airflow/example_dags/example_bash_operator.py
[2023-05-08T15:14:07.908+0000] {processor.py:753} INFO - DAG(s) dict_keys(['example_bash_operator']) retrieved from /home/airflow/.local/lib/python3.7/site-packages/airflow/example_dags/example_bash_operator.py
[2023-05-08T15:14:07.956+0000] {logging_mixin.py:137} INFO - [2023-05-08T15:14:07.956+0000] {dag.py:2693} INFO - Sync 1 DAGs
[2023-05-08T15:14:07.990+0000] {logging_mixin.py:137} INFO - [2023-05-08T15:14:07.990+0000] {dag.py:3444} INFO - Setting next_dagrun for example_bash_operator to 2023-05-07T00:00:00+00:00, run_after=2023-05-08T00:00:00+00:00
[2023-05-08T15:14:08.010+0000] {processor.py:175} INFO - Processing /home/airflow/.local/lib/python3.7/site-packages/airflow/example_dags/example_bash_operator.py took 0.135 seconds
[2023-05-08T15:14:39.619+0000] {processor.py:153} INFO - Started process (PID=2939) to work on /home/airflow/.local/lib/python3.7/site-packages/airflow/example_dags/example_bash_operator.py
[2023-05-08T15:14:39.629+0000] {processor.py:743} INFO - Processing file /home/airflow/.local/lib/python3.7/site-packages/airflow/example_dags/example_bash_operator.py for tasks to queue
[2023-05-08T15:14:39.630+0000] {logging_mixin.py:137} INFO - [2023-05-08T15:14:39.630+0000] {dagbag.py:532} INFO - Filling up the DagBag from /home/airflow/.local/lib/python3.7/site-packages/airflow/example_dags/example_bash_operator.py
[2023-05-08T15:14:39.682+0000] {processor.py:753} INFO - DAG(s) dict_keys(['example_bash_operator']) retrieved from /home/airflow/.local/lib/python3.7/site-packages/airflow/example_dags/example_bash_operator.py
[2023-05-08T15:14:39.780+0000] {logging_mixin.py:137} INFO - [2023-05-08T15:14:39.780+0000] {dag.py:2693} INFO - Sync 1 DAGs
[2023-05-08T15:14:39.844+0000] {logging_mixin.py:137} INFO - [2023-05-08T15:14:39.843+0000] {dag.py:3444} INFO - Setting next_dagrun for example_bash_operator to 2023-05-07T00:00:00+00:00, run_after=2023-05-08T00:00:00+00:00
[2023-05-08T15:14:39.895+0000] {processor.py:175} INFO - Processing /home/airflow/.local/lib/python3.7/site-packages/airflow/example_dags/example_bash_operator.py took 0.282 seconds
[2023-05-08T15:15:10.534+0000] {processor.py:153} INFO - Started process (PID=2997) to work on /home/airflow/.local/lib/python3.7/site-packages/airflow/example_dags/example_bash_operator.py
[2023-05-08T15:15:10.543+0000] {processor.py:743} INFO - Processing file /home/airflow/.local/lib/python3.7/site-packages/airflow/example_dags/example_bash_operator.py for tasks to queue
[2023-05-08T15:15:10.544+0000] {logging_mixin.py:137} INFO - [2023-05-08T15:15:10.544+0000] {dagbag.py:532} INFO - Filling up the DagBag from /home/airflow/.local/lib/python3.7/site-packages/airflow/example_dags/example_bash_operator.py
[2023-05-08T15:15:10.590+0000] {processor.py:753} INFO - DAG(s) dict_keys(['example_bash_operator']) retrieved from /home/airflow/.local/lib/python3.7/site-packages/airflow/example_dags/example_bash_operator.py
[2023-05-08T15:15:10.668+0000] {logging_mixin.py:137} INFO - [2023-05-08T15:15:10.668+0000] {dag.py:2693} INFO - Sync 1 DAGs
[2023-05-08T15:15:10.735+0000] {logging_mixin.py:137} INFO - [2023-05-08T15:15:10.735+0000] {dag.py:3444} INFO - Setting next_dagrun for example_bash_operator to 2023-05-07T00:00:00+00:00, run_after=2023-05-08T00:00:00+00:00
[2023-05-08T15:15:10.780+0000] {processor.py:175} INFO - Processing /home/airflow/.local/lib/python3.7/site-packages/airflow/example_dags/example_bash_operator.py took 0.249 seconds
