[2023-05-01T01:56:34.816+0000] {taskinstance.py:1084} INFO - Dependencies all met for dep_context=non-requeueable deps ti=<TaskInstance: get_todays_gamesv4.exec_insert_query_task scheduled__2023-04-29T01:58:00+00:00 [queued]>
[2023-05-01T01:56:34.827+0000] {taskinstance.py:1084} INFO - Dependencies all met for dep_context=requeueable deps ti=<TaskInstance: get_todays_gamesv4.exec_insert_query_task scheduled__2023-04-29T01:58:00+00:00 [queued]>
[2023-05-01T01:56:34.827+0000] {taskinstance.py:1282} INFO - 
--------------------------------------------------------------------------------
[2023-05-01T01:56:34.828+0000] {taskinstance.py:1283} INFO - Starting attempt 1 of 1
[2023-05-01T01:56:34.828+0000] {taskinstance.py:1284} INFO - 
--------------------------------------------------------------------------------
[2023-05-01T01:56:34.845+0000] {taskinstance.py:1303} INFO - Executing <Task(PostgresOperator): exec_insert_query_task> on 2023-04-29 01:58:00+00:00
[2023-05-01T01:56:34.851+0000] {standard_task_runner.py:55} INFO - Started process 7577 to run task
[2023-05-01T01:56:34.855+0000] {standard_task_runner.py:82} INFO - Running: ['***', 'tasks', 'run', 'get_todays_gamesv4', 'exec_insert_query_task', 'scheduled__2023-04-29T01:58:00+00:00', '--job-id', '669', '--raw', '--subdir', 'DAGS_FOLDER/todays_games.py', '--cfg-path', '/tmp/tmpbw7w9v19']
[2023-05-01T01:56:34.856+0000] {standard_task_runner.py:83} INFO - Job 669: Subtask exec_insert_query_task
[2023-05-01T01:56:34.931+0000] {task_command.py:388} INFO - Running <TaskInstance: get_todays_gamesv4.exec_insert_query_task scheduled__2023-04-29T01:58:00+00:00 [running]> on host f789e77bc70a
[2023-05-01T01:56:35.035+0000] {taskinstance.py:1511} INFO - Exporting the following env vars:
AIRFLOW_CTX_DAG_OWNER=***
AIRFLOW_CTX_DAG_ID=get_todays_gamesv4
AIRFLOW_CTX_TASK_ID=exec_insert_query_task
AIRFLOW_CTX_EXECUTION_DATE=2023-04-29T01:58:00+00:00
AIRFLOW_CTX_TRY_NUMBER=1
AIRFLOW_CTX_DAG_RUN_ID=scheduled__2023-04-29T01:58:00+00:00
[2023-05-01T01:56:35.036+0000] {sql.py:254} INFO - Executing: 
INSERT INTO games (away_name,home_name,away_probable_pitcher,home_probable_pitcher,venue_name)
                                   VALUES ('Cleveland Guardians','New York Yankees','Cal Quantrill','Domingo German','Yankee Stadium');
[2023-05-01T01:56:35.047+0000] {base.py:73} INFO - Using connection ID 'postgres_localhost' for task execution.
[2023-05-01T01:56:35.329+0000] {base.py:73} INFO - Using connection ID 'postgres_localhost' for task execution.
[2023-05-01T01:56:35.334+0000] {sql.py:375} INFO - Running statement: 
INSERT INTO games (away_name,home_name,away_probable_pitcher,home_probable_pitcher,venue_name)
                                   VALUES ('Cleveland Guardians','New York Yankees','Cal Quantrill','Domingo German','Yankee Stadium');, parameters: None
[2023-05-01T01:56:35.335+0000] {sql.py:384} INFO - Rows affected: 1
[2023-05-01T01:56:35.347+0000] {taskinstance.py:1326} INFO - Marking task as SUCCESS. dag_id=get_todays_gamesv4, task_id=exec_insert_query_task, execution_date=20230429T015800, start_date=20230501T015634, end_date=20230501T015635
[2023-05-01T01:56:35.389+0000] {local_task_job.py:212} INFO - Task exited with return code 0
[2023-05-01T01:56:35.425+0000] {taskinstance.py:2585} INFO - 2 downstream tasks scheduled from follow-on schedule check
