[2023-03-30T00:00:28.806+0000] {processor.py:153} INFO - Started process (PID=355) to work on /home/airflow/.local/lib/python3.7/site-packages/airflow/example_dags/example_sensors.py
[2023-03-30T00:00:28.806+0000] {processor.py:743} INFO - Processing file /home/airflow/.local/lib/python3.7/site-packages/airflow/example_dags/example_sensors.py for tasks to queue
[2023-03-30T00:00:28.807+0000] {logging_mixin.py:137} INFO - [2023-03-30T00:00:28.807+0000] {dagbag.py:532} INFO - Filling up the DagBag from /home/airflow/.local/lib/python3.7/site-packages/airflow/example_dags/example_sensors.py
[2023-03-30T00:00:28.833+0000] {processor.py:753} INFO - DAG(s) dict_keys(['example_sensors']) retrieved from /home/airflow/.local/lib/python3.7/site-packages/airflow/example_dags/example_sensors.py
[2023-03-30T00:00:28.903+0000] {logging_mixin.py:137} INFO - [2023-03-30T00:00:28.903+0000] {dag.py:2693} INFO - Sync 1 DAGs
[2023-03-30T00:00:28.981+0000] {logging_mixin.py:137} INFO - [2023-03-30T00:00:28.981+0000] {dag.py:3444} INFO - Setting next_dagrun for example_sensors to None, run_after=None
[2023-03-30T00:00:29.021+0000] {processor.py:175} INFO - Processing /home/airflow/.local/lib/python3.7/site-packages/airflow/example_dags/example_sensors.py took 0.219 seconds
[2023-03-30T00:00:59.246+0000] {processor.py:153} INFO - Started process (PID=405) to work on /home/airflow/.local/lib/python3.7/site-packages/airflow/example_dags/example_sensors.py
[2023-03-30T00:00:59.247+0000] {processor.py:743} INFO - Processing file /home/airflow/.local/lib/python3.7/site-packages/airflow/example_dags/example_sensors.py for tasks to queue
[2023-03-30T00:00:59.248+0000] {logging_mixin.py:137} INFO - [2023-03-30T00:00:59.248+0000] {dagbag.py:532} INFO - Filling up the DagBag from /home/airflow/.local/lib/python3.7/site-packages/airflow/example_dags/example_sensors.py
[2023-03-30T00:00:59.275+0000] {processor.py:753} INFO - DAG(s) dict_keys(['example_sensors']) retrieved from /home/airflow/.local/lib/python3.7/site-packages/airflow/example_dags/example_sensors.py
[2023-03-30T00:00:59.316+0000] {logging_mixin.py:137} INFO - [2023-03-30T00:00:59.316+0000] {dag.py:2693} INFO - Sync 1 DAGs
[2023-03-30T00:00:59.402+0000] {logging_mixin.py:137} INFO - [2023-03-30T00:00:59.400+0000] {dag.py:3444} INFO - Setting next_dagrun for example_sensors to None, run_after=None
[2023-03-30T00:00:59.471+0000] {processor.py:175} INFO - Processing /home/airflow/.local/lib/python3.7/site-packages/airflow/example_dags/example_sensors.py took 0.230 seconds
[2023-03-30T00:01:30.189+0000] {processor.py:153} INFO - Started process (PID=456) to work on /home/airflow/.local/lib/python3.7/site-packages/airflow/example_dags/example_sensors.py
[2023-03-30T00:01:30.190+0000] {processor.py:743} INFO - Processing file /home/airflow/.local/lib/python3.7/site-packages/airflow/example_dags/example_sensors.py for tasks to queue
[2023-03-30T00:01:30.190+0000] {logging_mixin.py:137} INFO - [2023-03-30T00:01:30.190+0000] {dagbag.py:532} INFO - Filling up the DagBag from /home/airflow/.local/lib/python3.7/site-packages/airflow/example_dags/example_sensors.py
[2023-03-30T00:01:30.216+0000] {processor.py:753} INFO - DAG(s) dict_keys(['example_sensors']) retrieved from /home/airflow/.local/lib/python3.7/site-packages/airflow/example_dags/example_sensors.py
[2023-03-30T00:01:30.255+0000] {logging_mixin.py:137} INFO - [2023-03-30T00:01:30.254+0000] {dag.py:2693} INFO - Sync 1 DAGs
[2023-03-30T00:01:30.287+0000] {logging_mixin.py:137} INFO - [2023-03-30T00:01:30.287+0000] {dag.py:3444} INFO - Setting next_dagrun for example_sensors to None, run_after=None
[2023-03-30T00:01:30.308+0000] {processor.py:175} INFO - Processing /home/airflow/.local/lib/python3.7/site-packages/airflow/example_dags/example_sensors.py took 0.124 seconds
[2023-03-30T00:02:01.049+0000] {processor.py:153} INFO - Started process (PID=506) to work on /home/airflow/.local/lib/python3.7/site-packages/airflow/example_dags/example_sensors.py
[2023-03-30T00:02:01.050+0000] {processor.py:743} INFO - Processing file /home/airflow/.local/lib/python3.7/site-packages/airflow/example_dags/example_sensors.py for tasks to queue
[2023-03-30T00:02:01.051+0000] {logging_mixin.py:137} INFO - [2023-03-30T00:02:01.051+0000] {dagbag.py:532} INFO - Filling up the DagBag from /home/airflow/.local/lib/python3.7/site-packages/airflow/example_dags/example_sensors.py
[2023-03-30T00:02:01.076+0000] {processor.py:753} INFO - DAG(s) dict_keys(['example_sensors']) retrieved from /home/airflow/.local/lib/python3.7/site-packages/airflow/example_dags/example_sensors.py
[2023-03-30T00:02:01.116+0000] {logging_mixin.py:137} INFO - [2023-03-30T00:02:01.116+0000] {dag.py:2693} INFO - Sync 1 DAGs
[2023-03-30T00:02:01.147+0000] {logging_mixin.py:137} INFO - [2023-03-30T00:02:01.147+0000] {dag.py:3444} INFO - Setting next_dagrun for example_sensors to None, run_after=None
[2023-03-30T00:02:01.172+0000] {processor.py:175} INFO - Processing /home/airflow/.local/lib/python3.7/site-packages/airflow/example_dags/example_sensors.py took 0.127 seconds
[2023-03-30T00:02:31.489+0000] {processor.py:153} INFO - Started process (PID=556) to work on /home/airflow/.local/lib/python3.7/site-packages/airflow/example_dags/example_sensors.py
[2023-03-30T00:02:31.506+0000] {processor.py:743} INFO - Processing file /home/airflow/.local/lib/python3.7/site-packages/airflow/example_dags/example_sensors.py for tasks to queue
[2023-03-30T00:02:31.507+0000] {logging_mixin.py:137} INFO - [2023-03-30T00:02:31.507+0000] {dagbag.py:532} INFO - Filling up the DagBag from /home/airflow/.local/lib/python3.7/site-packages/airflow/example_dags/example_sensors.py
[2023-03-30T00:02:31.582+0000] {processor.py:753} INFO - DAG(s) dict_keys(['example_sensors']) retrieved from /home/airflow/.local/lib/python3.7/site-packages/airflow/example_dags/example_sensors.py
[2023-03-30T00:02:31.714+0000] {logging_mixin.py:137} INFO - [2023-03-30T00:02:31.714+0000] {dag.py:2693} INFO - Sync 1 DAGs
[2023-03-30T00:02:31.809+0000] {logging_mixin.py:137} INFO - [2023-03-30T00:02:31.809+0000] {dag.py:3444} INFO - Setting next_dagrun for example_sensors to None, run_after=None
[2023-03-30T00:02:31.872+0000] {processor.py:175} INFO - Processing /home/airflow/.local/lib/python3.7/site-packages/airflow/example_dags/example_sensors.py took 0.387 seconds
[2023-03-30T00:03:02.026+0000] {processor.py:153} INFO - Started process (PID=606) to work on /home/airflow/.local/lib/python3.7/site-packages/airflow/example_dags/example_sensors.py
[2023-03-30T00:03:02.028+0000] {processor.py:743} INFO - Processing file /home/airflow/.local/lib/python3.7/site-packages/airflow/example_dags/example_sensors.py for tasks to queue
[2023-03-30T00:03:02.029+0000] {logging_mixin.py:137} INFO - [2023-03-30T00:03:02.029+0000] {dagbag.py:532} INFO - Filling up the DagBag from /home/airflow/.local/lib/python3.7/site-packages/airflow/example_dags/example_sensors.py
[2023-03-30T00:03:02.055+0000] {processor.py:753} INFO - DAG(s) dict_keys(['example_sensors']) retrieved from /home/airflow/.local/lib/python3.7/site-packages/airflow/example_dags/example_sensors.py
[2023-03-30T00:03:02.099+0000] {logging_mixin.py:137} INFO - [2023-03-30T00:03:02.099+0000] {dag.py:2693} INFO - Sync 1 DAGs
[2023-03-30T00:03:02.133+0000] {logging_mixin.py:137} INFO - [2023-03-30T00:03:02.133+0000] {dag.py:3444} INFO - Setting next_dagrun for example_sensors to None, run_after=None
[2023-03-30T00:03:02.155+0000] {processor.py:175} INFO - Processing /home/airflow/.local/lib/python3.7/site-packages/airflow/example_dags/example_sensors.py took 0.133 seconds
[2023-03-30T00:03:32.195+0000] {processor.py:153} INFO - Started process (PID=656) to work on /home/airflow/.local/lib/python3.7/site-packages/airflow/example_dags/example_sensors.py
[2023-03-30T00:03:32.196+0000] {processor.py:743} INFO - Processing file /home/airflow/.local/lib/python3.7/site-packages/airflow/example_dags/example_sensors.py for tasks to queue
[2023-03-30T00:03:32.197+0000] {logging_mixin.py:137} INFO - [2023-03-30T00:03:32.197+0000] {dagbag.py:532} INFO - Filling up the DagBag from /home/airflow/.local/lib/python3.7/site-packages/airflow/example_dags/example_sensors.py
[2023-03-30T00:03:32.222+0000] {processor.py:753} INFO - DAG(s) dict_keys(['example_sensors']) retrieved from /home/airflow/.local/lib/python3.7/site-packages/airflow/example_dags/example_sensors.py
[2023-03-30T00:03:32.261+0000] {logging_mixin.py:137} INFO - [2023-03-30T00:03:32.261+0000] {dag.py:2693} INFO - Sync 1 DAGs
[2023-03-30T00:03:32.294+0000] {logging_mixin.py:137} INFO - [2023-03-30T00:03:32.294+0000] {dag.py:3444} INFO - Setting next_dagrun for example_sensors to None, run_after=None
[2023-03-30T00:03:32.315+0000] {processor.py:175} INFO - Processing /home/airflow/.local/lib/python3.7/site-packages/airflow/example_dags/example_sensors.py took 0.125 seconds
[2023-03-30T00:04:02.436+0000] {processor.py:153} INFO - Started process (PID=706) to work on /home/airflow/.local/lib/python3.7/site-packages/airflow/example_dags/example_sensors.py
[2023-03-30T00:04:02.437+0000] {processor.py:743} INFO - Processing file /home/airflow/.local/lib/python3.7/site-packages/airflow/example_dags/example_sensors.py for tasks to queue
[2023-03-30T00:04:02.438+0000] {logging_mixin.py:137} INFO - [2023-03-30T00:04:02.438+0000] {dagbag.py:532} INFO - Filling up the DagBag from /home/airflow/.local/lib/python3.7/site-packages/airflow/example_dags/example_sensors.py
[2023-03-30T00:04:02.464+0000] {processor.py:753} INFO - DAG(s) dict_keys(['example_sensors']) retrieved from /home/airflow/.local/lib/python3.7/site-packages/airflow/example_dags/example_sensors.py
[2023-03-30T00:04:02.503+0000] {logging_mixin.py:137} INFO - [2023-03-30T00:04:02.503+0000] {dag.py:2693} INFO - Sync 1 DAGs
[2023-03-30T00:04:02.536+0000] {logging_mixin.py:137} INFO - [2023-03-30T00:04:02.536+0000] {dag.py:3444} INFO - Setting next_dagrun for example_sensors to None, run_after=None
[2023-03-30T00:04:02.565+0000] {processor.py:175} INFO - Processing /home/airflow/.local/lib/python3.7/site-packages/airflow/example_dags/example_sensors.py took 0.134 seconds
[2023-03-30T00:04:32.678+0000] {processor.py:153} INFO - Started process (PID=757) to work on /home/airflow/.local/lib/python3.7/site-packages/airflow/example_dags/example_sensors.py
[2023-03-30T00:04:32.679+0000] {processor.py:743} INFO - Processing file /home/airflow/.local/lib/python3.7/site-packages/airflow/example_dags/example_sensors.py for tasks to queue
[2023-03-30T00:04:32.679+0000] {logging_mixin.py:137} INFO - [2023-03-30T00:04:32.679+0000] {dagbag.py:532} INFO - Filling up the DagBag from /home/airflow/.local/lib/python3.7/site-packages/airflow/example_dags/example_sensors.py
[2023-03-30T00:04:32.704+0000] {processor.py:753} INFO - DAG(s) dict_keys(['example_sensors']) retrieved from /home/airflow/.local/lib/python3.7/site-packages/airflow/example_dags/example_sensors.py
[2023-03-30T00:04:32.743+0000] {logging_mixin.py:137} INFO - [2023-03-30T00:04:32.743+0000] {dag.py:2693} INFO - Sync 1 DAGs
[2023-03-30T00:04:32.779+0000] {logging_mixin.py:137} INFO - [2023-03-30T00:04:32.778+0000] {dag.py:3444} INFO - Setting next_dagrun for example_sensors to None, run_after=None
[2023-03-30T00:04:32.823+0000] {processor.py:175} INFO - Processing /home/airflow/.local/lib/python3.7/site-packages/airflow/example_dags/example_sensors.py took 0.149 seconds
[2023-03-30T00:05:02.944+0000] {processor.py:153} INFO - Started process (PID=807) to work on /home/airflow/.local/lib/python3.7/site-packages/airflow/example_dags/example_sensors.py
[2023-03-30T00:05:02.946+0000] {processor.py:743} INFO - Processing file /home/airflow/.local/lib/python3.7/site-packages/airflow/example_dags/example_sensors.py for tasks to queue
[2023-03-30T00:05:02.947+0000] {logging_mixin.py:137} INFO - [2023-03-30T00:05:02.947+0000] {dagbag.py:532} INFO - Filling up the DagBag from /home/airflow/.local/lib/python3.7/site-packages/airflow/example_dags/example_sensors.py
[2023-03-30T00:05:02.972+0000] {processor.py:753} INFO - DAG(s) dict_keys(['example_sensors']) retrieved from /home/airflow/.local/lib/python3.7/site-packages/airflow/example_dags/example_sensors.py
[2023-03-30T00:05:03.015+0000] {logging_mixin.py:137} INFO - [2023-03-30T00:05:03.015+0000] {dag.py:2693} INFO - Sync 1 DAGs
[2023-03-30T00:05:03.048+0000] {logging_mixin.py:137} INFO - [2023-03-30T00:05:03.048+0000] {dag.py:3444} INFO - Setting next_dagrun for example_sensors to None, run_after=None
[2023-03-30T00:05:03.074+0000] {processor.py:175} INFO - Processing /home/airflow/.local/lib/python3.7/site-packages/airflow/example_dags/example_sensors.py took 0.134 seconds
[2023-03-30T00:05:33.163+0000] {processor.py:153} INFO - Started process (PID=857) to work on /home/airflow/.local/lib/python3.7/site-packages/airflow/example_dags/example_sensors.py
[2023-03-30T00:05:33.164+0000] {processor.py:743} INFO - Processing file /home/airflow/.local/lib/python3.7/site-packages/airflow/example_dags/example_sensors.py for tasks to queue
[2023-03-30T00:05:33.164+0000] {logging_mixin.py:137} INFO - [2023-03-30T00:05:33.164+0000] {dagbag.py:532} INFO - Filling up the DagBag from /home/airflow/.local/lib/python3.7/site-packages/airflow/example_dags/example_sensors.py
[2023-03-30T00:05:33.190+0000] {processor.py:753} INFO - DAG(s) dict_keys(['example_sensors']) retrieved from /home/airflow/.local/lib/python3.7/site-packages/airflow/example_dags/example_sensors.py
[2023-03-30T00:05:33.235+0000] {logging_mixin.py:137} INFO - [2023-03-30T00:05:33.235+0000] {dag.py:2693} INFO - Sync 1 DAGs
[2023-03-30T00:05:33.270+0000] {logging_mixin.py:137} INFO - [2023-03-30T00:05:33.270+0000] {dag.py:3444} INFO - Setting next_dagrun for example_sensors to None, run_after=None
[2023-03-30T00:05:33.296+0000] {processor.py:175} INFO - Processing /home/airflow/.local/lib/python3.7/site-packages/airflow/example_dags/example_sensors.py took 0.137 seconds
[2023-03-30T00:06:03.610+0000] {processor.py:153} INFO - Started process (PID=906) to work on /home/airflow/.local/lib/python3.7/site-packages/airflow/example_dags/example_sensors.py
[2023-03-30T00:06:03.612+0000] {processor.py:743} INFO - Processing file /home/airflow/.local/lib/python3.7/site-packages/airflow/example_dags/example_sensors.py for tasks to queue
[2023-03-30T00:06:03.612+0000] {logging_mixin.py:137} INFO - [2023-03-30T00:06:03.612+0000] {dagbag.py:532} INFO - Filling up the DagBag from /home/airflow/.local/lib/python3.7/site-packages/airflow/example_dags/example_sensors.py
[2023-03-30T00:06:03.638+0000] {processor.py:753} INFO - DAG(s) dict_keys(['example_sensors']) retrieved from /home/airflow/.local/lib/python3.7/site-packages/airflow/example_dags/example_sensors.py
[2023-03-30T00:06:03.678+0000] {logging_mixin.py:137} INFO - [2023-03-30T00:06:03.678+0000] {dag.py:2693} INFO - Sync 1 DAGs
[2023-03-30T00:06:03.710+0000] {logging_mixin.py:137} INFO - [2023-03-30T00:06:03.710+0000] {dag.py:3444} INFO - Setting next_dagrun for example_sensors to None, run_after=None
[2023-03-30T00:06:03.731+0000] {processor.py:175} INFO - Processing /home/airflow/.local/lib/python3.7/site-packages/airflow/example_dags/example_sensors.py took 0.125 seconds
[2023-03-30T00:06:33.833+0000] {processor.py:153} INFO - Started process (PID=956) to work on /home/airflow/.local/lib/python3.7/site-packages/airflow/example_dags/example_sensors.py
[2023-03-30T00:06:33.834+0000] {processor.py:743} INFO - Processing file /home/airflow/.local/lib/python3.7/site-packages/airflow/example_dags/example_sensors.py for tasks to queue
[2023-03-30T00:06:33.835+0000] {logging_mixin.py:137} INFO - [2023-03-30T00:06:33.835+0000] {dagbag.py:532} INFO - Filling up the DagBag from /home/airflow/.local/lib/python3.7/site-packages/airflow/example_dags/example_sensors.py
[2023-03-30T00:06:33.860+0000] {processor.py:753} INFO - DAG(s) dict_keys(['example_sensors']) retrieved from /home/airflow/.local/lib/python3.7/site-packages/airflow/example_dags/example_sensors.py
[2023-03-30T00:06:33.897+0000] {logging_mixin.py:137} INFO - [2023-03-30T00:06:33.897+0000] {dag.py:2693} INFO - Sync 1 DAGs
[2023-03-30T00:06:33.927+0000] {logging_mixin.py:137} INFO - [2023-03-30T00:06:33.927+0000] {dag.py:3444} INFO - Setting next_dagrun for example_sensors to None, run_after=None
[2023-03-30T00:06:33.963+0000] {processor.py:175} INFO - Processing /home/airflow/.local/lib/python3.7/site-packages/airflow/example_dags/example_sensors.py took 0.133 seconds
[2023-03-30T00:07:04.665+0000] {processor.py:153} INFO - Started process (PID=1006) to work on /home/airflow/.local/lib/python3.7/site-packages/airflow/example_dags/example_sensors.py
[2023-03-30T00:07:04.670+0000] {processor.py:743} INFO - Processing file /home/airflow/.local/lib/python3.7/site-packages/airflow/example_dags/example_sensors.py for tasks to queue
[2023-03-30T00:07:04.671+0000] {logging_mixin.py:137} INFO - [2023-03-30T00:07:04.671+0000] {dagbag.py:532} INFO - Filling up the DagBag from /home/airflow/.local/lib/python3.7/site-packages/airflow/example_dags/example_sensors.py
[2023-03-30T00:07:04.698+0000] {processor.py:753} INFO - DAG(s) dict_keys(['example_sensors']) retrieved from /home/airflow/.local/lib/python3.7/site-packages/airflow/example_dags/example_sensors.py
[2023-03-30T00:07:04.736+0000] {logging_mixin.py:137} INFO - [2023-03-30T00:07:04.736+0000] {dag.py:2693} INFO - Sync 1 DAGs
[2023-03-30T00:07:04.776+0000] {logging_mixin.py:137} INFO - [2023-03-30T00:07:04.776+0000] {dag.py:3444} INFO - Setting next_dagrun for example_sensors to None, run_after=None
[2023-03-30T00:07:04.802+0000] {processor.py:175} INFO - Processing /home/airflow/.local/lib/python3.7/site-packages/airflow/example_dags/example_sensors.py took 0.149 seconds
[2023-03-30T00:07:35.085+0000] {processor.py:153} INFO - Started process (PID=1056) to work on /home/airflow/.local/lib/python3.7/site-packages/airflow/example_dags/example_sensors.py
[2023-03-30T00:07:35.086+0000] {processor.py:743} INFO - Processing file /home/airflow/.local/lib/python3.7/site-packages/airflow/example_dags/example_sensors.py for tasks to queue
[2023-03-30T00:07:35.087+0000] {logging_mixin.py:137} INFO - [2023-03-30T00:07:35.087+0000] {dagbag.py:532} INFO - Filling up the DagBag from /home/airflow/.local/lib/python3.7/site-packages/airflow/example_dags/example_sensors.py
[2023-03-30T00:07:35.130+0000] {processor.py:753} INFO - DAG(s) dict_keys(['example_sensors']) retrieved from /home/airflow/.local/lib/python3.7/site-packages/airflow/example_dags/example_sensors.py
[2023-03-30T00:07:35.168+0000] {logging_mixin.py:137} INFO - [2023-03-30T00:07:35.168+0000] {dag.py:2693} INFO - Sync 1 DAGs
[2023-03-30T00:07:35.201+0000] {logging_mixin.py:137} INFO - [2023-03-30T00:07:35.200+0000] {dag.py:3444} INFO - Setting next_dagrun for example_sensors to None, run_after=None
[2023-03-30T00:07:35.221+0000] {processor.py:175} INFO - Processing /home/airflow/.local/lib/python3.7/site-packages/airflow/example_dags/example_sensors.py took 0.148 seconds
[2023-03-30T00:08:05.650+0000] {processor.py:153} INFO - Started process (PID=1106) to work on /home/airflow/.local/lib/python3.7/site-packages/airflow/example_dags/example_sensors.py
[2023-03-30T00:08:05.651+0000] {processor.py:743} INFO - Processing file /home/airflow/.local/lib/python3.7/site-packages/airflow/example_dags/example_sensors.py for tasks to queue
[2023-03-30T00:08:05.652+0000] {logging_mixin.py:137} INFO - [2023-03-30T00:08:05.652+0000] {dagbag.py:532} INFO - Filling up the DagBag from /home/airflow/.local/lib/python3.7/site-packages/airflow/example_dags/example_sensors.py
[2023-03-30T00:08:05.725+0000] {processor.py:753} INFO - DAG(s) dict_keys(['example_sensors']) retrieved from /home/airflow/.local/lib/python3.7/site-packages/airflow/example_dags/example_sensors.py
[2023-03-30T00:08:05.769+0000] {logging_mixin.py:137} INFO - [2023-03-30T00:08:05.769+0000] {dag.py:2693} INFO - Sync 1 DAGs
[2023-03-30T00:08:05.800+0000] {logging_mixin.py:137} INFO - [2023-03-30T00:08:05.800+0000] {dag.py:3444} INFO - Setting next_dagrun for example_sensors to None, run_after=None
[2023-03-30T00:08:05.822+0000] {processor.py:175} INFO - Processing /home/airflow/.local/lib/python3.7/site-packages/airflow/example_dags/example_sensors.py took 0.176 seconds
[2023-03-30T00:08:35.911+0000] {processor.py:153} INFO - Started process (PID=1156) to work on /home/airflow/.local/lib/python3.7/site-packages/airflow/example_dags/example_sensors.py
[2023-03-30T00:08:35.912+0000] {processor.py:743} INFO - Processing file /home/airflow/.local/lib/python3.7/site-packages/airflow/example_dags/example_sensors.py for tasks to queue
[2023-03-30T00:08:35.913+0000] {logging_mixin.py:137} INFO - [2023-03-30T00:08:35.913+0000] {dagbag.py:532} INFO - Filling up the DagBag from /home/airflow/.local/lib/python3.7/site-packages/airflow/example_dags/example_sensors.py
[2023-03-30T00:08:35.941+0000] {processor.py:753} INFO - DAG(s) dict_keys(['example_sensors']) retrieved from /home/airflow/.local/lib/python3.7/site-packages/airflow/example_dags/example_sensors.py
[2023-03-30T00:08:35.980+0000] {logging_mixin.py:137} INFO - [2023-03-30T00:08:35.980+0000] {dag.py:2693} INFO - Sync 1 DAGs
[2023-03-30T00:08:36.013+0000] {logging_mixin.py:137} INFO - [2023-03-30T00:08:36.013+0000] {dag.py:3444} INFO - Setting next_dagrun for example_sensors to None, run_after=None
[2023-03-30T00:08:36.034+0000] {processor.py:175} INFO - Processing /home/airflow/.local/lib/python3.7/site-packages/airflow/example_dags/example_sensors.py took 0.131 seconds
[2023-03-30T00:09:06.797+0000] {processor.py:153} INFO - Started process (PID=1206) to work on /home/airflow/.local/lib/python3.7/site-packages/airflow/example_dags/example_sensors.py
[2023-03-30T00:09:06.798+0000] {processor.py:743} INFO - Processing file /home/airflow/.local/lib/python3.7/site-packages/airflow/example_dags/example_sensors.py for tasks to queue
[2023-03-30T00:09:06.799+0000] {logging_mixin.py:137} INFO - [2023-03-30T00:09:06.799+0000] {dagbag.py:532} INFO - Filling up the DagBag from /home/airflow/.local/lib/python3.7/site-packages/airflow/example_dags/example_sensors.py
[2023-03-30T00:09:06.825+0000] {processor.py:753} INFO - DAG(s) dict_keys(['example_sensors']) retrieved from /home/airflow/.local/lib/python3.7/site-packages/airflow/example_dags/example_sensors.py
[2023-03-30T00:09:06.866+0000] {logging_mixin.py:137} INFO - [2023-03-30T00:09:06.865+0000] {dag.py:2693} INFO - Sync 1 DAGs
[2023-03-30T00:09:06.904+0000] {logging_mixin.py:137} INFO - [2023-03-30T00:09:06.903+0000] {dag.py:3444} INFO - Setting next_dagrun for example_sensors to None, run_after=None
[2023-03-30T00:09:06.948+0000] {processor.py:175} INFO - Processing /home/airflow/.local/lib/python3.7/site-packages/airflow/example_dags/example_sensors.py took 0.155 seconds
[2023-03-30T00:09:37.405+0000] {processor.py:153} INFO - Started process (PID=1255) to work on /home/airflow/.local/lib/python3.7/site-packages/airflow/example_dags/example_sensors.py
[2023-03-30T00:09:37.406+0000] {processor.py:743} INFO - Processing file /home/airflow/.local/lib/python3.7/site-packages/airflow/example_dags/example_sensors.py for tasks to queue
[2023-03-30T00:09:37.407+0000] {logging_mixin.py:137} INFO - [2023-03-30T00:09:37.407+0000] {dagbag.py:532} INFO - Filling up the DagBag from /home/airflow/.local/lib/python3.7/site-packages/airflow/example_dags/example_sensors.py
[2023-03-30T00:09:37.436+0000] {processor.py:753} INFO - DAG(s) dict_keys(['example_sensors']) retrieved from /home/airflow/.local/lib/python3.7/site-packages/airflow/example_dags/example_sensors.py
[2023-03-30T00:09:37.475+0000] {logging_mixin.py:137} INFO - [2023-03-30T00:09:37.474+0000] {dag.py:2693} INFO - Sync 1 DAGs
[2023-03-30T00:09:37.507+0000] {logging_mixin.py:137} INFO - [2023-03-30T00:09:37.507+0000] {dag.py:3444} INFO - Setting next_dagrun for example_sensors to None, run_after=None
[2023-03-30T00:09:37.529+0000] {processor.py:175} INFO - Processing /home/airflow/.local/lib/python3.7/site-packages/airflow/example_dags/example_sensors.py took 0.128 seconds
[2023-03-30T00:10:07.913+0000] {processor.py:153} INFO - Started process (PID=1305) to work on /home/airflow/.local/lib/python3.7/site-packages/airflow/example_dags/example_sensors.py
[2023-03-30T00:10:07.914+0000] {processor.py:743} INFO - Processing file /home/airflow/.local/lib/python3.7/site-packages/airflow/example_dags/example_sensors.py for tasks to queue
[2023-03-30T00:10:07.915+0000] {logging_mixin.py:137} INFO - [2023-03-30T00:10:07.914+0000] {dagbag.py:532} INFO - Filling up the DagBag from /home/airflow/.local/lib/python3.7/site-packages/airflow/example_dags/example_sensors.py
[2023-03-30T00:10:07.940+0000] {processor.py:753} INFO - DAG(s) dict_keys(['example_sensors']) retrieved from /home/airflow/.local/lib/python3.7/site-packages/airflow/example_dags/example_sensors.py
[2023-03-30T00:10:07.977+0000] {logging_mixin.py:137} INFO - [2023-03-30T00:10:07.976+0000] {dag.py:2693} INFO - Sync 1 DAGs
[2023-03-30T00:10:08.009+0000] {logging_mixin.py:137} INFO - [2023-03-30T00:10:08.009+0000] {dag.py:3444} INFO - Setting next_dagrun for example_sensors to None, run_after=None
[2023-03-30T00:10:08.030+0000] {processor.py:175} INFO - Processing /home/airflow/.local/lib/python3.7/site-packages/airflow/example_dags/example_sensors.py took 0.125 seconds
[2023-03-30T00:10:38.386+0000] {processor.py:153} INFO - Started process (PID=1354) to work on /home/airflow/.local/lib/python3.7/site-packages/airflow/example_dags/example_sensors.py
[2023-03-30T00:10:38.387+0000] {processor.py:743} INFO - Processing file /home/airflow/.local/lib/python3.7/site-packages/airflow/example_dags/example_sensors.py for tasks to queue
[2023-03-30T00:10:38.388+0000] {logging_mixin.py:137} INFO - [2023-03-30T00:10:38.388+0000] {dagbag.py:532} INFO - Filling up the DagBag from /home/airflow/.local/lib/python3.7/site-packages/airflow/example_dags/example_sensors.py
[2023-03-30T00:10:38.415+0000] {processor.py:753} INFO - DAG(s) dict_keys(['example_sensors']) retrieved from /home/airflow/.local/lib/python3.7/site-packages/airflow/example_dags/example_sensors.py
[2023-03-30T00:10:38.453+0000] {logging_mixin.py:137} INFO - [2023-03-30T00:10:38.453+0000] {dag.py:2693} INFO - Sync 1 DAGs
[2023-03-30T00:10:38.486+0000] {logging_mixin.py:137} INFO - [2023-03-30T00:10:38.486+0000] {dag.py:3444} INFO - Setting next_dagrun for example_sensors to None, run_after=None
[2023-03-30T00:10:38.508+0000] {processor.py:175} INFO - Processing /home/airflow/.local/lib/python3.7/site-packages/airflow/example_dags/example_sensors.py took 0.130 seconds
[2023-03-30T00:11:08.958+0000] {processor.py:153} INFO - Started process (PID=1404) to work on /home/airflow/.local/lib/python3.7/site-packages/airflow/example_dags/example_sensors.py
[2023-03-30T00:11:08.962+0000] {processor.py:743} INFO - Processing file /home/airflow/.local/lib/python3.7/site-packages/airflow/example_dags/example_sensors.py for tasks to queue
[2023-03-30T00:11:08.963+0000] {logging_mixin.py:137} INFO - [2023-03-30T00:11:08.962+0000] {dagbag.py:532} INFO - Filling up the DagBag from /home/airflow/.local/lib/python3.7/site-packages/airflow/example_dags/example_sensors.py
[2023-03-30T00:11:08.989+0000] {processor.py:753} INFO - DAG(s) dict_keys(['example_sensors']) retrieved from /home/airflow/.local/lib/python3.7/site-packages/airflow/example_dags/example_sensors.py
[2023-03-30T00:11:09.027+0000] {logging_mixin.py:137} INFO - [2023-03-30T00:11:09.027+0000] {dag.py:2693} INFO - Sync 1 DAGs
[2023-03-30T00:11:09.060+0000] {logging_mixin.py:137} INFO - [2023-03-30T00:11:09.060+0000] {dag.py:3444} INFO - Setting next_dagrun for example_sensors to None, run_after=None
[2023-03-30T00:11:09.082+0000] {processor.py:175} INFO - Processing /home/airflow/.local/lib/python3.7/site-packages/airflow/example_dags/example_sensors.py took 0.128 seconds
[2023-03-30T00:11:39.970+0000] {processor.py:153} INFO - Started process (PID=1455) to work on /home/airflow/.local/lib/python3.7/site-packages/airflow/example_dags/example_sensors.py
[2023-03-30T00:11:39.971+0000] {processor.py:743} INFO - Processing file /home/airflow/.local/lib/python3.7/site-packages/airflow/example_dags/example_sensors.py for tasks to queue
[2023-03-30T00:11:39.971+0000] {logging_mixin.py:137} INFO - [2023-03-30T00:11:39.971+0000] {dagbag.py:532} INFO - Filling up the DagBag from /home/airflow/.local/lib/python3.7/site-packages/airflow/example_dags/example_sensors.py
[2023-03-30T00:11:40.000+0000] {processor.py:753} INFO - DAG(s) dict_keys(['example_sensors']) retrieved from /home/airflow/.local/lib/python3.7/site-packages/airflow/example_dags/example_sensors.py
[2023-03-30T00:11:40.039+0000] {logging_mixin.py:137} INFO - [2023-03-30T00:11:40.038+0000] {dag.py:2693} INFO - Sync 1 DAGs
[2023-03-30T00:11:40.072+0000] {logging_mixin.py:137} INFO - [2023-03-30T00:11:40.072+0000] {dag.py:3444} INFO - Setting next_dagrun for example_sensors to None, run_after=None
[2023-03-30T00:11:40.095+0000] {processor.py:175} INFO - Processing /home/airflow/.local/lib/python3.7/site-packages/airflow/example_dags/example_sensors.py took 0.130 seconds
[2023-03-30T00:12:10.283+0000] {processor.py:153} INFO - Started process (PID=1504) to work on /home/airflow/.local/lib/python3.7/site-packages/airflow/example_dags/example_sensors.py
[2023-03-30T00:12:10.285+0000] {processor.py:743} INFO - Processing file /home/airflow/.local/lib/python3.7/site-packages/airflow/example_dags/example_sensors.py for tasks to queue
[2023-03-30T00:12:10.285+0000] {logging_mixin.py:137} INFO - [2023-03-30T00:12:10.285+0000] {dagbag.py:532} INFO - Filling up the DagBag from /home/airflow/.local/lib/python3.7/site-packages/airflow/example_dags/example_sensors.py
[2023-03-30T00:12:10.310+0000] {processor.py:753} INFO - DAG(s) dict_keys(['example_sensors']) retrieved from /home/airflow/.local/lib/python3.7/site-packages/airflow/example_dags/example_sensors.py
[2023-03-30T00:12:10.349+0000] {logging_mixin.py:137} INFO - [2023-03-30T00:12:10.348+0000] {dag.py:2693} INFO - Sync 1 DAGs
[2023-03-30T00:12:10.381+0000] {logging_mixin.py:137} INFO - [2023-03-30T00:12:10.381+0000] {dag.py:3444} INFO - Setting next_dagrun for example_sensors to None, run_after=None
[2023-03-30T00:12:10.403+0000] {processor.py:175} INFO - Processing /home/airflow/.local/lib/python3.7/site-packages/airflow/example_dags/example_sensors.py took 0.124 seconds
[2023-03-30T00:12:40.466+0000] {processor.py:153} INFO - Started process (PID=1555) to work on /home/airflow/.local/lib/python3.7/site-packages/airflow/example_dags/example_sensors.py
[2023-03-30T00:12:40.467+0000] {processor.py:743} INFO - Processing file /home/airflow/.local/lib/python3.7/site-packages/airflow/example_dags/example_sensors.py for tasks to queue
[2023-03-30T00:12:40.468+0000] {logging_mixin.py:137} INFO - [2023-03-30T00:12:40.468+0000] {dagbag.py:532} INFO - Filling up the DagBag from /home/airflow/.local/lib/python3.7/site-packages/airflow/example_dags/example_sensors.py
[2023-03-30T00:12:40.494+0000] {processor.py:753} INFO - DAG(s) dict_keys(['example_sensors']) retrieved from /home/airflow/.local/lib/python3.7/site-packages/airflow/example_dags/example_sensors.py
[2023-03-30T00:12:40.534+0000] {logging_mixin.py:137} INFO - [2023-03-30T00:12:40.534+0000] {dag.py:2693} INFO - Sync 1 DAGs
[2023-03-30T00:12:40.567+0000] {logging_mixin.py:137} INFO - [2023-03-30T00:12:40.567+0000] {dag.py:3444} INFO - Setting next_dagrun for example_sensors to None, run_after=None
[2023-03-30T00:12:40.588+0000] {processor.py:175} INFO - Processing /home/airflow/.local/lib/python3.7/site-packages/airflow/example_dags/example_sensors.py took 0.130 seconds
[2023-03-30T00:13:11.170+0000] {processor.py:153} INFO - Started process (PID=1605) to work on /home/airflow/.local/lib/python3.7/site-packages/airflow/example_dags/example_sensors.py
[2023-03-30T00:13:11.170+0000] {processor.py:743} INFO - Processing file /home/airflow/.local/lib/python3.7/site-packages/airflow/example_dags/example_sensors.py for tasks to queue
[2023-03-30T00:13:11.171+0000] {logging_mixin.py:137} INFO - [2023-03-30T00:13:11.171+0000] {dagbag.py:532} INFO - Filling up the DagBag from /home/airflow/.local/lib/python3.7/site-packages/airflow/example_dags/example_sensors.py
[2023-03-30T00:13:11.199+0000] {processor.py:753} INFO - DAG(s) dict_keys(['example_sensors']) retrieved from /home/airflow/.local/lib/python3.7/site-packages/airflow/example_dags/example_sensors.py
[2023-03-30T00:13:11.236+0000] {logging_mixin.py:137} INFO - [2023-03-30T00:13:11.236+0000] {dag.py:2693} INFO - Sync 1 DAGs
[2023-03-30T00:13:11.268+0000] {logging_mixin.py:137} INFO - [2023-03-30T00:13:11.268+0000] {dag.py:3444} INFO - Setting next_dagrun for example_sensors to None, run_after=None
[2023-03-30T00:13:11.289+0000] {processor.py:175} INFO - Processing /home/airflow/.local/lib/python3.7/site-packages/airflow/example_dags/example_sensors.py took 0.123 seconds
[2023-03-30T00:13:42.154+0000] {processor.py:153} INFO - Started process (PID=1655) to work on /home/airflow/.local/lib/python3.7/site-packages/airflow/example_dags/example_sensors.py
[2023-03-30T00:13:42.155+0000] {processor.py:743} INFO - Processing file /home/airflow/.local/lib/python3.7/site-packages/airflow/example_dags/example_sensors.py for tasks to queue
[2023-03-30T00:13:42.156+0000] {logging_mixin.py:137} INFO - [2023-03-30T00:13:42.155+0000] {dagbag.py:532} INFO - Filling up the DagBag from /home/airflow/.local/lib/python3.7/site-packages/airflow/example_dags/example_sensors.py
[2023-03-30T00:13:42.182+0000] {processor.py:753} INFO - DAG(s) dict_keys(['example_sensors']) retrieved from /home/airflow/.local/lib/python3.7/site-packages/airflow/example_dags/example_sensors.py
[2023-03-30T00:13:42.221+0000] {logging_mixin.py:137} INFO - [2023-03-30T00:13:42.221+0000] {dag.py:2693} INFO - Sync 1 DAGs
[2023-03-30T00:13:42.284+0000] {logging_mixin.py:137} INFO - [2023-03-30T00:13:42.283+0000] {dag.py:3444} INFO - Setting next_dagrun for example_sensors to None, run_after=None
[2023-03-30T00:13:42.311+0000] {processor.py:175} INFO - Processing /home/airflow/.local/lib/python3.7/site-packages/airflow/example_dags/example_sensors.py took 0.162 seconds
[2023-03-30T00:14:12.494+0000] {processor.py:153} INFO - Started process (PID=1705) to work on /home/airflow/.local/lib/python3.7/site-packages/airflow/example_dags/example_sensors.py
[2023-03-30T00:14:12.494+0000] {processor.py:743} INFO - Processing file /home/airflow/.local/lib/python3.7/site-packages/airflow/example_dags/example_sensors.py for tasks to queue
[2023-03-30T00:14:12.495+0000] {logging_mixin.py:137} INFO - [2023-03-30T00:14:12.495+0000] {dagbag.py:532} INFO - Filling up the DagBag from /home/airflow/.local/lib/python3.7/site-packages/airflow/example_dags/example_sensors.py
[2023-03-30T00:14:12.520+0000] {processor.py:753} INFO - DAG(s) dict_keys(['example_sensors']) retrieved from /home/airflow/.local/lib/python3.7/site-packages/airflow/example_dags/example_sensors.py
[2023-03-30T00:14:12.566+0000] {logging_mixin.py:137} INFO - [2023-03-30T00:14:12.566+0000] {dag.py:2693} INFO - Sync 1 DAGs
[2023-03-30T00:14:12.599+0000] {logging_mixin.py:137} INFO - [2023-03-30T00:14:12.599+0000] {dag.py:3444} INFO - Setting next_dagrun for example_sensors to None, run_after=None
[2023-03-30T00:14:12.630+0000] {processor.py:175} INFO - Processing /home/airflow/.local/lib/python3.7/site-packages/airflow/example_dags/example_sensors.py took 0.147 seconds
[2023-03-30T00:14:42.961+0000] {processor.py:153} INFO - Started process (PID=1755) to work on /home/airflow/.local/lib/python3.7/site-packages/airflow/example_dags/example_sensors.py
[2023-03-30T00:14:42.964+0000] {processor.py:743} INFO - Processing file /home/airflow/.local/lib/python3.7/site-packages/airflow/example_dags/example_sensors.py for tasks to queue
[2023-03-30T00:14:42.965+0000] {logging_mixin.py:137} INFO - [2023-03-30T00:14:42.965+0000] {dagbag.py:532} INFO - Filling up the DagBag from /home/airflow/.local/lib/python3.7/site-packages/airflow/example_dags/example_sensors.py
[2023-03-30T00:14:43.008+0000] {processor.py:753} INFO - DAG(s) dict_keys(['example_sensors']) retrieved from /home/airflow/.local/lib/python3.7/site-packages/airflow/example_dags/example_sensors.py
[2023-03-30T00:14:43.046+0000] {logging_mixin.py:137} INFO - [2023-03-30T00:14:43.045+0000] {dag.py:2693} INFO - Sync 1 DAGs
[2023-03-30T00:14:43.077+0000] {logging_mixin.py:137} INFO - [2023-03-30T00:14:43.077+0000] {dag.py:3444} INFO - Setting next_dagrun for example_sensors to None, run_after=None
[2023-03-30T00:14:43.097+0000] {processor.py:175} INFO - Processing /home/airflow/.local/lib/python3.7/site-packages/airflow/example_dags/example_sensors.py took 0.140 seconds
[2023-03-30T00:15:13.279+0000] {processor.py:153} INFO - Started process (PID=1805) to work on /home/airflow/.local/lib/python3.7/site-packages/airflow/example_dags/example_sensors.py
[2023-03-30T00:15:13.280+0000] {processor.py:743} INFO - Processing file /home/airflow/.local/lib/python3.7/site-packages/airflow/example_dags/example_sensors.py for tasks to queue
[2023-03-30T00:15:13.281+0000] {logging_mixin.py:137} INFO - [2023-03-30T00:15:13.281+0000] {dagbag.py:532} INFO - Filling up the DagBag from /home/airflow/.local/lib/python3.7/site-packages/airflow/example_dags/example_sensors.py
[2023-03-30T00:15:13.315+0000] {processor.py:753} INFO - DAG(s) dict_keys(['example_sensors']) retrieved from /home/airflow/.local/lib/python3.7/site-packages/airflow/example_dags/example_sensors.py
[2023-03-30T00:15:13.353+0000] {logging_mixin.py:137} INFO - [2023-03-30T00:15:13.353+0000] {dag.py:2693} INFO - Sync 1 DAGs
[2023-03-30T00:15:13.386+0000] {logging_mixin.py:137} INFO - [2023-03-30T00:15:13.386+0000] {dag.py:3444} INFO - Setting next_dagrun for example_sensors to None, run_after=None
[2023-03-30T00:15:13.409+0000] {processor.py:175} INFO - Processing /home/airflow/.local/lib/python3.7/site-packages/airflow/example_dags/example_sensors.py took 0.135 seconds
[2023-03-30T00:15:43.809+0000] {processor.py:153} INFO - Started process (PID=1855) to work on /home/airflow/.local/lib/python3.7/site-packages/airflow/example_dags/example_sensors.py
[2023-03-30T00:15:43.810+0000] {processor.py:743} INFO - Processing file /home/airflow/.local/lib/python3.7/site-packages/airflow/example_dags/example_sensors.py for tasks to queue
[2023-03-30T00:15:43.811+0000] {logging_mixin.py:137} INFO - [2023-03-30T00:15:43.810+0000] {dagbag.py:532} INFO - Filling up the DagBag from /home/airflow/.local/lib/python3.7/site-packages/airflow/example_dags/example_sensors.py
[2023-03-30T00:15:43.835+0000] {processor.py:753} INFO - DAG(s) dict_keys(['example_sensors']) retrieved from /home/airflow/.local/lib/python3.7/site-packages/airflow/example_dags/example_sensors.py
[2023-03-30T00:15:43.874+0000] {logging_mixin.py:137} INFO - [2023-03-30T00:15:43.874+0000] {dag.py:2693} INFO - Sync 1 DAGs
[2023-03-30T00:15:43.908+0000] {logging_mixin.py:137} INFO - [2023-03-30T00:15:43.907+0000] {dag.py:3444} INFO - Setting next_dagrun for example_sensors to None, run_after=None
[2023-03-30T00:15:43.930+0000] {processor.py:175} INFO - Processing /home/airflow/.local/lib/python3.7/site-packages/airflow/example_dags/example_sensors.py took 0.125 seconds
[2023-03-30T00:16:14.318+0000] {processor.py:153} INFO - Started process (PID=1904) to work on /home/airflow/.local/lib/python3.7/site-packages/airflow/example_dags/example_sensors.py
[2023-03-30T00:16:14.319+0000] {processor.py:743} INFO - Processing file /home/airflow/.local/lib/python3.7/site-packages/airflow/example_dags/example_sensors.py for tasks to queue
[2023-03-30T00:16:14.319+0000] {logging_mixin.py:137} INFO - [2023-03-30T00:16:14.319+0000] {dagbag.py:532} INFO - Filling up the DagBag from /home/airflow/.local/lib/python3.7/site-packages/airflow/example_dags/example_sensors.py
[2023-03-30T00:16:14.344+0000] {processor.py:753} INFO - DAG(s) dict_keys(['example_sensors']) retrieved from /home/airflow/.local/lib/python3.7/site-packages/airflow/example_dags/example_sensors.py
[2023-03-30T00:16:14.383+0000] {logging_mixin.py:137} INFO - [2023-03-30T00:16:14.383+0000] {dag.py:2693} INFO - Sync 1 DAGs
[2023-03-30T00:16:14.415+0000] {logging_mixin.py:137} INFO - [2023-03-30T00:16:14.414+0000] {dag.py:3444} INFO - Setting next_dagrun for example_sensors to None, run_after=None
[2023-03-30T00:16:14.436+0000] {processor.py:175} INFO - Processing /home/airflow/.local/lib/python3.7/site-packages/airflow/example_dags/example_sensors.py took 0.122 seconds
[2023-03-30T00:16:45.340+0000] {processor.py:153} INFO - Started process (PID=1954) to work on /home/airflow/.local/lib/python3.7/site-packages/airflow/example_dags/example_sensors.py
[2023-03-30T00:16:45.341+0000] {processor.py:743} INFO - Processing file /home/airflow/.local/lib/python3.7/site-packages/airflow/example_dags/example_sensors.py for tasks to queue
[2023-03-30T00:16:45.342+0000] {logging_mixin.py:137} INFO - [2023-03-30T00:16:45.342+0000] {dagbag.py:532} INFO - Filling up the DagBag from /home/airflow/.local/lib/python3.7/site-packages/airflow/example_dags/example_sensors.py
[2023-03-30T00:16:45.378+0000] {processor.py:753} INFO - DAG(s) dict_keys(['example_sensors']) retrieved from /home/airflow/.local/lib/python3.7/site-packages/airflow/example_dags/example_sensors.py
[2023-03-30T00:16:45.418+0000] {logging_mixin.py:137} INFO - [2023-03-30T00:16:45.417+0000] {dag.py:2693} INFO - Sync 1 DAGs
[2023-03-30T00:16:45.451+0000] {logging_mixin.py:137} INFO - [2023-03-30T00:16:45.451+0000] {dag.py:3444} INFO - Setting next_dagrun for example_sensors to None, run_after=None
[2023-03-30T00:16:45.473+0000] {processor.py:175} INFO - Processing /home/airflow/.local/lib/python3.7/site-packages/airflow/example_dags/example_sensors.py took 0.140 seconds
[2023-03-30T00:17:16.225+0000] {processor.py:153} INFO - Started process (PID=2004) to work on /home/airflow/.local/lib/python3.7/site-packages/airflow/example_dags/example_sensors.py
[2023-03-30T00:17:16.226+0000] {processor.py:743} INFO - Processing file /home/airflow/.local/lib/python3.7/site-packages/airflow/example_dags/example_sensors.py for tasks to queue
[2023-03-30T00:17:16.227+0000] {logging_mixin.py:137} INFO - [2023-03-30T00:17:16.227+0000] {dagbag.py:532} INFO - Filling up the DagBag from /home/airflow/.local/lib/python3.7/site-packages/airflow/example_dags/example_sensors.py
[2023-03-30T00:17:16.254+0000] {processor.py:753} INFO - DAG(s) dict_keys(['example_sensors']) retrieved from /home/airflow/.local/lib/python3.7/site-packages/airflow/example_dags/example_sensors.py
[2023-03-30T00:17:16.293+0000] {logging_mixin.py:137} INFO - [2023-03-30T00:17:16.293+0000] {dag.py:2693} INFO - Sync 1 DAGs
[2023-03-30T00:17:16.329+0000] {logging_mixin.py:137} INFO - [2023-03-30T00:17:16.329+0000] {dag.py:3444} INFO - Setting next_dagrun for example_sensors to None, run_after=None
[2023-03-30T00:17:16.352+0000] {processor.py:175} INFO - Processing /home/airflow/.local/lib/python3.7/site-packages/airflow/example_dags/example_sensors.py took 0.135 seconds
[2023-03-30T00:17:46.799+0000] {processor.py:153} INFO - Started process (PID=2055) to work on /home/airflow/.local/lib/python3.7/site-packages/airflow/example_dags/example_sensors.py
[2023-03-30T00:17:46.799+0000] {processor.py:743} INFO - Processing file /home/airflow/.local/lib/python3.7/site-packages/airflow/example_dags/example_sensors.py for tasks to queue
[2023-03-30T00:17:46.802+0000] {logging_mixin.py:137} INFO - [2023-03-30T00:17:46.802+0000] {dagbag.py:532} INFO - Filling up the DagBag from /home/airflow/.local/lib/python3.7/site-packages/airflow/example_dags/example_sensors.py
[2023-03-30T00:17:46.827+0000] {processor.py:753} INFO - DAG(s) dict_keys(['example_sensors']) retrieved from /home/airflow/.local/lib/python3.7/site-packages/airflow/example_dags/example_sensors.py
[2023-03-30T00:17:46.865+0000] {logging_mixin.py:137} INFO - [2023-03-30T00:17:46.865+0000] {dag.py:2693} INFO - Sync 1 DAGs
[2023-03-30T00:17:46.898+0000] {logging_mixin.py:137} INFO - [2023-03-30T00:17:46.898+0000] {dag.py:3444} INFO - Setting next_dagrun for example_sensors to None, run_after=None
[2023-03-30T00:17:46.919+0000] {processor.py:175} INFO - Processing /home/airflow/.local/lib/python3.7/site-packages/airflow/example_dags/example_sensors.py took 0.125 seconds
[2023-03-30T00:18:17.219+0000] {processor.py:153} INFO - Started process (PID=2106) to work on /home/airflow/.local/lib/python3.7/site-packages/airflow/example_dags/example_sensors.py
[2023-03-30T00:18:17.220+0000] {processor.py:743} INFO - Processing file /home/airflow/.local/lib/python3.7/site-packages/airflow/example_dags/example_sensors.py for tasks to queue
[2023-03-30T00:18:17.221+0000] {logging_mixin.py:137} INFO - [2023-03-30T00:18:17.221+0000] {dagbag.py:532} INFO - Filling up the DagBag from /home/airflow/.local/lib/python3.7/site-packages/airflow/example_dags/example_sensors.py
[2023-03-30T00:18:17.246+0000] {processor.py:753} INFO - DAG(s) dict_keys(['example_sensors']) retrieved from /home/airflow/.local/lib/python3.7/site-packages/airflow/example_dags/example_sensors.py
[2023-03-30T00:18:17.285+0000] {logging_mixin.py:137} INFO - [2023-03-30T00:18:17.285+0000] {dag.py:2693} INFO - Sync 1 DAGs
[2023-03-30T00:18:17.317+0000] {logging_mixin.py:137} INFO - [2023-03-30T00:18:17.317+0000] {dag.py:3444} INFO - Setting next_dagrun for example_sensors to None, run_after=None
[2023-03-30T00:18:17.342+0000] {processor.py:175} INFO - Processing /home/airflow/.local/lib/python3.7/site-packages/airflow/example_dags/example_sensors.py took 0.126 seconds
[2023-03-30T00:18:47.445+0000] {processor.py:153} INFO - Started process (PID=2156) to work on /home/airflow/.local/lib/python3.7/site-packages/airflow/example_dags/example_sensors.py
[2023-03-30T00:18:47.446+0000] {processor.py:743} INFO - Processing file /home/airflow/.local/lib/python3.7/site-packages/airflow/example_dags/example_sensors.py for tasks to queue
[2023-03-30T00:18:47.447+0000] {logging_mixin.py:137} INFO - [2023-03-30T00:18:47.447+0000] {dagbag.py:532} INFO - Filling up the DagBag from /home/airflow/.local/lib/python3.7/site-packages/airflow/example_dags/example_sensors.py
[2023-03-30T00:18:47.473+0000] {processor.py:753} INFO - DAG(s) dict_keys(['example_sensors']) retrieved from /home/airflow/.local/lib/python3.7/site-packages/airflow/example_dags/example_sensors.py
[2023-03-30T00:18:47.511+0000] {logging_mixin.py:137} INFO - [2023-03-30T00:18:47.511+0000] {dag.py:2693} INFO - Sync 1 DAGs
[2023-03-30T00:18:47.543+0000] {logging_mixin.py:137} INFO - [2023-03-30T00:18:47.543+0000] {dag.py:3444} INFO - Setting next_dagrun for example_sensors to None, run_after=None
[2023-03-30T00:18:47.567+0000] {processor.py:175} INFO - Processing /home/airflow/.local/lib/python3.7/site-packages/airflow/example_dags/example_sensors.py took 0.126 seconds
[2023-03-30T00:19:18.168+0000] {processor.py:153} INFO - Started process (PID=2205) to work on /home/airflow/.local/lib/python3.7/site-packages/airflow/example_dags/example_sensors.py
[2023-03-30T00:19:18.169+0000] {processor.py:743} INFO - Processing file /home/airflow/.local/lib/python3.7/site-packages/airflow/example_dags/example_sensors.py for tasks to queue
[2023-03-30T00:19:18.170+0000] {logging_mixin.py:137} INFO - [2023-03-30T00:19:18.169+0000] {dagbag.py:532} INFO - Filling up the DagBag from /home/airflow/.local/lib/python3.7/site-packages/airflow/example_dags/example_sensors.py
[2023-03-30T00:19:18.196+0000] {processor.py:753} INFO - DAG(s) dict_keys(['example_sensors']) retrieved from /home/airflow/.local/lib/python3.7/site-packages/airflow/example_dags/example_sensors.py
[2023-03-30T00:19:18.237+0000] {logging_mixin.py:137} INFO - [2023-03-30T00:19:18.237+0000] {dag.py:2693} INFO - Sync 1 DAGs
[2023-03-30T00:19:18.273+0000] {logging_mixin.py:137} INFO - [2023-03-30T00:19:18.273+0000] {dag.py:3444} INFO - Setting next_dagrun for example_sensors to None, run_after=None
[2023-03-30T00:19:18.298+0000] {processor.py:175} INFO - Processing /home/airflow/.local/lib/python3.7/site-packages/airflow/example_dags/example_sensors.py took 0.136 seconds
[2023-03-30T00:19:49.173+0000] {processor.py:153} INFO - Started process (PID=2255) to work on /home/airflow/.local/lib/python3.7/site-packages/airflow/example_dags/example_sensors.py
[2023-03-30T00:19:49.181+0000] {processor.py:743} INFO - Processing file /home/airflow/.local/lib/python3.7/site-packages/airflow/example_dags/example_sensors.py for tasks to queue
[2023-03-30T00:19:49.188+0000] {logging_mixin.py:137} INFO - [2023-03-30T00:19:49.188+0000] {dagbag.py:532} INFO - Filling up the DagBag from /home/airflow/.local/lib/python3.7/site-packages/airflow/example_dags/example_sensors.py
[2023-03-30T00:19:49.248+0000] {processor.py:753} INFO - DAG(s) dict_keys(['example_sensors']) retrieved from /home/airflow/.local/lib/python3.7/site-packages/airflow/example_dags/example_sensors.py
[2023-03-30T00:19:49.291+0000] {logging_mixin.py:137} INFO - [2023-03-30T00:19:49.291+0000] {dag.py:2693} INFO - Sync 1 DAGs
[2023-03-30T00:19:49.322+0000] {logging_mixin.py:137} INFO - [2023-03-30T00:19:49.322+0000] {dag.py:3444} INFO - Setting next_dagrun for example_sensors to None, run_after=None
[2023-03-30T00:19:49.354+0000] {processor.py:175} INFO - Processing /home/airflow/.local/lib/python3.7/site-packages/airflow/example_dags/example_sensors.py took 0.195 seconds
[2023-03-30T00:20:19.872+0000] {processor.py:153} INFO - Started process (PID=2306) to work on /home/airflow/.local/lib/python3.7/site-packages/airflow/example_dags/example_sensors.py
[2023-03-30T00:20:19.872+0000] {processor.py:743} INFO - Processing file /home/airflow/.local/lib/python3.7/site-packages/airflow/example_dags/example_sensors.py for tasks to queue
[2023-03-30T00:20:19.873+0000] {logging_mixin.py:137} INFO - [2023-03-30T00:20:19.873+0000] {dagbag.py:532} INFO - Filling up the DagBag from /home/airflow/.local/lib/python3.7/site-packages/airflow/example_dags/example_sensors.py
[2023-03-30T00:20:19.903+0000] {processor.py:753} INFO - DAG(s) dict_keys(['example_sensors']) retrieved from /home/airflow/.local/lib/python3.7/site-packages/airflow/example_dags/example_sensors.py
[2023-03-30T00:20:20.010+0000] {logging_mixin.py:137} INFO - [2023-03-30T00:20:20.010+0000] {dag.py:2693} INFO - Sync 1 DAGs
[2023-03-30T00:20:20.044+0000] {logging_mixin.py:137} INFO - [2023-03-30T00:20:20.044+0000] {dag.py:3444} INFO - Setting next_dagrun for example_sensors to None, run_after=None
[2023-03-30T00:20:20.108+0000] {processor.py:175} INFO - Processing /home/airflow/.local/lib/python3.7/site-packages/airflow/example_dags/example_sensors.py took 0.240 seconds
[2023-03-30T00:20:50.735+0000] {processor.py:153} INFO - Started process (PID=2356) to work on /home/airflow/.local/lib/python3.7/site-packages/airflow/example_dags/example_sensors.py
[2023-03-30T00:20:50.737+0000] {processor.py:743} INFO - Processing file /home/airflow/.local/lib/python3.7/site-packages/airflow/example_dags/example_sensors.py for tasks to queue
[2023-03-30T00:20:50.737+0000] {logging_mixin.py:137} INFO - [2023-03-30T00:20:50.737+0000] {dagbag.py:532} INFO - Filling up the DagBag from /home/airflow/.local/lib/python3.7/site-packages/airflow/example_dags/example_sensors.py
[2023-03-30T00:20:50.763+0000] {processor.py:753} INFO - DAG(s) dict_keys(['example_sensors']) retrieved from /home/airflow/.local/lib/python3.7/site-packages/airflow/example_dags/example_sensors.py
[2023-03-30T00:20:50.803+0000] {logging_mixin.py:137} INFO - [2023-03-30T00:20:50.803+0000] {dag.py:2693} INFO - Sync 1 DAGs
[2023-03-30T00:20:50.836+0000] {logging_mixin.py:137} INFO - [2023-03-30T00:20:50.836+0000] {dag.py:3444} INFO - Setting next_dagrun for example_sensors to None, run_after=None
[2023-03-30T00:20:50.861+0000] {processor.py:175} INFO - Processing /home/airflow/.local/lib/python3.7/site-packages/airflow/example_dags/example_sensors.py took 0.130 seconds
[2023-03-30T00:21:21.832+0000] {processor.py:153} INFO - Started process (PID=2405) to work on /home/airflow/.local/lib/python3.7/site-packages/airflow/example_dags/example_sensors.py
[2023-03-30T00:21:21.833+0000] {processor.py:743} INFO - Processing file /home/airflow/.local/lib/python3.7/site-packages/airflow/example_dags/example_sensors.py for tasks to queue
[2023-03-30T00:21:21.834+0000] {logging_mixin.py:137} INFO - [2023-03-30T00:21:21.834+0000] {dagbag.py:532} INFO - Filling up the DagBag from /home/airflow/.local/lib/python3.7/site-packages/airflow/example_dags/example_sensors.py
[2023-03-30T00:21:21.863+0000] {processor.py:753} INFO - DAG(s) dict_keys(['example_sensors']) retrieved from /home/airflow/.local/lib/python3.7/site-packages/airflow/example_dags/example_sensors.py
[2023-03-30T00:21:21.902+0000] {logging_mixin.py:137} INFO - [2023-03-30T00:21:21.902+0000] {dag.py:2693} INFO - Sync 1 DAGs
[2023-03-30T00:21:21.937+0000] {logging_mixin.py:137} INFO - [2023-03-30T00:21:21.936+0000] {dag.py:3444} INFO - Setting next_dagrun for example_sensors to None, run_after=None
[2023-03-30T00:21:21.959+0000] {processor.py:175} INFO - Processing /home/airflow/.local/lib/python3.7/site-packages/airflow/example_dags/example_sensors.py took 0.131 seconds
[2023-03-30T00:21:52.301+0000] {processor.py:153} INFO - Started process (PID=2456) to work on /home/airflow/.local/lib/python3.7/site-packages/airflow/example_dags/example_sensors.py
[2023-03-30T00:21:52.310+0000] {processor.py:743} INFO - Processing file /home/airflow/.local/lib/python3.7/site-packages/airflow/example_dags/example_sensors.py for tasks to queue
[2023-03-30T00:21:52.311+0000] {logging_mixin.py:137} INFO - [2023-03-30T00:21:52.311+0000] {dagbag.py:532} INFO - Filling up the DagBag from /home/airflow/.local/lib/python3.7/site-packages/airflow/example_dags/example_sensors.py
[2023-03-30T00:21:52.364+0000] {processor.py:753} INFO - DAG(s) dict_keys(['example_sensors']) retrieved from /home/airflow/.local/lib/python3.7/site-packages/airflow/example_dags/example_sensors.py
[2023-03-30T00:21:52.450+0000] {logging_mixin.py:137} INFO - [2023-03-30T00:21:52.450+0000] {dag.py:2693} INFO - Sync 1 DAGs
[2023-03-30T00:21:52.488+0000] {logging_mixin.py:137} INFO - [2023-03-30T00:21:52.487+0000] {dag.py:3444} INFO - Setting next_dagrun for example_sensors to None, run_after=None
[2023-03-30T00:21:52.534+0000] {processor.py:175} INFO - Processing /home/airflow/.local/lib/python3.7/site-packages/airflow/example_dags/example_sensors.py took 0.246 seconds
[2023-03-30T00:22:23.260+0000] {processor.py:153} INFO - Started process (PID=2506) to work on /home/airflow/.local/lib/python3.7/site-packages/airflow/example_dags/example_sensors.py
[2023-03-30T00:22:23.262+0000] {processor.py:743} INFO - Processing file /home/airflow/.local/lib/python3.7/site-packages/airflow/example_dags/example_sensors.py for tasks to queue
[2023-03-30T00:22:23.263+0000] {logging_mixin.py:137} INFO - [2023-03-30T00:22:23.262+0000] {dagbag.py:532} INFO - Filling up the DagBag from /home/airflow/.local/lib/python3.7/site-packages/airflow/example_dags/example_sensors.py
[2023-03-30T00:22:23.291+0000] {processor.py:753} INFO - DAG(s) dict_keys(['example_sensors']) retrieved from /home/airflow/.local/lib/python3.7/site-packages/airflow/example_dags/example_sensors.py
[2023-03-30T00:22:23.330+0000] {logging_mixin.py:137} INFO - [2023-03-30T00:22:23.330+0000] {dag.py:2693} INFO - Sync 1 DAGs
[2023-03-30T00:22:23.363+0000] {logging_mixin.py:137} INFO - [2023-03-30T00:22:23.363+0000] {dag.py:3444} INFO - Setting next_dagrun for example_sensors to None, run_after=None
[2023-03-30T00:22:23.384+0000] {processor.py:175} INFO - Processing /home/airflow/.local/lib/python3.7/site-packages/airflow/example_dags/example_sensors.py took 0.133 seconds
[2023-03-30T00:22:53.830+0000] {processor.py:153} INFO - Started process (PID=2556) to work on /home/airflow/.local/lib/python3.7/site-packages/airflow/example_dags/example_sensors.py
[2023-03-30T00:22:53.832+0000] {processor.py:743} INFO - Processing file /home/airflow/.local/lib/python3.7/site-packages/airflow/example_dags/example_sensors.py for tasks to queue
[2023-03-30T00:22:53.833+0000] {logging_mixin.py:137} INFO - [2023-03-30T00:22:53.832+0000] {dagbag.py:532} INFO - Filling up the DagBag from /home/airflow/.local/lib/python3.7/site-packages/airflow/example_dags/example_sensors.py
[2023-03-30T00:22:53.859+0000] {processor.py:753} INFO - DAG(s) dict_keys(['example_sensors']) retrieved from /home/airflow/.local/lib/python3.7/site-packages/airflow/example_dags/example_sensors.py
[2023-03-30T00:22:53.899+0000] {logging_mixin.py:137} INFO - [2023-03-30T00:22:53.899+0000] {dag.py:2693} INFO - Sync 1 DAGs
[2023-03-30T00:22:53.934+0000] {logging_mixin.py:137} INFO - [2023-03-30T00:22:53.934+0000] {dag.py:3444} INFO - Setting next_dagrun for example_sensors to None, run_after=None
[2023-03-30T00:22:53.957+0000] {processor.py:175} INFO - Processing /home/airflow/.local/lib/python3.7/site-packages/airflow/example_dags/example_sensors.py took 0.131 seconds
[2023-03-30T00:23:24.160+0000] {processor.py:153} INFO - Started process (PID=2606) to work on /home/airflow/.local/lib/python3.7/site-packages/airflow/example_dags/example_sensors.py
[2023-03-30T00:23:24.161+0000] {processor.py:743} INFO - Processing file /home/airflow/.local/lib/python3.7/site-packages/airflow/example_dags/example_sensors.py for tasks to queue
[2023-03-30T00:23:24.162+0000] {logging_mixin.py:137} INFO - [2023-03-30T00:23:24.162+0000] {dagbag.py:532} INFO - Filling up the DagBag from /home/airflow/.local/lib/python3.7/site-packages/airflow/example_dags/example_sensors.py
[2023-03-30T00:23:24.188+0000] {processor.py:753} INFO - DAG(s) dict_keys(['example_sensors']) retrieved from /home/airflow/.local/lib/python3.7/site-packages/airflow/example_dags/example_sensors.py
[2023-03-30T00:23:24.228+0000] {logging_mixin.py:137} INFO - [2023-03-30T00:23:24.228+0000] {dag.py:2693} INFO - Sync 1 DAGs
[2023-03-30T00:23:24.261+0000] {logging_mixin.py:137} INFO - [2023-03-30T00:23:24.261+0000] {dag.py:3444} INFO - Setting next_dagrun for example_sensors to None, run_after=None
[2023-03-30T00:23:24.285+0000] {processor.py:175} INFO - Processing /home/airflow/.local/lib/python3.7/site-packages/airflow/example_dags/example_sensors.py took 0.129 seconds
[2023-03-30T00:23:54.565+0000] {processor.py:153} INFO - Started process (PID=2656) to work on /home/airflow/.local/lib/python3.7/site-packages/airflow/example_dags/example_sensors.py
[2023-03-30T00:23:54.567+0000] {processor.py:743} INFO - Processing file /home/airflow/.local/lib/python3.7/site-packages/airflow/example_dags/example_sensors.py for tasks to queue
[2023-03-30T00:23:54.568+0000] {logging_mixin.py:137} INFO - [2023-03-30T00:23:54.567+0000] {dagbag.py:532} INFO - Filling up the DagBag from /home/airflow/.local/lib/python3.7/site-packages/airflow/example_dags/example_sensors.py
[2023-03-30T00:23:54.595+0000] {processor.py:753} INFO - DAG(s) dict_keys(['example_sensors']) retrieved from /home/airflow/.local/lib/python3.7/site-packages/airflow/example_dags/example_sensors.py
[2023-03-30T00:23:54.636+0000] {logging_mixin.py:137} INFO - [2023-03-30T00:23:54.636+0000] {dag.py:2693} INFO - Sync 1 DAGs
[2023-03-30T00:23:54.670+0000] {logging_mixin.py:137} INFO - [2023-03-30T00:23:54.670+0000] {dag.py:3444} INFO - Setting next_dagrun for example_sensors to None, run_after=None
[2023-03-30T00:23:54.692+0000] {processor.py:175} INFO - Processing /home/airflow/.local/lib/python3.7/site-packages/airflow/example_dags/example_sensors.py took 0.130 seconds
[2023-03-30T00:24:24.770+0000] {processor.py:153} INFO - Started process (PID=2706) to work on /home/airflow/.local/lib/python3.7/site-packages/airflow/example_dags/example_sensors.py
[2023-03-30T00:24:24.771+0000] {processor.py:743} INFO - Processing file /home/airflow/.local/lib/python3.7/site-packages/airflow/example_dags/example_sensors.py for tasks to queue
[2023-03-30T00:24:24.771+0000] {logging_mixin.py:137} INFO - [2023-03-30T00:24:24.771+0000] {dagbag.py:532} INFO - Filling up the DagBag from /home/airflow/.local/lib/python3.7/site-packages/airflow/example_dags/example_sensors.py
[2023-03-30T00:24:24.798+0000] {processor.py:753} INFO - DAG(s) dict_keys(['example_sensors']) retrieved from /home/airflow/.local/lib/python3.7/site-packages/airflow/example_dags/example_sensors.py
[2023-03-30T00:24:24.840+0000] {logging_mixin.py:137} INFO - [2023-03-30T00:24:24.839+0000] {dag.py:2693} INFO - Sync 1 DAGs
[2023-03-30T00:24:24.872+0000] {logging_mixin.py:137} INFO - [2023-03-30T00:24:24.872+0000] {dag.py:3444} INFO - Setting next_dagrun for example_sensors to None, run_after=None
[2023-03-30T00:24:24.901+0000] {processor.py:175} INFO - Processing /home/airflow/.local/lib/python3.7/site-packages/airflow/example_dags/example_sensors.py took 0.135 seconds
[2023-03-30T00:24:55.333+0000] {processor.py:153} INFO - Started process (PID=2756) to work on /home/airflow/.local/lib/python3.7/site-packages/airflow/example_dags/example_sensors.py
[2023-03-30T00:24:55.335+0000] {processor.py:743} INFO - Processing file /home/airflow/.local/lib/python3.7/site-packages/airflow/example_dags/example_sensors.py for tasks to queue
[2023-03-30T00:24:55.336+0000] {logging_mixin.py:137} INFO - [2023-03-30T00:24:55.336+0000] {dagbag.py:532} INFO - Filling up the DagBag from /home/airflow/.local/lib/python3.7/site-packages/airflow/example_dags/example_sensors.py
[2023-03-30T00:24:55.363+0000] {processor.py:753} INFO - DAG(s) dict_keys(['example_sensors']) retrieved from /home/airflow/.local/lib/python3.7/site-packages/airflow/example_dags/example_sensors.py
[2023-03-30T00:24:55.406+0000] {logging_mixin.py:137} INFO - [2023-03-30T00:24:55.406+0000] {dag.py:2693} INFO - Sync 1 DAGs
[2023-03-30T00:24:55.440+0000] {logging_mixin.py:137} INFO - [2023-03-30T00:24:55.440+0000] {dag.py:3444} INFO - Setting next_dagrun for example_sensors to None, run_after=None
[2023-03-30T00:24:55.462+0000] {processor.py:175} INFO - Processing /home/airflow/.local/lib/python3.7/site-packages/airflow/example_dags/example_sensors.py took 0.134 seconds
[2023-03-30T00:25:26.142+0000] {processor.py:153} INFO - Started process (PID=2806) to work on /home/airflow/.local/lib/python3.7/site-packages/airflow/example_dags/example_sensors.py
[2023-03-30T00:25:26.143+0000] {processor.py:743} INFO - Processing file /home/airflow/.local/lib/python3.7/site-packages/airflow/example_dags/example_sensors.py for tasks to queue
[2023-03-30T00:25:26.144+0000] {logging_mixin.py:137} INFO - [2023-03-30T00:25:26.143+0000] {dagbag.py:532} INFO - Filling up the DagBag from /home/airflow/.local/lib/python3.7/site-packages/airflow/example_dags/example_sensors.py
[2023-03-30T00:25:26.181+0000] {processor.py:753} INFO - DAG(s) dict_keys(['example_sensors']) retrieved from /home/airflow/.local/lib/python3.7/site-packages/airflow/example_dags/example_sensors.py
[2023-03-30T00:25:26.226+0000] {logging_mixin.py:137} INFO - [2023-03-30T00:25:26.226+0000] {dag.py:2693} INFO - Sync 1 DAGs
[2023-03-30T00:25:26.266+0000] {logging_mixin.py:137} INFO - [2023-03-30T00:25:26.266+0000] {dag.py:3444} INFO - Setting next_dagrun for example_sensors to None, run_after=None
[2023-03-30T00:25:26.287+0000] {processor.py:175} INFO - Processing /home/airflow/.local/lib/python3.7/site-packages/airflow/example_dags/example_sensors.py took 0.154 seconds
[2023-03-30T00:25:56.790+0000] {processor.py:153} INFO - Started process (PID=2856) to work on /home/airflow/.local/lib/python3.7/site-packages/airflow/example_dags/example_sensors.py
[2023-03-30T00:25:56.802+0000] {processor.py:743} INFO - Processing file /home/airflow/.local/lib/python3.7/site-packages/airflow/example_dags/example_sensors.py for tasks to queue
[2023-03-30T00:25:56.803+0000] {logging_mixin.py:137} INFO - [2023-03-30T00:25:56.803+0000] {dagbag.py:532} INFO - Filling up the DagBag from /home/airflow/.local/lib/python3.7/site-packages/airflow/example_dags/example_sensors.py
[2023-03-30T00:25:56.861+0000] {processor.py:753} INFO - DAG(s) dict_keys(['example_sensors']) retrieved from /home/airflow/.local/lib/python3.7/site-packages/airflow/example_dags/example_sensors.py
[2023-03-30T00:25:56.938+0000] {logging_mixin.py:137} INFO - [2023-03-30T00:25:56.938+0000] {dag.py:2693} INFO - Sync 1 DAGs
[2023-03-30T00:25:57.002+0000] {logging_mixin.py:137} INFO - [2023-03-30T00:25:57.002+0000] {dag.py:3444} INFO - Setting next_dagrun for example_sensors to None, run_after=None
[2023-03-30T00:25:57.039+0000] {processor.py:175} INFO - Processing /home/airflow/.local/lib/python3.7/site-packages/airflow/example_dags/example_sensors.py took 0.271 seconds
[2023-03-30T00:26:27.284+0000] {processor.py:153} INFO - Started process (PID=2906) to work on /home/airflow/.local/lib/python3.7/site-packages/airflow/example_dags/example_sensors.py
[2023-03-30T00:26:27.286+0000] {processor.py:743} INFO - Processing file /home/airflow/.local/lib/python3.7/site-packages/airflow/example_dags/example_sensors.py for tasks to queue
[2023-03-30T00:26:27.287+0000] {logging_mixin.py:137} INFO - [2023-03-30T00:26:27.287+0000] {dagbag.py:532} INFO - Filling up the DagBag from /home/airflow/.local/lib/python3.7/site-packages/airflow/example_dags/example_sensors.py
[2023-03-30T00:26:27.334+0000] {processor.py:753} INFO - DAG(s) dict_keys(['example_sensors']) retrieved from /home/airflow/.local/lib/python3.7/site-packages/airflow/example_dags/example_sensors.py
[2023-03-30T00:26:27.379+0000] {logging_mixin.py:137} INFO - [2023-03-30T00:26:27.379+0000] {dag.py:2693} INFO - Sync 1 DAGs
[2023-03-30T00:26:27.417+0000] {logging_mixin.py:137} INFO - [2023-03-30T00:26:27.417+0000] {dag.py:3444} INFO - Setting next_dagrun for example_sensors to None, run_after=None
[2023-03-30T00:26:27.440+0000] {processor.py:175} INFO - Processing /home/airflow/.local/lib/python3.7/site-packages/airflow/example_dags/example_sensors.py took 0.171 seconds
[2023-03-30T00:26:57.855+0000] {processor.py:153} INFO - Started process (PID=2962) to work on /home/airflow/.local/lib/python3.7/site-packages/airflow/example_dags/example_sensors.py
[2023-03-30T00:26:57.862+0000] {processor.py:743} INFO - Processing file /home/airflow/.local/lib/python3.7/site-packages/airflow/example_dags/example_sensors.py for tasks to queue
[2023-03-30T00:26:57.864+0000] {logging_mixin.py:137} INFO - [2023-03-30T00:26:57.864+0000] {dagbag.py:532} INFO - Filling up the DagBag from /home/airflow/.local/lib/python3.7/site-packages/airflow/example_dags/example_sensors.py
[2023-03-30T00:26:57.896+0000] {processor.py:753} INFO - DAG(s) dict_keys(['example_sensors']) retrieved from /home/airflow/.local/lib/python3.7/site-packages/airflow/example_dags/example_sensors.py
[2023-03-30T00:26:57.936+0000] {logging_mixin.py:137} INFO - [2023-03-30T00:26:57.936+0000] {dag.py:2693} INFO - Sync 1 DAGs
[2023-03-30T00:26:57.971+0000] {logging_mixin.py:137} INFO - [2023-03-30T00:26:57.971+0000] {dag.py:3444} INFO - Setting next_dagrun for example_sensors to None, run_after=None
[2023-03-30T00:26:57.994+0000] {processor.py:175} INFO - Processing /home/airflow/.local/lib/python3.7/site-packages/airflow/example_dags/example_sensors.py took 0.156 seconds
[2023-03-30T00:27:28.446+0000] {processor.py:153} INFO - Started process (PID=3013) to work on /home/airflow/.local/lib/python3.7/site-packages/airflow/example_dags/example_sensors.py
[2023-03-30T00:27:28.447+0000] {processor.py:743} INFO - Processing file /home/airflow/.local/lib/python3.7/site-packages/airflow/example_dags/example_sensors.py for tasks to queue
[2023-03-30T00:27:28.448+0000] {logging_mixin.py:137} INFO - [2023-03-30T00:27:28.447+0000] {dagbag.py:532} INFO - Filling up the DagBag from /home/airflow/.local/lib/python3.7/site-packages/airflow/example_dags/example_sensors.py
[2023-03-30T00:27:28.475+0000] {processor.py:753} INFO - DAG(s) dict_keys(['example_sensors']) retrieved from /home/airflow/.local/lib/python3.7/site-packages/airflow/example_dags/example_sensors.py
[2023-03-30T00:27:28.516+0000] {logging_mixin.py:137} INFO - [2023-03-30T00:27:28.516+0000] {dag.py:2693} INFO - Sync 1 DAGs
[2023-03-30T00:27:28.553+0000] {logging_mixin.py:137} INFO - [2023-03-30T00:27:28.553+0000] {dag.py:3444} INFO - Setting next_dagrun for example_sensors to None, run_after=None
[2023-03-30T00:27:28.575+0000] {processor.py:175} INFO - Processing /home/airflow/.local/lib/python3.7/site-packages/airflow/example_dags/example_sensors.py took 0.135 seconds
[2023-03-30T00:27:59.176+0000] {processor.py:153} INFO - Started process (PID=3062) to work on /home/airflow/.local/lib/python3.7/site-packages/airflow/example_dags/example_sensors.py
[2023-03-30T00:27:59.184+0000] {processor.py:743} INFO - Processing file /home/airflow/.local/lib/python3.7/site-packages/airflow/example_dags/example_sensors.py for tasks to queue
[2023-03-30T00:27:59.189+0000] {logging_mixin.py:137} INFO - [2023-03-30T00:27:59.185+0000] {dagbag.py:532} INFO - Filling up the DagBag from /home/airflow/.local/lib/python3.7/site-packages/airflow/example_dags/example_sensors.py
[2023-03-30T00:27:59.254+0000] {processor.py:753} INFO - DAG(s) dict_keys(['example_sensors']) retrieved from /home/airflow/.local/lib/python3.7/site-packages/airflow/example_dags/example_sensors.py
[2023-03-30T00:27:59.347+0000] {logging_mixin.py:137} INFO - [2023-03-30T00:27:59.347+0000] {dag.py:2693} INFO - Sync 1 DAGs
[2023-03-30T00:27:59.431+0000] {logging_mixin.py:137} INFO - [2023-03-30T00:27:59.431+0000] {dag.py:3444} INFO - Setting next_dagrun for example_sensors to None, run_after=None
[2023-03-30T00:27:59.489+0000] {processor.py:175} INFO - Processing /home/airflow/.local/lib/python3.7/site-packages/airflow/example_dags/example_sensors.py took 0.324 seconds
[2023-03-30T00:28:30.160+0000] {processor.py:153} INFO - Started process (PID=3112) to work on /home/airflow/.local/lib/python3.7/site-packages/airflow/example_dags/example_sensors.py
[2023-03-30T00:28:30.162+0000] {processor.py:743} INFO - Processing file /home/airflow/.local/lib/python3.7/site-packages/airflow/example_dags/example_sensors.py for tasks to queue
[2023-03-30T00:28:30.162+0000] {logging_mixin.py:137} INFO - [2023-03-30T00:28:30.162+0000] {dagbag.py:532} INFO - Filling up the DagBag from /home/airflow/.local/lib/python3.7/site-packages/airflow/example_dags/example_sensors.py
[2023-03-30T00:28:30.189+0000] {processor.py:753} INFO - DAG(s) dict_keys(['example_sensors']) retrieved from /home/airflow/.local/lib/python3.7/site-packages/airflow/example_dags/example_sensors.py
[2023-03-30T00:28:30.230+0000] {logging_mixin.py:137} INFO - [2023-03-30T00:28:30.230+0000] {dag.py:2693} INFO - Sync 1 DAGs
[2023-03-30T00:28:30.266+0000] {logging_mixin.py:137} INFO - [2023-03-30T00:28:30.265+0000] {dag.py:3444} INFO - Setting next_dagrun for example_sensors to None, run_after=None
[2023-03-30T00:28:30.289+0000] {processor.py:175} INFO - Processing /home/airflow/.local/lib/python3.7/site-packages/airflow/example_dags/example_sensors.py took 0.133 seconds
[2023-03-30T00:29:01.080+0000] {processor.py:153} INFO - Started process (PID=3162) to work on /home/airflow/.local/lib/python3.7/site-packages/airflow/example_dags/example_sensors.py
[2023-03-30T00:29:01.081+0000] {processor.py:743} INFO - Processing file /home/airflow/.local/lib/python3.7/site-packages/airflow/example_dags/example_sensors.py for tasks to queue
[2023-03-30T00:29:01.081+0000] {logging_mixin.py:137} INFO - [2023-03-30T00:29:01.081+0000] {dagbag.py:532} INFO - Filling up the DagBag from /home/airflow/.local/lib/python3.7/site-packages/airflow/example_dags/example_sensors.py
[2023-03-30T00:29:01.112+0000] {processor.py:753} INFO - DAG(s) dict_keys(['example_sensors']) retrieved from /home/airflow/.local/lib/python3.7/site-packages/airflow/example_dags/example_sensors.py
[2023-03-30T00:29:01.153+0000] {logging_mixin.py:137} INFO - [2023-03-30T00:29:01.153+0000] {dag.py:2693} INFO - Sync 1 DAGs
[2023-03-30T00:29:01.186+0000] {logging_mixin.py:137} INFO - [2023-03-30T00:29:01.185+0000] {dag.py:3444} INFO - Setting next_dagrun for example_sensors to None, run_after=None
[2023-03-30T00:29:01.207+0000] {processor.py:175} INFO - Processing /home/airflow/.local/lib/python3.7/site-packages/airflow/example_dags/example_sensors.py took 0.132 seconds
[2023-03-30T00:29:31.365+0000] {processor.py:153} INFO - Started process (PID=3212) to work on /home/airflow/.local/lib/python3.7/site-packages/airflow/example_dags/example_sensors.py
[2023-03-30T00:29:31.370+0000] {processor.py:743} INFO - Processing file /home/airflow/.local/lib/python3.7/site-packages/airflow/example_dags/example_sensors.py for tasks to queue
[2023-03-30T00:29:31.371+0000] {logging_mixin.py:137} INFO - [2023-03-30T00:29:31.370+0000] {dagbag.py:532} INFO - Filling up the DagBag from /home/airflow/.local/lib/python3.7/site-packages/airflow/example_dags/example_sensors.py
[2023-03-30T00:29:31.412+0000] {processor.py:753} INFO - DAG(s) dict_keys(['example_sensors']) retrieved from /home/airflow/.local/lib/python3.7/site-packages/airflow/example_dags/example_sensors.py
[2023-03-30T00:29:31.457+0000] {logging_mixin.py:137} INFO - [2023-03-30T00:29:31.457+0000] {dag.py:2693} INFO - Sync 1 DAGs
[2023-03-30T00:29:31.494+0000] {logging_mixin.py:137} INFO - [2023-03-30T00:29:31.493+0000] {dag.py:3444} INFO - Setting next_dagrun for example_sensors to None, run_after=None
[2023-03-30T00:29:31.518+0000] {processor.py:175} INFO - Processing /home/airflow/.local/lib/python3.7/site-packages/airflow/example_dags/example_sensors.py took 0.158 seconds
[2023-03-30T00:30:01.717+0000] {processor.py:153} INFO - Started process (PID=3262) to work on /home/airflow/.local/lib/python3.7/site-packages/airflow/example_dags/example_sensors.py
[2023-03-30T00:30:01.723+0000] {processor.py:743} INFO - Processing file /home/airflow/.local/lib/python3.7/site-packages/airflow/example_dags/example_sensors.py for tasks to queue
[2023-03-30T00:30:01.724+0000] {logging_mixin.py:137} INFO - [2023-03-30T00:30:01.723+0000] {dagbag.py:532} INFO - Filling up the DagBag from /home/airflow/.local/lib/python3.7/site-packages/airflow/example_dags/example_sensors.py
[2023-03-30T00:30:01.780+0000] {processor.py:753} INFO - DAG(s) dict_keys(['example_sensors']) retrieved from /home/airflow/.local/lib/python3.7/site-packages/airflow/example_dags/example_sensors.py
[2023-03-30T00:30:01.861+0000] {logging_mixin.py:137} INFO - [2023-03-30T00:30:01.860+0000] {dag.py:2693} INFO - Sync 1 DAGs
[2023-03-30T00:30:01.903+0000] {logging_mixin.py:137} INFO - [2023-03-30T00:30:01.903+0000] {dag.py:3444} INFO - Setting next_dagrun for example_sensors to None, run_after=None
[2023-03-30T00:30:01.929+0000] {processor.py:175} INFO - Processing /home/airflow/.local/lib/python3.7/site-packages/airflow/example_dags/example_sensors.py took 0.217 seconds
[2023-03-30T00:30:32.153+0000] {processor.py:153} INFO - Started process (PID=3312) to work on /home/airflow/.local/lib/python3.7/site-packages/airflow/example_dags/example_sensors.py
[2023-03-30T00:30:32.154+0000] {processor.py:743} INFO - Processing file /home/airflow/.local/lib/python3.7/site-packages/airflow/example_dags/example_sensors.py for tasks to queue
[2023-03-30T00:30:32.155+0000] {logging_mixin.py:137} INFO - [2023-03-30T00:30:32.155+0000] {dagbag.py:532} INFO - Filling up the DagBag from /home/airflow/.local/lib/python3.7/site-packages/airflow/example_dags/example_sensors.py
[2023-03-30T00:30:32.183+0000] {processor.py:753} INFO - DAG(s) dict_keys(['example_sensors']) retrieved from /home/airflow/.local/lib/python3.7/site-packages/airflow/example_dags/example_sensors.py
[2023-03-30T00:30:32.230+0000] {logging_mixin.py:137} INFO - [2023-03-30T00:30:32.230+0000] {dag.py:2693} INFO - Sync 1 DAGs
[2023-03-30T00:30:32.267+0000] {logging_mixin.py:137} INFO - [2023-03-30T00:30:32.266+0000] {dag.py:3444} INFO - Setting next_dagrun for example_sensors to None, run_after=None
[2023-03-30T00:30:32.291+0000] {processor.py:175} INFO - Processing /home/airflow/.local/lib/python3.7/site-packages/airflow/example_dags/example_sensors.py took 0.142 seconds
[2023-03-30T00:31:03.228+0000] {processor.py:153} INFO - Started process (PID=3362) to work on /home/airflow/.local/lib/python3.7/site-packages/airflow/example_dags/example_sensors.py
[2023-03-30T00:31:03.230+0000] {processor.py:743} INFO - Processing file /home/airflow/.local/lib/python3.7/site-packages/airflow/example_dags/example_sensors.py for tasks to queue
[2023-03-30T00:31:03.230+0000] {logging_mixin.py:137} INFO - [2023-03-30T00:31:03.230+0000] {dagbag.py:532} INFO - Filling up the DagBag from /home/airflow/.local/lib/python3.7/site-packages/airflow/example_dags/example_sensors.py
[2023-03-30T00:31:03.301+0000] {processor.py:753} INFO - DAG(s) dict_keys(['example_sensors']) retrieved from /home/airflow/.local/lib/python3.7/site-packages/airflow/example_dags/example_sensors.py
[2023-03-30T00:31:03.395+0000] {logging_mixin.py:137} INFO - [2023-03-30T00:31:03.395+0000] {dag.py:2693} INFO - Sync 1 DAGs
[2023-03-30T00:31:03.466+0000] {logging_mixin.py:137} INFO - [2023-03-30T00:31:03.466+0000] {dag.py:3444} INFO - Setting next_dagrun for example_sensors to None, run_after=None
[2023-03-30T00:31:03.520+0000] {processor.py:175} INFO - Processing /home/airflow/.local/lib/python3.7/site-packages/airflow/example_dags/example_sensors.py took 0.308 seconds
[2023-03-30T00:31:34.289+0000] {processor.py:153} INFO - Started process (PID=3412) to work on /home/airflow/.local/lib/python3.7/site-packages/airflow/example_dags/example_sensors.py
[2023-03-30T00:31:34.291+0000] {processor.py:743} INFO - Processing file /home/airflow/.local/lib/python3.7/site-packages/airflow/example_dags/example_sensors.py for tasks to queue
[2023-03-30T00:31:34.292+0000] {logging_mixin.py:137} INFO - [2023-03-30T00:31:34.291+0000] {dagbag.py:532} INFO - Filling up the DagBag from /home/airflow/.local/lib/python3.7/site-packages/airflow/example_dags/example_sensors.py
[2023-03-30T00:31:34.319+0000] {processor.py:753} INFO - DAG(s) dict_keys(['example_sensors']) retrieved from /home/airflow/.local/lib/python3.7/site-packages/airflow/example_dags/example_sensors.py
[2023-03-30T00:31:34.359+0000] {logging_mixin.py:137} INFO - [2023-03-30T00:31:34.359+0000] {dag.py:2693} INFO - Sync 1 DAGs
[2023-03-30T00:31:34.393+0000] {logging_mixin.py:137} INFO - [2023-03-30T00:31:34.393+0000] {dag.py:3444} INFO - Setting next_dagrun for example_sensors to None, run_after=None
[2023-03-30T00:31:34.417+0000] {processor.py:175} INFO - Processing /home/airflow/.local/lib/python3.7/site-packages/airflow/example_dags/example_sensors.py took 0.132 seconds
[2023-03-30T00:32:04.742+0000] {processor.py:153} INFO - Started process (PID=3462) to work on /home/airflow/.local/lib/python3.7/site-packages/airflow/example_dags/example_sensors.py
[2023-03-30T00:32:04.745+0000] {processor.py:743} INFO - Processing file /home/airflow/.local/lib/python3.7/site-packages/airflow/example_dags/example_sensors.py for tasks to queue
[2023-03-30T00:32:04.745+0000] {logging_mixin.py:137} INFO - [2023-03-30T00:32:04.745+0000] {dagbag.py:532} INFO - Filling up the DagBag from /home/airflow/.local/lib/python3.7/site-packages/airflow/example_dags/example_sensors.py
[2023-03-30T00:32:04.772+0000] {processor.py:753} INFO - DAG(s) dict_keys(['example_sensors']) retrieved from /home/airflow/.local/lib/python3.7/site-packages/airflow/example_dags/example_sensors.py
[2023-03-30T00:32:04.813+0000] {logging_mixin.py:137} INFO - [2023-03-30T00:32:04.813+0000] {dag.py:2693} INFO - Sync 1 DAGs
[2023-03-30T00:32:04.849+0000] {logging_mixin.py:137} INFO - [2023-03-30T00:32:04.849+0000] {dag.py:3444} INFO - Setting next_dagrun for example_sensors to None, run_after=None
[2023-03-30T00:32:04.873+0000] {processor.py:175} INFO - Processing /home/airflow/.local/lib/python3.7/site-packages/airflow/example_dags/example_sensors.py took 0.135 seconds
[2023-03-30T00:32:35.646+0000] {processor.py:153} INFO - Started process (PID=3512) to work on /home/airflow/.local/lib/python3.7/site-packages/airflow/example_dags/example_sensors.py
[2023-03-30T00:32:35.650+0000] {processor.py:743} INFO - Processing file /home/airflow/.local/lib/python3.7/site-packages/airflow/example_dags/example_sensors.py for tasks to queue
[2023-03-30T00:32:35.650+0000] {logging_mixin.py:137} INFO - [2023-03-30T00:32:35.650+0000] {dagbag.py:532} INFO - Filling up the DagBag from /home/airflow/.local/lib/python3.7/site-packages/airflow/example_dags/example_sensors.py
[2023-03-30T00:32:35.678+0000] {processor.py:753} INFO - DAG(s) dict_keys(['example_sensors']) retrieved from /home/airflow/.local/lib/python3.7/site-packages/airflow/example_dags/example_sensors.py
[2023-03-30T00:32:35.731+0000] {logging_mixin.py:137} INFO - [2023-03-30T00:32:35.731+0000] {dag.py:2693} INFO - Sync 1 DAGs
[2023-03-30T00:32:35.769+0000] {logging_mixin.py:137} INFO - [2023-03-30T00:32:35.769+0000] {dag.py:3444} INFO - Setting next_dagrun for example_sensors to None, run_after=None
[2023-03-30T00:32:35.794+0000] {processor.py:175} INFO - Processing /home/airflow/.local/lib/python3.7/site-packages/airflow/example_dags/example_sensors.py took 0.152 seconds
[2023-03-30T00:33:06.497+0000] {processor.py:153} INFO - Started process (PID=3562) to work on /home/airflow/.local/lib/python3.7/site-packages/airflow/example_dags/example_sensors.py
[2023-03-30T00:33:06.504+0000] {processor.py:743} INFO - Processing file /home/airflow/.local/lib/python3.7/site-packages/airflow/example_dags/example_sensors.py for tasks to queue
[2023-03-30T00:33:06.505+0000] {logging_mixin.py:137} INFO - [2023-03-30T00:33:06.505+0000] {dagbag.py:532} INFO - Filling up the DagBag from /home/airflow/.local/lib/python3.7/site-packages/airflow/example_dags/example_sensors.py
[2023-03-30T00:33:06.533+0000] {processor.py:753} INFO - DAG(s) dict_keys(['example_sensors']) retrieved from /home/airflow/.local/lib/python3.7/site-packages/airflow/example_dags/example_sensors.py
[2023-03-30T00:33:06.577+0000] {logging_mixin.py:137} INFO - [2023-03-30T00:33:06.577+0000] {dag.py:2693} INFO - Sync 1 DAGs
[2023-03-30T00:33:06.645+0000] {logging_mixin.py:137} INFO - [2023-03-30T00:33:06.644+0000] {dag.py:3444} INFO - Setting next_dagrun for example_sensors to None, run_after=None
[2023-03-30T00:33:06.671+0000] {processor.py:175} INFO - Processing /home/airflow/.local/lib/python3.7/site-packages/airflow/example_dags/example_sensors.py took 0.178 seconds
