[2023-03-30T00:00:03.765+0000] {processor.py:153} INFO - Started process (PID=317) to work on /home/airflow/.local/lib/python3.7/site-packages/airflow/example_dags/example_task_group.py
[2023-03-30T00:00:03.766+0000] {processor.py:743} INFO - Processing file /home/airflow/.local/lib/python3.7/site-packages/airflow/example_dags/example_task_group.py for tasks to queue
[2023-03-30T00:00:03.767+0000] {logging_mixin.py:137} INFO - [2023-03-30T00:00:03.767+0000] {dagbag.py:532} INFO - Filling up the DagBag from /home/airflow/.local/lib/python3.7/site-packages/airflow/example_dags/example_task_group.py
[2023-03-30T00:00:03.795+0000] {processor.py:753} INFO - DAG(s) dict_keys(['example_task_group']) retrieved from /home/airflow/.local/lib/python3.7/site-packages/airflow/example_dags/example_task_group.py
[2023-03-30T00:00:03.830+0000] {logging_mixin.py:137} INFO - [2023-03-30T00:00:03.829+0000] {dag.py:2693} INFO - Sync 1 DAGs
[2023-03-30T00:00:03.863+0000] {logging_mixin.py:137} INFO - [2023-03-30T00:00:03.863+0000] {dag.py:3444} INFO - Setting next_dagrun for example_task_group to 2023-03-29T00:00:03.863292+00:00, run_after=2023-03-30T00:00:03.863292+00:00
[2023-03-30T00:00:03.886+0000] {processor.py:175} INFO - Processing /home/airflow/.local/lib/python3.7/site-packages/airflow/example_dags/example_task_group.py took 0.127 seconds
[2023-03-30T00:00:34.156+0000] {processor.py:153} INFO - Started process (PID=367) to work on /home/airflow/.local/lib/python3.7/site-packages/airflow/example_dags/example_task_group.py
[2023-03-30T00:00:34.158+0000] {processor.py:743} INFO - Processing file /home/airflow/.local/lib/python3.7/site-packages/airflow/example_dags/example_task_group.py for tasks to queue
[2023-03-30T00:00:34.159+0000] {logging_mixin.py:137} INFO - [2023-03-30T00:00:34.159+0000] {dagbag.py:532} INFO - Filling up the DagBag from /home/airflow/.local/lib/python3.7/site-packages/airflow/example_dags/example_task_group.py
[2023-03-30T00:00:34.180+0000] {processor.py:753} INFO - DAG(s) dict_keys(['example_task_group']) retrieved from /home/airflow/.local/lib/python3.7/site-packages/airflow/example_dags/example_task_group.py
[2023-03-30T00:00:34.215+0000] {logging_mixin.py:137} INFO - [2023-03-30T00:00:34.215+0000] {dag.py:2693} INFO - Sync 1 DAGs
[2023-03-30T00:00:34.250+0000] {logging_mixin.py:137} INFO - [2023-03-30T00:00:34.249+0000] {dag.py:3444} INFO - Setting next_dagrun for example_task_group to 2023-03-29T00:00:34.249554+00:00, run_after=2023-03-30T00:00:34.249554+00:00
[2023-03-30T00:00:34.272+0000] {processor.py:175} INFO - Processing /home/airflow/.local/lib/python3.7/site-packages/airflow/example_dags/example_task_group.py took 0.119 seconds
[2023-03-30T00:01:04.468+0000] {processor.py:153} INFO - Started process (PID=417) to work on /home/airflow/.local/lib/python3.7/site-packages/airflow/example_dags/example_task_group.py
[2023-03-30T00:01:04.469+0000] {processor.py:743} INFO - Processing file /home/airflow/.local/lib/python3.7/site-packages/airflow/example_dags/example_task_group.py for tasks to queue
[2023-03-30T00:01:04.470+0000] {logging_mixin.py:137} INFO - [2023-03-30T00:01:04.470+0000] {dagbag.py:532} INFO - Filling up the DagBag from /home/airflow/.local/lib/python3.7/site-packages/airflow/example_dags/example_task_group.py
[2023-03-30T00:01:04.492+0000] {processor.py:753} INFO - DAG(s) dict_keys(['example_task_group']) retrieved from /home/airflow/.local/lib/python3.7/site-packages/airflow/example_dags/example_task_group.py
[2023-03-30T00:01:04.527+0000] {logging_mixin.py:137} INFO - [2023-03-30T00:01:04.526+0000] {dag.py:2693} INFO - Sync 1 DAGs
[2023-03-30T00:01:04.561+0000] {logging_mixin.py:137} INFO - [2023-03-30T00:01:04.561+0000] {dag.py:3444} INFO - Setting next_dagrun for example_task_group to 2023-03-29T00:01:04.561349+00:00, run_after=2023-03-30T00:01:04.561349+00:00
[2023-03-30T00:01:04.587+0000] {processor.py:175} INFO - Processing /home/airflow/.local/lib/python3.7/site-packages/airflow/example_dags/example_task_group.py took 0.123 seconds
[2023-03-30T00:01:35.083+0000] {processor.py:153} INFO - Started process (PID=468) to work on /home/airflow/.local/lib/python3.7/site-packages/airflow/example_dags/example_task_group.py
[2023-03-30T00:01:35.084+0000] {processor.py:743} INFO - Processing file /home/airflow/.local/lib/python3.7/site-packages/airflow/example_dags/example_task_group.py for tasks to queue
[2023-03-30T00:01:35.085+0000] {logging_mixin.py:137} INFO - [2023-03-30T00:01:35.085+0000] {dagbag.py:532} INFO - Filling up the DagBag from /home/airflow/.local/lib/python3.7/site-packages/airflow/example_dags/example_task_group.py
[2023-03-30T00:01:35.109+0000] {processor.py:753} INFO - DAG(s) dict_keys(['example_task_group']) retrieved from /home/airflow/.local/lib/python3.7/site-packages/airflow/example_dags/example_task_group.py
[2023-03-30T00:01:35.142+0000] {logging_mixin.py:137} INFO - [2023-03-30T00:01:35.142+0000] {dag.py:2693} INFO - Sync 1 DAGs
[2023-03-30T00:01:35.180+0000] {logging_mixin.py:137} INFO - [2023-03-30T00:01:35.179+0000] {dag.py:3444} INFO - Setting next_dagrun for example_task_group to 2023-03-29T00:01:35.179581+00:00, run_after=2023-03-30T00:01:35.179581+00:00
[2023-03-30T00:01:35.201+0000] {processor.py:175} INFO - Processing /home/airflow/.local/lib/python3.7/site-packages/airflow/example_dags/example_task_group.py took 0.123 seconds
[2023-03-30T00:02:05.934+0000] {processor.py:153} INFO - Started process (PID=518) to work on /home/airflow/.local/lib/python3.7/site-packages/airflow/example_dags/example_task_group.py
[2023-03-30T00:02:05.936+0000] {processor.py:743} INFO - Processing file /home/airflow/.local/lib/python3.7/site-packages/airflow/example_dags/example_task_group.py for tasks to queue
[2023-03-30T00:02:05.937+0000] {logging_mixin.py:137} INFO - [2023-03-30T00:02:05.936+0000] {dagbag.py:532} INFO - Filling up the DagBag from /home/airflow/.local/lib/python3.7/site-packages/airflow/example_dags/example_task_group.py
[2023-03-30T00:02:05.967+0000] {processor.py:753} INFO - DAG(s) dict_keys(['example_task_group']) retrieved from /home/airflow/.local/lib/python3.7/site-packages/airflow/example_dags/example_task_group.py
[2023-03-30T00:02:06.001+0000] {logging_mixin.py:137} INFO - [2023-03-30T00:02:06.001+0000] {dag.py:2693} INFO - Sync 1 DAGs
[2023-03-30T00:02:06.033+0000] {logging_mixin.py:137} INFO - [2023-03-30T00:02:06.033+0000] {dag.py:3444} INFO - Setting next_dagrun for example_task_group to 2023-03-29T00:02:06.033164+00:00, run_after=2023-03-30T00:02:06.033164+00:00
[2023-03-30T00:02:06.054+0000] {processor.py:175} INFO - Processing /home/airflow/.local/lib/python3.7/site-packages/airflow/example_dags/example_task_group.py took 0.124 seconds
[2023-03-30T00:02:36.749+0000] {processor.py:153} INFO - Started process (PID=568) to work on /home/airflow/.local/lib/python3.7/site-packages/airflow/example_dags/example_task_group.py
[2023-03-30T00:02:36.750+0000] {processor.py:743} INFO - Processing file /home/airflow/.local/lib/python3.7/site-packages/airflow/example_dags/example_task_group.py for tasks to queue
[2023-03-30T00:02:36.751+0000] {logging_mixin.py:137} INFO - [2023-03-30T00:02:36.751+0000] {dagbag.py:532} INFO - Filling up the DagBag from /home/airflow/.local/lib/python3.7/site-packages/airflow/example_dags/example_task_group.py
[2023-03-30T00:02:36.780+0000] {processor.py:753} INFO - DAG(s) dict_keys(['example_task_group']) retrieved from /home/airflow/.local/lib/python3.7/site-packages/airflow/example_dags/example_task_group.py
[2023-03-30T00:02:36.812+0000] {logging_mixin.py:137} INFO - [2023-03-30T00:02:36.812+0000] {dag.py:2693} INFO - Sync 1 DAGs
[2023-03-30T00:02:36.854+0000] {logging_mixin.py:137} INFO - [2023-03-30T00:02:36.854+0000] {dag.py:3444} INFO - Setting next_dagrun for example_task_group to 2023-03-29T00:02:36.853995+00:00, run_after=2023-03-30T00:02:36.853995+00:00
[2023-03-30T00:02:36.875+0000] {processor.py:175} INFO - Processing /home/airflow/.local/lib/python3.7/site-packages/airflow/example_dags/example_task_group.py took 0.131 seconds
[2023-03-30T00:03:07.745+0000] {processor.py:153} INFO - Started process (PID=618) to work on /home/airflow/.local/lib/python3.7/site-packages/airflow/example_dags/example_task_group.py
[2023-03-30T00:03:07.751+0000] {processor.py:743} INFO - Processing file /home/airflow/.local/lib/python3.7/site-packages/airflow/example_dags/example_task_group.py for tasks to queue
[2023-03-30T00:03:07.752+0000] {logging_mixin.py:137} INFO - [2023-03-30T00:03:07.752+0000] {dagbag.py:532} INFO - Filling up the DagBag from /home/airflow/.local/lib/python3.7/site-packages/airflow/example_dags/example_task_group.py
[2023-03-30T00:03:07.796+0000] {processor.py:753} INFO - DAG(s) dict_keys(['example_task_group']) retrieved from /home/airflow/.local/lib/python3.7/site-packages/airflow/example_dags/example_task_group.py
[2023-03-30T00:03:07.866+0000] {logging_mixin.py:137} INFO - [2023-03-30T00:03:07.866+0000] {dag.py:2693} INFO - Sync 1 DAGs
[2023-03-30T00:03:07.937+0000] {logging_mixin.py:137} INFO - [2023-03-30T00:03:07.937+0000] {dag.py:3444} INFO - Setting next_dagrun for example_task_group to 2023-03-29T00:03:07.937198+00:00, run_after=2023-03-30T00:03:07.937198+00:00
[2023-03-30T00:03:08.000+0000] {processor.py:175} INFO - Processing /home/airflow/.local/lib/python3.7/site-packages/airflow/example_dags/example_task_group.py took 0.263 seconds
[2023-03-30T00:03:38.581+0000] {processor.py:153} INFO - Started process (PID=668) to work on /home/airflow/.local/lib/python3.7/site-packages/airflow/example_dags/example_task_group.py
[2023-03-30T00:03:38.584+0000] {processor.py:743} INFO - Processing file /home/airflow/.local/lib/python3.7/site-packages/airflow/example_dags/example_task_group.py for tasks to queue
[2023-03-30T00:03:38.584+0000] {logging_mixin.py:137} INFO - [2023-03-30T00:03:38.584+0000] {dagbag.py:532} INFO - Filling up the DagBag from /home/airflow/.local/lib/python3.7/site-packages/airflow/example_dags/example_task_group.py
[2023-03-30T00:03:38.627+0000] {processor.py:753} INFO - DAG(s) dict_keys(['example_task_group']) retrieved from /home/airflow/.local/lib/python3.7/site-packages/airflow/example_dags/example_task_group.py
[2023-03-30T00:03:38.692+0000] {logging_mixin.py:137} INFO - [2023-03-30T00:03:38.692+0000] {dag.py:2693} INFO - Sync 1 DAGs
[2023-03-30T00:03:38.771+0000] {logging_mixin.py:137} INFO - [2023-03-30T00:03:38.771+0000] {dag.py:3444} INFO - Setting next_dagrun for example_task_group to 2023-03-29T00:03:38.771108+00:00, run_after=2023-03-30T00:03:38.771108+00:00
[2023-03-30T00:03:38.878+0000] {processor.py:175} INFO - Processing /home/airflow/.local/lib/python3.7/site-packages/airflow/example_dags/example_task_group.py took 0.312 seconds
[2023-03-30T00:04:09.889+0000] {processor.py:153} INFO - Started process (PID=718) to work on /home/airflow/.local/lib/python3.7/site-packages/airflow/example_dags/example_task_group.py
[2023-03-30T00:04:09.903+0000] {processor.py:743} INFO - Processing file /home/airflow/.local/lib/python3.7/site-packages/airflow/example_dags/example_task_group.py for tasks to queue
[2023-03-30T00:04:09.904+0000] {logging_mixin.py:137} INFO - [2023-03-30T00:04:09.903+0000] {dagbag.py:532} INFO - Filling up the DagBag from /home/airflow/.local/lib/python3.7/site-packages/airflow/example_dags/example_task_group.py
[2023-03-30T00:04:09.936+0000] {processor.py:753} INFO - DAG(s) dict_keys(['example_task_group']) retrieved from /home/airflow/.local/lib/python3.7/site-packages/airflow/example_dags/example_task_group.py
[2023-03-30T00:04:09.971+0000] {logging_mixin.py:137} INFO - [2023-03-30T00:04:09.971+0000] {dag.py:2693} INFO - Sync 1 DAGs
[2023-03-30T00:04:10.005+0000] {logging_mixin.py:137} INFO - [2023-03-30T00:04:10.004+0000] {dag.py:3444} INFO - Setting next_dagrun for example_task_group to 2023-03-29T00:04:10.004604+00:00, run_after=2023-03-30T00:04:10.004604+00:00
[2023-03-30T00:04:10.047+0000] {processor.py:175} INFO - Processing /home/airflow/.local/lib/python3.7/site-packages/airflow/example_dags/example_task_group.py took 0.162 seconds
[2023-03-30T00:04:40.852+0000] {processor.py:153} INFO - Started process (PID=769) to work on /home/airflow/.local/lib/python3.7/site-packages/airflow/example_dags/example_task_group.py
[2023-03-30T00:04:40.853+0000] {processor.py:743} INFO - Processing file /home/airflow/.local/lib/python3.7/site-packages/airflow/example_dags/example_task_group.py for tasks to queue
[2023-03-30T00:04:40.854+0000] {logging_mixin.py:137} INFO - [2023-03-30T00:04:40.854+0000] {dagbag.py:532} INFO - Filling up the DagBag from /home/airflow/.local/lib/python3.7/site-packages/airflow/example_dags/example_task_group.py
[2023-03-30T00:04:40.874+0000] {processor.py:753} INFO - DAG(s) dict_keys(['example_task_group']) retrieved from /home/airflow/.local/lib/python3.7/site-packages/airflow/example_dags/example_task_group.py
[2023-03-30T00:04:40.909+0000] {logging_mixin.py:137} INFO - [2023-03-30T00:04:40.908+0000] {dag.py:2693} INFO - Sync 1 DAGs
[2023-03-30T00:04:40.941+0000] {logging_mixin.py:137} INFO - [2023-03-30T00:04:40.941+0000] {dag.py:3444} INFO - Setting next_dagrun for example_task_group to 2023-03-29T00:04:40.941064+00:00, run_after=2023-03-30T00:04:40.941064+00:00
[2023-03-30T00:04:40.962+0000] {processor.py:175} INFO - Processing /home/airflow/.local/lib/python3.7/site-packages/airflow/example_dags/example_task_group.py took 0.117 seconds
[2023-03-30T00:05:11.131+0000] {processor.py:153} INFO - Started process (PID=819) to work on /home/airflow/.local/lib/python3.7/site-packages/airflow/example_dags/example_task_group.py
[2023-03-30T00:05:11.134+0000] {processor.py:743} INFO - Processing file /home/airflow/.local/lib/python3.7/site-packages/airflow/example_dags/example_task_group.py for tasks to queue
[2023-03-30T00:05:11.135+0000] {logging_mixin.py:137} INFO - [2023-03-30T00:05:11.135+0000] {dagbag.py:532} INFO - Filling up the DagBag from /home/airflow/.local/lib/python3.7/site-packages/airflow/example_dags/example_task_group.py
[2023-03-30T00:05:11.159+0000] {processor.py:753} INFO - DAG(s) dict_keys(['example_task_group']) retrieved from /home/airflow/.local/lib/python3.7/site-packages/airflow/example_dags/example_task_group.py
[2023-03-30T00:05:11.193+0000] {logging_mixin.py:137} INFO - [2023-03-30T00:05:11.193+0000] {dag.py:2693} INFO - Sync 1 DAGs
[2023-03-30T00:05:11.228+0000] {logging_mixin.py:137} INFO - [2023-03-30T00:05:11.227+0000] {dag.py:3444} INFO - Setting next_dagrun for example_task_group to 2023-03-29T00:05:11.227212+00:00, run_after=2023-03-30T00:05:11.227212+00:00
[2023-03-30T00:05:11.248+0000] {processor.py:175} INFO - Processing /home/airflow/.local/lib/python3.7/site-packages/airflow/example_dags/example_task_group.py took 0.121 seconds
[2023-03-30T00:05:41.358+0000] {processor.py:153} INFO - Started process (PID=869) to work on /home/airflow/.local/lib/python3.7/site-packages/airflow/example_dags/example_task_group.py
[2023-03-30T00:05:41.358+0000] {processor.py:743} INFO - Processing file /home/airflow/.local/lib/python3.7/site-packages/airflow/example_dags/example_task_group.py for tasks to queue
[2023-03-30T00:05:41.359+0000] {logging_mixin.py:137} INFO - [2023-03-30T00:05:41.359+0000] {dagbag.py:532} INFO - Filling up the DagBag from /home/airflow/.local/lib/python3.7/site-packages/airflow/example_dags/example_task_group.py
[2023-03-30T00:05:41.379+0000] {processor.py:753} INFO - DAG(s) dict_keys(['example_task_group']) retrieved from /home/airflow/.local/lib/python3.7/site-packages/airflow/example_dags/example_task_group.py
[2023-03-30T00:05:41.418+0000] {logging_mixin.py:137} INFO - [2023-03-30T00:05:41.418+0000] {dag.py:2693} INFO - Sync 1 DAGs
[2023-03-30T00:05:41.450+0000] {logging_mixin.py:137} INFO - [2023-03-30T00:05:41.450+0000] {dag.py:3444} INFO - Setting next_dagrun for example_task_group to 2023-03-29T00:05:41.450041+00:00, run_after=2023-03-30T00:05:41.450041+00:00
[2023-03-30T00:05:41.471+0000] {processor.py:175} INFO - Processing /home/airflow/.local/lib/python3.7/site-packages/airflow/example_dags/example_task_group.py took 0.118 seconds
[2023-03-30T00:06:11.529+0000] {processor.py:153} INFO - Started process (PID=918) to work on /home/airflow/.local/lib/python3.7/site-packages/airflow/example_dags/example_task_group.py
[2023-03-30T00:06:11.530+0000] {processor.py:743} INFO - Processing file /home/airflow/.local/lib/python3.7/site-packages/airflow/example_dags/example_task_group.py for tasks to queue
[2023-03-30T00:06:11.531+0000] {logging_mixin.py:137} INFO - [2023-03-30T00:06:11.531+0000] {dagbag.py:532} INFO - Filling up the DagBag from /home/airflow/.local/lib/python3.7/site-packages/airflow/example_dags/example_task_group.py
[2023-03-30T00:06:11.552+0000] {processor.py:753} INFO - DAG(s) dict_keys(['example_task_group']) retrieved from /home/airflow/.local/lib/python3.7/site-packages/airflow/example_dags/example_task_group.py
[2023-03-30T00:06:11.586+0000] {logging_mixin.py:137} INFO - [2023-03-30T00:06:11.585+0000] {dag.py:2693} INFO - Sync 1 DAGs
[2023-03-30T00:06:11.619+0000] {logging_mixin.py:137} INFO - [2023-03-30T00:06:11.619+0000] {dag.py:3444} INFO - Setting next_dagrun for example_task_group to 2023-03-29T00:06:11.619285+00:00, run_after=2023-03-30T00:06:11.619285+00:00
[2023-03-30T00:06:11.642+0000] {processor.py:175} INFO - Processing /home/airflow/.local/lib/python3.7/site-packages/airflow/example_dags/example_task_group.py took 0.117 seconds
[2023-03-30T00:06:41.729+0000] {processor.py:153} INFO - Started process (PID=967) to work on /home/airflow/.local/lib/python3.7/site-packages/airflow/example_dags/example_task_group.py
[2023-03-30T00:06:41.730+0000] {processor.py:743} INFO - Processing file /home/airflow/.local/lib/python3.7/site-packages/airflow/example_dags/example_task_group.py for tasks to queue
[2023-03-30T00:06:41.731+0000] {logging_mixin.py:137} INFO - [2023-03-30T00:06:41.731+0000] {dagbag.py:532} INFO - Filling up the DagBag from /home/airflow/.local/lib/python3.7/site-packages/airflow/example_dags/example_task_group.py
[2023-03-30T00:06:41.751+0000] {processor.py:753} INFO - DAG(s) dict_keys(['example_task_group']) retrieved from /home/airflow/.local/lib/python3.7/site-packages/airflow/example_dags/example_task_group.py
[2023-03-30T00:06:41.785+0000] {logging_mixin.py:137} INFO - [2023-03-30T00:06:41.784+0000] {dag.py:2693} INFO - Sync 1 DAGs
[2023-03-30T00:06:41.816+0000] {logging_mixin.py:137} INFO - [2023-03-30T00:06:41.816+0000] {dag.py:3444} INFO - Setting next_dagrun for example_task_group to 2023-03-29T00:06:41.816414+00:00, run_after=2023-03-30T00:06:41.816414+00:00
[2023-03-30T00:06:41.840+0000] {processor.py:175} INFO - Processing /home/airflow/.local/lib/python3.7/site-packages/airflow/example_dags/example_task_group.py took 0.115 seconds
[2023-03-30T00:07:12.586+0000] {processor.py:153} INFO - Started process (PID=1018) to work on /home/airflow/.local/lib/python3.7/site-packages/airflow/example_dags/example_task_group.py
[2023-03-30T00:07:12.588+0000] {processor.py:743} INFO - Processing file /home/airflow/.local/lib/python3.7/site-packages/airflow/example_dags/example_task_group.py for tasks to queue
[2023-03-30T00:07:12.589+0000] {logging_mixin.py:137} INFO - [2023-03-30T00:07:12.588+0000] {dagbag.py:532} INFO - Filling up the DagBag from /home/airflow/.local/lib/python3.7/site-packages/airflow/example_dags/example_task_group.py
[2023-03-30T00:07:12.614+0000] {processor.py:753} INFO - DAG(s) dict_keys(['example_task_group']) retrieved from /home/airflow/.local/lib/python3.7/site-packages/airflow/example_dags/example_task_group.py
[2023-03-30T00:07:12.651+0000] {logging_mixin.py:137} INFO - [2023-03-30T00:07:12.651+0000] {dag.py:2693} INFO - Sync 1 DAGs
[2023-03-30T00:07:12.685+0000] {logging_mixin.py:137} INFO - [2023-03-30T00:07:12.685+0000] {dag.py:3444} INFO - Setting next_dagrun for example_task_group to 2023-03-29T00:07:12.684994+00:00, run_after=2023-03-30T00:07:12.684994+00:00
[2023-03-30T00:07:12.708+0000] {processor.py:175} INFO - Processing /home/airflow/.local/lib/python3.7/site-packages/airflow/example_dags/example_task_group.py took 0.128 seconds
[2023-03-30T00:07:42.958+0000] {processor.py:153} INFO - Started process (PID=1068) to work on /home/airflow/.local/lib/python3.7/site-packages/airflow/example_dags/example_task_group.py
[2023-03-30T00:07:42.959+0000] {processor.py:743} INFO - Processing file /home/airflow/.local/lib/python3.7/site-packages/airflow/example_dags/example_task_group.py for tasks to queue
[2023-03-30T00:07:42.960+0000] {logging_mixin.py:137} INFO - [2023-03-30T00:07:42.960+0000] {dagbag.py:532} INFO - Filling up the DagBag from /home/airflow/.local/lib/python3.7/site-packages/airflow/example_dags/example_task_group.py
[2023-03-30T00:07:42.980+0000] {processor.py:753} INFO - DAG(s) dict_keys(['example_task_group']) retrieved from /home/airflow/.local/lib/python3.7/site-packages/airflow/example_dags/example_task_group.py
[2023-03-30T00:07:43.019+0000] {logging_mixin.py:137} INFO - [2023-03-30T00:07:43.019+0000] {dag.py:2693} INFO - Sync 1 DAGs
[2023-03-30T00:07:43.052+0000] {logging_mixin.py:137} INFO - [2023-03-30T00:07:43.052+0000] {dag.py:3444} INFO - Setting next_dagrun for example_task_group to 2023-03-29T00:07:43.051946+00:00, run_after=2023-03-30T00:07:43.051946+00:00
[2023-03-30T00:07:43.079+0000] {processor.py:175} INFO - Processing /home/airflow/.local/lib/python3.7/site-packages/airflow/example_dags/example_task_group.py took 0.124 seconds
[2023-03-30T00:08:13.601+0000] {processor.py:153} INFO - Started process (PID=1118) to work on /home/airflow/.local/lib/python3.7/site-packages/airflow/example_dags/example_task_group.py
[2023-03-30T00:08:13.603+0000] {processor.py:743} INFO - Processing file /home/airflow/.local/lib/python3.7/site-packages/airflow/example_dags/example_task_group.py for tasks to queue
[2023-03-30T00:08:13.603+0000] {logging_mixin.py:137} INFO - [2023-03-30T00:08:13.603+0000] {dagbag.py:532} INFO - Filling up the DagBag from /home/airflow/.local/lib/python3.7/site-packages/airflow/example_dags/example_task_group.py
[2023-03-30T00:08:13.624+0000] {processor.py:753} INFO - DAG(s) dict_keys(['example_task_group']) retrieved from /home/airflow/.local/lib/python3.7/site-packages/airflow/example_dags/example_task_group.py
[2023-03-30T00:08:13.658+0000] {logging_mixin.py:137} INFO - [2023-03-30T00:08:13.657+0000] {dag.py:2693} INFO - Sync 1 DAGs
[2023-03-30T00:08:13.692+0000] {logging_mixin.py:137} INFO - [2023-03-30T00:08:13.691+0000] {dag.py:3444} INFO - Setting next_dagrun for example_task_group to 2023-03-29T00:08:13.691516+00:00, run_after=2023-03-30T00:08:13.691516+00:00
[2023-03-30T00:08:13.713+0000] {processor.py:175} INFO - Processing /home/airflow/.local/lib/python3.7/site-packages/airflow/example_dags/example_task_group.py took 0.117 seconds
[2023-03-30T00:08:44.290+0000] {processor.py:153} INFO - Started process (PID=1168) to work on /home/airflow/.local/lib/python3.7/site-packages/airflow/example_dags/example_task_group.py
[2023-03-30T00:08:44.291+0000] {processor.py:743} INFO - Processing file /home/airflow/.local/lib/python3.7/site-packages/airflow/example_dags/example_task_group.py for tasks to queue
[2023-03-30T00:08:44.291+0000] {logging_mixin.py:137} INFO - [2023-03-30T00:08:44.291+0000] {dagbag.py:532} INFO - Filling up the DagBag from /home/airflow/.local/lib/python3.7/site-packages/airflow/example_dags/example_task_group.py
[2023-03-30T00:08:44.315+0000] {processor.py:753} INFO - DAG(s) dict_keys(['example_task_group']) retrieved from /home/airflow/.local/lib/python3.7/site-packages/airflow/example_dags/example_task_group.py
[2023-03-30T00:08:44.353+0000] {logging_mixin.py:137} INFO - [2023-03-30T00:08:44.353+0000] {dag.py:2693} INFO - Sync 1 DAGs
[2023-03-30T00:08:44.387+0000] {logging_mixin.py:137} INFO - [2023-03-30T00:08:44.387+0000] {dag.py:3444} INFO - Setting next_dagrun for example_task_group to 2023-03-29T00:08:44.387045+00:00, run_after=2023-03-30T00:08:44.387045+00:00
[2023-03-30T00:08:44.408+0000] {processor.py:175} INFO - Processing /home/airflow/.local/lib/python3.7/site-packages/airflow/example_dags/example_task_group.py took 0.122 seconds
[2023-03-30T00:09:14.882+0000] {processor.py:153} INFO - Started process (PID=1218) to work on /home/airflow/.local/lib/python3.7/site-packages/airflow/example_dags/example_task_group.py
[2023-03-30T00:09:14.886+0000] {processor.py:743} INFO - Processing file /home/airflow/.local/lib/python3.7/site-packages/airflow/example_dags/example_task_group.py for tasks to queue
[2023-03-30T00:09:14.886+0000] {logging_mixin.py:137} INFO - [2023-03-30T00:09:14.886+0000] {dagbag.py:532} INFO - Filling up the DagBag from /home/airflow/.local/lib/python3.7/site-packages/airflow/example_dags/example_task_group.py
[2023-03-30T00:09:14.931+0000] {processor.py:753} INFO - DAG(s) dict_keys(['example_task_group']) retrieved from /home/airflow/.local/lib/python3.7/site-packages/airflow/example_dags/example_task_group.py
[2023-03-30T00:09:14.998+0000] {logging_mixin.py:137} INFO - [2023-03-30T00:09:14.998+0000] {dag.py:2693} INFO - Sync 1 DAGs
[2023-03-30T00:09:15.060+0000] {logging_mixin.py:137} INFO - [2023-03-30T00:09:15.060+0000] {dag.py:3444} INFO - Setting next_dagrun for example_task_group to 2023-03-29T00:09:15.059844+00:00, run_after=2023-03-30T00:09:15.059844+00:00
[2023-03-30T00:09:15.107+0000] {processor.py:175} INFO - Processing /home/airflow/.local/lib/python3.7/site-packages/airflow/example_dags/example_task_group.py took 0.229 seconds
[2023-03-30T00:09:45.754+0000] {processor.py:153} INFO - Started process (PID=1267) to work on /home/airflow/.local/lib/python3.7/site-packages/airflow/example_dags/example_task_group.py
[2023-03-30T00:09:45.755+0000] {processor.py:743} INFO - Processing file /home/airflow/.local/lib/python3.7/site-packages/airflow/example_dags/example_task_group.py for tasks to queue
[2023-03-30T00:09:45.755+0000] {logging_mixin.py:137} INFO - [2023-03-30T00:09:45.755+0000] {dagbag.py:532} INFO - Filling up the DagBag from /home/airflow/.local/lib/python3.7/site-packages/airflow/example_dags/example_task_group.py
[2023-03-30T00:09:45.805+0000] {processor.py:753} INFO - DAG(s) dict_keys(['example_task_group']) retrieved from /home/airflow/.local/lib/python3.7/site-packages/airflow/example_dags/example_task_group.py
[2023-03-30T00:09:45.869+0000] {logging_mixin.py:137} INFO - [2023-03-30T00:09:45.868+0000] {dag.py:2693} INFO - Sync 1 DAGs
[2023-03-30T00:09:45.960+0000] {logging_mixin.py:137} INFO - [2023-03-30T00:09:45.959+0000] {dag.py:3444} INFO - Setting next_dagrun for example_task_group to 2023-03-29T00:09:45.959547+00:00, run_after=2023-03-30T00:09:45.959547+00:00
[2023-03-30T00:09:46.068+0000] {processor.py:175} INFO - Processing /home/airflow/.local/lib/python3.7/site-packages/airflow/example_dags/example_task_group.py took 0.319 seconds
[2023-03-30T00:10:16.112+0000] {processor.py:153} INFO - Started process (PID=1317) to work on /home/airflow/.local/lib/python3.7/site-packages/airflow/example_dags/example_task_group.py
[2023-03-30T00:10:16.113+0000] {processor.py:743} INFO - Processing file /home/airflow/.local/lib/python3.7/site-packages/airflow/example_dags/example_task_group.py for tasks to queue
[2023-03-30T00:10:16.114+0000] {logging_mixin.py:137} INFO - [2023-03-30T00:10:16.114+0000] {dagbag.py:532} INFO - Filling up the DagBag from /home/airflow/.local/lib/python3.7/site-packages/airflow/example_dags/example_task_group.py
[2023-03-30T00:10:16.133+0000] {processor.py:753} INFO - DAG(s) dict_keys(['example_task_group']) retrieved from /home/airflow/.local/lib/python3.7/site-packages/airflow/example_dags/example_task_group.py
[2023-03-30T00:10:16.170+0000] {logging_mixin.py:137} INFO - [2023-03-30T00:10:16.170+0000] {dag.py:2693} INFO - Sync 1 DAGs
[2023-03-30T00:10:16.202+0000] {logging_mixin.py:137} INFO - [2023-03-30T00:10:16.202+0000] {dag.py:3444} INFO - Setting next_dagrun for example_task_group to 2023-03-29T00:10:16.201854+00:00, run_after=2023-03-30T00:10:16.201854+00:00
[2023-03-30T00:10:16.225+0000] {processor.py:175} INFO - Processing /home/airflow/.local/lib/python3.7/site-packages/airflow/example_dags/example_task_group.py took 0.119 seconds
[2023-03-30T00:10:46.455+0000] {processor.py:153} INFO - Started process (PID=1366) to work on /home/airflow/.local/lib/python3.7/site-packages/airflow/example_dags/example_task_group.py
[2023-03-30T00:10:46.459+0000] {processor.py:743} INFO - Processing file /home/airflow/.local/lib/python3.7/site-packages/airflow/example_dags/example_task_group.py for tasks to queue
[2023-03-30T00:10:46.460+0000] {logging_mixin.py:137} INFO - [2023-03-30T00:10:46.459+0000] {dagbag.py:532} INFO - Filling up the DagBag from /home/airflow/.local/lib/python3.7/site-packages/airflow/example_dags/example_task_group.py
[2023-03-30T00:10:46.500+0000] {processor.py:753} INFO - DAG(s) dict_keys(['example_task_group']) retrieved from /home/airflow/.local/lib/python3.7/site-packages/airflow/example_dags/example_task_group.py
[2023-03-30T00:10:46.578+0000] {logging_mixin.py:137} INFO - [2023-03-30T00:10:46.578+0000] {dag.py:2693} INFO - Sync 1 DAGs
[2023-03-30T00:10:46.646+0000] {logging_mixin.py:137} INFO - [2023-03-30T00:10:46.646+0000] {dag.py:3444} INFO - Setting next_dagrun for example_task_group to 2023-03-29T00:10:46.645912+00:00, run_after=2023-03-30T00:10:46.645912+00:00
[2023-03-30T00:10:46.700+0000] {processor.py:175} INFO - Processing /home/airflow/.local/lib/python3.7/site-packages/airflow/example_dags/example_task_group.py took 0.251 seconds
[2023-03-30T00:11:16.787+0000] {processor.py:153} INFO - Started process (PID=1415) to work on /home/airflow/.local/lib/python3.7/site-packages/airflow/example_dags/example_task_group.py
[2023-03-30T00:11:16.788+0000] {processor.py:743} INFO - Processing file /home/airflow/.local/lib/python3.7/site-packages/airflow/example_dags/example_task_group.py for tasks to queue
[2023-03-30T00:11:16.789+0000] {logging_mixin.py:137} INFO - [2023-03-30T00:11:16.789+0000] {dagbag.py:532} INFO - Filling up the DagBag from /home/airflow/.local/lib/python3.7/site-packages/airflow/example_dags/example_task_group.py
[2023-03-30T00:11:16.822+0000] {processor.py:753} INFO - DAG(s) dict_keys(['example_task_group']) retrieved from /home/airflow/.local/lib/python3.7/site-packages/airflow/example_dags/example_task_group.py
[2023-03-30T00:11:16.869+0000] {logging_mixin.py:137} INFO - [2023-03-30T00:11:16.869+0000] {dag.py:2693} INFO - Sync 1 DAGs
[2023-03-30T00:11:16.904+0000] {logging_mixin.py:137} INFO - [2023-03-30T00:11:16.904+0000] {dag.py:3444} INFO - Setting next_dagrun for example_task_group to 2023-03-29T00:11:16.904463+00:00, run_after=2023-03-30T00:11:16.904463+00:00
[2023-03-30T00:11:16.929+0000] {processor.py:175} INFO - Processing /home/airflow/.local/lib/python3.7/site-packages/airflow/example_dags/example_task_group.py took 0.146 seconds
[2023-03-30T00:11:47.881+0000] {processor.py:153} INFO - Started process (PID=1467) to work on /home/airflow/.local/lib/python3.7/site-packages/airflow/example_dags/example_task_group.py
[2023-03-30T00:11:47.882+0000] {processor.py:743} INFO - Processing file /home/airflow/.local/lib/python3.7/site-packages/airflow/example_dags/example_task_group.py for tasks to queue
[2023-03-30T00:11:47.883+0000] {logging_mixin.py:137} INFO - [2023-03-30T00:11:47.883+0000] {dagbag.py:532} INFO - Filling up the DagBag from /home/airflow/.local/lib/python3.7/site-packages/airflow/example_dags/example_task_group.py
[2023-03-30T00:11:47.903+0000] {processor.py:753} INFO - DAG(s) dict_keys(['example_task_group']) retrieved from /home/airflow/.local/lib/python3.7/site-packages/airflow/example_dags/example_task_group.py
[2023-03-30T00:11:47.937+0000] {logging_mixin.py:137} INFO - [2023-03-30T00:11:47.937+0000] {dag.py:2693} INFO - Sync 1 DAGs
[2023-03-30T00:11:47.970+0000] {logging_mixin.py:137} INFO - [2023-03-30T00:11:47.970+0000] {dag.py:3444} INFO - Setting next_dagrun for example_task_group to 2023-03-29T00:11:47.969832+00:00, run_after=2023-03-30T00:11:47.969832+00:00
[2023-03-30T00:11:47.992+0000] {processor.py:175} INFO - Processing /home/airflow/.local/lib/python3.7/site-packages/airflow/example_dags/example_task_group.py took 0.114 seconds
[2023-03-30T00:12:18.233+0000] {processor.py:153} INFO - Started process (PID=1516) to work on /home/airflow/.local/lib/python3.7/site-packages/airflow/example_dags/example_task_group.py
[2023-03-30T00:12:18.234+0000] {processor.py:743} INFO - Processing file /home/airflow/.local/lib/python3.7/site-packages/airflow/example_dags/example_task_group.py for tasks to queue
[2023-03-30T00:12:18.235+0000] {logging_mixin.py:137} INFO - [2023-03-30T00:12:18.235+0000] {dagbag.py:532} INFO - Filling up the DagBag from /home/airflow/.local/lib/python3.7/site-packages/airflow/example_dags/example_task_group.py
[2023-03-30T00:12:18.255+0000] {processor.py:753} INFO - DAG(s) dict_keys(['example_task_group']) retrieved from /home/airflow/.local/lib/python3.7/site-packages/airflow/example_dags/example_task_group.py
[2023-03-30T00:12:18.291+0000] {logging_mixin.py:137} INFO - [2023-03-30T00:12:18.291+0000] {dag.py:2693} INFO - Sync 1 DAGs
[2023-03-30T00:12:18.324+0000] {logging_mixin.py:137} INFO - [2023-03-30T00:12:18.324+0000] {dag.py:3444} INFO - Setting next_dagrun for example_task_group to 2023-03-29T00:12:18.324441+00:00, run_after=2023-03-30T00:12:18.324441+00:00
[2023-03-30T00:12:18.346+0000] {processor.py:175} INFO - Processing /home/airflow/.local/lib/python3.7/site-packages/airflow/example_dags/example_task_group.py took 0.117 seconds
[2023-03-30T00:12:49.233+0000] {processor.py:153} INFO - Started process (PID=1567) to work on /home/airflow/.local/lib/python3.7/site-packages/airflow/example_dags/example_task_group.py
[2023-03-30T00:12:49.235+0000] {processor.py:743} INFO - Processing file /home/airflow/.local/lib/python3.7/site-packages/airflow/example_dags/example_task_group.py for tasks to queue
[2023-03-30T00:12:49.236+0000] {logging_mixin.py:137} INFO - [2023-03-30T00:12:49.235+0000] {dagbag.py:532} INFO - Filling up the DagBag from /home/airflow/.local/lib/python3.7/site-packages/airflow/example_dags/example_task_group.py
[2023-03-30T00:12:49.267+0000] {processor.py:753} INFO - DAG(s) dict_keys(['example_task_group']) retrieved from /home/airflow/.local/lib/python3.7/site-packages/airflow/example_dags/example_task_group.py
[2023-03-30T00:12:49.301+0000] {logging_mixin.py:137} INFO - [2023-03-30T00:12:49.301+0000] {dag.py:2693} INFO - Sync 1 DAGs
[2023-03-30T00:12:49.334+0000] {logging_mixin.py:137} INFO - [2023-03-30T00:12:49.334+0000] {dag.py:3444} INFO - Setting next_dagrun for example_task_group to 2023-03-29T00:12:49.334394+00:00, run_after=2023-03-30T00:12:49.334394+00:00
[2023-03-30T00:12:49.356+0000] {processor.py:175} INFO - Processing /home/airflow/.local/lib/python3.7/site-packages/airflow/example_dags/example_task_group.py took 0.129 seconds
[2023-03-30T00:13:20.000+0000] {processor.py:153} INFO - Started process (PID=1617) to work on /home/airflow/.local/lib/python3.7/site-packages/airflow/example_dags/example_task_group.py
[2023-03-30T00:13:20.001+0000] {processor.py:743} INFO - Processing file /home/airflow/.local/lib/python3.7/site-packages/airflow/example_dags/example_task_group.py for tasks to queue
[2023-03-30T00:13:20.002+0000] {logging_mixin.py:137} INFO - [2023-03-30T00:13:20.002+0000] {dagbag.py:532} INFO - Filling up the DagBag from /home/airflow/.local/lib/python3.7/site-packages/airflow/example_dags/example_task_group.py
[2023-03-30T00:13:20.023+0000] {processor.py:753} INFO - DAG(s) dict_keys(['example_task_group']) retrieved from /home/airflow/.local/lib/python3.7/site-packages/airflow/example_dags/example_task_group.py
[2023-03-30T00:13:20.058+0000] {logging_mixin.py:137} INFO - [2023-03-30T00:13:20.058+0000] {dag.py:2693} INFO - Sync 1 DAGs
[2023-03-30T00:13:20.092+0000] {logging_mixin.py:137} INFO - [2023-03-30T00:13:20.092+0000] {dag.py:3444} INFO - Setting next_dagrun for example_task_group to 2023-03-29T00:13:20.092056+00:00, run_after=2023-03-30T00:13:20.092056+00:00
[2023-03-30T00:13:20.115+0000] {processor.py:175} INFO - Processing /home/airflow/.local/lib/python3.7/site-packages/airflow/example_dags/example_task_group.py took 0.119 seconds
[2023-03-30T00:13:50.940+0000] {processor.py:153} INFO - Started process (PID=1667) to work on /home/airflow/.local/lib/python3.7/site-packages/airflow/example_dags/example_task_group.py
[2023-03-30T00:13:50.942+0000] {processor.py:743} INFO - Processing file /home/airflow/.local/lib/python3.7/site-packages/airflow/example_dags/example_task_group.py for tasks to queue
[2023-03-30T00:13:50.943+0000] {logging_mixin.py:137} INFO - [2023-03-30T00:13:50.942+0000] {dagbag.py:532} INFO - Filling up the DagBag from /home/airflow/.local/lib/python3.7/site-packages/airflow/example_dags/example_task_group.py
[2023-03-30T00:13:50.969+0000] {processor.py:753} INFO - DAG(s) dict_keys(['example_task_group']) retrieved from /home/airflow/.local/lib/python3.7/site-packages/airflow/example_dags/example_task_group.py
[2023-03-30T00:13:51.004+0000] {logging_mixin.py:137} INFO - [2023-03-30T00:13:51.004+0000] {dag.py:2693} INFO - Sync 1 DAGs
[2023-03-30T00:13:51.038+0000] {logging_mixin.py:137} INFO - [2023-03-30T00:13:51.038+0000] {dag.py:3444} INFO - Setting next_dagrun for example_task_group to 2023-03-29T00:13:51.038115+00:00, run_after=2023-03-30T00:13:51.038115+00:00
[2023-03-30T00:13:51.062+0000] {processor.py:175} INFO - Processing /home/airflow/.local/lib/python3.7/site-packages/airflow/example_dags/example_task_group.py took 0.127 seconds
[2023-03-30T00:14:21.449+0000] {processor.py:153} INFO - Started process (PID=1717) to work on /home/airflow/.local/lib/python3.7/site-packages/airflow/example_dags/example_task_group.py
[2023-03-30T00:14:21.449+0000] {processor.py:743} INFO - Processing file /home/airflow/.local/lib/python3.7/site-packages/airflow/example_dags/example_task_group.py for tasks to queue
[2023-03-30T00:14:21.450+0000] {logging_mixin.py:137} INFO - [2023-03-30T00:14:21.450+0000] {dagbag.py:532} INFO - Filling up the DagBag from /home/airflow/.local/lib/python3.7/site-packages/airflow/example_dags/example_task_group.py
[2023-03-30T00:14:21.475+0000] {processor.py:753} INFO - DAG(s) dict_keys(['example_task_group']) retrieved from /home/airflow/.local/lib/python3.7/site-packages/airflow/example_dags/example_task_group.py
[2023-03-30T00:14:21.507+0000] {logging_mixin.py:137} INFO - [2023-03-30T00:14:21.507+0000] {dag.py:2693} INFO - Sync 1 DAGs
[2023-03-30T00:14:21.540+0000] {logging_mixin.py:137} INFO - [2023-03-30T00:14:21.540+0000] {dag.py:3444} INFO - Setting next_dagrun for example_task_group to 2023-03-29T00:14:21.540094+00:00, run_after=2023-03-30T00:14:21.540094+00:00
[2023-03-30T00:14:21.562+0000] {processor.py:175} INFO - Processing /home/airflow/.local/lib/python3.7/site-packages/airflow/example_dags/example_task_group.py took 0.117 seconds
[2023-03-30T00:14:52.061+0000] {processor.py:153} INFO - Started process (PID=1767) to work on /home/airflow/.local/lib/python3.7/site-packages/airflow/example_dags/example_task_group.py
[2023-03-30T00:14:52.062+0000] {processor.py:743} INFO - Processing file /home/airflow/.local/lib/python3.7/site-packages/airflow/example_dags/example_task_group.py for tasks to queue
[2023-03-30T00:14:52.062+0000] {logging_mixin.py:137} INFO - [2023-03-30T00:14:52.062+0000] {dagbag.py:532} INFO - Filling up the DagBag from /home/airflow/.local/lib/python3.7/site-packages/airflow/example_dags/example_task_group.py
[2023-03-30T00:14:52.082+0000] {processor.py:753} INFO - DAG(s) dict_keys(['example_task_group']) retrieved from /home/airflow/.local/lib/python3.7/site-packages/airflow/example_dags/example_task_group.py
[2023-03-30T00:14:52.116+0000] {logging_mixin.py:137} INFO - [2023-03-30T00:14:52.116+0000] {dag.py:2693} INFO - Sync 1 DAGs
[2023-03-30T00:14:52.149+0000] {logging_mixin.py:137} INFO - [2023-03-30T00:14:52.149+0000] {dag.py:3444} INFO - Setting next_dagrun for example_task_group to 2023-03-29T00:14:52.149321+00:00, run_after=2023-03-30T00:14:52.149321+00:00
[2023-03-30T00:14:52.172+0000] {processor.py:175} INFO - Processing /home/airflow/.local/lib/python3.7/site-packages/airflow/example_dags/example_task_group.py took 0.115 seconds
[2023-03-30T00:15:22.372+0000] {processor.py:153} INFO - Started process (PID=1817) to work on /home/airflow/.local/lib/python3.7/site-packages/airflow/example_dags/example_task_group.py
[2023-03-30T00:15:22.373+0000] {processor.py:743} INFO - Processing file /home/airflow/.local/lib/python3.7/site-packages/airflow/example_dags/example_task_group.py for tasks to queue
[2023-03-30T00:15:22.386+0000] {logging_mixin.py:137} INFO - [2023-03-30T00:15:22.386+0000] {dagbag.py:532} INFO - Filling up the DagBag from /home/airflow/.local/lib/python3.7/site-packages/airflow/example_dags/example_task_group.py
[2023-03-30T00:15:22.448+0000] {processor.py:753} INFO - DAG(s) dict_keys(['example_task_group']) retrieved from /home/airflow/.local/lib/python3.7/site-packages/airflow/example_dags/example_task_group.py
[2023-03-30T00:15:22.495+0000] {logging_mixin.py:137} INFO - [2023-03-30T00:15:22.494+0000] {dag.py:2693} INFO - Sync 1 DAGs
[2023-03-30T00:15:22.543+0000] {logging_mixin.py:137} INFO - [2023-03-30T00:15:22.543+0000] {dag.py:3444} INFO - Setting next_dagrun for example_task_group to 2023-03-29T00:15:22.541123+00:00, run_after=2023-03-30T00:15:22.541123+00:00
[2023-03-30T00:15:22.578+0000] {processor.py:175} INFO - Processing /home/airflow/.local/lib/python3.7/site-packages/airflow/example_dags/example_task_group.py took 0.222 seconds
[2023-03-30T00:15:53.294+0000] {processor.py:153} INFO - Started process (PID=1867) to work on /home/airflow/.local/lib/python3.7/site-packages/airflow/example_dags/example_task_group.py
[2023-03-30T00:15:53.297+0000] {processor.py:743} INFO - Processing file /home/airflow/.local/lib/python3.7/site-packages/airflow/example_dags/example_task_group.py for tasks to queue
[2023-03-30T00:15:53.297+0000] {logging_mixin.py:137} INFO - [2023-03-30T00:15:53.297+0000] {dagbag.py:532} INFO - Filling up the DagBag from /home/airflow/.local/lib/python3.7/site-packages/airflow/example_dags/example_task_group.py
[2023-03-30T00:15:53.334+0000] {processor.py:753} INFO - DAG(s) dict_keys(['example_task_group']) retrieved from /home/airflow/.local/lib/python3.7/site-packages/airflow/example_dags/example_task_group.py
[2023-03-30T00:15:53.374+0000] {logging_mixin.py:137} INFO - [2023-03-30T00:15:53.373+0000] {dag.py:2693} INFO - Sync 1 DAGs
[2023-03-30T00:15:53.406+0000] {logging_mixin.py:137} INFO - [2023-03-30T00:15:53.405+0000] {dag.py:3444} INFO - Setting next_dagrun for example_task_group to 2023-03-29T00:15:53.405483+00:00, run_after=2023-03-30T00:15:53.405483+00:00
[2023-03-30T00:15:53.426+0000] {processor.py:175} INFO - Processing /home/airflow/.local/lib/python3.7/site-packages/airflow/example_dags/example_task_group.py took 0.137 seconds
[2023-03-30T00:16:23.678+0000] {processor.py:153} INFO - Started process (PID=1916) to work on /home/airflow/.local/lib/python3.7/site-packages/airflow/example_dags/example_task_group.py
[2023-03-30T00:16:23.679+0000] {processor.py:743} INFO - Processing file /home/airflow/.local/lib/python3.7/site-packages/airflow/example_dags/example_task_group.py for tasks to queue
[2023-03-30T00:16:23.680+0000] {logging_mixin.py:137} INFO - [2023-03-30T00:16:23.679+0000] {dagbag.py:532} INFO - Filling up the DagBag from /home/airflow/.local/lib/python3.7/site-packages/airflow/example_dags/example_task_group.py
[2023-03-30T00:16:23.730+0000] {processor.py:753} INFO - DAG(s) dict_keys(['example_task_group']) retrieved from /home/airflow/.local/lib/python3.7/site-packages/airflow/example_dags/example_task_group.py
[2023-03-30T00:16:23.792+0000] {logging_mixin.py:137} INFO - [2023-03-30T00:16:23.792+0000] {dag.py:2693} INFO - Sync 1 DAGs
[2023-03-30T00:16:23.829+0000] {logging_mixin.py:137} INFO - [2023-03-30T00:16:23.829+0000] {dag.py:3444} INFO - Setting next_dagrun for example_task_group to 2023-03-29T00:16:23.828803+00:00, run_after=2023-03-30T00:16:23.828803+00:00
[2023-03-30T00:16:23.852+0000] {processor.py:175} INFO - Processing /home/airflow/.local/lib/python3.7/site-packages/airflow/example_dags/example_task_group.py took 0.179 seconds
[2023-03-30T00:16:54.429+0000] {processor.py:153} INFO - Started process (PID=1966) to work on /home/airflow/.local/lib/python3.7/site-packages/airflow/example_dags/example_task_group.py
[2023-03-30T00:16:54.433+0000] {processor.py:743} INFO - Processing file /home/airflow/.local/lib/python3.7/site-packages/airflow/example_dags/example_task_group.py for tasks to queue
[2023-03-30T00:16:54.434+0000] {logging_mixin.py:137} INFO - [2023-03-30T00:16:54.434+0000] {dagbag.py:532} INFO - Filling up the DagBag from /home/airflow/.local/lib/python3.7/site-packages/airflow/example_dags/example_task_group.py
[2023-03-30T00:16:54.478+0000] {processor.py:753} INFO - DAG(s) dict_keys(['example_task_group']) retrieved from /home/airflow/.local/lib/python3.7/site-packages/airflow/example_dags/example_task_group.py
[2023-03-30T00:16:54.529+0000] {logging_mixin.py:137} INFO - [2023-03-30T00:16:54.528+0000] {dag.py:2693} INFO - Sync 1 DAGs
[2023-03-30T00:16:54.577+0000] {logging_mixin.py:137} INFO - [2023-03-30T00:16:54.577+0000] {dag.py:3444} INFO - Setting next_dagrun for example_task_group to 2023-03-29T00:16:54.576911+00:00, run_after=2023-03-30T00:16:54.576911+00:00
[2023-03-30T00:16:54.598+0000] {processor.py:175} INFO - Processing /home/airflow/.local/lib/python3.7/site-packages/airflow/example_dags/example_task_group.py took 0.189 seconds
[2023-03-30T00:17:25.218+0000] {processor.py:153} INFO - Started process (PID=2016) to work on /home/airflow/.local/lib/python3.7/site-packages/airflow/example_dags/example_task_group.py
[2023-03-30T00:17:25.219+0000] {processor.py:743} INFO - Processing file /home/airflow/.local/lib/python3.7/site-packages/airflow/example_dags/example_task_group.py for tasks to queue
[2023-03-30T00:17:25.219+0000] {logging_mixin.py:137} INFO - [2023-03-30T00:17:25.219+0000] {dagbag.py:532} INFO - Filling up the DagBag from /home/airflow/.local/lib/python3.7/site-packages/airflow/example_dags/example_task_group.py
[2023-03-30T00:17:25.242+0000] {processor.py:753} INFO - DAG(s) dict_keys(['example_task_group']) retrieved from /home/airflow/.local/lib/python3.7/site-packages/airflow/example_dags/example_task_group.py
[2023-03-30T00:17:25.277+0000] {logging_mixin.py:137} INFO - [2023-03-30T00:17:25.276+0000] {dag.py:2693} INFO - Sync 1 DAGs
[2023-03-30T00:17:25.309+0000] {logging_mixin.py:137} INFO - [2023-03-30T00:17:25.309+0000] {dag.py:3444} INFO - Setting next_dagrun for example_task_group to 2023-03-29T00:17:25.308927+00:00, run_after=2023-03-30T00:17:25.308927+00:00
[2023-03-30T00:17:25.332+0000] {processor.py:175} INFO - Processing /home/airflow/.local/lib/python3.7/site-packages/airflow/example_dags/example_task_group.py took 0.120 seconds
[2023-03-30T00:17:55.681+0000] {processor.py:153} INFO - Started process (PID=2074) to work on /home/airflow/.local/lib/python3.7/site-packages/airflow/example_dags/example_task_group.py
[2023-03-30T00:17:55.688+0000] {processor.py:743} INFO - Processing file /home/airflow/.local/lib/python3.7/site-packages/airflow/example_dags/example_task_group.py for tasks to queue
[2023-03-30T00:17:55.691+0000] {logging_mixin.py:137} INFO - [2023-03-30T00:17:55.691+0000] {dagbag.py:532} INFO - Filling up the DagBag from /home/airflow/.local/lib/python3.7/site-packages/airflow/example_dags/example_task_group.py
[2023-03-30T00:17:55.712+0000] {processor.py:753} INFO - DAG(s) dict_keys(['example_task_group']) retrieved from /home/airflow/.local/lib/python3.7/site-packages/airflow/example_dags/example_task_group.py
[2023-03-30T00:17:55.755+0000] {logging_mixin.py:137} INFO - [2023-03-30T00:17:55.755+0000] {dag.py:2693} INFO - Sync 1 DAGs
[2023-03-30T00:17:55.789+0000] {logging_mixin.py:137} INFO - [2023-03-30T00:17:55.789+0000] {dag.py:3444} INFO - Setting next_dagrun for example_task_group to 2023-03-29T00:17:55.789417+00:00, run_after=2023-03-30T00:17:55.789417+00:00
[2023-03-30T00:17:55.811+0000] {processor.py:175} INFO - Processing /home/airflow/.local/lib/python3.7/site-packages/airflow/example_dags/example_task_group.py took 0.141 seconds
[2023-03-30T00:18:26.168+0000] {processor.py:153} INFO - Started process (PID=2125) to work on /home/airflow/.local/lib/python3.7/site-packages/airflow/example_dags/example_task_group.py
[2023-03-30T00:18:26.169+0000] {processor.py:743} INFO - Processing file /home/airflow/.local/lib/python3.7/site-packages/airflow/example_dags/example_task_group.py for tasks to queue
[2023-03-30T00:18:26.169+0000] {logging_mixin.py:137} INFO - [2023-03-30T00:18:26.169+0000] {dagbag.py:532} INFO - Filling up the DagBag from /home/airflow/.local/lib/python3.7/site-packages/airflow/example_dags/example_task_group.py
[2023-03-30T00:18:26.189+0000] {processor.py:753} INFO - DAG(s) dict_keys(['example_task_group']) retrieved from /home/airflow/.local/lib/python3.7/site-packages/airflow/example_dags/example_task_group.py
[2023-03-30T00:18:26.222+0000] {logging_mixin.py:137} INFO - [2023-03-30T00:18:26.222+0000] {dag.py:2693} INFO - Sync 1 DAGs
[2023-03-30T00:18:26.254+0000] {logging_mixin.py:137} INFO - [2023-03-30T00:18:26.253+0000] {dag.py:3444} INFO - Setting next_dagrun for example_task_group to 2023-03-29T00:18:26.253660+00:00, run_after=2023-03-30T00:18:26.253660+00:00
[2023-03-30T00:18:26.276+0000] {processor.py:175} INFO - Processing /home/airflow/.local/lib/python3.7/site-packages/airflow/example_dags/example_task_group.py took 0.112 seconds
[2023-03-30T00:18:56.370+0000] {processor.py:153} INFO - Started process (PID=2174) to work on /home/airflow/.local/lib/python3.7/site-packages/airflow/example_dags/example_task_group.py
[2023-03-30T00:18:56.372+0000] {processor.py:743} INFO - Processing file /home/airflow/.local/lib/python3.7/site-packages/airflow/example_dags/example_task_group.py for tasks to queue
[2023-03-30T00:18:56.372+0000] {logging_mixin.py:137} INFO - [2023-03-30T00:18:56.372+0000] {dagbag.py:532} INFO - Filling up the DagBag from /home/airflow/.local/lib/python3.7/site-packages/airflow/example_dags/example_task_group.py
[2023-03-30T00:18:56.396+0000] {processor.py:753} INFO - DAG(s) dict_keys(['example_task_group']) retrieved from /home/airflow/.local/lib/python3.7/site-packages/airflow/example_dags/example_task_group.py
[2023-03-30T00:18:56.432+0000] {logging_mixin.py:137} INFO - [2023-03-30T00:18:56.431+0000] {dag.py:2693} INFO - Sync 1 DAGs
[2023-03-30T00:18:56.470+0000] {logging_mixin.py:137} INFO - [2023-03-30T00:18:56.469+0000] {dag.py:3444} INFO - Setting next_dagrun for example_task_group to 2023-03-29T00:18:56.469342+00:00, run_after=2023-03-30T00:18:56.469342+00:00
[2023-03-30T00:18:56.492+0000] {processor.py:175} INFO - Processing /home/airflow/.local/lib/python3.7/site-packages/airflow/example_dags/example_task_group.py took 0.125 seconds
[2023-03-30T00:19:26.600+0000] {processor.py:153} INFO - Started process (PID=2225) to work on /home/airflow/.local/lib/python3.7/site-packages/airflow/example_dags/example_task_group.py
[2023-03-30T00:19:26.601+0000] {processor.py:743} INFO - Processing file /home/airflow/.local/lib/python3.7/site-packages/airflow/example_dags/example_task_group.py for tasks to queue
[2023-03-30T00:19:26.601+0000] {logging_mixin.py:137} INFO - [2023-03-30T00:19:26.601+0000] {dagbag.py:532} INFO - Filling up the DagBag from /home/airflow/.local/lib/python3.7/site-packages/airflow/example_dags/example_task_group.py
[2023-03-30T00:19:26.641+0000] {processor.py:753} INFO - DAG(s) dict_keys(['example_task_group']) retrieved from /home/airflow/.local/lib/python3.7/site-packages/airflow/example_dags/example_task_group.py
[2023-03-30T00:19:26.685+0000] {logging_mixin.py:137} INFO - [2023-03-30T00:19:26.685+0000] {dag.py:2693} INFO - Sync 1 DAGs
[2023-03-30T00:19:26.725+0000] {logging_mixin.py:137} INFO - [2023-03-30T00:19:26.724+0000] {dag.py:3444} INFO - Setting next_dagrun for example_task_group to 2023-03-29T00:19:26.724555+00:00, run_after=2023-03-30T00:19:26.724555+00:00
[2023-03-30T00:19:26.748+0000] {processor.py:175} INFO - Processing /home/airflow/.local/lib/python3.7/site-packages/airflow/example_dags/example_task_group.py took 0.153 seconds
[2023-03-30T00:19:57.572+0000] {processor.py:153} INFO - Started process (PID=2274) to work on /home/airflow/.local/lib/python3.7/site-packages/airflow/example_dags/example_task_group.py
[2023-03-30T00:19:57.573+0000] {processor.py:743} INFO - Processing file /home/airflow/.local/lib/python3.7/site-packages/airflow/example_dags/example_task_group.py for tasks to queue
[2023-03-30T00:19:57.574+0000] {logging_mixin.py:137} INFO - [2023-03-30T00:19:57.574+0000] {dagbag.py:532} INFO - Filling up the DagBag from /home/airflow/.local/lib/python3.7/site-packages/airflow/example_dags/example_task_group.py
[2023-03-30T00:19:57.597+0000] {processor.py:753} INFO - DAG(s) dict_keys(['example_task_group']) retrieved from /home/airflow/.local/lib/python3.7/site-packages/airflow/example_dags/example_task_group.py
[2023-03-30T00:19:57.631+0000] {logging_mixin.py:137} INFO - [2023-03-30T00:19:57.630+0000] {dag.py:2693} INFO - Sync 1 DAGs
[2023-03-30T00:19:57.664+0000] {logging_mixin.py:137} INFO - [2023-03-30T00:19:57.664+0000] {dag.py:3444} INFO - Setting next_dagrun for example_task_group to 2023-03-29T00:19:57.664196+00:00, run_after=2023-03-30T00:19:57.664196+00:00
[2023-03-30T00:19:57.685+0000] {processor.py:175} INFO - Processing /home/airflow/.local/lib/python3.7/site-packages/airflow/example_dags/example_task_group.py took 0.118 seconds
[2023-03-30T00:20:27.962+0000] {processor.py:153} INFO - Started process (PID=2325) to work on /home/airflow/.local/lib/python3.7/site-packages/airflow/example_dags/example_task_group.py
[2023-03-30T00:20:27.963+0000] {processor.py:743} INFO - Processing file /home/airflow/.local/lib/python3.7/site-packages/airflow/example_dags/example_task_group.py for tasks to queue
[2023-03-30T00:20:27.964+0000] {logging_mixin.py:137} INFO - [2023-03-30T00:20:27.964+0000] {dagbag.py:532} INFO - Filling up the DagBag from /home/airflow/.local/lib/python3.7/site-packages/airflow/example_dags/example_task_group.py
[2023-03-30T00:20:27.985+0000] {processor.py:753} INFO - DAG(s) dict_keys(['example_task_group']) retrieved from /home/airflow/.local/lib/python3.7/site-packages/airflow/example_dags/example_task_group.py
[2023-03-30T00:20:28.019+0000] {logging_mixin.py:137} INFO - [2023-03-30T00:20:28.019+0000] {dag.py:2693} INFO - Sync 1 DAGs
[2023-03-30T00:20:28.053+0000] {logging_mixin.py:137} INFO - [2023-03-30T00:20:28.052+0000] {dag.py:3444} INFO - Setting next_dagrun for example_task_group to 2023-03-29T00:20:28.052630+00:00, run_after=2023-03-30T00:20:28.052630+00:00
[2023-03-30T00:20:28.076+0000] {processor.py:175} INFO - Processing /home/airflow/.local/lib/python3.7/site-packages/airflow/example_dags/example_task_group.py took 0.118 seconds
[2023-03-30T00:20:58.840+0000] {processor.py:153} INFO - Started process (PID=2374) to work on /home/airflow/.local/lib/python3.7/site-packages/airflow/example_dags/example_task_group.py
[2023-03-30T00:20:58.841+0000] {processor.py:743} INFO - Processing file /home/airflow/.local/lib/python3.7/site-packages/airflow/example_dags/example_task_group.py for tasks to queue
[2023-03-30T00:20:58.842+0000] {logging_mixin.py:137} INFO - [2023-03-30T00:20:58.842+0000] {dagbag.py:532} INFO - Filling up the DagBag from /home/airflow/.local/lib/python3.7/site-packages/airflow/example_dags/example_task_group.py
[2023-03-30T00:20:58.862+0000] {processor.py:753} INFO - DAG(s) dict_keys(['example_task_group']) retrieved from /home/airflow/.local/lib/python3.7/site-packages/airflow/example_dags/example_task_group.py
[2023-03-30T00:20:58.896+0000] {logging_mixin.py:137} INFO - [2023-03-30T00:20:58.895+0000] {dag.py:2693} INFO - Sync 1 DAGs
[2023-03-30T00:20:58.932+0000] {logging_mixin.py:137} INFO - [2023-03-30T00:20:58.932+0000] {dag.py:3444} INFO - Setting next_dagrun for example_task_group to 2023-03-29T00:20:58.932262+00:00, run_after=2023-03-30T00:20:58.932262+00:00
[2023-03-30T00:20:58.957+0000] {processor.py:175} INFO - Processing /home/airflow/.local/lib/python3.7/site-packages/airflow/example_dags/example_task_group.py took 0.122 seconds
[2023-03-30T00:21:29.956+0000] {processor.py:153} INFO - Started process (PID=2424) to work on /home/airflow/.local/lib/python3.7/site-packages/airflow/example_dags/example_task_group.py
[2023-03-30T00:21:29.956+0000] {processor.py:743} INFO - Processing file /home/airflow/.local/lib/python3.7/site-packages/airflow/example_dags/example_task_group.py for tasks to queue
[2023-03-30T00:21:29.957+0000] {logging_mixin.py:137} INFO - [2023-03-30T00:21:29.957+0000] {dagbag.py:532} INFO - Filling up the DagBag from /home/airflow/.local/lib/python3.7/site-packages/airflow/example_dags/example_task_group.py
[2023-03-30T00:21:30.001+0000] {processor.py:753} INFO - DAG(s) dict_keys(['example_task_group']) retrieved from /home/airflow/.local/lib/python3.7/site-packages/airflow/example_dags/example_task_group.py
[2023-03-30T00:21:30.050+0000] {logging_mixin.py:137} INFO - [2023-03-30T00:21:30.050+0000] {dag.py:2693} INFO - Sync 1 DAGs
[2023-03-30T00:21:30.085+0000] {logging_mixin.py:137} INFO - [2023-03-30T00:21:30.085+0000] {dag.py:3444} INFO - Setting next_dagrun for example_task_group to 2023-03-29T00:21:30.084786+00:00, run_after=2023-03-30T00:21:30.084786+00:00
[2023-03-30T00:21:30.113+0000] {processor.py:175} INFO - Processing /home/airflow/.local/lib/python3.7/site-packages/airflow/example_dags/example_task_group.py took 0.167 seconds
[2023-03-30T00:22:00.820+0000] {processor.py:153} INFO - Started process (PID=2475) to work on /home/airflow/.local/lib/python3.7/site-packages/airflow/example_dags/example_task_group.py
[2023-03-30T00:22:00.834+0000] {processor.py:743} INFO - Processing file /home/airflow/.local/lib/python3.7/site-packages/airflow/example_dags/example_task_group.py for tasks to queue
[2023-03-30T00:22:00.835+0000] {logging_mixin.py:137} INFO - [2023-03-30T00:22:00.834+0000] {dagbag.py:532} INFO - Filling up the DagBag from /home/airflow/.local/lib/python3.7/site-packages/airflow/example_dags/example_task_group.py
[2023-03-30T00:22:00.859+0000] {processor.py:753} INFO - DAG(s) dict_keys(['example_task_group']) retrieved from /home/airflow/.local/lib/python3.7/site-packages/airflow/example_dags/example_task_group.py
[2023-03-30T00:22:00.896+0000] {logging_mixin.py:137} INFO - [2023-03-30T00:22:00.896+0000] {dag.py:2693} INFO - Sync 1 DAGs
[2023-03-30T00:22:00.947+0000] {logging_mixin.py:137} INFO - [2023-03-30T00:22:00.946+0000] {dag.py:3444} INFO - Setting next_dagrun for example_task_group to 2023-03-29T00:22:00.946599+00:00, run_after=2023-03-30T00:22:00.946599+00:00
[2023-03-30T00:22:01.010+0000] {processor.py:175} INFO - Processing /home/airflow/.local/lib/python3.7/site-packages/airflow/example_dags/example_task_group.py took 0.195 seconds
[2023-03-30T00:22:31.600+0000] {processor.py:153} INFO - Started process (PID=2525) to work on /home/airflow/.local/lib/python3.7/site-packages/airflow/example_dags/example_task_group.py
[2023-03-30T00:22:31.600+0000] {processor.py:743} INFO - Processing file /home/airflow/.local/lib/python3.7/site-packages/airflow/example_dags/example_task_group.py for tasks to queue
[2023-03-30T00:22:31.601+0000] {logging_mixin.py:137} INFO - [2023-03-30T00:22:31.601+0000] {dagbag.py:532} INFO - Filling up the DagBag from /home/airflow/.local/lib/python3.7/site-packages/airflow/example_dags/example_task_group.py
[2023-03-30T00:22:31.626+0000] {processor.py:753} INFO - DAG(s) dict_keys(['example_task_group']) retrieved from /home/airflow/.local/lib/python3.7/site-packages/airflow/example_dags/example_task_group.py
[2023-03-30T00:22:31.661+0000] {logging_mixin.py:137} INFO - [2023-03-30T00:22:31.660+0000] {dag.py:2693} INFO - Sync 1 DAGs
[2023-03-30T00:22:31.714+0000] {logging_mixin.py:137} INFO - [2023-03-30T00:22:31.714+0000] {dag.py:3444} INFO - Setting next_dagrun for example_task_group to 2023-03-29T00:22:31.713831+00:00, run_after=2023-03-30T00:22:31.713831+00:00
[2023-03-30T00:22:31.738+0000] {processor.py:175} INFO - Processing /home/airflow/.local/lib/python3.7/site-packages/airflow/example_dags/example_task_group.py took 0.143 seconds
[2023-03-30T00:23:02.040+0000] {processor.py:153} INFO - Started process (PID=2575) to work on /home/airflow/.local/lib/python3.7/site-packages/airflow/example_dags/example_task_group.py
[2023-03-30T00:23:02.042+0000] {processor.py:743} INFO - Processing file /home/airflow/.local/lib/python3.7/site-packages/airflow/example_dags/example_task_group.py for tasks to queue
[2023-03-30T00:23:02.043+0000] {logging_mixin.py:137} INFO - [2023-03-30T00:23:02.042+0000] {dagbag.py:532} INFO - Filling up the DagBag from /home/airflow/.local/lib/python3.7/site-packages/airflow/example_dags/example_task_group.py
[2023-03-30T00:23:02.065+0000] {processor.py:753} INFO - DAG(s) dict_keys(['example_task_group']) retrieved from /home/airflow/.local/lib/python3.7/site-packages/airflow/example_dags/example_task_group.py
[2023-03-30T00:23:02.101+0000] {logging_mixin.py:137} INFO - [2023-03-30T00:23:02.101+0000] {dag.py:2693} INFO - Sync 1 DAGs
[2023-03-30T00:23:02.136+0000] {logging_mixin.py:137} INFO - [2023-03-30T00:23:02.136+0000] {dag.py:3444} INFO - Setting next_dagrun for example_task_group to 2023-03-29T00:23:02.136460+00:00, run_after=2023-03-30T00:23:02.136460+00:00
[2023-03-30T00:23:02.171+0000] {processor.py:175} INFO - Processing /home/airflow/.local/lib/python3.7/site-packages/airflow/example_dags/example_task_group.py took 0.134 seconds
[2023-03-30T00:23:33.322+0000] {processor.py:153} INFO - Started process (PID=2625) to work on /home/airflow/.local/lib/python3.7/site-packages/airflow/example_dags/example_task_group.py
[2023-03-30T00:23:33.323+0000] {processor.py:743} INFO - Processing file /home/airflow/.local/lib/python3.7/site-packages/airflow/example_dags/example_task_group.py for tasks to queue
[2023-03-30T00:23:33.323+0000] {logging_mixin.py:137} INFO - [2023-03-30T00:23:33.323+0000] {dagbag.py:532} INFO - Filling up the DagBag from /home/airflow/.local/lib/python3.7/site-packages/airflow/example_dags/example_task_group.py
[2023-03-30T00:23:33.373+0000] {processor.py:753} INFO - DAG(s) dict_keys(['example_task_group']) retrieved from /home/airflow/.local/lib/python3.7/site-packages/airflow/example_dags/example_task_group.py
[2023-03-30T00:23:33.434+0000] {logging_mixin.py:137} INFO - [2023-03-30T00:23:33.434+0000] {dag.py:2693} INFO - Sync 1 DAGs
[2023-03-30T00:23:33.502+0000] {logging_mixin.py:137} INFO - [2023-03-30T00:23:33.501+0000] {dag.py:3444} INFO - Setting next_dagrun for example_task_group to 2023-03-29T00:23:33.498551+00:00, run_after=2023-03-30T00:23:33.498551+00:00
[2023-03-30T00:23:33.547+0000] {processor.py:175} INFO - Processing /home/airflow/.local/lib/python3.7/site-packages/airflow/example_dags/example_task_group.py took 0.239 seconds
[2023-03-30T00:24:03.631+0000] {processor.py:153} INFO - Started process (PID=2675) to work on /home/airflow/.local/lib/python3.7/site-packages/airflow/example_dags/example_task_group.py
[2023-03-30T00:24:03.635+0000] {processor.py:743} INFO - Processing file /home/airflow/.local/lib/python3.7/site-packages/airflow/example_dags/example_task_group.py for tasks to queue
[2023-03-30T00:24:03.636+0000] {logging_mixin.py:137} INFO - [2023-03-30T00:24:03.635+0000] {dagbag.py:532} INFO - Filling up the DagBag from /home/airflow/.local/lib/python3.7/site-packages/airflow/example_dags/example_task_group.py
[2023-03-30T00:24:03.657+0000] {processor.py:753} INFO - DAG(s) dict_keys(['example_task_group']) retrieved from /home/airflow/.local/lib/python3.7/site-packages/airflow/example_dags/example_task_group.py
[2023-03-30T00:24:03.692+0000] {logging_mixin.py:137} INFO - [2023-03-30T00:24:03.691+0000] {dag.py:2693} INFO - Sync 1 DAGs
[2023-03-30T00:24:03.724+0000] {logging_mixin.py:137} INFO - [2023-03-30T00:24:03.724+0000] {dag.py:3444} INFO - Setting next_dagrun for example_task_group to 2023-03-29T00:24:03.724150+00:00, run_after=2023-03-30T00:24:03.724150+00:00
[2023-03-30T00:24:03.745+0000] {processor.py:175} INFO - Processing /home/airflow/.local/lib/python3.7/site-packages/airflow/example_dags/example_task_group.py took 0.119 seconds
[2023-03-30T00:24:34.615+0000] {processor.py:153} INFO - Started process (PID=2725) to work on /home/airflow/.local/lib/python3.7/site-packages/airflow/example_dags/example_task_group.py
[2023-03-30T00:24:34.616+0000] {processor.py:743} INFO - Processing file /home/airflow/.local/lib/python3.7/site-packages/airflow/example_dags/example_task_group.py for tasks to queue
[2023-03-30T00:24:34.617+0000] {logging_mixin.py:137} INFO - [2023-03-30T00:24:34.616+0000] {dagbag.py:532} INFO - Filling up the DagBag from /home/airflow/.local/lib/python3.7/site-packages/airflow/example_dags/example_task_group.py
[2023-03-30T00:24:34.638+0000] {processor.py:753} INFO - DAG(s) dict_keys(['example_task_group']) retrieved from /home/airflow/.local/lib/python3.7/site-packages/airflow/example_dags/example_task_group.py
[2023-03-30T00:24:34.673+0000] {logging_mixin.py:137} INFO - [2023-03-30T00:24:34.673+0000] {dag.py:2693} INFO - Sync 1 DAGs
[2023-03-30T00:24:34.710+0000] {logging_mixin.py:137} INFO - [2023-03-30T00:24:34.710+0000] {dag.py:3444} INFO - Setting next_dagrun for example_task_group to 2023-03-29T00:24:34.709804+00:00, run_after=2023-03-30T00:24:34.709804+00:00
[2023-03-30T00:24:34.737+0000] {processor.py:175} INFO - Processing /home/airflow/.local/lib/python3.7/site-packages/airflow/example_dags/example_task_group.py took 0.126 seconds
[2023-03-30T00:25:05.337+0000] {processor.py:153} INFO - Started process (PID=2775) to work on /home/airflow/.local/lib/python3.7/site-packages/airflow/example_dags/example_task_group.py
[2023-03-30T00:25:05.339+0000] {processor.py:743} INFO - Processing file /home/airflow/.local/lib/python3.7/site-packages/airflow/example_dags/example_task_group.py for tasks to queue
[2023-03-30T00:25:05.340+0000] {logging_mixin.py:137} INFO - [2023-03-30T00:25:05.340+0000] {dagbag.py:532} INFO - Filling up the DagBag from /home/airflow/.local/lib/python3.7/site-packages/airflow/example_dags/example_task_group.py
[2023-03-30T00:25:05.362+0000] {processor.py:753} INFO - DAG(s) dict_keys(['example_task_group']) retrieved from /home/airflow/.local/lib/python3.7/site-packages/airflow/example_dags/example_task_group.py
[2023-03-30T00:25:05.400+0000] {logging_mixin.py:137} INFO - [2023-03-30T00:25:05.399+0000] {dag.py:2693} INFO - Sync 1 DAGs
[2023-03-30T00:25:05.439+0000] {logging_mixin.py:137} INFO - [2023-03-30T00:25:05.439+0000] {dag.py:3444} INFO - Setting next_dagrun for example_task_group to 2023-03-29T00:25:05.438713+00:00, run_after=2023-03-30T00:25:05.438713+00:00
[2023-03-30T00:25:05.462+0000] {processor.py:175} INFO - Processing /home/airflow/.local/lib/python3.7/site-packages/airflow/example_dags/example_task_group.py took 0.130 seconds
[2023-03-30T00:25:36.107+0000] {processor.py:153} INFO - Started process (PID=2825) to work on /home/airflow/.local/lib/python3.7/site-packages/airflow/example_dags/example_task_group.py
[2023-03-30T00:25:36.107+0000] {processor.py:743} INFO - Processing file /home/airflow/.local/lib/python3.7/site-packages/airflow/example_dags/example_task_group.py for tasks to queue
[2023-03-30T00:25:36.108+0000] {logging_mixin.py:137} INFO - [2023-03-30T00:25:36.108+0000] {dagbag.py:532} INFO - Filling up the DagBag from /home/airflow/.local/lib/python3.7/site-packages/airflow/example_dags/example_task_group.py
[2023-03-30T00:25:36.129+0000] {processor.py:753} INFO - DAG(s) dict_keys(['example_task_group']) retrieved from /home/airflow/.local/lib/python3.7/site-packages/airflow/example_dags/example_task_group.py
[2023-03-30T00:25:36.164+0000] {logging_mixin.py:137} INFO - [2023-03-30T00:25:36.164+0000] {dag.py:2693} INFO - Sync 1 DAGs
[2023-03-30T00:25:36.199+0000] {logging_mixin.py:137} INFO - [2023-03-30T00:25:36.199+0000] {dag.py:3444} INFO - Setting next_dagrun for example_task_group to 2023-03-29T00:25:36.199381+00:00, run_after=2023-03-30T00:25:36.199381+00:00
[2023-03-30T00:25:36.226+0000] {processor.py:175} INFO - Processing /home/airflow/.local/lib/python3.7/site-packages/airflow/example_dags/example_task_group.py took 0.123 seconds
[2023-03-30T00:26:06.656+0000] {processor.py:153} INFO - Started process (PID=2875) to work on /home/airflow/.local/lib/python3.7/site-packages/airflow/example_dags/example_task_group.py
[2023-03-30T00:26:06.657+0000] {processor.py:743} INFO - Processing file /home/airflow/.local/lib/python3.7/site-packages/airflow/example_dags/example_task_group.py for tasks to queue
[2023-03-30T00:26:06.658+0000] {logging_mixin.py:137} INFO - [2023-03-30T00:26:06.658+0000] {dagbag.py:532} INFO - Filling up the DagBag from /home/airflow/.local/lib/python3.7/site-packages/airflow/example_dags/example_task_group.py
[2023-03-30T00:26:06.680+0000] {processor.py:753} INFO - DAG(s) dict_keys(['example_task_group']) retrieved from /home/airflow/.local/lib/python3.7/site-packages/airflow/example_dags/example_task_group.py
[2023-03-30T00:26:06.715+0000] {logging_mixin.py:137} INFO - [2023-03-30T00:26:06.715+0000] {dag.py:2693} INFO - Sync 1 DAGs
[2023-03-30T00:26:06.753+0000] {logging_mixin.py:137} INFO - [2023-03-30T00:26:06.753+0000] {dag.py:3444} INFO - Setting next_dagrun for example_task_group to 2023-03-29T00:26:06.753221+00:00, run_after=2023-03-30T00:26:06.753221+00:00
[2023-03-30T00:26:06.777+0000] {processor.py:175} INFO - Processing /home/airflow/.local/lib/python3.7/site-packages/airflow/example_dags/example_task_group.py took 0.125 seconds
[2023-03-30T00:26:37.137+0000] {processor.py:153} INFO - Started process (PID=2925) to work on /home/airflow/.local/lib/python3.7/site-packages/airflow/example_dags/example_task_group.py
[2023-03-30T00:26:37.138+0000] {processor.py:743} INFO - Processing file /home/airflow/.local/lib/python3.7/site-packages/airflow/example_dags/example_task_group.py for tasks to queue
[2023-03-30T00:26:37.139+0000] {logging_mixin.py:137} INFO - [2023-03-30T00:26:37.139+0000] {dagbag.py:532} INFO - Filling up the DagBag from /home/airflow/.local/lib/python3.7/site-packages/airflow/example_dags/example_task_group.py
[2023-03-30T00:26:37.160+0000] {processor.py:753} INFO - DAG(s) dict_keys(['example_task_group']) retrieved from /home/airflow/.local/lib/python3.7/site-packages/airflow/example_dags/example_task_group.py
[2023-03-30T00:26:37.205+0000] {logging_mixin.py:137} INFO - [2023-03-30T00:26:37.205+0000] {dag.py:2693} INFO - Sync 1 DAGs
[2023-03-30T00:26:37.245+0000] {logging_mixin.py:137} INFO - [2023-03-30T00:26:37.245+0000] {dag.py:3444} INFO - Setting next_dagrun for example_task_group to 2023-03-29T00:26:37.245211+00:00, run_after=2023-03-30T00:26:37.245211+00:00
[2023-03-30T00:26:37.270+0000] {processor.py:175} INFO - Processing /home/airflow/.local/lib/python3.7/site-packages/airflow/example_dags/example_task_group.py took 0.137 seconds
[2023-03-30T00:27:07.703+0000] {processor.py:153} INFO - Started process (PID=2975) to work on /home/airflow/.local/lib/python3.7/site-packages/airflow/example_dags/example_task_group.py
[2023-03-30T00:27:07.703+0000] {processor.py:743} INFO - Processing file /home/airflow/.local/lib/python3.7/site-packages/airflow/example_dags/example_task_group.py for tasks to queue
[2023-03-30T00:27:07.704+0000] {logging_mixin.py:137} INFO - [2023-03-30T00:27:07.704+0000] {dagbag.py:532} INFO - Filling up the DagBag from /home/airflow/.local/lib/python3.7/site-packages/airflow/example_dags/example_task_group.py
[2023-03-30T00:27:07.724+0000] {processor.py:753} INFO - DAG(s) dict_keys(['example_task_group']) retrieved from /home/airflow/.local/lib/python3.7/site-packages/airflow/example_dags/example_task_group.py
[2023-03-30T00:27:07.761+0000] {logging_mixin.py:137} INFO - [2023-03-30T00:27:07.761+0000] {dag.py:2693} INFO - Sync 1 DAGs
[2023-03-30T00:27:07.794+0000] {logging_mixin.py:137} INFO - [2023-03-30T00:27:07.794+0000] {dag.py:3444} INFO - Setting next_dagrun for example_task_group to 2023-03-29T00:27:07.794018+00:00, run_after=2023-03-30T00:27:07.794018+00:00
[2023-03-30T00:27:07.816+0000] {processor.py:175} INFO - Processing /home/airflow/.local/lib/python3.7/site-packages/airflow/example_dags/example_task_group.py took 0.119 seconds
[2023-03-30T00:27:38.573+0000] {processor.py:153} INFO - Started process (PID=3025) to work on /home/airflow/.local/lib/python3.7/site-packages/airflow/example_dags/example_task_group.py
[2023-03-30T00:27:38.582+0000] {processor.py:743} INFO - Processing file /home/airflow/.local/lib/python3.7/site-packages/airflow/example_dags/example_task_group.py for tasks to queue
[2023-03-30T00:27:38.583+0000] {logging_mixin.py:137} INFO - [2023-03-30T00:27:38.583+0000] {dagbag.py:532} INFO - Filling up the DagBag from /home/airflow/.local/lib/python3.7/site-packages/airflow/example_dags/example_task_group.py
[2023-03-30T00:27:38.641+0000] {processor.py:753} INFO - DAG(s) dict_keys(['example_task_group']) retrieved from /home/airflow/.local/lib/python3.7/site-packages/airflow/example_dags/example_task_group.py
[2023-03-30T00:27:38.754+0000] {logging_mixin.py:137} INFO - [2023-03-30T00:27:38.754+0000] {dag.py:2693} INFO - Sync 1 DAGs
[2023-03-30T00:27:38.851+0000] {logging_mixin.py:137} INFO - [2023-03-30T00:27:38.851+0000] {dag.py:3444} INFO - Setting next_dagrun for example_task_group to 2023-03-29T00:27:38.850977+00:00, run_after=2023-03-30T00:27:38.850977+00:00
[2023-03-30T00:27:38.929+0000] {processor.py:175} INFO - Processing /home/airflow/.local/lib/python3.7/site-packages/airflow/example_dags/example_task_group.py took 0.376 seconds
[2023-03-30T00:28:09.761+0000] {processor.py:153} INFO - Started process (PID=3074) to work on /home/airflow/.local/lib/python3.7/site-packages/airflow/example_dags/example_task_group.py
[2023-03-30T00:28:09.763+0000] {processor.py:743} INFO - Processing file /home/airflow/.local/lib/python3.7/site-packages/airflow/example_dags/example_task_group.py for tasks to queue
[2023-03-30T00:28:09.764+0000] {logging_mixin.py:137} INFO - [2023-03-30T00:28:09.764+0000] {dagbag.py:532} INFO - Filling up the DagBag from /home/airflow/.local/lib/python3.7/site-packages/airflow/example_dags/example_task_group.py
[2023-03-30T00:28:09.813+0000] {processor.py:753} INFO - DAG(s) dict_keys(['example_task_group']) retrieved from /home/airflow/.local/lib/python3.7/site-packages/airflow/example_dags/example_task_group.py
[2023-03-30T00:28:09.890+0000] {logging_mixin.py:137} INFO - [2023-03-30T00:28:09.890+0000] {dag.py:2693} INFO - Sync 1 DAGs
[2023-03-30T00:28:09.931+0000] {logging_mixin.py:137} INFO - [2023-03-30T00:28:09.931+0000] {dag.py:3444} INFO - Setting next_dagrun for example_task_group to 2023-03-29T00:28:09.931361+00:00, run_after=2023-03-30T00:28:09.931361+00:00
[2023-03-30T00:28:09.989+0000] {processor.py:175} INFO - Processing /home/airflow/.local/lib/python3.7/site-packages/airflow/example_dags/example_task_group.py took 0.235 seconds
[2023-03-30T00:28:40.238+0000] {processor.py:153} INFO - Started process (PID=3124) to work on /home/airflow/.local/lib/python3.7/site-packages/airflow/example_dags/example_task_group.py
[2023-03-30T00:28:40.239+0000] {processor.py:743} INFO - Processing file /home/airflow/.local/lib/python3.7/site-packages/airflow/example_dags/example_task_group.py for tasks to queue
[2023-03-30T00:28:40.240+0000] {logging_mixin.py:137} INFO - [2023-03-30T00:28:40.240+0000] {dagbag.py:532} INFO - Filling up the DagBag from /home/airflow/.local/lib/python3.7/site-packages/airflow/example_dags/example_task_group.py
[2023-03-30T00:28:40.261+0000] {processor.py:753} INFO - DAG(s) dict_keys(['example_task_group']) retrieved from /home/airflow/.local/lib/python3.7/site-packages/airflow/example_dags/example_task_group.py
[2023-03-30T00:28:40.296+0000] {logging_mixin.py:137} INFO - [2023-03-30T00:28:40.296+0000] {dag.py:2693} INFO - Sync 1 DAGs
[2023-03-30T00:28:40.331+0000] {logging_mixin.py:137} INFO - [2023-03-30T00:28:40.331+0000] {dag.py:3444} INFO - Setting next_dagrun for example_task_group to 2023-03-29T00:28:40.331259+00:00, run_after=2023-03-30T00:28:40.331259+00:00
[2023-03-30T00:28:40.354+0000] {processor.py:175} INFO - Processing /home/airflow/.local/lib/python3.7/site-packages/airflow/example_dags/example_task_group.py took 0.120 seconds
[2023-03-30T00:29:10.715+0000] {processor.py:153} INFO - Started process (PID=3174) to work on /home/airflow/.local/lib/python3.7/site-packages/airflow/example_dags/example_task_group.py
[2023-03-30T00:29:10.716+0000] {processor.py:743} INFO - Processing file /home/airflow/.local/lib/python3.7/site-packages/airflow/example_dags/example_task_group.py for tasks to queue
[2023-03-30T00:29:10.717+0000] {logging_mixin.py:137} INFO - [2023-03-30T00:29:10.716+0000] {dagbag.py:532} INFO - Filling up the DagBag from /home/airflow/.local/lib/python3.7/site-packages/airflow/example_dags/example_task_group.py
[2023-03-30T00:29:10.737+0000] {processor.py:753} INFO - DAG(s) dict_keys(['example_task_group']) retrieved from /home/airflow/.local/lib/python3.7/site-packages/airflow/example_dags/example_task_group.py
[2023-03-30T00:29:10.775+0000] {logging_mixin.py:137} INFO - [2023-03-30T00:29:10.775+0000] {dag.py:2693} INFO - Sync 1 DAGs
[2023-03-30T00:29:10.813+0000] {logging_mixin.py:137} INFO - [2023-03-30T00:29:10.813+0000] {dag.py:3444} INFO - Setting next_dagrun for example_task_group to 2023-03-29T00:29:10.813363+00:00, run_after=2023-03-30T00:29:10.813363+00:00
[2023-03-30T00:29:10.845+0000] {processor.py:175} INFO - Processing /home/airflow/.local/lib/python3.7/site-packages/airflow/example_dags/example_task_group.py took 0.134 seconds
[2023-03-30T00:29:41.314+0000] {processor.py:153} INFO - Started process (PID=3224) to work on /home/airflow/.local/lib/python3.7/site-packages/airflow/example_dags/example_task_group.py
[2023-03-30T00:29:41.318+0000] {processor.py:743} INFO - Processing file /home/airflow/.local/lib/python3.7/site-packages/airflow/example_dags/example_task_group.py for tasks to queue
[2023-03-30T00:29:41.318+0000] {logging_mixin.py:137} INFO - [2023-03-30T00:29:41.318+0000] {dagbag.py:532} INFO - Filling up the DagBag from /home/airflow/.local/lib/python3.7/site-packages/airflow/example_dags/example_task_group.py
[2023-03-30T00:29:41.358+0000] {processor.py:753} INFO - DAG(s) dict_keys(['example_task_group']) retrieved from /home/airflow/.local/lib/python3.7/site-packages/airflow/example_dags/example_task_group.py
[2023-03-30T00:29:41.458+0000] {logging_mixin.py:137} INFO - [2023-03-30T00:29:41.450+0000] {dag.py:2693} INFO - Sync 1 DAGs
[2023-03-30T00:29:41.579+0000] {logging_mixin.py:137} INFO - [2023-03-30T00:29:41.578+0000] {dag.py:3444} INFO - Setting next_dagrun for example_task_group to 2023-03-29T00:29:41.578452+00:00, run_after=2023-03-30T00:29:41.578452+00:00
[2023-03-30T00:29:41.663+0000] {processor.py:175} INFO - Processing /home/airflow/.local/lib/python3.7/site-packages/airflow/example_dags/example_task_group.py took 0.365 seconds
[2023-03-30T00:30:12.530+0000] {processor.py:153} INFO - Started process (PID=3274) to work on /home/airflow/.local/lib/python3.7/site-packages/airflow/example_dags/example_task_group.py
[2023-03-30T00:30:12.531+0000] {processor.py:743} INFO - Processing file /home/airflow/.local/lib/python3.7/site-packages/airflow/example_dags/example_task_group.py for tasks to queue
[2023-03-30T00:30:12.532+0000] {logging_mixin.py:137} INFO - [2023-03-30T00:30:12.532+0000] {dagbag.py:532} INFO - Filling up the DagBag from /home/airflow/.local/lib/python3.7/site-packages/airflow/example_dags/example_task_group.py
[2023-03-30T00:30:12.559+0000] {processor.py:753} INFO - DAG(s) dict_keys(['example_task_group']) retrieved from /home/airflow/.local/lib/python3.7/site-packages/airflow/example_dags/example_task_group.py
[2023-03-30T00:30:12.595+0000] {logging_mixin.py:137} INFO - [2023-03-30T00:30:12.595+0000] {dag.py:2693} INFO - Sync 1 DAGs
[2023-03-30T00:30:12.636+0000] {logging_mixin.py:137} INFO - [2023-03-30T00:30:12.636+0000] {dag.py:3444} INFO - Setting next_dagrun for example_task_group to 2023-03-29T00:30:12.635991+00:00, run_after=2023-03-30T00:30:12.635991+00:00
[2023-03-30T00:30:12.668+0000] {processor.py:175} INFO - Processing /home/airflow/.local/lib/python3.7/site-packages/airflow/example_dags/example_task_group.py took 0.142 seconds
[2023-03-30T00:30:43.168+0000] {processor.py:153} INFO - Started process (PID=3324) to work on /home/airflow/.local/lib/python3.7/site-packages/airflow/example_dags/example_task_group.py
[2023-03-30T00:30:43.169+0000] {processor.py:743} INFO - Processing file /home/airflow/.local/lib/python3.7/site-packages/airflow/example_dags/example_task_group.py for tasks to queue
[2023-03-30T00:30:43.170+0000] {logging_mixin.py:137} INFO - [2023-03-30T00:30:43.170+0000] {dagbag.py:532} INFO - Filling up the DagBag from /home/airflow/.local/lib/python3.7/site-packages/airflow/example_dags/example_task_group.py
[2023-03-30T00:30:43.199+0000] {processor.py:753} INFO - DAG(s) dict_keys(['example_task_group']) retrieved from /home/airflow/.local/lib/python3.7/site-packages/airflow/example_dags/example_task_group.py
[2023-03-30T00:30:43.238+0000] {logging_mixin.py:137} INFO - [2023-03-30T00:30:43.238+0000] {dag.py:2693} INFO - Sync 1 DAGs
[2023-03-30T00:30:43.275+0000] {logging_mixin.py:137} INFO - [2023-03-30T00:30:43.275+0000] {dag.py:3444} INFO - Setting next_dagrun for example_task_group to 2023-03-29T00:30:43.274840+00:00, run_after=2023-03-30T00:30:43.274840+00:00
[2023-03-30T00:30:43.299+0000] {processor.py:175} INFO - Processing /home/airflow/.local/lib/python3.7/site-packages/airflow/example_dags/example_task_group.py took 0.135 seconds
[2023-03-30T00:31:13.617+0000] {processor.py:153} INFO - Started process (PID=3374) to work on /home/airflow/.local/lib/python3.7/site-packages/airflow/example_dags/example_task_group.py
[2023-03-30T00:31:13.619+0000] {processor.py:743} INFO - Processing file /home/airflow/.local/lib/python3.7/site-packages/airflow/example_dags/example_task_group.py for tasks to queue
[2023-03-30T00:31:13.620+0000] {logging_mixin.py:137} INFO - [2023-03-30T00:31:13.620+0000] {dagbag.py:532} INFO - Filling up the DagBag from /home/airflow/.local/lib/python3.7/site-packages/airflow/example_dags/example_task_group.py
[2023-03-30T00:31:13.645+0000] {processor.py:753} INFO - DAG(s) dict_keys(['example_task_group']) retrieved from /home/airflow/.local/lib/python3.7/site-packages/airflow/example_dags/example_task_group.py
[2023-03-30T00:31:13.683+0000] {logging_mixin.py:137} INFO - [2023-03-30T00:31:13.683+0000] {dag.py:2693} INFO - Sync 1 DAGs
[2023-03-30T00:31:13.719+0000] {logging_mixin.py:137} INFO - [2023-03-30T00:31:13.719+0000] {dag.py:3444} INFO - Setting next_dagrun for example_task_group to 2023-03-29T00:31:13.719377+00:00, run_after=2023-03-30T00:31:13.719377+00:00
[2023-03-30T00:31:13.757+0000] {processor.py:175} INFO - Processing /home/airflow/.local/lib/python3.7/site-packages/airflow/example_dags/example_task_group.py took 0.150 seconds
[2023-03-30T00:31:44.211+0000] {processor.py:153} INFO - Started process (PID=3424) to work on /home/airflow/.local/lib/python3.7/site-packages/airflow/example_dags/example_task_group.py
[2023-03-30T00:31:44.214+0000] {processor.py:743} INFO - Processing file /home/airflow/.local/lib/python3.7/site-packages/airflow/example_dags/example_task_group.py for tasks to queue
[2023-03-30T00:31:44.214+0000] {logging_mixin.py:137} INFO - [2023-03-30T00:31:44.214+0000] {dagbag.py:532} INFO - Filling up the DagBag from /home/airflow/.local/lib/python3.7/site-packages/airflow/example_dags/example_task_group.py
[2023-03-30T00:31:44.237+0000] {processor.py:753} INFO - DAG(s) dict_keys(['example_task_group']) retrieved from /home/airflow/.local/lib/python3.7/site-packages/airflow/example_dags/example_task_group.py
[2023-03-30T00:31:44.275+0000] {logging_mixin.py:137} INFO - [2023-03-30T00:31:44.274+0000] {dag.py:2693} INFO - Sync 1 DAGs
[2023-03-30T00:31:44.309+0000] {logging_mixin.py:137} INFO - [2023-03-30T00:31:44.309+0000] {dag.py:3444} INFO - Setting next_dagrun for example_task_group to 2023-03-29T00:31:44.308759+00:00, run_after=2023-03-30T00:31:44.308759+00:00
[2023-03-30T00:31:44.332+0000] {processor.py:175} INFO - Processing /home/airflow/.local/lib/python3.7/site-packages/airflow/example_dags/example_task_group.py took 0.124 seconds
[2023-03-30T00:32:14.746+0000] {processor.py:153} INFO - Started process (PID=3475) to work on /home/airflow/.local/lib/python3.7/site-packages/airflow/example_dags/example_task_group.py
[2023-03-30T00:32:14.748+0000] {processor.py:743} INFO - Processing file /home/airflow/.local/lib/python3.7/site-packages/airflow/example_dags/example_task_group.py for tasks to queue
[2023-03-30T00:32:14.748+0000] {logging_mixin.py:137} INFO - [2023-03-30T00:32:14.748+0000] {dagbag.py:532} INFO - Filling up the DagBag from /home/airflow/.local/lib/python3.7/site-packages/airflow/example_dags/example_task_group.py
[2023-03-30T00:32:14.773+0000] {processor.py:753} INFO - DAG(s) dict_keys(['example_task_group']) retrieved from /home/airflow/.local/lib/python3.7/site-packages/airflow/example_dags/example_task_group.py
[2023-03-30T00:32:14.812+0000] {logging_mixin.py:137} INFO - [2023-03-30T00:32:14.811+0000] {dag.py:2693} INFO - Sync 1 DAGs
[2023-03-30T00:32:14.854+0000] {logging_mixin.py:137} INFO - [2023-03-30T00:32:14.854+0000] {dag.py:3444} INFO - Setting next_dagrun for example_task_group to 2023-03-29T00:32:14.854172+00:00, run_after=2023-03-30T00:32:14.854172+00:00
[2023-03-30T00:32:14.877+0000] {processor.py:175} INFO - Processing /home/airflow/.local/lib/python3.7/site-packages/airflow/example_dags/example_task_group.py took 0.135 seconds
[2023-03-30T00:32:45.737+0000] {processor.py:153} INFO - Started process (PID=3525) to work on /home/airflow/.local/lib/python3.7/site-packages/airflow/example_dags/example_task_group.py
[2023-03-30T00:32:45.758+0000] {processor.py:743} INFO - Processing file /home/airflow/.local/lib/python3.7/site-packages/airflow/example_dags/example_task_group.py for tasks to queue
[2023-03-30T00:32:45.758+0000] {logging_mixin.py:137} INFO - [2023-03-30T00:32:45.758+0000] {dagbag.py:532} INFO - Filling up the DagBag from /home/airflow/.local/lib/python3.7/site-packages/airflow/example_dags/example_task_group.py
[2023-03-30T00:32:45.917+0000] {processor.py:753} INFO - DAG(s) dict_keys(['example_task_group']) retrieved from /home/airflow/.local/lib/python3.7/site-packages/airflow/example_dags/example_task_group.py
[2023-03-30T00:32:46.070+0000] {logging_mixin.py:137} INFO - [2023-03-30T00:32:46.070+0000] {dag.py:2693} INFO - Sync 1 DAGs
[2023-03-30T00:32:46.207+0000] {logging_mixin.py:137} INFO - [2023-03-30T00:32:46.206+0000] {dag.py:3444} INFO - Setting next_dagrun for example_task_group to 2023-03-29T00:32:46.206650+00:00, run_after=2023-03-30T00:32:46.206650+00:00
[2023-03-30T00:32:46.338+0000] {processor.py:175} INFO - Processing /home/airflow/.local/lib/python3.7/site-packages/airflow/example_dags/example_task_group.py took 0.625 seconds
[2023-03-30T00:33:16.401+0000] {processor.py:153} INFO - Started process (PID=3574) to work on /home/airflow/.local/lib/python3.7/site-packages/airflow/example_dags/example_task_group.py
[2023-03-30T00:33:16.403+0000] {processor.py:743} INFO - Processing file /home/airflow/.local/lib/python3.7/site-packages/airflow/example_dags/example_task_group.py for tasks to queue
[2023-03-30T00:33:16.404+0000] {logging_mixin.py:137} INFO - [2023-03-30T00:33:16.403+0000] {dagbag.py:532} INFO - Filling up the DagBag from /home/airflow/.local/lib/python3.7/site-packages/airflow/example_dags/example_task_group.py
[2023-03-30T00:33:16.426+0000] {processor.py:753} INFO - DAG(s) dict_keys(['example_task_group']) retrieved from /home/airflow/.local/lib/python3.7/site-packages/airflow/example_dags/example_task_group.py
[2023-03-30T00:33:16.463+0000] {logging_mixin.py:137} INFO - [2023-03-30T00:33:16.463+0000] {dag.py:2693} INFO - Sync 1 DAGs
[2023-03-30T00:33:16.501+0000] {logging_mixin.py:137} INFO - [2023-03-30T00:33:16.501+0000] {dag.py:3444} INFO - Setting next_dagrun for example_task_group to 2023-03-29T00:33:16.500968+00:00, run_after=2023-03-30T00:33:16.500968+00:00
[2023-03-30T00:33:16.526+0000] {processor.py:175} INFO - Processing /home/airflow/.local/lib/python3.7/site-packages/airflow/example_dags/example_task_group.py took 0.130 seconds
