[2023-03-30T00:00:05.121+0000] {processor.py:153} INFO - Started process (PID=324) to work on /home/airflow/.local/lib/python3.7/site-packages/airflow/example_dags/tutorial.py
[2023-03-30T00:00:05.122+0000] {processor.py:743} INFO - Processing file /home/airflow/.local/lib/python3.7/site-packages/airflow/example_dags/tutorial.py for tasks to queue
[2023-03-30T00:00:05.123+0000] {logging_mixin.py:137} INFO - [2023-03-30T00:00:05.123+0000] {dagbag.py:532} INFO - Filling up the DagBag from /home/airflow/.local/lib/python3.7/site-packages/airflow/example_dags/tutorial.py
[2023-03-30T00:00:05.141+0000] {processor.py:753} INFO - DAG(s) dict_keys(['tutorial']) retrieved from /home/airflow/.local/lib/python3.7/site-packages/airflow/example_dags/tutorial.py
[2023-03-30T00:00:05.172+0000] {logging_mixin.py:137} INFO - [2023-03-30T00:00:05.172+0000] {dag.py:2693} INFO - Sync 1 DAGs
[2023-03-30T00:00:05.204+0000] {logging_mixin.py:137} INFO - [2023-03-30T00:00:05.204+0000] {dag.py:3444} INFO - Setting next_dagrun for tutorial to 2023-03-29T00:00:05.204260+00:00, run_after=2023-03-30T00:00:05.204260+00:00
[2023-03-30T00:00:05.225+0000] {processor.py:175} INFO - Processing /home/airflow/.local/lib/python3.7/site-packages/airflow/example_dags/tutorial.py took 0.109 seconds
[2023-03-30T00:00:35.622+0000] {processor.py:153} INFO - Started process (PID=374) to work on /home/airflow/.local/lib/python3.7/site-packages/airflow/example_dags/tutorial.py
[2023-03-30T00:00:35.626+0000] {processor.py:743} INFO - Processing file /home/airflow/.local/lib/python3.7/site-packages/airflow/example_dags/tutorial.py for tasks to queue
[2023-03-30T00:00:35.628+0000] {logging_mixin.py:137} INFO - [2023-03-30T00:00:35.628+0000] {dagbag.py:532} INFO - Filling up the DagBag from /home/airflow/.local/lib/python3.7/site-packages/airflow/example_dags/tutorial.py
[2023-03-30T00:00:35.649+0000] {processor.py:753} INFO - DAG(s) dict_keys(['tutorial']) retrieved from /home/airflow/.local/lib/python3.7/site-packages/airflow/example_dags/tutorial.py
[2023-03-30T00:00:35.687+0000] {logging_mixin.py:137} INFO - [2023-03-30T00:00:35.687+0000] {dag.py:2693} INFO - Sync 1 DAGs
[2023-03-30T00:00:35.719+0000] {logging_mixin.py:137} INFO - [2023-03-30T00:00:35.719+0000] {dag.py:3444} INFO - Setting next_dagrun for tutorial to 2023-03-29T00:00:35.719388+00:00, run_after=2023-03-30T00:00:35.719388+00:00
[2023-03-30T00:00:35.743+0000] {processor.py:175} INFO - Processing /home/airflow/.local/lib/python3.7/site-packages/airflow/example_dags/tutorial.py took 0.126 seconds
[2023-03-30T00:01:05.946+0000] {processor.py:153} INFO - Started process (PID=424) to work on /home/airflow/.local/lib/python3.7/site-packages/airflow/example_dags/tutorial.py
[2023-03-30T00:01:05.948+0000] {processor.py:743} INFO - Processing file /home/airflow/.local/lib/python3.7/site-packages/airflow/example_dags/tutorial.py for tasks to queue
[2023-03-30T00:01:05.948+0000] {logging_mixin.py:137} INFO - [2023-03-30T00:01:05.948+0000] {dagbag.py:532} INFO - Filling up the DagBag from /home/airflow/.local/lib/python3.7/site-packages/airflow/example_dags/tutorial.py
[2023-03-30T00:01:05.967+0000] {processor.py:753} INFO - DAG(s) dict_keys(['tutorial']) retrieved from /home/airflow/.local/lib/python3.7/site-packages/airflow/example_dags/tutorial.py
[2023-03-30T00:01:06.001+0000] {logging_mixin.py:137} INFO - [2023-03-30T00:01:06.001+0000] {dag.py:2693} INFO - Sync 1 DAGs
[2023-03-30T00:01:06.034+0000] {logging_mixin.py:137} INFO - [2023-03-30T00:01:06.033+0000] {dag.py:3444} INFO - Setting next_dagrun for tutorial to 2023-03-29T00:01:06.033552+00:00, run_after=2023-03-30T00:01:06.033552+00:00
[2023-03-30T00:01:06.060+0000] {processor.py:175} INFO - Processing /home/airflow/.local/lib/python3.7/site-packages/airflow/example_dags/tutorial.py took 0.118 seconds
[2023-03-30T00:01:36.580+0000] {processor.py:153} INFO - Started process (PID=475) to work on /home/airflow/.local/lib/python3.7/site-packages/airflow/example_dags/tutorial.py
[2023-03-30T00:01:36.581+0000] {processor.py:743} INFO - Processing file /home/airflow/.local/lib/python3.7/site-packages/airflow/example_dags/tutorial.py for tasks to queue
[2023-03-30T00:01:36.581+0000] {logging_mixin.py:137} INFO - [2023-03-30T00:01:36.581+0000] {dagbag.py:532} INFO - Filling up the DagBag from /home/airflow/.local/lib/python3.7/site-packages/airflow/example_dags/tutorial.py
[2023-03-30T00:01:36.603+0000] {processor.py:753} INFO - DAG(s) dict_keys(['tutorial']) retrieved from /home/airflow/.local/lib/python3.7/site-packages/airflow/example_dags/tutorial.py
[2023-03-30T00:01:36.637+0000] {logging_mixin.py:137} INFO - [2023-03-30T00:01:36.636+0000] {dag.py:2693} INFO - Sync 1 DAGs
[2023-03-30T00:01:36.670+0000] {logging_mixin.py:137} INFO - [2023-03-30T00:01:36.670+0000] {dag.py:3444} INFO - Setting next_dagrun for tutorial to 2023-03-29T00:01:36.670416+00:00, run_after=2023-03-30T00:01:36.670416+00:00
[2023-03-30T00:01:36.693+0000] {processor.py:175} INFO - Processing /home/airflow/.local/lib/python3.7/site-packages/airflow/example_dags/tutorial.py took 0.117 seconds
[2023-03-30T00:02:07.402+0000] {processor.py:153} INFO - Started process (PID=525) to work on /home/airflow/.local/lib/python3.7/site-packages/airflow/example_dags/tutorial.py
[2023-03-30T00:02:07.404+0000] {processor.py:743} INFO - Processing file /home/airflow/.local/lib/python3.7/site-packages/airflow/example_dags/tutorial.py for tasks to queue
[2023-03-30T00:02:07.404+0000] {logging_mixin.py:137} INFO - [2023-03-30T00:02:07.404+0000] {dagbag.py:532} INFO - Filling up the DagBag from /home/airflow/.local/lib/python3.7/site-packages/airflow/example_dags/tutorial.py
[2023-03-30T00:02:07.422+0000] {processor.py:753} INFO - DAG(s) dict_keys(['tutorial']) retrieved from /home/airflow/.local/lib/python3.7/site-packages/airflow/example_dags/tutorial.py
[2023-03-30T00:02:07.454+0000] {logging_mixin.py:137} INFO - [2023-03-30T00:02:07.454+0000] {dag.py:2693} INFO - Sync 1 DAGs
[2023-03-30T00:02:07.488+0000] {logging_mixin.py:137} INFO - [2023-03-30T00:02:07.487+0000] {dag.py:3444} INFO - Setting next_dagrun for tutorial to 2023-03-29T00:02:07.487543+00:00, run_after=2023-03-30T00:02:07.487543+00:00
[2023-03-30T00:02:07.510+0000] {processor.py:175} INFO - Processing /home/airflow/.local/lib/python3.7/site-packages/airflow/example_dags/tutorial.py took 0.112 seconds
[2023-03-30T00:02:38.231+0000] {processor.py:153} INFO - Started process (PID=575) to work on /home/airflow/.local/lib/python3.7/site-packages/airflow/example_dags/tutorial.py
[2023-03-30T00:02:38.232+0000] {processor.py:743} INFO - Processing file /home/airflow/.local/lib/python3.7/site-packages/airflow/example_dags/tutorial.py for tasks to queue
[2023-03-30T00:02:38.233+0000] {logging_mixin.py:137} INFO - [2023-03-30T00:02:38.233+0000] {dagbag.py:532} INFO - Filling up the DagBag from /home/airflow/.local/lib/python3.7/site-packages/airflow/example_dags/tutorial.py
[2023-03-30T00:02:38.252+0000] {processor.py:753} INFO - DAG(s) dict_keys(['tutorial']) retrieved from /home/airflow/.local/lib/python3.7/site-packages/airflow/example_dags/tutorial.py
[2023-03-30T00:02:38.284+0000] {logging_mixin.py:137} INFO - [2023-03-30T00:02:38.284+0000] {dag.py:2693} INFO - Sync 1 DAGs
[2023-03-30T00:02:38.318+0000] {logging_mixin.py:137} INFO - [2023-03-30T00:02:38.318+0000] {dag.py:3444} INFO - Setting next_dagrun for tutorial to 2023-03-29T00:02:38.318431+00:00, run_after=2023-03-30T00:02:38.318431+00:00
[2023-03-30T00:02:38.340+0000] {processor.py:175} INFO - Processing /home/airflow/.local/lib/python3.7/site-packages/airflow/example_dags/tutorial.py took 0.117 seconds
[2023-03-30T00:03:08.486+0000] {processor.py:153} INFO - Started process (PID=625) to work on /home/airflow/.local/lib/python3.7/site-packages/airflow/example_dags/tutorial.py
[2023-03-30T00:03:08.489+0000] {processor.py:743} INFO - Processing file /home/airflow/.local/lib/python3.7/site-packages/airflow/example_dags/tutorial.py for tasks to queue
[2023-03-30T00:03:08.490+0000] {logging_mixin.py:137} INFO - [2023-03-30T00:03:08.490+0000] {dagbag.py:532} INFO - Filling up the DagBag from /home/airflow/.local/lib/python3.7/site-packages/airflow/example_dags/tutorial.py
[2023-03-30T00:03:08.509+0000] {processor.py:753} INFO - DAG(s) dict_keys(['tutorial']) retrieved from /home/airflow/.local/lib/python3.7/site-packages/airflow/example_dags/tutorial.py
[2023-03-30T00:03:08.550+0000] {logging_mixin.py:137} INFO - [2023-03-30T00:03:08.550+0000] {dag.py:2693} INFO - Sync 1 DAGs
[2023-03-30T00:03:08.590+0000] {logging_mixin.py:137} INFO - [2023-03-30T00:03:08.590+0000] {dag.py:3444} INFO - Setting next_dagrun for tutorial to 2023-03-29T00:03:08.590159+00:00, run_after=2023-03-30T00:03:08.590159+00:00
[2023-03-30T00:03:08.612+0000] {processor.py:175} INFO - Processing /home/airflow/.local/lib/python3.7/site-packages/airflow/example_dags/tutorial.py took 0.132 seconds
[2023-03-30T00:03:39.646+0000] {processor.py:153} INFO - Started process (PID=675) to work on /home/airflow/.local/lib/python3.7/site-packages/airflow/example_dags/tutorial.py
[2023-03-30T00:03:39.647+0000] {processor.py:743} INFO - Processing file /home/airflow/.local/lib/python3.7/site-packages/airflow/example_dags/tutorial.py for tasks to queue
[2023-03-30T00:03:39.648+0000] {logging_mixin.py:137} INFO - [2023-03-30T00:03:39.647+0000] {dagbag.py:532} INFO - Filling up the DagBag from /home/airflow/.local/lib/python3.7/site-packages/airflow/example_dags/tutorial.py
[2023-03-30T00:03:39.694+0000] {processor.py:753} INFO - DAG(s) dict_keys(['tutorial']) retrieved from /home/airflow/.local/lib/python3.7/site-packages/airflow/example_dags/tutorial.py
[2023-03-30T00:03:39.747+0000] {logging_mixin.py:137} INFO - [2023-03-30T00:03:39.747+0000] {dag.py:2693} INFO - Sync 1 DAGs
[2023-03-30T00:03:39.807+0000] {logging_mixin.py:137} INFO - [2023-03-30T00:03:39.807+0000] {dag.py:3444} INFO - Setting next_dagrun for tutorial to 2023-03-29T00:03:39.806878+00:00, run_after=2023-03-30T00:03:39.806878+00:00
[2023-03-30T00:03:39.849+0000] {processor.py:175} INFO - Processing /home/airflow/.local/lib/python3.7/site-packages/airflow/example_dags/tutorial.py took 0.215 seconds
[2023-03-30T00:04:10.859+0000] {processor.py:153} INFO - Started process (PID=725) to work on /home/airflow/.local/lib/python3.7/site-packages/airflow/example_dags/tutorial.py
[2023-03-30T00:04:10.860+0000] {processor.py:743} INFO - Processing file /home/airflow/.local/lib/python3.7/site-packages/airflow/example_dags/tutorial.py for tasks to queue
[2023-03-30T00:04:10.861+0000] {logging_mixin.py:137} INFO - [2023-03-30T00:04:10.861+0000] {dagbag.py:532} INFO - Filling up the DagBag from /home/airflow/.local/lib/python3.7/site-packages/airflow/example_dags/tutorial.py
[2023-03-30T00:04:10.879+0000] {processor.py:753} INFO - DAG(s) dict_keys(['tutorial']) retrieved from /home/airflow/.local/lib/python3.7/site-packages/airflow/example_dags/tutorial.py
[2023-03-30T00:04:10.914+0000] {logging_mixin.py:137} INFO - [2023-03-30T00:04:10.914+0000] {dag.py:2693} INFO - Sync 1 DAGs
[2023-03-30T00:04:10.947+0000] {logging_mixin.py:137} INFO - [2023-03-30T00:04:10.947+0000] {dag.py:3444} INFO - Setting next_dagrun for tutorial to 2023-03-29T00:04:10.946817+00:00, run_after=2023-03-30T00:04:10.946817+00:00
[2023-03-30T00:04:10.968+0000] {processor.py:175} INFO - Processing /home/airflow/.local/lib/python3.7/site-packages/airflow/example_dags/tutorial.py took 0.113 seconds
[2023-03-30T00:04:41.390+0000] {processor.py:153} INFO - Started process (PID=776) to work on /home/airflow/.local/lib/python3.7/site-packages/airflow/example_dags/tutorial.py
[2023-03-30T00:04:41.395+0000] {processor.py:743} INFO - Processing file /home/airflow/.local/lib/python3.7/site-packages/airflow/example_dags/tutorial.py for tasks to queue
[2023-03-30T00:04:41.398+0000] {logging_mixin.py:137} INFO - [2023-03-30T00:04:41.398+0000] {dagbag.py:532} INFO - Filling up the DagBag from /home/airflow/.local/lib/python3.7/site-packages/airflow/example_dags/tutorial.py
[2023-03-30T00:04:41.418+0000] {processor.py:753} INFO - DAG(s) dict_keys(['tutorial']) retrieved from /home/airflow/.local/lib/python3.7/site-packages/airflow/example_dags/tutorial.py
[2023-03-30T00:04:41.454+0000] {logging_mixin.py:137} INFO - [2023-03-30T00:04:41.454+0000] {dag.py:2693} INFO - Sync 1 DAGs
[2023-03-30T00:04:41.490+0000] {logging_mixin.py:137} INFO - [2023-03-30T00:04:41.490+0000] {dag.py:3444} INFO - Setting next_dagrun for tutorial to 2023-03-29T00:04:41.490212+00:00, run_after=2023-03-30T00:04:41.490212+00:00
[2023-03-30T00:04:41.514+0000] {processor.py:175} INFO - Processing /home/airflow/.local/lib/python3.7/site-packages/airflow/example_dags/tutorial.py took 0.132 seconds
[2023-03-30T00:05:11.658+0000] {processor.py:153} INFO - Started process (PID=826) to work on /home/airflow/.local/lib/python3.7/site-packages/airflow/example_dags/tutorial.py
[2023-03-30T00:05:11.659+0000] {processor.py:743} INFO - Processing file /home/airflow/.local/lib/python3.7/site-packages/airflow/example_dags/tutorial.py for tasks to queue
[2023-03-30T00:05:11.659+0000] {logging_mixin.py:137} INFO - [2023-03-30T00:05:11.659+0000] {dagbag.py:532} INFO - Filling up the DagBag from /home/airflow/.local/lib/python3.7/site-packages/airflow/example_dags/tutorial.py
[2023-03-30T00:05:11.678+0000] {processor.py:753} INFO - DAG(s) dict_keys(['tutorial']) retrieved from /home/airflow/.local/lib/python3.7/site-packages/airflow/example_dags/tutorial.py
[2023-03-30T00:05:11.712+0000] {logging_mixin.py:137} INFO - [2023-03-30T00:05:11.712+0000] {dag.py:2693} INFO - Sync 1 DAGs
[2023-03-30T00:05:11.746+0000] {logging_mixin.py:137} INFO - [2023-03-30T00:05:11.746+0000] {dag.py:3444} INFO - Setting next_dagrun for tutorial to 2023-03-29T00:05:11.745875+00:00, run_after=2023-03-30T00:05:11.745875+00:00
[2023-03-30T00:05:11.767+0000] {processor.py:175} INFO - Processing /home/airflow/.local/lib/python3.7/site-packages/airflow/example_dags/tutorial.py took 0.114 seconds
[2023-03-30T00:05:41.922+0000] {processor.py:153} INFO - Started process (PID=876) to work on /home/airflow/.local/lib/python3.7/site-packages/airflow/example_dags/tutorial.py
[2023-03-30T00:05:41.923+0000] {processor.py:743} INFO - Processing file /home/airflow/.local/lib/python3.7/site-packages/airflow/example_dags/tutorial.py for tasks to queue
[2023-03-30T00:05:41.924+0000] {logging_mixin.py:137} INFO - [2023-03-30T00:05:41.924+0000] {dagbag.py:532} INFO - Filling up the DagBag from /home/airflow/.local/lib/python3.7/site-packages/airflow/example_dags/tutorial.py
[2023-03-30T00:05:41.944+0000] {processor.py:753} INFO - DAG(s) dict_keys(['tutorial']) retrieved from /home/airflow/.local/lib/python3.7/site-packages/airflow/example_dags/tutorial.py
[2023-03-30T00:05:41.978+0000] {logging_mixin.py:137} INFO - [2023-03-30T00:05:41.977+0000] {dag.py:2693} INFO - Sync 1 DAGs
[2023-03-30T00:05:42.012+0000] {logging_mixin.py:137} INFO - [2023-03-30T00:05:42.012+0000] {dag.py:3444} INFO - Setting next_dagrun for tutorial to 2023-03-29T00:05:42.011747+00:00, run_after=2023-03-30T00:05:42.011747+00:00
[2023-03-30T00:05:42.033+0000] {processor.py:175} INFO - Processing /home/airflow/.local/lib/python3.7/site-packages/airflow/example_dags/tutorial.py took 0.115 seconds
[2023-03-30T00:06:12.184+0000] {processor.py:153} INFO - Started process (PID=925) to work on /home/airflow/.local/lib/python3.7/site-packages/airflow/example_dags/tutorial.py
[2023-03-30T00:06:12.185+0000] {processor.py:743} INFO - Processing file /home/airflow/.local/lib/python3.7/site-packages/airflow/example_dags/tutorial.py for tasks to queue
[2023-03-30T00:06:12.186+0000] {logging_mixin.py:137} INFO - [2023-03-30T00:06:12.186+0000] {dagbag.py:532} INFO - Filling up the DagBag from /home/airflow/.local/lib/python3.7/site-packages/airflow/example_dags/tutorial.py
[2023-03-30T00:06:12.208+0000] {processor.py:753} INFO - DAG(s) dict_keys(['tutorial']) retrieved from /home/airflow/.local/lib/python3.7/site-packages/airflow/example_dags/tutorial.py
[2023-03-30T00:06:12.246+0000] {logging_mixin.py:137} INFO - [2023-03-30T00:06:12.246+0000] {dag.py:2693} INFO - Sync 1 DAGs
[2023-03-30T00:06:12.279+0000] {logging_mixin.py:137} INFO - [2023-03-30T00:06:12.279+0000] {dag.py:3444} INFO - Setting next_dagrun for tutorial to 2023-03-29T00:06:12.278973+00:00, run_after=2023-03-30T00:06:12.278973+00:00
[2023-03-30T00:06:12.308+0000] {processor.py:175} INFO - Processing /home/airflow/.local/lib/python3.7/site-packages/airflow/example_dags/tutorial.py took 0.128 seconds
[2023-03-30T00:06:42.583+0000] {processor.py:153} INFO - Started process (PID=975) to work on /home/airflow/.local/lib/python3.7/site-packages/airflow/example_dags/tutorial.py
[2023-03-30T00:06:42.584+0000] {processor.py:743} INFO - Processing file /home/airflow/.local/lib/python3.7/site-packages/airflow/example_dags/tutorial.py for tasks to queue
[2023-03-30T00:06:42.585+0000] {logging_mixin.py:137} INFO - [2023-03-30T00:06:42.585+0000] {dagbag.py:532} INFO - Filling up the DagBag from /home/airflow/.local/lib/python3.7/site-packages/airflow/example_dags/tutorial.py
[2023-03-30T00:06:42.603+0000] {processor.py:753} INFO - DAG(s) dict_keys(['tutorial']) retrieved from /home/airflow/.local/lib/python3.7/site-packages/airflow/example_dags/tutorial.py
[2023-03-30T00:06:42.643+0000] {logging_mixin.py:137} INFO - [2023-03-30T00:06:42.643+0000] {dag.py:2693} INFO - Sync 1 DAGs
[2023-03-30T00:06:42.678+0000] {logging_mixin.py:137} INFO - [2023-03-30T00:06:42.678+0000] {dag.py:3444} INFO - Setting next_dagrun for tutorial to 2023-03-29T00:06:42.678122+00:00, run_after=2023-03-30T00:06:42.678122+00:00
[2023-03-30T00:06:42.701+0000] {processor.py:175} INFO - Processing /home/airflow/.local/lib/python3.7/site-packages/airflow/example_dags/tutorial.py took 0.123 seconds
[2023-03-30T00:07:13.138+0000] {processor.py:153} INFO - Started process (PID=1025) to work on /home/airflow/.local/lib/python3.7/site-packages/airflow/example_dags/tutorial.py
[2023-03-30T00:07:13.139+0000] {processor.py:743} INFO - Processing file /home/airflow/.local/lib/python3.7/site-packages/airflow/example_dags/tutorial.py for tasks to queue
[2023-03-30T00:07:13.140+0000] {logging_mixin.py:137} INFO - [2023-03-30T00:07:13.140+0000] {dagbag.py:532} INFO - Filling up the DagBag from /home/airflow/.local/lib/python3.7/site-packages/airflow/example_dags/tutorial.py
[2023-03-30T00:07:13.159+0000] {processor.py:753} INFO - DAG(s) dict_keys(['tutorial']) retrieved from /home/airflow/.local/lib/python3.7/site-packages/airflow/example_dags/tutorial.py
[2023-03-30T00:07:13.197+0000] {logging_mixin.py:137} INFO - [2023-03-30T00:07:13.197+0000] {dag.py:2693} INFO - Sync 1 DAGs
[2023-03-30T00:07:13.232+0000] {logging_mixin.py:137} INFO - [2023-03-30T00:07:13.231+0000] {dag.py:3444} INFO - Setting next_dagrun for tutorial to 2023-03-29T00:07:13.231650+00:00, run_after=2023-03-30T00:07:13.231650+00:00
[2023-03-30T00:07:13.254+0000] {processor.py:175} INFO - Processing /home/airflow/.local/lib/python3.7/site-packages/airflow/example_dags/tutorial.py took 0.120 seconds
[2023-03-30T00:07:43.526+0000] {processor.py:153} INFO - Started process (PID=1075) to work on /home/airflow/.local/lib/python3.7/site-packages/airflow/example_dags/tutorial.py
[2023-03-30T00:07:43.527+0000] {processor.py:743} INFO - Processing file /home/airflow/.local/lib/python3.7/site-packages/airflow/example_dags/tutorial.py for tasks to queue
[2023-03-30T00:07:43.528+0000] {logging_mixin.py:137} INFO - [2023-03-30T00:07:43.528+0000] {dagbag.py:532} INFO - Filling up the DagBag from /home/airflow/.local/lib/python3.7/site-packages/airflow/example_dags/tutorial.py
[2023-03-30T00:07:43.546+0000] {processor.py:753} INFO - DAG(s) dict_keys(['tutorial']) retrieved from /home/airflow/.local/lib/python3.7/site-packages/airflow/example_dags/tutorial.py
[2023-03-30T00:07:43.580+0000] {logging_mixin.py:137} INFO - [2023-03-30T00:07:43.580+0000] {dag.py:2693} INFO - Sync 1 DAGs
[2023-03-30T00:07:43.614+0000] {logging_mixin.py:137} INFO - [2023-03-30T00:07:43.613+0000] {dag.py:3444} INFO - Setting next_dagrun for tutorial to 2023-03-29T00:07:43.613567+00:00, run_after=2023-03-30T00:07:43.613567+00:00
[2023-03-30T00:07:43.634+0000] {processor.py:175} INFO - Processing /home/airflow/.local/lib/python3.7/site-packages/airflow/example_dags/tutorial.py took 0.113 seconds
[2023-03-30T00:08:14.131+0000] {processor.py:153} INFO - Started process (PID=1125) to work on /home/airflow/.local/lib/python3.7/site-packages/airflow/example_dags/tutorial.py
[2023-03-30T00:08:14.132+0000] {processor.py:743} INFO - Processing file /home/airflow/.local/lib/python3.7/site-packages/airflow/example_dags/tutorial.py for tasks to queue
[2023-03-30T00:08:14.132+0000] {logging_mixin.py:137} INFO - [2023-03-30T00:08:14.132+0000] {dagbag.py:532} INFO - Filling up the DagBag from /home/airflow/.local/lib/python3.7/site-packages/airflow/example_dags/tutorial.py
[2023-03-30T00:08:14.150+0000] {processor.py:753} INFO - DAG(s) dict_keys(['tutorial']) retrieved from /home/airflow/.local/lib/python3.7/site-packages/airflow/example_dags/tutorial.py
[2023-03-30T00:08:14.182+0000] {logging_mixin.py:137} INFO - [2023-03-30T00:08:14.181+0000] {dag.py:2693} INFO - Sync 1 DAGs
[2023-03-30T00:08:14.217+0000] {logging_mixin.py:137} INFO - [2023-03-30T00:08:14.217+0000] {dag.py:3444} INFO - Setting next_dagrun for tutorial to 2023-03-29T00:08:14.216855+00:00, run_after=2023-03-30T00:08:14.216855+00:00
[2023-03-30T00:08:14.239+0000] {processor.py:175} INFO - Processing /home/airflow/.local/lib/python3.7/site-packages/airflow/example_dags/tutorial.py took 0.113 seconds
[2023-03-30T00:08:44.864+0000] {processor.py:153} INFO - Started process (PID=1175) to work on /home/airflow/.local/lib/python3.7/site-packages/airflow/example_dags/tutorial.py
[2023-03-30T00:08:44.865+0000] {processor.py:743} INFO - Processing file /home/airflow/.local/lib/python3.7/site-packages/airflow/example_dags/tutorial.py for tasks to queue
[2023-03-30T00:08:44.866+0000] {logging_mixin.py:137} INFO - [2023-03-30T00:08:44.866+0000] {dagbag.py:532} INFO - Filling up the DagBag from /home/airflow/.local/lib/python3.7/site-packages/airflow/example_dags/tutorial.py
[2023-03-30T00:08:44.884+0000] {processor.py:753} INFO - DAG(s) dict_keys(['tutorial']) retrieved from /home/airflow/.local/lib/python3.7/site-packages/airflow/example_dags/tutorial.py
[2023-03-30T00:08:44.921+0000] {logging_mixin.py:137} INFO - [2023-03-30T00:08:44.920+0000] {dag.py:2693} INFO - Sync 1 DAGs
[2023-03-30T00:08:44.960+0000] {logging_mixin.py:137} INFO - [2023-03-30T00:08:44.960+0000] {dag.py:3444} INFO - Setting next_dagrun for tutorial to 2023-03-29T00:08:44.960076+00:00, run_after=2023-03-30T00:08:44.960076+00:00
[2023-03-30T00:08:44.986+0000] {processor.py:175} INFO - Processing /home/airflow/.local/lib/python3.7/site-packages/airflow/example_dags/tutorial.py took 0.126 seconds
[2023-03-30T00:09:15.650+0000] {processor.py:153} INFO - Started process (PID=1225) to work on /home/airflow/.local/lib/python3.7/site-packages/airflow/example_dags/tutorial.py
[2023-03-30T00:09:15.651+0000] {processor.py:743} INFO - Processing file /home/airflow/.local/lib/python3.7/site-packages/airflow/example_dags/tutorial.py for tasks to queue
[2023-03-30T00:09:15.651+0000] {logging_mixin.py:137} INFO - [2023-03-30T00:09:15.651+0000] {dagbag.py:532} INFO - Filling up the DagBag from /home/airflow/.local/lib/python3.7/site-packages/airflow/example_dags/tutorial.py
[2023-03-30T00:09:15.669+0000] {processor.py:753} INFO - DAG(s) dict_keys(['tutorial']) retrieved from /home/airflow/.local/lib/python3.7/site-packages/airflow/example_dags/tutorial.py
[2023-03-30T00:09:15.702+0000] {logging_mixin.py:137} INFO - [2023-03-30T00:09:15.702+0000] {dag.py:2693} INFO - Sync 1 DAGs
[2023-03-30T00:09:15.735+0000] {logging_mixin.py:137} INFO - [2023-03-30T00:09:15.735+0000] {dag.py:3444} INFO - Setting next_dagrun for tutorial to 2023-03-29T00:09:15.735161+00:00, run_after=2023-03-30T00:09:15.735161+00:00
[2023-03-30T00:09:15.758+0000] {processor.py:175} INFO - Processing /home/airflow/.local/lib/python3.7/site-packages/airflow/example_dags/tutorial.py took 0.113 seconds
[2023-03-30T00:09:46.865+0000] {processor.py:153} INFO - Started process (PID=1274) to work on /home/airflow/.local/lib/python3.7/site-packages/airflow/example_dags/tutorial.py
[2023-03-30T00:09:46.870+0000] {processor.py:743} INFO - Processing file /home/airflow/.local/lib/python3.7/site-packages/airflow/example_dags/tutorial.py for tasks to queue
[2023-03-30T00:09:46.870+0000] {logging_mixin.py:137} INFO - [2023-03-30T00:09:46.870+0000] {dagbag.py:532} INFO - Filling up the DagBag from /home/airflow/.local/lib/python3.7/site-packages/airflow/example_dags/tutorial.py
[2023-03-30T00:09:46.901+0000] {processor.py:753} INFO - DAG(s) dict_keys(['tutorial']) retrieved from /home/airflow/.local/lib/python3.7/site-packages/airflow/example_dags/tutorial.py
[2023-03-30T00:09:46.964+0000] {logging_mixin.py:137} INFO - [2023-03-30T00:09:46.963+0000] {dag.py:2693} INFO - Sync 1 DAGs
[2023-03-30T00:09:47.030+0000] {logging_mixin.py:137} INFO - [2023-03-30T00:09:47.030+0000] {dag.py:3444} INFO - Setting next_dagrun for tutorial to 2023-03-29T00:09:47.030084+00:00, run_after=2023-03-30T00:09:47.030084+00:00
[2023-03-30T00:09:47.069+0000] {processor.py:175} INFO - Processing /home/airflow/.local/lib/python3.7/site-packages/airflow/example_dags/tutorial.py took 0.212 seconds
[2023-03-30T00:10:17.588+0000] {processor.py:153} INFO - Started process (PID=1324) to work on /home/airflow/.local/lib/python3.7/site-packages/airflow/example_dags/tutorial.py
[2023-03-30T00:10:17.590+0000] {processor.py:743} INFO - Processing file /home/airflow/.local/lib/python3.7/site-packages/airflow/example_dags/tutorial.py for tasks to queue
[2023-03-30T00:10:17.591+0000] {logging_mixin.py:137} INFO - [2023-03-30T00:10:17.591+0000] {dagbag.py:532} INFO - Filling up the DagBag from /home/airflow/.local/lib/python3.7/site-packages/airflow/example_dags/tutorial.py
[2023-03-30T00:10:17.612+0000] {processor.py:753} INFO - DAG(s) dict_keys(['tutorial']) retrieved from /home/airflow/.local/lib/python3.7/site-packages/airflow/example_dags/tutorial.py
[2023-03-30T00:10:17.646+0000] {logging_mixin.py:137} INFO - [2023-03-30T00:10:17.646+0000] {dag.py:2693} INFO - Sync 1 DAGs
[2023-03-30T00:10:17.686+0000] {logging_mixin.py:137} INFO - [2023-03-30T00:10:17.682+0000] {dag.py:3444} INFO - Setting next_dagrun for tutorial to 2023-03-29T00:10:17.682678+00:00, run_after=2023-03-30T00:10:17.682678+00:00
[2023-03-30T00:10:17.707+0000] {processor.py:175} INFO - Processing /home/airflow/.local/lib/python3.7/site-packages/airflow/example_dags/tutorial.py took 0.127 seconds
[2023-03-30T00:10:48.377+0000] {processor.py:153} INFO - Started process (PID=1373) to work on /home/airflow/.local/lib/python3.7/site-packages/airflow/example_dags/tutorial.py
[2023-03-30T00:10:48.378+0000] {processor.py:743} INFO - Processing file /home/airflow/.local/lib/python3.7/site-packages/airflow/example_dags/tutorial.py for tasks to queue
[2023-03-30T00:10:48.379+0000] {logging_mixin.py:137} INFO - [2023-03-30T00:10:48.379+0000] {dagbag.py:532} INFO - Filling up the DagBag from /home/airflow/.local/lib/python3.7/site-packages/airflow/example_dags/tutorial.py
[2023-03-30T00:10:48.398+0000] {processor.py:753} INFO - DAG(s) dict_keys(['tutorial']) retrieved from /home/airflow/.local/lib/python3.7/site-packages/airflow/example_dags/tutorial.py
[2023-03-30T00:10:48.432+0000] {logging_mixin.py:137} INFO - [2023-03-30T00:10:48.432+0000] {dag.py:2693} INFO - Sync 1 DAGs
[2023-03-30T00:10:48.469+0000] {logging_mixin.py:137} INFO - [2023-03-30T00:10:48.468+0000] {dag.py:3444} INFO - Setting next_dagrun for tutorial to 2023-03-29T00:10:48.468641+00:00, run_after=2023-03-30T00:10:48.468641+00:00
[2023-03-30T00:10:48.491+0000] {processor.py:175} INFO - Processing /home/airflow/.local/lib/python3.7/site-packages/airflow/example_dags/tutorial.py took 0.118 seconds
[2023-03-30T00:11:18.954+0000] {processor.py:153} INFO - Started process (PID=1423) to work on /home/airflow/.local/lib/python3.7/site-packages/airflow/example_dags/tutorial.py
[2023-03-30T00:11:18.955+0000] {processor.py:743} INFO - Processing file /home/airflow/.local/lib/python3.7/site-packages/airflow/example_dags/tutorial.py for tasks to queue
[2023-03-30T00:11:18.956+0000] {logging_mixin.py:137} INFO - [2023-03-30T00:11:18.956+0000] {dagbag.py:532} INFO - Filling up the DagBag from /home/airflow/.local/lib/python3.7/site-packages/airflow/example_dags/tutorial.py
[2023-03-30T00:11:19.012+0000] {processor.py:753} INFO - DAG(s) dict_keys(['tutorial']) retrieved from /home/airflow/.local/lib/python3.7/site-packages/airflow/example_dags/tutorial.py
[2023-03-30T00:11:19.078+0000] {logging_mixin.py:137} INFO - [2023-03-30T00:11:19.077+0000] {dag.py:2693} INFO - Sync 1 DAGs
[2023-03-30T00:11:19.143+0000] {logging_mixin.py:137} INFO - [2023-03-30T00:11:19.143+0000] {dag.py:3444} INFO - Setting next_dagrun for tutorial to 2023-03-29T00:11:19.143379+00:00, run_after=2023-03-30T00:11:19.143379+00:00
[2023-03-30T00:11:19.186+0000] {processor.py:175} INFO - Processing /home/airflow/.local/lib/python3.7/site-packages/airflow/example_dags/tutorial.py took 0.242 seconds
[2023-03-30T00:11:49.414+0000] {processor.py:153} INFO - Started process (PID=1474) to work on /home/airflow/.local/lib/python3.7/site-packages/airflow/example_dags/tutorial.py
[2023-03-30T00:11:49.416+0000] {processor.py:743} INFO - Processing file /home/airflow/.local/lib/python3.7/site-packages/airflow/example_dags/tutorial.py for tasks to queue
[2023-03-30T00:11:49.416+0000] {logging_mixin.py:137} INFO - [2023-03-30T00:11:49.416+0000] {dagbag.py:532} INFO - Filling up the DagBag from /home/airflow/.local/lib/python3.7/site-packages/airflow/example_dags/tutorial.py
[2023-03-30T00:11:49.435+0000] {processor.py:753} INFO - DAG(s) dict_keys(['tutorial']) retrieved from /home/airflow/.local/lib/python3.7/site-packages/airflow/example_dags/tutorial.py
[2023-03-30T00:11:49.468+0000] {logging_mixin.py:137} INFO - [2023-03-30T00:11:49.468+0000] {dag.py:2693} INFO - Sync 1 DAGs
[2023-03-30T00:11:49.500+0000] {logging_mixin.py:137} INFO - [2023-03-30T00:11:49.500+0000] {dag.py:3444} INFO - Setting next_dagrun for tutorial to 2023-03-29T00:11:49.500176+00:00, run_after=2023-03-30T00:11:49.500176+00:00
[2023-03-30T00:11:49.523+0000] {processor.py:175} INFO - Processing /home/airflow/.local/lib/python3.7/site-packages/airflow/example_dags/tutorial.py took 0.112 seconds
[2023-03-30T00:12:19.804+0000] {processor.py:153} INFO - Started process (PID=1523) to work on /home/airflow/.local/lib/python3.7/site-packages/airflow/example_dags/tutorial.py
[2023-03-30T00:12:19.805+0000] {processor.py:743} INFO - Processing file /home/airflow/.local/lib/python3.7/site-packages/airflow/example_dags/tutorial.py for tasks to queue
[2023-03-30T00:12:19.806+0000] {logging_mixin.py:137} INFO - [2023-03-30T00:12:19.806+0000] {dagbag.py:532} INFO - Filling up the DagBag from /home/airflow/.local/lib/python3.7/site-packages/airflow/example_dags/tutorial.py
[2023-03-30T00:12:19.824+0000] {processor.py:753} INFO - DAG(s) dict_keys(['tutorial']) retrieved from /home/airflow/.local/lib/python3.7/site-packages/airflow/example_dags/tutorial.py
[2023-03-30T00:12:19.857+0000] {logging_mixin.py:137} INFO - [2023-03-30T00:12:19.857+0000] {dag.py:2693} INFO - Sync 1 DAGs
[2023-03-30T00:12:19.891+0000] {logging_mixin.py:137} INFO - [2023-03-30T00:12:19.891+0000] {dag.py:3444} INFO - Setting next_dagrun for tutorial to 2023-03-29T00:12:19.890893+00:00, run_after=2023-03-30T00:12:19.890893+00:00
[2023-03-30T00:12:19.913+0000] {processor.py:175} INFO - Processing /home/airflow/.local/lib/python3.7/site-packages/airflow/example_dags/tutorial.py took 0.113 seconds
[2023-03-30T00:12:50.767+0000] {processor.py:153} INFO - Started process (PID=1574) to work on /home/airflow/.local/lib/python3.7/site-packages/airflow/example_dags/tutorial.py
[2023-03-30T00:12:50.769+0000] {processor.py:743} INFO - Processing file /home/airflow/.local/lib/python3.7/site-packages/airflow/example_dags/tutorial.py for tasks to queue
[2023-03-30T00:12:50.770+0000] {logging_mixin.py:137} INFO - [2023-03-30T00:12:50.770+0000] {dagbag.py:532} INFO - Filling up the DagBag from /home/airflow/.local/lib/python3.7/site-packages/airflow/example_dags/tutorial.py
[2023-03-30T00:12:50.797+0000] {processor.py:753} INFO - DAG(s) dict_keys(['tutorial']) retrieved from /home/airflow/.local/lib/python3.7/site-packages/airflow/example_dags/tutorial.py
[2023-03-30T00:12:50.833+0000] {logging_mixin.py:137} INFO - [2023-03-30T00:12:50.833+0000] {dag.py:2693} INFO - Sync 1 DAGs
[2023-03-30T00:12:50.868+0000] {logging_mixin.py:137} INFO - [2023-03-30T00:12:50.868+0000] {dag.py:3444} INFO - Setting next_dagrun for tutorial to 2023-03-29T00:12:50.867923+00:00, run_after=2023-03-30T00:12:50.867923+00:00
[2023-03-30T00:12:50.890+0000] {processor.py:175} INFO - Processing /home/airflow/.local/lib/python3.7/site-packages/airflow/example_dags/tutorial.py took 0.128 seconds
[2023-03-30T00:13:21.457+0000] {processor.py:153} INFO - Started process (PID=1624) to work on /home/airflow/.local/lib/python3.7/site-packages/airflow/example_dags/tutorial.py
[2023-03-30T00:13:21.458+0000] {processor.py:743} INFO - Processing file /home/airflow/.local/lib/python3.7/site-packages/airflow/example_dags/tutorial.py for tasks to queue
[2023-03-30T00:13:21.459+0000] {logging_mixin.py:137} INFO - [2023-03-30T00:13:21.458+0000] {dagbag.py:532} INFO - Filling up the DagBag from /home/airflow/.local/lib/python3.7/site-packages/airflow/example_dags/tutorial.py
[2023-03-30T00:13:21.480+0000] {processor.py:753} INFO - DAG(s) dict_keys(['tutorial']) retrieved from /home/airflow/.local/lib/python3.7/site-packages/airflow/example_dags/tutorial.py
[2023-03-30T00:13:21.521+0000] {logging_mixin.py:137} INFO - [2023-03-30T00:13:21.520+0000] {dag.py:2693} INFO - Sync 1 DAGs
[2023-03-30T00:13:21.561+0000] {logging_mixin.py:137} INFO - [2023-03-30T00:13:21.561+0000] {dag.py:3444} INFO - Setting next_dagrun for tutorial to 2023-03-29T00:13:21.560909+00:00, run_after=2023-03-30T00:13:21.560909+00:00
[2023-03-30T00:13:21.583+0000] {processor.py:175} INFO - Processing /home/airflow/.local/lib/python3.7/site-packages/airflow/example_dags/tutorial.py took 0.130 seconds
[2023-03-30T00:13:52.411+0000] {processor.py:153} INFO - Started process (PID=1674) to work on /home/airflow/.local/lib/python3.7/site-packages/airflow/example_dags/tutorial.py
[2023-03-30T00:13:52.412+0000] {processor.py:743} INFO - Processing file /home/airflow/.local/lib/python3.7/site-packages/airflow/example_dags/tutorial.py for tasks to queue
[2023-03-30T00:13:52.413+0000] {logging_mixin.py:137} INFO - [2023-03-30T00:13:52.413+0000] {dagbag.py:532} INFO - Filling up the DagBag from /home/airflow/.local/lib/python3.7/site-packages/airflow/example_dags/tutorial.py
[2023-03-30T00:13:52.431+0000] {processor.py:753} INFO - DAG(s) dict_keys(['tutorial']) retrieved from /home/airflow/.local/lib/python3.7/site-packages/airflow/example_dags/tutorial.py
[2023-03-30T00:13:52.463+0000] {logging_mixin.py:137} INFO - [2023-03-30T00:13:52.463+0000] {dag.py:2693} INFO - Sync 1 DAGs
[2023-03-30T00:13:52.500+0000] {logging_mixin.py:137} INFO - [2023-03-30T00:13:52.499+0000] {dag.py:3444} INFO - Setting next_dagrun for tutorial to 2023-03-29T00:13:52.499676+00:00, run_after=2023-03-30T00:13:52.499676+00:00
[2023-03-30T00:13:52.522+0000] {processor.py:175} INFO - Processing /home/airflow/.local/lib/python3.7/site-packages/airflow/example_dags/tutorial.py took 0.115 seconds
[2023-03-30T00:14:22.923+0000] {processor.py:153} INFO - Started process (PID=1724) to work on /home/airflow/.local/lib/python3.7/site-packages/airflow/example_dags/tutorial.py
[2023-03-30T00:14:22.924+0000] {processor.py:743} INFO - Processing file /home/airflow/.local/lib/python3.7/site-packages/airflow/example_dags/tutorial.py for tasks to queue
[2023-03-30T00:14:22.925+0000] {logging_mixin.py:137} INFO - [2023-03-30T00:14:22.925+0000] {dagbag.py:532} INFO - Filling up the DagBag from /home/airflow/.local/lib/python3.7/site-packages/airflow/example_dags/tutorial.py
[2023-03-30T00:14:22.948+0000] {processor.py:753} INFO - DAG(s) dict_keys(['tutorial']) retrieved from /home/airflow/.local/lib/python3.7/site-packages/airflow/example_dags/tutorial.py
[2023-03-30T00:14:22.988+0000] {logging_mixin.py:137} INFO - [2023-03-30T00:14:22.988+0000] {dag.py:2693} INFO - Sync 1 DAGs
[2023-03-30T00:14:23.023+0000] {logging_mixin.py:137} INFO - [2023-03-30T00:14:23.022+0000] {dag.py:3444} INFO - Setting next_dagrun for tutorial to 2023-03-29T00:14:23.022606+00:00, run_after=2023-03-30T00:14:23.022606+00:00
[2023-03-30T00:14:23.045+0000] {processor.py:175} INFO - Processing /home/airflow/.local/lib/python3.7/site-packages/airflow/example_dags/tutorial.py took 0.126 seconds
[2023-03-30T00:14:53.526+0000] {processor.py:153} INFO - Started process (PID=1774) to work on /home/airflow/.local/lib/python3.7/site-packages/airflow/example_dags/tutorial.py
[2023-03-30T00:14:53.527+0000] {processor.py:743} INFO - Processing file /home/airflow/.local/lib/python3.7/site-packages/airflow/example_dags/tutorial.py for tasks to queue
[2023-03-30T00:14:53.528+0000] {logging_mixin.py:137} INFO - [2023-03-30T00:14:53.528+0000] {dagbag.py:532} INFO - Filling up the DagBag from /home/airflow/.local/lib/python3.7/site-packages/airflow/example_dags/tutorial.py
[2023-03-30T00:14:53.546+0000] {processor.py:753} INFO - DAG(s) dict_keys(['tutorial']) retrieved from /home/airflow/.local/lib/python3.7/site-packages/airflow/example_dags/tutorial.py
[2023-03-30T00:14:53.583+0000] {logging_mixin.py:137} INFO - [2023-03-30T00:14:53.583+0000] {dag.py:2693} INFO - Sync 1 DAGs
[2023-03-30T00:14:53.617+0000] {logging_mixin.py:137} INFO - [2023-03-30T00:14:53.616+0000] {dag.py:3444} INFO - Setting next_dagrun for tutorial to 2023-03-29T00:14:53.616497+00:00, run_after=2023-03-30T00:14:53.616497+00:00
[2023-03-30T00:14:53.639+0000] {processor.py:175} INFO - Processing /home/airflow/.local/lib/python3.7/site-packages/airflow/example_dags/tutorial.py took 0.118 seconds
[2023-03-30T00:15:24.059+0000] {processor.py:153} INFO - Started process (PID=1824) to work on /home/airflow/.local/lib/python3.7/site-packages/airflow/example_dags/tutorial.py
[2023-03-30T00:15:24.060+0000] {processor.py:743} INFO - Processing file /home/airflow/.local/lib/python3.7/site-packages/airflow/example_dags/tutorial.py for tasks to queue
[2023-03-30T00:15:24.061+0000] {logging_mixin.py:137} INFO - [2023-03-30T00:15:24.061+0000] {dagbag.py:532} INFO - Filling up the DagBag from /home/airflow/.local/lib/python3.7/site-packages/airflow/example_dags/tutorial.py
[2023-03-30T00:15:24.080+0000] {processor.py:753} INFO - DAG(s) dict_keys(['tutorial']) retrieved from /home/airflow/.local/lib/python3.7/site-packages/airflow/example_dags/tutorial.py
[2023-03-30T00:15:24.117+0000] {logging_mixin.py:137} INFO - [2023-03-30T00:15:24.117+0000] {dag.py:2693} INFO - Sync 1 DAGs
[2023-03-30T00:15:24.150+0000] {logging_mixin.py:137} INFO - [2023-03-30T00:15:24.150+0000] {dag.py:3444} INFO - Setting next_dagrun for tutorial to 2023-03-29T00:15:24.149816+00:00, run_after=2023-03-30T00:15:24.149816+00:00
[2023-03-30T00:15:24.179+0000] {processor.py:175} INFO - Processing /home/airflow/.local/lib/python3.7/site-packages/airflow/example_dags/tutorial.py took 0.125 seconds
[2023-03-30T00:15:55.211+0000] {processor.py:153} INFO - Started process (PID=1880) to work on /home/airflow/.local/lib/python3.7/site-packages/airflow/example_dags/tutorial.py
[2023-03-30T00:15:55.213+0000] {processor.py:743} INFO - Processing file /home/airflow/.local/lib/python3.7/site-packages/airflow/example_dags/tutorial.py for tasks to queue
[2023-03-30T00:15:55.219+0000] {logging_mixin.py:137} INFO - [2023-03-30T00:15:55.219+0000] {dagbag.py:532} INFO - Filling up the DagBag from /home/airflow/.local/lib/python3.7/site-packages/airflow/example_dags/tutorial.py
[2023-03-30T00:15:55.261+0000] {processor.py:753} INFO - DAG(s) dict_keys(['tutorial']) retrieved from /home/airflow/.local/lib/python3.7/site-packages/airflow/example_dags/tutorial.py
[2023-03-30T00:15:55.335+0000] {logging_mixin.py:137} INFO - [2023-03-30T00:15:55.335+0000] {dag.py:2693} INFO - Sync 1 DAGs
[2023-03-30T00:15:55.419+0000] {logging_mixin.py:137} INFO - [2023-03-30T00:15:55.418+0000] {dag.py:3444} INFO - Setting next_dagrun for tutorial to 2023-03-29T00:15:55.418484+00:00, run_after=2023-03-30T00:15:55.418484+00:00
[2023-03-30T00:15:55.498+0000] {processor.py:175} INFO - Processing /home/airflow/.local/lib/python3.7/site-packages/airflow/example_dags/tutorial.py took 0.291 seconds
[2023-03-30T00:16:26.213+0000] {processor.py:153} INFO - Started process (PID=1930) to work on /home/airflow/.local/lib/python3.7/site-packages/airflow/example_dags/tutorial.py
[2023-03-30T00:16:26.214+0000] {processor.py:743} INFO - Processing file /home/airflow/.local/lib/python3.7/site-packages/airflow/example_dags/tutorial.py for tasks to queue
[2023-03-30T00:16:26.215+0000] {logging_mixin.py:137} INFO - [2023-03-30T00:16:26.215+0000] {dagbag.py:532} INFO - Filling up the DagBag from /home/airflow/.local/lib/python3.7/site-packages/airflow/example_dags/tutorial.py
[2023-03-30T00:16:26.232+0000] {processor.py:753} INFO - DAG(s) dict_keys(['tutorial']) retrieved from /home/airflow/.local/lib/python3.7/site-packages/airflow/example_dags/tutorial.py
[2023-03-30T00:16:26.267+0000] {logging_mixin.py:137} INFO - [2023-03-30T00:16:26.266+0000] {dag.py:2693} INFO - Sync 1 DAGs
[2023-03-30T00:16:26.343+0000] {logging_mixin.py:137} INFO - [2023-03-30T00:16:26.343+0000] {dag.py:3444} INFO - Setting next_dagrun for tutorial to 2023-03-29T00:16:26.343120+00:00, run_after=2023-03-30T00:16:26.343120+00:00
[2023-03-30T00:16:26.404+0000] {processor.py:175} INFO - Processing /home/airflow/.local/lib/python3.7/site-packages/airflow/example_dags/tutorial.py took 0.195 seconds
[2023-03-30T00:16:57.310+0000] {processor.py:153} INFO - Started process (PID=1980) to work on /home/airflow/.local/lib/python3.7/site-packages/airflow/example_dags/tutorial.py
[2023-03-30T00:16:57.311+0000] {processor.py:743} INFO - Processing file /home/airflow/.local/lib/python3.7/site-packages/airflow/example_dags/tutorial.py for tasks to queue
[2023-03-30T00:16:57.312+0000] {logging_mixin.py:137} INFO - [2023-03-30T00:16:57.312+0000] {dagbag.py:532} INFO - Filling up the DagBag from /home/airflow/.local/lib/python3.7/site-packages/airflow/example_dags/tutorial.py
[2023-03-30T00:16:57.336+0000] {processor.py:753} INFO - DAG(s) dict_keys(['tutorial']) retrieved from /home/airflow/.local/lib/python3.7/site-packages/airflow/example_dags/tutorial.py
[2023-03-30T00:16:57.375+0000] {logging_mixin.py:137} INFO - [2023-03-30T00:16:57.375+0000] {dag.py:2693} INFO - Sync 1 DAGs
[2023-03-30T00:16:57.407+0000] {logging_mixin.py:137} INFO - [2023-03-30T00:16:57.407+0000] {dag.py:3444} INFO - Setting next_dagrun for tutorial to 2023-03-29T00:16:57.407370+00:00, run_after=2023-03-30T00:16:57.407370+00:00
[2023-03-30T00:16:57.430+0000] {processor.py:175} INFO - Processing /home/airflow/.local/lib/python3.7/site-packages/airflow/example_dags/tutorial.py took 0.123 seconds
[2023-03-30T00:17:27.679+0000] {processor.py:153} INFO - Started process (PID=2030) to work on /home/airflow/.local/lib/python3.7/site-packages/airflow/example_dags/tutorial.py
[2023-03-30T00:17:27.680+0000] {processor.py:743} INFO - Processing file /home/airflow/.local/lib/python3.7/site-packages/airflow/example_dags/tutorial.py for tasks to queue
[2023-03-30T00:17:27.681+0000] {logging_mixin.py:137} INFO - [2023-03-30T00:17:27.680+0000] {dagbag.py:532} INFO - Filling up the DagBag from /home/airflow/.local/lib/python3.7/site-packages/airflow/example_dags/tutorial.py
[2023-03-30T00:17:27.723+0000] {processor.py:753} INFO - DAG(s) dict_keys(['tutorial']) retrieved from /home/airflow/.local/lib/python3.7/site-packages/airflow/example_dags/tutorial.py
[2023-03-30T00:17:27.790+0000] {logging_mixin.py:137} INFO - [2023-03-30T00:17:27.790+0000] {dag.py:2693} INFO - Sync 1 DAGs
[2023-03-30T00:17:27.854+0000] {logging_mixin.py:137} INFO - [2023-03-30T00:17:27.854+0000] {dag.py:3444} INFO - Setting next_dagrun for tutorial to 2023-03-29T00:17:27.854216+00:00, run_after=2023-03-30T00:17:27.854216+00:00
[2023-03-30T00:17:27.895+0000] {processor.py:175} INFO - Processing /home/airflow/.local/lib/python3.7/site-packages/airflow/example_dags/tutorial.py took 0.220 seconds
[2023-03-30T00:17:58.110+0000] {processor.py:153} INFO - Started process (PID=2082) to work on /home/airflow/.local/lib/python3.7/site-packages/airflow/example_dags/tutorial.py
[2023-03-30T00:17:58.111+0000] {processor.py:743} INFO - Processing file /home/airflow/.local/lib/python3.7/site-packages/airflow/example_dags/tutorial.py for tasks to queue
[2023-03-30T00:17:58.111+0000] {logging_mixin.py:137} INFO - [2023-03-30T00:17:58.111+0000] {dagbag.py:532} INFO - Filling up the DagBag from /home/airflow/.local/lib/python3.7/site-packages/airflow/example_dags/tutorial.py
[2023-03-30T00:17:58.129+0000] {processor.py:753} INFO - DAG(s) dict_keys(['tutorial']) retrieved from /home/airflow/.local/lib/python3.7/site-packages/airflow/example_dags/tutorial.py
[2023-03-30T00:17:58.166+0000] {logging_mixin.py:137} INFO - [2023-03-30T00:17:58.166+0000] {dag.py:2693} INFO - Sync 1 DAGs
[2023-03-30T00:17:58.208+0000] {logging_mixin.py:137} INFO - [2023-03-30T00:17:58.208+0000] {dag.py:3444} INFO - Setting next_dagrun for tutorial to 2023-03-29T00:17:58.208464+00:00, run_after=2023-03-30T00:17:58.208464+00:00
[2023-03-30T00:17:58.234+0000] {processor.py:175} INFO - Processing /home/airflow/.local/lib/python3.7/site-packages/airflow/example_dags/tutorial.py took 0.128 seconds
[2023-03-30T00:18:28.538+0000] {processor.py:153} INFO - Started process (PID=2132) to work on /home/airflow/.local/lib/python3.7/site-packages/airflow/example_dags/tutorial.py
[2023-03-30T00:18:28.539+0000] {processor.py:743} INFO - Processing file /home/airflow/.local/lib/python3.7/site-packages/airflow/example_dags/tutorial.py for tasks to queue
[2023-03-30T00:18:28.539+0000] {logging_mixin.py:137} INFO - [2023-03-30T00:18:28.539+0000] {dagbag.py:532} INFO - Filling up the DagBag from /home/airflow/.local/lib/python3.7/site-packages/airflow/example_dags/tutorial.py
[2023-03-30T00:18:28.558+0000] {processor.py:753} INFO - DAG(s) dict_keys(['tutorial']) retrieved from /home/airflow/.local/lib/python3.7/site-packages/airflow/example_dags/tutorial.py
[2023-03-30T00:18:28.591+0000] {logging_mixin.py:137} INFO - [2023-03-30T00:18:28.591+0000] {dag.py:2693} INFO - Sync 1 DAGs
[2023-03-30T00:18:28.626+0000] {logging_mixin.py:137} INFO - [2023-03-30T00:18:28.626+0000] {dag.py:3444} INFO - Setting next_dagrun for tutorial to 2023-03-29T00:18:28.625747+00:00, run_after=2023-03-30T00:18:28.625747+00:00
[2023-03-30T00:18:28.648+0000] {processor.py:175} INFO - Processing /home/airflow/.local/lib/python3.7/site-packages/airflow/example_dags/tutorial.py took 0.114 seconds
[2023-03-30T00:18:58.838+0000] {processor.py:153} INFO - Started process (PID=2181) to work on /home/airflow/.local/lib/python3.7/site-packages/airflow/example_dags/tutorial.py
[2023-03-30T00:18:58.839+0000] {processor.py:743} INFO - Processing file /home/airflow/.local/lib/python3.7/site-packages/airflow/example_dags/tutorial.py for tasks to queue
[2023-03-30T00:18:58.839+0000] {logging_mixin.py:137} INFO - [2023-03-30T00:18:58.839+0000] {dagbag.py:532} INFO - Filling up the DagBag from /home/airflow/.local/lib/python3.7/site-packages/airflow/example_dags/tutorial.py
[2023-03-30T00:18:58.857+0000] {processor.py:753} INFO - DAG(s) dict_keys(['tutorial']) retrieved from /home/airflow/.local/lib/python3.7/site-packages/airflow/example_dags/tutorial.py
[2023-03-30T00:18:58.892+0000] {logging_mixin.py:137} INFO - [2023-03-30T00:18:58.891+0000] {dag.py:2693} INFO - Sync 1 DAGs
[2023-03-30T00:18:58.928+0000] {logging_mixin.py:137} INFO - [2023-03-30T00:18:58.928+0000] {dag.py:3444} INFO - Setting next_dagrun for tutorial to 2023-03-29T00:18:58.928121+00:00, run_after=2023-03-30T00:18:58.928121+00:00
[2023-03-30T00:18:58.953+0000] {processor.py:175} INFO - Processing /home/airflow/.local/lib/python3.7/site-packages/airflow/example_dags/tutorial.py took 0.119 seconds
[2023-03-30T00:19:29.134+0000] {processor.py:153} INFO - Started process (PID=2232) to work on /home/airflow/.local/lib/python3.7/site-packages/airflow/example_dags/tutorial.py
[2023-03-30T00:19:29.134+0000] {processor.py:743} INFO - Processing file /home/airflow/.local/lib/python3.7/site-packages/airflow/example_dags/tutorial.py for tasks to queue
[2023-03-30T00:19:29.135+0000] {logging_mixin.py:137} INFO - [2023-03-30T00:19:29.135+0000] {dagbag.py:532} INFO - Filling up the DagBag from /home/airflow/.local/lib/python3.7/site-packages/airflow/example_dags/tutorial.py
[2023-03-30T00:19:29.155+0000] {processor.py:753} INFO - DAG(s) dict_keys(['tutorial']) retrieved from /home/airflow/.local/lib/python3.7/site-packages/airflow/example_dags/tutorial.py
[2023-03-30T00:19:29.190+0000] {logging_mixin.py:137} INFO - [2023-03-30T00:19:29.189+0000] {dag.py:2693} INFO - Sync 1 DAGs
[2023-03-30T00:19:29.229+0000] {logging_mixin.py:137} INFO - [2023-03-30T00:19:29.229+0000] {dag.py:3444} INFO - Setting next_dagrun for tutorial to 2023-03-29T00:19:29.229298+00:00, run_after=2023-03-30T00:19:29.229298+00:00
[2023-03-30T00:19:29.251+0000] {processor.py:175} INFO - Processing /home/airflow/.local/lib/python3.7/site-packages/airflow/example_dags/tutorial.py took 0.122 seconds
[2023-03-30T00:19:59.980+0000] {processor.py:153} INFO - Started process (PID=2281) to work on /home/airflow/.local/lib/python3.7/site-packages/airflow/example_dags/tutorial.py
[2023-03-30T00:19:59.982+0000] {processor.py:743} INFO - Processing file /home/airflow/.local/lib/python3.7/site-packages/airflow/example_dags/tutorial.py for tasks to queue
[2023-03-30T00:19:59.982+0000] {logging_mixin.py:137} INFO - [2023-03-30T00:19:59.982+0000] {dagbag.py:532} INFO - Filling up the DagBag from /home/airflow/.local/lib/python3.7/site-packages/airflow/example_dags/tutorial.py
[2023-03-30T00:20:00.000+0000] {processor.py:753} INFO - DAG(s) dict_keys(['tutorial']) retrieved from /home/airflow/.local/lib/python3.7/site-packages/airflow/example_dags/tutorial.py
[2023-03-30T00:20:00.036+0000] {logging_mixin.py:137} INFO - [2023-03-30T00:20:00.036+0000] {dag.py:2693} INFO - Sync 1 DAGs
[2023-03-30T00:20:00.069+0000] {logging_mixin.py:137} INFO - [2023-03-30T00:20:00.069+0000] {dag.py:3444} INFO - Setting next_dagrun for tutorial to 2023-03-29T00:20:00.069127+00:00, run_after=2023-03-30T00:20:00.069127+00:00
[2023-03-30T00:20:00.092+0000] {processor.py:175} INFO - Processing /home/airflow/.local/lib/python3.7/site-packages/airflow/example_dags/tutorial.py took 0.116 seconds
[2023-03-30T00:20:30.354+0000] {processor.py:153} INFO - Started process (PID=2332) to work on /home/airflow/.local/lib/python3.7/site-packages/airflow/example_dags/tutorial.py
[2023-03-30T00:20:30.354+0000] {processor.py:743} INFO - Processing file /home/airflow/.local/lib/python3.7/site-packages/airflow/example_dags/tutorial.py for tasks to queue
[2023-03-30T00:20:30.355+0000] {logging_mixin.py:137} INFO - [2023-03-30T00:20:30.355+0000] {dagbag.py:532} INFO - Filling up the DagBag from /home/airflow/.local/lib/python3.7/site-packages/airflow/example_dags/tutorial.py
[2023-03-30T00:20:30.374+0000] {processor.py:753} INFO - DAG(s) dict_keys(['tutorial']) retrieved from /home/airflow/.local/lib/python3.7/site-packages/airflow/example_dags/tutorial.py
[2023-03-30T00:20:30.407+0000] {logging_mixin.py:137} INFO - [2023-03-30T00:20:30.407+0000] {dag.py:2693} INFO - Sync 1 DAGs
[2023-03-30T00:20:30.440+0000] {logging_mixin.py:137} INFO - [2023-03-30T00:20:30.439+0000] {dag.py:3444} INFO - Setting next_dagrun for tutorial to 2023-03-29T00:20:30.438986+00:00, run_after=2023-03-30T00:20:30.438986+00:00
[2023-03-30T00:20:30.462+0000] {processor.py:175} INFO - Processing /home/airflow/.local/lib/python3.7/site-packages/airflow/example_dags/tutorial.py took 0.113 seconds
[2023-03-30T00:21:01.468+0000] {processor.py:153} INFO - Started process (PID=2382) to work on /home/airflow/.local/lib/python3.7/site-packages/airflow/example_dags/tutorial.py
[2023-03-30T00:21:01.470+0000] {processor.py:743} INFO - Processing file /home/airflow/.local/lib/python3.7/site-packages/airflow/example_dags/tutorial.py for tasks to queue
[2023-03-30T00:21:01.470+0000] {logging_mixin.py:137} INFO - [2023-03-30T00:21:01.470+0000] {dagbag.py:532} INFO - Filling up the DagBag from /home/airflow/.local/lib/python3.7/site-packages/airflow/example_dags/tutorial.py
[2023-03-30T00:21:01.489+0000] {processor.py:753} INFO - DAG(s) dict_keys(['tutorial']) retrieved from /home/airflow/.local/lib/python3.7/site-packages/airflow/example_dags/tutorial.py
[2023-03-30T00:21:01.521+0000] {logging_mixin.py:137} INFO - [2023-03-30T00:21:01.521+0000] {dag.py:2693} INFO - Sync 1 DAGs
[2023-03-30T00:21:01.554+0000] {logging_mixin.py:137} INFO - [2023-03-30T00:21:01.554+0000] {dag.py:3444} INFO - Setting next_dagrun for tutorial to 2023-03-29T00:21:01.553999+00:00, run_after=2023-03-30T00:21:01.553999+00:00
[2023-03-30T00:21:01.577+0000] {processor.py:175} INFO - Processing /home/airflow/.local/lib/python3.7/site-packages/airflow/example_dags/tutorial.py took 0.115 seconds
[2023-03-30T00:21:31.887+0000] {processor.py:153} INFO - Started process (PID=2432) to work on /home/airflow/.local/lib/python3.7/site-packages/airflow/example_dags/tutorial.py
[2023-03-30T00:21:31.888+0000] {processor.py:743} INFO - Processing file /home/airflow/.local/lib/python3.7/site-packages/airflow/example_dags/tutorial.py for tasks to queue
[2023-03-30T00:21:31.889+0000] {logging_mixin.py:137} INFO - [2023-03-30T00:21:31.889+0000] {dagbag.py:532} INFO - Filling up the DagBag from /home/airflow/.local/lib/python3.7/site-packages/airflow/example_dags/tutorial.py
[2023-03-30T00:21:31.912+0000] {processor.py:753} INFO - DAG(s) dict_keys(['tutorial']) retrieved from /home/airflow/.local/lib/python3.7/site-packages/airflow/example_dags/tutorial.py
[2023-03-30T00:21:31.945+0000] {logging_mixin.py:137} INFO - [2023-03-30T00:21:31.945+0000] {dag.py:2693} INFO - Sync 1 DAGs
[2023-03-30T00:21:31.979+0000] {logging_mixin.py:137} INFO - [2023-03-30T00:21:31.978+0000] {dag.py:3444} INFO - Setting next_dagrun for tutorial to 2023-03-29T00:21:31.978653+00:00, run_after=2023-03-30T00:21:31.978653+00:00
[2023-03-30T00:21:32.003+0000] {processor.py:175} INFO - Processing /home/airflow/.local/lib/python3.7/site-packages/airflow/example_dags/tutorial.py took 0.121 seconds
[2023-03-30T00:22:02.797+0000] {processor.py:153} INFO - Started process (PID=2482) to work on /home/airflow/.local/lib/python3.7/site-packages/airflow/example_dags/tutorial.py
[2023-03-30T00:22:02.804+0000] {processor.py:743} INFO - Processing file /home/airflow/.local/lib/python3.7/site-packages/airflow/example_dags/tutorial.py for tasks to queue
[2023-03-30T00:22:02.814+0000] {logging_mixin.py:137} INFO - [2023-03-30T00:22:02.814+0000] {dagbag.py:532} INFO - Filling up the DagBag from /home/airflow/.local/lib/python3.7/site-packages/airflow/example_dags/tutorial.py
[2023-03-30T00:22:02.835+0000] {processor.py:753} INFO - DAG(s) dict_keys(['tutorial']) retrieved from /home/airflow/.local/lib/python3.7/site-packages/airflow/example_dags/tutorial.py
[2023-03-30T00:22:02.906+0000] {logging_mixin.py:137} INFO - [2023-03-30T00:22:02.906+0000] {dag.py:2693} INFO - Sync 1 DAGs
[2023-03-30T00:22:02.971+0000] {logging_mixin.py:137} INFO - [2023-03-30T00:22:02.971+0000] {dag.py:3444} INFO - Setting next_dagrun for tutorial to 2023-03-29T00:22:02.971111+00:00, run_after=2023-03-30T00:22:02.971111+00:00
[2023-03-30T00:22:03.016+0000] {processor.py:175} INFO - Processing /home/airflow/.local/lib/python3.7/site-packages/airflow/example_dags/tutorial.py took 0.232 seconds
[2023-03-30T00:22:33.109+0000] {processor.py:153} INFO - Started process (PID=2532) to work on /home/airflow/.local/lib/python3.7/site-packages/airflow/example_dags/tutorial.py
[2023-03-30T00:22:33.109+0000] {processor.py:743} INFO - Processing file /home/airflow/.local/lib/python3.7/site-packages/airflow/example_dags/tutorial.py for tasks to queue
[2023-03-30T00:22:33.110+0000] {logging_mixin.py:137} INFO - [2023-03-30T00:22:33.110+0000] {dagbag.py:532} INFO - Filling up the DagBag from /home/airflow/.local/lib/python3.7/site-packages/airflow/example_dags/tutorial.py
[2023-03-30T00:22:33.129+0000] {processor.py:753} INFO - DAG(s) dict_keys(['tutorial']) retrieved from /home/airflow/.local/lib/python3.7/site-packages/airflow/example_dags/tutorial.py
[2023-03-30T00:22:33.170+0000] {logging_mixin.py:137} INFO - [2023-03-30T00:22:33.170+0000] {dag.py:2693} INFO - Sync 1 DAGs
[2023-03-30T00:22:33.202+0000] {logging_mixin.py:137} INFO - [2023-03-30T00:22:33.202+0000] {dag.py:3444} INFO - Setting next_dagrun for tutorial to 2023-03-29T00:22:33.202093+00:00, run_after=2023-03-30T00:22:33.202093+00:00
[2023-03-30T00:22:33.223+0000] {processor.py:175} INFO - Processing /home/airflow/.local/lib/python3.7/site-packages/airflow/example_dags/tutorial.py took 0.119 seconds
[2023-03-30T00:23:03.541+0000] {processor.py:153} INFO - Started process (PID=2582) to work on /home/airflow/.local/lib/python3.7/site-packages/airflow/example_dags/tutorial.py
[2023-03-30T00:23:03.542+0000] {processor.py:743} INFO - Processing file /home/airflow/.local/lib/python3.7/site-packages/airflow/example_dags/tutorial.py for tasks to queue
[2023-03-30T00:23:03.544+0000] {logging_mixin.py:137} INFO - [2023-03-30T00:23:03.543+0000] {dagbag.py:532} INFO - Filling up the DagBag from /home/airflow/.local/lib/python3.7/site-packages/airflow/example_dags/tutorial.py
[2023-03-30T00:23:03.563+0000] {processor.py:753} INFO - DAG(s) dict_keys(['tutorial']) retrieved from /home/airflow/.local/lib/python3.7/site-packages/airflow/example_dags/tutorial.py
[2023-03-30T00:23:03.606+0000] {logging_mixin.py:137} INFO - [2023-03-30T00:23:03.606+0000] {dag.py:2693} INFO - Sync 1 DAGs
[2023-03-30T00:23:03.642+0000] {logging_mixin.py:137} INFO - [2023-03-30T00:23:03.642+0000] {dag.py:3444} INFO - Setting next_dagrun for tutorial to 2023-03-29T00:23:03.641641+00:00, run_after=2023-03-30T00:23:03.641641+00:00
[2023-03-30T00:23:03.665+0000] {processor.py:175} INFO - Processing /home/airflow/.local/lib/python3.7/site-packages/airflow/example_dags/tutorial.py took 0.129 seconds
[2023-03-30T00:23:34.362+0000] {processor.py:153} INFO - Started process (PID=2632) to work on /home/airflow/.local/lib/python3.7/site-packages/airflow/example_dags/tutorial.py
[2023-03-30T00:23:34.363+0000] {processor.py:743} INFO - Processing file /home/airflow/.local/lib/python3.7/site-packages/airflow/example_dags/tutorial.py for tasks to queue
[2023-03-30T00:23:34.363+0000] {logging_mixin.py:137} INFO - [2023-03-30T00:23:34.363+0000] {dagbag.py:532} INFO - Filling up the DagBag from /home/airflow/.local/lib/python3.7/site-packages/airflow/example_dags/tutorial.py
[2023-03-30T00:23:34.383+0000] {processor.py:753} INFO - DAG(s) dict_keys(['tutorial']) retrieved from /home/airflow/.local/lib/python3.7/site-packages/airflow/example_dags/tutorial.py
[2023-03-30T00:23:34.418+0000] {logging_mixin.py:137} INFO - [2023-03-30T00:23:34.418+0000] {dag.py:2693} INFO - Sync 1 DAGs
[2023-03-30T00:23:34.452+0000] {logging_mixin.py:137} INFO - [2023-03-30T00:23:34.452+0000] {dag.py:3444} INFO - Setting next_dagrun for tutorial to 2023-03-29T00:23:34.452247+00:00, run_after=2023-03-30T00:23:34.452247+00:00
[2023-03-30T00:23:34.476+0000] {processor.py:175} INFO - Processing /home/airflow/.local/lib/python3.7/site-packages/airflow/example_dags/tutorial.py took 0.119 seconds
[2023-03-30T00:24:04.574+0000] {processor.py:153} INFO - Started process (PID=2682) to work on /home/airflow/.local/lib/python3.7/site-packages/airflow/example_dags/tutorial.py
[2023-03-30T00:24:04.578+0000] {processor.py:743} INFO - Processing file /home/airflow/.local/lib/python3.7/site-packages/airflow/example_dags/tutorial.py for tasks to queue
[2023-03-30T00:24:04.579+0000] {logging_mixin.py:137} INFO - [2023-03-30T00:24:04.579+0000] {dagbag.py:532} INFO - Filling up the DagBag from /home/airflow/.local/lib/python3.7/site-packages/airflow/example_dags/tutorial.py
[2023-03-30T00:24:04.599+0000] {processor.py:753} INFO - DAG(s) dict_keys(['tutorial']) retrieved from /home/airflow/.local/lib/python3.7/site-packages/airflow/example_dags/tutorial.py
[2023-03-30T00:24:04.634+0000] {logging_mixin.py:137} INFO - [2023-03-30T00:24:04.634+0000] {dag.py:2693} INFO - Sync 1 DAGs
[2023-03-30T00:24:04.668+0000] {logging_mixin.py:137} INFO - [2023-03-30T00:24:04.668+0000] {dag.py:3444} INFO - Setting next_dagrun for tutorial to 2023-03-29T00:24:04.668081+00:00, run_after=2023-03-30T00:24:04.668081+00:00
[2023-03-30T00:24:04.693+0000] {processor.py:175} INFO - Processing /home/airflow/.local/lib/python3.7/site-packages/airflow/example_dags/tutorial.py took 0.124 seconds
[2023-03-30T00:24:35.371+0000] {processor.py:153} INFO - Started process (PID=2732) to work on /home/airflow/.local/lib/python3.7/site-packages/airflow/example_dags/tutorial.py
[2023-03-30T00:24:35.372+0000] {processor.py:743} INFO - Processing file /home/airflow/.local/lib/python3.7/site-packages/airflow/example_dags/tutorial.py for tasks to queue
[2023-03-30T00:24:35.373+0000] {logging_mixin.py:137} INFO - [2023-03-30T00:24:35.373+0000] {dagbag.py:532} INFO - Filling up the DagBag from /home/airflow/.local/lib/python3.7/site-packages/airflow/example_dags/tutorial.py
[2023-03-30T00:24:35.394+0000] {processor.py:753} INFO - DAG(s) dict_keys(['tutorial']) retrieved from /home/airflow/.local/lib/python3.7/site-packages/airflow/example_dags/tutorial.py
[2023-03-30T00:24:35.426+0000] {logging_mixin.py:137} INFO - [2023-03-30T00:24:35.426+0000] {dag.py:2693} INFO - Sync 1 DAGs
[2023-03-30T00:24:35.459+0000] {logging_mixin.py:137} INFO - [2023-03-30T00:24:35.458+0000] {dag.py:3444} INFO - Setting next_dagrun for tutorial to 2023-03-29T00:24:35.458608+00:00, run_after=2023-03-30T00:24:35.458608+00:00
[2023-03-30T00:24:35.482+0000] {processor.py:175} INFO - Processing /home/airflow/.local/lib/python3.7/site-packages/airflow/example_dags/tutorial.py took 0.116 seconds
[2023-03-30T00:25:05.982+0000] {processor.py:153} INFO - Started process (PID=2782) to work on /home/airflow/.local/lib/python3.7/site-packages/airflow/example_dags/tutorial.py
[2023-03-30T00:25:05.984+0000] {processor.py:743} INFO - Processing file /home/airflow/.local/lib/python3.7/site-packages/airflow/example_dags/tutorial.py for tasks to queue
[2023-03-30T00:25:05.984+0000] {logging_mixin.py:137} INFO - [2023-03-30T00:25:05.984+0000] {dagbag.py:532} INFO - Filling up the DagBag from /home/airflow/.local/lib/python3.7/site-packages/airflow/example_dags/tutorial.py
[2023-03-30T00:25:06.003+0000] {processor.py:753} INFO - DAG(s) dict_keys(['tutorial']) retrieved from /home/airflow/.local/lib/python3.7/site-packages/airflow/example_dags/tutorial.py
[2023-03-30T00:25:06.040+0000] {logging_mixin.py:137} INFO - [2023-03-30T00:25:06.040+0000] {dag.py:2693} INFO - Sync 1 DAGs
[2023-03-30T00:25:06.077+0000] {logging_mixin.py:137} INFO - [2023-03-30T00:25:06.076+0000] {dag.py:3444} INFO - Setting next_dagrun for tutorial to 2023-03-29T00:25:06.076420+00:00, run_after=2023-03-30T00:25:06.076420+00:00
[2023-03-30T00:25:06.099+0000] {processor.py:175} INFO - Processing /home/airflow/.local/lib/python3.7/site-packages/airflow/example_dags/tutorial.py took 0.122 seconds
[2023-03-30T00:25:36.709+0000] {processor.py:153} INFO - Started process (PID=2832) to work on /home/airflow/.local/lib/python3.7/site-packages/airflow/example_dags/tutorial.py
[2023-03-30T00:25:36.710+0000] {processor.py:743} INFO - Processing file /home/airflow/.local/lib/python3.7/site-packages/airflow/example_dags/tutorial.py for tasks to queue
[2023-03-30T00:25:36.711+0000] {logging_mixin.py:137} INFO - [2023-03-30T00:25:36.711+0000] {dagbag.py:532} INFO - Filling up the DagBag from /home/airflow/.local/lib/python3.7/site-packages/airflow/example_dags/tutorial.py
[2023-03-30T00:25:36.730+0000] {processor.py:753} INFO - DAG(s) dict_keys(['tutorial']) retrieved from /home/airflow/.local/lib/python3.7/site-packages/airflow/example_dags/tutorial.py
[2023-03-30T00:25:36.764+0000] {logging_mixin.py:137} INFO - [2023-03-30T00:25:36.764+0000] {dag.py:2693} INFO - Sync 1 DAGs
[2023-03-30T00:25:36.797+0000] {logging_mixin.py:137} INFO - [2023-03-30T00:25:36.797+0000] {dag.py:3444} INFO - Setting next_dagrun for tutorial to 2023-03-29T00:25:36.796945+00:00, run_after=2023-03-30T00:25:36.796945+00:00
[2023-03-30T00:25:36.819+0000] {processor.py:175} INFO - Processing /home/airflow/.local/lib/python3.7/site-packages/airflow/example_dags/tutorial.py took 0.114 seconds
[2023-03-30T00:26:07.255+0000] {processor.py:153} INFO - Started process (PID=2882) to work on /home/airflow/.local/lib/python3.7/site-packages/airflow/example_dags/tutorial.py
[2023-03-30T00:26:07.257+0000] {processor.py:743} INFO - Processing file /home/airflow/.local/lib/python3.7/site-packages/airflow/example_dags/tutorial.py for tasks to queue
[2023-03-30T00:26:07.257+0000] {logging_mixin.py:137} INFO - [2023-03-30T00:26:07.257+0000] {dagbag.py:532} INFO - Filling up the DagBag from /home/airflow/.local/lib/python3.7/site-packages/airflow/example_dags/tutorial.py
[2023-03-30T00:26:07.279+0000] {processor.py:753} INFO - DAG(s) dict_keys(['tutorial']) retrieved from /home/airflow/.local/lib/python3.7/site-packages/airflow/example_dags/tutorial.py
[2023-03-30T00:26:07.316+0000] {logging_mixin.py:137} INFO - [2023-03-30T00:26:07.316+0000] {dag.py:2693} INFO - Sync 1 DAGs
[2023-03-30T00:26:07.355+0000] {logging_mixin.py:137} INFO - [2023-03-30T00:26:07.354+0000] {dag.py:3444} INFO - Setting next_dagrun for tutorial to 2023-03-29T00:26:07.354535+00:00, run_after=2023-03-30T00:26:07.354535+00:00
[2023-03-30T00:26:07.378+0000] {processor.py:175} INFO - Processing /home/airflow/.local/lib/python3.7/site-packages/airflow/example_dags/tutorial.py took 0.127 seconds
[2023-03-30T00:26:37.755+0000] {processor.py:153} INFO - Started process (PID=2932) to work on /home/airflow/.local/lib/python3.7/site-packages/airflow/example_dags/tutorial.py
[2023-03-30T00:26:37.757+0000] {processor.py:743} INFO - Processing file /home/airflow/.local/lib/python3.7/site-packages/airflow/example_dags/tutorial.py for tasks to queue
[2023-03-30T00:26:37.757+0000] {logging_mixin.py:137} INFO - [2023-03-30T00:26:37.757+0000] {dagbag.py:532} INFO - Filling up the DagBag from /home/airflow/.local/lib/python3.7/site-packages/airflow/example_dags/tutorial.py
[2023-03-30T00:26:37.776+0000] {processor.py:753} INFO - DAG(s) dict_keys(['tutorial']) retrieved from /home/airflow/.local/lib/python3.7/site-packages/airflow/example_dags/tutorial.py
[2023-03-30T00:26:37.811+0000] {logging_mixin.py:137} INFO - [2023-03-30T00:26:37.811+0000] {dag.py:2693} INFO - Sync 1 DAGs
[2023-03-30T00:26:37.847+0000] {logging_mixin.py:137} INFO - [2023-03-30T00:26:37.847+0000] {dag.py:3444} INFO - Setting next_dagrun for tutorial to 2023-03-29T00:26:37.846878+00:00, run_after=2023-03-30T00:26:37.846878+00:00
[2023-03-30T00:26:37.872+0000] {processor.py:175} INFO - Processing /home/airflow/.local/lib/python3.7/site-packages/airflow/example_dags/tutorial.py took 0.122 seconds
[2023-03-30T00:27:08.293+0000] {processor.py:153} INFO - Started process (PID=2982) to work on /home/airflow/.local/lib/python3.7/site-packages/airflow/example_dags/tutorial.py
[2023-03-30T00:27:08.294+0000] {processor.py:743} INFO - Processing file /home/airflow/.local/lib/python3.7/site-packages/airflow/example_dags/tutorial.py for tasks to queue
[2023-03-30T00:27:08.295+0000] {logging_mixin.py:137} INFO - [2023-03-30T00:27:08.295+0000] {dagbag.py:532} INFO - Filling up the DagBag from /home/airflow/.local/lib/python3.7/site-packages/airflow/example_dags/tutorial.py
[2023-03-30T00:27:08.314+0000] {processor.py:753} INFO - DAG(s) dict_keys(['tutorial']) retrieved from /home/airflow/.local/lib/python3.7/site-packages/airflow/example_dags/tutorial.py
[2023-03-30T00:27:08.350+0000] {logging_mixin.py:137} INFO - [2023-03-30T00:27:08.350+0000] {dag.py:2693} INFO - Sync 1 DAGs
[2023-03-30T00:27:08.385+0000] {logging_mixin.py:137} INFO - [2023-03-30T00:27:08.385+0000] {dag.py:3444} INFO - Setting next_dagrun for tutorial to 2023-03-29T00:27:08.385161+00:00, run_after=2023-03-30T00:27:08.385161+00:00
[2023-03-30T00:27:08.409+0000] {processor.py:175} INFO - Processing /home/airflow/.local/lib/python3.7/site-packages/airflow/example_dags/tutorial.py took 0.120 seconds
[2023-03-30T00:27:40.346+0000] {processor.py:153} INFO - Started process (PID=3032) to work on /home/airflow/.local/lib/python3.7/site-packages/airflow/example_dags/tutorial.py
[2023-03-30T00:27:40.358+0000] {processor.py:743} INFO - Processing file /home/airflow/.local/lib/python3.7/site-packages/airflow/example_dags/tutorial.py for tasks to queue
[2023-03-30T00:27:40.359+0000] {logging_mixin.py:137} INFO - [2023-03-30T00:27:40.358+0000] {dagbag.py:532} INFO - Filling up the DagBag from /home/airflow/.local/lib/python3.7/site-packages/airflow/example_dags/tutorial.py
[2023-03-30T00:27:40.412+0000] {processor.py:753} INFO - DAG(s) dict_keys(['tutorial']) retrieved from /home/airflow/.local/lib/python3.7/site-packages/airflow/example_dags/tutorial.py
[2023-03-30T00:27:40.518+0000] {logging_mixin.py:137} INFO - [2023-03-30T00:27:40.518+0000] {dag.py:2693} INFO - Sync 1 DAGs
[2023-03-30T00:27:40.673+0000] {logging_mixin.py:137} INFO - [2023-03-30T00:27:40.673+0000] {dag.py:3444} INFO - Setting next_dagrun for tutorial to 2023-03-29T00:27:40.673322+00:00, run_after=2023-03-30T00:27:40.673322+00:00
[2023-03-30T00:27:40.728+0000] {processor.py:175} INFO - Processing /home/airflow/.local/lib/python3.7/site-packages/airflow/example_dags/tutorial.py took 0.398 seconds
[2023-03-30T00:28:10.976+0000] {processor.py:153} INFO - Started process (PID=3081) to work on /home/airflow/.local/lib/python3.7/site-packages/airflow/example_dags/tutorial.py
[2023-03-30T00:28:10.983+0000] {processor.py:743} INFO - Processing file /home/airflow/.local/lib/python3.7/site-packages/airflow/example_dags/tutorial.py for tasks to queue
[2023-03-30T00:28:10.984+0000] {logging_mixin.py:137} INFO - [2023-03-30T00:28:10.984+0000] {dagbag.py:532} INFO - Filling up the DagBag from /home/airflow/.local/lib/python3.7/site-packages/airflow/example_dags/tutorial.py
[2023-03-30T00:28:11.004+0000] {processor.py:753} INFO - DAG(s) dict_keys(['tutorial']) retrieved from /home/airflow/.local/lib/python3.7/site-packages/airflow/example_dags/tutorial.py
[2023-03-30T00:28:11.076+0000] {logging_mixin.py:137} INFO - [2023-03-30T00:28:11.076+0000] {dag.py:2693} INFO - Sync 1 DAGs
[2023-03-30T00:28:11.115+0000] {logging_mixin.py:137} INFO - [2023-03-30T00:28:11.115+0000] {dag.py:3444} INFO - Setting next_dagrun for tutorial to 2023-03-29T00:28:11.114587+00:00, run_after=2023-03-30T00:28:11.114587+00:00
[2023-03-30T00:28:11.143+0000] {processor.py:175} INFO - Processing /home/airflow/.local/lib/python3.7/site-packages/airflow/example_dags/tutorial.py took 0.172 seconds
[2023-03-30T00:28:41.320+0000] {processor.py:153} INFO - Started process (PID=3131) to work on /home/airflow/.local/lib/python3.7/site-packages/airflow/example_dags/tutorial.py
[2023-03-30T00:28:41.321+0000] {processor.py:743} INFO - Processing file /home/airflow/.local/lib/python3.7/site-packages/airflow/example_dags/tutorial.py for tasks to queue
[2023-03-30T00:28:41.322+0000] {logging_mixin.py:137} INFO - [2023-03-30T00:28:41.322+0000] {dagbag.py:532} INFO - Filling up the DagBag from /home/airflow/.local/lib/python3.7/site-packages/airflow/example_dags/tutorial.py
[2023-03-30T00:28:41.341+0000] {processor.py:753} INFO - DAG(s) dict_keys(['tutorial']) retrieved from /home/airflow/.local/lib/python3.7/site-packages/airflow/example_dags/tutorial.py
[2023-03-30T00:28:41.376+0000] {logging_mixin.py:137} INFO - [2023-03-30T00:28:41.376+0000] {dag.py:2693} INFO - Sync 1 DAGs
[2023-03-30T00:28:41.412+0000] {logging_mixin.py:137} INFO - [2023-03-30T00:28:41.412+0000] {dag.py:3444} INFO - Setting next_dagrun for tutorial to 2023-03-29T00:28:41.412229+00:00, run_after=2023-03-30T00:28:41.412229+00:00
[2023-03-30T00:28:41.436+0000] {processor.py:175} INFO - Processing /home/airflow/.local/lib/python3.7/site-packages/airflow/example_dags/tutorial.py took 0.121 seconds
[2023-03-30T00:29:11.482+0000] {processor.py:153} INFO - Started process (PID=3181) to work on /home/airflow/.local/lib/python3.7/site-packages/airflow/example_dags/tutorial.py
[2023-03-30T00:29:11.488+0000] {processor.py:743} INFO - Processing file /home/airflow/.local/lib/python3.7/site-packages/airflow/example_dags/tutorial.py for tasks to queue
[2023-03-30T00:29:11.488+0000] {logging_mixin.py:137} INFO - [2023-03-30T00:29:11.488+0000] {dagbag.py:532} INFO - Filling up the DagBag from /home/airflow/.local/lib/python3.7/site-packages/airflow/example_dags/tutorial.py
[2023-03-30T00:29:11.508+0000] {processor.py:753} INFO - DAG(s) dict_keys(['tutorial']) retrieved from /home/airflow/.local/lib/python3.7/site-packages/airflow/example_dags/tutorial.py
[2023-03-30T00:29:11.544+0000] {logging_mixin.py:137} INFO - [2023-03-30T00:29:11.544+0000] {dag.py:2693} INFO - Sync 1 DAGs
[2023-03-30T00:29:11.579+0000] {logging_mixin.py:137} INFO - [2023-03-30T00:29:11.579+0000] {dag.py:3444} INFO - Setting next_dagrun for tutorial to 2023-03-29T00:29:11.579041+00:00, run_after=2023-03-30T00:29:11.579041+00:00
[2023-03-30T00:29:11.604+0000] {processor.py:175} INFO - Processing /home/airflow/.local/lib/python3.7/site-packages/airflow/example_dags/tutorial.py took 0.127 seconds
[2023-03-30T00:29:42.659+0000] {processor.py:153} INFO - Started process (PID=3231) to work on /home/airflow/.local/lib/python3.7/site-packages/airflow/example_dags/tutorial.py
[2023-03-30T00:29:42.660+0000] {processor.py:743} INFO - Processing file /home/airflow/.local/lib/python3.7/site-packages/airflow/example_dags/tutorial.py for tasks to queue
[2023-03-30T00:29:42.660+0000] {logging_mixin.py:137} INFO - [2023-03-30T00:29:42.660+0000] {dagbag.py:532} INFO - Filling up the DagBag from /home/airflow/.local/lib/python3.7/site-packages/airflow/example_dags/tutorial.py
[2023-03-30T00:29:42.697+0000] {processor.py:753} INFO - DAG(s) dict_keys(['tutorial']) retrieved from /home/airflow/.local/lib/python3.7/site-packages/airflow/example_dags/tutorial.py
[2023-03-30T00:29:42.784+0000] {logging_mixin.py:137} INFO - [2023-03-30T00:29:42.784+0000] {dag.py:2693} INFO - Sync 1 DAGs
[2023-03-30T00:29:42.859+0000] {logging_mixin.py:137} INFO - [2023-03-30T00:29:42.859+0000] {dag.py:3444} INFO - Setting next_dagrun for tutorial to 2023-03-29T00:29:42.859051+00:00, run_after=2023-03-30T00:29:42.859051+00:00
[2023-03-30T00:29:42.915+0000] {processor.py:175} INFO - Processing /home/airflow/.local/lib/python3.7/site-packages/airflow/example_dags/tutorial.py took 0.261 seconds
[2023-03-30T00:30:13.315+0000] {processor.py:153} INFO - Started process (PID=3281) to work on /home/airflow/.local/lib/python3.7/site-packages/airflow/example_dags/tutorial.py
[2023-03-30T00:30:13.318+0000] {processor.py:743} INFO - Processing file /home/airflow/.local/lib/python3.7/site-packages/airflow/example_dags/tutorial.py for tasks to queue
[2023-03-30T00:30:13.318+0000] {logging_mixin.py:137} INFO - [2023-03-30T00:30:13.318+0000] {dagbag.py:532} INFO - Filling up the DagBag from /home/airflow/.local/lib/python3.7/site-packages/airflow/example_dags/tutorial.py
[2023-03-30T00:30:13.359+0000] {processor.py:753} INFO - DAG(s) dict_keys(['tutorial']) retrieved from /home/airflow/.local/lib/python3.7/site-packages/airflow/example_dags/tutorial.py
[2023-03-30T00:30:13.402+0000] {logging_mixin.py:137} INFO - [2023-03-30T00:30:13.402+0000] {dag.py:2693} INFO - Sync 1 DAGs
[2023-03-30T00:30:13.437+0000] {logging_mixin.py:137} INFO - [2023-03-30T00:30:13.437+0000] {dag.py:3444} INFO - Setting next_dagrun for tutorial to 2023-03-29T00:30:13.437340+00:00, run_after=2023-03-30T00:30:13.437340+00:00
[2023-03-30T00:30:13.461+0000] {processor.py:175} INFO - Processing /home/airflow/.local/lib/python3.7/site-packages/airflow/example_dags/tutorial.py took 0.153 seconds
[2023-03-30T00:30:43.908+0000] {processor.py:153} INFO - Started process (PID=3331) to work on /home/airflow/.local/lib/python3.7/site-packages/airflow/example_dags/tutorial.py
[2023-03-30T00:30:43.909+0000] {processor.py:743} INFO - Processing file /home/airflow/.local/lib/python3.7/site-packages/airflow/example_dags/tutorial.py for tasks to queue
[2023-03-30T00:30:43.909+0000] {logging_mixin.py:137} INFO - [2023-03-30T00:30:43.909+0000] {dagbag.py:532} INFO - Filling up the DagBag from /home/airflow/.local/lib/python3.7/site-packages/airflow/example_dags/tutorial.py
[2023-03-30T00:30:43.932+0000] {processor.py:753} INFO - DAG(s) dict_keys(['tutorial']) retrieved from /home/airflow/.local/lib/python3.7/site-packages/airflow/example_dags/tutorial.py
[2023-03-30T00:30:43.967+0000] {logging_mixin.py:137} INFO - [2023-03-30T00:30:43.966+0000] {dag.py:2693} INFO - Sync 1 DAGs
[2023-03-30T00:30:44.010+0000] {logging_mixin.py:137} INFO - [2023-03-30T00:30:44.010+0000] {dag.py:3444} INFO - Setting next_dagrun for tutorial to 2023-03-29T00:30:44.009676+00:00, run_after=2023-03-30T00:30:44.009676+00:00
[2023-03-30T00:30:44.036+0000] {processor.py:175} INFO - Processing /home/airflow/.local/lib/python3.7/site-packages/airflow/example_dags/tutorial.py took 0.133 seconds
[2023-03-30T00:31:14.342+0000] {processor.py:153} INFO - Started process (PID=3381) to work on /home/airflow/.local/lib/python3.7/site-packages/airflow/example_dags/tutorial.py
[2023-03-30T00:31:14.343+0000] {processor.py:743} INFO - Processing file /home/airflow/.local/lib/python3.7/site-packages/airflow/example_dags/tutorial.py for tasks to queue
[2023-03-30T00:31:14.346+0000] {logging_mixin.py:137} INFO - [2023-03-30T00:31:14.345+0000] {dagbag.py:532} INFO - Filling up the DagBag from /home/airflow/.local/lib/python3.7/site-packages/airflow/example_dags/tutorial.py
[2023-03-30T00:31:14.365+0000] {processor.py:753} INFO - DAG(s) dict_keys(['tutorial']) retrieved from /home/airflow/.local/lib/python3.7/site-packages/airflow/example_dags/tutorial.py
[2023-03-30T00:31:14.400+0000] {logging_mixin.py:137} INFO - [2023-03-30T00:31:14.399+0000] {dag.py:2693} INFO - Sync 1 DAGs
[2023-03-30T00:31:14.441+0000] {logging_mixin.py:137} INFO - [2023-03-30T00:31:14.441+0000] {dag.py:3444} INFO - Setting next_dagrun for tutorial to 2023-03-29T00:31:14.440766+00:00, run_after=2023-03-30T00:31:14.440766+00:00
[2023-03-30T00:31:14.464+0000] {processor.py:175} INFO - Processing /home/airflow/.local/lib/python3.7/site-packages/airflow/example_dags/tutorial.py took 0.127 seconds
[2023-03-30T00:31:44.892+0000] {processor.py:153} INFO - Started process (PID=3431) to work on /home/airflow/.local/lib/python3.7/site-packages/airflow/example_dags/tutorial.py
[2023-03-30T00:31:44.893+0000] {processor.py:743} INFO - Processing file /home/airflow/.local/lib/python3.7/site-packages/airflow/example_dags/tutorial.py for tasks to queue
[2023-03-30T00:31:44.894+0000] {logging_mixin.py:137} INFO - [2023-03-30T00:31:44.894+0000] {dagbag.py:532} INFO - Filling up the DagBag from /home/airflow/.local/lib/python3.7/site-packages/airflow/example_dags/tutorial.py
[2023-03-30T00:31:44.913+0000] {processor.py:753} INFO - DAG(s) dict_keys(['tutorial']) retrieved from /home/airflow/.local/lib/python3.7/site-packages/airflow/example_dags/tutorial.py
[2023-03-30T00:31:44.949+0000] {logging_mixin.py:137} INFO - [2023-03-30T00:31:44.949+0000] {dag.py:2693} INFO - Sync 1 DAGs
[2023-03-30T00:31:44.986+0000] {logging_mixin.py:137} INFO - [2023-03-30T00:31:44.985+0000] {dag.py:3444} INFO - Setting next_dagrun for tutorial to 2023-03-29T00:31:44.985373+00:00, run_after=2023-03-30T00:31:44.985373+00:00
[2023-03-30T00:31:45.010+0000] {processor.py:175} INFO - Processing /home/airflow/.local/lib/python3.7/site-packages/airflow/example_dags/tutorial.py took 0.124 seconds
[2023-03-30T00:32:15.463+0000] {processor.py:153} INFO - Started process (PID=3482) to work on /home/airflow/.local/lib/python3.7/site-packages/airflow/example_dags/tutorial.py
[2023-03-30T00:32:15.464+0000] {processor.py:743} INFO - Processing file /home/airflow/.local/lib/python3.7/site-packages/airflow/example_dags/tutorial.py for tasks to queue
[2023-03-30T00:32:15.465+0000] {logging_mixin.py:137} INFO - [2023-03-30T00:32:15.465+0000] {dagbag.py:532} INFO - Filling up the DagBag from /home/airflow/.local/lib/python3.7/site-packages/airflow/example_dags/tutorial.py
[2023-03-30T00:32:15.489+0000] {processor.py:753} INFO - DAG(s) dict_keys(['tutorial']) retrieved from /home/airflow/.local/lib/python3.7/site-packages/airflow/example_dags/tutorial.py
[2023-03-30T00:32:15.524+0000] {logging_mixin.py:137} INFO - [2023-03-30T00:32:15.523+0000] {dag.py:2693} INFO - Sync 1 DAGs
[2023-03-30T00:32:15.563+0000] {logging_mixin.py:137} INFO - [2023-03-30T00:32:15.563+0000] {dag.py:3444} INFO - Setting next_dagrun for tutorial to 2023-03-29T00:32:15.563405+00:00, run_after=2023-03-30T00:32:15.563405+00:00
[2023-03-30T00:32:15.586+0000] {processor.py:175} INFO - Processing /home/airflow/.local/lib/python3.7/site-packages/airflow/example_dags/tutorial.py took 0.128 seconds
[2023-03-30T00:32:48.015+0000] {processor.py:153} INFO - Started process (PID=3532) to work on /home/airflow/.local/lib/python3.7/site-packages/airflow/example_dags/tutorial.py
[2023-03-30T00:32:48.022+0000] {processor.py:743} INFO - Processing file /home/airflow/.local/lib/python3.7/site-packages/airflow/example_dags/tutorial.py for tasks to queue
[2023-03-30T00:32:48.026+0000] {logging_mixin.py:137} INFO - [2023-03-30T00:32:48.026+0000] {dagbag.py:532} INFO - Filling up the DagBag from /home/airflow/.local/lib/python3.7/site-packages/airflow/example_dags/tutorial.py
[2023-03-30T00:32:48.101+0000] {processor.py:753} INFO - DAG(s) dict_keys(['tutorial']) retrieved from /home/airflow/.local/lib/python3.7/site-packages/airflow/example_dags/tutorial.py
[2023-03-30T00:32:48.272+0000] {logging_mixin.py:137} INFO - [2023-03-30T00:32:48.272+0000] {dag.py:2693} INFO - Sync 1 DAGs
[2023-03-30T00:32:48.334+0000] {logging_mixin.py:137} INFO - [2023-03-30T00:32:48.334+0000] {dag.py:3444} INFO - Setting next_dagrun for tutorial to 2023-03-29T00:32:48.334368+00:00, run_after=2023-03-30T00:32:48.334368+00:00
[2023-03-30T00:32:48.388+0000] {processor.py:175} INFO - Processing /home/airflow/.local/lib/python3.7/site-packages/airflow/example_dags/tutorial.py took 0.389 seconds
[2023-03-30T00:33:19.162+0000] {processor.py:153} INFO - Started process (PID=3582) to work on /home/airflow/.local/lib/python3.7/site-packages/airflow/example_dags/tutorial.py
[2023-03-30T00:33:19.169+0000] {processor.py:743} INFO - Processing file /home/airflow/.local/lib/python3.7/site-packages/airflow/example_dags/tutorial.py for tasks to queue
[2023-03-30T00:33:19.170+0000] {logging_mixin.py:137} INFO - [2023-03-30T00:33:19.170+0000] {dagbag.py:532} INFO - Filling up the DagBag from /home/airflow/.local/lib/python3.7/site-packages/airflow/example_dags/tutorial.py
[2023-03-30T00:33:19.218+0000] {processor.py:753} INFO - DAG(s) dict_keys(['tutorial']) retrieved from /home/airflow/.local/lib/python3.7/site-packages/airflow/example_dags/tutorial.py
[2023-03-30T00:33:19.273+0000] {logging_mixin.py:137} INFO - [2023-03-30T00:33:19.273+0000] {dag.py:2693} INFO - Sync 1 DAGs
[2023-03-30T00:33:19.355+0000] {logging_mixin.py:137} INFO - [2023-03-30T00:33:19.354+0000] {dag.py:3444} INFO - Setting next_dagrun for tutorial to 2023-03-29T00:33:19.354499+00:00, run_after=2023-03-30T00:33:19.354499+00:00
[2023-03-30T00:33:19.395+0000] {processor.py:175} INFO - Processing /home/airflow/.local/lib/python3.7/site-packages/airflow/example_dags/tutorial.py took 0.247 seconds
