[2023-04-28T21:30:05.943+0000] {taskinstance.py:1084} INFO - Dependencies all met for dep_context=non-requeueable deps ti=<TaskInstance: get_todays_gamesv4.print_start manual__2023-04-28T21:30:04.501125+00:00 [queued]>
[2023-04-28T21:30:05.953+0000] {taskinstance.py:1084} INFO - Dependencies all met for dep_context=requeueable deps ti=<TaskInstance: get_todays_gamesv4.print_start manual__2023-04-28T21:30:04.501125+00:00 [queued]>
[2023-04-28T21:30:05.953+0000] {taskinstance.py:1282} INFO - 
--------------------------------------------------------------------------------
[2023-04-28T21:30:05.953+0000] {taskinstance.py:1283} INFO - Starting attempt 1 of 1
[2023-04-28T21:30:05.954+0000] {taskinstance.py:1284} INFO - 
--------------------------------------------------------------------------------
[2023-04-28T21:30:05.970+0000] {taskinstance.py:1303} INFO - Executing <Task(BashOperator): print_start> on 2023-04-28 21:30:04.501125+00:00
[2023-04-28T21:30:05.976+0000] {standard_task_runner.py:55} INFO - Started process 575 to run task
[2023-04-28T21:30:05.980+0000] {standard_task_runner.py:82} INFO - Running: ['***', 'tasks', 'run', 'get_todays_gamesv4', 'print_start', 'manual__2023-04-28T21:30:04.501125+00:00', '--job-id', '364', '--raw', '--subdir', 'DAGS_FOLDER/todays_games.py', '--cfg-path', '/tmp/tmpzyj05t2n']
[2023-04-28T21:30:05.981+0000] {standard_task_runner.py:83} INFO - Job 364: Subtask print_start
[2023-04-28T21:30:06.058+0000] {task_command.py:388} INFO - Running <TaskInstance: get_todays_gamesv4.print_start manual__2023-04-28T21:30:04.501125+00:00 [running]> on host f789e77bc70a
[2023-04-28T21:30:06.181+0000] {taskinstance.py:1511} INFO - Exporting the following env vars:
AIRFLOW_CTX_DAG_OWNER=***
AIRFLOW_CTX_DAG_ID=get_todays_gamesv4
AIRFLOW_CTX_TASK_ID=print_start
AIRFLOW_CTX_EXECUTION_DATE=2023-04-28T21:30:04.501125+00:00
AIRFLOW_CTX_TRY_NUMBER=1
AIRFLOW_CTX_DAG_RUN_ID=manual__2023-04-28T21:30:04.501125+00:00
[2023-04-28T21:30:06.183+0000] {subprocess.py:63} INFO - Tmp dir root location: 
 /tmp
[2023-04-28T21:30:06.184+0000] {subprocess.py:75} INFO - Running command: ['/bin/bash', '-c', 'echo starting dag']
[2023-04-28T21:30:06.197+0000] {subprocess.py:86} INFO - Output:
[2023-04-28T21:30:06.199+0000] {subprocess.py:93} INFO - starting dag
[2023-04-28T21:30:06.199+0000] {subprocess.py:97} INFO - Command exited with return code 0
[2023-04-28T21:30:06.215+0000] {taskinstance.py:1326} INFO - Marking task as SUCCESS. dag_id=get_todays_gamesv4, task_id=print_start, execution_date=20230428T213004, start_date=20230428T213005, end_date=20230428T213006
[2023-04-28T21:30:06.275+0000] {local_task_job.py:212} INFO - Task exited with return code 0
[2023-04-28T21:30:06.366+0000] {taskinstance.py:2585} INFO - 0 downstream tasks scheduled from follow-on schedule check
