[2023-05-07T14:45:31.603+0000] {taskinstance.py:1084} INFO - Dependencies all met for dep_context=non-requeueable deps ti=<TaskInstance: get_todays_gamesv2.postgres_to_s3_task manual__2023-05-07T14:45:17.870792+00:00 [queued]>
[2023-05-07T14:45:31.614+0000] {taskinstance.py:1084} INFO - Dependencies all met for dep_context=requeueable deps ti=<TaskInstance: get_todays_gamesv2.postgres_to_s3_task manual__2023-05-07T14:45:17.870792+00:00 [queued]>
[2023-05-07T14:45:31.614+0000] {taskinstance.py:1282} INFO - 
--------------------------------------------------------------------------------
[2023-05-07T14:45:31.614+0000] {taskinstance.py:1283} INFO - Starting attempt 1 of 1
[2023-05-07T14:45:31.615+0000] {taskinstance.py:1284} INFO - 
--------------------------------------------------------------------------------
[2023-05-07T14:45:31.635+0000] {taskinstance.py:1303} INFO - Executing <Task(PythonOperator): postgres_to_s3_task> on 2023-05-07 14:45:17.870792+00:00
[2023-05-07T14:45:31.641+0000] {standard_task_runner.py:55} INFO - Started process 339 to run task
[2023-05-07T14:45:31.647+0000] {standard_task_runner.py:82} INFO - Running: ['***', 'tasks', 'run', 'get_todays_gamesv2', 'postgres_to_s3_task', 'manual__2023-05-07T14:45:17.870792+00:00', '--job-id', '904', '--raw', '--subdir', 'DAGS_FOLDER/todays_gamesv2.py', '--cfg-path', '/tmp/tmp1slnf5yz']
[2023-05-07T14:45:31.648+0000] {standard_task_runner.py:83} INFO - Job 904: Subtask postgres_to_s3_task
[2023-05-07T14:45:31.732+0000] {task_command.py:388} INFO - Running <TaskInstance: get_todays_gamesv2.postgres_to_s3_task manual__2023-05-07T14:45:17.870792+00:00 [running]> on host f789e77bc70a
[2023-05-07T14:45:31.827+0000] {taskinstance.py:1511} INFO - Exporting the following env vars:
AIRFLOW_CTX_DAG_OWNER=***
AIRFLOW_CTX_DAG_ID=get_todays_gamesv2
AIRFLOW_CTX_TASK_ID=postgres_to_s3_task
AIRFLOW_CTX_EXECUTION_DATE=2023-05-07T14:45:17.870792+00:00
AIRFLOW_CTX_TRY_NUMBER=1
AIRFLOW_CTX_DAG_RUN_ID=manual__2023-05-07T14:45:17.870792+00:00
[2023-05-07T14:45:31.840+0000] {base.py:73} INFO - Using connection ID 'postgres_localhost' for task execution.
[2023-05-07T14:45:31.845+0000] {todays_gamesv2.py:81} INFO - Ran this on 2023-05-07. Saved postgres data in text file: games.txt
[2023-05-07T14:45:31.854+0000] {base.py:73} INFO - Using connection ID 'aws_hook' for task execution.
[2023-05-07T14:45:31.855+0000] {connection_wrapper.py:337} INFO - AWS Connection (conn_id='aws_hook', conn_type='aws') credentials retrieved from login and password.
[2023-05-07T14:45:33.494+0000] {todays_gamesv2.py:90} INFO - Test data file /tmp/tmp0r1zkifl has been pushed to S3
[2023-05-07T14:45:33.496+0000] {python.py:177} INFO - Done. Returned value was: None
[2023-05-07T14:45:33.507+0000] {taskinstance.py:1326} INFO - Marking task as SUCCESS. dag_id=get_todays_gamesv2, task_id=postgres_to_s3_task, execution_date=20230507T144517, start_date=20230507T144531, end_date=20230507T144533
[2023-05-07T14:45:33.546+0000] {local_task_job.py:212} INFO - Task exited with return code 0
[2023-05-07T14:45:33.582+0000] {taskinstance.py:2585} INFO - 1 downstream tasks scheduled from follow-on schedule check
