[2023-03-29T23:57:31.624+0000] {processor.py:153} INFO - Started process (PID=70) to work on /home/airflow/.local/lib/python3.7/site-packages/airflow/example_dags/example_subdag_operator.py
[2023-03-29T23:57:31.625+0000] {processor.py:743} INFO - Processing file /home/airflow/.local/lib/python3.7/site-packages/airflow/example_dags/example_subdag_operator.py for tasks to queue
[2023-03-29T23:57:31.638+0000] {logging_mixin.py:137} INFO - [2023-03-29T23:57:31.638+0000] {dagbag.py:532} INFO - Filling up the DagBag from /home/airflow/.local/lib/python3.7/site-packages/airflow/example_dags/example_subdag_operator.py
[2023-03-29T23:57:31.773+0000] {processor.py:753} INFO - DAG(s) dict_keys(['example_subdag_operator.section-1', 'example_subdag_operator.section-2', 'example_subdag_operator']) retrieved from /home/airflow/.local/lib/python3.7/site-packages/airflow/example_dags/example_subdag_operator.py
[2023-03-29T23:57:31.872+0000] {logging_mixin.py:137} INFO - [2023-03-29T23:57:31.872+0000] {dag.py:2693} INFO - Sync 3 DAGs
[2023-03-29T23:57:32.013+0000] {logging_mixin.py:137} INFO - [2023-03-29T23:57:32.013+0000] {dag.py:3444} INFO - Setting next_dagrun for example_subdag_operator to 2022-01-01T00:00:00+00:00, run_after=2022-01-01T00:00:00+00:00
[2023-03-29T23:57:32.034+0000] {logging_mixin.py:137} INFO - [2023-03-29T23:57:32.034+0000] {dag.py:3444} INFO - Setting next_dagrun for example_subdag_operator.section-1 to None, run_after=None
[2023-03-29T23:57:32.042+0000] {logging_mixin.py:137} INFO - [2023-03-29T23:57:32.042+0000] {dag.py:3444} INFO - Setting next_dagrun for example_subdag_operator.section-2 to None, run_after=None
[2023-03-29T23:57:32.063+0000] {logging_mixin.py:137} INFO - [2023-03-29T23:57:32.063+0000] {dag.py:2693} INFO - Sync 2 DAGs
[2023-03-29T23:57:32.082+0000] {logging_mixin.py:137} INFO - [2023-03-29T23:57:32.082+0000] {dag.py:3444} INFO - Setting next_dagrun for example_subdag_operator.section-1 to None, run_after=None
[2023-03-29T23:57:32.083+0000] {logging_mixin.py:137} INFO - [2023-03-29T23:57:32.082+0000] {dag.py:3444} INFO - Setting next_dagrun for example_subdag_operator.section-2 to None, run_after=None
[2023-03-29T23:57:32.130+0000] {processor.py:175} INFO - Processing /home/airflow/.local/lib/python3.7/site-packages/airflow/example_dags/example_subdag_operator.py took 0.518 seconds
[2023-03-29T23:58:02.214+0000] {processor.py:153} INFO - Started process (PID=121) to work on /home/airflow/.local/lib/python3.7/site-packages/airflow/example_dags/example_subdag_operator.py
[2023-03-29T23:58:02.214+0000] {processor.py:743} INFO - Processing file /home/airflow/.local/lib/python3.7/site-packages/airflow/example_dags/example_subdag_operator.py for tasks to queue
[2023-03-29T23:58:02.215+0000] {logging_mixin.py:137} INFO - [2023-03-29T23:58:02.215+0000] {dagbag.py:532} INFO - Filling up the DagBag from /home/airflow/.local/lib/python3.7/site-packages/airflow/example_dags/example_subdag_operator.py
[2023-03-29T23:58:02.329+0000] {processor.py:753} INFO - DAG(s) dict_keys(['example_subdag_operator.section-1', 'example_subdag_operator.section-2', 'example_subdag_operator']) retrieved from /home/airflow/.local/lib/python3.7/site-packages/airflow/example_dags/example_subdag_operator.py
[2023-03-29T23:58:02.382+0000] {logging_mixin.py:137} INFO - [2023-03-29T23:58:02.382+0000] {dag.py:2693} INFO - Sync 3 DAGs
[2023-03-29T23:58:02.444+0000] {logging_mixin.py:137} INFO - [2023-03-29T23:58:02.444+0000] {dag.py:3444} INFO - Setting next_dagrun for example_subdag_operator to 2022-01-01T00:00:00+00:00, run_after=2022-01-01T00:00:00+00:00
[2023-03-29T23:58:02.449+0000] {logging_mixin.py:137} INFO - [2023-03-29T23:58:02.448+0000] {dag.py:3444} INFO - Setting next_dagrun for example_subdag_operator.section-1 to None, run_after=None
[2023-03-29T23:58:02.456+0000] {logging_mixin.py:137} INFO - [2023-03-29T23:58:02.456+0000] {dag.py:3444} INFO - Setting next_dagrun for example_subdag_operator.section-2 to None, run_after=None
[2023-03-29T23:58:02.472+0000] {logging_mixin.py:137} INFO - [2023-03-29T23:58:02.472+0000] {dag.py:2693} INFO - Sync 2 DAGs
[2023-03-29T23:58:02.486+0000] {logging_mixin.py:137} INFO - [2023-03-29T23:58:02.486+0000] {dag.py:3444} INFO - Setting next_dagrun for example_subdag_operator.section-1 to None, run_after=None
[2023-03-29T23:58:02.486+0000] {logging_mixin.py:137} INFO - [2023-03-29T23:58:02.486+0000] {dag.py:3444} INFO - Setting next_dagrun for example_subdag_operator.section-2 to None, run_after=None
[2023-03-29T23:58:02.506+0000] {processor.py:175} INFO - Processing /home/airflow/.local/lib/python3.7/site-packages/airflow/example_dags/example_subdag_operator.py took 0.305 seconds
[2023-03-29T23:58:32.755+0000] {processor.py:153} INFO - Started process (PID=171) to work on /home/airflow/.local/lib/python3.7/site-packages/airflow/example_dags/example_subdag_operator.py
[2023-03-29T23:58:32.757+0000] {processor.py:743} INFO - Processing file /home/airflow/.local/lib/python3.7/site-packages/airflow/example_dags/example_subdag_operator.py for tasks to queue
[2023-03-29T23:58:32.757+0000] {logging_mixin.py:137} INFO - [2023-03-29T23:58:32.757+0000] {dagbag.py:532} INFO - Filling up the DagBag from /home/airflow/.local/lib/python3.7/site-packages/airflow/example_dags/example_subdag_operator.py
[2023-03-29T23:58:32.804+0000] {processor.py:753} INFO - DAG(s) dict_keys(['example_subdag_operator.section-1', 'example_subdag_operator.section-2', 'example_subdag_operator']) retrieved from /home/airflow/.local/lib/python3.7/site-packages/airflow/example_dags/example_subdag_operator.py
[2023-03-29T23:58:32.830+0000] {logging_mixin.py:137} INFO - [2023-03-29T23:58:32.830+0000] {dag.py:2693} INFO - Sync 3 DAGs
[2023-03-29T23:58:32.861+0000] {logging_mixin.py:137} INFO - [2023-03-29T23:58:32.861+0000] {dag.py:3444} INFO - Setting next_dagrun for example_subdag_operator to 2022-01-01T00:00:00+00:00, run_after=2022-01-01T00:00:00+00:00
[2023-03-29T23:58:32.865+0000] {logging_mixin.py:137} INFO - [2023-03-29T23:58:32.865+0000] {dag.py:3444} INFO - Setting next_dagrun for example_subdag_operator.section-1 to None, run_after=None
[2023-03-29T23:58:32.867+0000] {logging_mixin.py:137} INFO - [2023-03-29T23:58:32.867+0000] {dag.py:3444} INFO - Setting next_dagrun for example_subdag_operator.section-2 to None, run_after=None
[2023-03-29T23:58:32.874+0000] {logging_mixin.py:137} INFO - [2023-03-29T23:58:32.874+0000] {dag.py:2693} INFO - Sync 2 DAGs
[2023-03-29T23:58:32.881+0000] {logging_mixin.py:137} INFO - [2023-03-29T23:58:32.881+0000] {dag.py:3444} INFO - Setting next_dagrun for example_subdag_operator.section-1 to None, run_after=None
[2023-03-29T23:58:32.881+0000] {logging_mixin.py:137} INFO - [2023-03-29T23:58:32.881+0000] {dag.py:3444} INFO - Setting next_dagrun for example_subdag_operator.section-2 to None, run_after=None
[2023-03-29T23:58:32.894+0000] {processor.py:175} INFO - Processing /home/airflow/.local/lib/python3.7/site-packages/airflow/example_dags/example_subdag_operator.py took 0.143 seconds
[2023-03-29T23:59:03.168+0000] {processor.py:153} INFO - Started process (PID=221) to work on /home/airflow/.local/lib/python3.7/site-packages/airflow/example_dags/example_subdag_operator.py
[2023-03-29T23:59:03.169+0000] {processor.py:743} INFO - Processing file /home/airflow/.local/lib/python3.7/site-packages/airflow/example_dags/example_subdag_operator.py for tasks to queue
[2023-03-29T23:59:03.170+0000] {logging_mixin.py:137} INFO - [2023-03-29T23:59:03.170+0000] {dagbag.py:532} INFO - Filling up the DagBag from /home/airflow/.local/lib/python3.7/site-packages/airflow/example_dags/example_subdag_operator.py
[2023-03-29T23:59:03.209+0000] {processor.py:753} INFO - DAG(s) dict_keys(['example_subdag_operator.section-1', 'example_subdag_operator.section-2', 'example_subdag_operator']) retrieved from /home/airflow/.local/lib/python3.7/site-packages/airflow/example_dags/example_subdag_operator.py
[2023-03-29T23:59:03.240+0000] {logging_mixin.py:137} INFO - [2023-03-29T23:59:03.239+0000] {dag.py:2693} INFO - Sync 3 DAGs
[2023-03-29T23:59:03.272+0000] {logging_mixin.py:137} INFO - [2023-03-29T23:59:03.271+0000] {dag.py:3444} INFO - Setting next_dagrun for example_subdag_operator to 2022-01-01T00:00:00+00:00, run_after=2022-01-01T00:00:00+00:00
[2023-03-29T23:59:03.276+0000] {logging_mixin.py:137} INFO - [2023-03-29T23:59:03.276+0000] {dag.py:3444} INFO - Setting next_dagrun for example_subdag_operator.section-1 to None, run_after=None
[2023-03-29T23:59:03.277+0000] {logging_mixin.py:137} INFO - [2023-03-29T23:59:03.277+0000] {dag.py:3444} INFO - Setting next_dagrun for example_subdag_operator.section-2 to None, run_after=None
[2023-03-29T23:59:03.285+0000] {logging_mixin.py:137} INFO - [2023-03-29T23:59:03.285+0000] {dag.py:2693} INFO - Sync 2 DAGs
[2023-03-29T23:59:03.292+0000] {logging_mixin.py:137} INFO - [2023-03-29T23:59:03.292+0000] {dag.py:3444} INFO - Setting next_dagrun for example_subdag_operator.section-1 to None, run_after=None
[2023-03-29T23:59:03.292+0000] {logging_mixin.py:137} INFO - [2023-03-29T23:59:03.292+0000] {dag.py:3444} INFO - Setting next_dagrun for example_subdag_operator.section-2 to None, run_after=None
[2023-03-29T23:59:03.305+0000] {processor.py:175} INFO - Processing /home/airflow/.local/lib/python3.7/site-packages/airflow/example_dags/example_subdag_operator.py took 0.141 seconds
[2023-03-29T23:59:33.338+0000] {processor.py:153} INFO - Started process (PID=270) to work on /home/airflow/.local/lib/python3.7/site-packages/airflow/example_dags/example_subdag_operator.py
[2023-03-29T23:59:33.339+0000] {processor.py:743} INFO - Processing file /home/airflow/.local/lib/python3.7/site-packages/airflow/example_dags/example_subdag_operator.py for tasks to queue
[2023-03-29T23:59:33.340+0000] {logging_mixin.py:137} INFO - [2023-03-29T23:59:33.340+0000] {dagbag.py:532} INFO - Filling up the DagBag from /home/airflow/.local/lib/python3.7/site-packages/airflow/example_dags/example_subdag_operator.py
[2023-03-29T23:59:33.381+0000] {processor.py:753} INFO - DAG(s) dict_keys(['example_subdag_operator.section-1', 'example_subdag_operator.section-2', 'example_subdag_operator']) retrieved from /home/airflow/.local/lib/python3.7/site-packages/airflow/example_dags/example_subdag_operator.py
[2023-03-29T23:59:33.407+0000] {logging_mixin.py:137} INFO - [2023-03-29T23:59:33.406+0000] {dag.py:2693} INFO - Sync 3 DAGs
[2023-03-29T23:59:33.442+0000] {logging_mixin.py:137} INFO - [2023-03-29T23:59:33.442+0000] {dag.py:3444} INFO - Setting next_dagrun for example_subdag_operator to 2022-01-01T00:00:00+00:00, run_after=2022-01-01T00:00:00+00:00
[2023-03-29T23:59:33.446+0000] {logging_mixin.py:137} INFO - [2023-03-29T23:59:33.446+0000] {dag.py:3444} INFO - Setting next_dagrun for example_subdag_operator.section-1 to None, run_after=None
[2023-03-29T23:59:33.448+0000] {logging_mixin.py:137} INFO - [2023-03-29T23:59:33.448+0000] {dag.py:3444} INFO - Setting next_dagrun for example_subdag_operator.section-2 to None, run_after=None
[2023-03-29T23:59:33.457+0000] {logging_mixin.py:137} INFO - [2023-03-29T23:59:33.456+0000] {dag.py:2693} INFO - Sync 2 DAGs
[2023-03-29T23:59:33.463+0000] {logging_mixin.py:137} INFO - [2023-03-29T23:59:33.463+0000] {dag.py:3444} INFO - Setting next_dagrun for example_subdag_operator.section-1 to None, run_after=None
[2023-03-29T23:59:33.464+0000] {logging_mixin.py:137} INFO - [2023-03-29T23:59:33.464+0000] {dag.py:3444} INFO - Setting next_dagrun for example_subdag_operator.section-2 to None, run_after=None
[2023-03-29T23:59:33.478+0000] {processor.py:175} INFO - Processing /home/airflow/.local/lib/python3.7/site-packages/airflow/example_dags/example_subdag_operator.py took 0.143 seconds
