[2023-03-29T23:57:30.664+0000] {processor.py:153} INFO - Started process (PID=67) to work on /home/airflow/.local/lib/python3.7/site-packages/airflow/example_dags/example_task_group.py
[2023-03-29T23:57:30.678+0000] {processor.py:743} INFO - Processing file /home/airflow/.local/lib/python3.7/site-packages/airflow/example_dags/example_task_group.py for tasks to queue
[2023-03-29T23:57:30.679+0000] {logging_mixin.py:137} INFO - [2023-03-29T23:57:30.679+0000] {dagbag.py:532} INFO - Filling up the DagBag from /home/airflow/.local/lib/python3.7/site-packages/airflow/example_dags/example_task_group.py
[2023-03-29T23:57:30.822+0000] {processor.py:753} INFO - DAG(s) dict_keys(['example_task_group']) retrieved from /home/airflow/.local/lib/python3.7/site-packages/airflow/example_dags/example_task_group.py
[2023-03-29T23:57:30.962+0000] {logging_mixin.py:137} INFO - [2023-03-29T23:57:30.962+0000] {dag.py:2693} INFO - Sync 1 DAGs
[2023-03-29T23:57:31.099+0000] {logging_mixin.py:137} INFO - [2023-03-29T23:57:31.098+0000] {dag.py:3444} INFO - Setting next_dagrun for example_task_group to 2023-03-28T23:57:31.098414+00:00, run_after=2023-03-29T23:57:31.098414+00:00
[2023-03-29T23:57:31.195+0000] {processor.py:175} INFO - Processing /home/airflow/.local/lib/python3.7/site-packages/airflow/example_dags/example_task_group.py took 0.547 seconds
[2023-03-29T23:58:01.312+0000] {processor.py:153} INFO - Started process (PID=118) to work on /home/airflow/.local/lib/python3.7/site-packages/airflow/example_dags/example_task_group.py
[2023-03-29T23:58:01.315+0000] {processor.py:743} INFO - Processing file /home/airflow/.local/lib/python3.7/site-packages/airflow/example_dags/example_task_group.py for tasks to queue
[2023-03-29T23:58:01.316+0000] {logging_mixin.py:137} INFO - [2023-03-29T23:58:01.316+0000] {dagbag.py:532} INFO - Filling up the DagBag from /home/airflow/.local/lib/python3.7/site-packages/airflow/example_dags/example_task_group.py
[2023-03-29T23:58:01.379+0000] {processor.py:753} INFO - DAG(s) dict_keys(['example_task_group']) retrieved from /home/airflow/.local/lib/python3.7/site-packages/airflow/example_dags/example_task_group.py
[2023-03-29T23:58:01.457+0000] {logging_mixin.py:137} INFO - [2023-03-29T23:58:01.456+0000] {dag.py:2693} INFO - Sync 1 DAGs
[2023-03-29T23:58:01.527+0000] {logging_mixin.py:137} INFO - [2023-03-29T23:58:01.526+0000] {dag.py:3444} INFO - Setting next_dagrun for example_task_group to 2023-03-28T23:58:01.526574+00:00, run_after=2023-03-29T23:58:01.526574+00:00
[2023-03-29T23:58:01.578+0000] {processor.py:175} INFO - Processing /home/airflow/.local/lib/python3.7/site-packages/airflow/example_dags/example_task_group.py took 0.279 seconds
[2023-03-29T23:58:31.611+0000] {processor.py:153} INFO - Started process (PID=168) to work on /home/airflow/.local/lib/python3.7/site-packages/airflow/example_dags/example_task_group.py
[2023-03-29T23:58:31.612+0000] {processor.py:743} INFO - Processing file /home/airflow/.local/lib/python3.7/site-packages/airflow/example_dags/example_task_group.py for tasks to queue
[2023-03-29T23:58:31.613+0000] {logging_mixin.py:137} INFO - [2023-03-29T23:58:31.613+0000] {dagbag.py:532} INFO - Filling up the DagBag from /home/airflow/.local/lib/python3.7/site-packages/airflow/example_dags/example_task_group.py
[2023-03-29T23:58:31.633+0000] {processor.py:753} INFO - DAG(s) dict_keys(['example_task_group']) retrieved from /home/airflow/.local/lib/python3.7/site-packages/airflow/example_dags/example_task_group.py
[2023-03-29T23:58:31.665+0000] {logging_mixin.py:137} INFO - [2023-03-29T23:58:31.665+0000] {dag.py:2693} INFO - Sync 1 DAGs
[2023-03-29T23:58:31.695+0000] {logging_mixin.py:137} INFO - [2023-03-29T23:58:31.695+0000] {dag.py:3444} INFO - Setting next_dagrun for example_task_group to 2023-03-28T23:58:31.695339+00:00, run_after=2023-03-29T23:58:31.695339+00:00
[2023-03-29T23:58:31.716+0000] {processor.py:175} INFO - Processing /home/airflow/.local/lib/python3.7/site-packages/airflow/example_dags/example_task_group.py took 0.108 seconds
[2023-03-29T23:59:02.023+0000] {processor.py:153} INFO - Started process (PID=218) to work on /home/airflow/.local/lib/python3.7/site-packages/airflow/example_dags/example_task_group.py
[2023-03-29T23:59:02.025+0000] {processor.py:743} INFO - Processing file /home/airflow/.local/lib/python3.7/site-packages/airflow/example_dags/example_task_group.py for tasks to queue
[2023-03-29T23:59:02.025+0000] {logging_mixin.py:137} INFO - [2023-03-29T23:59:02.025+0000] {dagbag.py:532} INFO - Filling up the DagBag from /home/airflow/.local/lib/python3.7/site-packages/airflow/example_dags/example_task_group.py
[2023-03-29T23:59:02.045+0000] {processor.py:753} INFO - DAG(s) dict_keys(['example_task_group']) retrieved from /home/airflow/.local/lib/python3.7/site-packages/airflow/example_dags/example_task_group.py
[2023-03-29T23:59:02.077+0000] {logging_mixin.py:137} INFO - [2023-03-29T23:59:02.077+0000] {dag.py:2693} INFO - Sync 1 DAGs
[2023-03-29T23:59:02.110+0000] {logging_mixin.py:137} INFO - [2023-03-29T23:59:02.110+0000] {dag.py:3444} INFO - Setting next_dagrun for example_task_group to 2023-03-28T23:59:02.109340+00:00, run_after=2023-03-29T23:59:02.109340+00:00
[2023-03-29T23:59:02.132+0000] {processor.py:175} INFO - Processing /home/airflow/.local/lib/python3.7/site-packages/airflow/example_dags/example_task_group.py took 0.114 seconds
[2023-03-29T23:59:33.024+0000] {processor.py:153} INFO - Started process (PID=267) to work on /home/airflow/.local/lib/python3.7/site-packages/airflow/example_dags/example_task_group.py
[2023-03-29T23:59:33.025+0000] {processor.py:743} INFO - Processing file /home/airflow/.local/lib/python3.7/site-packages/airflow/example_dags/example_task_group.py for tasks to queue
[2023-03-29T23:59:33.026+0000] {logging_mixin.py:137} INFO - [2023-03-29T23:59:33.026+0000] {dagbag.py:532} INFO - Filling up the DagBag from /home/airflow/.local/lib/python3.7/site-packages/airflow/example_dags/example_task_group.py
[2023-03-29T23:59:33.056+0000] {processor.py:753} INFO - DAG(s) dict_keys(['example_task_group']) retrieved from /home/airflow/.local/lib/python3.7/site-packages/airflow/example_dags/example_task_group.py
[2023-03-29T23:59:33.102+0000] {logging_mixin.py:137} INFO - [2023-03-29T23:59:33.102+0000] {dag.py:2693} INFO - Sync 1 DAGs
[2023-03-29T23:59:33.154+0000] {logging_mixin.py:137} INFO - [2023-03-29T23:59:33.153+0000] {dag.py:3444} INFO - Setting next_dagrun for example_task_group to 2023-03-28T23:59:33.152180+00:00, run_after=2023-03-29T23:59:33.152180+00:00
[2023-03-29T23:59:33.177+0000] {processor.py:175} INFO - Processing /home/airflow/.local/lib/python3.7/site-packages/airflow/example_dags/example_task_group.py took 0.158 seconds
