[2023-03-29T23:57:28.367+0000] {processor.py:153} INFO - Started process (PID=61) to work on /home/airflow/.local/lib/python3.7/site-packages/airflow/example_dags/example_python_operator.py
[2023-03-29T23:57:28.382+0000] {processor.py:743} INFO - Processing file /home/airflow/.local/lib/python3.7/site-packages/airflow/example_dags/example_python_operator.py for tasks to queue
[2023-03-29T23:57:28.383+0000] {logging_mixin.py:137} INFO - [2023-03-29T23:57:28.383+0000] {dagbag.py:532} INFO - Filling up the DagBag from /home/airflow/.local/lib/python3.7/site-packages/airflow/example_dags/example_python_operator.py
[2023-03-29T23:57:28.530+0000] {logging_mixin.py:137} INFO - [2023-03-29T23:57:28.530+0000] {taskmixin.py:211} WARNING - Dependency <Task(_PythonDecoratedOperator): print_the_context>, log_sql_query already registered for DAG: example_python_operator
[2023-03-29T23:57:28.531+0000] {logging_mixin.py:137} INFO - [2023-03-29T23:57:28.530+0000] {taskmixin.py:211} WARNING - Dependency <Task(_PythonDecoratedOperator): log_sql_query>, print_the_context already registered for DAG: example_python_operator
[2023-03-29T23:57:28.531+0000] {logging_mixin.py:137} INFO - [2023-03-29T23:57:28.531+0000] {taskmixin.py:211} WARNING - Dependency <Task(_PythonDecoratedOperator): print_the_context>, log_sql_query already registered for DAG: example_python_operator
[2023-03-29T23:57:28.532+0000] {logging_mixin.py:137} INFO - [2023-03-29T23:57:28.532+0000] {taskmixin.py:211} WARNING - Dependency <Task(_PythonDecoratedOperator): log_sql_query>, print_the_context already registered for DAG: example_python_operator
[2023-03-29T23:57:28.533+0000] {logging_mixin.py:137} INFO - [2023-03-29T23:57:28.532+0000] {taskmixin.py:211} WARNING - Dependency <Task(_PythonDecoratedOperator): print_the_context>, log_sql_query already registered for DAG: example_python_operator
[2023-03-29T23:57:28.533+0000] {logging_mixin.py:137} INFO - [2023-03-29T23:57:28.533+0000] {taskmixin.py:211} WARNING - Dependency <Task(_PythonDecoratedOperator): log_sql_query>, print_the_context already registered for DAG: example_python_operator
[2023-03-29T23:57:28.547+0000] {logging_mixin.py:137} INFO - [2023-03-29T23:57:28.546+0000] {taskmixin.py:211} WARNING - Dependency <Task(_PythonDecoratedOperator): print_the_context>, log_sql_query already registered for DAG: example_python_operator
[2023-03-29T23:57:28.547+0000] {logging_mixin.py:137} INFO - [2023-03-29T23:57:28.547+0000] {taskmixin.py:211} WARNING - Dependency <Task(_PythonDecoratedOperator): log_sql_query>, print_the_context already registered for DAG: example_python_operator
[2023-03-29T23:57:28.593+0000] {processor.py:753} INFO - DAG(s) dict_keys(['example_python_operator']) retrieved from /home/airflow/.local/lib/python3.7/site-packages/airflow/example_dags/example_python_operator.py
[2023-03-29T23:57:28.919+0000] {logging_mixin.py:137} INFO - [2023-03-29T23:57:28.918+0000] {dag.py:2693} INFO - Sync 1 DAGs
[2023-03-29T23:57:29.011+0000] {logging_mixin.py:137} INFO - [2023-03-29T23:57:29.010+0000] {dag.py:3444} INFO - Setting next_dagrun for example_python_operator to None, run_after=None
[2023-03-29T23:57:29.130+0000] {processor.py:175} INFO - Processing /home/airflow/.local/lib/python3.7/site-packages/airflow/example_dags/example_python_operator.py took 0.767 seconds
[2023-03-29T23:57:59.796+0000] {processor.py:153} INFO - Started process (PID=112) to work on /home/airflow/.local/lib/python3.7/site-packages/airflow/example_dags/example_python_operator.py
[2023-03-29T23:57:59.797+0000] {processor.py:743} INFO - Processing file /home/airflow/.local/lib/python3.7/site-packages/airflow/example_dags/example_python_operator.py for tasks to queue
[2023-03-29T23:57:59.798+0000] {logging_mixin.py:137} INFO - [2023-03-29T23:57:59.798+0000] {dagbag.py:532} INFO - Filling up the DagBag from /home/airflow/.local/lib/python3.7/site-packages/airflow/example_dags/example_python_operator.py
[2023-03-29T23:57:59.828+0000] {logging_mixin.py:137} INFO - [2023-03-29T23:57:59.828+0000] {taskmixin.py:211} WARNING - Dependency <Task(_PythonDecoratedOperator): print_the_context>, log_sql_query already registered for DAG: example_python_operator
[2023-03-29T23:57:59.829+0000] {logging_mixin.py:137} INFO - [2023-03-29T23:57:59.829+0000] {taskmixin.py:211} WARNING - Dependency <Task(_PythonDecoratedOperator): log_sql_query>, print_the_context already registered for DAG: example_python_operator
[2023-03-29T23:57:59.830+0000] {logging_mixin.py:137} INFO - [2023-03-29T23:57:59.830+0000] {taskmixin.py:211} WARNING - Dependency <Task(_PythonDecoratedOperator): print_the_context>, log_sql_query already registered for DAG: example_python_operator
[2023-03-29T23:57:59.830+0000] {logging_mixin.py:137} INFO - [2023-03-29T23:57:59.830+0000] {taskmixin.py:211} WARNING - Dependency <Task(_PythonDecoratedOperator): log_sql_query>, print_the_context already registered for DAG: example_python_operator
[2023-03-29T23:57:59.831+0000] {logging_mixin.py:137} INFO - [2023-03-29T23:57:59.831+0000] {taskmixin.py:211} WARNING - Dependency <Task(_PythonDecoratedOperator): print_the_context>, log_sql_query already registered for DAG: example_python_operator
[2023-03-29T23:57:59.832+0000] {logging_mixin.py:137} INFO - [2023-03-29T23:57:59.832+0000] {taskmixin.py:211} WARNING - Dependency <Task(_PythonDecoratedOperator): log_sql_query>, print_the_context already registered for DAG: example_python_operator
[2023-03-29T23:57:59.833+0000] {logging_mixin.py:137} INFO - [2023-03-29T23:57:59.833+0000] {taskmixin.py:211} WARNING - Dependency <Task(_PythonDecoratedOperator): print_the_context>, log_sql_query already registered for DAG: example_python_operator
[2023-03-29T23:57:59.833+0000] {logging_mixin.py:137} INFO - [2023-03-29T23:57:59.833+0000] {taskmixin.py:211} WARNING - Dependency <Task(_PythonDecoratedOperator): log_sql_query>, print_the_context already registered for DAG: example_python_operator
[2023-03-29T23:57:59.850+0000] {processor.py:753} INFO - DAG(s) dict_keys(['example_python_operator']) retrieved from /home/airflow/.local/lib/python3.7/site-packages/airflow/example_dags/example_python_operator.py
[2023-03-29T23:57:59.921+0000] {logging_mixin.py:137} INFO - [2023-03-29T23:57:59.920+0000] {dag.py:2693} INFO - Sync 1 DAGs
[2023-03-29T23:57:59.993+0000] {logging_mixin.py:137} INFO - [2023-03-29T23:57:59.992+0000] {dag.py:3444} INFO - Setting next_dagrun for example_python_operator to None, run_after=None
[2023-03-29T23:58:00.047+0000] {processor.py:175} INFO - Processing /home/airflow/.local/lib/python3.7/site-packages/airflow/example_dags/example_python_operator.py took 0.255 seconds
[2023-03-29T23:58:30.140+0000] {processor.py:153} INFO - Started process (PID=162) to work on /home/airflow/.local/lib/python3.7/site-packages/airflow/example_dags/example_python_operator.py
[2023-03-29T23:58:30.141+0000] {processor.py:743} INFO - Processing file /home/airflow/.local/lib/python3.7/site-packages/airflow/example_dags/example_python_operator.py for tasks to queue
[2023-03-29T23:58:30.142+0000] {logging_mixin.py:137} INFO - [2023-03-29T23:58:30.142+0000] {dagbag.py:532} INFO - Filling up the DagBag from /home/airflow/.local/lib/python3.7/site-packages/airflow/example_dags/example_python_operator.py
[2023-03-29T23:58:30.170+0000] {logging_mixin.py:137} INFO - [2023-03-29T23:58:30.170+0000] {taskmixin.py:211} WARNING - Dependency <Task(_PythonDecoratedOperator): print_the_context>, log_sql_query already registered for DAG: example_python_operator
[2023-03-29T23:58:30.170+0000] {logging_mixin.py:137} INFO - [2023-03-29T23:58:30.170+0000] {taskmixin.py:211} WARNING - Dependency <Task(_PythonDecoratedOperator): log_sql_query>, print_the_context already registered for DAG: example_python_operator
[2023-03-29T23:58:30.171+0000] {logging_mixin.py:137} INFO - [2023-03-29T23:58:30.171+0000] {taskmixin.py:211} WARNING - Dependency <Task(_PythonDecoratedOperator): print_the_context>, log_sql_query already registered for DAG: example_python_operator
[2023-03-29T23:58:30.172+0000] {logging_mixin.py:137} INFO - [2023-03-29T23:58:30.171+0000] {taskmixin.py:211} WARNING - Dependency <Task(_PythonDecoratedOperator): log_sql_query>, print_the_context already registered for DAG: example_python_operator
[2023-03-29T23:58:30.172+0000] {logging_mixin.py:137} INFO - [2023-03-29T23:58:30.172+0000] {taskmixin.py:211} WARNING - Dependency <Task(_PythonDecoratedOperator): print_the_context>, log_sql_query already registered for DAG: example_python_operator
[2023-03-29T23:58:30.173+0000] {logging_mixin.py:137} INFO - [2023-03-29T23:58:30.173+0000] {taskmixin.py:211} WARNING - Dependency <Task(_PythonDecoratedOperator): log_sql_query>, print_the_context already registered for DAG: example_python_operator
[2023-03-29T23:58:30.174+0000] {logging_mixin.py:137} INFO - [2023-03-29T23:58:30.173+0000] {taskmixin.py:211} WARNING - Dependency <Task(_PythonDecoratedOperator): print_the_context>, log_sql_query already registered for DAG: example_python_operator
[2023-03-29T23:58:30.174+0000] {logging_mixin.py:137} INFO - [2023-03-29T23:58:30.174+0000] {taskmixin.py:211} WARNING - Dependency <Task(_PythonDecoratedOperator): log_sql_query>, print_the_context already registered for DAG: example_python_operator
[2023-03-29T23:58:30.189+0000] {processor.py:753} INFO - DAG(s) dict_keys(['example_python_operator']) retrieved from /home/airflow/.local/lib/python3.7/site-packages/airflow/example_dags/example_python_operator.py
[2023-03-29T23:58:30.232+0000] {logging_mixin.py:137} INFO - [2023-03-29T23:58:30.232+0000] {dag.py:2693} INFO - Sync 1 DAGs
[2023-03-29T23:58:30.287+0000] {logging_mixin.py:137} INFO - [2023-03-29T23:58:30.286+0000] {dag.py:3444} INFO - Setting next_dagrun for example_python_operator to None, run_after=None
[2023-03-29T23:58:30.308+0000] {processor.py:175} INFO - Processing /home/airflow/.local/lib/python3.7/site-packages/airflow/example_dags/example_python_operator.py took 0.173 seconds
[2023-03-29T23:59:00.362+0000] {processor.py:153} INFO - Started process (PID=212) to work on /home/airflow/.local/lib/python3.7/site-packages/airflow/example_dags/example_python_operator.py
[2023-03-29T23:59:00.363+0000] {processor.py:743} INFO - Processing file /home/airflow/.local/lib/python3.7/site-packages/airflow/example_dags/example_python_operator.py for tasks to queue
[2023-03-29T23:59:00.363+0000] {logging_mixin.py:137} INFO - [2023-03-29T23:59:00.363+0000] {dagbag.py:532} INFO - Filling up the DagBag from /home/airflow/.local/lib/python3.7/site-packages/airflow/example_dags/example_python_operator.py
[2023-03-29T23:59:00.387+0000] {logging_mixin.py:137} INFO - [2023-03-29T23:59:00.386+0000] {taskmixin.py:211} WARNING - Dependency <Task(_PythonDecoratedOperator): print_the_context>, log_sql_query already registered for DAG: example_python_operator
[2023-03-29T23:59:00.387+0000] {logging_mixin.py:137} INFO - [2023-03-29T23:59:00.387+0000] {taskmixin.py:211} WARNING - Dependency <Task(_PythonDecoratedOperator): log_sql_query>, print_the_context already registered for DAG: example_python_operator
[2023-03-29T23:59:00.388+0000] {logging_mixin.py:137} INFO - [2023-03-29T23:59:00.388+0000] {taskmixin.py:211} WARNING - Dependency <Task(_PythonDecoratedOperator): print_the_context>, log_sql_query already registered for DAG: example_python_operator
[2023-03-29T23:59:00.388+0000] {logging_mixin.py:137} INFO - [2023-03-29T23:59:00.388+0000] {taskmixin.py:211} WARNING - Dependency <Task(_PythonDecoratedOperator): log_sql_query>, print_the_context already registered for DAG: example_python_operator
[2023-03-29T23:59:00.389+0000] {logging_mixin.py:137} INFO - [2023-03-29T23:59:00.389+0000] {taskmixin.py:211} WARNING - Dependency <Task(_PythonDecoratedOperator): print_the_context>, log_sql_query already registered for DAG: example_python_operator
[2023-03-29T23:59:00.389+0000] {logging_mixin.py:137} INFO - [2023-03-29T23:59:00.389+0000] {taskmixin.py:211} WARNING - Dependency <Task(_PythonDecoratedOperator): log_sql_query>, print_the_context already registered for DAG: example_python_operator
[2023-03-29T23:59:00.390+0000] {logging_mixin.py:137} INFO - [2023-03-29T23:59:00.390+0000] {taskmixin.py:211} WARNING - Dependency <Task(_PythonDecoratedOperator): print_the_context>, log_sql_query already registered for DAG: example_python_operator
[2023-03-29T23:59:00.390+0000] {logging_mixin.py:137} INFO - [2023-03-29T23:59:00.390+0000] {taskmixin.py:211} WARNING - Dependency <Task(_PythonDecoratedOperator): log_sql_query>, print_the_context already registered for DAG: example_python_operator
[2023-03-29T23:59:00.399+0000] {processor.py:753} INFO - DAG(s) dict_keys(['example_python_operator']) retrieved from /home/airflow/.local/lib/python3.7/site-packages/airflow/example_dags/example_python_operator.py
[2023-03-29T23:59:00.435+0000] {logging_mixin.py:137} INFO - [2023-03-29T23:59:00.435+0000] {dag.py:2693} INFO - Sync 1 DAGs
[2023-03-29T23:59:00.467+0000] {logging_mixin.py:137} INFO - [2023-03-29T23:59:00.467+0000] {dag.py:3444} INFO - Setting next_dagrun for example_python_operator to None, run_after=None
[2023-03-29T23:59:00.489+0000] {processor.py:175} INFO - Processing /home/airflow/.local/lib/python3.7/site-packages/airflow/example_dags/example_python_operator.py took 0.130 seconds
[2023-03-29T23:59:31.439+0000] {processor.py:153} INFO - Started process (PID=261) to work on /home/airflow/.local/lib/python3.7/site-packages/airflow/example_dags/example_python_operator.py
[2023-03-29T23:59:31.440+0000] {processor.py:743} INFO - Processing file /home/airflow/.local/lib/python3.7/site-packages/airflow/example_dags/example_python_operator.py for tasks to queue
[2023-03-29T23:59:31.441+0000] {logging_mixin.py:137} INFO - [2023-03-29T23:59:31.441+0000] {dagbag.py:532} INFO - Filling up the DagBag from /home/airflow/.local/lib/python3.7/site-packages/airflow/example_dags/example_python_operator.py
[2023-03-29T23:59:31.468+0000] {logging_mixin.py:137} INFO - [2023-03-29T23:59:31.467+0000] {taskmixin.py:211} WARNING - Dependency <Task(_PythonDecoratedOperator): print_the_context>, log_sql_query already registered for DAG: example_python_operator
[2023-03-29T23:59:31.468+0000] {logging_mixin.py:137} INFO - [2023-03-29T23:59:31.468+0000] {taskmixin.py:211} WARNING - Dependency <Task(_PythonDecoratedOperator): log_sql_query>, print_the_context already registered for DAG: example_python_operator
[2023-03-29T23:59:31.469+0000] {logging_mixin.py:137} INFO - [2023-03-29T23:59:31.469+0000] {taskmixin.py:211} WARNING - Dependency <Task(_PythonDecoratedOperator): print_the_context>, log_sql_query already registered for DAG: example_python_operator
[2023-03-29T23:59:31.469+0000] {logging_mixin.py:137} INFO - [2023-03-29T23:59:31.469+0000] {taskmixin.py:211} WARNING - Dependency <Task(_PythonDecoratedOperator): log_sql_query>, print_the_context already registered for DAG: example_python_operator
[2023-03-29T23:59:31.470+0000] {logging_mixin.py:137} INFO - [2023-03-29T23:59:31.470+0000] {taskmixin.py:211} WARNING - Dependency <Task(_PythonDecoratedOperator): print_the_context>, log_sql_query already registered for DAG: example_python_operator
[2023-03-29T23:59:31.470+0000] {logging_mixin.py:137} INFO - [2023-03-29T23:59:31.470+0000] {taskmixin.py:211} WARNING - Dependency <Task(_PythonDecoratedOperator): log_sql_query>, print_the_context already registered for DAG: example_python_operator
[2023-03-29T23:59:31.471+0000] {logging_mixin.py:137} INFO - [2023-03-29T23:59:31.471+0000] {taskmixin.py:211} WARNING - Dependency <Task(_PythonDecoratedOperator): print_the_context>, log_sql_query already registered for DAG: example_python_operator
[2023-03-29T23:59:31.471+0000] {logging_mixin.py:137} INFO - [2023-03-29T23:59:31.471+0000] {taskmixin.py:211} WARNING - Dependency <Task(_PythonDecoratedOperator): log_sql_query>, print_the_context already registered for DAG: example_python_operator
[2023-03-29T23:59:31.482+0000] {processor.py:753} INFO - DAG(s) dict_keys(['example_python_operator']) retrieved from /home/airflow/.local/lib/python3.7/site-packages/airflow/example_dags/example_python_operator.py
[2023-03-29T23:59:31.519+0000] {logging_mixin.py:137} INFO - [2023-03-29T23:59:31.519+0000] {dag.py:2693} INFO - Sync 1 DAGs
[2023-03-29T23:59:31.560+0000] {logging_mixin.py:137} INFO - [2023-03-29T23:59:31.560+0000] {dag.py:3444} INFO - Setting next_dagrun for example_python_operator to None, run_after=None
[2023-03-29T23:59:31.590+0000] {processor.py:175} INFO - Processing /home/airflow/.local/lib/python3.7/site-packages/airflow/example_dags/example_python_operator.py took 0.156 seconds
