[2023-03-29T23:57:24.275+0000] {processor.py:153} INFO - Started process (PID=50) to work on /home/airflow/.local/lib/python3.7/site-packages/airflow/example_dags/example_branch_labels.py
[2023-03-29T23:57:24.276+0000] {processor.py:743} INFO - Processing file /home/airflow/.local/lib/python3.7/site-packages/airflow/example_dags/example_branch_labels.py for tasks to queue
[2023-03-29T23:57:24.293+0000] {logging_mixin.py:137} INFO - [2023-03-29T23:57:24.277+0000] {dagbag.py:532} INFO - Filling up the DagBag from /home/airflow/.local/lib/python3.7/site-packages/airflow/example_dags/example_branch_labels.py
[2023-03-29T23:57:24.456+0000] {processor.py:753} INFO - DAG(s) dict_keys(['example_branch_labels']) retrieved from /home/airflow/.local/lib/python3.7/site-packages/airflow/example_dags/example_branch_labels.py
[2023-03-29T23:57:24.662+0000] {logging_mixin.py:137} INFO - [2023-03-29T23:57:24.662+0000] {dag.py:2693} INFO - Sync 1 DAGs
[2023-03-29T23:57:24.789+0000] {logging_mixin.py:137} INFO - [2023-03-29T23:57:24.789+0000] {dag.py:3444} INFO - Setting next_dagrun for example_branch_labels to 2023-03-28T00:00:00+00:00, run_after=2023-03-29T00:00:00+00:00
[2023-03-29T23:57:24.868+0000] {processor.py:175} INFO - Processing /home/airflow/.local/lib/python3.7/site-packages/airflow/example_dags/example_branch_labels.py took 0.613 seconds
[2023-03-29T23:57:55.016+0000] {processor.py:153} INFO - Started process (PID=101) to work on /home/airflow/.local/lib/python3.7/site-packages/airflow/example_dags/example_branch_labels.py
[2023-03-29T23:57:55.017+0000] {processor.py:743} INFO - Processing file /home/airflow/.local/lib/python3.7/site-packages/airflow/example_dags/example_branch_labels.py for tasks to queue
[2023-03-29T23:57:55.018+0000] {logging_mixin.py:137} INFO - [2023-03-29T23:57:55.018+0000] {dagbag.py:532} INFO - Filling up the DagBag from /home/airflow/.local/lib/python3.7/site-packages/airflow/example_dags/example_branch_labels.py
[2023-03-29T23:57:55.040+0000] {processor.py:753} INFO - DAG(s) dict_keys(['example_branch_labels']) retrieved from /home/airflow/.local/lib/python3.7/site-packages/airflow/example_dags/example_branch_labels.py
[2023-03-29T23:57:55.073+0000] {logging_mixin.py:137} INFO - [2023-03-29T23:57:55.073+0000] {dag.py:2693} INFO - Sync 1 DAGs
[2023-03-29T23:57:55.107+0000] {logging_mixin.py:137} INFO - [2023-03-29T23:57:55.107+0000] {dag.py:3444} INFO - Setting next_dagrun for example_branch_labels to 2023-03-28T00:00:00+00:00, run_after=2023-03-29T00:00:00+00:00
[2023-03-29T23:57:55.129+0000] {processor.py:175} INFO - Processing /home/airflow/.local/lib/python3.7/site-packages/airflow/example_dags/example_branch_labels.py took 0.116 seconds
[2023-03-29T23:58:25.476+0000] {processor.py:153} INFO - Started process (PID=151) to work on /home/airflow/.local/lib/python3.7/site-packages/airflow/example_dags/example_branch_labels.py
[2023-03-29T23:58:25.477+0000] {processor.py:743} INFO - Processing file /home/airflow/.local/lib/python3.7/site-packages/airflow/example_dags/example_branch_labels.py for tasks to queue
[2023-03-29T23:58:25.477+0000] {logging_mixin.py:137} INFO - [2023-03-29T23:58:25.477+0000] {dagbag.py:532} INFO - Filling up the DagBag from /home/airflow/.local/lib/python3.7/site-packages/airflow/example_dags/example_branch_labels.py
[2023-03-29T23:58:25.498+0000] {processor.py:753} INFO - DAG(s) dict_keys(['example_branch_labels']) retrieved from /home/airflow/.local/lib/python3.7/site-packages/airflow/example_dags/example_branch_labels.py
[2023-03-29T23:58:25.535+0000] {logging_mixin.py:137} INFO - [2023-03-29T23:58:25.535+0000] {dag.py:2693} INFO - Sync 1 DAGs
[2023-03-29T23:58:25.571+0000] {logging_mixin.py:137} INFO - [2023-03-29T23:58:25.571+0000] {dag.py:3444} INFO - Setting next_dagrun for example_branch_labels to 2023-03-28T00:00:00+00:00, run_after=2023-03-29T00:00:00+00:00
[2023-03-29T23:58:25.593+0000] {processor.py:175} INFO - Processing /home/airflow/.local/lib/python3.7/site-packages/airflow/example_dags/example_branch_labels.py took 0.121 seconds
[2023-03-29T23:58:55.693+0000] {processor.py:153} INFO - Started process (PID=201) to work on /home/airflow/.local/lib/python3.7/site-packages/airflow/example_dags/example_branch_labels.py
[2023-03-29T23:58:55.694+0000] {processor.py:743} INFO - Processing file /home/airflow/.local/lib/python3.7/site-packages/airflow/example_dags/example_branch_labels.py for tasks to queue
[2023-03-29T23:58:55.695+0000] {logging_mixin.py:137} INFO - [2023-03-29T23:58:55.695+0000] {dagbag.py:532} INFO - Filling up the DagBag from /home/airflow/.local/lib/python3.7/site-packages/airflow/example_dags/example_branch_labels.py
[2023-03-29T23:58:55.713+0000] {processor.py:753} INFO - DAG(s) dict_keys(['example_branch_labels']) retrieved from /home/airflow/.local/lib/python3.7/site-packages/airflow/example_dags/example_branch_labels.py
[2023-03-29T23:58:55.750+0000] {logging_mixin.py:137} INFO - [2023-03-29T23:58:55.750+0000] {dag.py:2693} INFO - Sync 1 DAGs
[2023-03-29T23:58:55.783+0000] {logging_mixin.py:137} INFO - [2023-03-29T23:58:55.783+0000] {dag.py:3444} INFO - Setting next_dagrun for example_branch_labels to 2023-03-28T00:00:00+00:00, run_after=2023-03-29T00:00:00+00:00
[2023-03-29T23:58:55.805+0000] {processor.py:175} INFO - Processing /home/airflow/.local/lib/python3.7/site-packages/airflow/example_dags/example_branch_labels.py took 0.116 seconds
[2023-03-29T23:59:25.890+0000] {processor.py:153} INFO - Started process (PID=250) to work on /home/airflow/.local/lib/python3.7/site-packages/airflow/example_dags/example_branch_labels.py
[2023-03-29T23:59:25.890+0000] {processor.py:743} INFO - Processing file /home/airflow/.local/lib/python3.7/site-packages/airflow/example_dags/example_branch_labels.py for tasks to queue
[2023-03-29T23:59:25.891+0000] {logging_mixin.py:137} INFO - [2023-03-29T23:59:25.891+0000] {dagbag.py:532} INFO - Filling up the DagBag from /home/airflow/.local/lib/python3.7/site-packages/airflow/example_dags/example_branch_labels.py
[2023-03-29T23:59:25.912+0000] {processor.py:753} INFO - DAG(s) dict_keys(['example_branch_labels']) retrieved from /home/airflow/.local/lib/python3.7/site-packages/airflow/example_dags/example_branch_labels.py
[2023-03-29T23:59:25.946+0000] {logging_mixin.py:137} INFO - [2023-03-29T23:59:25.946+0000] {dag.py:2693} INFO - Sync 1 DAGs
[2023-03-29T23:59:25.980+0000] {logging_mixin.py:137} INFO - [2023-03-29T23:59:25.980+0000] {dag.py:3444} INFO - Setting next_dagrun for example_branch_labels to 2023-03-28T00:00:00+00:00, run_after=2023-03-29T00:00:00+00:00
[2023-03-29T23:59:26.003+0000] {processor.py:175} INFO - Processing /home/airflow/.local/lib/python3.7/site-packages/airflow/example_dags/example_branch_labels.py took 0.120 seconds
[2023-03-29T23:59:56.158+0000] {processor.py:153} INFO - Started process (PID=300) to work on /home/airflow/.local/lib/python3.7/site-packages/airflow/example_dags/example_branch_labels.py
[2023-03-29T23:59:56.160+0000] {processor.py:743} INFO - Processing file /home/airflow/.local/lib/python3.7/site-packages/airflow/example_dags/example_branch_labels.py for tasks to queue
[2023-03-29T23:59:56.163+0000] {logging_mixin.py:137} INFO - [2023-03-29T23:59:56.161+0000] {dagbag.py:532} INFO - Filling up the DagBag from /home/airflow/.local/lib/python3.7/site-packages/airflow/example_dags/example_branch_labels.py
[2023-03-29T23:59:56.196+0000] {processor.py:753} INFO - DAG(s) dict_keys(['example_branch_labels']) retrieved from /home/airflow/.local/lib/python3.7/site-packages/airflow/example_dags/example_branch_labels.py
[2023-03-29T23:59:56.231+0000] {logging_mixin.py:137} INFO - [2023-03-29T23:59:56.231+0000] {dag.py:2693} INFO - Sync 1 DAGs
[2023-03-29T23:59:56.272+0000] {logging_mixin.py:137} INFO - [2023-03-29T23:59:56.272+0000] {dag.py:3444} INFO - Setting next_dagrun for example_branch_labels to 2023-03-28T00:00:00+00:00, run_after=2023-03-29T00:00:00+00:00
[2023-03-29T23:59:56.307+0000] {processor.py:175} INFO - Processing /home/airflow/.local/lib/python3.7/site-packages/airflow/example_dags/example_branch_labels.py took 0.156 seconds
