[2023-03-29T23:57:33.431+0000] {processor.py:153} INFO - Started process (PID=77) to work on /home/airflow/.local/lib/python3.7/site-packages/airflow/example_dags/example_nested_branch_dag.py
[2023-03-29T23:57:33.434+0000] {processor.py:743} INFO - Processing file /home/airflow/.local/lib/python3.7/site-packages/airflow/example_dags/example_nested_branch_dag.py for tasks to queue
[2023-03-29T23:57:33.435+0000] {logging_mixin.py:137} INFO - [2023-03-29T23:57:33.434+0000] {dagbag.py:532} INFO - Filling up the DagBag from /home/airflow/.local/lib/python3.7/site-packages/airflow/example_dags/example_nested_branch_dag.py
[2023-03-29T23:57:33.549+0000] {processor.py:753} INFO - DAG(s) dict_keys(['example_nested_branch_dag']) retrieved from /home/airflow/.local/lib/python3.7/site-packages/airflow/example_dags/example_nested_branch_dag.py
[2023-03-29T23:57:33.649+0000] {logging_mixin.py:137} INFO - [2023-03-29T23:57:33.649+0000] {dag.py:2693} INFO - Sync 1 DAGs
[2023-03-29T23:57:33.804+0000] {logging_mixin.py:137} INFO - [2023-03-29T23:57:33.803+0000] {dag.py:3444} INFO - Setting next_dagrun for example_nested_branch_dag to 2023-03-28T00:00:00+00:00, run_after=2023-03-29T00:00:00+00:00
[2023-03-29T23:57:33.921+0000] {processor.py:175} INFO - Processing /home/airflow/.local/lib/python3.7/site-packages/airflow/example_dags/example_nested_branch_dag.py took 0.502 seconds
[2023-03-29T23:58:04.054+0000] {processor.py:153} INFO - Started process (PID=130) to work on /home/airflow/.local/lib/python3.7/site-packages/airflow/example_dags/example_nested_branch_dag.py
[2023-03-29T23:58:04.055+0000] {processor.py:743} INFO - Processing file /home/airflow/.local/lib/python3.7/site-packages/airflow/example_dags/example_nested_branch_dag.py for tasks to queue
[2023-03-29T23:58:04.056+0000] {logging_mixin.py:137} INFO - [2023-03-29T23:58:04.056+0000] {dagbag.py:532} INFO - Filling up the DagBag from /home/airflow/.local/lib/python3.7/site-packages/airflow/example_dags/example_nested_branch_dag.py
[2023-03-29T23:58:04.172+0000] {processor.py:753} INFO - DAG(s) dict_keys(['example_nested_branch_dag']) retrieved from /home/airflow/.local/lib/python3.7/site-packages/airflow/example_dags/example_nested_branch_dag.py
[2023-03-29T23:58:04.299+0000] {logging_mixin.py:137} INFO - [2023-03-29T23:58:04.299+0000] {dag.py:2693} INFO - Sync 1 DAGs
[2023-03-29T23:58:04.405+0000] {logging_mixin.py:137} INFO - [2023-03-29T23:58:04.405+0000] {dag.py:3444} INFO - Setting next_dagrun for example_nested_branch_dag to 2023-03-28T00:00:00+00:00, run_after=2023-03-29T00:00:00+00:00
[2023-03-29T23:58:04.504+0000] {processor.py:175} INFO - Processing /home/airflow/.local/lib/python3.7/site-packages/airflow/example_dags/example_nested_branch_dag.py took 0.467 seconds
[2023-03-29T23:58:35.457+0000] {processor.py:153} INFO - Started process (PID=181) to work on /home/airflow/.local/lib/python3.7/site-packages/airflow/example_dags/example_nested_branch_dag.py
[2023-03-29T23:58:35.472+0000] {processor.py:743} INFO - Processing file /home/airflow/.local/lib/python3.7/site-packages/airflow/example_dags/example_nested_branch_dag.py for tasks to queue
[2023-03-29T23:58:35.473+0000] {logging_mixin.py:137} INFO - [2023-03-29T23:58:35.472+0000] {dagbag.py:532} INFO - Filling up the DagBag from /home/airflow/.local/lib/python3.7/site-packages/airflow/example_dags/example_nested_branch_dag.py
[2023-03-29T23:58:35.594+0000] {processor.py:753} INFO - DAG(s) dict_keys(['example_nested_branch_dag']) retrieved from /home/airflow/.local/lib/python3.7/site-packages/airflow/example_dags/example_nested_branch_dag.py
[2023-03-29T23:58:35.670+0000] {logging_mixin.py:137} INFO - [2023-03-29T23:58:35.670+0000] {dag.py:2693} INFO - Sync 1 DAGs
[2023-03-29T23:58:35.736+0000] {logging_mixin.py:137} INFO - [2023-03-29T23:58:35.736+0000] {dag.py:3444} INFO - Setting next_dagrun for example_nested_branch_dag to 2023-03-28T00:00:00+00:00, run_after=2023-03-29T00:00:00+00:00
[2023-03-29T23:58:35.774+0000] {processor.py:175} INFO - Processing /home/airflow/.local/lib/python3.7/site-packages/airflow/example_dags/example_nested_branch_dag.py took 0.321 seconds
[2023-03-29T23:59:05.833+0000] {processor.py:153} INFO - Started process (PID=232) to work on /home/airflow/.local/lib/python3.7/site-packages/airflow/example_dags/example_nested_branch_dag.py
[2023-03-29T23:59:05.833+0000] {processor.py:743} INFO - Processing file /home/airflow/.local/lib/python3.7/site-packages/airflow/example_dags/example_nested_branch_dag.py for tasks to queue
[2023-03-29T23:59:05.834+0000] {logging_mixin.py:137} INFO - [2023-03-29T23:59:05.834+0000] {dagbag.py:532} INFO - Filling up the DagBag from /home/airflow/.local/lib/python3.7/site-packages/airflow/example_dags/example_nested_branch_dag.py
[2023-03-29T23:59:05.866+0000] {processor.py:753} INFO - DAG(s) dict_keys(['example_nested_branch_dag']) retrieved from /home/airflow/.local/lib/python3.7/site-packages/airflow/example_dags/example_nested_branch_dag.py
[2023-03-29T23:59:05.900+0000] {logging_mixin.py:137} INFO - [2023-03-29T23:59:05.900+0000] {dag.py:2693} INFO - Sync 1 DAGs
[2023-03-29T23:59:05.935+0000] {logging_mixin.py:137} INFO - [2023-03-29T23:59:05.934+0000] {dag.py:3444} INFO - Setting next_dagrun for example_nested_branch_dag to 2023-03-28T00:00:00+00:00, run_after=2023-03-29T00:00:00+00:00
[2023-03-29T23:59:05.957+0000] {processor.py:175} INFO - Processing /home/airflow/.local/lib/python3.7/site-packages/airflow/example_dags/example_nested_branch_dag.py took 0.128 seconds
[2023-03-29T23:59:36.149+0000] {processor.py:153} INFO - Started process (PID=280) to work on /home/airflow/.local/lib/python3.7/site-packages/airflow/example_dags/example_nested_branch_dag.py
[2023-03-29T23:59:36.151+0000] {processor.py:743} INFO - Processing file /home/airflow/.local/lib/python3.7/site-packages/airflow/example_dags/example_nested_branch_dag.py for tasks to queue
[2023-03-29T23:59:36.151+0000] {logging_mixin.py:137} INFO - [2023-03-29T23:59:36.151+0000] {dagbag.py:532} INFO - Filling up the DagBag from /home/airflow/.local/lib/python3.7/site-packages/airflow/example_dags/example_nested_branch_dag.py
[2023-03-29T23:59:36.186+0000] {processor.py:753} INFO - DAG(s) dict_keys(['example_nested_branch_dag']) retrieved from /home/airflow/.local/lib/python3.7/site-packages/airflow/example_dags/example_nested_branch_dag.py
[2023-03-29T23:59:36.222+0000] {logging_mixin.py:137} INFO - [2023-03-29T23:59:36.222+0000] {dag.py:2693} INFO - Sync 1 DAGs
[2023-03-29T23:59:36.259+0000] {logging_mixin.py:137} INFO - [2023-03-29T23:59:36.258+0000] {dag.py:3444} INFO - Setting next_dagrun for example_nested_branch_dag to 2023-03-28T00:00:00+00:00, run_after=2023-03-29T00:00:00+00:00
[2023-03-29T23:59:36.280+0000] {processor.py:175} INFO - Processing /home/airflow/.local/lib/python3.7/site-packages/airflow/example_dags/example_nested_branch_dag.py took 0.136 seconds
