[2023-05-26T14:56:09.557+0000] {processor.py:153} INFO - Started process (PID=63) to work on /home/airflow/.local/lib/python3.7/site-packages/airflow/example_dags/example_datasets.py
[2023-05-26T14:56:09.558+0000] {processor.py:743} INFO - Processing file /home/airflow/.local/lib/python3.7/site-packages/airflow/example_dags/example_datasets.py for tasks to queue
[2023-05-26T14:56:09.559+0000] {logging_mixin.py:137} INFO - [2023-05-26T14:56:09.559+0000] {dagbag.py:532} INFO - Filling up the DagBag from /home/airflow/.local/lib/python3.7/site-packages/airflow/example_dags/example_datasets.py
[2023-05-26T14:56:09.579+0000] {processor.py:753} INFO - DAG(s) dict_keys(['dataset_consumes_unknown_never_scheduled', 'dataset_consumes_1_never_scheduled', 'dataset_produces_2', 'dataset_consumes_1_and_2', 'dataset_produces_1', 'dataset_consumes_1']) retrieved from /home/airflow/.local/lib/python3.7/site-packages/airflow/example_dags/example_datasets.py
[2023-05-26T14:56:09.790+0000] {logging_mixin.py:137} INFO - [2023-05-26T14:56:09.789+0000] {dag.py:2693} INFO - Sync 6 DAGs
[2023-05-26T14:56:09.850+0000] {logging_mixin.py:137} INFO - [2023-05-26T14:56:09.850+0000] {dag.py:3444} INFO - Setting next_dagrun for dataset_consumes_1 to None, run_after=None
[2023-05-26T14:56:09.856+0000] {logging_mixin.py:137} INFO - [2023-05-26T14:56:09.856+0000] {dag.py:3444} INFO - Setting next_dagrun for dataset_consumes_1_and_2 to None, run_after=None
[2023-05-26T14:56:09.859+0000] {logging_mixin.py:137} INFO - [2023-05-26T14:56:09.859+0000] {dag.py:3444} INFO - Setting next_dagrun for dataset_consumes_1_never_scheduled to None, run_after=None
[2023-05-26T14:56:09.863+0000] {logging_mixin.py:137} INFO - [2023-05-26T14:56:09.863+0000] {dag.py:3444} INFO - Setting next_dagrun for dataset_consumes_unknown_never_scheduled to None, run_after=None
[2023-05-26T14:56:09.870+0000] {logging_mixin.py:137} INFO - [2023-05-26T14:56:09.870+0000] {dag.py:3444} INFO - Setting next_dagrun for dataset_produces_1 to 2023-05-25T00:00:00+00:00, run_after=2023-05-26T00:00:00+00:00
[2023-05-26T14:56:09.874+0000] {logging_mixin.py:137} INFO - [2023-05-26T14:56:09.874+0000] {dag.py:3444} INFO - Setting next_dagrun for dataset_produces_2 to None, run_after=None
[2023-05-26T14:56:09.964+0000] {processor.py:175} INFO - Processing /home/airflow/.local/lib/python3.7/site-packages/airflow/example_dags/example_datasets.py took 0.411 seconds
[2023-05-26T14:56:40.060+0000] {processor.py:153} INFO - Started process (PID=115) to work on /home/airflow/.local/lib/python3.7/site-packages/airflow/example_dags/example_datasets.py
[2023-05-26T14:56:40.061+0000] {processor.py:743} INFO - Processing file /home/airflow/.local/lib/python3.7/site-packages/airflow/example_dags/example_datasets.py for tasks to queue
[2023-05-26T14:56:40.062+0000] {logging_mixin.py:137} INFO - [2023-05-26T14:56:40.062+0000] {dagbag.py:532} INFO - Filling up the DagBag from /home/airflow/.local/lib/python3.7/site-packages/airflow/example_dags/example_datasets.py
[2023-05-26T14:56:40.082+0000] {processor.py:753} INFO - DAG(s) dict_keys(['dataset_produces_1', 'dataset_consumes_1_and_2', 'dataset_consumes_1', 'dataset_produces_2', 'dataset_consumes_1_never_scheduled', 'dataset_consumes_unknown_never_scheduled']) retrieved from /home/airflow/.local/lib/python3.7/site-packages/airflow/example_dags/example_datasets.py
[2023-05-26T14:56:40.133+0000] {logging_mixin.py:137} INFO - [2023-05-26T14:56:40.133+0000] {dag.py:2693} INFO - Sync 6 DAGs
[2023-05-26T14:56:40.166+0000] {logging_mixin.py:137} INFO - [2023-05-26T14:56:40.166+0000] {dag.py:3444} INFO - Setting next_dagrun for dataset_consumes_1 to None, run_after=None
[2023-05-26T14:56:40.170+0000] {logging_mixin.py:137} INFO - [2023-05-26T14:56:40.170+0000] {dag.py:3444} INFO - Setting next_dagrun for dataset_consumes_1_and_2 to None, run_after=None
[2023-05-26T14:56:40.172+0000] {logging_mixin.py:137} INFO - [2023-05-26T14:56:40.171+0000] {dag.py:3444} INFO - Setting next_dagrun for dataset_consumes_1_never_scheduled to None, run_after=None
[2023-05-26T14:56:40.173+0000] {logging_mixin.py:137} INFO - [2023-05-26T14:56:40.173+0000] {dag.py:3444} INFO - Setting next_dagrun for dataset_consumes_unknown_never_scheduled to None, run_after=None
[2023-05-26T14:56:40.176+0000] {logging_mixin.py:137} INFO - [2023-05-26T14:56:40.176+0000] {dag.py:3444} INFO - Setting next_dagrun for dataset_produces_1 to 2023-05-25T00:00:00+00:00, run_after=2023-05-26T00:00:00+00:00
[2023-05-26T14:56:40.178+0000] {logging_mixin.py:137} INFO - [2023-05-26T14:56:40.178+0000] {dag.py:3444} INFO - Setting next_dagrun for dataset_produces_2 to None, run_after=None
[2023-05-26T14:56:40.218+0000] {processor.py:175} INFO - Processing /home/airflow/.local/lib/python3.7/site-packages/airflow/example_dags/example_datasets.py took 0.162 seconds
[2023-05-26T14:57:10.274+0000] {processor.py:153} INFO - Started process (PID=168) to work on /home/airflow/.local/lib/python3.7/site-packages/airflow/example_dags/example_datasets.py
[2023-05-26T14:57:10.278+0000] {processor.py:743} INFO - Processing file /home/airflow/.local/lib/python3.7/site-packages/airflow/example_dags/example_datasets.py for tasks to queue
[2023-05-26T14:57:10.279+0000] {logging_mixin.py:137} INFO - [2023-05-26T14:57:10.279+0000] {dagbag.py:532} INFO - Filling up the DagBag from /home/airflow/.local/lib/python3.7/site-packages/airflow/example_dags/example_datasets.py
[2023-05-26T14:57:10.301+0000] {processor.py:753} INFO - DAG(s) dict_keys(['dataset_produces_1', 'dataset_consumes_unknown_never_scheduled', 'dataset_consumes_1_and_2', 'dataset_produces_2', 'dataset_consumes_1', 'dataset_consumes_1_never_scheduled']) retrieved from /home/airflow/.local/lib/python3.7/site-packages/airflow/example_dags/example_datasets.py
[2023-05-26T14:57:10.356+0000] {logging_mixin.py:137} INFO - [2023-05-26T14:57:10.356+0000] {dag.py:2693} INFO - Sync 6 DAGs
[2023-05-26T14:57:10.389+0000] {logging_mixin.py:137} INFO - [2023-05-26T14:57:10.389+0000] {dag.py:3444} INFO - Setting next_dagrun for dataset_consumes_1 to None, run_after=None
[2023-05-26T14:57:10.393+0000] {logging_mixin.py:137} INFO - [2023-05-26T14:57:10.393+0000] {dag.py:3444} INFO - Setting next_dagrun for dataset_consumes_1_and_2 to None, run_after=None
[2023-05-26T14:57:10.395+0000] {logging_mixin.py:137} INFO - [2023-05-26T14:57:10.395+0000] {dag.py:3444} INFO - Setting next_dagrun for dataset_consumes_1_never_scheduled to None, run_after=None
[2023-05-26T14:57:10.398+0000] {logging_mixin.py:137} INFO - [2023-05-26T14:57:10.397+0000] {dag.py:3444} INFO - Setting next_dagrun for dataset_consumes_unknown_never_scheduled to None, run_after=None
[2023-05-26T14:57:10.401+0000] {logging_mixin.py:137} INFO - [2023-05-26T14:57:10.401+0000] {dag.py:3444} INFO - Setting next_dagrun for dataset_produces_1 to 2023-05-25T00:00:00+00:00, run_after=2023-05-26T00:00:00+00:00
[2023-05-26T14:57:10.402+0000] {logging_mixin.py:137} INFO - [2023-05-26T14:57:10.402+0000] {dag.py:3444} INFO - Setting next_dagrun for dataset_produces_2 to None, run_after=None
[2023-05-26T14:57:10.442+0000] {processor.py:175} INFO - Processing /home/airflow/.local/lib/python3.7/site-packages/airflow/example_dags/example_datasets.py took 0.179 seconds
[2023-05-26T14:57:41.079+0000] {processor.py:153} INFO - Started process (PID=219) to work on /home/airflow/.local/lib/python3.7/site-packages/airflow/example_dags/example_datasets.py
[2023-05-26T14:57:41.080+0000] {processor.py:743} INFO - Processing file /home/airflow/.local/lib/python3.7/site-packages/airflow/example_dags/example_datasets.py for tasks to queue
[2023-05-26T14:57:41.081+0000] {logging_mixin.py:137} INFO - [2023-05-26T14:57:41.081+0000] {dagbag.py:532} INFO - Filling up the DagBag from /home/airflow/.local/lib/python3.7/site-packages/airflow/example_dags/example_datasets.py
[2023-05-26T14:57:41.102+0000] {processor.py:753} INFO - DAG(s) dict_keys(['dataset_consumes_1_never_scheduled', 'dataset_consumes_unknown_never_scheduled', 'dataset_consumes_1', 'dataset_produces_1', 'dataset_produces_2', 'dataset_consumes_1_and_2']) retrieved from /home/airflow/.local/lib/python3.7/site-packages/airflow/example_dags/example_datasets.py
[2023-05-26T14:57:41.153+0000] {logging_mixin.py:137} INFO - [2023-05-26T14:57:41.153+0000] {dag.py:2693} INFO - Sync 6 DAGs
[2023-05-26T14:57:41.186+0000] {logging_mixin.py:137} INFO - [2023-05-26T14:57:41.186+0000] {dag.py:3444} INFO - Setting next_dagrun for dataset_consumes_1 to None, run_after=None
[2023-05-26T14:57:41.192+0000] {logging_mixin.py:137} INFO - [2023-05-26T14:57:41.191+0000] {dag.py:3444} INFO - Setting next_dagrun for dataset_consumes_1_and_2 to None, run_after=None
[2023-05-26T14:57:41.193+0000] {logging_mixin.py:137} INFO - [2023-05-26T14:57:41.193+0000] {dag.py:3444} INFO - Setting next_dagrun for dataset_consumes_1_never_scheduled to None, run_after=None
[2023-05-26T14:57:41.194+0000] {logging_mixin.py:137} INFO - [2023-05-26T14:57:41.194+0000] {dag.py:3444} INFO - Setting next_dagrun for dataset_consumes_unknown_never_scheduled to None, run_after=None
[2023-05-26T14:57:41.198+0000] {logging_mixin.py:137} INFO - [2023-05-26T14:57:41.198+0000] {dag.py:3444} INFO - Setting next_dagrun for dataset_produces_1 to 2023-05-25T00:00:00+00:00, run_after=2023-05-26T00:00:00+00:00
[2023-05-26T14:57:41.200+0000] {logging_mixin.py:137} INFO - [2023-05-26T14:57:41.200+0000] {dag.py:3444} INFO - Setting next_dagrun for dataset_produces_2 to None, run_after=None
[2023-05-26T14:57:41.249+0000] {processor.py:175} INFO - Processing /home/airflow/.local/lib/python3.7/site-packages/airflow/example_dags/example_datasets.py took 0.174 seconds
[2023-05-26T14:58:11.638+0000] {processor.py:153} INFO - Started process (PID=272) to work on /home/airflow/.local/lib/python3.7/site-packages/airflow/example_dags/example_datasets.py
[2023-05-26T14:58:11.639+0000] {processor.py:743} INFO - Processing file /home/airflow/.local/lib/python3.7/site-packages/airflow/example_dags/example_datasets.py for tasks to queue
[2023-05-26T14:58:11.639+0000] {logging_mixin.py:137} INFO - [2023-05-26T14:58:11.639+0000] {dagbag.py:532} INFO - Filling up the DagBag from /home/airflow/.local/lib/python3.7/site-packages/airflow/example_dags/example_datasets.py
[2023-05-26T14:58:11.659+0000] {processor.py:753} INFO - DAG(s) dict_keys(['dataset_consumes_unknown_never_scheduled', 'dataset_consumes_1', 'dataset_produces_1', 'dataset_consumes_1_and_2', 'dataset_produces_2', 'dataset_consumes_1_never_scheduled']) retrieved from /home/airflow/.local/lib/python3.7/site-packages/airflow/example_dags/example_datasets.py
[2023-05-26T14:58:11.709+0000] {logging_mixin.py:137} INFO - [2023-05-26T14:58:11.709+0000] {dag.py:2693} INFO - Sync 6 DAGs
[2023-05-26T14:58:11.744+0000] {logging_mixin.py:137} INFO - [2023-05-26T14:58:11.743+0000] {dag.py:3444} INFO - Setting next_dagrun for dataset_consumes_1 to None, run_after=None
[2023-05-26T14:58:11.747+0000] {logging_mixin.py:137} INFO - [2023-05-26T14:58:11.747+0000] {dag.py:3444} INFO - Setting next_dagrun for dataset_consumes_1_and_2 to None, run_after=None
[2023-05-26T14:58:11.749+0000] {logging_mixin.py:137} INFO - [2023-05-26T14:58:11.749+0000] {dag.py:3444} INFO - Setting next_dagrun for dataset_consumes_1_never_scheduled to None, run_after=None
[2023-05-26T14:58:11.750+0000] {logging_mixin.py:137} INFO - [2023-05-26T14:58:11.750+0000] {dag.py:3444} INFO - Setting next_dagrun for dataset_consumes_unknown_never_scheduled to None, run_after=None
[2023-05-26T14:58:11.753+0000] {logging_mixin.py:137} INFO - [2023-05-26T14:58:11.753+0000] {dag.py:3444} INFO - Setting next_dagrun for dataset_produces_1 to 2023-05-25T00:00:00+00:00, run_after=2023-05-26T00:00:00+00:00
[2023-05-26T14:58:11.755+0000] {logging_mixin.py:137} INFO - [2023-05-26T14:58:11.755+0000] {dag.py:3444} INFO - Setting next_dagrun for dataset_produces_2 to None, run_after=None
[2023-05-26T14:58:11.793+0000] {processor.py:175} INFO - Processing /home/airflow/.local/lib/python3.7/site-packages/airflow/example_dags/example_datasets.py took 0.160 seconds
[2023-05-26T14:58:42.405+0000] {processor.py:153} INFO - Started process (PID=324) to work on /home/airflow/.local/lib/python3.7/site-packages/airflow/example_dags/example_datasets.py
[2023-05-26T14:58:42.406+0000] {processor.py:743} INFO - Processing file /home/airflow/.local/lib/python3.7/site-packages/airflow/example_dags/example_datasets.py for tasks to queue
[2023-05-26T14:58:42.407+0000] {logging_mixin.py:137} INFO - [2023-05-26T14:58:42.407+0000] {dagbag.py:532} INFO - Filling up the DagBag from /home/airflow/.local/lib/python3.7/site-packages/airflow/example_dags/example_datasets.py
[2023-05-26T14:58:42.427+0000] {processor.py:753} INFO - DAG(s) dict_keys(['dataset_consumes_1', 'dataset_consumes_1_never_scheduled', 'dataset_consumes_1_and_2', 'dataset_produces_1', 'dataset_consumes_unknown_never_scheduled', 'dataset_produces_2']) retrieved from /home/airflow/.local/lib/python3.7/site-packages/airflow/example_dags/example_datasets.py
[2023-05-26T14:58:42.482+0000] {logging_mixin.py:137} INFO - [2023-05-26T14:58:42.481+0000] {dag.py:2693} INFO - Sync 6 DAGs
[2023-05-26T14:58:42.514+0000] {logging_mixin.py:137} INFO - [2023-05-26T14:58:42.514+0000] {dag.py:3444} INFO - Setting next_dagrun for dataset_consumes_1 to None, run_after=None
[2023-05-26T14:58:42.518+0000] {logging_mixin.py:137} INFO - [2023-05-26T14:58:42.518+0000] {dag.py:3444} INFO - Setting next_dagrun for dataset_consumes_1_and_2 to None, run_after=None
[2023-05-26T14:58:42.519+0000] {logging_mixin.py:137} INFO - [2023-05-26T14:58:42.519+0000] {dag.py:3444} INFO - Setting next_dagrun for dataset_consumes_1_never_scheduled to None, run_after=None
[2023-05-26T14:58:42.520+0000] {logging_mixin.py:137} INFO - [2023-05-26T14:58:42.520+0000] {dag.py:3444} INFO - Setting next_dagrun for dataset_consumes_unknown_never_scheduled to None, run_after=None
[2023-05-26T14:58:42.523+0000] {logging_mixin.py:137} INFO - [2023-05-26T14:58:42.523+0000] {dag.py:3444} INFO - Setting next_dagrun for dataset_produces_1 to 2023-05-25T00:00:00+00:00, run_after=2023-05-26T00:00:00+00:00
[2023-05-26T14:58:42.525+0000] {logging_mixin.py:137} INFO - [2023-05-26T14:58:42.525+0000] {dag.py:3444} INFO - Setting next_dagrun for dataset_produces_2 to None, run_after=None
[2023-05-26T14:58:42.563+0000] {processor.py:175} INFO - Processing /home/airflow/.local/lib/python3.7/site-packages/airflow/example_dags/example_datasets.py took 0.162 seconds
[2023-05-26T14:59:12.751+0000] {processor.py:153} INFO - Started process (PID=376) to work on /home/airflow/.local/lib/python3.7/site-packages/airflow/example_dags/example_datasets.py
[2023-05-26T14:59:12.752+0000] {processor.py:743} INFO - Processing file /home/airflow/.local/lib/python3.7/site-packages/airflow/example_dags/example_datasets.py for tasks to queue
[2023-05-26T14:59:12.752+0000] {logging_mixin.py:137} INFO - [2023-05-26T14:59:12.752+0000] {dagbag.py:532} INFO - Filling up the DagBag from /home/airflow/.local/lib/python3.7/site-packages/airflow/example_dags/example_datasets.py
[2023-05-26T14:59:12.775+0000] {processor.py:753} INFO - DAG(s) dict_keys(['dataset_consumes_1_never_scheduled', 'dataset_consumes_unknown_never_scheduled', 'dataset_produces_1', 'dataset_produces_2', 'dataset_consumes_1_and_2', 'dataset_consumes_1']) retrieved from /home/airflow/.local/lib/python3.7/site-packages/airflow/example_dags/example_datasets.py
[2023-05-26T14:59:12.825+0000] {logging_mixin.py:137} INFO - [2023-05-26T14:59:12.824+0000] {dag.py:2693} INFO - Sync 6 DAGs
[2023-05-26T14:59:12.858+0000] {logging_mixin.py:137} INFO - [2023-05-26T14:59:12.857+0000] {dag.py:3444} INFO - Setting next_dagrun for dataset_consumes_1 to None, run_after=None
[2023-05-26T14:59:12.862+0000] {logging_mixin.py:137} INFO - [2023-05-26T14:59:12.861+0000] {dag.py:3444} INFO - Setting next_dagrun for dataset_consumes_1_and_2 to None, run_after=None
[2023-05-26T14:59:12.863+0000] {logging_mixin.py:137} INFO - [2023-05-26T14:59:12.863+0000] {dag.py:3444} INFO - Setting next_dagrun for dataset_consumes_1_never_scheduled to None, run_after=None
[2023-05-26T14:59:12.864+0000] {logging_mixin.py:137} INFO - [2023-05-26T14:59:12.864+0000] {dag.py:3444} INFO - Setting next_dagrun for dataset_consumes_unknown_never_scheduled to None, run_after=None
[2023-05-26T14:59:12.868+0000] {logging_mixin.py:137} INFO - [2023-05-26T14:59:12.867+0000] {dag.py:3444} INFO - Setting next_dagrun for dataset_produces_1 to 2023-05-25T00:00:00+00:00, run_after=2023-05-26T00:00:00+00:00
[2023-05-26T14:59:12.869+0000] {logging_mixin.py:137} INFO - [2023-05-26T14:59:12.869+0000] {dag.py:3444} INFO - Setting next_dagrun for dataset_produces_2 to None, run_after=None
[2023-05-26T14:59:12.909+0000] {processor.py:175} INFO - Processing /home/airflow/.local/lib/python3.7/site-packages/airflow/example_dags/example_datasets.py took 0.162 seconds
[2023-05-26T14:59:43.448+0000] {processor.py:153} INFO - Started process (PID=428) to work on /home/airflow/.local/lib/python3.7/site-packages/airflow/example_dags/example_datasets.py
[2023-05-26T14:59:43.449+0000] {processor.py:743} INFO - Processing file /home/airflow/.local/lib/python3.7/site-packages/airflow/example_dags/example_datasets.py for tasks to queue
[2023-05-26T14:59:43.450+0000] {logging_mixin.py:137} INFO - [2023-05-26T14:59:43.450+0000] {dagbag.py:532} INFO - Filling up the DagBag from /home/airflow/.local/lib/python3.7/site-packages/airflow/example_dags/example_datasets.py
[2023-05-26T14:59:43.470+0000] {processor.py:753} INFO - DAG(s) dict_keys(['dataset_produces_1', 'dataset_consumes_1_never_scheduled', 'dataset_consumes_1_and_2', 'dataset_consumes_1', 'dataset_consumes_unknown_never_scheduled', 'dataset_produces_2']) retrieved from /home/airflow/.local/lib/python3.7/site-packages/airflow/example_dags/example_datasets.py
[2023-05-26T14:59:43.542+0000] {logging_mixin.py:137} INFO - [2023-05-26T14:59:43.542+0000] {dag.py:2693} INFO - Sync 6 DAGs
[2023-05-26T14:59:43.592+0000] {logging_mixin.py:137} INFO - [2023-05-26T14:59:43.591+0000] {dag.py:3444} INFO - Setting next_dagrun for dataset_consumes_1 to None, run_after=None
[2023-05-26T14:59:43.600+0000] {logging_mixin.py:137} INFO - [2023-05-26T14:59:43.600+0000] {dag.py:3444} INFO - Setting next_dagrun for dataset_consumes_1_and_2 to None, run_after=None
[2023-05-26T14:59:43.611+0000] {logging_mixin.py:137} INFO - [2023-05-26T14:59:43.611+0000] {dag.py:3444} INFO - Setting next_dagrun for dataset_consumes_1_never_scheduled to None, run_after=None
[2023-05-26T14:59:43.615+0000] {logging_mixin.py:137} INFO - [2023-05-26T14:59:43.615+0000] {dag.py:3444} INFO - Setting next_dagrun for dataset_consumes_unknown_never_scheduled to None, run_after=None
[2023-05-26T14:59:43.619+0000] {logging_mixin.py:137} INFO - [2023-05-26T14:59:43.619+0000] {dag.py:3444} INFO - Setting next_dagrun for dataset_produces_1 to 2023-05-25T00:00:00+00:00, run_after=2023-05-26T00:00:00+00:00
[2023-05-26T14:59:43.620+0000] {logging_mixin.py:137} INFO - [2023-05-26T14:59:43.620+0000] {dag.py:3444} INFO - Setting next_dagrun for dataset_produces_2 to None, run_after=None
[2023-05-26T14:59:43.715+0000] {processor.py:175} INFO - Processing /home/airflow/.local/lib/python3.7/site-packages/airflow/example_dags/example_datasets.py took 0.273 seconds
[2023-05-26T15:00:15.836+0000] {processor.py:153} INFO - Started process (PID=486) to work on /home/airflow/.local/lib/python3.7/site-packages/airflow/example_dags/example_datasets.py
[2023-05-26T15:00:15.837+0000] {processor.py:743} INFO - Processing file /home/airflow/.local/lib/python3.7/site-packages/airflow/example_dags/example_datasets.py for tasks to queue
[2023-05-26T15:00:15.842+0000] {logging_mixin.py:137} INFO - [2023-05-26T15:00:15.842+0000] {dagbag.py:532} INFO - Filling up the DagBag from /home/airflow/.local/lib/python3.7/site-packages/airflow/example_dags/example_datasets.py
[2023-05-26T15:00:15.911+0000] {processor.py:753} INFO - DAG(s) dict_keys(['dataset_produces_2', 'dataset_consumes_1', 'dataset_consumes_1_never_scheduled', 'dataset_consumes_1_and_2', 'dataset_consumes_unknown_never_scheduled', 'dataset_produces_1']) retrieved from /home/airflow/.local/lib/python3.7/site-packages/airflow/example_dags/example_datasets.py
[2023-05-26T15:00:15.996+0000] {logging_mixin.py:137} INFO - [2023-05-26T15:00:15.996+0000] {dag.py:2693} INFO - Sync 6 DAGs
[2023-05-26T15:00:16.059+0000] {logging_mixin.py:137} INFO - [2023-05-26T15:00:16.059+0000] {dag.py:3444} INFO - Setting next_dagrun for dataset_consumes_1 to None, run_after=None
[2023-05-26T15:00:16.070+0000] {logging_mixin.py:137} INFO - [2023-05-26T15:00:16.069+0000] {dag.py:3444} INFO - Setting next_dagrun for dataset_consumes_1_and_2 to None, run_after=None
[2023-05-26T15:00:16.072+0000] {logging_mixin.py:137} INFO - [2023-05-26T15:00:16.072+0000] {dag.py:3444} INFO - Setting next_dagrun for dataset_consumes_1_never_scheduled to None, run_after=None
[2023-05-26T15:00:16.075+0000] {logging_mixin.py:137} INFO - [2023-05-26T15:00:16.075+0000] {dag.py:3444} INFO - Setting next_dagrun for dataset_consumes_unknown_never_scheduled to None, run_after=None
[2023-05-26T15:00:16.079+0000] {logging_mixin.py:137} INFO - [2023-05-26T15:00:16.079+0000] {dag.py:3444} INFO - Setting next_dagrun for dataset_produces_1 to 2023-05-25T00:00:00+00:00, run_after=2023-05-26T00:00:00+00:00
[2023-05-26T15:00:16.082+0000] {logging_mixin.py:137} INFO - [2023-05-26T15:00:16.080+0000] {dag.py:3444} INFO - Setting next_dagrun for dataset_produces_2 to None, run_after=None
[2023-05-26T15:00:16.163+0000] {processor.py:175} INFO - Processing /home/airflow/.local/lib/python3.7/site-packages/airflow/example_dags/example_datasets.py took 0.335 seconds
[2023-05-26T15:00:46.246+0000] {processor.py:153} INFO - Started process (PID=539) to work on /home/airflow/.local/lib/python3.7/site-packages/airflow/example_dags/example_datasets.py
[2023-05-26T15:00:46.248+0000] {processor.py:743} INFO - Processing file /home/airflow/.local/lib/python3.7/site-packages/airflow/example_dags/example_datasets.py for tasks to queue
[2023-05-26T15:00:46.249+0000] {logging_mixin.py:137} INFO - [2023-05-26T15:00:46.249+0000] {dagbag.py:532} INFO - Filling up the DagBag from /home/airflow/.local/lib/python3.7/site-packages/airflow/example_dags/example_datasets.py
[2023-05-26T15:00:46.269+0000] {processor.py:753} INFO - DAG(s) dict_keys(['dataset_consumes_1', 'dataset_produces_2', 'dataset_consumes_1_and_2', 'dataset_consumes_1_never_scheduled', 'dataset_produces_1', 'dataset_consumes_unknown_never_scheduled']) retrieved from /home/airflow/.local/lib/python3.7/site-packages/airflow/example_dags/example_datasets.py
[2023-05-26T15:00:46.318+0000] {logging_mixin.py:137} INFO - [2023-05-26T15:00:46.318+0000] {dag.py:2693} INFO - Sync 6 DAGs
[2023-05-26T15:00:46.352+0000] {logging_mixin.py:137} INFO - [2023-05-26T15:00:46.352+0000] {dag.py:3444} INFO - Setting next_dagrun for dataset_consumes_1 to None, run_after=None
[2023-05-26T15:00:46.356+0000] {logging_mixin.py:137} INFO - [2023-05-26T15:00:46.356+0000] {dag.py:3444} INFO - Setting next_dagrun for dataset_consumes_1_and_2 to None, run_after=None
[2023-05-26T15:00:46.357+0000] {logging_mixin.py:137} INFO - [2023-05-26T15:00:46.357+0000] {dag.py:3444} INFO - Setting next_dagrun for dataset_consumes_1_never_scheduled to None, run_after=None
[2023-05-26T15:00:46.359+0000] {logging_mixin.py:137} INFO - [2023-05-26T15:00:46.359+0000] {dag.py:3444} INFO - Setting next_dagrun for dataset_consumes_unknown_never_scheduled to None, run_after=None
[2023-05-26T15:00:46.362+0000] {logging_mixin.py:137} INFO - [2023-05-26T15:00:46.362+0000] {dag.py:3444} INFO - Setting next_dagrun for dataset_produces_1 to 2023-05-25T00:00:00+00:00, run_after=2023-05-26T00:00:00+00:00
[2023-05-26T15:00:46.363+0000] {logging_mixin.py:137} INFO - [2023-05-26T15:00:46.363+0000] {dag.py:3444} INFO - Setting next_dagrun for dataset_produces_2 to None, run_after=None
[2023-05-26T15:00:46.404+0000] {processor.py:175} INFO - Processing /home/airflow/.local/lib/python3.7/site-packages/airflow/example_dags/example_datasets.py took 0.162 seconds
[2023-05-26T15:01:17.392+0000] {processor.py:153} INFO - Started process (PID=590) to work on /home/airflow/.local/lib/python3.7/site-packages/airflow/example_dags/example_datasets.py
[2023-05-26T15:01:17.395+0000] {processor.py:743} INFO - Processing file /home/airflow/.local/lib/python3.7/site-packages/airflow/example_dags/example_datasets.py for tasks to queue
[2023-05-26T15:01:17.402+0000] {logging_mixin.py:137} INFO - [2023-05-26T15:01:17.395+0000] {dagbag.py:532} INFO - Filling up the DagBag from /home/airflow/.local/lib/python3.7/site-packages/airflow/example_dags/example_datasets.py
[2023-05-26T15:01:17.436+0000] {processor.py:753} INFO - DAG(s) dict_keys(['dataset_consumes_1_never_scheduled', 'dataset_produces_2', 'dataset_consumes_unknown_never_scheduled', 'dataset_produces_1', 'dataset_consumes_1_and_2', 'dataset_consumes_1']) retrieved from /home/airflow/.local/lib/python3.7/site-packages/airflow/example_dags/example_datasets.py
[2023-05-26T15:01:17.564+0000] {logging_mixin.py:137} INFO - [2023-05-26T15:01:17.564+0000] {dag.py:2693} INFO - Sync 6 DAGs
[2023-05-26T15:01:17.597+0000] {logging_mixin.py:137} INFO - [2023-05-26T15:01:17.597+0000] {dag.py:3444} INFO - Setting next_dagrun for dataset_consumes_1 to None, run_after=None
[2023-05-26T15:01:17.602+0000] {logging_mixin.py:137} INFO - [2023-05-26T15:01:17.602+0000] {dag.py:3444} INFO - Setting next_dagrun for dataset_consumes_1_and_2 to None, run_after=None
[2023-05-26T15:01:17.604+0000] {logging_mixin.py:137} INFO - [2023-05-26T15:01:17.604+0000] {dag.py:3444} INFO - Setting next_dagrun for dataset_consumes_1_never_scheduled to None, run_after=None
[2023-05-26T15:01:17.605+0000] {logging_mixin.py:137} INFO - [2023-05-26T15:01:17.605+0000] {dag.py:3444} INFO - Setting next_dagrun for dataset_consumes_unknown_never_scheduled to None, run_after=None
[2023-05-26T15:01:17.608+0000] {logging_mixin.py:137} INFO - [2023-05-26T15:01:17.608+0000] {dag.py:3444} INFO - Setting next_dagrun for dataset_produces_1 to 2023-05-25T00:00:00+00:00, run_after=2023-05-26T00:00:00+00:00
[2023-05-26T15:01:17.610+0000] {logging_mixin.py:137} INFO - [2023-05-26T15:01:17.609+0000] {dag.py:3444} INFO - Setting next_dagrun for dataset_produces_2 to None, run_after=None
[2023-05-26T15:01:17.682+0000] {processor.py:175} INFO - Processing /home/airflow/.local/lib/python3.7/site-packages/airflow/example_dags/example_datasets.py took 0.294 seconds
[2023-05-26T15:01:48.189+0000] {processor.py:153} INFO - Started process (PID=642) to work on /home/airflow/.local/lib/python3.7/site-packages/airflow/example_dags/example_datasets.py
[2023-05-26T15:01:48.191+0000] {processor.py:743} INFO - Processing file /home/airflow/.local/lib/python3.7/site-packages/airflow/example_dags/example_datasets.py for tasks to queue
[2023-05-26T15:01:48.192+0000] {logging_mixin.py:137} INFO - [2023-05-26T15:01:48.192+0000] {dagbag.py:532} INFO - Filling up the DagBag from /home/airflow/.local/lib/python3.7/site-packages/airflow/example_dags/example_datasets.py
[2023-05-26T15:01:48.234+0000] {processor.py:753} INFO - DAG(s) dict_keys(['dataset_consumes_1_and_2', 'dataset_produces_1', 'dataset_consumes_1_never_scheduled', 'dataset_consumes_unknown_never_scheduled', 'dataset_produces_2', 'dataset_consumes_1']) retrieved from /home/airflow/.local/lib/python3.7/site-packages/airflow/example_dags/example_datasets.py
[2023-05-26T15:01:48.285+0000] {logging_mixin.py:137} INFO - [2023-05-26T15:01:48.284+0000] {dag.py:2693} INFO - Sync 6 DAGs
[2023-05-26T15:01:48.319+0000] {logging_mixin.py:137} INFO - [2023-05-26T15:01:48.319+0000] {dag.py:3444} INFO - Setting next_dagrun for dataset_consumes_1 to None, run_after=None
[2023-05-26T15:01:48.323+0000] {logging_mixin.py:137} INFO - [2023-05-26T15:01:48.323+0000] {dag.py:3444} INFO - Setting next_dagrun for dataset_consumes_1_and_2 to None, run_after=None
[2023-05-26T15:01:48.325+0000] {logging_mixin.py:137} INFO - [2023-05-26T15:01:48.324+0000] {dag.py:3444} INFO - Setting next_dagrun for dataset_consumes_1_never_scheduled to None, run_after=None
[2023-05-26T15:01:48.326+0000] {logging_mixin.py:137} INFO - [2023-05-26T15:01:48.326+0000] {dag.py:3444} INFO - Setting next_dagrun for dataset_consumes_unknown_never_scheduled to None, run_after=None
[2023-05-26T15:01:48.330+0000] {logging_mixin.py:137} INFO - [2023-05-26T15:01:48.330+0000] {dag.py:3444} INFO - Setting next_dagrun for dataset_produces_1 to 2023-05-25T00:00:00+00:00, run_after=2023-05-26T00:00:00+00:00
[2023-05-26T15:01:48.331+0000] {logging_mixin.py:137} INFO - [2023-05-26T15:01:48.331+0000] {dag.py:3444} INFO - Setting next_dagrun for dataset_produces_2 to None, run_after=None
[2023-05-26T15:01:48.443+0000] {processor.py:175} INFO - Processing /home/airflow/.local/lib/python3.7/site-packages/airflow/example_dags/example_datasets.py took 0.267 seconds
[2023-05-26T15:02:18.598+0000] {processor.py:153} INFO - Started process (PID=693) to work on /home/airflow/.local/lib/python3.7/site-packages/airflow/example_dags/example_datasets.py
[2023-05-26T15:02:18.599+0000] {processor.py:743} INFO - Processing file /home/airflow/.local/lib/python3.7/site-packages/airflow/example_dags/example_datasets.py for tasks to queue
[2023-05-26T15:02:18.600+0000] {logging_mixin.py:137} INFO - [2023-05-26T15:02:18.600+0000] {dagbag.py:532} INFO - Filling up the DagBag from /home/airflow/.local/lib/python3.7/site-packages/airflow/example_dags/example_datasets.py
[2023-05-26T15:02:18.622+0000] {processor.py:753} INFO - DAG(s) dict_keys(['dataset_consumes_unknown_never_scheduled', 'dataset_produces_2', 'dataset_consumes_1', 'dataset_consumes_1_and_2', 'dataset_produces_1', 'dataset_consumes_1_never_scheduled']) retrieved from /home/airflow/.local/lib/python3.7/site-packages/airflow/example_dags/example_datasets.py
[2023-05-26T15:02:18.674+0000] {logging_mixin.py:137} INFO - [2023-05-26T15:02:18.674+0000] {dag.py:2693} INFO - Sync 6 DAGs
[2023-05-26T15:02:18.707+0000] {logging_mixin.py:137} INFO - [2023-05-26T15:02:18.706+0000] {dag.py:3444} INFO - Setting next_dagrun for dataset_consumes_1 to None, run_after=None
[2023-05-26T15:02:18.710+0000] {logging_mixin.py:137} INFO - [2023-05-26T15:02:18.710+0000] {dag.py:3444} INFO - Setting next_dagrun for dataset_consumes_1_and_2 to None, run_after=None
[2023-05-26T15:02:18.712+0000] {logging_mixin.py:137} INFO - [2023-05-26T15:02:18.712+0000] {dag.py:3444} INFO - Setting next_dagrun for dataset_consumes_1_never_scheduled to None, run_after=None
[2023-05-26T15:02:18.713+0000] {logging_mixin.py:137} INFO - [2023-05-26T15:02:18.713+0000] {dag.py:3444} INFO - Setting next_dagrun for dataset_consumes_unknown_never_scheduled to None, run_after=None
[2023-05-26T15:02:18.716+0000] {logging_mixin.py:137} INFO - [2023-05-26T15:02:18.716+0000] {dag.py:3444} INFO - Setting next_dagrun for dataset_produces_1 to 2023-05-25T00:00:00+00:00, run_after=2023-05-26T00:00:00+00:00
[2023-05-26T15:02:18.718+0000] {logging_mixin.py:137} INFO - [2023-05-26T15:02:18.717+0000] {dag.py:3444} INFO - Setting next_dagrun for dataset_produces_2 to None, run_after=None
[2023-05-26T15:02:18.757+0000] {processor.py:175} INFO - Processing /home/airflow/.local/lib/python3.7/site-packages/airflow/example_dags/example_datasets.py took 0.163 seconds
[2023-05-26T15:02:48.971+0000] {processor.py:153} INFO - Started process (PID=745) to work on /home/airflow/.local/lib/python3.7/site-packages/airflow/example_dags/example_datasets.py
[2023-05-26T15:02:48.972+0000] {processor.py:743} INFO - Processing file /home/airflow/.local/lib/python3.7/site-packages/airflow/example_dags/example_datasets.py for tasks to queue
[2023-05-26T15:02:48.973+0000] {logging_mixin.py:137} INFO - [2023-05-26T15:02:48.973+0000] {dagbag.py:532} INFO - Filling up the DagBag from /home/airflow/.local/lib/python3.7/site-packages/airflow/example_dags/example_datasets.py
[2023-05-26T15:02:48.997+0000] {processor.py:753} INFO - DAG(s) dict_keys(['dataset_produces_1', 'dataset_produces_2', 'dataset_consumes_1', 'dataset_consumes_1_never_scheduled', 'dataset_consumes_1_and_2', 'dataset_consumes_unknown_never_scheduled']) retrieved from /home/airflow/.local/lib/python3.7/site-packages/airflow/example_dags/example_datasets.py
[2023-05-26T15:02:49.047+0000] {logging_mixin.py:137} INFO - [2023-05-26T15:02:49.047+0000] {dag.py:2693} INFO - Sync 6 DAGs
[2023-05-26T15:02:49.081+0000] {logging_mixin.py:137} INFO - [2023-05-26T15:02:49.080+0000] {dag.py:3444} INFO - Setting next_dagrun for dataset_consumes_1 to None, run_after=None
[2023-05-26T15:02:49.085+0000] {logging_mixin.py:137} INFO - [2023-05-26T15:02:49.084+0000] {dag.py:3444} INFO - Setting next_dagrun for dataset_consumes_1_and_2 to None, run_after=None
[2023-05-26T15:02:49.086+0000] {logging_mixin.py:137} INFO - [2023-05-26T15:02:49.086+0000] {dag.py:3444} INFO - Setting next_dagrun for dataset_consumes_1_never_scheduled to None, run_after=None
[2023-05-26T15:02:49.087+0000] {logging_mixin.py:137} INFO - [2023-05-26T15:02:49.087+0000] {dag.py:3444} INFO - Setting next_dagrun for dataset_consumes_unknown_never_scheduled to None, run_after=None
[2023-05-26T15:02:49.090+0000] {logging_mixin.py:137} INFO - [2023-05-26T15:02:49.090+0000] {dag.py:3444} INFO - Setting next_dagrun for dataset_produces_1 to 2023-05-25T00:00:00+00:00, run_after=2023-05-26T00:00:00+00:00
[2023-05-26T15:02:49.092+0000] {logging_mixin.py:137} INFO - [2023-05-26T15:02:49.092+0000] {dag.py:3444} INFO - Setting next_dagrun for dataset_produces_2 to None, run_after=None
[2023-05-26T15:02:49.133+0000] {processor.py:175} INFO - Processing /home/airflow/.local/lib/python3.7/site-packages/airflow/example_dags/example_datasets.py took 0.166 seconds
[2023-05-26T15:03:19.496+0000] {processor.py:153} INFO - Started process (PID=797) to work on /home/airflow/.local/lib/python3.7/site-packages/airflow/example_dags/example_datasets.py
[2023-05-26T15:03:19.498+0000] {processor.py:743} INFO - Processing file /home/airflow/.local/lib/python3.7/site-packages/airflow/example_dags/example_datasets.py for tasks to queue
[2023-05-26T15:03:19.499+0000] {logging_mixin.py:137} INFO - [2023-05-26T15:03:19.498+0000] {dagbag.py:532} INFO - Filling up the DagBag from /home/airflow/.local/lib/python3.7/site-packages/airflow/example_dags/example_datasets.py
[2023-05-26T15:03:19.519+0000] {processor.py:753} INFO - DAG(s) dict_keys(['dataset_produces_1', 'dataset_consumes_1_never_scheduled', 'dataset_consumes_1_and_2', 'dataset_consumes_1', 'dataset_produces_2', 'dataset_consumes_unknown_never_scheduled']) retrieved from /home/airflow/.local/lib/python3.7/site-packages/airflow/example_dags/example_datasets.py
[2023-05-26T15:03:19.569+0000] {logging_mixin.py:137} INFO - [2023-05-26T15:03:19.568+0000] {dag.py:2693} INFO - Sync 6 DAGs
[2023-05-26T15:03:19.604+0000] {logging_mixin.py:137} INFO - [2023-05-26T15:03:19.604+0000] {dag.py:3444} INFO - Setting next_dagrun for dataset_consumes_1 to None, run_after=None
[2023-05-26T15:03:19.608+0000] {logging_mixin.py:137} INFO - [2023-05-26T15:03:19.608+0000] {dag.py:3444} INFO - Setting next_dagrun for dataset_consumes_1_and_2 to None, run_after=None
[2023-05-26T15:03:19.609+0000] {logging_mixin.py:137} INFO - [2023-05-26T15:03:19.609+0000] {dag.py:3444} INFO - Setting next_dagrun for dataset_consumes_1_never_scheduled to None, run_after=None
[2023-05-26T15:03:19.610+0000] {logging_mixin.py:137} INFO - [2023-05-26T15:03:19.610+0000] {dag.py:3444} INFO - Setting next_dagrun for dataset_consumes_unknown_never_scheduled to None, run_after=None
[2023-05-26T15:03:19.614+0000] {logging_mixin.py:137} INFO - [2023-05-26T15:03:19.614+0000] {dag.py:3444} INFO - Setting next_dagrun for dataset_produces_1 to 2023-05-25T00:00:00+00:00, run_after=2023-05-26T00:00:00+00:00
[2023-05-26T15:03:19.615+0000] {logging_mixin.py:137} INFO - [2023-05-26T15:03:19.615+0000] {dag.py:3444} INFO - Setting next_dagrun for dataset_produces_2 to None, run_after=None
[2023-05-26T15:03:19.654+0000] {processor.py:175} INFO - Processing /home/airflow/.local/lib/python3.7/site-packages/airflow/example_dags/example_datasets.py took 0.163 seconds
[2023-05-26T15:03:50.301+0000] {processor.py:153} INFO - Started process (PID=849) to work on /home/airflow/.local/lib/python3.7/site-packages/airflow/example_dags/example_datasets.py
[2023-05-26T15:03:50.302+0000] {processor.py:743} INFO - Processing file /home/airflow/.local/lib/python3.7/site-packages/airflow/example_dags/example_datasets.py for tasks to queue
[2023-05-26T15:03:50.303+0000] {logging_mixin.py:137} INFO - [2023-05-26T15:03:50.303+0000] {dagbag.py:532} INFO - Filling up the DagBag from /home/airflow/.local/lib/python3.7/site-packages/airflow/example_dags/example_datasets.py
[2023-05-26T15:03:50.325+0000] {processor.py:753} INFO - DAG(s) dict_keys(['dataset_produces_1', 'dataset_consumes_1_never_scheduled', 'dataset_consumes_1', 'dataset_consumes_unknown_never_scheduled', 'dataset_consumes_1_and_2', 'dataset_produces_2']) retrieved from /home/airflow/.local/lib/python3.7/site-packages/airflow/example_dags/example_datasets.py
[2023-05-26T15:03:50.376+0000] {logging_mixin.py:137} INFO - [2023-05-26T15:03:50.376+0000] {dag.py:2693} INFO - Sync 6 DAGs
[2023-05-26T15:03:50.410+0000] {logging_mixin.py:137} INFO - [2023-05-26T15:03:50.409+0000] {dag.py:3444} INFO - Setting next_dagrun for dataset_consumes_1 to None, run_after=None
[2023-05-26T15:03:50.414+0000] {logging_mixin.py:137} INFO - [2023-05-26T15:03:50.413+0000] {dag.py:3444} INFO - Setting next_dagrun for dataset_consumes_1_and_2 to None, run_after=None
[2023-05-26T15:03:50.415+0000] {logging_mixin.py:137} INFO - [2023-05-26T15:03:50.415+0000] {dag.py:3444} INFO - Setting next_dagrun for dataset_consumes_1_never_scheduled to None, run_after=None
[2023-05-26T15:03:50.416+0000] {logging_mixin.py:137} INFO - [2023-05-26T15:03:50.416+0000] {dag.py:3444} INFO - Setting next_dagrun for dataset_consumes_unknown_never_scheduled to None, run_after=None
[2023-05-26T15:03:50.419+0000] {logging_mixin.py:137} INFO - [2023-05-26T15:03:50.419+0000] {dag.py:3444} INFO - Setting next_dagrun for dataset_produces_1 to 2023-05-25T00:00:00+00:00, run_after=2023-05-26T00:00:00+00:00
[2023-05-26T15:03:50.421+0000] {logging_mixin.py:137} INFO - [2023-05-26T15:03:50.421+0000] {dag.py:3444} INFO - Setting next_dagrun for dataset_produces_2 to None, run_after=None
[2023-05-26T15:03:50.459+0000] {processor.py:175} INFO - Processing /home/airflow/.local/lib/python3.7/site-packages/airflow/example_dags/example_datasets.py took 0.163 seconds
[2023-05-26T15:04:21.046+0000] {processor.py:153} INFO - Started process (PID=901) to work on /home/airflow/.local/lib/python3.7/site-packages/airflow/example_dags/example_datasets.py
[2023-05-26T15:04:21.049+0000] {processor.py:743} INFO - Processing file /home/airflow/.local/lib/python3.7/site-packages/airflow/example_dags/example_datasets.py for tasks to queue
[2023-05-26T15:04:21.050+0000] {logging_mixin.py:137} INFO - [2023-05-26T15:04:21.050+0000] {dagbag.py:532} INFO - Filling up the DagBag from /home/airflow/.local/lib/python3.7/site-packages/airflow/example_dags/example_datasets.py
[2023-05-26T15:04:21.072+0000] {processor.py:753} INFO - DAG(s) dict_keys(['dataset_consumes_1', 'dataset_consumes_1_never_scheduled', 'dataset_produces_2', 'dataset_consumes_1_and_2', 'dataset_produces_1', 'dataset_consumes_unknown_never_scheduled']) retrieved from /home/airflow/.local/lib/python3.7/site-packages/airflow/example_dags/example_datasets.py
[2023-05-26T15:04:21.122+0000] {logging_mixin.py:137} INFO - [2023-05-26T15:04:21.122+0000] {dag.py:2693} INFO - Sync 6 DAGs
[2023-05-26T15:04:21.157+0000] {logging_mixin.py:137} INFO - [2023-05-26T15:04:21.157+0000] {dag.py:3444} INFO - Setting next_dagrun for dataset_consumes_1 to None, run_after=None
[2023-05-26T15:04:21.161+0000] {logging_mixin.py:137} INFO - [2023-05-26T15:04:21.161+0000] {dag.py:3444} INFO - Setting next_dagrun for dataset_consumes_1_and_2 to None, run_after=None
[2023-05-26T15:04:21.162+0000] {logging_mixin.py:137} INFO - [2023-05-26T15:04:21.162+0000] {dag.py:3444} INFO - Setting next_dagrun for dataset_consumes_1_never_scheduled to None, run_after=None
[2023-05-26T15:04:21.164+0000] {logging_mixin.py:137} INFO - [2023-05-26T15:04:21.164+0000] {dag.py:3444} INFO - Setting next_dagrun for dataset_consumes_unknown_never_scheduled to None, run_after=None
[2023-05-26T15:04:21.167+0000] {logging_mixin.py:137} INFO - [2023-05-26T15:04:21.167+0000] {dag.py:3444} INFO - Setting next_dagrun for dataset_produces_1 to 2023-05-25T00:00:00+00:00, run_after=2023-05-26T00:00:00+00:00
[2023-05-26T15:04:21.169+0000] {logging_mixin.py:137} INFO - [2023-05-26T15:04:21.168+0000] {dag.py:3444} INFO - Setting next_dagrun for dataset_produces_2 to None, run_after=None
[2023-05-26T15:04:21.208+0000] {processor.py:175} INFO - Processing /home/airflow/.local/lib/python3.7/site-packages/airflow/example_dags/example_datasets.py took 0.166 seconds
[2023-05-26T15:04:51.669+0000] {processor.py:153} INFO - Started process (PID=953) to work on /home/airflow/.local/lib/python3.7/site-packages/airflow/example_dags/example_datasets.py
[2023-05-26T15:04:51.670+0000] {processor.py:743} INFO - Processing file /home/airflow/.local/lib/python3.7/site-packages/airflow/example_dags/example_datasets.py for tasks to queue
[2023-05-26T15:04:51.671+0000] {logging_mixin.py:137} INFO - [2023-05-26T15:04:51.671+0000] {dagbag.py:532} INFO - Filling up the DagBag from /home/airflow/.local/lib/python3.7/site-packages/airflow/example_dags/example_datasets.py
[2023-05-26T15:04:51.691+0000] {processor.py:753} INFO - DAG(s) dict_keys(['dataset_produces_2', 'dataset_consumes_1_and_2', 'dataset_produces_1', 'dataset_consumes_1_never_scheduled', 'dataset_consumes_1', 'dataset_consumes_unknown_never_scheduled']) retrieved from /home/airflow/.local/lib/python3.7/site-packages/airflow/example_dags/example_datasets.py
[2023-05-26T15:04:51.740+0000] {logging_mixin.py:137} INFO - [2023-05-26T15:04:51.739+0000] {dag.py:2693} INFO - Sync 6 DAGs
[2023-05-26T15:04:51.774+0000] {logging_mixin.py:137} INFO - [2023-05-26T15:04:51.774+0000] {dag.py:3444} INFO - Setting next_dagrun for dataset_consumes_1 to None, run_after=None
[2023-05-26T15:04:51.780+0000] {logging_mixin.py:137} INFO - [2023-05-26T15:04:51.780+0000] {dag.py:3444} INFO - Setting next_dagrun for dataset_consumes_1_and_2 to None, run_after=None
[2023-05-26T15:04:51.781+0000] {logging_mixin.py:137} INFO - [2023-05-26T15:04:51.781+0000] {dag.py:3444} INFO - Setting next_dagrun for dataset_consumes_1_never_scheduled to None, run_after=None
[2023-05-26T15:04:51.783+0000] {logging_mixin.py:137} INFO - [2023-05-26T15:04:51.783+0000] {dag.py:3444} INFO - Setting next_dagrun for dataset_consumes_unknown_never_scheduled to None, run_after=None
[2023-05-26T15:04:51.786+0000] {logging_mixin.py:137} INFO - [2023-05-26T15:04:51.786+0000] {dag.py:3444} INFO - Setting next_dagrun for dataset_produces_1 to 2023-05-25T00:00:00+00:00, run_after=2023-05-26T00:00:00+00:00
[2023-05-26T15:04:51.787+0000] {logging_mixin.py:137} INFO - [2023-05-26T15:04:51.787+0000] {dag.py:3444} INFO - Setting next_dagrun for dataset_produces_2 to None, run_after=None
[2023-05-26T15:04:51.825+0000] {processor.py:175} INFO - Processing /home/airflow/.local/lib/python3.7/site-packages/airflow/example_dags/example_datasets.py took 0.160 seconds
[2023-05-26T15:05:22.251+0000] {processor.py:153} INFO - Started process (PID=1005) to work on /home/airflow/.local/lib/python3.7/site-packages/airflow/example_dags/example_datasets.py
[2023-05-26T15:05:22.264+0000] {processor.py:743} INFO - Processing file /home/airflow/.local/lib/python3.7/site-packages/airflow/example_dags/example_datasets.py for tasks to queue
[2023-05-26T15:05:22.265+0000] {logging_mixin.py:137} INFO - [2023-05-26T15:05:22.265+0000] {dagbag.py:532} INFO - Filling up the DagBag from /home/airflow/.local/lib/python3.7/site-packages/airflow/example_dags/example_datasets.py
[2023-05-26T15:05:22.286+0000] {processor.py:753} INFO - DAG(s) dict_keys(['dataset_produces_1', 'dataset_consumes_1_never_scheduled', 'dataset_consumes_1_and_2', 'dataset_consumes_unknown_never_scheduled', 'dataset_produces_2', 'dataset_consumes_1']) retrieved from /home/airflow/.local/lib/python3.7/site-packages/airflow/example_dags/example_datasets.py
[2023-05-26T15:05:22.346+0000] {logging_mixin.py:137} INFO - [2023-05-26T15:05:22.346+0000] {dag.py:2693} INFO - Sync 6 DAGs
[2023-05-26T15:05:22.382+0000] {logging_mixin.py:137} INFO - [2023-05-26T15:05:22.382+0000] {dag.py:3444} INFO - Setting next_dagrun for dataset_consumes_1 to None, run_after=None
[2023-05-26T15:05:22.386+0000] {logging_mixin.py:137} INFO - [2023-05-26T15:05:22.386+0000] {dag.py:3444} INFO - Setting next_dagrun for dataset_consumes_1_and_2 to None, run_after=None
[2023-05-26T15:05:22.388+0000] {logging_mixin.py:137} INFO - [2023-05-26T15:05:22.388+0000] {dag.py:3444} INFO - Setting next_dagrun for dataset_consumes_1_never_scheduled to None, run_after=None
[2023-05-26T15:05:22.389+0000] {logging_mixin.py:137} INFO - [2023-05-26T15:05:22.389+0000] {dag.py:3444} INFO - Setting next_dagrun for dataset_consumes_unknown_never_scheduled to None, run_after=None
[2023-05-26T15:05:22.393+0000] {logging_mixin.py:137} INFO - [2023-05-26T15:05:22.392+0000] {dag.py:3444} INFO - Setting next_dagrun for dataset_produces_1 to 2023-05-25T00:00:00+00:00, run_after=2023-05-26T00:00:00+00:00
[2023-05-26T15:05:22.394+0000] {logging_mixin.py:137} INFO - [2023-05-26T15:05:22.394+0000] {dag.py:3444} INFO - Setting next_dagrun for dataset_produces_2 to None, run_after=None
[2023-05-26T15:05:22.434+0000] {processor.py:175} INFO - Processing /home/airflow/.local/lib/python3.7/site-packages/airflow/example_dags/example_datasets.py took 0.187 seconds
[2023-05-26T15:05:52.817+0000] {processor.py:153} INFO - Started process (PID=1057) to work on /home/airflow/.local/lib/python3.7/site-packages/airflow/example_dags/example_datasets.py
[2023-05-26T15:05:52.817+0000] {processor.py:743} INFO - Processing file /home/airflow/.local/lib/python3.7/site-packages/airflow/example_dags/example_datasets.py for tasks to queue
[2023-05-26T15:05:52.818+0000] {logging_mixin.py:137} INFO - [2023-05-26T15:05:52.818+0000] {dagbag.py:532} INFO - Filling up the DagBag from /home/airflow/.local/lib/python3.7/site-packages/airflow/example_dags/example_datasets.py
[2023-05-26T15:05:52.837+0000] {processor.py:753} INFO - DAG(s) dict_keys(['dataset_produces_1', 'dataset_consumes_1_never_scheduled', 'dataset_consumes_unknown_never_scheduled', 'dataset_produces_2', 'dataset_consumes_1', 'dataset_consumes_1_and_2']) retrieved from /home/airflow/.local/lib/python3.7/site-packages/airflow/example_dags/example_datasets.py
[2023-05-26T15:05:52.885+0000] {logging_mixin.py:137} INFO - [2023-05-26T15:05:52.885+0000] {dag.py:2693} INFO - Sync 6 DAGs
[2023-05-26T15:05:52.917+0000] {logging_mixin.py:137} INFO - [2023-05-26T15:05:52.917+0000] {dag.py:3444} INFO - Setting next_dagrun for dataset_consumes_1 to None, run_after=None
[2023-05-26T15:05:52.921+0000] {logging_mixin.py:137} INFO - [2023-05-26T15:05:52.921+0000] {dag.py:3444} INFO - Setting next_dagrun for dataset_consumes_1_and_2 to None, run_after=None
[2023-05-26T15:05:52.922+0000] {logging_mixin.py:137} INFO - [2023-05-26T15:05:52.922+0000] {dag.py:3444} INFO - Setting next_dagrun for dataset_consumes_1_never_scheduled to None, run_after=None
[2023-05-26T15:05:52.924+0000] {logging_mixin.py:137} INFO - [2023-05-26T15:05:52.923+0000] {dag.py:3444} INFO - Setting next_dagrun for dataset_consumes_unknown_never_scheduled to None, run_after=None
[2023-05-26T15:05:52.927+0000] {logging_mixin.py:137} INFO - [2023-05-26T15:05:52.927+0000] {dag.py:3444} INFO - Setting next_dagrun for dataset_produces_1 to 2023-05-25T00:00:00+00:00, run_after=2023-05-26T00:00:00+00:00
[2023-05-26T15:05:52.928+0000] {logging_mixin.py:137} INFO - [2023-05-26T15:05:52.928+0000] {dag.py:3444} INFO - Setting next_dagrun for dataset_produces_2 to None, run_after=None
[2023-05-26T15:05:52.966+0000] {processor.py:175} INFO - Processing /home/airflow/.local/lib/python3.7/site-packages/airflow/example_dags/example_datasets.py took 0.153 seconds
[2023-05-26T15:06:23.008+0000] {processor.py:153} INFO - Started process (PID=1109) to work on /home/airflow/.local/lib/python3.7/site-packages/airflow/example_dags/example_datasets.py
[2023-05-26T15:06:23.009+0000] {processor.py:743} INFO - Processing file /home/airflow/.local/lib/python3.7/site-packages/airflow/example_dags/example_datasets.py for tasks to queue
[2023-05-26T15:06:23.010+0000] {logging_mixin.py:137} INFO - [2023-05-26T15:06:23.010+0000] {dagbag.py:532} INFO - Filling up the DagBag from /home/airflow/.local/lib/python3.7/site-packages/airflow/example_dags/example_datasets.py
[2023-05-26T15:06:23.030+0000] {processor.py:753} INFO - DAG(s) dict_keys(['dataset_consumes_unknown_never_scheduled', 'dataset_produces_2', 'dataset_produces_1', 'dataset_consumes_1_and_2', 'dataset_consumes_1', 'dataset_consumes_1_never_scheduled']) retrieved from /home/airflow/.local/lib/python3.7/site-packages/airflow/example_dags/example_datasets.py
[2023-05-26T15:06:23.078+0000] {logging_mixin.py:137} INFO - [2023-05-26T15:06:23.078+0000] {dag.py:2693} INFO - Sync 6 DAGs
[2023-05-26T15:06:23.111+0000] {logging_mixin.py:137} INFO - [2023-05-26T15:06:23.111+0000] {dag.py:3444} INFO - Setting next_dagrun for dataset_consumes_1 to None, run_after=None
[2023-05-26T15:06:23.115+0000] {logging_mixin.py:137} INFO - [2023-05-26T15:06:23.115+0000] {dag.py:3444} INFO - Setting next_dagrun for dataset_consumes_1_and_2 to None, run_after=None
[2023-05-26T15:06:23.116+0000] {logging_mixin.py:137} INFO - [2023-05-26T15:06:23.116+0000] {dag.py:3444} INFO - Setting next_dagrun for dataset_consumes_1_never_scheduled to None, run_after=None
[2023-05-26T15:06:23.118+0000] {logging_mixin.py:137} INFO - [2023-05-26T15:06:23.117+0000] {dag.py:3444} INFO - Setting next_dagrun for dataset_consumes_unknown_never_scheduled to None, run_after=None
[2023-05-26T15:06:23.121+0000] {logging_mixin.py:137} INFO - [2023-05-26T15:06:23.121+0000] {dag.py:3444} INFO - Setting next_dagrun for dataset_produces_1 to 2023-05-25T00:00:00+00:00, run_after=2023-05-26T00:00:00+00:00
[2023-05-26T15:06:23.123+0000] {logging_mixin.py:137} INFO - [2023-05-26T15:06:23.123+0000] {dag.py:3444} INFO - Setting next_dagrun for dataset_produces_2 to None, run_after=None
[2023-05-26T15:06:23.164+0000] {processor.py:175} INFO - Processing /home/airflow/.local/lib/python3.7/site-packages/airflow/example_dags/example_datasets.py took 0.161 seconds
[2023-05-26T15:06:53.820+0000] {processor.py:153} INFO - Started process (PID=1161) to work on /home/airflow/.local/lib/python3.7/site-packages/airflow/example_dags/example_datasets.py
[2023-05-26T15:06:53.821+0000] {processor.py:743} INFO - Processing file /home/airflow/.local/lib/python3.7/site-packages/airflow/example_dags/example_datasets.py for tasks to queue
[2023-05-26T15:06:53.822+0000] {logging_mixin.py:137} INFO - [2023-05-26T15:06:53.822+0000] {dagbag.py:532} INFO - Filling up the DagBag from /home/airflow/.local/lib/python3.7/site-packages/airflow/example_dags/example_datasets.py
[2023-05-26T15:06:53.844+0000] {processor.py:753} INFO - DAG(s) dict_keys(['dataset_produces_1', 'dataset_produces_2', 'dataset_consumes_1_never_scheduled', 'dataset_consumes_unknown_never_scheduled', 'dataset_consumes_1', 'dataset_consumes_1_and_2']) retrieved from /home/airflow/.local/lib/python3.7/site-packages/airflow/example_dags/example_datasets.py
[2023-05-26T15:06:53.893+0000] {logging_mixin.py:137} INFO - [2023-05-26T15:06:53.893+0000] {dag.py:2693} INFO - Sync 6 DAGs
[2023-05-26T15:06:53.927+0000] {logging_mixin.py:137} INFO - [2023-05-26T15:06:53.927+0000] {dag.py:3444} INFO - Setting next_dagrun for dataset_consumes_1 to None, run_after=None
[2023-05-26T15:06:53.931+0000] {logging_mixin.py:137} INFO - [2023-05-26T15:06:53.931+0000] {dag.py:3444} INFO - Setting next_dagrun for dataset_consumes_1_and_2 to None, run_after=None
[2023-05-26T15:06:53.932+0000] {logging_mixin.py:137} INFO - [2023-05-26T15:06:53.932+0000] {dag.py:3444} INFO - Setting next_dagrun for dataset_consumes_1_never_scheduled to None, run_after=None
[2023-05-26T15:06:53.934+0000] {logging_mixin.py:137} INFO - [2023-05-26T15:06:53.933+0000] {dag.py:3444} INFO - Setting next_dagrun for dataset_consumes_unknown_never_scheduled to None, run_after=None
[2023-05-26T15:06:53.937+0000] {logging_mixin.py:137} INFO - [2023-05-26T15:06:53.937+0000] {dag.py:3444} INFO - Setting next_dagrun for dataset_produces_1 to 2023-05-25T00:00:00+00:00, run_after=2023-05-26T00:00:00+00:00
[2023-05-26T15:06:53.938+0000] {logging_mixin.py:137} INFO - [2023-05-26T15:06:53.938+0000] {dag.py:3444} INFO - Setting next_dagrun for dataset_produces_2 to None, run_after=None
[2023-05-26T15:06:53.978+0000] {processor.py:175} INFO - Processing /home/airflow/.local/lib/python3.7/site-packages/airflow/example_dags/example_datasets.py took 0.162 seconds
[2023-05-26T15:07:25.281+0000] {processor.py:153} INFO - Started process (PID=1213) to work on /home/airflow/.local/lib/python3.7/site-packages/airflow/example_dags/example_datasets.py
[2023-05-26T15:07:25.290+0000] {processor.py:743} INFO - Processing file /home/airflow/.local/lib/python3.7/site-packages/airflow/example_dags/example_datasets.py for tasks to queue
[2023-05-26T15:07:25.291+0000] {logging_mixin.py:137} INFO - [2023-05-26T15:07:25.291+0000] {dagbag.py:532} INFO - Filling up the DagBag from /home/airflow/.local/lib/python3.7/site-packages/airflow/example_dags/example_datasets.py
[2023-05-26T15:07:25.330+0000] {processor.py:753} INFO - DAG(s) dict_keys(['dataset_consumes_1', 'dataset_consumes_1_and_2', 'dataset_consumes_unknown_never_scheduled', 'dataset_consumes_1_never_scheduled', 'dataset_produces_1', 'dataset_produces_2']) retrieved from /home/airflow/.local/lib/python3.7/site-packages/airflow/example_dags/example_datasets.py
[2023-05-26T15:07:25.449+0000] {logging_mixin.py:137} INFO - [2023-05-26T15:07:25.449+0000] {dag.py:2693} INFO - Sync 6 DAGs
[2023-05-26T15:07:25.513+0000] {logging_mixin.py:137} INFO - [2023-05-26T15:07:25.513+0000] {dag.py:3444} INFO - Setting next_dagrun for dataset_consumes_1 to None, run_after=None
[2023-05-26T15:07:25.521+0000] {logging_mixin.py:137} INFO - [2023-05-26T15:07:25.521+0000] {dag.py:3444} INFO - Setting next_dagrun for dataset_consumes_1_and_2 to None, run_after=None
[2023-05-26T15:07:25.525+0000] {logging_mixin.py:137} INFO - [2023-05-26T15:07:25.525+0000] {dag.py:3444} INFO - Setting next_dagrun for dataset_consumes_1_never_scheduled to None, run_after=None
[2023-05-26T15:07:25.527+0000] {logging_mixin.py:137} INFO - [2023-05-26T15:07:25.527+0000] {dag.py:3444} INFO - Setting next_dagrun for dataset_consumes_unknown_never_scheduled to None, run_after=None
[2023-05-26T15:07:25.531+0000] {logging_mixin.py:137} INFO - [2023-05-26T15:07:25.531+0000] {dag.py:3444} INFO - Setting next_dagrun for dataset_produces_1 to 2023-05-25T00:00:00+00:00, run_after=2023-05-26T00:00:00+00:00
[2023-05-26T15:07:25.535+0000] {logging_mixin.py:137} INFO - [2023-05-26T15:07:25.535+0000] {dag.py:3444} INFO - Setting next_dagrun for dataset_produces_2 to None, run_after=None
[2023-05-26T15:07:25.633+0000] {processor.py:175} INFO - Processing /home/airflow/.local/lib/python3.7/site-packages/airflow/example_dags/example_datasets.py took 0.356 seconds
[2023-05-26T15:07:56.429+0000] {processor.py:153} INFO - Started process (PID=1265) to work on /home/airflow/.local/lib/python3.7/site-packages/airflow/example_dags/example_datasets.py
[2023-05-26T15:07:56.430+0000] {processor.py:743} INFO - Processing file /home/airflow/.local/lib/python3.7/site-packages/airflow/example_dags/example_datasets.py for tasks to queue
[2023-05-26T15:07:56.431+0000] {logging_mixin.py:137} INFO - [2023-05-26T15:07:56.431+0000] {dagbag.py:532} INFO - Filling up the DagBag from /home/airflow/.local/lib/python3.7/site-packages/airflow/example_dags/example_datasets.py
[2023-05-26T15:07:56.451+0000] {processor.py:753} INFO - DAG(s) dict_keys(['dataset_produces_2', 'dataset_consumes_1', 'dataset_consumes_1_never_scheduled', 'dataset_produces_1', 'dataset_consumes_unknown_never_scheduled', 'dataset_consumes_1_and_2']) retrieved from /home/airflow/.local/lib/python3.7/site-packages/airflow/example_dags/example_datasets.py
[2023-05-26T15:07:56.501+0000] {logging_mixin.py:137} INFO - [2023-05-26T15:07:56.501+0000] {dag.py:2693} INFO - Sync 6 DAGs
[2023-05-26T15:07:56.533+0000] {logging_mixin.py:137} INFO - [2023-05-26T15:07:56.533+0000] {dag.py:3444} INFO - Setting next_dagrun for dataset_consumes_1 to None, run_after=None
[2023-05-26T15:07:56.538+0000] {logging_mixin.py:137} INFO - [2023-05-26T15:07:56.537+0000] {dag.py:3444} INFO - Setting next_dagrun for dataset_consumes_1_and_2 to None, run_after=None
[2023-05-26T15:07:56.539+0000] {logging_mixin.py:137} INFO - [2023-05-26T15:07:56.539+0000] {dag.py:3444} INFO - Setting next_dagrun for dataset_consumes_1_never_scheduled to None, run_after=None
[2023-05-26T15:07:56.541+0000] {logging_mixin.py:137} INFO - [2023-05-26T15:07:56.541+0000] {dag.py:3444} INFO - Setting next_dagrun for dataset_consumes_unknown_never_scheduled to None, run_after=None
[2023-05-26T15:07:56.544+0000] {logging_mixin.py:137} INFO - [2023-05-26T15:07:56.544+0000] {dag.py:3444} INFO - Setting next_dagrun for dataset_produces_1 to 2023-05-25T00:00:00+00:00, run_after=2023-05-26T00:00:00+00:00
[2023-05-26T15:07:56.545+0000] {logging_mixin.py:137} INFO - [2023-05-26T15:07:56.545+0000] {dag.py:3444} INFO - Setting next_dagrun for dataset_produces_2 to None, run_after=None
[2023-05-26T15:07:56.585+0000] {processor.py:175} INFO - Processing /home/airflow/.local/lib/python3.7/site-packages/airflow/example_dags/example_datasets.py took 0.160 seconds
[2023-05-26T15:08:27.506+0000] {processor.py:153} INFO - Started process (PID=1317) to work on /home/airflow/.local/lib/python3.7/site-packages/airflow/example_dags/example_datasets.py
[2023-05-26T15:08:27.508+0000] {processor.py:743} INFO - Processing file /home/airflow/.local/lib/python3.7/site-packages/airflow/example_dags/example_datasets.py for tasks to queue
[2023-05-26T15:08:27.508+0000] {logging_mixin.py:137} INFO - [2023-05-26T15:08:27.508+0000] {dagbag.py:532} INFO - Filling up the DagBag from /home/airflow/.local/lib/python3.7/site-packages/airflow/example_dags/example_datasets.py
[2023-05-26T15:08:27.529+0000] {processor.py:753} INFO - DAG(s) dict_keys(['dataset_consumes_1', 'dataset_produces_1', 'dataset_consumes_1_and_2', 'dataset_produces_2', 'dataset_consumes_1_never_scheduled', 'dataset_consumes_unknown_never_scheduled']) retrieved from /home/airflow/.local/lib/python3.7/site-packages/airflow/example_dags/example_datasets.py
[2023-05-26T15:08:27.589+0000] {logging_mixin.py:137} INFO - [2023-05-26T15:08:27.589+0000] {dag.py:2693} INFO - Sync 6 DAGs
[2023-05-26T15:08:27.622+0000] {logging_mixin.py:137} INFO - [2023-05-26T15:08:27.621+0000] {dag.py:3444} INFO - Setting next_dagrun for dataset_consumes_1 to None, run_after=None
[2023-05-26T15:08:27.627+0000] {logging_mixin.py:137} INFO - [2023-05-26T15:08:27.627+0000] {dag.py:3444} INFO - Setting next_dagrun for dataset_consumes_1_and_2 to None, run_after=None
[2023-05-26T15:08:27.628+0000] {logging_mixin.py:137} INFO - [2023-05-26T15:08:27.628+0000] {dag.py:3444} INFO - Setting next_dagrun for dataset_consumes_1_never_scheduled to None, run_after=None
[2023-05-26T15:08:27.630+0000] {logging_mixin.py:137} INFO - [2023-05-26T15:08:27.630+0000] {dag.py:3444} INFO - Setting next_dagrun for dataset_consumes_unknown_never_scheduled to None, run_after=None
[2023-05-26T15:08:27.634+0000] {logging_mixin.py:137} INFO - [2023-05-26T15:08:27.633+0000] {dag.py:3444} INFO - Setting next_dagrun for dataset_produces_1 to 2023-05-25T00:00:00+00:00, run_after=2023-05-26T00:00:00+00:00
[2023-05-26T15:08:27.635+0000] {logging_mixin.py:137} INFO - [2023-05-26T15:08:27.635+0000] {dag.py:3444} INFO - Setting next_dagrun for dataset_produces_2 to None, run_after=None
[2023-05-26T15:08:27.674+0000] {processor.py:175} INFO - Processing /home/airflow/.local/lib/python3.7/site-packages/airflow/example_dags/example_datasets.py took 0.172 seconds
[2023-05-26T15:08:58.321+0000] {processor.py:153} INFO - Started process (PID=1369) to work on /home/airflow/.local/lib/python3.7/site-packages/airflow/example_dags/example_datasets.py
[2023-05-26T15:08:58.330+0000] {processor.py:743} INFO - Processing file /home/airflow/.local/lib/python3.7/site-packages/airflow/example_dags/example_datasets.py for tasks to queue
[2023-05-26T15:08:58.330+0000] {logging_mixin.py:137} INFO - [2023-05-26T15:08:58.330+0000] {dagbag.py:532} INFO - Filling up the DagBag from /home/airflow/.local/lib/python3.7/site-packages/airflow/example_dags/example_datasets.py
[2023-05-26T15:08:58.373+0000] {processor.py:753} INFO - DAG(s) dict_keys(['dataset_produces_2', 'dataset_consumes_unknown_never_scheduled', 'dataset_consumes_1_never_scheduled', 'dataset_consumes_1', 'dataset_consumes_1_and_2', 'dataset_produces_1']) retrieved from /home/airflow/.local/lib/python3.7/site-packages/airflow/example_dags/example_datasets.py
[2023-05-26T15:08:58.487+0000] {logging_mixin.py:137} INFO - [2023-05-26T15:08:58.487+0000] {dag.py:2693} INFO - Sync 6 DAGs
[2023-05-26T15:08:58.558+0000] {logging_mixin.py:137} INFO - [2023-05-26T15:08:58.558+0000] {dag.py:3444} INFO - Setting next_dagrun for dataset_consumes_1 to None, run_after=None
[2023-05-26T15:08:58.572+0000] {logging_mixin.py:137} INFO - [2023-05-26T15:08:58.572+0000] {dag.py:3444} INFO - Setting next_dagrun for dataset_consumes_1_and_2 to None, run_after=None
[2023-05-26T15:08:58.574+0000] {logging_mixin.py:137} INFO - [2023-05-26T15:08:58.574+0000] {dag.py:3444} INFO - Setting next_dagrun for dataset_consumes_1_never_scheduled to None, run_after=None
[2023-05-26T15:08:58.582+0000] {logging_mixin.py:137} INFO - [2023-05-26T15:08:58.582+0000] {dag.py:3444} INFO - Setting next_dagrun for dataset_consumes_unknown_never_scheduled to None, run_after=None
[2023-05-26T15:08:58.586+0000] {logging_mixin.py:137} INFO - [2023-05-26T15:08:58.585+0000] {dag.py:3444} INFO - Setting next_dagrun for dataset_produces_1 to 2023-05-25T00:00:00+00:00, run_after=2023-05-26T00:00:00+00:00
[2023-05-26T15:08:58.587+0000] {logging_mixin.py:137} INFO - [2023-05-26T15:08:58.587+0000] {dag.py:3444} INFO - Setting next_dagrun for dataset_produces_2 to None, run_after=None
[2023-05-26T15:08:58.664+0000] {processor.py:175} INFO - Processing /home/airflow/.local/lib/python3.7/site-packages/airflow/example_dags/example_datasets.py took 0.348 seconds
[2023-05-26T15:09:28.799+0000] {processor.py:153} INFO - Started process (PID=1422) to work on /home/airflow/.local/lib/python3.7/site-packages/airflow/example_dags/example_datasets.py
[2023-05-26T15:09:28.800+0000] {processor.py:743} INFO - Processing file /home/airflow/.local/lib/python3.7/site-packages/airflow/example_dags/example_datasets.py for tasks to queue
[2023-05-26T15:09:28.801+0000] {logging_mixin.py:137} INFO - [2023-05-26T15:09:28.801+0000] {dagbag.py:532} INFO - Filling up the DagBag from /home/airflow/.local/lib/python3.7/site-packages/airflow/example_dags/example_datasets.py
[2023-05-26T15:09:28.822+0000] {processor.py:753} INFO - DAG(s) dict_keys(['dataset_consumes_1_and_2', 'dataset_consumes_unknown_never_scheduled', 'dataset_consumes_1_never_scheduled', 'dataset_produces_2', 'dataset_consumes_1', 'dataset_produces_1']) retrieved from /home/airflow/.local/lib/python3.7/site-packages/airflow/example_dags/example_datasets.py
[2023-05-26T15:09:28.873+0000] {logging_mixin.py:137} INFO - [2023-05-26T15:09:28.873+0000] {dag.py:2693} INFO - Sync 6 DAGs
[2023-05-26T15:09:28.908+0000] {logging_mixin.py:137} INFO - [2023-05-26T15:09:28.908+0000] {dag.py:3444} INFO - Setting next_dagrun for dataset_consumes_1 to None, run_after=None
[2023-05-26T15:09:28.912+0000] {logging_mixin.py:137} INFO - [2023-05-26T15:09:28.912+0000] {dag.py:3444} INFO - Setting next_dagrun for dataset_consumes_1_and_2 to None, run_after=None
[2023-05-26T15:09:28.914+0000] {logging_mixin.py:137} INFO - [2023-05-26T15:09:28.914+0000] {dag.py:3444} INFO - Setting next_dagrun for dataset_consumes_1_never_scheduled to None, run_after=None
[2023-05-26T15:09:28.915+0000] {logging_mixin.py:137} INFO - [2023-05-26T15:09:28.915+0000] {dag.py:3444} INFO - Setting next_dagrun for dataset_consumes_unknown_never_scheduled to None, run_after=None
[2023-05-26T15:09:28.918+0000] {logging_mixin.py:137} INFO - [2023-05-26T15:09:28.918+0000] {dag.py:3444} INFO - Setting next_dagrun for dataset_produces_1 to 2023-05-25T00:00:00+00:00, run_after=2023-05-26T00:00:00+00:00
[2023-05-26T15:09:28.920+0000] {logging_mixin.py:137} INFO - [2023-05-26T15:09:28.920+0000] {dag.py:3444} INFO - Setting next_dagrun for dataset_produces_2 to None, run_after=None
[2023-05-26T15:09:28.961+0000] {processor.py:175} INFO - Processing /home/airflow/.local/lib/python3.7/site-packages/airflow/example_dags/example_datasets.py took 0.166 seconds
[2023-05-26T15:09:59.181+0000] {processor.py:153} INFO - Started process (PID=1473) to work on /home/airflow/.local/lib/python3.7/site-packages/airflow/example_dags/example_datasets.py
[2023-05-26T15:09:59.182+0000] {processor.py:743} INFO - Processing file /home/airflow/.local/lib/python3.7/site-packages/airflow/example_dags/example_datasets.py for tasks to queue
[2023-05-26T15:09:59.183+0000] {logging_mixin.py:137} INFO - [2023-05-26T15:09:59.183+0000] {dagbag.py:532} INFO - Filling up the DagBag from /home/airflow/.local/lib/python3.7/site-packages/airflow/example_dags/example_datasets.py
[2023-05-26T15:09:59.203+0000] {processor.py:753} INFO - DAG(s) dict_keys(['dataset_consumes_1', 'dataset_consumes_1_never_scheduled', 'dataset_produces_2', 'dataset_consumes_unknown_never_scheduled', 'dataset_produces_1', 'dataset_consumes_1_and_2']) retrieved from /home/airflow/.local/lib/python3.7/site-packages/airflow/example_dags/example_datasets.py
[2023-05-26T15:09:59.252+0000] {logging_mixin.py:137} INFO - [2023-05-26T15:09:59.251+0000] {dag.py:2693} INFO - Sync 6 DAGs
[2023-05-26T15:09:59.284+0000] {logging_mixin.py:137} INFO - [2023-05-26T15:09:59.284+0000] {dag.py:3444} INFO - Setting next_dagrun for dataset_consumes_1 to None, run_after=None
[2023-05-26T15:09:59.288+0000] {logging_mixin.py:137} INFO - [2023-05-26T15:09:59.288+0000] {dag.py:3444} INFO - Setting next_dagrun for dataset_consumes_1_and_2 to None, run_after=None
[2023-05-26T15:09:59.289+0000] {logging_mixin.py:137} INFO - [2023-05-26T15:09:59.289+0000] {dag.py:3444} INFO - Setting next_dagrun for dataset_consumes_1_never_scheduled to None, run_after=None
[2023-05-26T15:09:59.290+0000] {logging_mixin.py:137} INFO - [2023-05-26T15:09:59.290+0000] {dag.py:3444} INFO - Setting next_dagrun for dataset_consumes_unknown_never_scheduled to None, run_after=None
[2023-05-26T15:09:59.294+0000] {logging_mixin.py:137} INFO - [2023-05-26T15:09:59.294+0000] {dag.py:3444} INFO - Setting next_dagrun for dataset_produces_1 to 2023-05-25T00:00:00+00:00, run_after=2023-05-26T00:00:00+00:00
[2023-05-26T15:09:59.296+0000] {logging_mixin.py:137} INFO - [2023-05-26T15:09:59.295+0000] {dag.py:3444} INFO - Setting next_dagrun for dataset_produces_2 to None, run_after=None
[2023-05-26T15:09:59.336+0000] {processor.py:175} INFO - Processing /home/airflow/.local/lib/python3.7/site-packages/airflow/example_dags/example_datasets.py took 0.158 seconds
[2023-05-26T15:10:29.504+0000] {processor.py:153} INFO - Started process (PID=1525) to work on /home/airflow/.local/lib/python3.7/site-packages/airflow/example_dags/example_datasets.py
[2023-05-26T15:10:29.506+0000] {processor.py:743} INFO - Processing file /home/airflow/.local/lib/python3.7/site-packages/airflow/example_dags/example_datasets.py for tasks to queue
[2023-05-26T15:10:29.507+0000] {logging_mixin.py:137} INFO - [2023-05-26T15:10:29.506+0000] {dagbag.py:532} INFO - Filling up the DagBag from /home/airflow/.local/lib/python3.7/site-packages/airflow/example_dags/example_datasets.py
[2023-05-26T15:10:29.526+0000] {processor.py:753} INFO - DAG(s) dict_keys(['dataset_consumes_1', 'dataset_consumes_unknown_never_scheduled', 'dataset_produces_1', 'dataset_consumes_1_and_2', 'dataset_consumes_1_never_scheduled', 'dataset_produces_2']) retrieved from /home/airflow/.local/lib/python3.7/site-packages/airflow/example_dags/example_datasets.py
[2023-05-26T15:10:29.575+0000] {logging_mixin.py:137} INFO - [2023-05-26T15:10:29.575+0000] {dag.py:2693} INFO - Sync 6 DAGs
[2023-05-26T15:10:29.608+0000] {logging_mixin.py:137} INFO - [2023-05-26T15:10:29.608+0000] {dag.py:3444} INFO - Setting next_dagrun for dataset_consumes_1 to None, run_after=None
[2023-05-26T15:10:29.612+0000] {logging_mixin.py:137} INFO - [2023-05-26T15:10:29.612+0000] {dag.py:3444} INFO - Setting next_dagrun for dataset_consumes_1_and_2 to None, run_after=None
[2023-05-26T15:10:29.613+0000] {logging_mixin.py:137} INFO - [2023-05-26T15:10:29.613+0000] {dag.py:3444} INFO - Setting next_dagrun for dataset_consumes_1_never_scheduled to None, run_after=None
[2023-05-26T15:10:29.615+0000] {logging_mixin.py:137} INFO - [2023-05-26T15:10:29.614+0000] {dag.py:3444} INFO - Setting next_dagrun for dataset_consumes_unknown_never_scheduled to None, run_after=None
[2023-05-26T15:10:29.618+0000] {logging_mixin.py:137} INFO - [2023-05-26T15:10:29.618+0000] {dag.py:3444} INFO - Setting next_dagrun for dataset_produces_1 to 2023-05-25T00:00:00+00:00, run_after=2023-05-26T00:00:00+00:00
[2023-05-26T15:10:29.619+0000] {logging_mixin.py:137} INFO - [2023-05-26T15:10:29.619+0000] {dag.py:3444} INFO - Setting next_dagrun for dataset_produces_2 to None, run_after=None
[2023-05-26T15:10:29.664+0000] {processor.py:175} INFO - Processing /home/airflow/.local/lib/python3.7/site-packages/airflow/example_dags/example_datasets.py took 0.164 seconds
