[2023-05-26T14:56:07.419+0000] {processor.py:153} INFO - Started process (PID=51) to work on /home/airflow/.local/lib/python3.7/site-packages/airflow/example_dags/example_short_circuit_decorator.py
[2023-05-26T14:56:07.420+0000] {processor.py:743} INFO - Processing file /home/airflow/.local/lib/python3.7/site-packages/airflow/example_dags/example_short_circuit_decorator.py for tasks to queue
[2023-05-26T14:56:07.421+0000] {logging_mixin.py:137} INFO - [2023-05-26T14:56:07.421+0000] {dagbag.py:532} INFO - Filling up the DagBag from /home/airflow/.local/lib/python3.7/site-packages/airflow/example_dags/example_short_circuit_decorator.py
[2023-05-26T14:56:07.502+0000] {processor.py:753} INFO - DAG(s) dict_keys(['example_short_circuit_decorator']) retrieved from /home/airflow/.local/lib/python3.7/site-packages/airflow/example_dags/example_short_circuit_decorator.py
[2023-05-26T14:56:07.570+0000] {logging_mixin.py:137} INFO - [2023-05-26T14:56:07.569+0000] {dag.py:2693} INFO - Sync 1 DAGs
[2023-05-26T14:56:07.658+0000] {logging_mixin.py:137} INFO - [2023-05-26T14:56:07.658+0000] {dag.py:3444} INFO - Setting next_dagrun for example_short_circuit_decorator to 2023-05-25T14:56:07.657973+00:00, run_after=2023-05-26T14:56:07.657973+00:00
[2023-05-26T14:56:07.699+0000] {processor.py:175} INFO - Processing /home/airflow/.local/lib/python3.7/site-packages/airflow/example_dags/example_short_circuit_decorator.py took 0.284 seconds
[2023-05-26T14:56:37.930+0000] {processor.py:153} INFO - Started process (PID=103) to work on /home/airflow/.local/lib/python3.7/site-packages/airflow/example_dags/example_short_circuit_decorator.py
[2023-05-26T14:56:37.931+0000] {processor.py:743} INFO - Processing file /home/airflow/.local/lib/python3.7/site-packages/airflow/example_dags/example_short_circuit_decorator.py for tasks to queue
[2023-05-26T14:56:37.932+0000] {logging_mixin.py:137} INFO - [2023-05-26T14:56:37.932+0000] {dagbag.py:532} INFO - Filling up the DagBag from /home/airflow/.local/lib/python3.7/site-packages/airflow/example_dags/example_short_circuit_decorator.py
[2023-05-26T14:56:37.963+0000] {processor.py:753} INFO - DAG(s) dict_keys(['example_short_circuit_decorator']) retrieved from /home/airflow/.local/lib/python3.7/site-packages/airflow/example_dags/example_short_circuit_decorator.py
[2023-05-26T14:56:37.996+0000] {logging_mixin.py:137} INFO - [2023-05-26T14:56:37.996+0000] {dag.py:2693} INFO - Sync 1 DAGs
[2023-05-26T14:56:38.027+0000] {logging_mixin.py:137} INFO - [2023-05-26T14:56:38.027+0000] {dag.py:3444} INFO - Setting next_dagrun for example_short_circuit_decorator to 2023-05-25T14:56:38.027273+00:00, run_after=2023-05-26T14:56:38.027273+00:00
[2023-05-26T14:56:38.052+0000] {processor.py:175} INFO - Processing /home/airflow/.local/lib/python3.7/site-packages/airflow/example_dags/example_short_circuit_decorator.py took 0.125 seconds
[2023-05-26T14:57:08.109+0000] {processor.py:153} INFO - Started process (PID=155) to work on /home/airflow/.local/lib/python3.7/site-packages/airflow/example_dags/example_short_circuit_decorator.py
[2023-05-26T14:57:08.111+0000] {processor.py:743} INFO - Processing file /home/airflow/.local/lib/python3.7/site-packages/airflow/example_dags/example_short_circuit_decorator.py for tasks to queue
[2023-05-26T14:57:08.111+0000] {logging_mixin.py:137} INFO - [2023-05-26T14:57:08.111+0000] {dagbag.py:532} INFO - Filling up the DagBag from /home/airflow/.local/lib/python3.7/site-packages/airflow/example_dags/example_short_circuit_decorator.py
[2023-05-26T14:57:08.143+0000] {processor.py:753} INFO - DAG(s) dict_keys(['example_short_circuit_decorator']) retrieved from /home/airflow/.local/lib/python3.7/site-packages/airflow/example_dags/example_short_circuit_decorator.py
[2023-05-26T14:57:08.176+0000] {logging_mixin.py:137} INFO - [2023-05-26T14:57:08.176+0000] {dag.py:2693} INFO - Sync 1 DAGs
[2023-05-26T14:57:08.213+0000] {logging_mixin.py:137} INFO - [2023-05-26T14:57:08.213+0000] {dag.py:3444} INFO - Setting next_dagrun for example_short_circuit_decorator to 2023-05-25T14:57:08.213227+00:00, run_after=2023-05-26T14:57:08.213227+00:00
[2023-05-26T14:57:08.251+0000] {processor.py:175} INFO - Processing /home/airflow/.local/lib/python3.7/site-packages/airflow/example_dags/example_short_circuit_decorator.py took 0.146 seconds
[2023-05-26T14:57:38.990+0000] {processor.py:153} INFO - Started process (PID=207) to work on /home/airflow/.local/lib/python3.7/site-packages/airflow/example_dags/example_short_circuit_decorator.py
[2023-05-26T14:57:38.991+0000] {processor.py:743} INFO - Processing file /home/airflow/.local/lib/python3.7/site-packages/airflow/example_dags/example_short_circuit_decorator.py for tasks to queue
[2023-05-26T14:57:38.992+0000] {logging_mixin.py:137} INFO - [2023-05-26T14:57:38.992+0000] {dagbag.py:532} INFO - Filling up the DagBag from /home/airflow/.local/lib/python3.7/site-packages/airflow/example_dags/example_short_circuit_decorator.py
[2023-05-26T14:57:39.023+0000] {processor.py:753} INFO - DAG(s) dict_keys(['example_short_circuit_decorator']) retrieved from /home/airflow/.local/lib/python3.7/site-packages/airflow/example_dags/example_short_circuit_decorator.py
[2023-05-26T14:57:39.056+0000] {logging_mixin.py:137} INFO - [2023-05-26T14:57:39.056+0000] {dag.py:2693} INFO - Sync 1 DAGs
[2023-05-26T14:57:39.089+0000] {logging_mixin.py:137} INFO - [2023-05-26T14:57:39.089+0000] {dag.py:3444} INFO - Setting next_dagrun for example_short_circuit_decorator to 2023-05-25T14:57:39.089040+00:00, run_after=2023-05-26T14:57:39.089040+00:00
[2023-05-26T14:57:39.119+0000] {processor.py:175} INFO - Processing /home/airflow/.local/lib/python3.7/site-packages/airflow/example_dags/example_short_circuit_decorator.py took 0.132 seconds
[2023-05-26T14:58:09.660+0000] {processor.py:153} INFO - Started process (PID=260) to work on /home/airflow/.local/lib/python3.7/site-packages/airflow/example_dags/example_short_circuit_decorator.py
[2023-05-26T14:58:09.661+0000] {processor.py:743} INFO - Processing file /home/airflow/.local/lib/python3.7/site-packages/airflow/example_dags/example_short_circuit_decorator.py for tasks to queue
[2023-05-26T14:58:09.662+0000] {logging_mixin.py:137} INFO - [2023-05-26T14:58:09.661+0000] {dagbag.py:532} INFO - Filling up the DagBag from /home/airflow/.local/lib/python3.7/site-packages/airflow/example_dags/example_short_circuit_decorator.py
[2023-05-26T14:58:09.693+0000] {processor.py:753} INFO - DAG(s) dict_keys(['example_short_circuit_decorator']) retrieved from /home/airflow/.local/lib/python3.7/site-packages/airflow/example_dags/example_short_circuit_decorator.py
[2023-05-26T14:58:09.726+0000] {logging_mixin.py:137} INFO - [2023-05-26T14:58:09.726+0000] {dag.py:2693} INFO - Sync 1 DAGs
[2023-05-26T14:58:09.758+0000] {logging_mixin.py:137} INFO - [2023-05-26T14:58:09.758+0000] {dag.py:3444} INFO - Setting next_dagrun for example_short_circuit_decorator to 2023-05-25T14:58:09.757994+00:00, run_after=2023-05-26T14:58:09.757994+00:00
[2023-05-26T14:58:09.779+0000] {processor.py:175} INFO - Processing /home/airflow/.local/lib/python3.7/site-packages/airflow/example_dags/example_short_circuit_decorator.py took 0.123 seconds
[2023-05-26T14:58:40.321+0000] {processor.py:153} INFO - Started process (PID=312) to work on /home/airflow/.local/lib/python3.7/site-packages/airflow/example_dags/example_short_circuit_decorator.py
[2023-05-26T14:58:40.322+0000] {processor.py:743} INFO - Processing file /home/airflow/.local/lib/python3.7/site-packages/airflow/example_dags/example_short_circuit_decorator.py for tasks to queue
[2023-05-26T14:58:40.323+0000] {logging_mixin.py:137} INFO - [2023-05-26T14:58:40.322+0000] {dagbag.py:532} INFO - Filling up the DagBag from /home/airflow/.local/lib/python3.7/site-packages/airflow/example_dags/example_short_circuit_decorator.py
[2023-05-26T14:58:40.354+0000] {processor.py:753} INFO - DAG(s) dict_keys(['example_short_circuit_decorator']) retrieved from /home/airflow/.local/lib/python3.7/site-packages/airflow/example_dags/example_short_circuit_decorator.py
[2023-05-26T14:58:40.388+0000] {logging_mixin.py:137} INFO - [2023-05-26T14:58:40.387+0000] {dag.py:2693} INFO - Sync 1 DAGs
[2023-05-26T14:58:40.418+0000] {logging_mixin.py:137} INFO - [2023-05-26T14:58:40.418+0000] {dag.py:3444} INFO - Setting next_dagrun for example_short_circuit_decorator to 2023-05-25T14:58:40.418329+00:00, run_after=2023-05-26T14:58:40.418329+00:00
[2023-05-26T14:58:40.439+0000] {processor.py:175} INFO - Processing /home/airflow/.local/lib/python3.7/site-packages/airflow/example_dags/example_short_circuit_decorator.py took 0.122 seconds
[2023-05-26T14:59:10.912+0000] {processor.py:153} INFO - Started process (PID=364) to work on /home/airflow/.local/lib/python3.7/site-packages/airflow/example_dags/example_short_circuit_decorator.py
[2023-05-26T14:59:10.913+0000] {processor.py:743} INFO - Processing file /home/airflow/.local/lib/python3.7/site-packages/airflow/example_dags/example_short_circuit_decorator.py for tasks to queue
[2023-05-26T14:59:10.913+0000] {logging_mixin.py:137} INFO - [2023-05-26T14:59:10.913+0000] {dagbag.py:532} INFO - Filling up the DagBag from /home/airflow/.local/lib/python3.7/site-packages/airflow/example_dags/example_short_circuit_decorator.py
[2023-05-26T14:59:10.944+0000] {processor.py:753} INFO - DAG(s) dict_keys(['example_short_circuit_decorator']) retrieved from /home/airflow/.local/lib/python3.7/site-packages/airflow/example_dags/example_short_circuit_decorator.py
[2023-05-26T14:59:10.977+0000] {logging_mixin.py:137} INFO - [2023-05-26T14:59:10.977+0000] {dag.py:2693} INFO - Sync 1 DAGs
[2023-05-26T14:59:11.008+0000] {logging_mixin.py:137} INFO - [2023-05-26T14:59:11.008+0000] {dag.py:3444} INFO - Setting next_dagrun for example_short_circuit_decorator to 2023-05-25T14:59:11.008098+00:00, run_after=2023-05-26T14:59:11.008098+00:00
[2023-05-26T14:59:11.034+0000] {processor.py:175} INFO - Processing /home/airflow/.local/lib/python3.7/site-packages/airflow/example_dags/example_short_circuit_decorator.py took 0.126 seconds
[2023-05-26T14:59:41.618+0000] {processor.py:153} INFO - Started process (PID=416) to work on /home/airflow/.local/lib/python3.7/site-packages/airflow/example_dags/example_short_circuit_decorator.py
[2023-05-26T14:59:41.620+0000] {processor.py:743} INFO - Processing file /home/airflow/.local/lib/python3.7/site-packages/airflow/example_dags/example_short_circuit_decorator.py for tasks to queue
[2023-05-26T14:59:41.621+0000] {logging_mixin.py:137} INFO - [2023-05-26T14:59:41.621+0000] {dagbag.py:532} INFO - Filling up the DagBag from /home/airflow/.local/lib/python3.7/site-packages/airflow/example_dags/example_short_circuit_decorator.py
[2023-05-26T14:59:41.653+0000] {processor.py:753} INFO - DAG(s) dict_keys(['example_short_circuit_decorator']) retrieved from /home/airflow/.local/lib/python3.7/site-packages/airflow/example_dags/example_short_circuit_decorator.py
[2023-05-26T14:59:41.686+0000] {logging_mixin.py:137} INFO - [2023-05-26T14:59:41.686+0000] {dag.py:2693} INFO - Sync 1 DAGs
[2023-05-26T14:59:41.719+0000] {logging_mixin.py:137} INFO - [2023-05-26T14:59:41.718+0000] {dag.py:3444} INFO - Setting next_dagrun for example_short_circuit_decorator to 2023-05-25T14:59:41.718668+00:00, run_after=2023-05-26T14:59:41.718668+00:00
[2023-05-26T14:59:41.742+0000] {processor.py:175} INFO - Processing /home/airflow/.local/lib/python3.7/site-packages/airflow/example_dags/example_short_circuit_decorator.py took 0.128 seconds
[2023-05-26T15:00:13.402+0000] {processor.py:153} INFO - Started process (PID=468) to work on /home/airflow/.local/lib/python3.7/site-packages/airflow/example_dags/example_short_circuit_decorator.py
[2023-05-26T15:00:13.409+0000] {processor.py:743} INFO - Processing file /home/airflow/.local/lib/python3.7/site-packages/airflow/example_dags/example_short_circuit_decorator.py for tasks to queue
[2023-05-26T15:00:13.410+0000] {logging_mixin.py:137} INFO - [2023-05-26T15:00:13.410+0000] {dagbag.py:532} INFO - Filling up the DagBag from /home/airflow/.local/lib/python3.7/site-packages/airflow/example_dags/example_short_circuit_decorator.py
[2023-05-26T15:00:13.491+0000] {processor.py:753} INFO - DAG(s) dict_keys(['example_short_circuit_decorator']) retrieved from /home/airflow/.local/lib/python3.7/site-packages/airflow/example_dags/example_short_circuit_decorator.py
[2023-05-26T15:00:13.597+0000] {logging_mixin.py:137} INFO - [2023-05-26T15:00:13.597+0000] {dag.py:2693} INFO - Sync 1 DAGs
[2023-05-26T15:00:13.655+0000] {logging_mixin.py:137} INFO - [2023-05-26T15:00:13.655+0000] {dag.py:3444} INFO - Setting next_dagrun for example_short_circuit_decorator to 2023-05-25T15:00:13.654770+00:00, run_after=2023-05-26T15:00:13.654770+00:00
[2023-05-26T15:00:13.725+0000] {processor.py:175} INFO - Processing /home/airflow/.local/lib/python3.7/site-packages/airflow/example_dags/example_short_circuit_decorator.py took 0.336 seconds
[2023-05-26T15:00:44.513+0000] {processor.py:153} INFO - Started process (PID=526) to work on /home/airflow/.local/lib/python3.7/site-packages/airflow/example_dags/example_short_circuit_decorator.py
[2023-05-26T15:00:44.517+0000] {processor.py:743} INFO - Processing file /home/airflow/.local/lib/python3.7/site-packages/airflow/example_dags/example_short_circuit_decorator.py for tasks to queue
[2023-05-26T15:00:44.518+0000] {logging_mixin.py:137} INFO - [2023-05-26T15:00:44.518+0000] {dagbag.py:532} INFO - Filling up the DagBag from /home/airflow/.local/lib/python3.7/site-packages/airflow/example_dags/example_short_circuit_decorator.py
[2023-05-26T15:00:44.585+0000] {processor.py:753} INFO - DAG(s) dict_keys(['example_short_circuit_decorator']) retrieved from /home/airflow/.local/lib/python3.7/site-packages/airflow/example_dags/example_short_circuit_decorator.py
[2023-05-26T15:00:44.627+0000] {logging_mixin.py:137} INFO - [2023-05-26T15:00:44.627+0000] {dag.py:2693} INFO - Sync 1 DAGs
[2023-05-26T15:00:44.662+0000] {logging_mixin.py:137} INFO - [2023-05-26T15:00:44.662+0000] {dag.py:3444} INFO - Setting next_dagrun for example_short_circuit_decorator to 2023-05-25T15:00:44.661894+00:00, run_after=2023-05-26T15:00:44.661894+00:00
[2023-05-26T15:00:44.709+0000] {processor.py:175} INFO - Processing /home/airflow/.local/lib/python3.7/site-packages/airflow/example_dags/example_short_circuit_decorator.py took 0.201 seconds
[2023-05-26T15:01:15.308+0000] {processor.py:153} INFO - Started process (PID=578) to work on /home/airflow/.local/lib/python3.7/site-packages/airflow/example_dags/example_short_circuit_decorator.py
[2023-05-26T15:01:15.310+0000] {processor.py:743} INFO - Processing file /home/airflow/.local/lib/python3.7/site-packages/airflow/example_dags/example_short_circuit_decorator.py for tasks to queue
[2023-05-26T15:01:15.310+0000] {logging_mixin.py:137} INFO - [2023-05-26T15:01:15.310+0000] {dagbag.py:532} INFO - Filling up the DagBag from /home/airflow/.local/lib/python3.7/site-packages/airflow/example_dags/example_short_circuit_decorator.py
[2023-05-26T15:01:15.379+0000] {processor.py:753} INFO - DAG(s) dict_keys(['example_short_circuit_decorator']) retrieved from /home/airflow/.local/lib/python3.7/site-packages/airflow/example_dags/example_short_circuit_decorator.py
[2023-05-26T15:01:15.446+0000] {logging_mixin.py:137} INFO - [2023-05-26T15:01:15.446+0000] {dag.py:2693} INFO - Sync 1 DAGs
[2023-05-26T15:01:15.498+0000] {logging_mixin.py:137} INFO - [2023-05-26T15:01:15.498+0000] {dag.py:3444} INFO - Setting next_dagrun for example_short_circuit_decorator to 2023-05-25T15:01:15.497919+00:00, run_after=2023-05-26T15:01:15.497919+00:00
[2023-05-26T15:01:15.538+0000] {processor.py:175} INFO - Processing /home/airflow/.local/lib/python3.7/site-packages/airflow/example_dags/example_short_circuit_decorator.py took 0.234 seconds
[2023-05-26T15:01:45.807+0000] {processor.py:153} INFO - Started process (PID=630) to work on /home/airflow/.local/lib/python3.7/site-packages/airflow/example_dags/example_short_circuit_decorator.py
[2023-05-26T15:01:45.809+0000] {processor.py:743} INFO - Processing file /home/airflow/.local/lib/python3.7/site-packages/airflow/example_dags/example_short_circuit_decorator.py for tasks to queue
[2023-05-26T15:01:45.810+0000] {logging_mixin.py:137} INFO - [2023-05-26T15:01:45.809+0000] {dagbag.py:532} INFO - Filling up the DagBag from /home/airflow/.local/lib/python3.7/site-packages/airflow/example_dags/example_short_circuit_decorator.py
[2023-05-26T15:01:45.841+0000] {processor.py:753} INFO - DAG(s) dict_keys(['example_short_circuit_decorator']) retrieved from /home/airflow/.local/lib/python3.7/site-packages/airflow/example_dags/example_short_circuit_decorator.py
[2023-05-26T15:01:45.878+0000] {logging_mixin.py:137} INFO - [2023-05-26T15:01:45.878+0000] {dag.py:2693} INFO - Sync 1 DAGs
[2023-05-26T15:01:45.913+0000] {logging_mixin.py:137} INFO - [2023-05-26T15:01:45.913+0000] {dag.py:3444} INFO - Setting next_dagrun for example_short_circuit_decorator to 2023-05-25T15:01:45.913049+00:00, run_after=2023-05-26T15:01:45.913049+00:00
[2023-05-26T15:01:45.941+0000] {processor.py:175} INFO - Processing /home/airflow/.local/lib/python3.7/site-packages/airflow/example_dags/example_short_circuit_decorator.py took 0.138 seconds
[2023-05-26T15:02:16.584+0000] {processor.py:153} INFO - Started process (PID=681) to work on /home/airflow/.local/lib/python3.7/site-packages/airflow/example_dags/example_short_circuit_decorator.py
[2023-05-26T15:02:16.585+0000] {processor.py:743} INFO - Processing file /home/airflow/.local/lib/python3.7/site-packages/airflow/example_dags/example_short_circuit_decorator.py for tasks to queue
[2023-05-26T15:02:16.586+0000] {logging_mixin.py:137} INFO - [2023-05-26T15:02:16.586+0000] {dagbag.py:532} INFO - Filling up the DagBag from /home/airflow/.local/lib/python3.7/site-packages/airflow/example_dags/example_short_circuit_decorator.py
[2023-05-26T15:02:16.617+0000] {processor.py:753} INFO - DAG(s) dict_keys(['example_short_circuit_decorator']) retrieved from /home/airflow/.local/lib/python3.7/site-packages/airflow/example_dags/example_short_circuit_decorator.py
[2023-05-26T15:02:16.653+0000] {logging_mixin.py:137} INFO - [2023-05-26T15:02:16.652+0000] {dag.py:2693} INFO - Sync 1 DAGs
[2023-05-26T15:02:16.685+0000] {logging_mixin.py:137} INFO - [2023-05-26T15:02:16.685+0000] {dag.py:3444} INFO - Setting next_dagrun for example_short_circuit_decorator to 2023-05-25T15:02:16.685217+00:00, run_after=2023-05-26T15:02:16.685217+00:00
[2023-05-26T15:02:16.706+0000] {processor.py:175} INFO - Processing /home/airflow/.local/lib/python3.7/site-packages/airflow/example_dags/example_short_circuit_decorator.py took 0.128 seconds
[2023-05-26T15:02:47.050+0000] {processor.py:153} INFO - Started process (PID=733) to work on /home/airflow/.local/lib/python3.7/site-packages/airflow/example_dags/example_short_circuit_decorator.py
[2023-05-26T15:02:47.051+0000] {processor.py:743} INFO - Processing file /home/airflow/.local/lib/python3.7/site-packages/airflow/example_dags/example_short_circuit_decorator.py for tasks to queue
[2023-05-26T15:02:47.051+0000] {logging_mixin.py:137} INFO - [2023-05-26T15:02:47.051+0000] {dagbag.py:532} INFO - Filling up the DagBag from /home/airflow/.local/lib/python3.7/site-packages/airflow/example_dags/example_short_circuit_decorator.py
[2023-05-26T15:02:47.082+0000] {processor.py:753} INFO - DAG(s) dict_keys(['example_short_circuit_decorator']) retrieved from /home/airflow/.local/lib/python3.7/site-packages/airflow/example_dags/example_short_circuit_decorator.py
[2023-05-26T15:02:47.117+0000] {logging_mixin.py:137} INFO - [2023-05-26T15:02:47.116+0000] {dag.py:2693} INFO - Sync 1 DAGs
[2023-05-26T15:02:47.149+0000] {logging_mixin.py:137} INFO - [2023-05-26T15:02:47.149+0000] {dag.py:3444} INFO - Setting next_dagrun for example_short_circuit_decorator to 2023-05-25T15:02:47.149149+00:00, run_after=2023-05-26T15:02:47.149149+00:00
[2023-05-26T15:02:47.173+0000] {processor.py:175} INFO - Processing /home/airflow/.local/lib/python3.7/site-packages/airflow/example_dags/example_short_circuit_decorator.py took 0.127 seconds
[2023-05-26T15:03:17.495+0000] {processor.py:153} INFO - Started process (PID=785) to work on /home/airflow/.local/lib/python3.7/site-packages/airflow/example_dags/example_short_circuit_decorator.py
[2023-05-26T15:03:17.497+0000] {processor.py:743} INFO - Processing file /home/airflow/.local/lib/python3.7/site-packages/airflow/example_dags/example_short_circuit_decorator.py for tasks to queue
[2023-05-26T15:03:17.498+0000] {logging_mixin.py:137} INFO - [2023-05-26T15:03:17.498+0000] {dagbag.py:532} INFO - Filling up the DagBag from /home/airflow/.local/lib/python3.7/site-packages/airflow/example_dags/example_short_circuit_decorator.py
[2023-05-26T15:03:17.530+0000] {processor.py:753} INFO - DAG(s) dict_keys(['example_short_circuit_decorator']) retrieved from /home/airflow/.local/lib/python3.7/site-packages/airflow/example_dags/example_short_circuit_decorator.py
[2023-05-26T15:03:17.563+0000] {logging_mixin.py:137} INFO - [2023-05-26T15:03:17.563+0000] {dag.py:2693} INFO - Sync 1 DAGs
[2023-05-26T15:03:17.595+0000] {logging_mixin.py:137} INFO - [2023-05-26T15:03:17.595+0000] {dag.py:3444} INFO - Setting next_dagrun for example_short_circuit_decorator to 2023-05-25T15:03:17.594789+00:00, run_after=2023-05-26T15:03:17.594789+00:00
[2023-05-26T15:03:17.622+0000] {processor.py:175} INFO - Processing /home/airflow/.local/lib/python3.7/site-packages/airflow/example_dags/example_short_circuit_decorator.py took 0.131 seconds
[2023-05-26T15:03:48.362+0000] {processor.py:153} INFO - Started process (PID=837) to work on /home/airflow/.local/lib/python3.7/site-packages/airflow/example_dags/example_short_circuit_decorator.py
[2023-05-26T15:03:48.363+0000] {processor.py:743} INFO - Processing file /home/airflow/.local/lib/python3.7/site-packages/airflow/example_dags/example_short_circuit_decorator.py for tasks to queue
[2023-05-26T15:03:48.364+0000] {logging_mixin.py:137} INFO - [2023-05-26T15:03:48.363+0000] {dagbag.py:532} INFO - Filling up the DagBag from /home/airflow/.local/lib/python3.7/site-packages/airflow/example_dags/example_short_circuit_decorator.py
[2023-05-26T15:03:48.395+0000] {processor.py:753} INFO - DAG(s) dict_keys(['example_short_circuit_decorator']) retrieved from /home/airflow/.local/lib/python3.7/site-packages/airflow/example_dags/example_short_circuit_decorator.py
[2023-05-26T15:03:48.433+0000] {logging_mixin.py:137} INFO - [2023-05-26T15:03:48.433+0000] {dag.py:2693} INFO - Sync 1 DAGs
[2023-05-26T15:03:48.467+0000] {logging_mixin.py:137} INFO - [2023-05-26T15:03:48.467+0000] {dag.py:3444} INFO - Setting next_dagrun for example_short_circuit_decorator to 2023-05-25T15:03:48.466749+00:00, run_after=2023-05-26T15:03:48.466749+00:00
[2023-05-26T15:03:48.520+0000] {processor.py:175} INFO - Processing /home/airflow/.local/lib/python3.7/site-packages/airflow/example_dags/example_short_circuit_decorator.py took 0.162 seconds
[2023-05-26T15:04:19.134+0000] {processor.py:153} INFO - Started process (PID=889) to work on /home/airflow/.local/lib/python3.7/site-packages/airflow/example_dags/example_short_circuit_decorator.py
[2023-05-26T15:04:19.136+0000] {processor.py:743} INFO - Processing file /home/airflow/.local/lib/python3.7/site-packages/airflow/example_dags/example_short_circuit_decorator.py for tasks to queue
[2023-05-26T15:04:19.136+0000] {logging_mixin.py:137} INFO - [2023-05-26T15:04:19.136+0000] {dagbag.py:532} INFO - Filling up the DagBag from /home/airflow/.local/lib/python3.7/site-packages/airflow/example_dags/example_short_circuit_decorator.py
[2023-05-26T15:04:19.169+0000] {processor.py:753} INFO - DAG(s) dict_keys(['example_short_circuit_decorator']) retrieved from /home/airflow/.local/lib/python3.7/site-packages/airflow/example_dags/example_short_circuit_decorator.py
[2023-05-26T15:04:19.202+0000] {logging_mixin.py:137} INFO - [2023-05-26T15:04:19.202+0000] {dag.py:2693} INFO - Sync 1 DAGs
[2023-05-26T15:04:19.234+0000] {logging_mixin.py:137} INFO - [2023-05-26T15:04:19.233+0000] {dag.py:3444} INFO - Setting next_dagrun for example_short_circuit_decorator to 2023-05-25T15:04:19.233514+00:00, run_after=2023-05-26T15:04:19.233514+00:00
[2023-05-26T15:04:19.256+0000] {processor.py:175} INFO - Processing /home/airflow/.local/lib/python3.7/site-packages/airflow/example_dags/example_short_circuit_decorator.py took 0.125 seconds
[2023-05-26T15:04:49.736+0000] {processor.py:153} INFO - Started process (PID=941) to work on /home/airflow/.local/lib/python3.7/site-packages/airflow/example_dags/example_short_circuit_decorator.py
[2023-05-26T15:04:49.737+0000] {processor.py:743} INFO - Processing file /home/airflow/.local/lib/python3.7/site-packages/airflow/example_dags/example_short_circuit_decorator.py for tasks to queue
[2023-05-26T15:04:49.738+0000] {logging_mixin.py:137} INFO - [2023-05-26T15:04:49.738+0000] {dagbag.py:532} INFO - Filling up the DagBag from /home/airflow/.local/lib/python3.7/site-packages/airflow/example_dags/example_short_circuit_decorator.py
[2023-05-26T15:04:49.769+0000] {processor.py:753} INFO - DAG(s) dict_keys(['example_short_circuit_decorator']) retrieved from /home/airflow/.local/lib/python3.7/site-packages/airflow/example_dags/example_short_circuit_decorator.py
[2023-05-26T15:04:49.807+0000] {logging_mixin.py:137} INFO - [2023-05-26T15:04:49.806+0000] {dag.py:2693} INFO - Sync 1 DAGs
[2023-05-26T15:04:49.840+0000] {logging_mixin.py:137} INFO - [2023-05-26T15:04:49.840+0000] {dag.py:3444} INFO - Setting next_dagrun for example_short_circuit_decorator to 2023-05-25T15:04:49.839748+00:00, run_after=2023-05-26T15:04:49.839748+00:00
[2023-05-26T15:04:49.861+0000] {processor.py:175} INFO - Processing /home/airflow/.local/lib/python3.7/site-packages/airflow/example_dags/example_short_circuit_decorator.py took 0.129 seconds
[2023-05-26T15:05:20.370+0000] {processor.py:153} INFO - Started process (PID=993) to work on /home/airflow/.local/lib/python3.7/site-packages/airflow/example_dags/example_short_circuit_decorator.py
[2023-05-26T15:05:20.372+0000] {processor.py:743} INFO - Processing file /home/airflow/.local/lib/python3.7/site-packages/airflow/example_dags/example_short_circuit_decorator.py for tasks to queue
[2023-05-26T15:05:20.372+0000] {logging_mixin.py:137} INFO - [2023-05-26T15:05:20.372+0000] {dagbag.py:532} INFO - Filling up the DagBag from /home/airflow/.local/lib/python3.7/site-packages/airflow/example_dags/example_short_circuit_decorator.py
[2023-05-26T15:05:20.403+0000] {processor.py:753} INFO - DAG(s) dict_keys(['example_short_circuit_decorator']) retrieved from /home/airflow/.local/lib/python3.7/site-packages/airflow/example_dags/example_short_circuit_decorator.py
[2023-05-26T15:05:20.436+0000] {logging_mixin.py:137} INFO - [2023-05-26T15:05:20.435+0000] {dag.py:2693} INFO - Sync 1 DAGs
[2023-05-26T15:05:20.468+0000] {logging_mixin.py:137} INFO - [2023-05-26T15:05:20.468+0000] {dag.py:3444} INFO - Setting next_dagrun for example_short_circuit_decorator to 2023-05-25T15:05:20.468193+00:00, run_after=2023-05-26T15:05:20.468193+00:00
[2023-05-26T15:05:20.490+0000] {processor.py:175} INFO - Processing /home/airflow/.local/lib/python3.7/site-packages/airflow/example_dags/example_short_circuit_decorator.py took 0.124 seconds
[2023-05-26T15:05:50.822+0000] {processor.py:153} INFO - Started process (PID=1045) to work on /home/airflow/.local/lib/python3.7/site-packages/airflow/example_dags/example_short_circuit_decorator.py
[2023-05-26T15:05:50.822+0000] {processor.py:743} INFO - Processing file /home/airflow/.local/lib/python3.7/site-packages/airflow/example_dags/example_short_circuit_decorator.py for tasks to queue
[2023-05-26T15:05:50.825+0000] {logging_mixin.py:137} INFO - [2023-05-26T15:05:50.824+0000] {dagbag.py:532} INFO - Filling up the DagBag from /home/airflow/.local/lib/python3.7/site-packages/airflow/example_dags/example_short_circuit_decorator.py
[2023-05-26T15:05:50.862+0000] {processor.py:753} INFO - DAG(s) dict_keys(['example_short_circuit_decorator']) retrieved from /home/airflow/.local/lib/python3.7/site-packages/airflow/example_dags/example_short_circuit_decorator.py
[2023-05-26T15:05:50.895+0000] {logging_mixin.py:137} INFO - [2023-05-26T15:05:50.894+0000] {dag.py:2693} INFO - Sync 1 DAGs
[2023-05-26T15:05:50.931+0000] {logging_mixin.py:137} INFO - [2023-05-26T15:05:50.931+0000] {dag.py:3444} INFO - Setting next_dagrun for example_short_circuit_decorator to 2023-05-25T15:05:50.930820+00:00, run_after=2023-05-26T15:05:50.930820+00:00
[2023-05-26T15:05:50.953+0000] {processor.py:175} INFO - Processing /home/airflow/.local/lib/python3.7/site-packages/airflow/example_dags/example_short_circuit_decorator.py took 0.135 seconds
[2023-05-26T15:06:21.890+0000] {processor.py:153} INFO - Started process (PID=1097) to work on /home/airflow/.local/lib/python3.7/site-packages/airflow/example_dags/example_short_circuit_decorator.py
[2023-05-26T15:06:21.891+0000] {processor.py:743} INFO - Processing file /home/airflow/.local/lib/python3.7/site-packages/airflow/example_dags/example_short_circuit_decorator.py for tasks to queue
[2023-05-26T15:06:21.892+0000] {logging_mixin.py:137} INFO - [2023-05-26T15:06:21.892+0000] {dagbag.py:532} INFO - Filling up the DagBag from /home/airflow/.local/lib/python3.7/site-packages/airflow/example_dags/example_short_circuit_decorator.py
[2023-05-26T15:06:21.924+0000] {processor.py:753} INFO - DAG(s) dict_keys(['example_short_circuit_decorator']) retrieved from /home/airflow/.local/lib/python3.7/site-packages/airflow/example_dags/example_short_circuit_decorator.py
[2023-05-26T15:06:21.956+0000] {logging_mixin.py:137} INFO - [2023-05-26T15:06:21.956+0000] {dag.py:2693} INFO - Sync 1 DAGs
[2023-05-26T15:06:21.986+0000] {logging_mixin.py:137} INFO - [2023-05-26T15:06:21.986+0000] {dag.py:3444} INFO - Setting next_dagrun for example_short_circuit_decorator to 2023-05-25T15:06:21.986103+00:00, run_after=2023-05-26T15:06:21.986103+00:00
[2023-05-26T15:06:22.008+0000] {processor.py:175} INFO - Processing /home/airflow/.local/lib/python3.7/site-packages/airflow/example_dags/example_short_circuit_decorator.py took 0.122 seconds
[2023-05-26T15:06:52.801+0000] {processor.py:153} INFO - Started process (PID=1149) to work on /home/airflow/.local/lib/python3.7/site-packages/airflow/example_dags/example_short_circuit_decorator.py
[2023-05-26T15:06:52.802+0000] {processor.py:743} INFO - Processing file /home/airflow/.local/lib/python3.7/site-packages/airflow/example_dags/example_short_circuit_decorator.py for tasks to queue
[2023-05-26T15:06:52.802+0000] {logging_mixin.py:137} INFO - [2023-05-26T15:06:52.802+0000] {dagbag.py:532} INFO - Filling up the DagBag from /home/airflow/.local/lib/python3.7/site-packages/airflow/example_dags/example_short_circuit_decorator.py
[2023-05-26T15:06:52.866+0000] {processor.py:753} INFO - DAG(s) dict_keys(['example_short_circuit_decorator']) retrieved from /home/airflow/.local/lib/python3.7/site-packages/airflow/example_dags/example_short_circuit_decorator.py
[2023-05-26T15:06:52.940+0000] {logging_mixin.py:137} INFO - [2023-05-26T15:06:52.940+0000] {dag.py:2693} INFO - Sync 1 DAGs
[2023-05-26T15:06:52.974+0000] {logging_mixin.py:137} INFO - [2023-05-26T15:06:52.974+0000] {dag.py:3444} INFO - Setting next_dagrun for example_short_circuit_decorator to 2023-05-25T15:06:52.973761+00:00, run_after=2023-05-26T15:06:52.973761+00:00
[2023-05-26T15:06:52.994+0000] {processor.py:175} INFO - Processing /home/airflow/.local/lib/python3.7/site-packages/airflow/example_dags/example_short_circuit_decorator.py took 0.206 seconds
[2023-05-26T15:07:23.546+0000] {processor.py:153} INFO - Started process (PID=1201) to work on /home/airflow/.local/lib/python3.7/site-packages/airflow/example_dags/example_short_circuit_decorator.py
[2023-05-26T15:07:23.553+0000] {processor.py:743} INFO - Processing file /home/airflow/.local/lib/python3.7/site-packages/airflow/example_dags/example_short_circuit_decorator.py for tasks to queue
[2023-05-26T15:07:23.554+0000] {logging_mixin.py:137} INFO - [2023-05-26T15:07:23.554+0000] {dagbag.py:532} INFO - Filling up the DagBag from /home/airflow/.local/lib/python3.7/site-packages/airflow/example_dags/example_short_circuit_decorator.py
[2023-05-26T15:07:23.627+0000] {processor.py:753} INFO - DAG(s) dict_keys(['example_short_circuit_decorator']) retrieved from /home/airflow/.local/lib/python3.7/site-packages/airflow/example_dags/example_short_circuit_decorator.py
[2023-05-26T15:07:23.691+0000] {logging_mixin.py:137} INFO - [2023-05-26T15:07:23.691+0000] {dag.py:2693} INFO - Sync 1 DAGs
[2023-05-26T15:07:23.790+0000] {logging_mixin.py:137} INFO - [2023-05-26T15:07:23.790+0000] {dag.py:3444} INFO - Setting next_dagrun for example_short_circuit_decorator to 2023-05-25T15:07:23.789996+00:00, run_after=2023-05-26T15:07:23.789996+00:00
[2023-05-26T15:07:23.829+0000] {processor.py:175} INFO - Processing /home/airflow/.local/lib/python3.7/site-packages/airflow/example_dags/example_short_circuit_decorator.py took 0.296 seconds
[2023-05-26T15:07:54.094+0000] {processor.py:153} INFO - Started process (PID=1253) to work on /home/airflow/.local/lib/python3.7/site-packages/airflow/example_dags/example_short_circuit_decorator.py
[2023-05-26T15:07:54.095+0000] {processor.py:743} INFO - Processing file /home/airflow/.local/lib/python3.7/site-packages/airflow/example_dags/example_short_circuit_decorator.py for tasks to queue
[2023-05-26T15:07:54.096+0000] {logging_mixin.py:137} INFO - [2023-05-26T15:07:54.096+0000] {dagbag.py:532} INFO - Filling up the DagBag from /home/airflow/.local/lib/python3.7/site-packages/airflow/example_dags/example_short_circuit_decorator.py
[2023-05-26T15:07:54.129+0000] {processor.py:753} INFO - DAG(s) dict_keys(['example_short_circuit_decorator']) retrieved from /home/airflow/.local/lib/python3.7/site-packages/airflow/example_dags/example_short_circuit_decorator.py
[2023-05-26T15:07:54.164+0000] {logging_mixin.py:137} INFO - [2023-05-26T15:07:54.163+0000] {dag.py:2693} INFO - Sync 1 DAGs
[2023-05-26T15:07:54.195+0000] {logging_mixin.py:137} INFO - [2023-05-26T15:07:54.195+0000] {dag.py:3444} INFO - Setting next_dagrun for example_short_circuit_decorator to 2023-05-25T15:07:54.195219+00:00, run_after=2023-05-26T15:07:54.195219+00:00
[2023-05-26T15:07:54.219+0000] {processor.py:175} INFO - Processing /home/airflow/.local/lib/python3.7/site-packages/airflow/example_dags/example_short_circuit_decorator.py took 0.129 seconds
[2023-05-26T15:08:25.519+0000] {processor.py:153} INFO - Started process (PID=1305) to work on /home/airflow/.local/lib/python3.7/site-packages/airflow/example_dags/example_short_circuit_decorator.py
[2023-05-26T15:08:25.521+0000] {processor.py:743} INFO - Processing file /home/airflow/.local/lib/python3.7/site-packages/airflow/example_dags/example_short_circuit_decorator.py for tasks to queue
[2023-05-26T15:08:25.522+0000] {logging_mixin.py:137} INFO - [2023-05-26T15:08:25.522+0000] {dagbag.py:532} INFO - Filling up the DagBag from /home/airflow/.local/lib/python3.7/site-packages/airflow/example_dags/example_short_circuit_decorator.py
[2023-05-26T15:08:25.552+0000] {processor.py:753} INFO - DAG(s) dict_keys(['example_short_circuit_decorator']) retrieved from /home/airflow/.local/lib/python3.7/site-packages/airflow/example_dags/example_short_circuit_decorator.py
[2023-05-26T15:08:25.586+0000] {logging_mixin.py:137} INFO - [2023-05-26T15:08:25.586+0000] {dag.py:2693} INFO - Sync 1 DAGs
[2023-05-26T15:08:25.622+0000] {logging_mixin.py:137} INFO - [2023-05-26T15:08:25.621+0000] {dag.py:3444} INFO - Setting next_dagrun for example_short_circuit_decorator to 2023-05-25T15:08:25.621656+00:00, run_after=2023-05-26T15:08:25.621656+00:00
[2023-05-26T15:08:25.644+0000] {processor.py:175} INFO - Processing /home/airflow/.local/lib/python3.7/site-packages/airflow/example_dags/example_short_circuit_decorator.py took 0.129 seconds
[2023-05-26T15:08:55.743+0000] {processor.py:153} INFO - Started process (PID=1357) to work on /home/airflow/.local/lib/python3.7/site-packages/airflow/example_dags/example_short_circuit_decorator.py
[2023-05-26T15:08:55.744+0000] {processor.py:743} INFO - Processing file /home/airflow/.local/lib/python3.7/site-packages/airflow/example_dags/example_short_circuit_decorator.py for tasks to queue
[2023-05-26T15:08:55.745+0000] {logging_mixin.py:137} INFO - [2023-05-26T15:08:55.744+0000] {dagbag.py:532} INFO - Filling up the DagBag from /home/airflow/.local/lib/python3.7/site-packages/airflow/example_dags/example_short_circuit_decorator.py
[2023-05-26T15:08:55.776+0000] {processor.py:753} INFO - DAG(s) dict_keys(['example_short_circuit_decorator']) retrieved from /home/airflow/.local/lib/python3.7/site-packages/airflow/example_dags/example_short_circuit_decorator.py
[2023-05-26T15:08:55.810+0000] {logging_mixin.py:137} INFO - [2023-05-26T15:08:55.810+0000] {dag.py:2693} INFO - Sync 1 DAGs
[2023-05-26T15:08:55.843+0000] {logging_mixin.py:137} INFO - [2023-05-26T15:08:55.843+0000] {dag.py:3444} INFO - Setting next_dagrun for example_short_circuit_decorator to 2023-05-25T15:08:55.842926+00:00, run_after=2023-05-26T15:08:55.842926+00:00
[2023-05-26T15:08:55.865+0000] {processor.py:175} INFO - Processing /home/airflow/.local/lib/python3.7/site-packages/airflow/example_dags/example_short_circuit_decorator.py took 0.126 seconds
[2023-05-26T15:09:26.393+0000] {processor.py:153} INFO - Started process (PID=1409) to work on /home/airflow/.local/lib/python3.7/site-packages/airflow/example_dags/example_short_circuit_decorator.py
[2023-05-26T15:09:26.394+0000] {processor.py:743} INFO - Processing file /home/airflow/.local/lib/python3.7/site-packages/airflow/example_dags/example_short_circuit_decorator.py for tasks to queue
[2023-05-26T15:09:26.395+0000] {logging_mixin.py:137} INFO - [2023-05-26T15:09:26.395+0000] {dagbag.py:532} INFO - Filling up the DagBag from /home/airflow/.local/lib/python3.7/site-packages/airflow/example_dags/example_short_circuit_decorator.py
[2023-05-26T15:09:26.427+0000] {processor.py:753} INFO - DAG(s) dict_keys(['example_short_circuit_decorator']) retrieved from /home/airflow/.local/lib/python3.7/site-packages/airflow/example_dags/example_short_circuit_decorator.py
[2023-05-26T15:09:26.471+0000] {logging_mixin.py:137} INFO - [2023-05-26T15:09:26.471+0000] {dag.py:2693} INFO - Sync 1 DAGs
[2023-05-26T15:09:26.505+0000] {logging_mixin.py:137} INFO - [2023-05-26T15:09:26.504+0000] {dag.py:3444} INFO - Setting next_dagrun for example_short_circuit_decorator to 2023-05-25T15:09:26.504566+00:00, run_after=2023-05-26T15:09:26.504566+00:00
[2023-05-26T15:09:26.528+0000] {processor.py:175} INFO - Processing /home/airflow/.local/lib/python3.7/site-packages/airflow/example_dags/example_short_circuit_decorator.py took 0.139 seconds
[2023-05-26T15:09:57.176+0000] {processor.py:153} INFO - Started process (PID=1461) to work on /home/airflow/.local/lib/python3.7/site-packages/airflow/example_dags/example_short_circuit_decorator.py
[2023-05-26T15:09:57.180+0000] {processor.py:743} INFO - Processing file /home/airflow/.local/lib/python3.7/site-packages/airflow/example_dags/example_short_circuit_decorator.py for tasks to queue
[2023-05-26T15:09:57.180+0000] {logging_mixin.py:137} INFO - [2023-05-26T15:09:57.180+0000] {dagbag.py:532} INFO - Filling up the DagBag from /home/airflow/.local/lib/python3.7/site-packages/airflow/example_dags/example_short_circuit_decorator.py
[2023-05-26T15:09:57.229+0000] {processor.py:753} INFO - DAG(s) dict_keys(['example_short_circuit_decorator']) retrieved from /home/airflow/.local/lib/python3.7/site-packages/airflow/example_dags/example_short_circuit_decorator.py
[2023-05-26T15:09:57.268+0000] {logging_mixin.py:137} INFO - [2023-05-26T15:09:57.267+0000] {dag.py:2693} INFO - Sync 1 DAGs
[2023-05-26T15:09:57.302+0000] {logging_mixin.py:137} INFO - [2023-05-26T15:09:57.302+0000] {dag.py:3444} INFO - Setting next_dagrun for example_short_circuit_decorator to 2023-05-25T15:09:57.302354+00:00, run_after=2023-05-26T15:09:57.302354+00:00
[2023-05-26T15:09:57.330+0000] {processor.py:175} INFO - Processing /home/airflow/.local/lib/python3.7/site-packages/airflow/example_dags/example_short_circuit_decorator.py took 0.159 seconds
[2023-05-26T15:10:28.364+0000] {processor.py:153} INFO - Started process (PID=1513) to work on /home/airflow/.local/lib/python3.7/site-packages/airflow/example_dags/example_short_circuit_decorator.py
[2023-05-26T15:10:28.366+0000] {processor.py:743} INFO - Processing file /home/airflow/.local/lib/python3.7/site-packages/airflow/example_dags/example_short_circuit_decorator.py for tasks to queue
[2023-05-26T15:10:28.367+0000] {logging_mixin.py:137} INFO - [2023-05-26T15:10:28.367+0000] {dagbag.py:532} INFO - Filling up the DagBag from /home/airflow/.local/lib/python3.7/site-packages/airflow/example_dags/example_short_circuit_decorator.py
[2023-05-26T15:10:28.402+0000] {processor.py:753} INFO - DAG(s) dict_keys(['example_short_circuit_decorator']) retrieved from /home/airflow/.local/lib/python3.7/site-packages/airflow/example_dags/example_short_circuit_decorator.py
[2023-05-26T15:10:28.438+0000] {logging_mixin.py:137} INFO - [2023-05-26T15:10:28.437+0000] {dag.py:2693} INFO - Sync 1 DAGs
[2023-05-26T15:10:28.470+0000] {logging_mixin.py:137} INFO - [2023-05-26T15:10:28.470+0000] {dag.py:3444} INFO - Setting next_dagrun for example_short_circuit_decorator to 2023-05-25T15:10:28.469980+00:00, run_after=2023-05-26T15:10:28.469980+00:00
[2023-05-26T15:10:28.491+0000] {processor.py:175} INFO - Processing /home/airflow/.local/lib/python3.7/site-packages/airflow/example_dags/example_short_circuit_decorator.py took 0.130 seconds
