[2023-05-26T14:56:10.146+0000] {processor.py:153} INFO - Started process (PID=69) to work on /home/airflow/.local/lib/python3.7/site-packages/airflow/example_dags/tutorial.py
[2023-05-26T14:56:10.147+0000] {processor.py:743} INFO - Processing file /home/airflow/.local/lib/python3.7/site-packages/airflow/example_dags/tutorial.py for tasks to queue
[2023-05-26T14:56:10.148+0000] {logging_mixin.py:137} INFO - [2023-05-26T14:56:10.148+0000] {dagbag.py:532} INFO - Filling up the DagBag from /home/airflow/.local/lib/python3.7/site-packages/airflow/example_dags/tutorial.py
[2023-05-26T14:56:10.164+0000] {processor.py:753} INFO - DAG(s) dict_keys(['tutorial']) retrieved from /home/airflow/.local/lib/python3.7/site-packages/airflow/example_dags/tutorial.py
[2023-05-26T14:56:10.195+0000] {logging_mixin.py:137} INFO - [2023-05-26T14:56:10.195+0000] {dag.py:2693} INFO - Sync 1 DAGs
[2023-05-26T14:56:10.240+0000] {logging_mixin.py:137} INFO - [2023-05-26T14:56:10.240+0000] {dag.py:3444} INFO - Setting next_dagrun for tutorial to 2023-05-25T14:56:10.240343+00:00, run_after=2023-05-26T14:56:10.240343+00:00
[2023-05-26T14:56:10.262+0000] {processor.py:175} INFO - Processing /home/airflow/.local/lib/python3.7/site-packages/airflow/example_dags/tutorial.py took 0.120 seconds
[2023-05-26T14:56:40.493+0000] {processor.py:153} INFO - Started process (PID=121) to work on /home/airflow/.local/lib/python3.7/site-packages/airflow/example_dags/tutorial.py
[2023-05-26T14:56:40.494+0000] {processor.py:743} INFO - Processing file /home/airflow/.local/lib/python3.7/site-packages/airflow/example_dags/tutorial.py for tasks to queue
[2023-05-26T14:56:40.495+0000] {logging_mixin.py:137} INFO - [2023-05-26T14:56:40.494+0000] {dagbag.py:532} INFO - Filling up the DagBag from /home/airflow/.local/lib/python3.7/site-packages/airflow/example_dags/tutorial.py
[2023-05-26T14:56:40.512+0000] {processor.py:753} INFO - DAG(s) dict_keys(['tutorial']) retrieved from /home/airflow/.local/lib/python3.7/site-packages/airflow/example_dags/tutorial.py
[2023-05-26T14:56:40.544+0000] {logging_mixin.py:137} INFO - [2023-05-26T14:56:40.544+0000] {dag.py:2693} INFO - Sync 1 DAGs
[2023-05-26T14:56:40.577+0000] {logging_mixin.py:137} INFO - [2023-05-26T14:56:40.577+0000] {dag.py:3444} INFO - Setting next_dagrun for tutorial to 2023-05-25T14:56:40.577155+00:00, run_after=2023-05-26T14:56:40.577155+00:00
[2023-05-26T14:56:40.599+0000] {processor.py:175} INFO - Processing /home/airflow/.local/lib/python3.7/site-packages/airflow/example_dags/tutorial.py took 0.110 seconds
[2023-05-26T14:57:10.865+0000] {processor.py:153} INFO - Started process (PID=173) to work on /home/airflow/.local/lib/python3.7/site-packages/airflow/example_dags/tutorial.py
[2023-05-26T14:57:10.866+0000] {processor.py:743} INFO - Processing file /home/airflow/.local/lib/python3.7/site-packages/airflow/example_dags/tutorial.py for tasks to queue
[2023-05-26T14:57:10.867+0000] {logging_mixin.py:137} INFO - [2023-05-26T14:57:10.867+0000] {dagbag.py:532} INFO - Filling up the DagBag from /home/airflow/.local/lib/python3.7/site-packages/airflow/example_dags/tutorial.py
[2023-05-26T14:57:10.884+0000] {processor.py:753} INFO - DAG(s) dict_keys(['tutorial']) retrieved from /home/airflow/.local/lib/python3.7/site-packages/airflow/example_dags/tutorial.py
[2023-05-26T14:57:10.916+0000] {logging_mixin.py:137} INFO - [2023-05-26T14:57:10.915+0000] {dag.py:2693} INFO - Sync 1 DAGs
[2023-05-26T14:57:10.969+0000] {logging_mixin.py:137} INFO - [2023-05-26T14:57:10.969+0000] {dag.py:3444} INFO - Setting next_dagrun for tutorial to 2023-05-25T14:57:10.968770+00:00, run_after=2023-05-26T14:57:10.968770+00:00
[2023-05-26T14:57:10.991+0000] {processor.py:175} INFO - Processing /home/airflow/.local/lib/python3.7/site-packages/airflow/example_dags/tutorial.py took 0.130 seconds
[2023-05-26T14:57:41.515+0000] {processor.py:153} INFO - Started process (PID=225) to work on /home/airflow/.local/lib/python3.7/site-packages/airflow/example_dags/tutorial.py
[2023-05-26T14:57:41.516+0000] {processor.py:743} INFO - Processing file /home/airflow/.local/lib/python3.7/site-packages/airflow/example_dags/tutorial.py for tasks to queue
[2023-05-26T14:57:41.517+0000] {logging_mixin.py:137} INFO - [2023-05-26T14:57:41.517+0000] {dagbag.py:532} INFO - Filling up the DagBag from /home/airflow/.local/lib/python3.7/site-packages/airflow/example_dags/tutorial.py
[2023-05-26T14:57:41.534+0000] {processor.py:753} INFO - DAG(s) dict_keys(['tutorial']) retrieved from /home/airflow/.local/lib/python3.7/site-packages/airflow/example_dags/tutorial.py
[2023-05-26T14:57:41.565+0000] {logging_mixin.py:137} INFO - [2023-05-26T14:57:41.565+0000] {dag.py:2693} INFO - Sync 1 DAGs
[2023-05-26T14:57:41.598+0000] {logging_mixin.py:137} INFO - [2023-05-26T14:57:41.598+0000] {dag.py:3444} INFO - Setting next_dagrun for tutorial to 2023-05-25T14:57:41.597859+00:00, run_after=2023-05-26T14:57:41.597859+00:00
[2023-05-26T14:57:41.620+0000] {processor.py:175} INFO - Processing /home/airflow/.local/lib/python3.7/site-packages/airflow/example_dags/tutorial.py took 0.109 seconds
[2023-05-26T14:58:12.243+0000] {processor.py:153} INFO - Started process (PID=278) to work on /home/airflow/.local/lib/python3.7/site-packages/airflow/example_dags/tutorial.py
[2023-05-26T14:58:12.244+0000] {processor.py:743} INFO - Processing file /home/airflow/.local/lib/python3.7/site-packages/airflow/example_dags/tutorial.py for tasks to queue
[2023-05-26T14:58:12.244+0000] {logging_mixin.py:137} INFO - [2023-05-26T14:58:12.244+0000] {dagbag.py:532} INFO - Filling up the DagBag from /home/airflow/.local/lib/python3.7/site-packages/airflow/example_dags/tutorial.py
[2023-05-26T14:58:12.269+0000] {processor.py:753} INFO - DAG(s) dict_keys(['tutorial']) retrieved from /home/airflow/.local/lib/python3.7/site-packages/airflow/example_dags/tutorial.py
[2023-05-26T14:58:12.300+0000] {logging_mixin.py:137} INFO - [2023-05-26T14:58:12.300+0000] {dag.py:2693} INFO - Sync 1 DAGs
[2023-05-26T14:58:12.337+0000] {logging_mixin.py:137} INFO - [2023-05-26T14:58:12.336+0000] {dag.py:3444} INFO - Setting next_dagrun for tutorial to 2023-05-25T14:58:12.336625+00:00, run_after=2023-05-26T14:58:12.336625+00:00
[2023-05-26T14:58:12.358+0000] {processor.py:175} INFO - Processing /home/airflow/.local/lib/python3.7/site-packages/airflow/example_dags/tutorial.py took 0.119 seconds
[2023-05-26T14:58:42.826+0000] {processor.py:153} INFO - Started process (PID=330) to work on /home/airflow/.local/lib/python3.7/site-packages/airflow/example_dags/tutorial.py
[2023-05-26T14:58:42.827+0000] {processor.py:743} INFO - Processing file /home/airflow/.local/lib/python3.7/site-packages/airflow/example_dags/tutorial.py for tasks to queue
[2023-05-26T14:58:42.828+0000] {logging_mixin.py:137} INFO - [2023-05-26T14:58:42.828+0000] {dagbag.py:532} INFO - Filling up the DagBag from /home/airflow/.local/lib/python3.7/site-packages/airflow/example_dags/tutorial.py
[2023-05-26T14:58:42.844+0000] {processor.py:753} INFO - DAG(s) dict_keys(['tutorial']) retrieved from /home/airflow/.local/lib/python3.7/site-packages/airflow/example_dags/tutorial.py
[2023-05-26T14:58:42.878+0000] {logging_mixin.py:137} INFO - [2023-05-26T14:58:42.878+0000] {dag.py:2693} INFO - Sync 1 DAGs
[2023-05-26T14:58:42.936+0000] {logging_mixin.py:137} INFO - [2023-05-26T14:58:42.936+0000] {dag.py:3444} INFO - Setting next_dagrun for tutorial to 2023-05-25T14:58:42.936505+00:00, run_after=2023-05-26T14:58:42.936505+00:00
[2023-05-26T14:58:42.957+0000] {processor.py:175} INFO - Processing /home/airflow/.local/lib/python3.7/site-packages/airflow/example_dags/tutorial.py took 0.136 seconds
[2023-05-26T14:59:13.198+0000] {processor.py:153} INFO - Started process (PID=382) to work on /home/airflow/.local/lib/python3.7/site-packages/airflow/example_dags/tutorial.py
[2023-05-26T14:59:13.199+0000] {processor.py:743} INFO - Processing file /home/airflow/.local/lib/python3.7/site-packages/airflow/example_dags/tutorial.py for tasks to queue
[2023-05-26T14:59:13.199+0000] {logging_mixin.py:137} INFO - [2023-05-26T14:59:13.199+0000] {dagbag.py:532} INFO - Filling up the DagBag from /home/airflow/.local/lib/python3.7/site-packages/airflow/example_dags/tutorial.py
[2023-05-26T14:59:13.219+0000] {processor.py:753} INFO - DAG(s) dict_keys(['tutorial']) retrieved from /home/airflow/.local/lib/python3.7/site-packages/airflow/example_dags/tutorial.py
[2023-05-26T14:59:13.252+0000] {logging_mixin.py:137} INFO - [2023-05-26T14:59:13.252+0000] {dag.py:2693} INFO - Sync 1 DAGs
[2023-05-26T14:59:13.283+0000] {logging_mixin.py:137} INFO - [2023-05-26T14:59:13.283+0000] {dag.py:3444} INFO - Setting next_dagrun for tutorial to 2023-05-25T14:59:13.283277+00:00, run_after=2023-05-26T14:59:13.283277+00:00
[2023-05-26T14:59:13.305+0000] {processor.py:175} INFO - Processing /home/airflow/.local/lib/python3.7/site-packages/airflow/example_dags/tutorial.py took 0.114 seconds
[2023-05-26T14:59:44.011+0000] {processor.py:153} INFO - Started process (PID=441) to work on /home/airflow/.local/lib/python3.7/site-packages/airflow/example_dags/tutorial.py
[2023-05-26T14:59:44.013+0000] {processor.py:743} INFO - Processing file /home/airflow/.local/lib/python3.7/site-packages/airflow/example_dags/tutorial.py for tasks to queue
[2023-05-26T14:59:44.013+0000] {logging_mixin.py:137} INFO - [2023-05-26T14:59:44.013+0000] {dagbag.py:532} INFO - Filling up the DagBag from /home/airflow/.local/lib/python3.7/site-packages/airflow/example_dags/tutorial.py
[2023-05-26T14:59:44.031+0000] {processor.py:753} INFO - DAG(s) dict_keys(['tutorial']) retrieved from /home/airflow/.local/lib/python3.7/site-packages/airflow/example_dags/tutorial.py
[2023-05-26T14:59:44.061+0000] {logging_mixin.py:137} INFO - [2023-05-26T14:59:44.061+0000] {dag.py:2693} INFO - Sync 1 DAGs
[2023-05-26T14:59:44.097+0000] {logging_mixin.py:137} INFO - [2023-05-26T14:59:44.097+0000] {dag.py:3444} INFO - Setting next_dagrun for tutorial to 2023-05-25T14:59:44.097033+00:00, run_after=2023-05-26T14:59:44.097033+00:00
[2023-05-26T14:59:44.119+0000] {processor.py:175} INFO - Processing /home/airflow/.local/lib/python3.7/site-packages/airflow/example_dags/tutorial.py took 0.111 seconds
[2023-05-26T15:00:16.596+0000] {processor.py:153} INFO - Started process (PID=492) to work on /home/airflow/.local/lib/python3.7/site-packages/airflow/example_dags/tutorial.py
[2023-05-26T15:00:16.597+0000] {processor.py:743} INFO - Processing file /home/airflow/.local/lib/python3.7/site-packages/airflow/example_dags/tutorial.py for tasks to queue
[2023-05-26T15:00:16.598+0000] {logging_mixin.py:137} INFO - [2023-05-26T15:00:16.598+0000] {dagbag.py:532} INFO - Filling up the DagBag from /home/airflow/.local/lib/python3.7/site-packages/airflow/example_dags/tutorial.py
[2023-05-26T15:00:16.620+0000] {processor.py:753} INFO - DAG(s) dict_keys(['tutorial']) retrieved from /home/airflow/.local/lib/python3.7/site-packages/airflow/example_dags/tutorial.py
[2023-05-26T15:00:16.654+0000] {logging_mixin.py:137} INFO - [2023-05-26T15:00:16.654+0000] {dag.py:2693} INFO - Sync 1 DAGs
[2023-05-26T15:00:16.688+0000] {logging_mixin.py:137} INFO - [2023-05-26T15:00:16.687+0000] {dag.py:3444} INFO - Setting next_dagrun for tutorial to 2023-05-25T15:00:16.687598+00:00, run_after=2023-05-26T15:00:16.687598+00:00
[2023-05-26T15:00:16.710+0000] {processor.py:175} INFO - Processing /home/airflow/.local/lib/python3.7/site-packages/airflow/example_dags/tutorial.py took 0.119 seconds
[2023-05-26T15:00:47.554+0000] {processor.py:153} INFO - Started process (PID=544) to work on /home/airflow/.local/lib/python3.7/site-packages/airflow/example_dags/tutorial.py
[2023-05-26T15:00:47.556+0000] {processor.py:743} INFO - Processing file /home/airflow/.local/lib/python3.7/site-packages/airflow/example_dags/tutorial.py for tasks to queue
[2023-05-26T15:00:47.557+0000] {logging_mixin.py:137} INFO - [2023-05-26T15:00:47.557+0000] {dagbag.py:532} INFO - Filling up the DagBag from /home/airflow/.local/lib/python3.7/site-packages/airflow/example_dags/tutorial.py
[2023-05-26T15:00:47.574+0000] {processor.py:753} INFO - DAG(s) dict_keys(['tutorial']) retrieved from /home/airflow/.local/lib/python3.7/site-packages/airflow/example_dags/tutorial.py
[2023-05-26T15:00:47.605+0000] {logging_mixin.py:137} INFO - [2023-05-26T15:00:47.605+0000] {dag.py:2693} INFO - Sync 1 DAGs
[2023-05-26T15:00:47.636+0000] {logging_mixin.py:137} INFO - [2023-05-26T15:00:47.636+0000] {dag.py:3444} INFO - Setting next_dagrun for tutorial to 2023-05-25T15:00:47.636269+00:00, run_after=2023-05-26T15:00:47.636269+00:00
[2023-05-26T15:00:47.658+0000] {processor.py:175} INFO - Processing /home/airflow/.local/lib/python3.7/site-packages/airflow/example_dags/tutorial.py took 0.108 seconds
[2023-05-26T15:01:18.119+0000] {processor.py:153} INFO - Started process (PID=596) to work on /home/airflow/.local/lib/python3.7/site-packages/airflow/example_dags/tutorial.py
[2023-05-26T15:01:18.120+0000] {processor.py:743} INFO - Processing file /home/airflow/.local/lib/python3.7/site-packages/airflow/example_dags/tutorial.py for tasks to queue
[2023-05-26T15:01:18.121+0000] {logging_mixin.py:137} INFO - [2023-05-26T15:01:18.120+0000] {dagbag.py:532} INFO - Filling up the DagBag from /home/airflow/.local/lib/python3.7/site-packages/airflow/example_dags/tutorial.py
[2023-05-26T15:01:18.166+0000] {processor.py:753} INFO - DAG(s) dict_keys(['tutorial']) retrieved from /home/airflow/.local/lib/python3.7/site-packages/airflow/example_dags/tutorial.py
[2023-05-26T15:01:18.206+0000] {logging_mixin.py:137} INFO - [2023-05-26T15:01:18.206+0000] {dag.py:2693} INFO - Sync 1 DAGs
[2023-05-26T15:01:18.261+0000] {logging_mixin.py:137} INFO - [2023-05-26T15:01:18.260+0000] {dag.py:3444} INFO - Setting next_dagrun for tutorial to 2023-05-25T15:01:18.260693+00:00, run_after=2023-05-26T15:01:18.260693+00:00
[2023-05-26T15:01:18.317+0000] {processor.py:175} INFO - Processing /home/airflow/.local/lib/python3.7/site-packages/airflow/example_dags/tutorial.py took 0.208 seconds
[2023-05-26T15:01:49.069+0000] {processor.py:153} INFO - Started process (PID=648) to work on /home/airflow/.local/lib/python3.7/site-packages/airflow/example_dags/tutorial.py
[2023-05-26T15:01:49.072+0000] {processor.py:743} INFO - Processing file /home/airflow/.local/lib/python3.7/site-packages/airflow/example_dags/tutorial.py for tasks to queue
[2023-05-26T15:01:49.073+0000] {logging_mixin.py:137} INFO - [2023-05-26T15:01:49.072+0000] {dagbag.py:532} INFO - Filling up the DagBag from /home/airflow/.local/lib/python3.7/site-packages/airflow/example_dags/tutorial.py
[2023-05-26T15:01:49.107+0000] {processor.py:753} INFO - DAG(s) dict_keys(['tutorial']) retrieved from /home/airflow/.local/lib/python3.7/site-packages/airflow/example_dags/tutorial.py
[2023-05-26T15:01:49.171+0000] {logging_mixin.py:137} INFO - [2023-05-26T15:01:49.171+0000] {dag.py:2693} INFO - Sync 1 DAGs
[2023-05-26T15:01:49.233+0000] {logging_mixin.py:137} INFO - [2023-05-26T15:01:49.232+0000] {dag.py:3444} INFO - Setting next_dagrun for tutorial to 2023-05-25T15:01:49.232624+00:00, run_after=2023-05-26T15:01:49.232624+00:00
[2023-05-26T15:01:49.279+0000] {processor.py:175} INFO - Processing /home/airflow/.local/lib/python3.7/site-packages/airflow/example_dags/tutorial.py took 0.227 seconds
[2023-05-26T15:02:19.353+0000] {processor.py:153} INFO - Started process (PID=699) to work on /home/airflow/.local/lib/python3.7/site-packages/airflow/example_dags/tutorial.py
[2023-05-26T15:02:19.354+0000] {processor.py:743} INFO - Processing file /home/airflow/.local/lib/python3.7/site-packages/airflow/example_dags/tutorial.py for tasks to queue
[2023-05-26T15:02:19.354+0000] {logging_mixin.py:137} INFO - [2023-05-26T15:02:19.354+0000] {dagbag.py:532} INFO - Filling up the DagBag from /home/airflow/.local/lib/python3.7/site-packages/airflow/example_dags/tutorial.py
[2023-05-26T15:02:19.373+0000] {processor.py:753} INFO - DAG(s) dict_keys(['tutorial']) retrieved from /home/airflow/.local/lib/python3.7/site-packages/airflow/example_dags/tutorial.py
[2023-05-26T15:02:19.405+0000] {logging_mixin.py:137} INFO - [2023-05-26T15:02:19.405+0000] {dag.py:2693} INFO - Sync 1 DAGs
[2023-05-26T15:02:19.437+0000] {logging_mixin.py:137} INFO - [2023-05-26T15:02:19.437+0000] {dag.py:3444} INFO - Setting next_dagrun for tutorial to 2023-05-25T15:02:19.437234+00:00, run_after=2023-05-26T15:02:19.437234+00:00
[2023-05-26T15:02:19.461+0000] {processor.py:175} INFO - Processing /home/airflow/.local/lib/python3.7/site-packages/airflow/example_dags/tutorial.py took 0.112 seconds
[2023-05-26T15:02:49.617+0000] {processor.py:153} INFO - Started process (PID=751) to work on /home/airflow/.local/lib/python3.7/site-packages/airflow/example_dags/tutorial.py
[2023-05-26T15:02:49.621+0000] {processor.py:743} INFO - Processing file /home/airflow/.local/lib/python3.7/site-packages/airflow/example_dags/tutorial.py for tasks to queue
[2023-05-26T15:02:49.622+0000] {logging_mixin.py:137} INFO - [2023-05-26T15:02:49.621+0000] {dagbag.py:532} INFO - Filling up the DagBag from /home/airflow/.local/lib/python3.7/site-packages/airflow/example_dags/tutorial.py
[2023-05-26T15:02:49.638+0000] {processor.py:753} INFO - DAG(s) dict_keys(['tutorial']) retrieved from /home/airflow/.local/lib/python3.7/site-packages/airflow/example_dags/tutorial.py
[2023-05-26T15:02:49.674+0000] {logging_mixin.py:137} INFO - [2023-05-26T15:02:49.673+0000] {dag.py:2693} INFO - Sync 1 DAGs
[2023-05-26T15:02:49.709+0000] {logging_mixin.py:137} INFO - [2023-05-26T15:02:49.709+0000] {dag.py:3444} INFO - Setting next_dagrun for tutorial to 2023-05-25T15:02:49.709148+00:00, run_after=2023-05-26T15:02:49.709148+00:00
[2023-05-26T15:02:49.732+0000] {processor.py:175} INFO - Processing /home/airflow/.local/lib/python3.7/site-packages/airflow/example_dags/tutorial.py took 0.119 seconds
[2023-05-26T15:03:20.016+0000] {processor.py:153} INFO - Started process (PID=803) to work on /home/airflow/.local/lib/python3.7/site-packages/airflow/example_dags/tutorial.py
[2023-05-26T15:03:20.017+0000] {processor.py:743} INFO - Processing file /home/airflow/.local/lib/python3.7/site-packages/airflow/example_dags/tutorial.py for tasks to queue
[2023-05-26T15:03:20.017+0000] {logging_mixin.py:137} INFO - [2023-05-26T15:03:20.017+0000] {dagbag.py:532} INFO - Filling up the DagBag from /home/airflow/.local/lib/python3.7/site-packages/airflow/example_dags/tutorial.py
[2023-05-26T15:03:20.035+0000] {processor.py:753} INFO - DAG(s) dict_keys(['tutorial']) retrieved from /home/airflow/.local/lib/python3.7/site-packages/airflow/example_dags/tutorial.py
[2023-05-26T15:03:20.067+0000] {logging_mixin.py:137} INFO - [2023-05-26T15:03:20.067+0000] {dag.py:2693} INFO - Sync 1 DAGs
[2023-05-26T15:03:20.103+0000] {logging_mixin.py:137} INFO - [2023-05-26T15:03:20.103+0000] {dag.py:3444} INFO - Setting next_dagrun for tutorial to 2023-05-25T15:03:20.102696+00:00, run_after=2023-05-26T15:03:20.102696+00:00
[2023-05-26T15:03:20.127+0000] {processor.py:175} INFO - Processing /home/airflow/.local/lib/python3.7/site-packages/airflow/example_dags/tutorial.py took 0.116 seconds
[2023-05-26T15:03:50.773+0000] {processor.py:153} INFO - Started process (PID=855) to work on /home/airflow/.local/lib/python3.7/site-packages/airflow/example_dags/tutorial.py
[2023-05-26T15:03:50.774+0000] {processor.py:743} INFO - Processing file /home/airflow/.local/lib/python3.7/site-packages/airflow/example_dags/tutorial.py for tasks to queue
[2023-05-26T15:03:50.775+0000] {logging_mixin.py:137} INFO - [2023-05-26T15:03:50.775+0000] {dagbag.py:532} INFO - Filling up the DagBag from /home/airflow/.local/lib/python3.7/site-packages/airflow/example_dags/tutorial.py
[2023-05-26T15:03:50.795+0000] {processor.py:753} INFO - DAG(s) dict_keys(['tutorial']) retrieved from /home/airflow/.local/lib/python3.7/site-packages/airflow/example_dags/tutorial.py
[2023-05-26T15:03:50.825+0000] {logging_mixin.py:137} INFO - [2023-05-26T15:03:50.825+0000] {dag.py:2693} INFO - Sync 1 DAGs
[2023-05-26T15:03:50.857+0000] {logging_mixin.py:137} INFO - [2023-05-26T15:03:50.857+0000] {dag.py:3444} INFO - Setting next_dagrun for tutorial to 2023-05-25T15:03:50.857264+00:00, run_after=2023-05-26T15:03:50.857264+00:00
[2023-05-26T15:03:50.878+0000] {processor.py:175} INFO - Processing /home/airflow/.local/lib/python3.7/site-packages/airflow/example_dags/tutorial.py took 0.109 seconds
[2023-05-26T15:04:21.514+0000] {processor.py:153} INFO - Started process (PID=907) to work on /home/airflow/.local/lib/python3.7/site-packages/airflow/example_dags/tutorial.py
[2023-05-26T15:04:21.515+0000] {processor.py:743} INFO - Processing file /home/airflow/.local/lib/python3.7/site-packages/airflow/example_dags/tutorial.py for tasks to queue
[2023-05-26T15:04:21.516+0000] {logging_mixin.py:137} INFO - [2023-05-26T15:04:21.516+0000] {dagbag.py:532} INFO - Filling up the DagBag from /home/airflow/.local/lib/python3.7/site-packages/airflow/example_dags/tutorial.py
[2023-05-26T15:04:21.534+0000] {processor.py:753} INFO - DAG(s) dict_keys(['tutorial']) retrieved from /home/airflow/.local/lib/python3.7/site-packages/airflow/example_dags/tutorial.py
[2023-05-26T15:04:21.565+0000] {logging_mixin.py:137} INFO - [2023-05-26T15:04:21.565+0000] {dag.py:2693} INFO - Sync 1 DAGs
[2023-05-26T15:04:21.598+0000] {logging_mixin.py:137} INFO - [2023-05-26T15:04:21.598+0000] {dag.py:3444} INFO - Setting next_dagrun for tutorial to 2023-05-25T15:04:21.598410+00:00, run_after=2023-05-26T15:04:21.598410+00:00
[2023-05-26T15:04:21.620+0000] {processor.py:175} INFO - Processing /home/airflow/.local/lib/python3.7/site-packages/airflow/example_dags/tutorial.py took 0.110 seconds
[2023-05-26T15:04:52.159+0000] {processor.py:153} INFO - Started process (PID=959) to work on /home/airflow/.local/lib/python3.7/site-packages/airflow/example_dags/tutorial.py
[2023-05-26T15:04:52.162+0000] {processor.py:743} INFO - Processing file /home/airflow/.local/lib/python3.7/site-packages/airflow/example_dags/tutorial.py for tasks to queue
[2023-05-26T15:04:52.163+0000] {logging_mixin.py:137} INFO - [2023-05-26T15:04:52.163+0000] {dagbag.py:532} INFO - Filling up the DagBag from /home/airflow/.local/lib/python3.7/site-packages/airflow/example_dags/tutorial.py
[2023-05-26T15:04:52.189+0000] {processor.py:753} INFO - DAG(s) dict_keys(['tutorial']) retrieved from /home/airflow/.local/lib/python3.7/site-packages/airflow/example_dags/tutorial.py
[2023-05-26T15:04:52.219+0000] {logging_mixin.py:137} INFO - [2023-05-26T15:04:52.219+0000] {dag.py:2693} INFO - Sync 1 DAGs
[2023-05-26T15:04:52.250+0000] {logging_mixin.py:137} INFO - [2023-05-26T15:04:52.250+0000] {dag.py:3444} INFO - Setting next_dagrun for tutorial to 2023-05-25T15:04:52.250431+00:00, run_after=2023-05-26T15:04:52.250431+00:00
[2023-05-26T15:04:52.273+0000] {processor.py:175} INFO - Processing /home/airflow/.local/lib/python3.7/site-packages/airflow/example_dags/tutorial.py took 0.122 seconds
[2023-05-26T15:05:22.746+0000] {processor.py:153} INFO - Started process (PID=1011) to work on /home/airflow/.local/lib/python3.7/site-packages/airflow/example_dags/tutorial.py
[2023-05-26T15:05:22.747+0000] {processor.py:743} INFO - Processing file /home/airflow/.local/lib/python3.7/site-packages/airflow/example_dags/tutorial.py for tasks to queue
[2023-05-26T15:05:22.747+0000] {logging_mixin.py:137} INFO - [2023-05-26T15:05:22.747+0000] {dagbag.py:532} INFO - Filling up the DagBag from /home/airflow/.local/lib/python3.7/site-packages/airflow/example_dags/tutorial.py
[2023-05-26T15:05:22.767+0000] {processor.py:753} INFO - DAG(s) dict_keys(['tutorial']) retrieved from /home/airflow/.local/lib/python3.7/site-packages/airflow/example_dags/tutorial.py
[2023-05-26T15:05:22.798+0000] {logging_mixin.py:137} INFO - [2023-05-26T15:05:22.797+0000] {dag.py:2693} INFO - Sync 1 DAGs
[2023-05-26T15:05:22.832+0000] {logging_mixin.py:137} INFO - [2023-05-26T15:05:22.831+0000] {dag.py:3444} INFO - Setting next_dagrun for tutorial to 2023-05-25T15:05:22.831702+00:00, run_after=2023-05-26T15:05:22.831702+00:00
[2023-05-26T15:05:22.853+0000] {processor.py:175} INFO - Processing /home/airflow/.local/lib/python3.7/site-packages/airflow/example_dags/tutorial.py took 0.110 seconds
[2023-05-26T15:05:53.280+0000] {processor.py:153} INFO - Started process (PID=1063) to work on /home/airflow/.local/lib/python3.7/site-packages/airflow/example_dags/tutorial.py
[2023-05-26T15:05:53.281+0000] {processor.py:743} INFO - Processing file /home/airflow/.local/lib/python3.7/site-packages/airflow/example_dags/tutorial.py for tasks to queue
[2023-05-26T15:05:53.282+0000] {logging_mixin.py:137} INFO - [2023-05-26T15:05:53.281+0000] {dagbag.py:532} INFO - Filling up the DagBag from /home/airflow/.local/lib/python3.7/site-packages/airflow/example_dags/tutorial.py
[2023-05-26T15:05:53.298+0000] {processor.py:753} INFO - DAG(s) dict_keys(['tutorial']) retrieved from /home/airflow/.local/lib/python3.7/site-packages/airflow/example_dags/tutorial.py
[2023-05-26T15:05:53.337+0000] {logging_mixin.py:137} INFO - [2023-05-26T15:05:53.337+0000] {dag.py:2693} INFO - Sync 1 DAGs
[2023-05-26T15:05:53.369+0000] {logging_mixin.py:137} INFO - [2023-05-26T15:05:53.369+0000] {dag.py:3444} INFO - Setting next_dagrun for tutorial to 2023-05-25T15:05:53.368904+00:00, run_after=2023-05-26T15:05:53.368904+00:00
[2023-05-26T15:05:53.392+0000] {processor.py:175} INFO - Processing /home/airflow/.local/lib/python3.7/site-packages/airflow/example_dags/tutorial.py took 0.116 seconds
[2023-05-26T15:06:23.480+0000] {processor.py:153} INFO - Started process (PID=1115) to work on /home/airflow/.local/lib/python3.7/site-packages/airflow/example_dags/tutorial.py
[2023-05-26T15:06:23.480+0000] {processor.py:743} INFO - Processing file /home/airflow/.local/lib/python3.7/site-packages/airflow/example_dags/tutorial.py for tasks to queue
[2023-05-26T15:06:23.481+0000] {logging_mixin.py:137} INFO - [2023-05-26T15:06:23.481+0000] {dagbag.py:532} INFO - Filling up the DagBag from /home/airflow/.local/lib/python3.7/site-packages/airflow/example_dags/tutorial.py
[2023-05-26T15:06:23.498+0000] {processor.py:753} INFO - DAG(s) dict_keys(['tutorial']) retrieved from /home/airflow/.local/lib/python3.7/site-packages/airflow/example_dags/tutorial.py
[2023-05-26T15:06:23.529+0000] {logging_mixin.py:137} INFO - [2023-05-26T15:06:23.528+0000] {dag.py:2693} INFO - Sync 1 DAGs
[2023-05-26T15:06:23.559+0000] {logging_mixin.py:137} INFO - [2023-05-26T15:06:23.559+0000] {dag.py:3444} INFO - Setting next_dagrun for tutorial to 2023-05-25T15:06:23.559352+00:00, run_after=2023-05-26T15:06:23.559352+00:00
[2023-05-26T15:06:23.580+0000] {processor.py:175} INFO - Processing /home/airflow/.local/lib/python3.7/site-packages/airflow/example_dags/tutorial.py took 0.105 seconds
[2023-05-26T15:06:54.267+0000] {processor.py:153} INFO - Started process (PID=1167) to work on /home/airflow/.local/lib/python3.7/site-packages/airflow/example_dags/tutorial.py
[2023-05-26T15:06:54.268+0000] {processor.py:743} INFO - Processing file /home/airflow/.local/lib/python3.7/site-packages/airflow/example_dags/tutorial.py for tasks to queue
[2023-05-26T15:06:54.268+0000] {logging_mixin.py:137} INFO - [2023-05-26T15:06:54.268+0000] {dagbag.py:532} INFO - Filling up the DagBag from /home/airflow/.local/lib/python3.7/site-packages/airflow/example_dags/tutorial.py
[2023-05-26T15:06:54.285+0000] {processor.py:753} INFO - DAG(s) dict_keys(['tutorial']) retrieved from /home/airflow/.local/lib/python3.7/site-packages/airflow/example_dags/tutorial.py
[2023-05-26T15:06:54.316+0000] {logging_mixin.py:137} INFO - [2023-05-26T15:06:54.316+0000] {dag.py:2693} INFO - Sync 1 DAGs
[2023-05-26T15:06:54.347+0000] {logging_mixin.py:137} INFO - [2023-05-26T15:06:54.347+0000] {dag.py:3444} INFO - Setting next_dagrun for tutorial to 2023-05-25T15:06:54.347030+00:00, run_after=2023-05-26T15:06:54.347030+00:00
[2023-05-26T15:06:54.367+0000] {processor.py:175} INFO - Processing /home/airflow/.local/lib/python3.7/site-packages/airflow/example_dags/tutorial.py took 0.104 seconds
[2023-05-26T15:07:26.154+0000] {processor.py:153} INFO - Started process (PID=1219) to work on /home/airflow/.local/lib/python3.7/site-packages/airflow/example_dags/tutorial.py
[2023-05-26T15:07:26.154+0000] {processor.py:743} INFO - Processing file /home/airflow/.local/lib/python3.7/site-packages/airflow/example_dags/tutorial.py for tasks to queue
[2023-05-26T15:07:26.155+0000] {logging_mixin.py:137} INFO - [2023-05-26T15:07:26.155+0000] {dagbag.py:532} INFO - Filling up the DagBag from /home/airflow/.local/lib/python3.7/site-packages/airflow/example_dags/tutorial.py
[2023-05-26T15:07:26.172+0000] {processor.py:753} INFO - DAG(s) dict_keys(['tutorial']) retrieved from /home/airflow/.local/lib/python3.7/site-packages/airflow/example_dags/tutorial.py
[2023-05-26T15:07:26.204+0000] {logging_mixin.py:137} INFO - [2023-05-26T15:07:26.203+0000] {dag.py:2693} INFO - Sync 1 DAGs
[2023-05-26T15:07:26.234+0000] {logging_mixin.py:137} INFO - [2023-05-26T15:07:26.234+0000] {dag.py:3444} INFO - Setting next_dagrun for tutorial to 2023-05-25T15:07:26.234423+00:00, run_after=2023-05-26T15:07:26.234423+00:00
[2023-05-26T15:07:26.255+0000] {processor.py:175} INFO - Processing /home/airflow/.local/lib/python3.7/site-packages/airflow/example_dags/tutorial.py took 0.106 seconds
[2023-05-26T15:07:56.933+0000] {processor.py:153} INFO - Started process (PID=1271) to work on /home/airflow/.local/lib/python3.7/site-packages/airflow/example_dags/tutorial.py
[2023-05-26T15:07:56.935+0000] {processor.py:743} INFO - Processing file /home/airflow/.local/lib/python3.7/site-packages/airflow/example_dags/tutorial.py for tasks to queue
[2023-05-26T15:07:56.935+0000] {logging_mixin.py:137} INFO - [2023-05-26T15:07:56.935+0000] {dagbag.py:532} INFO - Filling up the DagBag from /home/airflow/.local/lib/python3.7/site-packages/airflow/example_dags/tutorial.py
[2023-05-26T15:07:56.953+0000] {processor.py:753} INFO - DAG(s) dict_keys(['tutorial']) retrieved from /home/airflow/.local/lib/python3.7/site-packages/airflow/example_dags/tutorial.py
[2023-05-26T15:07:56.984+0000] {logging_mixin.py:137} INFO - [2023-05-26T15:07:56.984+0000] {dag.py:2693} INFO - Sync 1 DAGs
[2023-05-26T15:07:57.016+0000] {logging_mixin.py:137} INFO - [2023-05-26T15:07:57.016+0000] {dag.py:3444} INFO - Setting next_dagrun for tutorial to 2023-05-25T15:07:57.015719+00:00, run_after=2023-05-26T15:07:57.015719+00:00
[2023-05-26T15:07:57.060+0000] {processor.py:175} INFO - Processing /home/airflow/.local/lib/python3.7/site-packages/airflow/example_dags/tutorial.py took 0.142 seconds
[2023-05-26T15:08:27.998+0000] {processor.py:153} INFO - Started process (PID=1323) to work on /home/airflow/.local/lib/python3.7/site-packages/airflow/example_dags/tutorial.py
[2023-05-26T15:08:27.999+0000] {processor.py:743} INFO - Processing file /home/airflow/.local/lib/python3.7/site-packages/airflow/example_dags/tutorial.py for tasks to queue
[2023-05-26T15:08:28.000+0000] {logging_mixin.py:137} INFO - [2023-05-26T15:08:28.000+0000] {dagbag.py:532} INFO - Filling up the DagBag from /home/airflow/.local/lib/python3.7/site-packages/airflow/example_dags/tutorial.py
[2023-05-26T15:08:28.028+0000] {processor.py:753} INFO - DAG(s) dict_keys(['tutorial']) retrieved from /home/airflow/.local/lib/python3.7/site-packages/airflow/example_dags/tutorial.py
[2023-05-26T15:08:28.064+0000] {logging_mixin.py:137} INFO - [2023-05-26T15:08:28.064+0000] {dag.py:2693} INFO - Sync 1 DAGs
[2023-05-26T15:08:28.095+0000] {logging_mixin.py:137} INFO - [2023-05-26T15:08:28.095+0000] {dag.py:3444} INFO - Setting next_dagrun for tutorial to 2023-05-25T15:08:28.095049+00:00, run_after=2023-05-26T15:08:28.095049+00:00
[2023-05-26T15:08:28.117+0000] {processor.py:175} INFO - Processing /home/airflow/.local/lib/python3.7/site-packages/airflow/example_dags/tutorial.py took 0.123 seconds
[2023-05-26T15:08:59.085+0000] {processor.py:153} INFO - Started process (PID=1375) to work on /home/airflow/.local/lib/python3.7/site-packages/airflow/example_dags/tutorial.py
[2023-05-26T15:08:59.087+0000] {processor.py:743} INFO - Processing file /home/airflow/.local/lib/python3.7/site-packages/airflow/example_dags/tutorial.py for tasks to queue
[2023-05-26T15:08:59.087+0000] {logging_mixin.py:137} INFO - [2023-05-26T15:08:59.087+0000] {dagbag.py:532} INFO - Filling up the DagBag from /home/airflow/.local/lib/python3.7/site-packages/airflow/example_dags/tutorial.py
[2023-05-26T15:08:59.104+0000] {processor.py:753} INFO - DAG(s) dict_keys(['tutorial']) retrieved from /home/airflow/.local/lib/python3.7/site-packages/airflow/example_dags/tutorial.py
[2023-05-26T15:08:59.135+0000] {logging_mixin.py:137} INFO - [2023-05-26T15:08:59.134+0000] {dag.py:2693} INFO - Sync 1 DAGs
[2023-05-26T15:08:59.170+0000] {logging_mixin.py:137} INFO - [2023-05-26T15:08:59.170+0000] {dag.py:3444} INFO - Setting next_dagrun for tutorial to 2023-05-25T15:08:59.170142+00:00, run_after=2023-05-26T15:08:59.170142+00:00
[2023-05-26T15:08:59.194+0000] {processor.py:175} INFO - Processing /home/airflow/.local/lib/python3.7/site-packages/airflow/example_dags/tutorial.py took 0.113 seconds
[2023-05-26T15:09:29.505+0000] {processor.py:153} INFO - Started process (PID=1427) to work on /home/airflow/.local/lib/python3.7/site-packages/airflow/example_dags/tutorial.py
[2023-05-26T15:09:29.506+0000] {processor.py:743} INFO - Processing file /home/airflow/.local/lib/python3.7/site-packages/airflow/example_dags/tutorial.py for tasks to queue
[2023-05-26T15:09:29.507+0000] {logging_mixin.py:137} INFO - [2023-05-26T15:09:29.507+0000] {dagbag.py:532} INFO - Filling up the DagBag from /home/airflow/.local/lib/python3.7/site-packages/airflow/example_dags/tutorial.py
[2023-05-26T15:09:29.553+0000] {processor.py:753} INFO - DAG(s) dict_keys(['tutorial']) retrieved from /home/airflow/.local/lib/python3.7/site-packages/airflow/example_dags/tutorial.py
[2023-05-26T15:09:29.625+0000] {logging_mixin.py:137} INFO - [2023-05-26T15:09:29.625+0000] {dag.py:2693} INFO - Sync 1 DAGs
[2023-05-26T15:09:29.694+0000] {logging_mixin.py:137} INFO - [2023-05-26T15:09:29.693+0000] {dag.py:3444} INFO - Setting next_dagrun for tutorial to 2023-05-25T15:09:29.693638+00:00, run_after=2023-05-26T15:09:29.693638+00:00
[2023-05-26T15:09:29.738+0000] {processor.py:175} INFO - Processing /home/airflow/.local/lib/python3.7/site-packages/airflow/example_dags/tutorial.py took 0.237 seconds
[2023-05-26T15:09:59.858+0000] {processor.py:153} INFO - Started process (PID=1479) to work on /home/airflow/.local/lib/python3.7/site-packages/airflow/example_dags/tutorial.py
[2023-05-26T15:09:59.860+0000] {processor.py:743} INFO - Processing file /home/airflow/.local/lib/python3.7/site-packages/airflow/example_dags/tutorial.py for tasks to queue
[2023-05-26T15:09:59.860+0000] {logging_mixin.py:137} INFO - [2023-05-26T15:09:59.860+0000] {dagbag.py:532} INFO - Filling up the DagBag from /home/airflow/.local/lib/python3.7/site-packages/airflow/example_dags/tutorial.py
[2023-05-26T15:09:59.877+0000] {processor.py:753} INFO - DAG(s) dict_keys(['tutorial']) retrieved from /home/airflow/.local/lib/python3.7/site-packages/airflow/example_dags/tutorial.py
[2023-05-26T15:09:59.908+0000] {logging_mixin.py:137} INFO - [2023-05-26T15:09:59.908+0000] {dag.py:2693} INFO - Sync 1 DAGs
[2023-05-26T15:09:59.939+0000] {logging_mixin.py:137} INFO - [2023-05-26T15:09:59.939+0000] {dag.py:3444} INFO - Setting next_dagrun for tutorial to 2023-05-25T15:09:59.939473+00:00, run_after=2023-05-26T15:09:59.939473+00:00
[2023-05-26T15:09:59.961+0000] {processor.py:175} INFO - Processing /home/airflow/.local/lib/python3.7/site-packages/airflow/example_dags/tutorial.py took 0.107 seconds
[2023-05-26T15:10:30.096+0000] {processor.py:153} INFO - Started process (PID=1531) to work on /home/airflow/.local/lib/python3.7/site-packages/airflow/example_dags/tutorial.py
[2023-05-26T15:10:30.097+0000] {processor.py:743} INFO - Processing file /home/airflow/.local/lib/python3.7/site-packages/airflow/example_dags/tutorial.py for tasks to queue
[2023-05-26T15:10:30.098+0000] {logging_mixin.py:137} INFO - [2023-05-26T15:10:30.098+0000] {dagbag.py:532} INFO - Filling up the DagBag from /home/airflow/.local/lib/python3.7/site-packages/airflow/example_dags/tutorial.py
[2023-05-26T15:10:30.114+0000] {processor.py:753} INFO - DAG(s) dict_keys(['tutorial']) retrieved from /home/airflow/.local/lib/python3.7/site-packages/airflow/example_dags/tutorial.py
[2023-05-26T15:10:30.145+0000] {logging_mixin.py:137} INFO - [2023-05-26T15:10:30.144+0000] {dag.py:2693} INFO - Sync 1 DAGs
[2023-05-26T15:10:30.176+0000] {logging_mixin.py:137} INFO - [2023-05-26T15:10:30.176+0000] {dag.py:3444} INFO - Setting next_dagrun for tutorial to 2023-05-25T15:10:30.176147+00:00, run_after=2023-05-26T15:10:30.176147+00:00
[2023-05-26T15:10:30.198+0000] {processor.py:175} INFO - Processing /home/airflow/.local/lib/python3.7/site-packages/airflow/example_dags/tutorial.py took 0.106 seconds
