[2023-05-15T22:48:08.954+0000] {taskinstance.py:1084} INFO - Dependencies all met for dep_context=non-requeueable deps ti=<TaskInstance: get_todays_gamesv2.scrape_prob_task manual__2023-05-15T22:47:56.873955+00:00 [queued]>
[2023-05-15T22:48:08.966+0000] {taskinstance.py:1084} INFO - Dependencies all met for dep_context=requeueable deps ti=<TaskInstance: get_todays_gamesv2.scrape_prob_task manual__2023-05-15T22:47:56.873955+00:00 [queued]>
[2023-05-15T22:48:08.966+0000] {taskinstance.py:1282} INFO - 
--------------------------------------------------------------------------------
[2023-05-15T22:48:08.966+0000] {taskinstance.py:1283} INFO - Starting attempt 1 of 1
[2023-05-15T22:48:08.966+0000] {taskinstance.py:1284} INFO - 
--------------------------------------------------------------------------------
[2023-05-15T22:48:09.006+0000] {taskinstance.py:1303} INFO - Executing <Task(PythonOperator): scrape_prob_task> on 2023-05-15 22:47:56.873955+00:00
[2023-05-15T22:48:09.025+0000] {standard_task_runner.py:55} INFO - Started process 92 to run task
[2023-05-15T22:48:09.032+0000] {standard_task_runner.py:82} INFO - Running: ['***', 'tasks', 'run', 'get_todays_gamesv2', 'scrape_prob_task', 'manual__2023-05-15T22:47:56.873955+00:00', '--job-id', '1572', '--raw', '--subdir', 'DAGS_FOLDER/todays_gamesv2.py', '--cfg-path', '/tmp/tmpfegpl5h7']
[2023-05-15T22:48:09.033+0000] {standard_task_runner.py:83} INFO - Job 1572: Subtask scrape_prob_task
[2023-05-15T22:48:09.121+0000] {task_command.py:388} INFO - Running <TaskInstance: get_todays_gamesv2.scrape_prob_task manual__2023-05-15T22:47:56.873955+00:00 [running]> on host 79f30fa538b6
[2023-05-15T22:48:09.212+0000] {taskinstance.py:1511} INFO - Exporting the following env vars:
AIRFLOW_CTX_DAG_OWNER=***
AIRFLOW_CTX_DAG_ID=get_todays_gamesv2
AIRFLOW_CTX_TASK_ID=scrape_prob_task
AIRFLOW_CTX_EXECUTION_DATE=2023-05-15T22:47:56.873955+00:00
AIRFLOW_CTX_TRY_NUMBER=1
AIRFLOW_CTX_DAG_RUN_ID=manual__2023-05-15T22:47:56.873955+00:00
[2023-05-15T22:48:10.361+0000] {logging_mixin.py:137} INFO - Win Prob 40%
[2023-05-15T22:48:10.380+0000] {python.py:177} INFO - Done. Returned value was: None
[2023-05-15T22:48:10.391+0000] {taskinstance.py:1326} INFO - Marking task as SUCCESS. dag_id=get_todays_gamesv2, task_id=scrape_prob_task, execution_date=20230515T224756, start_date=20230515T224808, end_date=20230515T224810
[2023-05-15T22:48:10.431+0000] {local_task_job.py:212} INFO - Task exited with return code 0
[2023-05-15T22:48:10.452+0000] {taskinstance.py:2585} INFO - 0 downstream tasks scheduled from follow-on schedule check
