[2023-05-14T18:07:25.151+0000] {taskinstance.py:1084} INFO - Dependencies all met for dep_context=non-requeueable deps ti=<TaskInstance: get_todays_gamesv2.print_start manual__2023-05-14T18:07:23.147560+00:00 [queued]>
[2023-05-14T18:07:25.168+0000] {taskinstance.py:1084} INFO - Dependencies all met for dep_context=requeueable deps ti=<TaskInstance: get_todays_gamesv2.print_start manual__2023-05-14T18:07:23.147560+00:00 [queued]>
[2023-05-14T18:07:25.171+0000] {taskinstance.py:1282} INFO - 
--------------------------------------------------------------------------------
[2023-05-14T18:07:25.171+0000] {taskinstance.py:1283} INFO - Starting attempt 1 of 1
[2023-05-14T18:07:25.172+0000] {taskinstance.py:1284} INFO - 
--------------------------------------------------------------------------------
[2023-05-14T18:07:25.200+0000] {taskinstance.py:1303} INFO - Executing <Task(BashOperator): print_start> on 2023-05-14 18:07:23.147560+00:00
[2023-05-14T18:07:25.207+0000] {standard_task_runner.py:55} INFO - Started process 3252 to run task
[2023-05-14T18:07:25.210+0000] {standard_task_runner.py:82} INFO - Running: ['***', 'tasks', 'run', 'get_todays_gamesv2', 'print_start', 'manual__2023-05-14T18:07:23.147560+00:00', '--job-id', '1461', '--raw', '--subdir', 'DAGS_FOLDER/todays_gamesv2.py', '--cfg-path', '/tmp/tmpxzex7kx2']
[2023-05-14T18:07:25.211+0000] {standard_task_runner.py:83} INFO - Job 1461: Subtask print_start
[2023-05-14T18:07:25.286+0000] {task_command.py:388} INFO - Running <TaskInstance: get_todays_gamesv2.print_start manual__2023-05-14T18:07:23.147560+00:00 [running]> on host f7ab54451666
[2023-05-14T18:07:25.393+0000] {taskinstance.py:1511} INFO - Exporting the following env vars:
AIRFLOW_CTX_DAG_OWNER=***
AIRFLOW_CTX_DAG_ID=get_todays_gamesv2
AIRFLOW_CTX_TASK_ID=print_start
AIRFLOW_CTX_EXECUTION_DATE=2023-05-14T18:07:23.147560+00:00
AIRFLOW_CTX_TRY_NUMBER=1
AIRFLOW_CTX_DAG_RUN_ID=manual__2023-05-14T18:07:23.147560+00:00
[2023-05-14T18:07:25.396+0000] {subprocess.py:63} INFO - Tmp dir root location: 
 /tmp
[2023-05-14T18:07:25.398+0000] {subprocess.py:75} INFO - Running command: ['/bin/bash', '-c', 'echo starting dag']
[2023-05-14T18:07:25.418+0000] {subprocess.py:86} INFO - Output:
[2023-05-14T18:07:25.419+0000] {subprocess.py:93} INFO - starting dag
[2023-05-14T18:07:25.419+0000] {subprocess.py:97} INFO - Command exited with return code 0
[2023-05-14T18:07:25.434+0000] {taskinstance.py:1326} INFO - Marking task as SUCCESS. dag_id=get_todays_gamesv2, task_id=print_start, execution_date=20230514T180723, start_date=20230514T180725, end_date=20230514T180725
[2023-05-14T18:07:25.462+0000] {local_task_job.py:212} INFO - Task exited with return code 0
[2023-05-14T18:07:25.506+0000] {taskinstance.py:2585} INFO - 1 downstream tasks scheduled from follow-on schedule check
