[2023-05-14T17:14:59.280+0000] {taskinstance.py:1084} INFO - Dependencies all met for dep_context=non-requeueable deps ti=<TaskInstance: get_todays_gamesv2.exec_insert_query_task manual__2023-05-14T17:14:42.787740+00:00 [queued]>
[2023-05-14T17:14:59.292+0000] {taskinstance.py:1084} INFO - Dependencies all met for dep_context=requeueable deps ti=<TaskInstance: get_todays_gamesv2.exec_insert_query_task manual__2023-05-14T17:14:42.787740+00:00 [queued]>
[2023-05-14T17:14:59.292+0000] {taskinstance.py:1282} INFO - 
--------------------------------------------------------------------------------
[2023-05-14T17:14:59.293+0000] {taskinstance.py:1283} INFO - Starting attempt 1 of 1
[2023-05-14T17:14:59.293+0000] {taskinstance.py:1284} INFO - 
--------------------------------------------------------------------------------
[2023-05-14T17:14:59.313+0000] {taskinstance.py:1303} INFO - Executing <Task(PostgresOperator): exec_insert_query_task> on 2023-05-14 17:14:42.787740+00:00
[2023-05-14T17:14:59.320+0000] {standard_task_runner.py:55} INFO - Started process 2167 to run task
[2023-05-14T17:14:59.327+0000] {standard_task_runner.py:82} INFO - Running: ['***', 'tasks', 'run', 'get_todays_gamesv2', 'exec_insert_query_task', 'manual__2023-05-14T17:14:42.787740+00:00', '--job-id', '1403', '--raw', '--subdir', 'DAGS_FOLDER/todays_gamesv2.py', '--cfg-path', '/tmp/tmpszf81gbw']
[2023-05-14T17:14:59.328+0000] {standard_task_runner.py:83} INFO - Job 1403: Subtask exec_insert_query_task
[2023-05-14T17:14:59.408+0000] {task_command.py:388} INFO - Running <TaskInstance: get_todays_gamesv2.exec_insert_query_task manual__2023-05-14T17:14:42.787740+00:00 [running]> on host f7ab54451666
[2023-05-14T17:14:59.523+0000] {taskinstance.py:1511} INFO - Exporting the following env vars:
AIRFLOW_CTX_DAG_OWNER=***
AIRFLOW_CTX_DAG_ID=get_todays_gamesv2
AIRFLOW_CTX_TASK_ID=exec_insert_query_task
AIRFLOW_CTX_EXECUTION_DATE=2023-05-14T17:14:42.787740+00:00
AIRFLOW_CTX_TRY_NUMBER=1
AIRFLOW_CTX_DAG_RUN_ID=manual__2023-05-14T17:14:42.787740+00:00
[2023-05-14T17:14:59.526+0000] {sql.py:254} INFO - Executing: 
INSERT INTO games (away_name,home_name,away_probable_pitcher,home_probable_pitcher,venue_name,game_date,
                                                              home_wins, home_losses, home_gb, away_wins, away_losses, away_gb, team_win_prob)
                                   VALUES ('Tampa Bay Rays','New York Yankees','Zach Eflin',
                                   'Clarke Schmidt','Yankee Stadium','2023-05-14',
                                   '23','18','7.0','30','11','0','49%');
[2023-05-14T17:14:59.539+0000] {base.py:73} INFO - Using connection ID 'postgres_localhost' for task execution.
[2023-05-14T17:14:59.844+0000] {base.py:73} INFO - Using connection ID 'postgres_localhost' for task execution.
[2023-05-14T17:14:59.849+0000] {sql.py:375} INFO - Running statement: 
INSERT INTO games (away_name,home_name,away_probable_pitcher,home_probable_pitcher,venue_name,game_date,
                                                              home_wins, home_losses, home_gb, away_wins, away_losses, away_gb, team_win_prob)
                                   VALUES ('Tampa Bay Rays','New York Yankees','Zach Eflin',
                                   'Clarke Schmidt','Yankee Stadium','2023-05-14',
                                   '23','18','7.0','30','11','0','49%');, parameters: None
[2023-05-14T17:14:59.852+0000] {sql.py:384} INFO - Rows affected: 1
[2023-05-14T17:14:59.872+0000] {taskinstance.py:1326} INFO - Marking task as SUCCESS. dag_id=get_todays_gamesv2, task_id=exec_insert_query_task, execution_date=20230514T171442, start_date=20230514T171459, end_date=20230514T171459
[2023-05-14T17:14:59.900+0000] {local_task_job.py:212} INFO - Task exited with return code 0
[2023-05-14T17:14:59.947+0000] {taskinstance.py:2585} INFO - 2 downstream tasks scheduled from follow-on schedule check
