[2023-05-16T15:00:12.867+0000] {taskinstance.py:1084} INFO - Dependencies all met for dep_context=non-requeueable deps ti=<TaskInstance: get_todays_gamesv2.write_insert_query_task scheduled__2023-05-15T15:00:00+00:00 [queued]>
[2023-05-16T15:00:12.878+0000] {taskinstance.py:1084} INFO - Dependencies all met for dep_context=requeueable deps ti=<TaskInstance: get_todays_gamesv2.write_insert_query_task scheduled__2023-05-15T15:00:00+00:00 [queued]>
[2023-05-16T15:00:12.878+0000] {taskinstance.py:1282} INFO - 
--------------------------------------------------------------------------------
[2023-05-16T15:00:12.879+0000] {taskinstance.py:1283} INFO - Starting attempt 1 of 1
[2023-05-16T15:00:12.879+0000] {taskinstance.py:1284} INFO - 
--------------------------------------------------------------------------------
[2023-05-16T15:00:12.896+0000] {taskinstance.py:1303} INFO - Executing <Task(PythonOperator): write_insert_query_task> on 2023-05-15 15:00:00+00:00
[2023-05-16T15:00:12.902+0000] {standard_task_runner.py:55} INFO - Started process 149 to run task
[2023-05-16T15:00:12.906+0000] {standard_task_runner.py:82} INFO - Running: ['***', 'tasks', 'run', 'get_todays_gamesv2', 'write_insert_query_task', 'scheduled__2023-05-15T15:00:00+00:00', '--job-id', '1675', '--raw', '--subdir', 'DAGS_FOLDER/todays_gamesv2.py', '--cfg-path', '/tmp/tmpob84xnry']
[2023-05-16T15:00:12.906+0000] {standard_task_runner.py:83} INFO - Job 1675: Subtask write_insert_query_task
[2023-05-16T15:00:12.982+0000] {task_command.py:388} INFO - Running <TaskInstance: get_todays_gamesv2.write_insert_query_task scheduled__2023-05-15T15:00:00+00:00 [running]> on host 79f30fa538b6
[2023-05-16T15:00:13.075+0000] {taskinstance.py:1511} INFO - Exporting the following env vars:
AIRFLOW_CTX_DAG_OWNER=***
AIRFLOW_CTX_DAG_ID=get_todays_gamesv2
AIRFLOW_CTX_TASK_ID=write_insert_query_task
AIRFLOW_CTX_EXECUTION_DATE=2023-05-15T15:00:00+00:00
AIRFLOW_CTX_TRY_NUMBER=1
AIRFLOW_CTX_DAG_RUN_ID=scheduled__2023-05-15T15:00:00+00:00
[2023-05-16T15:00:13.120+0000] {python.py:177} INFO - Done. Returned value was: None
[2023-05-16T15:00:13.132+0000] {taskinstance.py:1326} INFO - Marking task as SUCCESS. dag_id=get_todays_gamesv2, task_id=write_insert_query_task, execution_date=20230515T150000, start_date=20230516T150012, end_date=20230516T150013
[2023-05-16T15:00:13.158+0000] {local_task_job.py:212} INFO - Task exited with return code 0
[2023-05-16T15:00:13.205+0000] {taskinstance.py:2585} INFO - 1 downstream tasks scheduled from follow-on schedule check
